INFO 2015-01-14T21:51:22.918Z ["[Ringer] Peer \u001b[36mBunny.local:12300\u001b[39m is listening."]
INFO 2015-01-14T21:51:22.920Z ["[Lighter] Connected to memcache."]
INFO 2015-01-14T21:51:22.920Z ["[Ringer] Peer \u001b[36mBunny.local:12301\u001b[39m is listening."]
INFO 2015-01-14T21:51:22.920Z ["[Lighter] Connected to memcache."]
INFO 2015-01-14T21:51:22.924Z ["[Ringer] Peer \u001b[36mBunny.local:12302\u001b[39m is listening."]
INFO 2015-01-14T21:51:22.925Z ["[Lighter] Connected to memcache."]
INFO 2015-01-14T21:51:22.926Z ["[Lighter] Models loaded. \u001b[90mx0\u001b[39m"]
INFO 2015-01-14T21:51:22.930Z ["[Lighter] Models loaded. \u001b[90mx0\u001b[39m"]
INFO 2015-01-14T21:51:22.934Z ["[Lighter] Models loaded. \u001b[90mx0\u001b[39m"]
INFO 2015-01-14T21:51:22.937Z ["[Ringer] Peer \u001b[36mBunny.local:12307\u001b[39m is listening."]
INFO 2015-01-14T21:51:22.937Z ["[Lighter] Connected to memcache."]
INFO 2015-01-14T21:51:22.942Z ["[Ringer] Peer \u001b[36mBunny.local:12303\u001b[39m is listening."]
INFO 2015-01-14T21:51:22.943Z ["[Lighter] Connected to memcache."]
INFO 2015-01-14T21:51:22.943Z ["[Ringer] Peer \u001b[36mBunny.local:12304\u001b[39m is listening."]
INFO 2015-01-14T21:51:22.944Z ["[Ringer] Peer \u001b[36mBunny.local:12305\u001b[39m is listening."]
INFO 2015-01-14T21:51:22.944Z ["[Lighter] Connected to memcache."]
INFO 2015-01-14T21:51:22.944Z ["[Lighter] Connected to memcache."]
INFO 2015-01-14T21:51:22.946Z ["[Ringer] Peer \u001b[36mBunny.local:12306\u001b[39m is listening."]
INFO 2015-01-14T21:51:22.947Z ["[Lighter] Connected to memcache."]
INFO 2015-01-14T21:51:22.948Z ["[Lighter] Models loaded. \u001b[90mx0\u001b[39m"]
INFO 2015-01-14T21:51:22.954Z ["[Lighter] Models loaded. \u001b[90mx0\u001b[39m"]
INFO 2015-01-14T21:51:22.955Z ["[Lighter] Scripts routed to \u001b[36m/sly.js\u001b[39m. \u001b[90mx1\u001b[39m"]
INFO 2015-01-14T21:51:22.956Z ["[Lighter] Styles routed to \u001b[36m/sly.css\u001b[39m. \u001b[90mx1\u001b[39m"]
INFO 2015-01-14T21:51:22.957Z ["[Lighter] Models loaded. \u001b[90mx0\u001b[39m"]
INFO 2015-01-14T21:51:22.957Z ["[Lighter] Models loaded. \u001b[90mx0\u001b[39m"]
INFO 2015-01-14T21:51:22.958Z ["[Lighter] Scripts routed to \u001b[36m/sly.js\u001b[39m. \u001b[90mx1\u001b[39m"]
INFO 2015-01-14T21:51:22.959Z ["[Lighter] Scripts routed to \u001b[36m/sly.js\u001b[39m. \u001b[90mx1\u001b[39m"]
INFO 2015-01-14T21:51:22.959Z ["[Lighter] Styles routed to \u001b[36m/sly.css\u001b[39m. \u001b[90mx1\u001b[39m"]
INFO 2015-01-14T21:51:22.962Z ["[Lighter] Controllers loaded. \u001b[90mx2\u001b[39m"]
INFO 2015-01-14T21:51:22.963Z ["[Lighter] Controllers loaded. \u001b[90mx2\u001b[39m"]
INFO 2015-01-14T21:51:22.964Z ["[Lighter] Models loaded. \u001b[90mx0\u001b[39m"]
INFO 2015-01-14T21:51:22.964Z ["[Lighter] Controllers loaded. \u001b[90mx2\u001b[39m"]
INFO 2015-01-14T21:51:22.967Z ["[Lighter] Styles routed to \u001b[36m/sly.css\u001b[39m. \u001b[90mx1\u001b[39m"]
INFO 2015-01-14T21:51:22.972Z ["[Lighter] Scripts routed to \u001b[36m/sly.js\u001b[39m. \u001b[90mx1\u001b[39m"]
INFO 2015-01-14T21:51:22.973Z ["[Lighter] Styles routed to \u001b[36m/sly.css\u001b[39m. \u001b[90mx1\u001b[39m"]
INFO 2015-01-14T21:51:22.977Z ["[Lighter] Controllers loaded. \u001b[90mx2\u001b[39m"]
INFO 2015-01-14T21:51:22.981Z ["[Lighter] Scripts routed to \u001b[36m/a.js\u001b[39m. \u001b[90mx1\u001b[39m"]
INFO 2015-01-14T21:51:22.981Z ["[Lighter] Scripts routed to \u001b[36m/a.js\u001b[39m. \u001b[90mx1\u001b[39m"]
INFO 2015-01-14T21:51:22.982Z ["[Lighter] Scripts routed to \u001b[36m/sly.js\u001b[39m. \u001b[90mx1\u001b[39m"]
INFO 2015-01-14T21:51:22.982Z ["[Lighter] Scripts routed to \u001b[36m/sly.js\u001b[39m. \u001b[90mx1\u001b[39m"]
INFO 2015-01-14T21:51:22.983Z ["[Lighter] Styles routed to \u001b[36m/sly.css\u001b[39m. \u001b[90mx1\u001b[39m"]
INFO 2015-01-14T21:51:22.984Z ["[Lighter] Styles routed to \u001b[36m/sly.css\u001b[39m. \u001b[90mx1\u001b[39m"]
INFO 2015-01-14T21:51:22.985Z ["[Lighter] Scripts routed to \u001b[36m/a.js\u001b[39m. \u001b[90mx1\u001b[39m"]
INFO 2015-01-14T21:51:22.988Z ["[Lighter] Scripts routed to \u001b[36m/sly.js\u001b[39m. \u001b[90mx1\u001b[39m"]
INFO 2015-01-14T21:51:22.992Z ["[Lighter] Styles routed to \u001b[36m/a.css\u001b[39m. \u001b[90mx1\u001b[39m"]
INFO 2015-01-14T21:51:22.992Z ["[Lighter] Styles routed to \u001b[36m/a.css\u001b[39m. \u001b[90mx1\u001b[39m"]
INFO 2015-01-14T21:51:22.992Z ["[Lighter] Controllers loaded. \u001b[90mx2\u001b[39m"]
INFO 2015-01-14T21:51:22.994Z ["[Lighter] Styles routed to \u001b[36m/sly.css\u001b[39m. \u001b[90mx1\u001b[39m"]
INFO 2015-01-14T21:51:22.998Z ["[Lighter] Scripts routed to \u001b[36m/a.js\u001b[39m. \u001b[90mx1\u001b[39m"]
INFO 2015-01-14T21:51:23.000Z ["[Lighter] Styles routed to \u001b[36m/a.css\u001b[39m. \u001b[90mx1\u001b[39m"]
INFO 2015-01-14T21:51:23.001Z ["[Lighter] Scripts routed to \u001b[36m/sly.js\u001b[39m. \u001b[90mx1\u001b[39m"]
INFO 2015-01-14T21:51:23.001Z ["[Lighter] Controllers loaded. \u001b[90mx2\u001b[39m"]
INFO 2015-01-14T21:51:23.002Z ["[Lighter] Styles routed to \u001b[36m/sly.css\u001b[39m. \u001b[90mx1\u001b[39m"]
INFO 2015-01-14T21:51:23.006Z ["[Lighter] Styles routed to \u001b[36m/a.css\u001b[39m. \u001b[90mx1\u001b[39m"]
INFO 2015-01-14T21:51:23.007Z ["[Lighter] Controllers loaded. \u001b[90mx2\u001b[39m"]
INFO 2015-01-14T21:51:23.007Z ["[Lighter] Controllers loaded. \u001b[90mx2\u001b[39m"]
INFO 2015-01-14T21:51:23.013Z ["[Lighter] Scripts routed to \u001b[36m/a.js\u001b[39m. \u001b[90mx1\u001b[39m"]
INFO 2015-01-14T21:51:23.022Z ["[Lighter] Styles routed to \u001b[36m/a.css\u001b[39m. \u001b[90mx1\u001b[39m"]
INFO 2015-01-14T21:51:23.027Z ["[Lighter] Scripts routed to \u001b[36m/a.js\u001b[39m. \u001b[90mx1\u001b[39m"]
INFO 2015-01-14T21:51:23.027Z ["[Lighter] Scripts routed to \u001b[36m/a.js\u001b[39m. \u001b[90mx1\u001b[39m"]
INFO 2015-01-14T21:51:23.035Z ["[Lighter] Styles routed to \u001b[36m/a.css\u001b[39m. \u001b[90mx1\u001b[39m"]
INFO 2015-01-14T21:51:23.038Z ["[Lighter] Styles routed to \u001b[36m/a.css\u001b[39m. \u001b[90mx1\u001b[39m"]
INFO 2015-01-14T21:51:23.048Z ["[Lighter] Scripts routed to \u001b[36m/a.js\u001b[39m. \u001b[90mx1\u001b[39m"]
INFO 2015-01-14T21:51:23.049Z ["[Lighter] Styles routed to \u001b[36m/a.css\u001b[39m. \u001b[90mx1\u001b[39m"]
INFO 2015-01-14T21:51:24.647Z ["[Lighter] Publics loaded. \u001b[90mx48\u001b[39m"]
INFO 2015-01-14T21:51:24.743Z ["[Lighter] Publics loaded. \u001b[90mx48\u001b[39m"]
INFO 2015-01-14T21:51:24.744Z ["[Lighter] Publics loaded. \u001b[90mx48\u001b[39m"]
INFO 2015-01-14T21:51:24.785Z ["[Lighter] Publics loaded. \u001b[90mx48\u001b[39m"]
INFO 2015-01-14T21:51:24.789Z ["[Ringer] Peer \u001b[36mBunny.local:12304\u001b[39m is \u001b[32mstable\u001b[39m after \u001b[36m2\u001b[39m attempts."]
INFO 2015-01-14T21:51:26.436Z ["[Lighter] Views loaded. \u001b[90mx30\u001b[39m"]
INFO 2015-01-14T21:51:26.491Z ["[Lighter] Views loaded. \u001b[90mx30\u001b[39m"]
INFO 2015-01-14T21:51:26.498Z ["[Lighter] Views loaded. \u001b[90mx30\u001b[39m"]
INFO 2015-01-14T21:51:26.517Z ["[Lighter] Views loaded. \u001b[90mx30\u001b[39m"]
INFO 2015-01-14T21:51:26.536Z ["[D6] Views routed to \u001b[36m/d6.js\u001b[39m."]
INFO 2015-01-14T21:51:26.540Z ["[Lighter] Views loaded. \u001b[90mx30\u001b[39m"]
INFO 2015-01-14T21:51:26.545Z ["[Lighter] Publics loaded. \u001b[90mx48\u001b[39m"]
INFO 2015-01-14T21:51:26.563Z ["[D6] Views routed to \u001b[36m/d6.js\u001b[39m."]
INFO 2015-01-14T21:51:26.579Z ["[Lighter] Views loaded. \u001b[90mx30\u001b[39m"]
INFO 2015-01-14T21:51:26.582Z ["[Lighter] Views loaded. \u001b[90mx30\u001b[39m"]
INFO 2015-01-14T21:51:26.589Z ["[Lighter] Publics loaded. \u001b[90mx48\u001b[39m"]
INFO 2015-01-14T21:51:26.597Z ["[Ringer] Peer \u001b[36mBunny.local:12306\u001b[39m is \u001b[32mstable\u001b[39m after \u001b[36m3\u001b[39m attempts."]
INFO 2015-01-14T21:51:26.597Z ["[Lighter] Publics loaded. \u001b[90mx48\u001b[39m"]
INFO 2015-01-14T21:51:26.597Z ["[Ringer] Peer \u001b[36mBunny.local:12305\u001b[39m is \u001b[32mstable\u001b[39m after \u001b[36m3\u001b[39m attempts."]
INFO 2015-01-14T21:51:26.598Z ["[Ringer] Peer \u001b[36mBunny.local:12302\u001b[39m is \u001b[32mstable\u001b[39m after \u001b[36m3\u001b[39m attempts."]
INFO 2015-01-14T21:51:26.599Z ["[D6] Views routed to \u001b[36m/d6.js\u001b[39m."]
INFO 2015-01-14T21:51:26.600Z ["[D6] Views routed to \u001b[36m/d6.js\u001b[39m."]
INFO 2015-01-14T21:51:26.603Z ["[Ringer] Peer \u001b[36mBunny.local:12301\u001b[39m is \u001b[32mstable\u001b[39m after \u001b[36m3\u001b[39m attempts."]
INFO 2015-01-14T21:51:26.604Z ["[Ringer] Peer \u001b[36mBunny.local:12307\u001b[39m is \u001b[32mstable\u001b[39m after \u001b[36m3\u001b[39m attempts."]
INFO 2015-01-14T21:51:26.604Z ["[Ringer] Peer \u001b[36mBunny.local:12300\u001b[39m is \u001b[32mstable\u001b[39m after \u001b[36m3\u001b[39m attempts."]
INFO 2015-01-14T21:51:26.607Z ["[D6] Views routed to \u001b[36m/d6.js\u001b[39m."]
INFO 2015-01-14T21:51:26.614Z ["[D6] Views routed to \u001b[36m/d6.js\u001b[39m."]
INFO 2015-01-14T21:51:26.624Z ["[Lighter] Views loaded. \u001b[90mx30\u001b[39m"]
INFO 2015-01-14T21:51:26.631Z ["[Lighter] Publics loaded. \u001b[90mx48\u001b[39m"]
INFO 2015-01-14T21:51:26.638Z ["[D6] Views routed to \u001b[36m/d6.js\u001b[39m."]
INFO 2015-01-14T21:51:26.638Z ["[Ringer] Peer \u001b[36mBunny.local:12303\u001b[39m is \u001b[32mstable\u001b[39m after \u001b[36m3\u001b[39m attempts."]
INFO 2015-01-14T21:51:26.646Z ["[D6] Views routed to \u001b[36m/d6.js\u001b[39m."]
