INFO 2015-01-14T21:59:00.382Z ["[Lighter] Publics loaded. \u001b[90mx48\u001b[39m"]
INFO 2015-01-14T21:59:00.433Z ["[Lighter] Publics loaded. \u001b[90mx48\u001b[39m"]
INFO 2015-01-14T21:59:01.578Z ["[Lighter] Views loaded. \u001b[90mx30\u001b[39m"]
INFO 2015-01-14T21:59:01.850Z ["[Lighter] Views loaded. \u001b[90mx30\u001b[39m"]
INFO 2015-01-14T21:59:01.874Z ["[Lighter] Publics loaded. \u001b[90mx48\u001b[39m"]
INFO 2015-01-14T21:59:01.874Z ["[Lighter] Views loaded. \u001b[90mx30\u001b[39m"]
INFO 2015-01-14T21:59:01.883Z ["[Lighter] Views loaded. \u001b[90mx30\u001b[39m"]
INFO 2015-01-14T21:59:01.904Z ["[D6] Views routed to \u001b[36m/d6.js\u001b[39m."]
INFO 2015-01-14T21:59:01.928Z ["[Lighter] Views loaded. \u001b[90mx30\u001b[39m"]
INFO 2015-01-14T21:59:01.948Z ["[Lighter] Publics loaded. \u001b[90mx48\u001b[39m"]
INFO 2015-01-14T21:59:01.955Z ["[Ringer] Peer \u001b[36mBunny.local:12300\u001b[39m is \u001b[32mstable\u001b[39m after \u001b[36m3\u001b[39m attempts."]
INFO 2015-01-14T21:59:01.966Z ["[D6] Views routed to \u001b[36m/d6.js\u001b[39m."]
INFO 2015-01-14T21:59:01.975Z ["[Lighter] Publics loaded. \u001b[90mx48\u001b[39m"]
INFO 2015-01-14T21:59:01.983Z ["[Ringer] Peer \u001b[36mBunny.local:12303\u001b[39m is \u001b[32mstable\u001b[39m after \u001b[36m3\u001b[39m attempts."]
INFO 2015-01-14T21:59:01.987Z ["[Lighter] Publics loaded. \u001b[90mx48\u001b[39m"]
INFO 2015-01-14T21:59:01.995Z ["[D6] Views routed to \u001b[36m/d6.js\u001b[39m."]
INFO 2015-01-14T21:59:02.006Z ["[D6] Views routed to \u001b[36m/d6.js\u001b[39m."]
INFO 2015-01-14T21:59:02.013Z ["[Lighter] Views loaded. \u001b[90mx30\u001b[39m"]
INFO 2015-01-14T21:59:02.020Z ["[Lighter] Publics loaded. \u001b[90mx48\u001b[39m"]
INFO 2015-01-14T21:59:02.022Z ["[Ringer] Peer \u001b[36mBunny.local:12306\u001b[39m is \u001b[32mstable\u001b[39m after \u001b[36m3\u001b[39m attempts."]
INFO 2015-01-14T21:59:02.022Z ["[Ringer] Peer \u001b[36mBunny.local:12304\u001b[39m is \u001b[32mstable\u001b[39m after \u001b[36m3\u001b[39m attempts."]
INFO 2015-01-14T21:59:02.025Z ["[Ringer] Peer \u001b[36mBunny.local:12305\u001b[39m is \u001b[32mstable\u001b[39m after \u001b[36m3\u001b[39m attempts."]
INFO 2015-01-14T21:59:02.029Z ["[D6] Views routed to \u001b[36m/d6.js\u001b[39m."]
INFO 2015-01-14T21:59:02.035Z ["[D6] Views routed to \u001b[36m/d6.js\u001b[39m."]
INFO 2015-01-14T21:59:02.038Z ["[Lighter] Views loaded. \u001b[90mx30\u001b[39m"]
INFO 2015-01-14T21:59:02.048Z ["[Ringer] Peer \u001b[36mBunny.local:12307\u001b[39m is \u001b[32mstable\u001b[39m after \u001b[36m3\u001b[39m attempts."]
INFO 2015-01-14T21:59:02.096Z ["[Lighter] Views loaded. \u001b[90mx30\u001b[39m"]
INFO 2015-01-14T21:59:02.112Z ["[Ringer] Peer \u001b[36mBunny.local:12302\u001b[39m is \u001b[32mstable\u001b[39m after \u001b[36m3\u001b[39m attempts."]
INFO 2015-01-14T21:59:02.112Z ["[Ringer] Peer \u001b[36mBunny.local:12301\u001b[39m is \u001b[32mstable\u001b[39m after \u001b[36m3\u001b[39m attempts."]
INFO 2015-01-14T21:59:02.112Z ["[Lighter] Publics loaded. \u001b[90mx48\u001b[39m"]
INFO 2015-01-14T21:59:02.115Z ["[D6] Views routed to \u001b[36m/d6.js\u001b[39m."]
INFO 2015-01-14T21:59:02.127Z ["[D6] Views routed to \u001b[36m/d6.js\u001b[39m."]
WARN 2015-01-14T21:59:47.345Z ["[Lighter] Changed \u001b[36m~/Workspace/ringer/ringer.js\u001b[39m."]
ERROR 2015-01-14T21:59:47.356Z ["Worker 12001 died."]
INFO 2015-01-14T21:59:48.740Z ["[Ringer] Peer \u001b[36mBunny.local:12301\u001b[39m is listening."]
INFO 2015-01-14T21:59:48.741Z ["[Lighter] Connected to memcache."]
INFO 2015-01-14T21:59:48.741Z ["[Ringer] Peer \u001b[36mBunny.local:12305\u001b[39m is listening."]
INFO 2015-01-14T21:59:48.742Z ["[Lighter] Connected to memcache."]
INFO 2015-01-14T21:59:48.750Z ["[Ringer] Peer \u001b[36mBunny.local:12304\u001b[39m is listening."]
INFO 2015-01-14T21:59:48.750Z ["[Lighter] Connected to memcache."]
INFO 2015-01-14T21:59:48.751Z ["[Lighter] Models loaded. \u001b[90mx0\u001b[39m"]
INFO 2015-01-14T21:59:48.766Z ["[Ringer] Peer \u001b[36mBunny.local:12306\u001b[39m is listening."]
INFO 2015-01-14T21:59:48.767Z ["[Lighter] Connected to memcache."]
INFO 2015-01-14T21:59:48.772Z ["[Lighter] Models loaded. \u001b[90mx0\u001b[39m"]
INFO 2015-01-14T21:59:48.773Z ["[Lighter] Models loaded. \u001b[90mx0\u001b[39m"]
INFO 2015-01-14T21:59:48.783Z ["[Ringer] Peer \u001b[36mBunny.local:12303\u001b[39m is listening."]
INFO 2015-01-14T21:59:48.784Z ["[Lighter] Models loaded. \u001b[90mx0\u001b[39m"]
INFO 2015-01-14T21:59:48.784Z ["[Lighter] Connected to memcache."]
INFO 2015-01-14T21:59:48.794Z ["[Ringer] Peer \u001b[36mBunny.local:12300\u001b[39m is listening."]
INFO 2015-01-14T21:59:48.804Z ["[Lighter] Scripts routed to \u001b[36m/sly.js\u001b[39m. \u001b[90mx1\u001b[39m"]
INFO 2015-01-14T21:59:48.804Z ["[Lighter] Scripts routed to \u001b[36m/sly.js\u001b[39m. \u001b[90mx1\u001b[39m"]
INFO 2015-01-14T21:59:48.804Z ["[Lighter] Styles routed to \u001b[36m/sly.css\u001b[39m. \u001b[90mx1\u001b[39m"]
INFO 2015-01-14T21:59:48.805Z ["[Lighter] Styles routed to \u001b[36m/sly.css\u001b[39m. \u001b[90mx1\u001b[39m"]
INFO 2015-01-14T21:59:48.806Z ["[Lighter] Scripts routed to \u001b[36m/sly.js\u001b[39m. \u001b[90mx1\u001b[39m"]
INFO 2015-01-14T21:59:48.806Z ["[Lighter] Styles routed to \u001b[36m/sly.css\u001b[39m. \u001b[90mx1\u001b[39m"]
INFO 2015-01-14T21:59:48.810Z ["[Lighter] Controllers loaded. \u001b[90mx2\u001b[39m"]
INFO 2015-01-14T21:59:48.810Z ["[Lighter] Controllers loaded. \u001b[90mx2\u001b[39m"]
INFO 2015-01-14T21:59:48.811Z ["[Lighter] Controllers loaded. \u001b[90mx2\u001b[39m"]
INFO 2015-01-14T21:59:48.812Z ["[Lighter] Scripts routed to \u001b[36m/sly.js\u001b[39m. \u001b[90mx1\u001b[39m"]
INFO 2015-01-14T21:59:48.813Z ["[Lighter] Styles routed to \u001b[36m/sly.css\u001b[39m. \u001b[90mx1\u001b[39m"]
INFO 2015-01-14T21:59:48.820Z ["[Lighter] Controllers loaded. \u001b[90mx2\u001b[39m"]
INFO 2015-01-14T21:59:48.823Z ["[Lighter] Models loaded. \u001b[90mx0\u001b[39m"]
INFO 2015-01-14T21:59:48.827Z ["[Lighter] Connected to memcache."]
INFO 2015-01-14T21:59:48.830Z ["[Lighter] Scripts routed to \u001b[36m/a.js\u001b[39m. \u001b[90mx1\u001b[39m"]
INFO 2015-01-14T21:59:48.840Z ["[Lighter] Models loaded. \u001b[90mx0\u001b[39m"]
INFO 2015-01-14T21:59:48.852Z ["[Lighter] Scripts routed to \u001b[36m/sly.js\u001b[39m. \u001b[90mx1\u001b[39m"]
INFO 2015-01-14T21:59:48.853Z ["[Lighter] Styles routed to \u001b[36m/sly.css\u001b[39m. \u001b[90mx1\u001b[39m"]
INFO 2015-01-14T21:59:48.858Z ["[Lighter] Controllers loaded. \u001b[90mx2\u001b[39m"]
INFO 2015-01-14T21:59:48.871Z ["[Lighter] Scripts routed to \u001b[36m/a.js\u001b[39m. \u001b[90mx1\u001b[39m"]
INFO 2015-01-14T21:59:48.874Z ["[Lighter] Scripts routed to \u001b[36m/a.js\u001b[39m. \u001b[90mx1\u001b[39m"]
INFO 2015-01-14T21:59:48.877Z ["[Lighter] Scripts routed to \u001b[36m/a.js\u001b[39m. \u001b[90mx1\u001b[39m"]
INFO 2015-01-14T21:59:48.881Z ["[Lighter] Styles routed to \u001b[36m/a.css\u001b[39m. \u001b[90mx1\u001b[39m"]
INFO 2015-01-14T21:59:48.881Z ["[Ringer] Peer \u001b[36mBunny.local:12307\u001b[39m is listening."]
INFO 2015-01-14T21:59:48.882Z ["[Lighter] Connected to memcache."]
INFO 2015-01-14T21:59:48.886Z ["[Lighter] Scripts routed to \u001b[36m/a.js\u001b[39m. \u001b[90mx1\u001b[39m"]
INFO 2015-01-14T21:59:48.888Z ["[Ringer] Peer \u001b[36mBunny.local:12302\u001b[39m is listening."]
INFO 2015-01-14T21:59:48.888Z ["[Lighter] Styles routed to \u001b[36m/a.css\u001b[39m. \u001b[90mx1\u001b[39m"]
INFO 2015-01-14T21:59:48.888Z ["[Lighter] Connected to memcache."]
INFO 2015-01-14T21:59:48.892Z ["[Lighter] Scripts routed to \u001b[36m/sly.js\u001b[39m. \u001b[90mx1\u001b[39m"]
INFO 2015-01-14T21:59:48.894Z ["[Lighter] Styles routed to \u001b[36m/sly.css\u001b[39m. \u001b[90mx1\u001b[39m"]
INFO 2015-01-14T21:59:48.896Z ["[Lighter] Styles routed to \u001b[36m/a.css\u001b[39m. \u001b[90mx1\u001b[39m"]
INFO 2015-01-14T21:59:48.908Z ["[Lighter] Styles routed to \u001b[36m/a.css\u001b[39m. \u001b[90mx1\u001b[39m"]
INFO 2015-01-14T21:59:48.908Z ["[Lighter] Controllers loaded. \u001b[90mx2\u001b[39m"]
INFO 2015-01-14T21:59:48.909Z ["[Lighter] Styles routed to \u001b[36m/a.css\u001b[39m. \u001b[90mx1\u001b[39m"]
INFO 2015-01-14T21:59:48.930Z ["[Lighter] Models loaded. \u001b[90mx0\u001b[39m"]
INFO 2015-01-14T21:59:48.945Z ["[Lighter] Models loaded. \u001b[90mx0\u001b[39m"]
INFO 2015-01-14T21:59:48.971Z ["[Lighter] Scripts routed to \u001b[36m/a.js\u001b[39m. \u001b[90mx1\u001b[39m"]
INFO 2015-01-14T21:59:48.972Z ["[Lighter] Styles routed to \u001b[36m/a.css\u001b[39m. \u001b[90mx1\u001b[39m"]
INFO 2015-01-14T21:59:48.975Z ["[Lighter] Scripts routed to \u001b[36m/sly.js\u001b[39m. \u001b[90mx1\u001b[39m"]
INFO 2015-01-14T21:59:48.976Z ["[Lighter] Styles routed to \u001b[36m/sly.css\u001b[39m. \u001b[90mx1\u001b[39m"]
INFO 2015-01-14T21:59:48.981Z ["[Lighter] Scripts routed to \u001b[36m/sly.js\u001b[39m. \u001b[90mx1\u001b[39m"]
INFO 2015-01-14T21:59:48.981Z ["[Lighter] Controllers loaded. \u001b[90mx2\u001b[39m"]
INFO 2015-01-14T21:59:48.983Z ["[Lighter] Styles routed to \u001b[36m/sly.css\u001b[39m. \u001b[90mx1\u001b[39m"]
INFO 2015-01-14T21:59:49.001Z ["[Lighter] Controllers loaded. \u001b[90mx2\u001b[39m"]
INFO 2015-01-14T21:59:49.033Z ["[Lighter] Scripts routed to \u001b[36m/a.js\u001b[39m. \u001b[90mx1\u001b[39m"]
INFO 2015-01-14T21:59:49.042Z ["[Lighter] Scripts routed to \u001b[36m/a.js\u001b[39m. \u001b[90mx1\u001b[39m"]
INFO 2015-01-14T21:59:49.045Z ["[Lighter] Styles routed to \u001b[36m/a.css\u001b[39m. \u001b[90mx1\u001b[39m"]
INFO 2015-01-14T21:59:49.055Z ["[Lighter] Styles routed to \u001b[36m/a.css\u001b[39m. \u001b[90mx1\u001b[39m"]
INFO 2015-01-14T21:59:50.678Z ["[Lighter] Views loaded. \u001b[90mx30\u001b[39m"]
INFO 2015-01-14T21:59:50.715Z ["[Lighter] Publics loaded. \u001b[90mx48\u001b[39m"]
INFO 2015-01-14T21:59:50.715Z ["[Lighter] Publics loaded. \u001b[90mx48\u001b[39m"]
INFO 2015-01-14T21:59:50.791Z ["[Lighter] Publics loaded. \u001b[90mx48\u001b[39m"]
INFO 2015-01-14T21:59:50.815Z ["[Lighter] Publics loaded. \u001b[90mx48\u001b[39m"]
INFO 2015-01-14T21:59:50.901Z ["[Lighter] Publics loaded. \u001b[90mx48\u001b[39m"]
INFO 2015-01-14T21:59:52.367Z ["[Lighter] Publics loaded. \u001b[90mx48\u001b[39m"]
INFO 2015-01-14T21:59:52.392Z ["[D6] Views routed to \u001b[36m/d6.js\u001b[39m."]
INFO 2015-01-14T21:59:52.422Z ["[Lighter] Views loaded. \u001b[90mx30\u001b[39m"]
INFO 2015-01-14T21:59:52.498Z ["[Lighter] Views loaded. \u001b[90mx30\u001b[39m"]
INFO 2015-01-14T21:59:52.523Z ["[Lighter] Publics loaded. \u001b[90mx48\u001b[39m"]
INFO 2015-01-14T21:59:52.543Z ["[D6] Views routed to \u001b[36m/d6.js\u001b[39m."]
INFO 2015-01-14T21:59:52.545Z ["[Lighter] Views loaded. \u001b[90mx30\u001b[39m"]
INFO 2015-01-14T21:59:52.565Z ["[D6] Views routed to \u001b[36m/d6.js\u001b[39m."]
INFO 2015-01-14T21:59:52.585Z ["[Lighter] Views loaded. \u001b[90mx30\u001b[39m"]
INFO 2015-01-14T21:59:52.592Z ["[Lighter] Publics loaded. \u001b[90mx48\u001b[39m"]
INFO 2015-01-14T21:59:52.607Z ["[D6] Views routed to \u001b[36m/d6.js\u001b[39m."]
INFO 2015-01-14T21:59:52.609Z ["[D6] Views routed to \u001b[36m/d6.js\u001b[39m."]
INFO 2015-01-14T21:59:52.635Z ["[Lighter] Views loaded. \u001b[90mx30\u001b[39m"]
INFO 2015-01-14T21:59:52.639Z ["[Lighter] Views loaded. \u001b[90mx30\u001b[39m"]
INFO 2015-01-14T21:59:52.645Z ["[Ringer] Peer \u001b[36mBunny.local:12301\u001b[39m is \u001b[32mstable\u001b[39m after \u001b[36m3\u001b[39m attempts."]
INFO 2015-01-14T21:59:52.645Z ["[Ringer] Peer \u001b[36mBunny.local:12303\u001b[39m is \u001b[32mstable\u001b[39m after \u001b[36m3\u001b[39m attempts."]
INFO 2015-01-14T21:59:52.646Z ["[Ringer] Peer \u001b[36mBunny.local:12304\u001b[39m is \u001b[32mstable\u001b[39m after \u001b[36m3\u001b[39m attempts."]
INFO 2015-01-14T21:59:52.646Z ["[Ringer] Peer \u001b[36mBunny.local:12305\u001b[39m is \u001b[32mstable\u001b[39m after \u001b[36m3\u001b[39m attempts."]
INFO 2015-01-14T21:59:52.651Z ["[Ringer] Peer \u001b[36mBunny.local:12302\u001b[39m is \u001b[32mstable\u001b[39m after \u001b[36m3\u001b[39m attempts."]
INFO 2015-01-14T21:59:52.652Z ["[D6] Views routed to \u001b[36m/d6.js\u001b[39m."]
INFO 2015-01-14T21:59:52.657Z ["[D6] Views routed to \u001b[36m/d6.js\u001b[39m."]
INFO 2015-01-14T21:59:52.689Z ["[Lighter] Views loaded. \u001b[90mx30\u001b[39m"]
INFO 2015-01-14T21:59:52.701Z ["[Ringer] Peer \u001b[36mBunny.local:12306\u001b[39m is \u001b[32mstable\u001b[39m after \u001b[36m3\u001b[39m attempts."]
INFO 2015-01-14T21:59:52.701Z ["[Ringer] Peer \u001b[36mBunny.local:12307\u001b[39m is \u001b[32mstable\u001b[39m after \u001b[36m3\u001b[39m attempts."]
INFO 2015-01-14T21:59:52.702Z ["[Ringer] Peer \u001b[36mBunny.local:12300\u001b[39m is \u001b[32mstable\u001b[39m after \u001b[36m3\u001b[39m attempts."]
INFO 2015-01-14T21:59:52.705Z ["[D6] Views routed to \u001b[36m/d6.js\u001b[39m."]
