WARN 2015-01-23T01:24:43.937Z ["[Lighter] Changed \u001b[36m./app.js\u001b[39m."]
ERROR 2015-01-23T01:24:43.962Z ["Worker 67924 died."]
INFO 2015-01-23T01:24:45.249Z ["[Za] HTTP server listening on 8890."]
INFO 2015-01-23T01:24:45.250Z ["[Ringer] Peer \u001b[36mBunny.local:8894\u001b[39m is listening."]
INFO 2015-01-23T01:24:45.250Z ["[Lighter] Connected to memcache."]
INFO 2015-01-23T01:24:45.251Z ["[Za] HTTP server listening on 8891."]
INFO 2015-01-23T01:24:45.252Z ["[Za] HTTP server listening on 8889."]
INFO 2015-01-23T01:24:45.252Z ["[Ringer] Opened \u001b[36m./data/worker1\u001b[39m database."]
INFO 2015-01-23T01:24:45.252Z ["[Ringer] Peer \u001b[36mBunny.local:8895\u001b[39m is listening."]
INFO 2015-01-23T01:24:45.252Z ["[Lighter] Connected to memcache."]
INFO 2015-01-23T01:24:45.253Z ["[Ringer] Opened \u001b[36m./data/worker3\u001b[39m database."]
INFO 2015-01-23T01:24:45.253Z ["[Za] HTTP server listening on 8888."]
INFO 2015-01-23T01:24:45.254Z ["[Ringer] Opened \u001b[36m./data/worker0\u001b[39m database."]
INFO 2015-01-23T01:24:45.255Z ["[Ringer] Opened \u001b[36m./data/worker2\u001b[39m database."]
INFO 2015-01-23T01:24:45.259Z ["[Ringer] Peer \u001b[36mBunny.local:8893\u001b[39m is listening."]
INFO 2015-01-23T01:24:45.259Z ["[Lighter] Connected to memcache."]
INFO 2015-01-23T01:24:45.261Z ["[Ringer] Peer \u001b[36mBunny.local:8892\u001b[39m is listening."]
INFO 2015-01-23T01:24:45.261Z ["[Lighter] Connected to memcache."]
INFO 2015-01-23T01:24:45.266Z ["[Lighter] Models loaded. \u001b[90mx0\u001b[39m"]
INFO 2015-01-23T01:24:45.267Z ["[Lighter] Models loaded. \u001b[90mx0\u001b[39m"]
INFO 2015-01-23T01:24:45.267Z ["[Lighter] Models loaded. \u001b[90mx0\u001b[39m"]
INFO 2015-01-23T01:24:45.269Z ["[Lighter] Models loaded. \u001b[90mx0\u001b[39m"]
INFO 2015-01-23T01:24:45.337Z ["[Lighter] Scripts routed to \u001b[36m/sly.js\u001b[39m. \u001b[90mx1\u001b[39m"]
INFO 2015-01-23T01:24:45.812Z ["[Lighter] Scripts routed to \u001b[36m/sly.js\u001b[39m. \u001b[90mx1\u001b[39m"]
INFO 2015-01-23T01:24:45.812Z ["[Lighter] Styles routed to \u001b[36m/sly.css\u001b[39m. \u001b[90mx1\u001b[39m"]
INFO 2015-01-23T01:24:45.837Z ["[Lighter] Styles routed to \u001b[36m/sly.css\u001b[39m. \u001b[90mx1\u001b[39m"]
INFO 2015-01-23T01:24:45.842Z ["[Lighter] Controllers loaded. \u001b[90mx2\u001b[39m"]
INFO 2015-01-23T01:24:45.842Z ["[Lighter] Controllers loaded. \u001b[90mx2\u001b[39m"]
INFO 2015-01-23T01:24:45.845Z ["[Lighter] Styles routed to \u001b[36m/a.css\u001b[39m. \u001b[90mx1\u001b[39m"]
INFO 2015-01-23T01:24:45.855Z ["[Lighter] Scripts routed to \u001b[36m/a.js\u001b[39m. \u001b[90mx1\u001b[39m"]
INFO 2015-01-23T01:24:45.861Z ["[Lighter] Styles routed to \u001b[36m/a.css\u001b[39m. \u001b[90mx1\u001b[39m"]
INFO 2015-01-23T01:24:45.870Z ["[Lighter] Scripts routed to \u001b[36m/sly.js\u001b[39m. \u001b[90mx1\u001b[39m"]
INFO 2015-01-23T01:24:45.870Z ["[Lighter] Styles routed to \u001b[36m/sly.css\u001b[39m. \u001b[90mx1\u001b[39m"]
INFO 2015-01-23T01:24:45.873Z ["[Lighter] Controllers loaded. \u001b[90mx2\u001b[39m"]
INFO 2015-01-23T01:24:45.880Z ["[Lighter] Scripts routed to \u001b[36m/sly.js\u001b[39m. \u001b[90mx1\u001b[39m"]
INFO 2015-01-23T01:24:45.880Z ["[Lighter] Styles routed to \u001b[36m/sly.css\u001b[39m. \u001b[90mx1\u001b[39m"]
INFO 2015-01-23T01:24:45.882Z ["[Lighter] Scripts routed to \u001b[36m/a.js\u001b[39m. \u001b[90mx1\u001b[39m"]
INFO 2015-01-23T01:24:45.885Z ["[Lighter] Controllers loaded. \u001b[90mx2\u001b[39m"]
INFO 2015-01-23T01:24:45.885Z ["[Lighter] Styles routed to \u001b[36m/a.css\u001b[39m. \u001b[90mx1\u001b[39m"]
INFO 2015-01-23T01:24:45.895Z ["[Lighter] Scripts routed to \u001b[36m/a.js\u001b[39m. \u001b[90mx1\u001b[39m"]
INFO 2015-01-23T01:24:45.900Z ["[Lighter] Styles routed to \u001b[36m/a.css\u001b[39m. \u001b[90mx1\u001b[39m"]
INFO 2015-01-23T01:24:47.167Z ["[Lighter] Publics loaded. \u001b[90mx48\u001b[39m"]
INFO 2015-01-23T01:24:48.170Z ["[Lighter] Views loaded. \u001b[90mx30\u001b[39m"]
INFO 2015-01-23T01:24:48.182Z ["[Lighter] Views loaded. \u001b[90mx30\u001b[39m"]
INFO 2015-01-23T01:24:48.257Z ["[Lighter] Views loaded. \u001b[90mx30\u001b[39m"]
INFO 2015-01-23T01:24:48.370Z ["[Lighter] Publics loaded. \u001b[90mx48\u001b[39m"]
INFO 2015-01-23T01:24:48.382Z ["[Lighter] Views loaded. \u001b[90mx30\u001b[39m"]
INFO 2015-01-23T01:24:48.384Z ["[Ringer] Peer \u001b[36mBunny.local:8894\u001b[39m\u001b[32m stabilized\u001b[39m on attempt \u001b[36m3\u001b[39m."]
INFO 2015-01-23T01:24:48.388Z ["[D6] Views routed to \u001b[36m/d6.js\u001b[39m."]
INFO 2015-01-23T01:24:48.412Z ["[Lighter] Scripts routed to \u001b[36m/a.js\u001b[39m. \u001b[90mx1\u001b[39m"]
INFO 2015-01-23T01:24:48.426Z ["[D6] Views routed to \u001b[36m/d6.js\u001b[39m."]
INFO 2015-01-23T01:24:48.505Z ["[Lighter] Publics loaded. \u001b[90mx48\u001b[39m"]
INFO 2015-01-23T01:24:48.511Z ["[Ringer] Peer \u001b[36mBunny.local:8893\u001b[39m\u001b[32m stabilized\u001b[39m on attempt \u001b[36m3\u001b[39m."]
INFO 2015-01-23T01:24:48.519Z ["[D6] Views routed to \u001b[36m/d6.js\u001b[39m."]
INFO 2015-01-23T01:24:48.524Z ["[Lighter] Publics loaded. \u001b[90mx48\u001b[39m"]
INFO 2015-01-23T01:24:48.533Z ["[Ringer] Peer \u001b[36mBunny.local:8892\u001b[39m\u001b[32m stabilized\u001b[39m on attempt \u001b[36m3\u001b[39m."]
INFO 2015-01-23T01:24:48.534Z ["[Ringer] Peer \u001b[36mBunny.local:8895\u001b[39m\u001b[32m stabilized\u001b[39m on attempt \u001b[36m2\u001b[39m."]
INFO 2015-01-23T01:24:48.542Z ["[D6] Views routed to \u001b[36m/d6.js\u001b[39m."]
