INFO 2015-01-22T01:04:28.535Z ["[Ringer] Peer \u001b[36mBunny.local:8889\u001b[39m is listening."]
INFO 2015-01-22T01:04:28.540Z ["[Za] HTTP server listening on 8888."]
INFO 2015-01-22T01:04:28.544Z ["[Ringer] Opened \u001b[36m./data/worker0\u001b[39m database."]
INFO 2015-01-22T01:04:28.545Z ["[Lighter] Connected to memcache."]
INFO 2015-01-22T01:04:28.551Z ["[Lighter] Models loaded. \u001b[90mx0\u001b[39m"]
INFO 2015-01-22T01:04:29.814Z ["[Ringer] Peer \u001b[36mBunny.local:8889\u001b[39m is listening."]
INFO 2015-01-22T01:04:29.818Z ["[Za] HTTP server listening on 8888."]
INFO 2015-01-22T01:04:29.820Z ["[Ringer] Opened \u001b[36m./data/worker0\u001b[39m database."]
INFO 2015-01-22T01:04:29.821Z ["[Lighter] Connected to memcache."]
INFO 2015-01-22T01:04:29.825Z ["[Lighter] Models loaded. \u001b[90mx0\u001b[39m"]
INFO 2015-01-22T01:04:30.192Z ["[Lighter] Scripts routed to \u001b[36m/sly.js\u001b[39m. \u001b[90mx1\u001b[39m"]
INFO 2015-01-22T01:04:30.215Z ["[Lighter] Styles routed to \u001b[36m/sly.css\u001b[39m. \u001b[90mx1\u001b[39m"]
INFO 2015-01-22T01:04:30.218Z ["[Lighter] Controllers loaded. \u001b[90mx2\u001b[39m"]
INFO 2015-01-22T01:04:30.292Z ["[Lighter] Scripts routed to \u001b[36m/a.js\u001b[39m. \u001b[90mx1\u001b[39m"]
INFO 2015-01-22T01:04:30.292Z ["[Lighter] Styles routed to \u001b[36m/a.css\u001b[39m. \u001b[90mx1\u001b[39m"]
INFO 2015-01-22T01:04:32.055Z ["[Lighter] Views loaded. \u001b[90mx30\u001b[39m"]
INFO 2015-01-22T01:04:32.119Z ["[Lighter] Publics loaded. \u001b[90mx48\u001b[39m"]
WARN 2015-01-22T01:04:32.119Z ["[Lighter] Minifying assets... "]
INFO 2015-01-22T01:04:38.654Z ["[D6] Views routed to \u001b[36m/d6.js\u001b[39m."]
INFO 2015-01-22T01:04:38.667Z ["[Lighter] Views, scripts and styles minified."]
INFO 2015-01-22T01:04:38.681Z ["[D6] Views routed to \u001b[36m/d6.js\u001b[39m."]
