INFO 2015-01-21T21:19:34.988Z ["[Za] HTTP server listening on 8891."]
INFO 2015-01-21T21:19:34.988Z ["[Ringer] Opened \u001b[36m./data/worker3\u001b[39m database."]
INFO 2015-01-21T21:19:34.989Z ["[Ringer] Peer \u001b[36mBunny.local:8895\u001b[39m is listening."]
INFO 2015-01-21T21:19:34.989Z ["[Lighter] Connected to memcache."]
INFO 2015-01-21T21:19:34.989Z ["[Za] HTTP server listening on 8889."]
INFO 2015-01-21T21:19:34.990Z ["[Ringer] Opened \u001b[36m./data/worker1\u001b[39m database."]
INFO 2015-01-21T21:19:34.990Z ["[Lighter] Connected to memcache."]
INFO 2015-01-21T21:19:34.990Z ["[Lighter] Models loaded. \u001b[90mx0\u001b[39m"]
INFO 2015-01-21T21:19:34.990Z ["[Ringer] Peer \u001b[36mBunny.local:8893\u001b[39m is listening."]
INFO 2015-01-21T21:19:34.991Z ["[Za] HTTP server listening on 8888."]
INFO 2015-01-21T21:19:34.991Z ["[Ringer] Opened \u001b[36m./data/worker0\u001b[39m database."]
INFO 2015-01-21T21:19:34.991Z ["[Lighter] Connected to memcache."]
INFO 2015-01-21T21:19:34.991Z ["[Lighter] Models loaded. \u001b[90mx0\u001b[39m"]
INFO 2015-01-21T21:19:34.992Z ["[Lighter] Models loaded. \u001b[90mx0\u001b[39m"]
INFO 2015-01-21T21:19:34.994Z ["[Ringer] Peer \u001b[36mBunny.local:8892\u001b[39m is listening."]
INFO 2015-01-21T21:19:34.996Z ["[Za] HTTP server listening on 8890."]
INFO 2015-01-21T21:19:34.996Z ["[Ringer] Opened \u001b[36m./data/worker2\u001b[39m database."]
INFO 2015-01-21T21:19:35.002Z ["[Lighter] Scripts routed to \u001b[36m/sly.js\u001b[39m. \u001b[90mx1\u001b[39m"]
INFO 2015-01-21T21:19:35.002Z ["[Ringer] Peer \u001b[36mBunny.local:8894\u001b[39m is listening."]
INFO 2015-01-21T21:19:35.002Z ["[Lighter] Connected to memcache."]
INFO 2015-01-21T21:19:35.004Z ["[Lighter] Styles routed to \u001b[36m/sly.css\u001b[39m. \u001b[90mx1\u001b[39m"]
INFO 2015-01-21T21:19:35.007Z ["[Lighter] Models loaded. \u001b[90mx0\u001b[39m"]
INFO 2015-01-21T21:19:35.009Z ["[Lighter] Controllers loaded. \u001b[90mx2\u001b[39m"]
INFO 2015-01-21T21:19:35.016Z ["[Lighter] Scripts routed to \u001b[36m/sly.js\u001b[39m. \u001b[90mx1\u001b[39m"]
INFO 2015-01-21T21:19:35.016Z ["[Lighter] Styles routed to \u001b[36m/sly.css\u001b[39m. \u001b[90mx1\u001b[39m"]
INFO 2015-01-21T21:19:35.022Z ["[Lighter] Scripts routed to \u001b[36m/sly.js\u001b[39m. \u001b[90mx1\u001b[39m"]
INFO 2015-01-21T21:19:35.022Z ["[Lighter] Styles routed to \u001b[36m/sly.css\u001b[39m. \u001b[90mx1\u001b[39m"]
INFO 2015-01-21T21:19:35.023Z ["[Lighter] Controllers loaded. \u001b[90mx2\u001b[39m"]
INFO 2015-01-21T21:19:35.024Z ["[Lighter] Scripts routed to \u001b[36m/a.js\u001b[39m. \u001b[90mx1\u001b[39m"]
INFO 2015-01-21T21:19:35.027Z ["[Lighter] Controllers loaded. \u001b[90mx2\u001b[39m"]
INFO 2015-01-21T21:19:35.042Z ["[Lighter] Scripts routed to \u001b[36m/a.js\u001b[39m. \u001b[90mx1\u001b[39m"]
INFO 2015-01-21T21:19:35.059Z ["[Lighter] Styles routed to \u001b[36m/a.css\u001b[39m. \u001b[90mx1\u001b[39m"]
INFO 2015-01-21T21:19:35.063Z ["[Lighter] Styles routed to \u001b[36m/a.css\u001b[39m. \u001b[90mx1\u001b[39m"]
INFO 2015-01-21T21:19:35.101Z ["[Lighter] Scripts routed to \u001b[36m/a.js\u001b[39m. \u001b[90mx1\u001b[39m"]
INFO 2015-01-21T21:19:35.102Z ["[Lighter] Styles routed to \u001b[36m/a.css\u001b[39m. \u001b[90mx1\u001b[39m"]
INFO 2015-01-21T21:19:35.105Z ["[Lighter] Scripts routed to \u001b[36m/sly.js\u001b[39m. \u001b[90mx1\u001b[39m"]
INFO 2015-01-21T21:19:35.107Z ["[Lighter] Styles routed to \u001b[36m/sly.css\u001b[39m. \u001b[90mx1\u001b[39m"]
INFO 2015-01-21T21:19:35.110Z ["[Lighter] Controllers loaded. \u001b[90mx2\u001b[39m"]
INFO 2015-01-21T21:19:35.120Z ["[Lighter] Scripts routed to \u001b[36m/a.js\u001b[39m. \u001b[90mx1\u001b[39m"]
INFO 2015-01-21T21:19:35.121Z ["[Lighter] Styles routed to \u001b[36m/a.css\u001b[39m. \u001b[90mx1\u001b[39m"]
INFO 2015-01-21T21:19:36.421Z ["[Lighter] Publics loaded. \u001b[90mx48\u001b[39m"]
INFO 2015-01-21T21:19:36.457Z ["[Lighter] Publics loaded. \u001b[90mx48\u001b[39m"]
INFO 2015-01-21T21:19:37.522Z ["[Lighter] Views loaded. \u001b[90mx30\u001b[39m"]
INFO 2015-01-21T21:19:37.719Z ["[Lighter] Publics loaded. \u001b[90mx48\u001b[39m"]
INFO 2015-01-21T21:19:37.725Z ["[Lighter] Views loaded. \u001b[90mx30\u001b[39m"]
INFO 2015-01-21T21:19:37.737Z ["[D6] Views routed to \u001b[36m/d6.js\u001b[39m."]
INFO 2015-01-21T21:19:37.800Z ["[Lighter] Publics loaded. \u001b[90mx48\u001b[39m"]
INFO 2015-01-21T21:19:37.810Z ["[Lighter] Views loaded. \u001b[90mx30\u001b[39m"]
INFO 2015-01-21T21:19:37.820Z ["[Ringer] Peer \u001b[36mBunny.local:8892\u001b[39m\u001b[32m stabilized\u001b[39m on attempt \u001b[36m3\u001b[39m."]
INFO 2015-01-21T21:19:37.821Z ["[D6] Views routed to \u001b[36m/d6.js\u001b[39m."]
INFO 2015-01-21T21:19:37.826Z ["[D6] Views routed to \u001b[36m/d6.js\u001b[39m."]
INFO 2015-01-21T21:19:37.909Z ["[Lighter] Views loaded. \u001b[90mx30\u001b[39m"]
INFO 2015-01-21T21:19:37.918Z ["[Ringer] Peer \u001b[36mBunny.local:8895\u001b[39m\u001b[32m stabilized\u001b[39m on attempt \u001b[36m2\u001b[39m."]
INFO 2015-01-21T21:19:37.919Z ["[Ringer] Peer \u001b[36mBunny.local:8894\u001b[39m\u001b[32m stabilized\u001b[39m on attempt \u001b[36m3\u001b[39m."]
INFO 2015-01-21T21:19:37.926Z ["[D6] Views routed to \u001b[36m/d6.js\u001b[39m."]
