WARN 2015-01-21T23:07:34.041Z ["[Lighter] Changed \u001b[36m~/Workspace/chug/lib/pack.js\u001b[39m."]
INFO 2015-01-21T23:07:35.102Z ["[Ringer] Peer \u001b[36mBunny.local:8889\u001b[39m is listening."]
INFO 2015-01-21T23:07:35.106Z ["[Za] HTTP server listening on 8888."]
INFO 2015-01-21T23:07:35.109Z ["[Ringer] Opened \u001b[36m./data/worker0\u001b[39m database."]
INFO 2015-01-21T23:07:35.109Z ["[Lighter] Connected to memcache."]
INFO 2015-01-21T23:07:35.113Z ["[Lighter] Models loaded. \u001b[90mx0\u001b[39m"]
ERROR 2015-01-21T23:07:35.117Z ["ReferenceError: filename is not defined\n    at /Users/sam/Workspace/chug/lib/pack.js:21:21\n    at done (/Users/sam/Workspace/chug/common/fs/dive-file-paths.js:39:5)\n    at /Users/sam/Workspace/chug/common/fs/dive-file-paths.js:34:20\n    at Object.oncomplete (fs.js:107:15)"]
INFO 2015-01-21T23:07:35.127Z ["[Lighter] Scripts routed to \u001b[36m/sly.js\u001b[39m. \u001b[90mx1\u001b[39m"]
INFO 2015-01-21T23:07:35.166Z ["[Lighter] Styles routed to \u001b[36m/sly.css\u001b[39m. \u001b[90mx1\u001b[39m"]
INFO 2015-01-21T23:07:37.783Z ["[Ringer] Peer \u001b[36mBunny.local:8889\u001b[39m is listening."]
INFO 2015-01-21T23:07:37.787Z ["[Za] HTTP server listening on 8888."]
INFO 2015-01-21T23:07:37.790Z ["[Ringer] Opened \u001b[36m./data/worker0\u001b[39m database."]
INFO 2015-01-21T23:07:37.790Z ["[Lighter] Connected to memcache."]
INFO 2015-01-21T23:07:37.794Z ["[Lighter] Models loaded. \u001b[90mx0\u001b[39m"]
ERROR 2015-01-21T23:07:37.798Z ["ReferenceError: filename is not defined\n    at /Users/sam/Workspace/chug/lib/pack.js:21:21\n    at done (/Users/sam/Workspace/chug/common/fs/dive-file-paths.js:39:5)\n    at /Users/sam/Workspace/chug/common/fs/dive-file-paths.js:34:20\n    at Object.oncomplete (fs.js:107:15)"]
INFO 2015-01-21T23:07:37.804Z ["[Lighter] Scripts routed to \u001b[36m/sly.js\u001b[39m. \u001b[90mx1\u001b[39m"]
INFO 2015-01-21T23:07:37.805Z ["[Lighter] Styles routed to \u001b[36m/sly.css\u001b[39m. \u001b[90mx1\u001b[39m"]
INFO 2015-01-21T23:07:37.807Z ["[Lighter] Controllers loaded. \u001b[90mx2\u001b[39m"]
INFO 2015-01-21T23:07:37.814Z ["[Lighter] Styles routed to \u001b[36m/a.css\u001b[39m. \u001b[90mx1\u001b[39m"]
INFO 2015-01-21T23:07:39.575Z ["[Lighter] Views loaded. \u001b[90mx30\u001b[39m"]
INFO 2015-01-21T23:07:40.441Z ["[Ringer] Peer \u001b[36mBunny.local:8889\u001b[39m is listening."]
INFO 2015-01-21T23:07:40.445Z ["[Za] HTTP server listening on 8888."]
INFO 2015-01-21T23:07:40.448Z ["[Ringer] Opened \u001b[36m./data/worker0\u001b[39m database."]
INFO 2015-01-21T23:07:40.448Z ["[Lighter] Connected to memcache."]
INFO 2015-01-21T23:07:40.452Z ["[Lighter] Models loaded. \u001b[90mx0\u001b[39m"]
ERROR 2015-01-21T23:07:40.456Z ["ReferenceError: filename is not defined\n    at /Users/sam/Workspace/chug/lib/pack.js:21:21\n    at done (/Users/sam/Workspace/chug/common/fs/dive-file-paths.js:39:5)\n    at /Users/sam/Workspace/chug/common/fs/dive-file-paths.js:34:20\n    at Object.oncomplete (fs.js:107:15)"]
INFO 2015-01-21T23:07:40.462Z ["[Lighter] Scripts routed to \u001b[36m/sly.js\u001b[39m. \u001b[90mx1\u001b[39m"]
INFO 2015-01-21T23:07:40.463Z ["[Lighter] Styles routed to \u001b[36m/sly.css\u001b[39m. \u001b[90mx1\u001b[39m"]
INFO 2015-01-21T23:07:40.465Z ["[Lighter] Controllers loaded. \u001b[90mx2\u001b[39m"]
INFO 2015-01-21T23:07:40.472Z ["[Lighter] Styles routed to \u001b[36m/a.css\u001b[39m. \u001b[90mx1\u001b[39m"]
INFO 2015-01-21T23:07:42.222Z ["[Lighter] Views loaded. \u001b[90mx30\u001b[39m"]
INFO 2015-01-21T23:07:43.322Z ["[Ringer] Peer \u001b[36mBunny.local:8889\u001b[39m is listening."]
INFO 2015-01-21T23:07:43.325Z ["[Za] HTTP server listening on 8888."]
INFO 2015-01-21T23:07:43.328Z ["[Ringer] Opened \u001b[36m./data/worker0\u001b[39m database."]
INFO 2015-01-21T23:07:43.329Z ["[Lighter] Connected to memcache."]
INFO 2015-01-21T23:07:43.333Z ["[Lighter] Models loaded. \u001b[90mx0\u001b[39m"]
ERROR 2015-01-21T23:07:43.337Z ["ReferenceError: filename is not defined\n    at /Users/sam/Workspace/chug/lib/pack.js:21:21\n    at done (/Users/sam/Workspace/chug/common/fs/dive-file-paths.js:39:5)\n    at /Users/sam/Workspace/chug/common/fs/dive-file-paths.js:34:20\n    at Object.oncomplete (fs.js:107:15)"]
INFO 2015-01-21T23:07:43.343Z ["[Lighter] Scripts routed to \u001b[36m/sly.js\u001b[39m. \u001b[90mx1\u001b[39m"]
INFO 2015-01-21T23:07:43.343Z ["[Lighter] Styles routed to \u001b[36m/sly.css\u001b[39m. \u001b[90mx1\u001b[39m"]
INFO 2015-01-21T23:07:43.346Z ["[Lighter] Controllers loaded. \u001b[90mx2\u001b[39m"]
INFO 2015-01-21T23:07:43.352Z ["[Lighter] Styles routed to \u001b[36m/a.css\u001b[39m. \u001b[90mx1\u001b[39m"]
INFO 2015-01-21T23:07:44.193Z ["[Lighter] Views loaded. \u001b[90mx30\u001b[39m"]
INFO 2015-01-21T23:07:45.286Z ["[Ringer] Peer \u001b[36mBunny.local:8889\u001b[39m is listening."]
INFO 2015-01-21T23:07:45.290Z ["[Za] HTTP server listening on 8888."]
INFO 2015-01-21T23:07:45.293Z ["[Ringer] Opened \u001b[36m./data/worker0\u001b[39m database."]
INFO 2015-01-21T23:07:45.293Z ["[Lighter] Connected to memcache."]
INFO 2015-01-21T23:07:45.297Z ["[Lighter] Models loaded. \u001b[90mx0\u001b[39m"]
ERROR 2015-01-21T23:07:45.301Z ["ReferenceError: filename is not defined\n    at /Users/sam/Workspace/chug/lib/pack.js:21:21\n    at done (/Users/sam/Workspace/chug/common/fs/dive-file-paths.js:39:5)\n    at /Users/sam/Workspace/chug/common/fs/dive-file-paths.js:34:20\n    at Object.oncomplete (fs.js:107:15)"]
INFO 2015-01-21T23:07:45.307Z ["[Lighter] Scripts routed to \u001b[36m/sly.js\u001b[39m. \u001b[90mx1\u001b[39m"]
INFO 2015-01-21T23:07:45.308Z ["[Lighter] Styles routed to \u001b[36m/sly.css\u001b[39m. \u001b[90mx1\u001b[39m"]
INFO 2015-01-21T23:07:45.310Z ["[Lighter] Controllers loaded. \u001b[90mx2\u001b[39m"]
INFO 2015-01-21T23:07:45.317Z ["[Lighter] Styles routed to \u001b[36m/a.css\u001b[39m. \u001b[90mx1\u001b[39m"]
INFO 2015-01-21T23:07:46.159Z ["[Lighter] Views loaded. \u001b[90mx30\u001b[39m"]
INFO 2015-01-21T23:07:47.198Z ["[Ringer] Peer \u001b[36mBunny.local:8889\u001b[39m is listening."]
INFO 2015-01-21T23:07:47.202Z ["[Za] HTTP server listening on 8888."]
INFO 2015-01-21T23:07:47.204Z ["[Ringer] Opened \u001b[36m./data/worker0\u001b[39m database."]
INFO 2015-01-21T23:07:47.204Z ["[Lighter] Connected to memcache."]
INFO 2015-01-21T23:07:47.208Z ["[Lighter] Models loaded. \u001b[90mx0\u001b[39m"]
ERROR 2015-01-21T23:07:47.213Z ["ReferenceError: filename is not defined\n    at /Users/sam/Workspace/chug/lib/pack.js:21:21\n    at done (/Users/sam/Workspace/chug/common/fs/dive-file-paths.js:39:5)\n    at /Users/sam/Workspace/chug/common/fs/dive-file-paths.js:34:20\n    at Object.oncomplete (fs.js:107:15)"]
INFO 2015-01-21T23:07:47.220Z ["[Lighter] Scripts routed to \u001b[36m/sly.js\u001b[39m. \u001b[90mx1\u001b[39m"]
INFO 2015-01-21T23:07:47.221Z ["[Lighter] Styles routed to \u001b[36m/sly.css\u001b[39m. \u001b[90mx1\u001b[39m"]
INFO 2015-01-21T23:07:47.223Z ["[Lighter] Controllers loaded. \u001b[90mx2\u001b[39m"]
INFO 2015-01-21T23:07:47.231Z ["[Lighter] Styles routed to \u001b[36m/a.css\u001b[39m. \u001b[90mx1\u001b[39m"]
INFO 2015-01-21T23:07:49.027Z ["[Lighter] Views loaded. \u001b[90mx30\u001b[39m"]
INFO 2015-01-21T23:07:50.112Z ["[Ringer] Peer \u001b[36mBunny.local:8889\u001b[39m is listening."]
INFO 2015-01-21T23:07:50.115Z ["[Za] HTTP server listening on 8888."]
INFO 2015-01-21T23:07:50.118Z ["[Ringer] Opened \u001b[36m./data/worker0\u001b[39m database."]
INFO 2015-01-21T23:07:50.118Z ["[Lighter] Connected to memcache."]
INFO 2015-01-21T23:07:50.122Z ["[Lighter] Models loaded. \u001b[90mx0\u001b[39m"]
ERROR 2015-01-21T23:07:50.126Z ["ReferenceError: filename is not defined\n    at /Users/sam/Workspace/chug/lib/pack.js:21:21\n    at done (/Users/sam/Workspace/chug/common/fs/dive-file-paths.js:39:5)\n    at /Users/sam/Workspace/chug/common/fs/dive-file-paths.js:34:20\n    at Object.oncomplete (fs.js:107:15)"]
INFO 2015-01-21T23:07:50.132Z ["[Lighter] Scripts routed to \u001b[36m/sly.js\u001b[39m. \u001b[90mx1\u001b[39m"]
INFO 2015-01-21T23:07:50.132Z ["[Lighter] Styles routed to \u001b[36m/sly.css\u001b[39m. \u001b[90mx1\u001b[39m"]
INFO 2015-01-21T23:07:50.135Z ["[Lighter] Controllers loaded. \u001b[90mx2\u001b[39m"]
INFO 2015-01-21T23:07:50.142Z ["[Lighter] Styles routed to \u001b[36m/a.css\u001b[39m. \u001b[90mx1\u001b[39m"]
INFO 2015-01-21T23:07:50.995Z ["[Lighter] Views loaded. \u001b[90mx30\u001b[39m"]
INFO 2015-01-21T23:07:52.088Z ["[Ringer] Peer \u001b[36mBunny.local:8889\u001b[39m is listening."]
INFO 2015-01-21T23:07:52.092Z ["[Za] HTTP server listening on 8888."]
INFO 2015-01-21T23:07:52.094Z ["[Ringer] Opened \u001b[36m./data/worker0\u001b[39m database."]
INFO 2015-01-21T23:07:52.095Z ["[Lighter] Connected to memcache."]
INFO 2015-01-21T23:07:52.099Z ["[Lighter] Models loaded. \u001b[90mx0\u001b[39m"]
ERROR 2015-01-21T23:07:52.103Z ["ReferenceError: filename is not defined\n    at /Users/sam/Workspace/chug/lib/pack.js:21:21\n    at done (/Users/sam/Workspace/chug/common/fs/dive-file-paths.js:39:5)\n    at /Users/sam/Workspace/chug/common/fs/dive-file-paths.js:34:20\n    at Object.oncomplete (fs.js:107:15)"]
INFO 2015-01-21T23:07:52.109Z ["[Lighter] Scripts routed to \u001b[36m/sly.js\u001b[39m. \u001b[90mx1\u001b[39m"]
INFO 2015-01-21T23:07:52.109Z ["[Lighter] Styles routed to \u001b[36m/sly.css\u001b[39m. \u001b[90mx1\u001b[39m"]
INFO 2015-01-21T23:07:52.112Z ["[Lighter] Controllers loaded. \u001b[90mx2\u001b[39m"]
INFO 2015-01-21T23:07:52.119Z ["[Lighter] Styles routed to \u001b[36m/a.css\u001b[39m. \u001b[90mx1\u001b[39m"]
INFO 2015-01-21T23:07:52.953Z ["[Lighter] Views loaded. \u001b[90mx30\u001b[39m"]
INFO 2015-01-21T23:07:54.049Z ["[Ringer] Peer \u001b[36mBunny.local:8889\u001b[39m is listening."]
INFO 2015-01-21T23:07:54.052Z ["[Za] HTTP server listening on 8888."]
INFO 2015-01-21T23:07:54.055Z ["[Ringer] Opened \u001b[36m./data/worker0\u001b[39m database."]
INFO 2015-01-21T23:07:54.056Z ["[Lighter] Connected to memcache."]
INFO 2015-01-21T23:07:54.060Z ["[Lighter] Models loaded. \u001b[90mx0\u001b[39m"]
ERROR 2015-01-21T23:07:54.064Z ["ReferenceError: filename is not defined\n    at /Users/sam/Workspace/chug/lib/pack.js:21:21\n    at done (/Users/sam/Workspace/chug/common/fs/dive-file-paths.js:39:5)\n    at /Users/sam/Workspace/chug/common/fs/dive-file-paths.js:34:20\n    at Object.oncomplete (fs.js:107:15)"]
INFO 2015-01-21T23:07:54.071Z ["[Lighter] Scripts routed to \u001b[36m/sly.js\u001b[39m. \u001b[90mx1\u001b[39m"]
INFO 2015-01-21T23:07:54.072Z ["[Lighter] Styles routed to \u001b[36m/sly.css\u001b[39m. \u001b[90mx1\u001b[39m"]
INFO 2015-01-21T23:07:54.074Z ["[Lighter] Controllers loaded. \u001b[90mx2\u001b[39m"]
INFO 2015-01-21T23:07:54.081Z ["[Lighter] Styles routed to \u001b[36m/a.css\u001b[39m. \u001b[90mx1\u001b[39m"]
INFO 2015-01-21T23:07:55.835Z ["[Lighter] Views loaded. \u001b[90mx30\u001b[39m"]
INFO 2015-01-21T23:07:56.923Z ["[Ringer] Peer \u001b[36mBunny.local:8889\u001b[39m is listening."]
INFO 2015-01-21T23:07:56.927Z ["[Za] HTTP server listening on 8888."]
INFO 2015-01-21T23:07:56.930Z ["[Ringer] Opened \u001b[36m./data/worker0\u001b[39m database."]
INFO 2015-01-21T23:07:56.930Z ["[Lighter] Connected to memcache."]
INFO 2015-01-21T23:07:56.934Z ["[Lighter] Models loaded. \u001b[90mx0\u001b[39m"]
ERROR 2015-01-21T23:07:56.938Z ["ReferenceError: filename is not defined\n    at /Users/sam/Workspace/chug/lib/pack.js:21:21\n    at done (/Users/sam/Workspace/chug/common/fs/dive-file-paths.js:39:5)\n    at /Users/sam/Workspace/chug/common/fs/dive-file-paths.js:34:20\n    at Object.oncomplete (fs.js:107:15)"]
INFO 2015-01-21T23:07:56.944Z ["[Lighter] Scripts routed to \u001b[36m/sly.js\u001b[39m. \u001b[90mx1\u001b[39m"]
INFO 2015-01-21T23:07:56.944Z ["[Lighter] Styles routed to \u001b[36m/sly.css\u001b[39m. \u001b[90mx1\u001b[39m"]
INFO 2015-01-21T23:07:56.947Z ["[Lighter] Controllers loaded. \u001b[90mx2\u001b[39m"]
INFO 2015-01-21T23:07:56.954Z ["[Lighter] Styles routed to \u001b[36m/a.css\u001b[39m. \u001b[90mx1\u001b[39m"]
INFO 2015-01-21T23:07:58.703Z ["[Lighter] Views loaded. \u001b[90mx30\u001b[39m"]
INFO 2015-01-21T23:07:59.571Z ["[Ringer] Peer \u001b[36mBunny.local:8889\u001b[39m is listening."]
INFO 2015-01-21T23:07:59.575Z ["[Za] HTTP server listening on 8888."]
INFO 2015-01-21T23:07:59.578Z ["[Ringer] Opened \u001b[36m./data/worker0\u001b[39m database."]
INFO 2015-01-21T23:07:59.578Z ["[Lighter] Connected to memcache."]
INFO 2015-01-21T23:07:59.582Z ["[Lighter] Models loaded. \u001b[90mx0\u001b[39m"]
ERROR 2015-01-21T23:07:59.586Z ["ReferenceError: filename is not defined\n    at /Users/sam/Workspace/chug/lib/pack.js:21:21\n    at done (/Users/sam/Workspace/chug/common/fs/dive-file-paths.js:39:5)\n    at /Users/sam/Workspace/chug/common/fs/dive-file-paths.js:34:20\n    at Object.oncomplete (fs.js:107:15)"]
INFO 2015-01-21T23:07:59.592Z ["[Lighter] Scripts routed to \u001b[36m/sly.js\u001b[39m. \u001b[90mx1\u001b[39m"]
INFO 2015-01-21T23:07:59.593Z ["[Lighter] Styles routed to \u001b[36m/sly.css\u001b[39m. \u001b[90mx1\u001b[39m"]
INFO 2015-01-21T23:07:59.596Z ["[Lighter] Controllers loaded. \u001b[90mx2\u001b[39m"]
INFO 2015-01-21T23:07:59.602Z ["[Lighter] Styles routed to \u001b[36m/a.css\u001b[39m. \u001b[90mx1\u001b[39m"]
INFO 2015-01-21T23:08:00.438Z ["[Lighter] Views loaded. \u001b[90mx30\u001b[39m"]
