INFO 2015-01-21T22:29:11.909Z ["[Ringer] Peer \u001b[36mBunny.local:8889\u001b[39m is listening."]
INFO 2015-01-21T22:29:11.919Z ["[Za] HTTP server listening on 8888."]
INFO 2015-01-21T22:29:11.922Z ["[Ringer] Opened \u001b[36m./data/worker0\u001b[39m database."]
INFO 2015-01-21T22:29:11.923Z ["[Lighter] Connected to memcache."]
INFO 2015-01-21T22:29:11.929Z ["[Lighter] Models loaded. \u001b[90mx0\u001b[39m"]
INFO 2015-01-21T22:29:11.942Z ["[Lighter] Scripts routed to \u001b[36m/sly.js\u001b[39m. \u001b[90mx1\u001b[39m"]
INFO 2015-01-21T22:29:11.942Z ["[Lighter] Styles routed to \u001b[36m/sly.css\u001b[39m. \u001b[90mx1\u001b[39m"]
INFO 2015-01-21T22:29:11.946Z ["[Lighter] Controllers loaded. \u001b[90mx2\u001b[39m"]
INFO 2015-01-21T22:29:11.958Z ["[Lighter] Scripts routed to \u001b[36m/a.js\u001b[39m. \u001b[90mx1\u001b[39m"]
INFO 2015-01-21T22:29:11.965Z ["[Lighter] Styles routed to \u001b[36m/a.css\u001b[39m. \u001b[90mx1\u001b[39m"]
INFO 2015-01-21T22:29:13.634Z ["[Lighter] Views loaded. \u001b[90mx30\u001b[39m"]
INFO 2015-01-21T22:29:13.858Z ["[Lighter] Publics loaded. \u001b[90mx48\u001b[39m"]
INFO 2015-01-21T22:29:13.872Z ["[D6] Views routed to \u001b[36m/d6.js\u001b[39m."]
WARN 2015-01-21T22:29:39.041Z ["[Lighter] Changed \u001b[36m~/Workspace/chug/lib/load.js\u001b[39m."]
INFO 2015-01-21T22:29:39.927Z ["[Ringer] Peer \u001b[36mBunny.local:8889\u001b[39m is listening."]
INFO 2015-01-21T22:29:39.930Z ["[Za] HTTP server listening on 8888."]
INFO 2015-01-21T22:29:39.933Z ["[Ringer] Opened \u001b[36m./data/worker0\u001b[39m database."]
INFO 2015-01-21T22:29:39.933Z ["[Lighter] Connected to memcache."]
INFO 2015-01-21T22:29:39.937Z ["[Lighter] Models loaded. \u001b[90mx0\u001b[39m"]
INFO 2015-01-21T22:29:39.943Z ["[Lighter] Scripts routed to \u001b[36m/sly.js\u001b[39m. \u001b[90mx1\u001b[39m"]
INFO 2015-01-21T22:29:39.944Z ["[Lighter] Styles routed to \u001b[36m/sly.css\u001b[39m. \u001b[90mx1\u001b[39m"]
INFO 2015-01-21T22:29:39.946Z ["[Lighter] Controllers loaded. \u001b[90mx2\u001b[39m"]
INFO 2015-01-21T22:29:39.955Z ["[Lighter] Scripts routed to \u001b[36m/a.js\u001b[39m. \u001b[90mx1\u001b[39m"]
INFO 2015-01-21T22:29:39.959Z ["[Lighter] Styles routed to \u001b[36m/a.css\u001b[39m. \u001b[90mx1\u001b[39m"]
INFO 2015-01-21T22:29:40.826Z ["[Lighter] Views loaded. \u001b[90mx30\u001b[39m"]
INFO 2015-01-21T22:29:41.911Z ["[Lighter] Publics loaded. \u001b[90mx48\u001b[39m"]
INFO 2015-01-21T22:29:41.924Z ["[D6] Views routed to \u001b[36m/d6.js\u001b[39m."]
