WARN 2015-01-21T23:39:44.116Z ["[Lighter] Changed \u001b[36m~/Workspace/chug/lib/file.js\u001b[39m."]
INFO 2015-01-21T23:39:45.150Z ["[Ringer] Peer \u001b[36mBunny.local:8889\u001b[39m is listening."]
INFO 2015-01-21T23:39:45.153Z ["[Za] HTTP server listening on 8888."]
INFO 2015-01-21T23:39:45.155Z ["[Ringer] Opened \u001b[36m./data/worker0\u001b[39m database."]
INFO 2015-01-21T23:39:45.156Z ["[Lighter] Connected to memcache."]
INFO 2015-01-21T23:39:45.160Z ["[Lighter] Models loaded. \u001b[90mx0\u001b[39m"]
INFO 2015-01-21T23:39:45.532Z ["[Lighter] Scripts routed to \u001b[36m/sly.js\u001b[39m. \u001b[90mx1\u001b[39m"]
INFO 2015-01-21T23:39:45.533Z ["[Lighter] Styles routed to \u001b[36m/sly.css\u001b[39m. \u001b[90mx1\u001b[39m"]
INFO 2015-01-21T23:39:45.536Z ["[Lighter] Controllers loaded. \u001b[90mx2\u001b[39m"]
INFO 2015-01-21T23:39:46.437Z ["[Lighter] Views loaded. \u001b[90mx30\u001b[39m"]
INFO 2015-01-21T23:39:46.438Z ["[Lighter] Styles routed to \u001b[36m/a.css\u001b[39m. \u001b[90mx1\u001b[39m"]
INFO 2015-01-21T23:39:47.439Z ["[Lighter] Publics loaded. \u001b[90mx48\u001b[39m"]
INFO 2015-01-21T23:39:47.461Z ["[Lighter] Scripts routed to \u001b[36m/a.js\u001b[39m. \u001b[90mx1\u001b[39m"]
INFO 2015-01-21T23:39:47.506Z ["[D6] Views routed to \u001b[36m/d6.js\u001b[39m."]
ERROR 2015-01-21T23:39:47.857Z ["TypeError: Cannot read property 'length' of undefined\n  at ServerResponse.proto.zip (/Users/sam/Workspace/za/lib/Response.js:28:25)\n  at handle (/Users/sam/Workspace/chug/lib/asset.js:313:22)\n  at finish (/Users/sam/Workspace/za/lib/router.js:120:11)\n  at next (/Users/sam/Workspace/za/lib/router.js:66:18)\n  at Server.Router.self.serve (/Users/sam/Workspace/za/lib/router.js:133:5)\n  at Server.EventEmitter.emit (events.js:98:17)\n  at HTTPParser.parser.onIncoming (http.js:2108:12)\n  at HTTPParser.parserOnHeadersComplete [as onHeadersComplete] (http.js:121:23)\n  at Socket.socket.ondata (http.js:1966:22)\n  at TCP.onread (net.js:527:27)\n"]
INFO 2015-01-21T23:39:49.719Z ["[Ringer] Peer \u001b[36mBunny.local:8889\u001b[39m is listening."]
INFO 2015-01-21T23:39:49.723Z ["[Za] HTTP server listening on 8888."]
INFO 2015-01-21T23:39:49.726Z ["[Ringer] Opened \u001b[36m./data/worker0\u001b[39m database."]
INFO 2015-01-21T23:39:49.726Z ["[Lighter] Connected to memcache."]
INFO 2015-01-21T23:39:49.730Z ["[Lighter] Models loaded. \u001b[90mx0\u001b[39m"]
INFO 2015-01-21T23:39:50.123Z ["[Lighter] Scripts routed to \u001b[36m/sly.js\u001b[39m. \u001b[90mx1\u001b[39m"]
INFO 2015-01-21T23:39:50.124Z ["[Lighter] Styles routed to \u001b[36m/sly.css\u001b[39m. \u001b[90mx1\u001b[39m"]
INFO 2015-01-21T23:39:50.127Z ["[Lighter] Controllers loaded. \u001b[90mx2\u001b[39m"]
INFO 2015-01-21T23:39:50.135Z ["[Lighter] Scripts routed to \u001b[36m/a.js\u001b[39m. \u001b[90mx1\u001b[39m"]
INFO 2015-01-21T23:39:50.136Z ["[Lighter] Styles routed to \u001b[36m/a.css\u001b[39m. \u001b[90mx1\u001b[39m"]
INFO 2015-01-21T23:39:50.972Z ["[Lighter] Views loaded. \u001b[90mx30\u001b[39m"]
INFO 2015-01-21T23:39:52.017Z ["[Lighter] Publics loaded. \u001b[90mx48\u001b[39m"]
INFO 2015-01-21T23:39:52.033Z ["[D6] Views routed to \u001b[36m/d6.js\u001b[39m."]
ERROR 2015-01-21T23:39:52.863Z ["TypeError: Cannot read property 'length' of undefined\n  at ServerResponse.proto.zip (/Users/sam/Workspace/za/lib/Response.js:28:25)\n  at handle (/Users/sam/Workspace/chug/lib/asset.js:313:22)\n  at finish (/Users/sam/Workspace/za/lib/router.js:120:11)\n  at next (/Users/sam/Workspace/za/lib/router.js:66:18)\n  at Server.Router.self.serve (/Users/sam/Workspace/za/lib/router.js:133:5)\n  at Server.EventEmitter.emit (events.js:98:17)\n  at HTTPParser.parser.onIncoming (http.js:2108:12)\n  at HTTPParser.parserOnHeadersComplete [as onHeadersComplete] (http.js:121:23)\n  at Socket.socket.ondata (http.js:1966:22)\n  at TCP.onread (net.js:527:27)\n"]
INFO 2015-01-21T23:39:54.731Z ["[Ringer] Peer \u001b[36mBunny.local:8889\u001b[39m is listening."]
INFO 2015-01-21T23:39:54.734Z ["[Za] HTTP server listening on 8888."]
INFO 2015-01-21T23:39:54.737Z ["[Ringer] Opened \u001b[36m./data/worker0\u001b[39m database."]
INFO 2015-01-21T23:39:54.737Z ["[Lighter] Connected to memcache."]
INFO 2015-01-21T23:39:54.741Z ["[Lighter] Models loaded. \u001b[90mx0\u001b[39m"]
INFO 2015-01-21T23:39:55.128Z ["[Lighter] Scripts routed to \u001b[36m/sly.js\u001b[39m. \u001b[90mx1\u001b[39m"]
INFO 2015-01-21T23:39:55.129Z ["[Lighter] Styles routed to \u001b[36m/sly.css\u001b[39m. \u001b[90mx1\u001b[39m"]
INFO 2015-01-21T23:39:55.132Z ["[Lighter] Controllers loaded. \u001b[90mx2\u001b[39m"]
INFO 2015-01-21T23:39:55.140Z ["[Lighter] Scripts routed to \u001b[36m/a.js\u001b[39m. \u001b[90mx1\u001b[39m"]
INFO 2015-01-21T23:39:55.141Z ["[Lighter] Styles routed to \u001b[36m/a.css\u001b[39m. \u001b[90mx1\u001b[39m"]
INFO 2015-01-21T23:39:56.743Z ["[Lighter] Views loaded. \u001b[90mx30\u001b[39m"]
INFO 2015-01-21T23:39:56.966Z ["[Lighter] Publics loaded. \u001b[90mx48\u001b[39m"]
INFO 2015-01-21T23:39:56.983Z ["[D6] Views routed to \u001b[36m/d6.js\u001b[39m."]
