INFO 2014-12-09T19:51:00.288Z ["[Lighter] Models loaded. \u001b[90mx0\u001b[39m"]
INFO 2014-12-09T19:51:00.296Z ["[Lighter] Scripts routed to \u001b[36m/sly.js\u001b[39m. \u001b[90mx1\u001b[39m"]
INFO 2014-12-09T19:51:00.297Z ["[Lighter] Styles routed to \u001b[36m/sly.css\u001b[39m. \u001b[90mx1\u001b[39m"]
INFO 2014-12-09T19:51:00.299Z ["[Lighter] Controllers loaded. \u001b[90mx2\u001b[39m"]
INFO 2014-12-09T19:51:00.312Z ["[Lighter] Scripts routed to \u001b[36m/a.js\u001b[39m. \u001b[90mx1\u001b[39m"]
INFO 2014-12-09T19:51:00.314Z ["[Lighter] Styles routed to \u001b[36m/a.css\u001b[39m. \u001b[90mx1\u001b[39m"]
ERROR 2014-12-09T19:51:01.295Z ["ReferenceError: template is not defined\n    at Object.scope.ltl.scope.ltl.compile (/Users/sam/Workspace/ltl/ltl.js:790:14)\n    at appendBlock (/Users/sam/Workspace/ltl/ltl.js:247:25)\n    at Object.scope.ltl.scope.ltl.compile (/Users/sam/Workspace/ltl/ltl.js:745:9)\n    at appendBlock (/Users/sam/Workspace/ltl/ltl.js:240:31)\n    at Object.scope.ltl.scope.ltl.compile (/Users/sam/Workspace/ltl/ltl.js:745:9)\n    at init.compile (/Users/sam/Workspace/chug/lib/asset.js:87:29)\n    at /Users/sam/Workspace/chug/lib/Load.js:467:21\n    at Array.forEach (native)\n    at /Users/sam/Workspace/chug/lib/Load.js:192:21\n    at onceReadyEach (/Users/sam/Workspace/chug/lib/waiter.js:108:9)"]
INFO 2014-12-09T19:51:02.038Z ["[Lighter] Models loaded. \u001b[90mx0\u001b[39m"]
INFO 2014-12-09T19:51:02.047Z ["[Lighter] Scripts routed to \u001b[36m/sly.js\u001b[39m. \u001b[90mx1\u001b[39m"]
INFO 2014-12-09T19:51:02.048Z ["[Lighter] Styles routed to \u001b[36m/sly.css\u001b[39m. \u001b[90mx1\u001b[39m"]
INFO 2014-12-09T19:51:02.050Z ["[Lighter] Controllers loaded. \u001b[90mx2\u001b[39m"]
INFO 2014-12-09T19:51:02.062Z ["[Lighter] Scripts routed to \u001b[36m/a.js\u001b[39m. \u001b[90mx1\u001b[39m"]
INFO 2014-12-09T19:51:02.064Z ["[Lighter] Styles routed to \u001b[36m/a.css\u001b[39m. \u001b[90mx1\u001b[39m"]
ERROR 2014-12-09T19:51:02.932Z ["ReferenceError: template is not defined\n    at Object.scope.ltl.scope.ltl.compile (/Users/sam/Workspace/ltl/ltl.js:790:14)\n    at appendBlock (/Users/sam/Workspace/ltl/ltl.js:247:25)\n    at Object.scope.ltl.scope.ltl.compile (/Users/sam/Workspace/ltl/ltl.js:745:9)\n    at appendBlock (/Users/sam/Workspace/ltl/ltl.js:240:31)\n    at Object.scope.ltl.scope.ltl.compile (/Users/sam/Workspace/ltl/ltl.js:745:9)\n    at init.compile (/Users/sam/Workspace/chug/lib/asset.js:87:29)\n    at /Users/sam/Workspace/chug/lib/Load.js:467:21\n    at Array.forEach (native)\n    at /Users/sam/Workspace/chug/lib/Load.js:192:21\n    at onceReadyEach (/Users/sam/Workspace/chug/lib/waiter.js:108:9)"]
INFO 2014-12-09T19:51:03.673Z ["[Lighter] Models loaded. \u001b[90mx0\u001b[39m"]
INFO 2014-12-09T19:51:03.681Z ["[Lighter] Scripts routed to \u001b[36m/sly.js\u001b[39m. \u001b[90mx1\u001b[39m"]
INFO 2014-12-09T19:51:03.682Z ["[Lighter] Styles routed to \u001b[36m/sly.css\u001b[39m. \u001b[90mx1\u001b[39m"]
INFO 2014-12-09T19:51:03.684Z ["[Lighter] Controllers loaded. \u001b[90mx2\u001b[39m"]
INFO 2014-12-09T19:51:03.696Z ["[Lighter] Scripts routed to \u001b[36m/a.js\u001b[39m. \u001b[90mx1\u001b[39m"]
INFO 2014-12-09T19:51:03.699Z ["[Lighter] Styles routed to \u001b[36m/a.css\u001b[39m. \u001b[90mx1\u001b[39m"]
INFO 2014-12-09T19:51:04.794Z ["[Lighter] Publics loaded. \u001b[90mx48\u001b[39m"]
ERROR 2014-12-09T19:51:04.806Z ["ReferenceError: template is not defined\n    at Object.scope.ltl.scope.ltl.compile (/Users/sam/Workspace/ltl/ltl.js:790:14)\n    at appendBlock (/Users/sam/Workspace/ltl/ltl.js:247:25)\n    at Object.scope.ltl.scope.ltl.compile (/Users/sam/Workspace/ltl/ltl.js:745:9)\n    at appendBlock (/Users/sam/Workspace/ltl/ltl.js:240:31)\n    at Object.scope.ltl.scope.ltl.compile (/Users/sam/Workspace/ltl/ltl.js:745:9)\n    at init.compile (/Users/sam/Workspace/chug/lib/asset.js:87:29)\n    at /Users/sam/Workspace/chug/lib/Load.js:467:21\n    at Array.forEach (native)\n    at /Users/sam/Workspace/chug/lib/Load.js:192:21\n    at onceReadyEach (/Users/sam/Workspace/chug/lib/waiter.js:108:9)"]
INFO 2014-12-09T19:51:05.551Z ["[Lighter] Models loaded. \u001b[90mx0\u001b[39m"]
INFO 2014-12-09T19:51:05.559Z ["[Lighter] Scripts routed to \u001b[36m/sly.js\u001b[39m. \u001b[90mx1\u001b[39m"]
INFO 2014-12-09T19:51:05.560Z ["[Lighter] Styles routed to \u001b[36m/sly.css\u001b[39m. \u001b[90mx1\u001b[39m"]
INFO 2014-12-09T19:51:05.562Z ["[Lighter] Controllers loaded. \u001b[90mx2\u001b[39m"]
INFO 2014-12-09T19:51:05.574Z ["[Lighter] Scripts routed to \u001b[36m/a.js\u001b[39m. \u001b[90mx1\u001b[39m"]
INFO 2014-12-09T19:51:05.576Z ["[Lighter] Styles routed to \u001b[36m/a.css\u001b[39m. \u001b[90mx1\u001b[39m"]
ERROR 2014-12-09T19:51:05.592Z ["ReferenceError: template is not defined\n    at Object.scope.ltl.scope.ltl.compile (/Users/sam/Workspace/ltl/ltl.js:790:14)\n    at appendBlock (/Users/sam/Workspace/ltl/ltl.js:247:25)\n    at Object.scope.ltl.scope.ltl.compile (/Users/sam/Workspace/ltl/ltl.js:745:9)\n    at appendBlock (/Users/sam/Workspace/ltl/ltl.js:240:31)\n    at Object.scope.ltl.scope.ltl.compile (/Users/sam/Workspace/ltl/ltl.js:745:9)\n    at init.compile (/Users/sam/Workspace/chug/lib/asset.js:87:29)\n    at /Users/sam/Workspace/chug/lib/Load.js:467:21\n    at Array.forEach (native)\n    at /Users/sam/Workspace/chug/lib/Load.js:192:21\n    at onceReadyEach (/Users/sam/Workspace/chug/lib/waiter.js:108:9)"]
INFO 2014-12-09T19:51:06.330Z ["[Lighter] Models loaded. \u001b[90mx0\u001b[39m"]
INFO 2014-12-09T19:51:06.338Z ["[Lighter] Scripts routed to \u001b[36m/sly.js\u001b[39m. \u001b[90mx1\u001b[39m"]
INFO 2014-12-09T19:51:06.339Z ["[Lighter] Styles routed to \u001b[36m/sly.css\u001b[39m. \u001b[90mx1\u001b[39m"]
INFO 2014-12-09T19:51:06.342Z ["[Lighter] Controllers loaded. \u001b[90mx2\u001b[39m"]
INFO 2014-12-09T19:51:06.354Z ["[Lighter] Scripts routed to \u001b[36m/a.js\u001b[39m. \u001b[90mx1\u001b[39m"]
INFO 2014-12-09T19:51:06.356Z ["[Lighter] Styles routed to \u001b[36m/a.css\u001b[39m. \u001b[90mx1\u001b[39m"]
ERROR 2014-12-09T19:51:06.372Z ["ReferenceError: template is not defined\n    at Object.scope.ltl.scope.ltl.compile (/Users/sam/Workspace/ltl/ltl.js:790:14)\n    at appendBlock (/Users/sam/Workspace/ltl/ltl.js:247:25)\n    at Object.scope.ltl.scope.ltl.compile (/Users/sam/Workspace/ltl/ltl.js:745:9)\n    at appendBlock (/Users/sam/Workspace/ltl/ltl.js:240:31)\n    at Object.scope.ltl.scope.ltl.compile (/Users/sam/Workspace/ltl/ltl.js:745:9)\n    at init.compile (/Users/sam/Workspace/chug/lib/asset.js:87:29)\n    at /Users/sam/Workspace/chug/lib/Load.js:467:21\n    at Array.forEach (native)\n    at /Users/sam/Workspace/chug/lib/Load.js:192:21\n    at onceReadyEach (/Users/sam/Workspace/chug/lib/waiter.js:108:9)"]
INFO 2014-12-09T19:51:07.113Z ["[Lighter] Models loaded. \u001b[90mx0\u001b[39m"]
INFO 2014-12-09T19:51:07.121Z ["[Lighter] Scripts routed to \u001b[36m/sly.js\u001b[39m. \u001b[90mx1\u001b[39m"]
INFO 2014-12-09T19:51:07.121Z ["[Lighter] Styles routed to \u001b[36m/sly.css\u001b[39m. \u001b[90mx1\u001b[39m"]
INFO 2014-12-09T19:51:07.124Z ["[Lighter] Controllers loaded. \u001b[90mx2\u001b[39m"]
INFO 2014-12-09T19:51:07.136Z ["[Lighter] Scripts routed to \u001b[36m/a.js\u001b[39m. \u001b[90mx1\u001b[39m"]
INFO 2014-12-09T19:51:07.138Z ["[Lighter] Styles routed to \u001b[36m/a.css\u001b[39m. \u001b[90mx1\u001b[39m"]
ERROR 2014-12-09T19:51:07.154Z ["ReferenceError: template is not defined\n    at Object.scope.ltl.scope.ltl.compile (/Users/sam/Workspace/ltl/ltl.js:790:14)\n    at appendBlock (/Users/sam/Workspace/ltl/ltl.js:247:25)\n    at Object.scope.ltl.scope.ltl.compile (/Users/sam/Workspace/ltl/ltl.js:745:9)\n    at appendBlock (/Users/sam/Workspace/ltl/ltl.js:240:31)\n    at Object.scope.ltl.scope.ltl.compile (/Users/sam/Workspace/ltl/ltl.js:745:9)\n    at init.compile (/Users/sam/Workspace/chug/lib/asset.js:87:29)\n    at /Users/sam/Workspace/chug/lib/Load.js:467:21\n    at Array.forEach (native)\n    at /Users/sam/Workspace/chug/lib/Load.js:192:21\n    at onceReadyEach (/Users/sam/Workspace/chug/lib/waiter.js:108:9)"]
INFO 2014-12-09T19:51:07.895Z ["[Lighter] Models loaded. \u001b[90mx0\u001b[39m"]
INFO 2014-12-09T19:51:07.903Z ["[Lighter] Scripts routed to \u001b[36m/sly.js\u001b[39m. \u001b[90mx1\u001b[39m"]
INFO 2014-12-09T19:51:07.903Z ["[Lighter] Styles routed to \u001b[36m/sly.css\u001b[39m. \u001b[90mx1\u001b[39m"]
INFO 2014-12-09T19:51:07.906Z ["[Lighter] Controllers loaded. \u001b[90mx2\u001b[39m"]
INFO 2014-12-09T19:51:07.918Z ["[Lighter] Scripts routed to \u001b[36m/a.js\u001b[39m. \u001b[90mx1\u001b[39m"]
INFO 2014-12-09T19:51:07.920Z ["[Lighter] Styles routed to \u001b[36m/a.css\u001b[39m. \u001b[90mx1\u001b[39m"]
ERROR 2014-12-09T19:51:07.937Z ["ReferenceError: template is not defined\n    at Object.scope.ltl.scope.ltl.compile (/Users/sam/Workspace/ltl/ltl.js:790:14)\n    at appendBlock (/Users/sam/Workspace/ltl/ltl.js:247:25)\n    at Object.scope.ltl.scope.ltl.compile (/Users/sam/Workspace/ltl/ltl.js:745:9)\n    at appendBlock (/Users/sam/Workspace/ltl/ltl.js:240:31)\n    at Object.scope.ltl.scope.ltl.compile (/Users/sam/Workspace/ltl/ltl.js:745:9)\n    at init.compile (/Users/sam/Workspace/chug/lib/asset.js:87:29)\n    at /Users/sam/Workspace/chug/lib/Load.js:467:21\n    at Array.forEach (native)\n    at /Users/sam/Workspace/chug/lib/Load.js:192:21\n    at onceReadyEach (/Users/sam/Workspace/chug/lib/waiter.js:108:9)"]
INFO 2014-12-09T19:51:08.680Z ["[Lighter] Models loaded. \u001b[90mx0\u001b[39m"]
INFO 2014-12-09T19:51:08.688Z ["[Lighter] Scripts routed to \u001b[36m/sly.js\u001b[39m. \u001b[90mx1\u001b[39m"]
INFO 2014-12-09T19:51:08.689Z ["[Lighter] Styles routed to \u001b[36m/sly.css\u001b[39m. \u001b[90mx1\u001b[39m"]
INFO 2014-12-09T19:51:08.691Z ["[Lighter] Controllers loaded. \u001b[90mx2\u001b[39m"]
INFO 2014-12-09T19:51:08.704Z ["[Lighter] Scripts routed to \u001b[36m/a.js\u001b[39m. \u001b[90mx1\u001b[39m"]
INFO 2014-12-09T19:51:08.707Z ["[Lighter] Styles routed to \u001b[36m/a.css\u001b[39m. \u001b[90mx1\u001b[39m"]
ERROR 2014-12-09T19:51:09.769Z ["ReferenceError: template is not defined\n    at Object.scope.ltl.scope.ltl.compile (/Users/sam/Workspace/ltl/ltl.js:790:14)\n    at appendBlock (/Users/sam/Workspace/ltl/ltl.js:247:25)\n    at Object.scope.ltl.scope.ltl.compile (/Users/sam/Workspace/ltl/ltl.js:745:9)\n    at appendBlock (/Users/sam/Workspace/ltl/ltl.js:240:31)\n    at Object.scope.ltl.scope.ltl.compile (/Users/sam/Workspace/ltl/ltl.js:745:9)\n    at init.compile (/Users/sam/Workspace/chug/lib/asset.js:87:29)\n    at /Users/sam/Workspace/chug/lib/Load.js:467:21\n    at Array.forEach (native)\n    at /Users/sam/Workspace/chug/lib/Load.js:192:21\n    at onceReadyEach (/Users/sam/Workspace/chug/lib/waiter.js:108:9)"]
INFO 2014-12-09T19:51:10.521Z ["[Lighter] Models loaded. \u001b[90mx0\u001b[39m"]
INFO 2014-12-09T19:51:10.529Z ["[Lighter] Scripts routed to \u001b[36m/sly.js\u001b[39m. \u001b[90mx1\u001b[39m"]
INFO 2014-12-09T19:51:10.530Z ["[Lighter] Styles routed to \u001b[36m/sly.css\u001b[39m. \u001b[90mx1\u001b[39m"]
INFO 2014-12-09T19:51:10.532Z ["[Lighter] Controllers loaded. \u001b[90mx2\u001b[39m"]
INFO 2014-12-09T19:51:10.546Z ["[Lighter] Scripts routed to \u001b[36m/a.js\u001b[39m. \u001b[90mx1\u001b[39m"]
INFO 2014-12-09T19:51:10.548Z ["[Lighter] Styles routed to \u001b[36m/a.css\u001b[39m. \u001b[90mx1\u001b[39m"]
ERROR 2014-12-09T19:51:11.589Z ["ReferenceError: template is not defined\n    at Object.scope.ltl.scope.ltl.compile (/Users/sam/Workspace/ltl/ltl.js:790:14)\n    at appendBlock (/Users/sam/Workspace/ltl/ltl.js:247:25)\n    at Object.scope.ltl.scope.ltl.compile (/Users/sam/Workspace/ltl/ltl.js:745:9)\n    at appendBlock (/Users/sam/Workspace/ltl/ltl.js:240:31)\n    at Object.scope.ltl.scope.ltl.compile (/Users/sam/Workspace/ltl/ltl.js:745:9)\n    at init.compile (/Users/sam/Workspace/chug/lib/asset.js:87:29)\n    at /Users/sam/Workspace/chug/lib/Load.js:467:21\n    at Array.forEach (native)\n    at /Users/sam/Workspace/chug/lib/Load.js:192:21\n    at onceReadyEach (/Users/sam/Workspace/chug/lib/waiter.js:108:9)"]
INFO 2014-12-09T19:51:12.341Z ["[Lighter] Models loaded. \u001b[90mx0\u001b[39m"]
INFO 2014-12-09T19:51:12.348Z ["[Lighter] Scripts routed to \u001b[36m/sly.js\u001b[39m. \u001b[90mx1\u001b[39m"]
INFO 2014-12-09T19:51:12.349Z ["[Lighter] Styles routed to \u001b[36m/sly.css\u001b[39m. \u001b[90mx1\u001b[39m"]
INFO 2014-12-09T19:51:12.351Z ["[Lighter] Controllers loaded. \u001b[90mx2\u001b[39m"]
INFO 2014-12-09T19:51:12.363Z ["[Lighter] Scripts routed to \u001b[36m/a.js\u001b[39m. \u001b[90mx1\u001b[39m"]
INFO 2014-12-09T19:51:12.365Z ["[Lighter] Styles routed to \u001b[36m/a.css\u001b[39m. \u001b[90mx1\u001b[39m"]
INFO 2014-12-09T19:51:13.464Z ["[Lighter] Publics loaded. \u001b[90mx48\u001b[39m"]
ERROR 2014-12-09T19:51:13.476Z ["ReferenceError: template is not defined\n    at Object.scope.ltl.scope.ltl.compile (/Users/sam/Workspace/ltl/ltl.js:790:14)\n    at appendBlock (/Users/sam/Workspace/ltl/ltl.js:247:25)\n    at Object.scope.ltl.scope.ltl.compile (/Users/sam/Workspace/ltl/ltl.js:745:9)\n    at appendBlock (/Users/sam/Workspace/ltl/ltl.js:240:31)\n    at Object.scope.ltl.scope.ltl.compile (/Users/sam/Workspace/ltl/ltl.js:745:9)\n    at init.compile (/Users/sam/Workspace/chug/lib/asset.js:87:29)\n    at /Users/sam/Workspace/chug/lib/Load.js:467:21\n    at Array.forEach (native)\n    at /Users/sam/Workspace/chug/lib/Load.js:192:21\n    at onceReadyEach (/Users/sam/Workspace/chug/lib/waiter.js:108:9)"]
INFO 2014-12-09T19:51:14.225Z ["[Lighter] Models loaded. \u001b[90mx0\u001b[39m"]
INFO 2014-12-09T19:51:14.233Z ["[Lighter] Scripts routed to \u001b[36m/sly.js\u001b[39m. \u001b[90mx1\u001b[39m"]
INFO 2014-12-09T19:51:14.234Z ["[Lighter] Styles routed to \u001b[36m/sly.css\u001b[39m. \u001b[90mx1\u001b[39m"]
INFO 2014-12-09T19:51:14.237Z ["[Lighter] Controllers loaded. \u001b[90mx2\u001b[39m"]
INFO 2014-12-09T19:51:14.250Z ["[Lighter] Scripts routed to \u001b[36m/a.js\u001b[39m. \u001b[90mx1\u001b[39m"]
INFO 2014-12-09T19:51:14.252Z ["[Lighter] Styles routed to \u001b[36m/a.css\u001b[39m. \u001b[90mx1\u001b[39m"]
INFO 2014-12-09T19:51:16.118Z ["[Lighter] Views loaded. \u001b[90mx30\u001b[39m"]
INFO 2014-12-09T19:51:16.180Z ["[Lighter] Publics loaded. \u001b[90mx48\u001b[39m"]
WARN 2014-12-09T19:51:16.185Z ["[Lighter] Changed \u001b[36m~/Workspace/ltl/ltl.js\u001b[39m."]
INFO 2014-12-09T19:51:16.934Z ["[Lighter] Models loaded. \u001b[90mx0\u001b[39m"]
INFO 2014-12-09T19:51:16.942Z ["[Lighter] Scripts routed to \u001b[36m/sly.js\u001b[39m. \u001b[90mx1\u001b[39m"]
INFO 2014-12-09T19:51:16.943Z ["[Lighter] Styles routed to \u001b[36m/sly.css\u001b[39m. \u001b[90mx1\u001b[39m"]
INFO 2014-12-09T19:51:16.945Z ["[Lighter] Controllers loaded. \u001b[90mx2\u001b[39m"]
INFO 2014-12-09T19:51:16.958Z ["[Lighter] Scripts routed to \u001b[36m/a.js\u001b[39m. \u001b[90mx1\u001b[39m"]
INFO 2014-12-09T19:51:16.961Z ["[Lighter] Styles routed to \u001b[36m/a.css\u001b[39m. \u001b[90mx1\u001b[39m"]
INFO 2014-12-09T19:51:18.007Z ["[Lighter] Publics loaded. \u001b[90mx48\u001b[39m"]
INFO 2014-12-09T19:51:18.827Z ["[Lighter] Views loaded. \u001b[90mx30\u001b[39m"]
INFO 2014-12-09T19:51:18.841Z ["[D6] Views routed to \u001b[36m/d6.js\u001b[39m."]
ERROR 2014-12-09T19:51:33.702Z ["TypeError: Cannot call method 'call' of undefined\n  at Object.eval.f [as error404] (<anonymous>:1:42)\n  at ServerResponse.proto.view.proto.render (/Users/sam/Workspace/lighter/lib/response.js:36:27)\n  at ServerResponse.proto.error500.proto.error (/Users/sam/Workspace/lighter/lib/response.js:84:9)\n  at finish (/Users/sam/Workspace/za/lib/router.js:124:18)\n  at next (/Users/sam/Workspace/za/lib/router.js:66:18)\n  at Server.Router.self.serve (/Users/sam/Workspace/za/lib/router.js:133:5)\n  at Server.EventEmitter.emit (events.js:98:17)\n  at HTTPParser.parser.onIncoming (http.js:2108:12)\n  at HTTPParser.parserOnHeadersComplete [as onHeadersComplete] (http.js:121:23)\n  at Socket.socket.ondata (http.js:1966:22)\n  at TCP.onread (net.js:527:27)\n"]
INFO 2014-12-09T19:51:34.448Z ["[Lighter] Models loaded. \u001b[90mx0\u001b[39m"]
INFO 2014-12-09T19:51:34.456Z ["[Lighter] Scripts routed to \u001b[36m/sly.js\u001b[39m. \u001b[90mx1\u001b[39m"]
INFO 2014-12-09T19:51:34.456Z ["[Lighter] Styles routed to \u001b[36m/sly.css\u001b[39m. \u001b[90mx1\u001b[39m"]
INFO 2014-12-09T19:51:34.459Z ["[Lighter] Controllers loaded. \u001b[90mx2\u001b[39m"]
INFO 2014-12-09T19:51:34.472Z ["[Lighter] Scripts routed to \u001b[36m/a.js\u001b[39m. \u001b[90mx1\u001b[39m"]
INFO 2014-12-09T19:51:34.474Z ["[Lighter] Styles routed to \u001b[36m/a.css\u001b[39m. \u001b[90mx1\u001b[39m"]
INFO 2014-12-09T19:51:35.300Z ["[Lighter] Views loaded. \u001b[90mx30\u001b[39m"]
INFO 2014-12-09T19:51:36.340Z ["[Lighter] Publics loaded. \u001b[90mx48\u001b[39m"]
INFO 2014-12-09T19:51:36.353Z ["[D6] Views routed to \u001b[36m/d6.js\u001b[39m."]
