ERROR 2014-12-09T15:21:04.168Z ["TypeError: Cannot call method 'call' of undefined\n  at Object.eval.f [as error404] (<anonymous>:1:42)\n  at ServerResponse.proto.view.proto.render (/Users/sam/Workspace/lighter/lib/response.js:36:27)\n  at ServerResponse.proto.error500.proto.error (/Users/sam/Workspace/lighter/lib/response.js:83:9)\n  at finish (/Users/sam/Workspace/za/lib/router.js:124:18)\n  at next (/Users/sam/Workspace/za/lib/router.js:66:18)\n  at Server.Router.self.serve (/Users/sam/Workspace/za/lib/router.js:133:5)\n  at Server.EventEmitter.emit (events.js:98:17)\n  at HTTPParser.parser.onIncoming (http.js:2108:12)\n  at HTTPParser.parserOnHeadersComplete [as onHeadersComplete] (http.js:121:23)\n  at Socket.socket.ondata (http.js:1966:22)\n  at TCP.onread (net.js:527:27)\n"]
INFO 2014-12-09T15:21:04.923Z ["[Lighter] Models loaded. \u001b[90mx0\u001b[39m"]
INFO 2014-12-09T15:21:04.931Z ["[Lighter] Scripts routed to \u001b[36m/sly.js\u001b[39m. \u001b[90mx1\u001b[39m"]
INFO 2014-12-09T15:21:04.932Z ["[Lighter] Styles routed to \u001b[36m/sly.css\u001b[39m. \u001b[90mx1\u001b[39m"]
INFO 2014-12-09T15:21:04.934Z ["[Lighter] Controllers loaded. \u001b[90mx2\u001b[39m"]
INFO 2014-12-09T15:21:04.948Z ["[Lighter] Scripts routed to \u001b[36m/a.js\u001b[39m. \u001b[90mx1\u001b[39m"]
INFO 2014-12-09T15:21:04.950Z ["[Lighter] Styles routed to \u001b[36m/a.css\u001b[39m. \u001b[90mx1\u001b[39m"]
INFO 2014-12-09T15:21:06.122Z ["[Lighter] Publics loaded. \u001b[90mx48\u001b[39m"]
INFO 2014-12-09T15:21:06.956Z ["[Lighter] Views loaded. \u001b[90mx30\u001b[39m"]
INFO 2014-12-09T15:21:06.969Z ["[D6] Views routed to \u001b[36m/d6.js\u001b[39m."]
WARN 2014-12-09T15:21:44.779Z ["[Lighter] Changed \u001b[36m~/Workspace/lighter/lib/response.js\u001b[39m."]
INFO 2014-12-09T15:21:45.541Z ["[Lighter] Models loaded. \u001b[90mx0\u001b[39m"]
INFO 2014-12-09T15:21:45.549Z ["[Lighter] Scripts routed to \u001b[36m/sly.js\u001b[39m. \u001b[90mx1\u001b[39m"]
INFO 2014-12-09T15:21:45.550Z ["[Lighter] Styles routed to \u001b[36m/sly.css\u001b[39m. \u001b[90mx1\u001b[39m"]
INFO 2014-12-09T15:21:45.552Z ["[Lighter] Controllers loaded. \u001b[90mx2\u001b[39m"]
INFO 2014-12-09T15:21:45.563Z ["[Lighter] Scripts routed to \u001b[36m/a.js\u001b[39m. \u001b[90mx1\u001b[39m"]
INFO 2014-12-09T15:21:45.566Z ["[Lighter] Styles routed to \u001b[36m/a.css\u001b[39m. \u001b[90mx1\u001b[39m"]
INFO 2014-12-09T15:21:47.144Z ["[Lighter] Models loaded. \u001b[90mx0\u001b[39m"]
INFO 2014-12-09T15:21:47.151Z ["[Lighter] Scripts routed to \u001b[36m/sly.js\u001b[39m. \u001b[90mx1\u001b[39m"]
INFO 2014-12-09T15:21:47.152Z ["[Lighter] Styles routed to \u001b[36m/sly.css\u001b[39m. \u001b[90mx1\u001b[39m"]
INFO 2014-12-09T15:21:47.155Z ["[Lighter] Controllers loaded. \u001b[90mx2\u001b[39m"]
INFO 2014-12-09T15:21:47.167Z ["[Lighter] Scripts routed to \u001b[36m/a.js\u001b[39m. \u001b[90mx1\u001b[39m"]
INFO 2014-12-09T15:21:47.170Z ["[Lighter] Styles routed to \u001b[36m/a.css\u001b[39m. \u001b[90mx1\u001b[39m"]
INFO 2014-12-09T15:21:48.237Z ["[Lighter] Publics loaded. \u001b[90mx48\u001b[39m"]
INFO 2014-12-09T15:21:49.056Z ["[Lighter] Views loaded. \u001b[90mx30\u001b[39m"]
INFO 2014-12-09T15:21:49.070Z ["[D6] Views routed to \u001b[36m/d6.js\u001b[39m."]
ERROR 2014-12-09T15:21:51.801Z ["TypeError: Cannot call method 'call' of undefined\n  at Object.eval.f [as error404] (<anonymous>:1:42)\n  at ServerResponse.proto.view.proto.render (/Users/sam/Workspace/lighter/lib/response.js:36:27)\n  at ServerResponse.proto.error500.proto.error (/Users/sam/Workspace/lighter/lib/response.js:83:9)\n  at finish (/Users/sam/Workspace/za/lib/router.js:124:18)\n  at next (/Users/sam/Workspace/za/lib/router.js:66:18)\n  at Server.Router.self.serve (/Users/sam/Workspace/za/lib/router.js:133:5)\n  at Server.EventEmitter.emit (events.js:98:17)\n  at HTTPParser.parser.onIncoming (http.js:2108:12)\n  at HTTPParser.parserOnHeadersComplete [as onHeadersComplete] (http.js:121:23)\n  at Socket.socket.ondata (http.js:1966:22)\n  at TCP.onread (net.js:527:27)\n"]
INFO 2014-12-09T15:21:52.551Z ["[Lighter] Models loaded. \u001b[90mx0\u001b[39m"]
INFO 2014-12-09T15:21:52.562Z ["[Lighter] Scripts routed to \u001b[36m/sly.js\u001b[39m. \u001b[90mx1\u001b[39m"]
INFO 2014-12-09T15:21:52.563Z ["[Lighter] Styles routed to \u001b[36m/sly.css\u001b[39m. \u001b[90mx1\u001b[39m"]
INFO 2014-12-09T15:21:52.565Z ["[Lighter] Controllers loaded. \u001b[90mx2\u001b[39m"]
INFO 2014-12-09T15:21:52.580Z ["[Lighter] Scripts routed to \u001b[36m/a.js\u001b[39m. \u001b[90mx1\u001b[39m"]
INFO 2014-12-09T15:21:52.584Z ["[Lighter] Styles routed to \u001b[36m/a.css\u001b[39m. \u001b[90mx1\u001b[39m"]
INFO 2014-12-09T15:21:54.435Z ["[Lighter] Views loaded. \u001b[90mx30\u001b[39m"]
INFO 2014-12-09T15:21:54.640Z ["[Lighter] Publics loaded. \u001b[90mx48\u001b[39m"]
INFO 2014-12-09T15:21:54.655Z ["[D6] Views routed to \u001b[36m/d6.js\u001b[39m."]
