WARN 2014-12-24T21:40:15.555Z ["[Lighter] Changed \u001b[36m~/Workspace/ormy/lib/audit-model.js\u001b[39m."]
INFO 2014-12-24T21:40:16.305Z ["[Lighter] Models loaded. \u001b[90mx0\u001b[39m"]
INFO 2014-12-24T21:40:16.315Z ["[Lighter] Scripts routed to \u001b[36m/sly.js\u001b[39m. \u001b[90mx1\u001b[39m"]
INFO 2014-12-24T21:40:16.316Z ["[Lighter] Styles routed to \u001b[36m/sly.css\u001b[39m. \u001b[90mx1\u001b[39m"]
INFO 2014-12-24T21:40:16.319Z ["[Lighter] Controllers loaded. \u001b[90mx2\u001b[39m"]
INFO 2014-12-24T21:40:16.331Z ["[Lighter] Scripts routed to \u001b[36m/a.js\u001b[39m. \u001b[90mx1\u001b[39m"]
INFO 2014-12-24T21:40:16.333Z ["[Lighter] Styles routed to \u001b[36m/a.css\u001b[39m. \u001b[90mx1\u001b[39m"]
INFO 2014-12-24T21:40:17.175Z ["[Lighter] Views loaded. \u001b[90mx30\u001b[39m"]
INFO 2014-12-24T21:40:18.311Z ["[Lighter] Publics loaded. \u001b[90mx48\u001b[39m"]
INFO 2014-12-24T21:40:18.328Z ["[D6] Views routed to \u001b[36m/d6.js\u001b[39m."]
WARN 2014-12-24T21:40:57.207Z ["[Lighter] Changed \u001b[36m~/Workspace/ormy/lib/audit-model.js\u001b[39m."]
INFO 2014-12-24T21:40:57.959Z ["[Lighter] Models loaded. \u001b[90mx0\u001b[39m"]
INFO 2014-12-24T21:40:57.968Z ["[Lighter] Scripts routed to \u001b[36m/sly.js\u001b[39m. \u001b[90mx1\u001b[39m"]
INFO 2014-12-24T21:40:57.968Z ["[Lighter] Styles routed to \u001b[36m/sly.css\u001b[39m. \u001b[90mx1\u001b[39m"]
INFO 2014-12-24T21:40:57.971Z ["[Lighter] Controllers loaded. \u001b[90mx2\u001b[39m"]
INFO 2014-12-24T21:40:57.983Z ["[Lighter] Scripts routed to \u001b[36m/a.js\u001b[39m. \u001b[90mx1\u001b[39m"]
INFO 2014-12-24T21:40:57.985Z ["[Lighter] Styles routed to \u001b[36m/a.css\u001b[39m. \u001b[90mx1\u001b[39m"]
INFO 2014-12-24T21:40:59.699Z ["[Lighter] Views loaded. \u001b[90mx30\u001b[39m"]
INFO 2014-12-24T21:40:59.937Z ["[Lighter] Publics loaded. \u001b[90mx48\u001b[39m"]
INFO 2014-12-24T21:40:59.951Z ["[D6] Views routed to \u001b[36m/d6.js\u001b[39m."]
