INFO 2014-12-24T22:05:10.864Z ["[Lighter] Models loaded. \u001b[90mx0\u001b[39m"]
INFO 2014-12-24T22:05:10.879Z ["[Lighter] Scripts routed to \u001b[36m/sly.js\u001b[39m. \u001b[90mx1\u001b[39m"]
INFO 2014-12-24T22:05:10.880Z ["[Lighter] Styles routed to \u001b[36m/sly.css\u001b[39m. \u001b[90mx1\u001b[39m"]
INFO 2014-12-24T22:05:10.884Z ["[Lighter] Controllers loaded. \u001b[90mx2\u001b[39m"]
INFO 2014-12-24T22:05:10.891Z ["[Ormy] Connected to \u001b[36mlighterio\u001b[39m database."]
INFO 2014-12-24T22:05:10.906Z ["[Lighter] Scripts routed to \u001b[36m/a.js\u001b[39m. \u001b[90mx1\u001b[39m"]
INFO 2014-12-24T22:05:10.911Z ["[Lighter] Styles routed to \u001b[36m/a.css\u001b[39m. \u001b[90mx1\u001b[39m"]
INFO 2014-12-24T22:05:12.177Z ["[Lighter] Publics loaded. \u001b[90mx48\u001b[39m"]
INFO 2014-12-24T22:05:13.237Z ["[Lighter] Views loaded. \u001b[90mx30\u001b[39m"]
WARN 2014-12-24T22:05:13.245Z ["[Lighter] Changed \u001b[36m~/Workspace/ormy/lib/database.js\u001b[39m."]
INFO 2014-12-24T22:05:14.049Z ["[Ormy] Connected to \u001b[36mlighterio\u001b[39m database."]
INFO 2014-12-24T22:05:14.050Z ["[Lighter] Models loaded. \u001b[90mx0\u001b[39m"]
INFO 2014-12-24T22:05:14.068Z ["[Lighter] Scripts routed to \u001b[36m/sly.js\u001b[39m. \u001b[90mx1\u001b[39m"]
INFO 2014-12-24T22:05:14.069Z ["[Lighter] Styles routed to \u001b[36m/sly.css\u001b[39m. \u001b[90mx1\u001b[39m"]
INFO 2014-12-24T22:05:14.073Z ["[Lighter] Controllers loaded. \u001b[90mx2\u001b[39m"]
INFO 2014-12-24T22:05:14.089Z ["[Lighter] Scripts routed to \u001b[36m/a.js\u001b[39m. \u001b[90mx1\u001b[39m"]
INFO 2014-12-24T22:05:14.093Z ["[Lighter] Styles routed to \u001b[36m/a.css\u001b[39m. \u001b[90mx1\u001b[39m"]
INFO 2014-12-24T22:05:15.369Z ["[Lighter] Publics loaded. \u001b[90mx48\u001b[39m"]
INFO 2014-12-24T22:05:16.446Z ["[Lighter] Views loaded. \u001b[90mx30\u001b[39m"]
INFO 2014-12-24T22:05:16.459Z ["[Ormy] Connected to \u001b[36mlighterio\u001b[39m database."]
INFO 2014-12-24T22:05:16.463Z ["[D6] Views routed to \u001b[36m/d6.js\u001b[39m."]
ERROR 2014-12-24T22:05:16.469Z ["TypeError: Cannot read property 'cyan' of undefined\n  at Function.<anonymous> (/Users/sam/Workspace/ormy/lib/mysql-database.js:71:71)\n  at endRun (/Users/sam/Workspace/plans/plans.js:233:8)\n  at done (/Users/sam/Workspace/plans/plans.js:544:7)\n  at Query._callback (/Users/sam/Workspace/plans/plans.js:692:9)\n  at Query.Sequence.end (/Users/sam/Workspace/ormy/node_modules/mysql/lib/protocol/sequences/Sequence.js:96:24)\n  at Query._handleFinalResultPacket (/Users/sam/Workspace/ormy/node_modules/mysql/lib/protocol/sequences/Query.js:143:8)\n  at Query.OkPacket (/Users/sam/Workspace/ormy/node_modules/mysql/lib/protocol/sequences/Query.js:77:10)\n  at Protocol._parsePacket (/Users/sam/Workspace/ormy/node_modules/mysql/lib/protocol/Protocol.js:270:23)\n  at Parser.write (/Users/sam/Workspace/ormy/node_modules/mysql/lib/protocol/Parser.js:77:12)\n  at Protocol.write (/Users/sam/Workspace/ormy/node_modules/mysql/lib/protocol/Protocol.js:39:16)\n  at Socket.<anonymous> (/Users/sam/Workspace/ormy/node_modules/mysql/lib/Connection.js:82:28)\n  at Socket.EventEmitter.emit (events.js:95:17)\n  at Socket.<anonymous> (_stream_readable.js:746:14)\n  at Socket.EventEmitter.emit (events.js:92:17)\n  at emitReadable_ (_stream_readable.js:408:10)\n  at emitReadable (_stream_readable.js:404:5)\n  at readableAddChunk (_stream_readable.js:165:9)\n  at Socket.Readable.push (_stream_readable.js:127:10)\n  at TCP.onread (net.js:528:21)\n"]
INFO 2014-12-24T22:05:17.263Z ["[Ormy] Connected to \u001b[36mlighterio\u001b[39m database."]
INFO 2014-12-24T22:05:17.265Z ["[Lighter] Models loaded. \u001b[90mx0\u001b[39m"]
ERROR 2014-12-24T22:05:17.278Z ["TypeError: Cannot read property 'cyan' of undefined\n    at Function.<anonymous> (/Users/sam/Workspace/ormy/lib/mysql-database.js:84:56)\n    at endRun (/Users/sam/Workspace/plans/plans.js:233:8)\n    at done (/Users/sam/Workspace/plans/plans.js:544:7)\n    at Query._callback (/Users/sam/Workspace/plans/plans.js:692:9)\n    at Query.Sequence.end (/Users/sam/Workspace/ormy/node_modules/mysql/lib/protocol/sequences/Sequence.js:96:24)\n    at Query._handleFinalResultPacket (/Users/sam/Workspace/ormy/node_modules/mysql/lib/protocol/sequences/Query.js:143:8)\n    at Query.EofPacket (/Users/sam/Workspace/ormy/node_modules/mysql/lib/protocol/sequences/Query.js:127:8)\n    at Protocol._parsePacket (/Users/sam/Workspace/ormy/node_modules/mysql/lib/protocol/Protocol.js:270:23)\n    at Parser.write (/Users/sam/Workspace/ormy/node_modules/mysql/lib/protocol/Parser.js:77:12)\n    at Protocol.write (/Users/sam/Workspace/ormy/node_modules/mysql/lib/protocol/Protocol.js:39:16)"]
INFO 2014-12-24T22:05:18.093Z ["[Ormy] Connected to \u001b[36mlighterio\u001b[39m database."]
INFO 2014-12-24T22:05:18.095Z ["[Lighter] Models loaded. \u001b[90mx0\u001b[39m"]
INFO 2014-12-24T22:05:18.917Z ["[Ormy] Connected to \u001b[36mlighterio\u001b[39m database."]
INFO 2014-12-24T22:05:18.919Z ["[Lighter] Models loaded. \u001b[90mx0\u001b[39m"]
INFO 2014-12-24T22:05:19.730Z ["[Ormy] Connected to \u001b[36mlighterio\u001b[39m database."]
INFO 2014-12-24T22:05:19.731Z ["[Lighter] Models loaded. \u001b[90mx0\u001b[39m"]
ERROR 2014-12-24T22:05:19.744Z ["TypeError: Cannot read property 'cyan' of undefined\n    at Function.<anonymous> (/Users/sam/Workspace/ormy/lib/mysql-database.js:84:56)\n    at endRun (/Users/sam/Workspace/plans/plans.js:233:8)\n    at done (/Users/sam/Workspace/plans/plans.js:544:7)\n    at Query._callback (/Users/sam/Workspace/plans/plans.js:692:9)\n    at Query.Sequence.end (/Users/sam/Workspace/ormy/node_modules/mysql/lib/protocol/sequences/Sequence.js:96:24)\n    at Query._handleFinalResultPacket (/Users/sam/Workspace/ormy/node_modules/mysql/lib/protocol/sequences/Query.js:143:8)\n    at Query.EofPacket (/Users/sam/Workspace/ormy/node_modules/mysql/lib/protocol/sequences/Query.js:127:8)\n    at Protocol._parsePacket (/Users/sam/Workspace/ormy/node_modules/mysql/lib/protocol/Protocol.js:270:23)\n    at Parser.write (/Users/sam/Workspace/ormy/node_modules/mysql/lib/protocol/Parser.js:77:12)\n    at Protocol.write (/Users/sam/Workspace/ormy/node_modules/mysql/lib/protocol/Protocol.js:39:16)"]
INFO 2014-12-24T22:05:20.560Z ["[Ormy] Connected to \u001b[36mlighterio\u001b[39m database."]
INFO 2014-12-24T22:05:20.562Z ["[Lighter] Models loaded. \u001b[90mx0\u001b[39m"]
INFO 2014-12-24T22:05:21.390Z ["[Ormy] Connected to \u001b[36mlighterio\u001b[39m database."]
INFO 2014-12-24T22:05:21.392Z ["[Lighter] Models loaded. \u001b[90mx0\u001b[39m"]
INFO 2014-12-24T22:05:22.197Z ["[Ormy] Connected to \u001b[36mlighterio\u001b[39m database."]
INFO 2014-12-24T22:05:22.199Z ["[Lighter] Models loaded. \u001b[90mx0\u001b[39m"]
INFO 2014-12-24T22:05:22.999Z ["[Ormy] Connected to \u001b[36mlighterio\u001b[39m database."]
INFO 2014-12-24T22:05:23.001Z ["[Lighter] Models loaded. \u001b[90mx0\u001b[39m"]
ERROR 2014-12-24T22:05:23.013Z ["TypeError: Cannot read property 'cyan' of undefined\n    at Function.<anonymous> (/Users/sam/Workspace/ormy/lib/mysql-database.js:84:56)\n    at endRun (/Users/sam/Workspace/plans/plans.js:233:8)\n    at done (/Users/sam/Workspace/plans/plans.js:544:7)\n    at Query._callback (/Users/sam/Workspace/plans/plans.js:692:9)\n    at Query.Sequence.end (/Users/sam/Workspace/ormy/node_modules/mysql/lib/protocol/sequences/Sequence.js:96:24)\n    at Query._handleFinalResultPacket (/Users/sam/Workspace/ormy/node_modules/mysql/lib/protocol/sequences/Query.js:143:8)\n    at Query.EofPacket (/Users/sam/Workspace/ormy/node_modules/mysql/lib/protocol/sequences/Query.js:127:8)\n    at Protocol._parsePacket (/Users/sam/Workspace/ormy/node_modules/mysql/lib/protocol/Protocol.js:270:23)\n    at Parser.write (/Users/sam/Workspace/ormy/node_modules/mysql/lib/protocol/Parser.js:77:12)\n    at Protocol.write (/Users/sam/Workspace/ormy/node_modules/mysql/lib/protocol/Protocol.js:39:16)"]
INFO 2014-12-24T22:05:23.828Z ["[Ormy] Connected to \u001b[36mlighterio\u001b[39m database."]
INFO 2014-12-24T22:05:23.830Z ["[Lighter] Models loaded. \u001b[90mx0\u001b[39m"]
INFO 2014-12-24T22:05:24.674Z ["[Ormy] Connected to \u001b[36mlighterio\u001b[39m database."]
INFO 2014-12-24T22:05:24.675Z ["[Lighter] Models loaded. \u001b[90mx0\u001b[39m"]
INFO 2014-12-24T22:05:25.481Z ["[Ormy] Connected to \u001b[36mlighterio\u001b[39m database."]
INFO 2014-12-24T22:05:25.483Z ["[Lighter] Models loaded. \u001b[90mx0\u001b[39m"]
INFO 2014-12-24T22:05:26.276Z ["[Ormy] Connected to \u001b[36mlighterio\u001b[39m database."]
INFO 2014-12-24T22:05:26.278Z ["[Lighter] Models loaded. \u001b[90mx0\u001b[39m"]
ERROR 2014-12-24T22:05:26.291Z ["TypeError: Cannot read property 'cyan' of undefined\n    at Function.<anonymous> (/Users/sam/Workspace/ormy/lib/mysql-database.js:84:56)\n    at endRun (/Users/sam/Workspace/plans/plans.js:233:8)\n    at done (/Users/sam/Workspace/plans/plans.js:544:7)\n    at Query._callback (/Users/sam/Workspace/plans/plans.js:692:9)\n    at Query.Sequence.end (/Users/sam/Workspace/ormy/node_modules/mysql/lib/protocol/sequences/Sequence.js:96:24)\n    at Query._handleFinalResultPacket (/Users/sam/Workspace/ormy/node_modules/mysql/lib/protocol/sequences/Query.js:143:8)\n    at Query.EofPacket (/Users/sam/Workspace/ormy/node_modules/mysql/lib/protocol/sequences/Query.js:127:8)\n    at Protocol._parsePacket (/Users/sam/Workspace/ormy/node_modules/mysql/lib/protocol/Protocol.js:270:23)\n    at Parser.write (/Users/sam/Workspace/ormy/node_modules/mysql/lib/protocol/Parser.js:77:12)\n    at Protocol.write (/Users/sam/Workspace/ormy/node_modules/mysql/lib/protocol/Protocol.js:39:16)"]
INFO 2014-12-24T22:05:27.088Z ["[Ormy] Connected to \u001b[36mlighterio\u001b[39m database."]
INFO 2014-12-24T22:05:27.090Z ["[Lighter] Models loaded. \u001b[90mx0\u001b[39m"]
INFO 2014-12-24T22:05:27.898Z ["[Ormy] Connected to \u001b[36mlighterio\u001b[39m database."]
INFO 2014-12-24T22:05:27.900Z ["[Lighter] Models loaded. \u001b[90mx0\u001b[39m"]
INFO 2014-12-24T22:05:28.721Z ["[Ormy] Connected to \u001b[36mlighterio\u001b[39m database."]
INFO 2014-12-24T22:05:28.723Z ["[Lighter] Models loaded. \u001b[90mx0\u001b[39m"]
INFO 2014-12-24T22:05:29.537Z ["[Ormy] Connected to \u001b[36mlighterio\u001b[39m database."]
INFO 2014-12-24T22:05:29.540Z ["[Lighter] Models loaded. \u001b[90mx0\u001b[39m"]
INFO 2014-12-24T22:05:30.333Z ["[Ormy] Connected to \u001b[36mlighterio\u001b[39m database."]
INFO 2014-12-24T22:05:30.335Z ["[Lighter] Models loaded. \u001b[90mx0\u001b[39m"]
INFO 2014-12-24T22:05:31.137Z ["[Ormy] Connected to \u001b[36mlighterio\u001b[39m database."]
INFO 2014-12-24T22:05:31.139Z ["[Lighter] Models loaded. \u001b[90mx0\u001b[39m"]
INFO 2014-12-24T22:05:31.949Z ["[Ormy] Connected to \u001b[36mlighterio\u001b[39m database."]
INFO 2014-12-24T22:05:31.951Z ["[Lighter] Models loaded. \u001b[90mx0\u001b[39m"]
INFO 2014-12-24T22:05:32.755Z ["[Ormy] Connected to \u001b[36mlighterio\u001b[39m database."]
INFO 2014-12-24T22:05:32.757Z ["[Lighter] Models loaded. \u001b[90mx0\u001b[39m"]
INFO 2014-12-24T22:05:33.550Z ["[Ormy] Connected to \u001b[36mlighterio\u001b[39m database."]
INFO 2014-12-24T22:05:33.552Z ["[Lighter] Models loaded. \u001b[90mx0\u001b[39m"]
INFO 2014-12-24T22:05:34.362Z ["[Ormy] Connected to \u001b[36mlighterio\u001b[39m database."]
INFO 2014-12-24T22:05:34.364Z ["[Lighter] Models loaded. \u001b[90mx0\u001b[39m"]
INFO 2014-12-24T22:05:35.166Z ["[Ormy] Connected to \u001b[36mlighterio\u001b[39m database."]
INFO 2014-12-24T22:05:35.168Z ["[Lighter] Models loaded. \u001b[90mx0\u001b[39m"]
ERROR 2014-12-24T22:05:35.180Z ["TypeError: Cannot read property 'cyan' of undefined\n    at Function.<anonymous> (/Users/sam/Workspace/ormy/lib/mysql-database.js:84:56)\n    at endRun (/Users/sam/Workspace/plans/plans.js:233:8)\n    at done (/Users/sam/Workspace/plans/plans.js:544:7)\n    at Query._callback (/Users/sam/Workspace/plans/plans.js:692:9)\n    at Query.Sequence.end (/Users/sam/Workspace/ormy/node_modules/mysql/lib/protocol/sequences/Sequence.js:96:24)\n    at Query._handleFinalResultPacket (/Users/sam/Workspace/ormy/node_modules/mysql/lib/protocol/sequences/Query.js:143:8)\n    at Query.EofPacket (/Users/sam/Workspace/ormy/node_modules/mysql/lib/protocol/sequences/Query.js:127:8)\n    at Protocol._parsePacket (/Users/sam/Workspace/ormy/node_modules/mysql/lib/protocol/Protocol.js:270:23)\n    at Parser.write (/Users/sam/Workspace/ormy/node_modules/mysql/lib/protocol/Parser.js:77:12)\n    at Protocol.write (/Users/sam/Workspace/ormy/node_modules/mysql/lib/protocol/Protocol.js:39:16)"]
INFO 2014-12-24T22:05:35.976Z ["[Ormy] Connected to \u001b[36mlighterio\u001b[39m database."]
INFO 2014-12-24T22:05:35.978Z ["[Lighter] Models loaded. \u001b[90mx0\u001b[39m"]
ERROR 2014-12-24T22:05:35.991Z ["TypeError: Cannot read property 'cyan' of undefined\n    at Function.<anonymous> (/Users/sam/Workspace/ormy/lib/mysql-database.js:84:56)\n    at endRun (/Users/sam/Workspace/plans/plans.js:233:8)\n    at done (/Users/sam/Workspace/plans/plans.js:544:7)\n    at Query._callback (/Users/sam/Workspace/plans/plans.js:692:9)\n    at Query.Sequence.end (/Users/sam/Workspace/ormy/node_modules/mysql/lib/protocol/sequences/Sequence.js:96:24)\n    at Query._handleFinalResultPacket (/Users/sam/Workspace/ormy/node_modules/mysql/lib/protocol/sequences/Query.js:143:8)\n    at Query.EofPacket (/Users/sam/Workspace/ormy/node_modules/mysql/lib/protocol/sequences/Query.js:127:8)\n    at Protocol._parsePacket (/Users/sam/Workspace/ormy/node_modules/mysql/lib/protocol/Protocol.js:270:23)\n    at Parser.write (/Users/sam/Workspace/ormy/node_modules/mysql/lib/protocol/Parser.js:77:12)\n    at Protocol.write (/Users/sam/Workspace/ormy/node_modules/mysql/lib/protocol/Protocol.js:39:16)"]
INFO 2014-12-24T22:05:36.783Z ["[Ormy] Connected to \u001b[36mlighterio\u001b[39m database."]
INFO 2014-12-24T22:05:36.785Z ["[Lighter] Models loaded. \u001b[90mx0\u001b[39m"]
INFO 2014-12-24T22:05:37.603Z ["[Ormy] Connected to \u001b[36mlighterio\u001b[39m database."]
INFO 2014-12-24T22:05:37.606Z ["[Lighter] Models loaded. \u001b[90mx0\u001b[39m"]
INFO 2014-12-24T22:05:38.421Z ["[Ormy] Connected to \u001b[36mlighterio\u001b[39m database."]
INFO 2014-12-24T22:05:38.424Z ["[Lighter] Models loaded. \u001b[90mx0\u001b[39m"]
INFO 2014-12-24T22:05:39.251Z ["[Ormy] Connected to \u001b[36mlighterio\u001b[39m database."]
INFO 2014-12-24T22:05:39.254Z ["[Lighter] Models loaded. \u001b[90mx0\u001b[39m"]
INFO 2014-12-24T22:05:40.049Z ["[Ormy] Connected to \u001b[36mlighterio\u001b[39m database."]
INFO 2014-12-24T22:05:40.051Z ["[Lighter] Models loaded. \u001b[90mx0\u001b[39m"]
INFO 2014-12-24T22:05:40.875Z ["[Ormy] Connected to \u001b[36mlighterio\u001b[39m database."]
INFO 2014-12-24T22:05:40.876Z ["[Lighter] Models loaded. \u001b[90mx0\u001b[39m"]
INFO 2014-12-24T22:05:41.691Z ["[Ormy] Connected to \u001b[36mlighterio\u001b[39m database."]
INFO 2014-12-24T22:05:41.693Z ["[Lighter] Models loaded. \u001b[90mx0\u001b[39m"]
INFO 2014-12-24T22:05:42.524Z ["[Ormy] Connected to \u001b[36mlighterio\u001b[39m database."]
INFO 2014-12-24T22:05:42.527Z ["[Lighter] Models loaded. \u001b[90mx0\u001b[39m"]
INFO 2014-12-24T22:05:43.323Z ["[Ormy] Connected to \u001b[36mlighterio\u001b[39m database."]
INFO 2014-12-24T22:05:43.325Z ["[Lighter] Models loaded. \u001b[90mx0\u001b[39m"]
INFO 2014-12-24T22:05:44.125Z ["[Ormy] Connected to \u001b[36mlighterio\u001b[39m database."]
INFO 2014-12-24T22:05:44.127Z ["[Lighter] Models loaded. \u001b[90mx0\u001b[39m"]
ERROR 2014-12-24T22:05:44.141Z ["TypeError: Cannot read property 'cyan' of undefined\n    at Function.<anonymous> (/Users/sam/Workspace/ormy/lib/mysql-database.js:84:56)\n    at endRun (/Users/sam/Workspace/plans/plans.js:233:8)\n    at done (/Users/sam/Workspace/plans/plans.js:544:7)\n    at Query._callback (/Users/sam/Workspace/plans/plans.js:692:9)\n    at Query.Sequence.end (/Users/sam/Workspace/ormy/node_modules/mysql/lib/protocol/sequences/Sequence.js:96:24)\n    at Query._handleFinalResultPacket (/Users/sam/Workspace/ormy/node_modules/mysql/lib/protocol/sequences/Query.js:143:8)\n    at Query.EofPacket (/Users/sam/Workspace/ormy/node_modules/mysql/lib/protocol/sequences/Query.js:127:8)\n    at Protocol._parsePacket (/Users/sam/Workspace/ormy/node_modules/mysql/lib/protocol/Protocol.js:270:23)\n    at Parser.write (/Users/sam/Workspace/ormy/node_modules/mysql/lib/protocol/Parser.js:77:12)\n    at Protocol.write (/Users/sam/Workspace/ormy/node_modules/mysql/lib/protocol/Protocol.js:39:16)"]
INFO 2014-12-24T22:05:44.951Z ["[Ormy] Connected to \u001b[36mlighterio\u001b[39m database."]
INFO 2014-12-24T22:05:44.953Z ["[Lighter] Models loaded. \u001b[90mx0\u001b[39m"]
INFO 2014-12-24T22:05:45.793Z ["[Ormy] Connected to \u001b[36mlighterio\u001b[39m database."]
INFO 2014-12-24T22:05:45.796Z ["[Lighter] Models loaded. \u001b[90mx0\u001b[39m"]
INFO 2014-12-24T22:05:46.588Z ["[Ormy] Connected to \u001b[36mlighterio\u001b[39m database."]
INFO 2014-12-24T22:05:46.590Z ["[Lighter] Models loaded. \u001b[90mx0\u001b[39m"]
INFO 2014-12-24T22:05:47.410Z ["[Ormy] Connected to \u001b[36mlighterio\u001b[39m database."]
INFO 2014-12-24T22:05:47.412Z ["[Lighter] Models loaded. \u001b[90mx0\u001b[39m"]
INFO 2014-12-24T22:05:48.209Z ["[Ormy] Connected to \u001b[36mlighterio\u001b[39m database."]
INFO 2014-12-24T22:05:48.211Z ["[Lighter] Models loaded. \u001b[90mx0\u001b[39m"]
INFO 2014-12-24T22:05:49.026Z ["[Ormy] Connected to \u001b[36mlighterio\u001b[39m database."]
INFO 2014-12-24T22:05:49.029Z ["[Lighter] Models loaded. \u001b[90mx0\u001b[39m"]
INFO 2014-12-24T22:05:49.844Z ["[Ormy] Connected to \u001b[36mlighterio\u001b[39m database."]
INFO 2014-12-24T22:05:49.846Z ["[Lighter] Models loaded. \u001b[90mx0\u001b[39m"]
INFO 2014-12-24T22:05:50.637Z ["[Ormy] Connected to \u001b[36mlighterio\u001b[39m database."]
INFO 2014-12-24T22:05:50.639Z ["[Lighter] Models loaded. \u001b[90mx0\u001b[39m"]
INFO 2014-12-24T22:05:51.477Z ["[Ormy] Connected to \u001b[36mlighterio\u001b[39m database."]
INFO 2014-12-24T22:05:51.479Z ["[Lighter] Models loaded. \u001b[90mx0\u001b[39m"]
INFO 2014-12-24T22:05:52.267Z ["[Ormy] Connected to \u001b[36mlighterio\u001b[39m database."]
INFO 2014-12-24T22:05:52.269Z ["[Lighter] Models loaded. \u001b[90mx0\u001b[39m"]
INFO 2014-12-24T22:05:53.089Z ["[Ormy] Connected to \u001b[36mlighterio\u001b[39m database."]
INFO 2014-12-24T22:05:53.092Z ["[Lighter] Models loaded. \u001b[90mx0\u001b[39m"]
INFO 2014-12-24T22:05:53.907Z ["[Ormy] Connected to \u001b[36mlighterio\u001b[39m database."]
INFO 2014-12-24T22:05:53.909Z ["[Lighter] Models loaded. \u001b[90mx0\u001b[39m"]
INFO 2014-12-24T22:05:54.706Z ["[Ormy] Connected to \u001b[36mlighterio\u001b[39m database."]
INFO 2014-12-24T22:05:54.708Z ["[Lighter] Models loaded. \u001b[90mx0\u001b[39m"]
INFO 2014-12-24T22:05:55.547Z ["[Ormy] Connected to \u001b[36mlighterio\u001b[39m database."]
INFO 2014-12-24T22:05:55.549Z ["[Lighter] Models loaded. \u001b[90mx0\u001b[39m"]
INFO 2014-12-24T22:05:56.357Z ["[Ormy] Connected to \u001b[36mlighterio\u001b[39m database."]
INFO 2014-12-24T22:05:56.359Z ["[Lighter] Models loaded. \u001b[90mx0\u001b[39m"]
INFO 2014-12-24T22:05:57.177Z ["[Ormy] Connected to \u001b[36mlighterio\u001b[39m database."]
INFO 2014-12-24T22:05:57.179Z ["[Lighter] Models loaded. \u001b[90mx0\u001b[39m"]
INFO 2014-12-24T22:05:57.975Z ["[Ormy] Connected to \u001b[36mlighterio\u001b[39m database."]
INFO 2014-12-24T22:05:57.978Z ["[Lighter] Models loaded. \u001b[90mx0\u001b[39m"]
INFO 2014-12-24T22:05:58.799Z ["[Ormy] Connected to \u001b[36mlighterio\u001b[39m database."]
INFO 2014-12-24T22:05:58.801Z ["[Lighter] Models loaded. \u001b[90mx0\u001b[39m"]
INFO 2014-12-24T22:05:59.625Z ["[Ormy] Connected to \u001b[36mlighterio\u001b[39m database."]
INFO 2014-12-24T22:05:59.627Z ["[Lighter] Models loaded. \u001b[90mx0\u001b[39m"]
