WARN 2014-12-10T16:01:18.161Z ["[Lighter] Changed \u001b[36m~/Workspace/lighter/lib/response.js\u001b[39m."]
INFO 2014-12-10T16:01:18.908Z ["[Lighter] Models loaded. \u001b[90mx0\u001b[39m"]
INFO 2014-12-10T16:01:18.917Z ["[Lighter] Scripts routed to \u001b[36m/sly.js\u001b[39m. \u001b[90mx1\u001b[39m"]
INFO 2014-12-10T16:01:18.918Z ["[Lighter] Styles routed to \u001b[36m/sly.css\u001b[39m. \u001b[90mx1\u001b[39m"]
INFO 2014-12-10T16:01:18.920Z ["[Lighter] Controllers loaded. \u001b[90mx2\u001b[39m"]
INFO 2014-12-10T16:01:18.932Z ["[Lighter] Scripts routed to \u001b[36m/a.js\u001b[39m. \u001b[90mx1\u001b[39m"]
INFO 2014-12-10T16:01:18.934Z ["[Lighter] Styles routed to \u001b[36m/a.css\u001b[39m. \u001b[90mx1\u001b[39m"]
INFO 2014-12-10T16:01:19.773Z ["[Lighter] Views loaded. \u001b[90mx30\u001b[39m"]
INFO 2014-12-10T16:01:20.804Z ["[Lighter] Publics loaded. \u001b[90mx48\u001b[39m"]
INFO 2014-12-10T16:01:20.818Z ["[D6] Views routed to \u001b[36m/d6.js\u001b[39m."]
WARN 2014-12-10T16:01:28.247Z ["[Lighter] Changed \u001b[36m~/Workspace/lighter/lib/response.js\u001b[39m."]
INFO 2014-12-10T16:01:28.999Z ["[Lighter] Models loaded. \u001b[90mx0\u001b[39m"]
INFO 2014-12-10T16:01:29.007Z ["[Lighter] Scripts routed to \u001b[36m/sly.js\u001b[39m. \u001b[90mx1\u001b[39m"]
INFO 2014-12-10T16:01:29.008Z ["[Lighter] Styles routed to \u001b[36m/sly.css\u001b[39m. \u001b[90mx1\u001b[39m"]
INFO 2014-12-10T16:01:29.010Z ["[Lighter] Controllers loaded. \u001b[90mx2\u001b[39m"]
INFO 2014-12-10T16:01:29.021Z ["[Lighter] Scripts routed to \u001b[36m/a.js\u001b[39m. \u001b[90mx1\u001b[39m"]
INFO 2014-12-10T16:01:29.023Z ["[Lighter] Styles routed to \u001b[36m/a.css\u001b[39m. \u001b[90mx1\u001b[39m"]
INFO 2014-12-10T16:01:30.110Z ["[Lighter] Publics loaded. \u001b[90mx48\u001b[39m"]
INFO 2014-12-10T16:01:30.995Z ["[Lighter] Views loaded. \u001b[90mx30\u001b[39m"]
INFO 2014-12-10T16:01:31.009Z ["[D6] Views routed to \u001b[36m/d6.js\u001b[39m."]
ERROR 2014-12-10T16:01:35.242Z ["Error: Failed while rendering view.\n  at ServerResponse.proto.error500.proto.error (/Users/sam/Workspace/lighter/lib/response.js:66:11)\n  at ServerResponse.proto.view.proto.render (/Users/sam/Workspace/lighter/lib/response.js:41:13)\n  at ServerResponse.proto.error500.proto.error (/Users/sam/Workspace/lighter/lib/response.js:83:9)\n  at finish (/Users/sam/Workspace/za/lib/router.js:124:18)\n  at next (/Users/sam/Workspace/za/lib/router.js:66:18)\n  at Server.Router.self.serve (/Users/sam/Workspace/za/lib/router.js:133:5)\n  at Server.EventEmitter.emit (events.js:98:17)\n  at HTTPParser.parser.onIncoming (http.js:2108:12)\n  at HTTPParser.parserOnHeadersComplete [as onHeadersComplete] (http.js:121:23)\n  at Socket.socket.ondata (http.js:1966:22)\n  at TCP.onread (net.js:527:27)\n"]
ERROR 2014-12-10T16:01:36.459Z ["Error: Failed while rendering view.\n  at ServerResponse.proto.error500.proto.error (/Users/sam/Workspace/lighter/lib/response.js:66:11)\n  at ServerResponse.proto.view.proto.render (/Users/sam/Workspace/lighter/lib/response.js:41:13)\n  at ServerResponse.proto.error500.proto.error (/Users/sam/Workspace/lighter/lib/response.js:83:9)\n  at finish (/Users/sam/Workspace/za/lib/router.js:124:18)\n  at next (/Users/sam/Workspace/za/lib/router.js:66:18)\n  at Server.Router.self.serve (/Users/sam/Workspace/za/lib/router.js:133:5)\n  at Server.EventEmitter.emit (events.js:98:17)\n  at HTTPParser.parser.onIncoming (http.js:2108:12)\n  at HTTPParser.parserOnHeadersComplete [as onHeadersComplete] (http.js:121:23)\n  at Socket.socket.ondata (http.js:1966:22)\n  at TCP.onread (net.js:527:27)\n"]
ERROR 2014-12-10T16:01:36.622Z ["Error: Failed while rendering view.\n  at ServerResponse.proto.error500.proto.error (/Users/sam/Workspace/lighter/lib/response.js:66:11)\n  at ServerResponse.proto.view.proto.render (/Users/sam/Workspace/lighter/lib/response.js:41:13)\n  at ServerResponse.proto.error500.proto.error (/Users/sam/Workspace/lighter/lib/response.js:83:9)\n  at finish (/Users/sam/Workspace/za/lib/router.js:124:18)\n  at next (/Users/sam/Workspace/za/lib/router.js:66:18)\n  at Server.Router.self.serve (/Users/sam/Workspace/za/lib/router.js:133:5)\n  at Server.EventEmitter.emit (events.js:98:17)\n  at HTTPParser.parser.onIncoming (http.js:2108:12)\n  at HTTPParser.parserOnHeadersComplete [as onHeadersComplete] (http.js:121:23)\n  at Socket.socket.ondata (http.js:1966:22)\n  at TCP.onread (net.js:527:27)\n"]
