WARN 2015-01-16T02:22:51.068Z ["[Lighter] Changed \u001b[36m~/Workspace/ringer/lib/client.js\u001b[39m."]
ERROR 2015-01-16T02:22:51.083Z ["Worker 31711 died."]
INFO 2015-01-16T02:22:52.402Z ["[Za] HTTP server listening on 8890."]
INFO 2015-01-16T02:22:52.405Z ["[Lighter] Connected to memcache."]
INFO 2015-01-16T02:22:52.413Z ["[Za] HTTP server listening on 8891."]
INFO 2015-01-16T02:22:52.414Z ["[Lighter] Models loaded. \u001b[90mx0\u001b[39m"]
INFO 2015-01-16T02:22:52.416Z ["[Za] HTTP server listening on 8888."]
INFO 2015-01-16T02:22:52.419Z ["[Lighter] Connected to memcache."]
INFO 2015-01-16T02:22:52.421Z ["[Lighter] Connected to memcache."]
INFO 2015-01-16T02:22:52.426Z ["[Lighter] Models loaded. \u001b[90mx0\u001b[39m"]
INFO 2015-01-16T02:22:52.428Z ["[Lighter] Scripts routed to \u001b[36m/sly.js\u001b[39m. \u001b[90mx1\u001b[39m"]
INFO 2015-01-16T02:22:52.428Z ["[Lighter] Styles routed to \u001b[36m/sly.css\u001b[39m. \u001b[90mx1\u001b[39m"]
INFO 2015-01-16T02:22:52.429Z ["[Lighter] Models loaded. \u001b[90mx0\u001b[39m"]
INFO 2015-01-16T02:22:52.430Z ["[Za] HTTP server listening on 8889."]
INFO 2015-01-16T02:22:52.432Z ["[Lighter] Controllers loaded. \u001b[90mx2\u001b[39m"]
INFO 2015-01-16T02:22:52.437Z ["[Lighter] Connected to memcache."]
INFO 2015-01-16T02:22:52.440Z ["[Lighter] Scripts routed to \u001b[36m/sly.js\u001b[39m. \u001b[90mx1\u001b[39m"]
INFO 2015-01-16T02:22:52.441Z ["[Lighter] Styles routed to \u001b[36m/sly.css\u001b[39m. \u001b[90mx1\u001b[39m"]
INFO 2015-01-16T02:22:52.442Z ["[Lighter] Scripts routed to \u001b[36m/sly.js\u001b[39m. \u001b[90mx1\u001b[39m"]
INFO 2015-01-16T02:22:52.443Z ["[Lighter] Styles routed to \u001b[36m/sly.css\u001b[39m. \u001b[90mx1\u001b[39m"]
INFO 2015-01-16T02:22:52.444Z ["[Lighter] Models loaded. \u001b[90mx0\u001b[39m"]
INFO 2015-01-16T02:22:52.446Z ["[Lighter] Controllers loaded. \u001b[90mx2\u001b[39m"]
INFO 2015-01-16T02:22:52.447Z ["[Lighter] Scripts routed to \u001b[36m/a.js\u001b[39m. \u001b[90mx1\u001b[39m"]
INFO 2015-01-16T02:22:52.448Z ["[Lighter] Controllers loaded. \u001b[90mx2\u001b[39m"]
INFO 2015-01-16T02:22:52.455Z ["[Lighter] Styles routed to \u001b[36m/a.css\u001b[39m. \u001b[90mx1\u001b[39m"]
INFO 2015-01-16T02:22:52.459Z ["[Lighter] Scripts routed to \u001b[36m/sly.js\u001b[39m. \u001b[90mx1\u001b[39m"]
INFO 2015-01-16T02:22:52.459Z ["[Lighter] Scripts routed to \u001b[36m/a.js\u001b[39m. \u001b[90mx1\u001b[39m"]
INFO 2015-01-16T02:22:52.460Z ["[Lighter] Styles routed to \u001b[36m/sly.css\u001b[39m. \u001b[90mx1\u001b[39m"]
INFO 2015-01-16T02:22:52.462Z ["[Lighter] Scripts routed to \u001b[36m/a.js\u001b[39m. \u001b[90mx1\u001b[39m"]
INFO 2015-01-16T02:22:52.464Z ["[Lighter] Controllers loaded. \u001b[90mx2\u001b[39m"]
INFO 2015-01-16T02:22:52.465Z ["[Lighter] Styles routed to \u001b[36m/a.css\u001b[39m. \u001b[90mx1\u001b[39m"]
INFO 2015-01-16T02:22:52.468Z ["[Lighter] Styles routed to \u001b[36m/a.css\u001b[39m. \u001b[90mx1\u001b[39m"]
INFO 2015-01-16T02:22:52.479Z ["[Lighter] Scripts routed to \u001b[36m/a.js\u001b[39m. \u001b[90mx1\u001b[39m"]
INFO 2015-01-16T02:22:52.484Z ["[Lighter] Styles routed to \u001b[36m/a.css\u001b[39m. \u001b[90mx1\u001b[39m"]
INFO 2015-01-16T02:22:53.793Z ["[Lighter] Publics loaded. \u001b[90mx48\u001b[39m"]
INFO 2015-01-16T02:22:54.852Z ["[Lighter] Views loaded. \u001b[90mx30\u001b[39m"]
INFO 2015-01-16T02:22:54.915Z ["[Lighter] Views loaded. \u001b[90mx30\u001b[39m"]
INFO 2015-01-16T02:22:55.015Z ["[Lighter] Views loaded. \u001b[90mx30\u001b[39m"]
INFO 2015-01-16T02:22:55.027Z ["[Lighter] Publics loaded. \u001b[90mx48\u001b[39m"]
INFO 2015-01-16T02:22:55.044Z ["[D6] Views routed to \u001b[36m/d6.js\u001b[39m."]
INFO 2015-01-16T02:22:55.058Z ["[Lighter] Publics loaded. \u001b[90mx48\u001b[39m"]
INFO 2015-01-16T02:22:55.073Z ["[D6] Views routed to \u001b[36m/d6.js\u001b[39m."]
INFO 2015-01-16T02:22:55.078Z ["[Lighter] Views loaded. \u001b[90mx30\u001b[39m"]
INFO 2015-01-16T02:22:55.090Z ["[Lighter] Publics loaded. \u001b[90mx48\u001b[39m"]
INFO 2015-01-16T02:22:55.092Z ["[D6] Views routed to \u001b[36m/d6.js\u001b[39m."]
INFO 2015-01-16T02:22:55.104Z ["[D6] Views routed to \u001b[36m/d6.js\u001b[39m."]
