WARN 2015-01-16T16:49:26.291Z ["[Lighter] Changed \u001b[36m~/Workspace/ringer/lib/client.js\u001b[39m."]
ERROR 2015-01-16T16:49:26.301Z ["Worker 41157 died."]
INFO 2015-01-16T16:49:27.251Z ["[Za] HTTP server listening on 8889."]
INFO 2015-01-16T16:49:27.255Z ["[Ringer] Peer Bunny.local:8893 is listening."]
INFO 2015-01-16T16:49:27.255Z ["[Lighter] Connected to memcache."]
INFO 2015-01-16T16:49:27.259Z ["[Za] HTTP server listening on 8890."]
INFO 2015-01-16T16:49:27.260Z ["[Lighter] Models loaded. \u001b[90mx0\u001b[39m"]
INFO 2015-01-16T16:49:27.264Z ["[Ringer] Peer Bunny.local:8894 is listening."]
INFO 2015-01-16T16:49:27.264Z ["[Lighter] Connected to memcache."]
INFO 2015-01-16T16:49:27.268Z ["[Lighter] Models loaded. \u001b[90mx0\u001b[39m"]
INFO 2015-01-16T16:49:27.273Z ["[Lighter] Scripts routed to \u001b[36m/sly.js\u001b[39m. \u001b[90mx1\u001b[39m"]
INFO 2015-01-16T16:49:27.276Z ["[Lighter] Styles routed to \u001b[36m/sly.css\u001b[39m. \u001b[90mx1\u001b[39m"]
INFO 2015-01-16T16:49:27.278Z ["[Lighter] Scripts routed to \u001b[36m/sly.js\u001b[39m. \u001b[90mx1\u001b[39m"]
INFO 2015-01-16T16:49:27.279Z ["[Lighter] Controllers loaded. \u001b[90mx2\u001b[39m"]
INFO 2015-01-16T16:49:27.280Z ["[Lighter] Styles routed to \u001b[36m/sly.css\u001b[39m. \u001b[90mx1\u001b[39m"]
INFO 2015-01-16T16:49:27.284Z ["[Lighter] Controllers loaded. \u001b[90mx2\u001b[39m"]
INFO 2015-01-16T16:49:27.291Z ["[Lighter] Scripts routed to \u001b[36m/a.js\u001b[39m. \u001b[90mx1\u001b[39m"]
INFO 2015-01-16T16:49:27.293Z ["[Za] HTTP server listening on 8891."]
INFO 2015-01-16T16:49:27.296Z ["[Lighter] Styles routed to \u001b[36m/a.css\u001b[39m. \u001b[90mx1\u001b[39m"]
INFO 2015-01-16T16:49:27.297Z ["[Ringer] Peer Bunny.local:8895 is listening."]
INFO 2015-01-16T16:49:27.297Z ["[Lighter] Connected to memcache."]
INFO 2015-01-16T16:49:27.301Z ["[Lighter] Scripts routed to \u001b[36m/a.js\u001b[39m. \u001b[90mx1\u001b[39m"]
INFO 2015-01-16T16:49:27.301Z ["[Lighter] Models loaded. \u001b[90mx0\u001b[39m"]
INFO 2015-01-16T16:49:27.307Z ["[Lighter] Styles routed to \u001b[36m/a.css\u001b[39m. \u001b[90mx1\u001b[39m"]
INFO 2015-01-16T16:49:27.311Z ["[Lighter] Scripts routed to \u001b[36m/sly.js\u001b[39m. \u001b[90mx1\u001b[39m"]
INFO 2015-01-16T16:49:27.311Z ["[Lighter] Styles routed to \u001b[36m/sly.css\u001b[39m. \u001b[90mx1\u001b[39m"]
INFO 2015-01-16T16:49:27.316Z ["[Lighter] Controllers loaded. \u001b[90mx2\u001b[39m"]
INFO 2015-01-16T16:49:27.330Z ["[Lighter] Scripts routed to \u001b[36m/a.js\u001b[39m. \u001b[90mx1\u001b[39m"]
INFO 2015-01-16T16:49:27.331Z ["[Za] HTTP server listening on 8888."]
INFO 2015-01-16T16:49:27.335Z ["[Lighter] Styles routed to \u001b[36m/a.css\u001b[39m. \u001b[90mx1\u001b[39m"]
INFO 2015-01-16T16:49:27.336Z ["[Ringer] Peer Bunny.local:8892 is listening."]
INFO 2015-01-16T16:49:27.337Z ["[Lighter] Connected to memcache."]
INFO 2015-01-16T16:49:27.341Z ["[Lighter] Models loaded. \u001b[90mx0\u001b[39m"]
INFO 2015-01-16T16:49:27.350Z ["[Lighter] Scripts routed to \u001b[36m/sly.js\u001b[39m. \u001b[90mx1\u001b[39m"]
INFO 2015-01-16T16:49:27.350Z ["[Lighter] Styles routed to \u001b[36m/sly.css\u001b[39m. \u001b[90mx1\u001b[39m"]
INFO 2015-01-16T16:49:27.355Z ["[Lighter] Controllers loaded. \u001b[90mx2\u001b[39m"]
INFO 2015-01-16T16:49:27.365Z ["[Lighter] Scripts routed to \u001b[36m/a.js\u001b[39m. \u001b[90mx1\u001b[39m"]
INFO 2015-01-16T16:49:27.372Z ["[Lighter] Styles routed to \u001b[36m/a.css\u001b[39m. \u001b[90mx1\u001b[39m"]
INFO 2015-01-16T16:49:29.652Z ["[Lighter] Views loaded. \u001b[90mx30\u001b[39m"]
INFO 2015-01-16T16:49:29.703Z ["[Lighter] Views loaded. \u001b[90mx30\u001b[39m"]
INFO 2015-01-16T16:49:29.716Z ["[Lighter] Publics loaded. \u001b[90mx48\u001b[39m"]
INFO 2015-01-16T16:49:29.727Z ["[Lighter] Views loaded. \u001b[90mx30\u001b[39m"]
INFO 2015-01-16T16:49:29.734Z ["[D6] Views routed to \u001b[36m/d6.js\u001b[39m."]
INFO 2015-01-16T16:49:29.754Z ["[Lighter] Views loaded. \u001b[90mx30\u001b[39m"]
INFO 2015-01-16T16:49:29.756Z ["[Ringer] Peer Bunny.local:8895 is stable on attempt 3."]
INFO 2015-01-16T16:49:29.772Z ["[Lighter] Publics loaded. \u001b[90mx48\u001b[39m"]
INFO 2015-01-16T16:49:29.786Z ["[D6] Views routed to \u001b[36m/d6.js\u001b[39m."]
INFO 2015-01-16T16:49:29.794Z ["[Lighter] Publics loaded. \u001b[90mx48\u001b[39m"]
INFO 2015-01-16T16:49:29.798Z ["[Ringer] Peer Bunny.local:8894 is stable on attempt 3."]
INFO 2015-01-16T16:49:29.799Z ["[Ringer] Peer Bunny.local:8893 is stable on attempt 3."]
INFO 2015-01-16T16:49:29.807Z ["[D6] Views routed to \u001b[36m/d6.js\u001b[39m."]
INFO 2015-01-16T16:49:29.818Z ["[Lighter] Publics loaded. \u001b[90mx48\u001b[39m"]
INFO 2015-01-16T16:49:29.825Z ["[Ringer] Peer Bunny.local:8892 is stable on attempt 3."]
INFO 2015-01-16T16:49:29.833Z ["[D6] Views routed to \u001b[36m/d6.js\u001b[39m."]
WARN 2015-01-16T16:49:55.510Z ["[Lighter] Changed \u001b[36m~/Workspace/ringer/lib/client.js\u001b[39m."]
ERROR 2015-01-16T16:49:55.520Z ["Worker 41161 died."]
