WARN 2015-01-16T03:25:06.604Z ["[Lighter] Changed \u001b[36m~/Workspace/ringer/controllers\u001b[39m."]
ERROR 2015-01-16T03:25:06.616Z ["Worker 35765 died."]
INFO 2015-01-16T03:25:07.567Z ["[Za] HTTP server listening on 8888."]
INFO 2015-01-16T03:25:07.570Z ["[Ringer] Peer Bunny.local:8892 is listening."]
INFO 2015-01-16T03:25:07.571Z ["[Lighter] Connected to memcache."]
INFO 2015-01-16T03:25:07.578Z ["[Lighter] Models loaded. \u001b[90mx0\u001b[39m"]
INFO 2015-01-16T03:25:07.583Z ["[Za] HTTP server listening on 8889."]
INFO 2015-01-16T03:25:07.588Z ["[Ringer] Peer Bunny.local:8893 is listening."]
INFO 2015-01-16T03:25:07.588Z ["[Lighter] Scripts routed to \u001b[36m/sly.js\u001b[39m. \u001b[90mx1\u001b[39m"]
INFO 2015-01-16T03:25:07.589Z ["[Lighter] Connected to memcache."]
INFO 2015-01-16T03:25:07.589Z ["[Lighter] Styles routed to \u001b[36m/sly.css\u001b[39m. \u001b[90mx1\u001b[39m"]
INFO 2015-01-16T03:25:07.589Z ["[Za] HTTP server listening on 8890."]
INFO 2015-01-16T03:25:07.593Z ["[Lighter] Controllers loaded. \u001b[90mx2\u001b[39m"]
INFO 2015-01-16T03:25:07.593Z ["[Lighter] Models loaded. \u001b[90mx0\u001b[39m"]
INFO 2015-01-16T03:25:07.594Z ["[Ringer] Peer Bunny.local:8894 is listening."]
INFO 2015-01-16T03:25:07.594Z ["[Lighter] Connected to memcache."]
INFO 2015-01-16T03:25:07.595Z ["[Za] HTTP server listening on 8891."]
INFO 2015-01-16T03:25:07.600Z ["[Ringer] Peer Bunny.local:8895 is listening."]
INFO 2015-01-16T03:25:07.600Z ["[Lighter] Models loaded. \u001b[90mx0\u001b[39m"]
INFO 2015-01-16T03:25:07.601Z ["[Lighter] Connected to memcache."]
INFO 2015-01-16T03:25:07.604Z ["[Lighter] Models loaded. \u001b[90mx0\u001b[39m"]
INFO 2015-01-16T03:25:07.606Z ["[Lighter] Scripts routed to \u001b[36m/sly.js\u001b[39m. \u001b[90mx1\u001b[39m"]
INFO 2015-01-16T03:25:07.608Z ["[Lighter] Styles routed to \u001b[36m/sly.css\u001b[39m. \u001b[90mx1\u001b[39m"]
INFO 2015-01-16T03:25:07.609Z ["[Lighter] Scripts routed to \u001b[36m/a.js\u001b[39m. \u001b[90mx1\u001b[39m"]
INFO 2015-01-16T03:25:07.614Z ["[Lighter] Controllers loaded. \u001b[90mx2\u001b[39m"]
INFO 2015-01-16T03:25:07.617Z ["[Lighter] Scripts routed to \u001b[36m/sly.js\u001b[39m. \u001b[90mx1\u001b[39m"]
INFO 2015-01-16T03:25:07.618Z ["[Lighter] Styles routed to \u001b[36m/a.css\u001b[39m. \u001b[90mx1\u001b[39m"]
INFO 2015-01-16T03:25:07.621Z ["[Lighter] Styles routed to \u001b[36m/sly.css\u001b[39m. \u001b[90mx1\u001b[39m"]
INFO 2015-01-16T03:25:07.622Z ["[Lighter] Scripts routed to \u001b[36m/sly.js\u001b[39m. \u001b[90mx1\u001b[39m"]
INFO 2015-01-16T03:25:07.623Z ["[Lighter] Styles routed to \u001b[36m/sly.css\u001b[39m. \u001b[90mx1\u001b[39m"]
INFO 2015-01-16T03:25:07.625Z ["[Lighter] Controllers loaded. \u001b[90mx2\u001b[39m"]
INFO 2015-01-16T03:25:07.627Z ["[Lighter] Controllers loaded. \u001b[90mx2\u001b[39m"]
INFO 2015-01-16T03:25:07.632Z ["[Lighter] Scripts routed to \u001b[36m/a.js\u001b[39m. \u001b[90mx1\u001b[39m"]
INFO 2015-01-16T03:25:07.643Z ["[Lighter] Scripts routed to \u001b[36m/a.js\u001b[39m. \u001b[90mx1\u001b[39m"]
INFO 2015-01-16T03:25:07.656Z ["[Lighter] Styles routed to \u001b[36m/a.css\u001b[39m. \u001b[90mx1\u001b[39m"]
INFO 2015-01-16T03:25:07.666Z ["[Lighter] Scripts routed to \u001b[36m/a.js\u001b[39m. \u001b[90mx1\u001b[39m"]
INFO 2015-01-16T03:25:07.668Z ["[Lighter] Styles routed to \u001b[36m/a.css\u001b[39m. \u001b[90mx1\u001b[39m"]
INFO 2015-01-16T03:25:07.673Z ["[Lighter] Styles routed to \u001b[36m/a.css\u001b[39m. \u001b[90mx1\u001b[39m"]
INFO 2015-01-16T03:25:08.970Z ["[Lighter] Publics loaded. \u001b[90mx48\u001b[39m"]
INFO 2015-01-16T03:25:09.754Z ["[Lighter] Views loaded. \u001b[90mx30\u001b[39m"]
INFO 2015-01-16T03:25:09.964Z ["[Lighter] Views loaded. \u001b[90mx30\u001b[39m"]
INFO 2015-01-16T03:25:10.033Z ["[Lighter] Views loaded. \u001b[90mx30\u001b[39m"]
INFO 2015-01-16T03:25:10.048Z ["[Lighter] Publics loaded. \u001b[90mx48\u001b[39m"]
WARN 2015-01-16T03:25:10.052Z ["[Lighter] Changed \u001b[36m~/Workspace/ringer/controllers\u001b[39m."]
ERROR 2015-01-16T03:25:10.071Z ["Worker 35773 died."]
INFO 2015-01-16T03:25:11.086Z ["[Za] HTTP server listening on 8890."]
INFO 2015-01-16T03:25:11.087Z ["[Za] HTTP server listening on 8889."]
INFO 2015-01-16T03:25:11.089Z ["[Ringer] Peer Bunny.local:8894 is listening."]
INFO 2015-01-16T03:25:11.089Z ["[Lighter] Connected to memcache."]
INFO 2015-01-16T03:25:11.090Z ["[Lighter] Connected to memcache."]
INFO 2015-01-16T03:25:11.094Z ["[Lighter] Models loaded. \u001b[90mx0\u001b[39m"]
INFO 2015-01-16T03:25:11.095Z ["[Ringer] Peer Bunny.local:8893 is listening."]
INFO 2015-01-16T03:25:11.096Z ["[Lighter] Models loaded. \u001b[90mx0\u001b[39m"]
INFO 2015-01-16T03:25:11.102Z ["[Lighter] Scripts routed to \u001b[36m/sly.js\u001b[39m. \u001b[90mx1\u001b[39m"]
INFO 2015-01-16T03:25:11.102Z ["[Lighter] Styles routed to \u001b[36m/sly.css\u001b[39m. \u001b[90mx1\u001b[39m"]
INFO 2015-01-16T03:25:11.107Z ["[Lighter] Scripts routed to \u001b[36m/sly.js\u001b[39m. \u001b[90mx1\u001b[39m"]
INFO 2015-01-16T03:25:11.107Z ["[Lighter] Styles routed to \u001b[36m/sly.css\u001b[39m. \u001b[90mx1\u001b[39m"]
INFO 2015-01-16T03:25:11.108Z ["[Lighter] Controllers loaded. \u001b[90mx2\u001b[39m"]
INFO 2015-01-16T03:25:11.112Z ["[Lighter] Controllers loaded. \u001b[90mx2\u001b[39m"]
INFO 2015-01-16T03:25:11.119Z ["[Za] HTTP server listening on 8891."]
INFO 2015-01-16T03:25:11.120Z ["[Lighter] Scripts routed to \u001b[36m/a.js\u001b[39m. \u001b[90mx1\u001b[39m"]
INFO 2015-01-16T03:25:11.124Z ["[Ringer] Peer Bunny.local:8895 is listening."]
INFO 2015-01-16T03:25:11.124Z ["[Lighter] Connected to memcache."]
INFO 2015-01-16T03:25:11.127Z ["[Lighter] Styles routed to \u001b[36m/a.css\u001b[39m. \u001b[90mx1\u001b[39m"]
INFO 2015-01-16T03:25:11.127Z ["[Lighter] Scripts routed to \u001b[36m/a.js\u001b[39m. \u001b[90mx1\u001b[39m"]
INFO 2015-01-16T03:25:11.132Z ["[Lighter] Models loaded. \u001b[90mx0\u001b[39m"]
INFO 2015-01-16T03:25:11.141Z ["[Za] HTTP server listening on 8888."]
INFO 2015-01-16T03:25:11.147Z ["[Ringer] Peer Bunny.local:8892 is listening."]
INFO 2015-01-16T03:25:11.147Z ["[Lighter] Connected to memcache."]
INFO 2015-01-16T03:25:11.150Z ["[Lighter] Scripts routed to \u001b[36m/sly.js\u001b[39m. \u001b[90mx1\u001b[39m"]
INFO 2015-01-16T03:25:11.151Z ["[Lighter] Styles routed to \u001b[36m/sly.css\u001b[39m. \u001b[90mx1\u001b[39m"]
INFO 2015-01-16T03:25:11.152Z ["[Lighter] Styles routed to \u001b[36m/a.css\u001b[39m. \u001b[90mx1\u001b[39m"]
INFO 2015-01-16T03:25:11.154Z ["[Lighter] Controllers loaded. \u001b[90mx2\u001b[39m"]
INFO 2015-01-16T03:25:11.155Z ["[Lighter] Models loaded. \u001b[90mx0\u001b[39m"]
INFO 2015-01-16T03:25:11.166Z ["[Lighter] Scripts routed to \u001b[36m/a.js\u001b[39m. \u001b[90mx1\u001b[39m"]
INFO 2015-01-16T03:25:11.169Z ["[Lighter] Scripts routed to \u001b[36m/sly.js\u001b[39m. \u001b[90mx1\u001b[39m"]
INFO 2015-01-16T03:25:11.170Z ["[Lighter] Styles routed to \u001b[36m/sly.css\u001b[39m. \u001b[90mx1\u001b[39m"]
INFO 2015-01-16T03:25:11.170Z ["[Lighter] Styles routed to \u001b[36m/a.css\u001b[39m. \u001b[90mx1\u001b[39m"]
INFO 2015-01-16T03:25:11.175Z ["[Lighter] Controllers loaded. \u001b[90mx2\u001b[39m"]
INFO 2015-01-16T03:25:11.190Z ["[Lighter] Scripts routed to \u001b[36m/a.js\u001b[39m. \u001b[90mx1\u001b[39m"]
INFO 2015-01-16T03:25:11.209Z ["[Lighter] Styles routed to \u001b[36m/a.css\u001b[39m. \u001b[90mx1\u001b[39m"]
INFO 2015-01-16T03:25:12.239Z ["[Lighter] Views loaded. \u001b[90mx30\u001b[39m"]
INFO 2015-01-16T03:25:12.367Z ["[Lighter] Views loaded. \u001b[90mx30\u001b[39m"]
INFO 2015-01-16T03:25:13.367Z ["[Lighter] Views loaded. \u001b[90mx30\u001b[39m"]
INFO 2015-01-16T03:25:13.437Z ["[Lighter] Views loaded. \u001b[90mx30\u001b[39m"]
INFO 2015-01-16T03:25:13.521Z ["[Lighter] Publics loaded. \u001b[90mx48\u001b[39m"]
INFO 2015-01-16T03:25:13.538Z ["[D6] Views routed to \u001b[36m/d6.js\u001b[39m."]
INFO 2015-01-16T03:25:13.568Z ["[Lighter] Publics loaded. \u001b[90mx48\u001b[39m"]
INFO 2015-01-16T03:25:13.584Z ["[D6] Views routed to \u001b[36m/d6.js\u001b[39m."]
INFO 2015-01-16T03:25:13.617Z ["[Lighter] Publics loaded. \u001b[90mx48\u001b[39m"]
INFO 2015-01-16T03:25:13.631Z ["[D6] Views routed to \u001b[36m/d6.js\u001b[39m."]
INFO 2015-01-16T03:25:13.725Z ["[Lighter] Publics loaded. \u001b[90mx48\u001b[39m"]
INFO 2015-01-16T03:25:13.729Z ["[Ringer] Peer Bunny.local:8892 is stable on attempt 2."]
INFO 2015-01-16T03:25:13.738Z ["[D6] Views routed to \u001b[36m/d6.js\u001b[39m."]
INFO 2015-01-16T03:25:14.368Z ["[Ringer] Peer Bunny.local:8894 is stable on attempt 4."]
INFO 2015-01-16T03:25:14.522Z ["[Ringer] Peer Bunny.local:8895 is stable on attempt 4."]
INFO 2015-01-16T03:25:14.575Z ["[Ringer] Peer Bunny.local:8893 is stable on attempt 3."]
WARN 2015-01-16T03:25:34.656Z ["[Lighter] Changed \u001b[36m~/Workspace/ringer/lib/client.js\u001b[39m."]
ERROR 2015-01-16T03:25:34.668Z ["Worker 35776 died."]
INFO 2015-01-16T03:25:35.605Z ["[Za] HTTP server listening on 8888."]
INFO 2015-01-16T03:25:35.605Z ["[Za] HTTP server listening on 8891."]
INFO 2015-01-16T03:25:35.607Z ["[Ringer] Peer Bunny.local:8892 is listening."]
INFO 2015-01-16T03:25:35.607Z ["[Lighter] Connected to memcache."]
INFO 2015-01-16T03:25:35.610Z ["[Ringer] Peer Bunny.local:8895 is listening."]
INFO 2015-01-16T03:25:35.611Z ["[Lighter] Connected to memcache."]
INFO 2015-01-16T03:25:35.611Z ["[Lighter] Models loaded. \u001b[90mx0\u001b[39m"]
INFO 2015-01-16T03:25:35.617Z ["[Lighter] Models loaded. \u001b[90mx0\u001b[39m"]
INFO 2015-01-16T03:25:35.623Z ["[Lighter] Scripts routed to \u001b[36m/sly.js\u001b[39m. \u001b[90mx1\u001b[39m"]
INFO 2015-01-16T03:25:35.624Z ["[Lighter] Styles routed to \u001b[36m/sly.css\u001b[39m. \u001b[90mx1\u001b[39m"]
INFO 2015-01-16T03:25:35.625Z ["[Lighter] Scripts routed to \u001b[36m/sly.js\u001b[39m. \u001b[90mx1\u001b[39m"]
INFO 2015-01-16T03:25:35.625Z ["[Lighter] Styles routed to \u001b[36m/sly.css\u001b[39m. \u001b[90mx1\u001b[39m"]
INFO 2015-01-16T03:25:35.629Z ["[Lighter] Controllers loaded. \u001b[90mx2\u001b[39m"]
INFO 2015-01-16T03:25:35.630Z ["[Lighter] Controllers loaded. \u001b[90mx2\u001b[39m"]
INFO 2015-01-16T03:25:35.643Z ["[Lighter] Scripts routed to \u001b[36m/a.js\u001b[39m. \u001b[90mx1\u001b[39m"]
INFO 2015-01-16T03:25:35.644Z ["[Lighter] Scripts routed to \u001b[36m/a.js\u001b[39m. \u001b[90mx1\u001b[39m"]
INFO 2015-01-16T03:25:35.649Z ["[Lighter] Styles routed to \u001b[36m/a.css\u001b[39m. \u001b[90mx1\u001b[39m"]
INFO 2015-01-16T03:25:35.652Z ["[Za] HTTP server listening on 8890."]
INFO 2015-01-16T03:25:35.657Z ["[Lighter] Connected to memcache."]
INFO 2015-01-16T03:25:35.661Z ["[Lighter] Styles routed to \u001b[36m/a.css\u001b[39m. \u001b[90mx1\u001b[39m"]
INFO 2015-01-16T03:25:35.662Z ["[Ringer] Peer Bunny.local:8894 is listening."]
INFO 2015-01-16T03:25:35.662Z ["[Lighter] Models loaded. \u001b[90mx0\u001b[39m"]
INFO 2015-01-16T03:25:35.671Z ["[Lighter] Scripts routed to \u001b[36m/sly.js\u001b[39m. \u001b[90mx1\u001b[39m"]
INFO 2015-01-16T03:25:35.672Z ["[Za] HTTP server listening on 8889."]
INFO 2015-01-16T03:25:35.676Z ["[Lighter] Styles routed to \u001b[36m/sly.css\u001b[39m. \u001b[90mx1\u001b[39m"]
INFO 2015-01-16T03:25:35.679Z ["[Lighter] Controllers loaded. \u001b[90mx2\u001b[39m"]
INFO 2015-01-16T03:25:35.680Z ["[Ringer] Peer Bunny.local:8893 is listening."]
INFO 2015-01-16T03:25:35.680Z ["[Lighter] Connected to memcache."]
INFO 2015-01-16T03:25:35.687Z ["[Lighter] Models loaded. \u001b[90mx0\u001b[39m"]
INFO 2015-01-16T03:25:35.700Z ["[Lighter] Scripts routed to \u001b[36m/sly.js\u001b[39m. \u001b[90mx1\u001b[39m"]
INFO 2015-01-16T03:25:35.703Z ["[Lighter] Styles routed to \u001b[36m/sly.css\u001b[39m. \u001b[90mx1\u001b[39m"]
INFO 2015-01-16T03:25:35.710Z ["[Lighter] Controllers loaded. \u001b[90mx2\u001b[39m"]
INFO 2015-01-16T03:25:35.710Z ["[Lighter] Scripts routed to \u001b[36m/a.js\u001b[39m. \u001b[90mx1\u001b[39m"]
INFO 2015-01-16T03:25:35.712Z ["[Lighter] Styles routed to \u001b[36m/a.css\u001b[39m. \u001b[90mx1\u001b[39m"]
INFO 2015-01-16T03:25:35.722Z ["[Lighter] Scripts routed to \u001b[36m/a.js\u001b[39m. \u001b[90mx1\u001b[39m"]
INFO 2015-01-16T03:25:35.726Z ["[Lighter] Styles routed to \u001b[36m/a.css\u001b[39m. \u001b[90mx1\u001b[39m"]
INFO 2015-01-16T03:25:36.738Z ["[Lighter] Views loaded. \u001b[90mx30\u001b[39m"]
INFO 2015-01-16T03:25:36.973Z ["[Lighter] Publics loaded. \u001b[90mx48\u001b[39m"]
INFO 2015-01-16T03:25:37.782Z ["[Lighter] Views loaded. \u001b[90mx30\u001b[39m"]
INFO 2015-01-16T03:25:37.950Z ["[Lighter] Publics loaded. \u001b[90mx48\u001b[39m"]
INFO 2015-01-16T03:25:37.951Z ["[Lighter] Publics loaded. \u001b[90mx48\u001b[39m"]
INFO 2015-01-16T03:25:37.955Z ["[Lighter] Views loaded. \u001b[90mx30\u001b[39m"]
INFO 2015-01-16T03:25:37.962Z ["[Ringer] Peer Bunny.local:8895 is stable on attempt 3."]
INFO 2015-01-16T03:25:37.965Z ["[D6] Views routed to \u001b[36m/d6.js\u001b[39m."]
INFO 2015-01-16T03:25:37.966Z ["[D6] Views routed to \u001b[36m/d6.js\u001b[39m."]
INFO 2015-01-16T03:25:37.966Z ["[Lighter] Views loaded. \u001b[90mx30\u001b[39m"]
INFO 2015-01-16T03:25:37.970Z ["[D6] Views routed to \u001b[36m/d6.js\u001b[39m."]
INFO 2015-01-16T03:25:38.031Z ["[Lighter] Publics loaded. \u001b[90mx48\u001b[39m"]
INFO 2015-01-16T03:25:38.036Z ["[Ringer] Peer Bunny.local:8893 is stable on attempt 3."]
INFO 2015-01-16T03:25:38.036Z ["[Ringer] Peer Bunny.local:8894 is stable on attempt 2."]
INFO 2015-01-16T03:25:38.036Z ["[Ringer] Peer Bunny.local:8892 is stable on attempt 3."]
INFO 2015-01-16T03:25:38.044Z ["[D6] Views routed to \u001b[36m/d6.js\u001b[39m."]
