WARN 2015-01-16T16:52:57.091Z ["[Lighter] Changed \u001b[36m~/Workspace/ringer/lib/peer-events.js\u001b[39m."]
ERROR 2015-01-16T16:52:57.103Z ["Worker 41181 died."]
INFO 2015-01-16T16:52:58.042Z ["[Za] HTTP server listening on 8888."]
INFO 2015-01-16T16:52:58.043Z ["[Za] HTTP server listening on 8889."]
INFO 2015-01-16T16:52:58.045Z ["[Lighter] Connected to memcache."]
INFO 2015-01-16T16:52:58.046Z ["[Ringer] Peer Bunny.local:8892 is listening."]
INFO 2015-01-16T16:52:58.046Z ["[Lighter] Connected to memcache."]
INFO 2015-01-16T16:52:58.049Z ["[Ringer] Peer Bunny.local:8893 is listening."]
INFO 2015-01-16T16:52:58.049Z ["[Lighter] Models loaded. \u001b[90mx0\u001b[39m"]
INFO 2015-01-16T16:52:58.051Z ["[Lighter] Models loaded. \u001b[90mx0\u001b[39m"]
INFO 2015-01-16T16:52:58.060Z ["[Lighter] Scripts routed to \u001b[36m/sly.js\u001b[39m. \u001b[90mx1\u001b[39m"]
INFO 2015-01-16T16:52:58.062Z ["[Lighter] Styles routed to \u001b[36m/sly.css\u001b[39m. \u001b[90mx1\u001b[39m"]
INFO 2015-01-16T16:52:58.064Z ["[Lighter] Scripts routed to \u001b[36m/sly.js\u001b[39m. \u001b[90mx1\u001b[39m"]
INFO 2015-01-16T16:52:58.064Z ["[Lighter] Styles routed to \u001b[36m/sly.css\u001b[39m. \u001b[90mx1\u001b[39m"]
INFO 2015-01-16T16:52:58.066Z ["[Lighter] Controllers loaded. \u001b[90mx2\u001b[39m"]
INFO 2015-01-16T16:52:58.067Z ["[Lighter] Controllers loaded. \u001b[90mx2\u001b[39m"]
INFO 2015-01-16T16:52:58.073Z ["[Za] HTTP server listening on 8891."]
INFO 2015-01-16T16:52:58.077Z ["[Ringer] Peer Bunny.local:8895 is listening."]
INFO 2015-01-16T16:52:58.077Z ["[Lighter] Connected to memcache."]
INFO 2015-01-16T16:52:58.077Z ["[Za] HTTP server listening on 8890."]
INFO 2015-01-16T16:52:58.079Z ["[Lighter] Scripts routed to \u001b[36m/a.js\u001b[39m. \u001b[90mx1\u001b[39m"]
INFO 2015-01-16T16:52:58.081Z ["[Lighter] Models loaded. \u001b[90mx0\u001b[39m"]
INFO 2015-01-16T16:52:58.081Z ["[Lighter] Scripts routed to \u001b[36m/a.js\u001b[39m. \u001b[90mx1\u001b[39m"]
INFO 2015-01-16T16:52:58.083Z ["[Ringer] Peer Bunny.local:8894 is listening."]
INFO 2015-01-16T16:52:58.083Z ["[Lighter] Connected to memcache."]
INFO 2015-01-16T16:52:58.087Z ["[Lighter] Styles routed to \u001b[36m/a.css\u001b[39m. \u001b[90mx1\u001b[39m"]
INFO 2015-01-16T16:52:58.087Z ["[Lighter] Styles routed to \u001b[36m/a.css\u001b[39m. \u001b[90mx1\u001b[39m"]
INFO 2015-01-16T16:52:58.095Z ["[Lighter] Scripts routed to \u001b[36m/sly.js\u001b[39m. \u001b[90mx1\u001b[39m"]
INFO 2015-01-16T16:52:58.095Z ["[Lighter] Models loaded. \u001b[90mx0\u001b[39m"]
INFO 2015-01-16T16:52:58.098Z ["[Lighter] Styles routed to \u001b[36m/sly.css\u001b[39m. \u001b[90mx1\u001b[39m"]
INFO 2015-01-16T16:52:58.119Z ["[Lighter] Controllers loaded. \u001b[90mx2\u001b[39m"]
INFO 2015-01-16T16:52:58.125Z ["[Lighter] Scripts routed to \u001b[36m/a.js\u001b[39m. \u001b[90mx1\u001b[39m"]
INFO 2015-01-16T16:52:58.127Z ["[Lighter] Styles routed to \u001b[36m/a.css\u001b[39m. \u001b[90mx1\u001b[39m"]
INFO 2015-01-16T16:52:58.135Z ["[Lighter] Scripts routed to \u001b[36m/sly.js\u001b[39m. \u001b[90mx1\u001b[39m"]
INFO 2015-01-16T16:52:58.135Z ["[Lighter] Styles routed to \u001b[36m/sly.css\u001b[39m. \u001b[90mx1\u001b[39m"]
INFO 2015-01-16T16:52:58.139Z ["[Lighter] Controllers loaded. \u001b[90mx2\u001b[39m"]
INFO 2015-01-16T16:52:58.145Z ["[Lighter] Scripts routed to \u001b[36m/a.js\u001b[39m. \u001b[90mx1\u001b[39m"]
INFO 2015-01-16T16:52:58.146Z ["[Lighter] Styles routed to \u001b[36m/a.css\u001b[39m. \u001b[90mx1\u001b[39m"]
INFO 2015-01-16T16:52:59.195Z ["[Lighter] Views loaded. \u001b[90mx30\u001b[39m"]
INFO 2015-01-16T16:52:59.342Z ["[Lighter] Views loaded. \u001b[90mx30\u001b[39m"]
