WARN 2014-11-27T07:15:12.450Z ["[Lighter] Path changed: \"~/Workspace/lighter/lib/app.js\"."]
INFO 2014-11-27T07:15:13.204Z ["[Lighter] Models loaded. \u001b[90mx0\u001b[39m"]
INFO 2014-11-27T07:15:13.213Z ["[Lighter] Scripts routed to \"/sly.js\". \u001b[90mx1\u001b[39m"]
INFO 2014-11-27T07:15:13.214Z ["[Lighter] Styles routed to \"/sly.css\". \u001b[90mx1\u001b[39m"]
INFO 2014-11-27T07:15:13.215Z ["[Lighter] Controllers loaded. \u001b[90mx2\u001b[39m"]
INFO 2014-11-27T07:15:13.227Z ["[Lighter] Scripts routed to \"/a.js\". \u001b[90mx1\u001b[39m"]
INFO 2014-11-27T07:15:13.230Z ["[Lighter] Styles routed to \"/a.css\". \u001b[90mx1\u001b[39m"]
INFO 2014-11-27T07:15:14.296Z ["[Lighter] Publics loaded. \u001b[90mx48\u001b[39m"]
INFO 2014-11-27T07:15:15.119Z ["[Lighter] Views loaded. \u001b[90mx30\u001b[39m"]
INFO 2014-11-27T07:15:15.133Z ["[D6] Views routed to \"/d6.js\"."]
WARN 2014-11-27T07:15:15.145Z ["[Lighter] Path changed: \"~/Workspace/lighter/lib/app.js\"."]
INFO 2014-11-27T07:15:15.898Z ["[Lighter] Models loaded. \u001b[90mx0\u001b[39m"]
INFO 2014-11-27T07:15:15.906Z ["[Lighter] Scripts routed to \"/sly.js\". \u001b[90mx1\u001b[39m"]
INFO 2014-11-27T07:15:15.907Z ["[Lighter] Styles routed to \"/sly.css\". \u001b[90mx1\u001b[39m"]
INFO 2014-11-27T07:15:15.908Z ["[Lighter] Controllers loaded. \u001b[90mx2\u001b[39m"]
INFO 2014-11-27T07:15:15.920Z ["[Lighter] Scripts routed to \"/a.js\". \u001b[90mx1\u001b[39m"]
INFO 2014-11-27T07:15:15.923Z ["[Lighter] Styles routed to \"/a.css\". \u001b[90mx1\u001b[39m"]
INFO 2014-11-27T07:15:16.746Z ["[Lighter] Views loaded. \u001b[90mx30\u001b[39m"]
INFO 2014-11-27T07:15:17.768Z ["[Lighter] Publics loaded. \u001b[90mx48\u001b[39m"]
INFO 2014-11-27T07:15:17.782Z ["[D6] Views routed to \"/d6.js\"."]
WARN 2014-11-27T07:15:21.870Z ["[Lighter] Path changed: \"./app.js\"."]
INFO 2014-11-27T07:15:22.620Z ["[Lighter] Models loaded. \u001b[90mx0\u001b[39m"]
INFO 2014-11-27T07:15:22.632Z ["[Lighter] Scripts routed to \"/sly.js\". \u001b[90mx1\u001b[39m"]
INFO 2014-11-27T07:15:22.632Z ["[Lighter] Styles routed to \"/sly.css\". \u001b[90mx1\u001b[39m"]
INFO 2014-11-27T07:15:22.635Z ["[Lighter] Controllers loaded. \u001b[90mx2\u001b[39m"]
INFO 2014-11-27T07:15:22.648Z ["[Lighter] Scripts routed to \"/a.js\". \u001b[90mx1\u001b[39m"]
INFO 2014-11-27T07:15:22.650Z ["[Lighter] Styles routed to \"/a.css\". \u001b[90mx1\u001b[39m"]
INFO 2014-11-27T07:15:24.442Z ["[Lighter] Views loaded. \u001b[90mx30\u001b[39m"]
INFO 2014-11-27T07:15:24.608Z ["[Lighter] Publics loaded. \u001b[90mx48\u001b[39m"]
INFO 2014-11-27T07:15:24.621Z ["[D6] Views routed to \"/d6.js\"."]
WARN 2014-11-27T07:15:38.331Z ["[Lighter] Path changed: \"./package.json\"."]
INFO 2014-11-27T07:15:39.072Z ["[Lighter] Models loaded. \u001b[90mx0\u001b[39m"]
INFO 2014-11-27T07:15:39.081Z ["[Lighter] Scripts routed to \"/sly.js\". \u001b[90mx1\u001b[39m"]
INFO 2014-11-27T07:15:39.081Z ["[Lighter] Styles routed to \"/sly.css\". \u001b[90mx1\u001b[39m"]
INFO 2014-11-27T07:15:39.083Z ["[Lighter] Controllers loaded. \u001b[90mx2\u001b[39m"]
INFO 2014-11-27T07:15:39.095Z ["[Lighter] Scripts routed to \"/a.js\". \u001b[90mx1\u001b[39m"]
INFO 2014-11-27T07:15:39.097Z ["[Lighter] Styles routed to \"/a.css\". \u001b[90mx1\u001b[39m"]
INFO 2014-11-27T07:15:39.917Z ["[Lighter] Views loaded. \u001b[90mx30\u001b[39m"]
INFO 2014-11-27T07:15:40.922Z ["[Lighter] Publics loaded. \u001b[90mx48\u001b[39m"]
INFO 2014-11-27T07:15:40.935Z ["[D6] Views routed to \"/d6.js\"."]
INFO 2014-11-27T07:15:52.104Z ["[Lighter] Models loaded. \u001b[90mx0\u001b[39m"]
INFO 2014-11-27T07:15:52.111Z ["[Lighter] Scripts routed to \"/sly.js\". \u001b[90mx1\u001b[39m"]
INFO 2014-11-27T07:15:52.112Z ["[Lighter] Styles routed to \"/sly.css\". \u001b[90mx1\u001b[39m"]
INFO 2014-11-27T07:15:52.115Z ["[Lighter] Controllers loaded. \u001b[90mx2\u001b[39m"]
INFO 2014-11-27T07:15:52.130Z ["[Lighter] Scripts routed to \"/a.js\". \u001b[90mx1\u001b[39m"]
INFO 2014-11-27T07:15:52.134Z ["[Lighter] Styles routed to \"/a.css\". \u001b[90mx1\u001b[39m"]
INFO 2014-11-27T07:15:53.983Z ["[Lighter] Views loaded. \u001b[90mx30\u001b[39m"]
INFO 2014-11-27T07:15:54.048Z ["[Lighter] Publics loaded. \u001b[90mx48\u001b[39m"]
INFO 2014-11-27T07:15:54.062Z ["[D6] Views routed to \"/d6.js\"."]
WARN 2014-11-27T07:15:55.720Z ["[Lighter] Path changed: \"./public/gold.svg\"."]
INFO 2014-11-27T07:15:56.474Z ["[Lighter] Models loaded. \u001b[90mx0\u001b[39m"]
INFO 2014-11-27T07:15:56.483Z ["[Lighter] Scripts routed to \"/sly.js\". \u001b[90mx1\u001b[39m"]
INFO 2014-11-27T07:15:56.484Z ["[Lighter] Styles routed to \"/sly.css\". \u001b[90mx1\u001b[39m"]
INFO 2014-11-27T07:15:56.485Z ["[Lighter] Controllers loaded. \u001b[90mx2\u001b[39m"]
INFO 2014-11-27T07:15:56.498Z ["[Lighter] Scripts routed to \"/a.js\". \u001b[90mx1\u001b[39m"]
INFO 2014-11-27T07:15:56.501Z ["[Lighter] Styles routed to \"/a.css\". \u001b[90mx1\u001b[39m"]
INFO 2014-11-27T07:15:58.302Z ["[Lighter] Views loaded. \u001b[90mx30\u001b[39m"]
INFO 2014-11-27T07:15:58.365Z ["[Lighter] Publics loaded. \u001b[90mx48\u001b[39m"]
INFO 2014-11-27T07:15:58.378Z ["[D6] Views routed to \"/d6.js\"."]
WARN 2014-11-27T07:15:59.210Z ["[Lighter] Path changed: \"./public/gold.svg\"."]
INFO 2014-11-27T07:15:59.956Z ["[Lighter] Models loaded. \u001b[90mx0\u001b[39m"]
INFO 2014-11-27T07:15:59.968Z ["[Lighter] Scripts routed to \"/sly.js\". \u001b[90mx1\u001b[39m"]
INFO 2014-11-27T07:15:59.968Z ["[Lighter] Styles routed to \"/sly.css\". \u001b[90mx1\u001b[39m"]
INFO 2014-11-27T07:15:59.970Z ["[Lighter] Controllers loaded. \u001b[90mx2\u001b[39m"]
INFO 2014-11-27T07:15:59.983Z ["[Lighter] Scripts routed to \"/a.js\". \u001b[90mx1\u001b[39m"]
INFO 2014-11-27T07:15:59.985Z ["[Lighter] Styles routed to \"/a.css\". \u001b[90mx1\u001b[39m"]
INFO 2014-11-27T07:16:00.796Z ["[Lighter] Views loaded. \u001b[90mx30\u001b[39m"]
