WARN 2014-11-27T06:55:13.316Z ["[Lighter] Path changed: \"~/Workspace/lighter/lib/app.js\"."]
INFO 2014-11-27T06:55:14.067Z ["[Lighter] Models loaded. \u001b[90mx0\u001b[39m"]
INFO 2014-11-27T06:55:14.076Z ["[Lighter] Scripts routed to \"/sly.js\". \u001b[90mx1\u001b[39m"]
INFO 2014-11-27T06:55:14.077Z ["[Lighter] Styles routed to \"/sly.css\". \u001b[90mx1\u001b[39m"]
INFO 2014-11-27T06:55:14.078Z ["[Lighter] Controllers loaded. \u001b[90mx2\u001b[39m"]
INFO 2014-11-27T06:55:14.091Z ["[Lighter] Scripts routed to \"/a.js\". \u001b[90mx1\u001b[39m"]
INFO 2014-11-27T06:55:14.092Z ["[Lighter] Styles routed to \"/a.css\". \u001b[90mx1\u001b[39m"]
INFO 2014-11-27T06:55:14.895Z ["[Lighter] Views loaded. \u001b[90mx30\u001b[39m"]
INFO 2014-11-27T06:55:15.900Z ["[Lighter] Publics loaded. \u001b[90mx48\u001b[39m"]
WARN 2014-11-27T06:55:15.905Z ["[Lighter] Path changed: \"~/Workspace/lighter/lib/app.js\"."]
INFO 2014-11-27T06:55:16.654Z ["[Lighter] Models loaded. \u001b[90mx0\u001b[39m"]
INFO 2014-11-27T06:55:16.663Z ["[Lighter] Scripts routed to \"/sly.js\". \u001b[90mx1\u001b[39m"]
INFO 2014-11-27T06:55:16.664Z ["[Lighter] Styles routed to \"/sly.css\". \u001b[90mx1\u001b[39m"]
INFO 2014-11-27T06:55:16.665Z ["[Lighter] Controllers loaded. \u001b[90mx2\u001b[39m"]
INFO 2014-11-27T06:55:16.678Z ["[Lighter] Scripts routed to \"/a.js\". \u001b[90mx1\u001b[39m"]
INFO 2014-11-27T06:55:16.680Z ["[Lighter] Styles routed to \"/a.css\". \u001b[90mx1\u001b[39m"]
INFO 2014-11-27T06:55:17.492Z ["[Lighter] Views loaded. \u001b[90mx30\u001b[39m"]
INFO 2014-11-27T06:55:18.510Z ["[Lighter] Publics loaded. \u001b[90mx48\u001b[39m"]
INFO 2014-11-27T06:55:18.523Z ["[D6] Views routed to \"/d6.js\"."]
WARN 2014-11-27T06:55:34.482Z ["[Lighter] Path changed: \"~/Workspace/lighter/lib/app.js\"."]
INFO 2014-11-27T06:55:35.229Z ["[Lighter] Models loaded. \u001b[90mx0\u001b[39m"]
INFO 2014-11-27T06:55:35.239Z ["[Lighter] Scripts routed to \"/sly.js\". \u001b[90mx1\u001b[39m"]
INFO 2014-11-27T06:55:35.240Z ["[Lighter] Styles routed to \"/sly.css\". \u001b[90mx1\u001b[39m"]
INFO 2014-11-27T06:55:35.241Z ["[Lighter] Controllers loaded. \u001b[90mx2\u001b[39m"]
INFO 2014-11-27T06:55:35.253Z ["[Lighter] Scripts routed to \"/a.js\". \u001b[90mx1\u001b[39m"]
INFO 2014-11-27T06:55:35.255Z ["[Lighter] Styles routed to \"/a.css\". \u001b[90mx1\u001b[39m"]
INFO 2014-11-27T06:55:36.350Z ["[Lighter] Publics loaded. \u001b[90mx48\u001b[39m"]
INFO 2014-11-27T06:55:37.161Z ["[Lighter] Views loaded. \u001b[90mx30\u001b[39m"]
INFO 2014-11-27T06:55:37.174Z ["[D6] Views routed to \"/d6.js\"."]
WARN 2014-11-27T06:55:45.335Z ["[Lighter] Path changed: \"~/Workspace/lighter/lib/app.js\"."]
INFO 2014-11-27T06:55:46.091Z ["[Lighter] Models loaded. \u001b[90mx0\u001b[39m"]
INFO 2014-11-27T06:55:46.099Z ["[Lighter] Scripts routed to \"/sly.js\". \u001b[90mx1\u001b[39m"]
INFO 2014-11-27T06:55:46.100Z ["[Lighter] Styles routed to \"/sly.css\". \u001b[90mx1\u001b[39m"]
INFO 2014-11-27T06:55:46.101Z ["[Lighter] Controllers loaded. \u001b[90mx2\u001b[39m"]
INFO 2014-11-27T06:55:46.113Z ["[Lighter] Scripts routed to \"/a.js\". \u001b[90mx1\u001b[39m"]
INFO 2014-11-27T06:55:46.114Z ["[Lighter] Styles routed to \"/a.css\". \u001b[90mx1\u001b[39m"]
INFO 2014-11-27T06:55:46.901Z ["[Lighter] Views loaded. \u001b[90mx30\u001b[39m"]
INFO 2014-11-27T06:55:47.927Z ["[Lighter] Publics loaded. \u001b[90mx48\u001b[39m"]
INFO 2014-11-27T06:55:47.943Z ["[D6] Views routed to \"/d6.js\"."]
