WARN 2014-12-25T05:58:40.452Z ["[Lighter] Changed \u001b[36m~/Workspace/ormy/lib/database.js\u001b[39m."]
INFO 2014-12-25T05:58:41.225Z ["[Lighter] Models loaded. \u001b[90mx0\u001b[39m"]
INFO 2014-12-25T05:58:41.235Z ["[Lighter] Scripts routed to \u001b[36m/sly.js\u001b[39m. \u001b[90mx1\u001b[39m"]
INFO 2014-12-25T05:58:41.236Z ["[Lighter] Styles routed to \u001b[36m/sly.css\u001b[39m. \u001b[90mx1\u001b[39m"]
INFO 2014-12-25T05:58:41.239Z ["[Lighter] Controllers loaded. \u001b[90mx2\u001b[39m"]
INFO 2014-12-25T05:58:41.253Z ["[Lighter] Scripts routed to \u001b[36m/a.js\u001b[39m. \u001b[90mx1\u001b[39m"]
INFO 2014-12-25T05:58:41.255Z ["[Lighter] Styles routed to \u001b[36m/a.css\u001b[39m. \u001b[90mx1\u001b[39m"]
INFO 2014-12-25T05:58:43.423Z ["[Lighter] Views loaded. \u001b[90mx30\u001b[39m"]
INFO 2014-12-25T05:58:43.500Z ["[Lighter] Publics loaded. \u001b[90mx48\u001b[39m"]
INFO 2014-12-25T05:58:43.516Z ["[D6] Views routed to \u001b[36m/d6.js\u001b[39m."]
WARN 2014-12-25T05:58:52.443Z ["[Lighter] Changed \u001b[36m~/Workspace/ormy/lib/database.js\u001b[39m."]
INFO 2014-12-25T05:58:53.240Z ["[Lighter] Models loaded. \u001b[90mx0\u001b[39m"]
INFO 2014-12-25T05:58:53.252Z ["[Lighter] Scripts routed to \u001b[36m/sly.js\u001b[39m. \u001b[90mx1\u001b[39m"]
INFO 2014-12-25T05:58:53.252Z ["[Lighter] Styles routed to \u001b[36m/sly.css\u001b[39m. \u001b[90mx1\u001b[39m"]
INFO 2014-12-25T05:58:53.256Z ["[Lighter] Controllers loaded. \u001b[90mx2\u001b[39m"]
INFO 2014-12-25T05:58:53.270Z ["[Lighter] Scripts routed to \u001b[36m/a.js\u001b[39m. \u001b[90mx1\u001b[39m"]
INFO 2014-12-25T05:58:53.272Z ["[Lighter] Styles routed to \u001b[36m/a.css\u001b[39m. \u001b[90mx1\u001b[39m"]
INFO 2014-12-25T05:58:55.345Z ["[Lighter] Views loaded. \u001b[90mx30\u001b[39m"]
INFO 2014-12-25T05:58:55.578Z ["[Lighter] Publics loaded. \u001b[90mx48\u001b[39m"]
INFO 2014-12-25T05:58:55.599Z ["[D6] Views routed to \u001b[36m/d6.js\u001b[39m."]
