WARN 2014-12-25T05:16:11.972Z ["[Lighter] Changed \u001b[36m~/Workspace/exam/lib/_exam.js\u001b[39m."]
INFO 2014-12-25T05:16:12.756Z ["[Lighter] Models loaded. \u001b[90mx0\u001b[39m"]
INFO 2014-12-25T05:16:12.765Z ["[Lighter] Scripts routed to \u001b[36m/sly.js\u001b[39m. \u001b[90mx1\u001b[39m"]
INFO 2014-12-25T05:16:12.766Z ["[Lighter] Styles routed to \u001b[36m/sly.css\u001b[39m. \u001b[90mx1\u001b[39m"]
INFO 2014-12-25T05:16:12.769Z ["[Lighter] Controllers loaded. \u001b[90mx2\u001b[39m"]
INFO 2014-12-25T05:16:12.783Z ["[Lighter] Scripts routed to \u001b[36m/a.js\u001b[39m. \u001b[90mx1\u001b[39m"]
INFO 2014-12-25T05:16:12.785Z ["[Lighter] Styles routed to \u001b[36m/a.css\u001b[39m. \u001b[90mx1\u001b[39m"]
INFO 2014-12-25T05:16:14.791Z ["[Lighter] Views loaded. \u001b[90mx30\u001b[39m"]
INFO 2014-12-25T05:16:15.048Z ["[Lighter] Publics loaded. \u001b[90mx48\u001b[39m"]
INFO 2014-12-25T05:16:15.065Z ["[D6] Views routed to \u001b[36m/d6.js\u001b[39m."]
WARN 2014-12-25T05:16:52.383Z ["[Lighter] Changed \u001b[36m~/Workspace/exam/lib/_exam.js\u001b[39m."]
INFO 2014-12-25T05:16:53.184Z ["[Lighter] Models loaded. \u001b[90mx0\u001b[39m"]
INFO 2014-12-25T05:16:53.192Z ["[Lighter] Scripts routed to \u001b[36m/sly.js\u001b[39m. \u001b[90mx1\u001b[39m"]
INFO 2014-12-25T05:16:53.194Z ["[Lighter] Styles routed to \u001b[36m/sly.css\u001b[39m. \u001b[90mx1\u001b[39m"]
INFO 2014-12-25T05:16:53.197Z ["[Lighter] Controllers loaded. \u001b[90mx2\u001b[39m"]
INFO 2014-12-25T05:16:53.210Z ["[Lighter] Scripts routed to \u001b[36m/a.js\u001b[39m. \u001b[90mx1\u001b[39m"]
INFO 2014-12-25T05:16:53.212Z ["[Lighter] Styles routed to \u001b[36m/a.css\u001b[39m. \u001b[90mx1\u001b[39m"]
INFO 2014-12-25T05:16:55.344Z ["[Lighter] Views loaded. \u001b[90mx30\u001b[39m"]
INFO 2014-12-25T05:16:55.571Z ["[Lighter] Publics loaded. \u001b[90mx48\u001b[39m"]
INFO 2014-12-25T05:16:55.588Z ["[D6] Views routed to \u001b[36m/d6.js\u001b[39m."]
