WARN 2014-12-25T05:53:20.116Z ["[Lighter] Changed \u001b[36m~/Workspace/ormy/lib/database.js\u001b[39m."]
INFO 2014-12-25T05:53:20.908Z ["[Lighter] Models loaded. \u001b[90mx0\u001b[39m"]
INFO 2014-12-25T05:53:20.918Z ["[Lighter] Scripts routed to \u001b[36m/sly.js\u001b[39m. \u001b[90mx1\u001b[39m"]
INFO 2014-12-25T05:53:20.918Z ["[Lighter] Styles routed to \u001b[36m/sly.css\u001b[39m. \u001b[90mx1\u001b[39m"]
INFO 2014-12-25T05:53:20.922Z ["[Lighter] Controllers loaded. \u001b[90mx2\u001b[39m"]
INFO 2014-12-25T05:53:20.937Z ["[Lighter] Scripts routed to \u001b[36m/a.js\u001b[39m. \u001b[90mx1\u001b[39m"]
INFO 2014-12-25T05:53:20.939Z ["[Lighter] Styles routed to \u001b[36m/a.css\u001b[39m. \u001b[90mx1\u001b[39m"]
INFO 2014-12-25T05:53:21.994Z ["[Lighter] Views loaded. \u001b[90mx30\u001b[39m"]
INFO 2014-12-25T05:53:23.218Z ["[Lighter] Publics loaded. \u001b[90mx48\u001b[39m"]
INFO 2014-12-25T05:53:23.233Z ["[D6] Views routed to \u001b[36m/d6.js\u001b[39m."]
WARN 2014-12-25T05:53:36.412Z ["[Lighter] Changed \u001b[36m~/Workspace/ormy/lib/database.js\u001b[39m."]
INFO 2014-12-25T05:53:37.217Z ["[Lighter] Models loaded. \u001b[90mx0\u001b[39m"]
INFO 2014-12-25T05:53:37.229Z ["[Lighter] Scripts routed to \u001b[36m/sly.js\u001b[39m. \u001b[90mx1\u001b[39m"]
INFO 2014-12-25T05:53:37.230Z ["[Lighter] Styles routed to \u001b[36m/sly.css\u001b[39m. \u001b[90mx1\u001b[39m"]
INFO 2014-12-25T05:53:37.235Z ["[Lighter] Controllers loaded. \u001b[90mx2\u001b[39m"]
INFO 2014-12-25T05:53:37.251Z ["[Lighter] Scripts routed to \u001b[36m/a.js\u001b[39m. \u001b[90mx1\u001b[39m"]
INFO 2014-12-25T05:53:37.254Z ["[Lighter] Styles routed to \u001b[36m/a.css\u001b[39m. \u001b[90mx1\u001b[39m"]
INFO 2014-12-25T05:53:38.303Z ["[Lighter] Views loaded. \u001b[90mx30\u001b[39m"]
INFO 2014-12-25T05:53:39.546Z ["[Lighter] Publics loaded. \u001b[90mx48\u001b[39m"]
INFO 2014-12-25T05:53:39.562Z ["[D6] Views routed to \u001b[36m/d6.js\u001b[39m."]
