WARN 2014-12-26T23:59:27.903Z ["[Lighter] Changed \u001b[36m~/Workspace/cedar/lib/transports/console.js\u001b[39m."]
INFO 2014-12-26T23:59:28.823Z ["[Lighter] Connected to memcache."]
INFO 2014-12-26T23:59:28.831Z ["[Lighter] Models loaded. \u001b[90mx0\u001b[39m"]
INFO 2014-12-26T23:59:28.841Z ["[Lighter] Scripts routed to \u001b[36m/sly.js\u001b[39m. \u001b[90mx1\u001b[39m"]
INFO 2014-12-26T23:59:28.841Z ["[Lighter] Styles routed to \u001b[36m/sly.css\u001b[39m. \u001b[90mx1\u001b[39m"]
INFO 2014-12-26T23:59:28.845Z ["[Lighter] Controllers loaded. \u001b[90mx2\u001b[39m"]
INFO 2014-12-26T23:59:28.862Z ["[Lighter] Scripts routed to \u001b[36m/a.js\u001b[39m. \u001b[90mx1\u001b[39m"]
INFO 2014-12-26T23:59:28.865Z ["[Lighter] Styles routed to \u001b[36m/a.css\u001b[39m. \u001b[90mx1\u001b[39m"]
INFO 2014-12-26T23:59:31.636Z ["[Lighter] Views loaded. \u001b[90mx30\u001b[39m"]
INFO 2014-12-26T23:59:31.716Z ["[Lighter] Publics loaded. \u001b[90mx48\u001b[39m"]
INFO 2014-12-26T23:59:31.734Z ["[D6] Views routed to \u001b[36m/d6.js\u001b[39m."]
WARN 2014-12-26T23:59:33.091Z ["[Lighter] Changed \u001b[36m~/Workspace/cedar/lib/transports/console.js\u001b[39m."]
INFO 2014-12-26T23:59:34.003Z ["[Lighter] Connected to memcache."]
INFO 2014-12-26T23:59:34.010Z ["[Lighter] Models loaded. \u001b[90mx0\u001b[39m"]
INFO 2014-12-26T23:59:34.023Z ["[Lighter] Scripts routed to \u001b[36m/sly.js\u001b[39m. \u001b[90mx1\u001b[39m"]
INFO 2014-12-26T23:59:34.023Z ["[Lighter] Styles routed to \u001b[36m/sly.css\u001b[39m. \u001b[90mx1\u001b[39m"]
INFO 2014-12-26T23:59:34.027Z ["[Lighter] Controllers loaded. \u001b[90mx2\u001b[39m"]
INFO 2014-12-26T23:59:34.043Z ["[Lighter] Scripts routed to \u001b[36m/a.js\u001b[39m. \u001b[90mx1\u001b[39m"]
INFO 2014-12-26T23:59:34.048Z ["[Lighter] Styles routed to \u001b[36m/a.css\u001b[39m. \u001b[90mx1\u001b[39m"]
INFO 2014-12-26T23:59:36.796Z ["[Lighter] Views loaded. \u001b[90mx30\u001b[39m"]
INFO 2014-12-26T23:59:36.878Z ["[Lighter] Publics loaded. \u001b[90mx48\u001b[39m"]
INFO 2014-12-26T23:59:36.898Z ["[D6] Views routed to \u001b[36m/d6.js\u001b[39m."]
