WARN 2014-12-26T04:32:14.742Z ["[Lighter] Changed \u001b[36m~/Workspace/ormy/lib/database.js\u001b[39m."]
INFO 2014-12-26T04:32:15.519Z ["[Lighter] Models loaded. \u001b[90mx0\u001b[39m"]
INFO 2014-12-26T04:32:15.530Z ["[Lighter] Scripts routed to \u001b[36m/sly.js\u001b[39m. \u001b[90mx1\u001b[39m"]
INFO 2014-12-26T04:32:15.531Z ["[Lighter] Styles routed to \u001b[36m/sly.css\u001b[39m. \u001b[90mx1\u001b[39m"]
INFO 2014-12-26T04:32:15.535Z ["[Lighter] Controllers loaded. \u001b[90mx2\u001b[39m"]
INFO 2014-12-26T04:32:15.548Z ["[Lighter] Scripts routed to \u001b[36m/a.js\u001b[39m. \u001b[90mx1\u001b[39m"]
INFO 2014-12-26T04:32:15.550Z ["[Lighter] Styles routed to \u001b[36m/a.css\u001b[39m. \u001b[90mx1\u001b[39m"]
INFO 2014-12-26T04:32:16.917Z ["[Lighter] Publics loaded. \u001b[90mx48\u001b[39m"]
INFO 2014-12-26T04:32:17.936Z ["[Lighter] Views loaded. \u001b[90mx30\u001b[39m"]
INFO 2014-12-26T04:32:17.952Z ["[D6] Views routed to \u001b[36m/d6.js\u001b[39m."]
WARN 2014-12-26T04:32:40.475Z ["[Lighter] Changed \u001b[36m~/Workspace/ormy/lib/sqlite-database.js\u001b[39m."]
INFO 2014-12-26T04:32:41.283Z ["[Lighter] Models loaded. \u001b[90mx0\u001b[39m"]
INFO 2014-12-26T04:32:41.297Z ["[Lighter] Scripts routed to \u001b[36m/sly.js\u001b[39m. \u001b[90mx1\u001b[39m"]
INFO 2014-12-26T04:32:41.298Z ["[Lighter] Styles routed to \u001b[36m/sly.css\u001b[39m. \u001b[90mx1\u001b[39m"]
INFO 2014-12-26T04:32:41.301Z ["[Lighter] Controllers loaded. \u001b[90mx2\u001b[39m"]
INFO 2014-12-26T04:32:41.317Z ["[Lighter] Scripts routed to \u001b[36m/a.js\u001b[39m. \u001b[90mx1\u001b[39m"]
INFO 2014-12-26T04:32:41.319Z ["[Lighter] Styles routed to \u001b[36m/a.css\u001b[39m. \u001b[90mx1\u001b[39m"]
INFO 2014-12-26T04:32:43.495Z ["[Lighter] Views loaded. \u001b[90mx30\u001b[39m"]
INFO 2014-12-26T04:32:43.566Z ["[Lighter] Publics loaded. \u001b[90mx48\u001b[39m"]
INFO 2014-12-26T04:32:43.585Z ["[D6] Views routed to \u001b[36m/d6.js\u001b[39m."]
