INFO 2014-12-26T06:48:00.243Z ["[D6] Views routed to \u001b[36m/d6.js\u001b[39m."]
WARN 2014-12-26T06:48:12.970Z ["[Lighter] Changed \u001b[36m~/Workspace/ormy/lib/mysql-database.js\u001b[39m."]
INFO 2014-12-26T06:48:13.836Z ["[Lighter] Models loaded. \u001b[90mx0\u001b[39m"]
INFO 2014-12-26T06:48:13.845Z ["[Lighter] Scripts routed to \u001b[36m/sly.js\u001b[39m. \u001b[90mx1\u001b[39m"]
INFO 2014-12-26T06:48:13.845Z ["[Lighter] Styles routed to \u001b[36m/sly.css\u001b[39m. \u001b[90mx1\u001b[39m"]
INFO 2014-12-26T06:48:13.848Z ["[Lighter] Controllers loaded. \u001b[90mx2\u001b[39m"]
INFO 2014-12-26T06:48:13.864Z ["[Lighter] Scripts routed to \u001b[36m/a.js\u001b[39m. \u001b[90mx1\u001b[39m"]
INFO 2014-12-26T06:48:13.867Z ["[Lighter] Styles routed to \u001b[36m/a.css\u001b[39m. \u001b[90mx1\u001b[39m"]
INFO 2014-12-26T06:48:16.232Z ["[Lighter] Views loaded. \u001b[90mx30\u001b[39m"]
INFO 2014-12-26T06:48:16.308Z ["[Lighter] Publics loaded. \u001b[90mx48\u001b[39m"]
INFO 2014-12-26T06:48:16.325Z ["[D6] Views routed to \u001b[36m/d6.js\u001b[39m."]
WARN 2014-12-26T06:48:26.044Z ["[Lighter] Changed \u001b[36m~/Workspace/ormy/lib/mysql-database.js\u001b[39m."]
INFO 2014-12-26T06:48:26.922Z ["[Lighter] Models loaded. \u001b[90mx0\u001b[39m"]
INFO 2014-12-26T06:48:26.941Z ["[Lighter] Scripts routed to \u001b[36m/sly.js\u001b[39m. \u001b[90mx1\u001b[39m"]
INFO 2014-12-26T06:48:26.942Z ["[Lighter] Styles routed to \u001b[36m/sly.css\u001b[39m. \u001b[90mx1\u001b[39m"]
INFO 2014-12-26T06:48:26.946Z ["[Lighter] Controllers loaded. \u001b[90mx2\u001b[39m"]
INFO 2014-12-26T06:48:26.963Z ["[Lighter] Scripts routed to \u001b[36m/a.js\u001b[39m. \u001b[90mx1\u001b[39m"]
INFO 2014-12-26T06:48:26.965Z ["[Lighter] Styles routed to \u001b[36m/a.css\u001b[39m. \u001b[90mx1\u001b[39m"]
INFO 2014-12-26T06:48:28.059Z ["[Lighter] Views loaded. \u001b[90mx30\u001b[39m"]
INFO 2014-12-26T06:48:29.278Z ["[Lighter] Publics loaded. \u001b[90mx48\u001b[39m"]
INFO 2014-12-26T06:48:29.295Z ["[D6] Views routed to \u001b[36m/d6.js\u001b[39m."]
