WARN 2014-12-26T06:38:15.965Z ["[Lighter] Changed \u001b[36m~/Workspace/ormy/lib/mysql-database.js\u001b[39m."]
INFO 2014-12-26T06:38:16.858Z ["[Lighter] Models loaded. \u001b[90mx0\u001b[39m"]
INFO 2014-12-26T06:38:16.868Z ["[Lighter] Scripts routed to \u001b[36m/sly.js\u001b[39m. \u001b[90mx1\u001b[39m"]
INFO 2014-12-26T06:38:16.869Z ["[Lighter] Styles routed to \u001b[36m/sly.css\u001b[39m. \u001b[90mx1\u001b[39m"]
INFO 2014-12-26T06:38:16.872Z ["[Lighter] Controllers loaded. \u001b[90mx2\u001b[39m"]
INFO 2014-12-26T06:38:16.888Z ["[Lighter] Scripts routed to \u001b[36m/a.js\u001b[39m. \u001b[90mx1\u001b[39m"]
INFO 2014-12-26T06:38:16.893Z ["[Lighter] Styles routed to \u001b[36m/a.css\u001b[39m. \u001b[90mx1\u001b[39m"]
INFO 2014-12-26T06:38:19.302Z ["[Lighter] Views loaded. \u001b[90mx30\u001b[39m"]
INFO 2014-12-26T06:38:19.379Z ["[Lighter] Publics loaded. \u001b[90mx48\u001b[39m"]
INFO 2014-12-26T06:38:19.400Z ["[D6] Views routed to \u001b[36m/d6.js\u001b[39m."]
WARN 2014-12-26T06:38:27.184Z ["[Lighter] Changed \u001b[36m~/Workspace/ormy/lib/mysql-database.js\u001b[39m."]
INFO 2014-12-26T06:38:28.042Z ["[Lighter] Models loaded. \u001b[90mx0\u001b[39m"]
INFO 2014-12-26T06:38:28.051Z ["[Lighter] Scripts routed to \u001b[36m/sly.js\u001b[39m. \u001b[90mx1\u001b[39m"]
INFO 2014-12-26T06:38:28.051Z ["[Lighter] Styles routed to \u001b[36m/sly.css\u001b[39m. \u001b[90mx1\u001b[39m"]
INFO 2014-12-26T06:38:28.055Z ["[Lighter] Controllers loaded. \u001b[90mx2\u001b[39m"]
INFO 2014-12-26T06:38:28.069Z ["[Lighter] Scripts routed to \u001b[36m/a.js\u001b[39m. \u001b[90mx1\u001b[39m"]
INFO 2014-12-26T06:38:28.071Z ["[Lighter] Styles routed to \u001b[36m/a.css\u001b[39m. \u001b[90mx1\u001b[39m"]
INFO 2014-12-26T06:38:30.361Z ["[Lighter] Views loaded. \u001b[90mx30\u001b[39m"]
INFO 2014-12-26T06:38:30.468Z ["[Lighter] Publics loaded. \u001b[90mx48\u001b[39m"]
INFO 2014-12-26T06:38:30.486Z ["[D6] Views routed to \u001b[36m/d6.js\u001b[39m."]
