WARN 2014-11-30T16:30:12.238Z ["[Lighter] Changed: \u001b[36m\"~/Workspace/d6/d6.js\"\u001b[39m."]
INFO 2014-11-30T16:30:13.159Z ["[Lighter] Models loaded. \u001b[90mx0\u001b[39m"]
INFO 2014-11-30T16:30:13.181Z ["[Lighter] Scripts routed to \u001b[36m\"/sly.js\"\u001b[39m. \u001b[90mx1\u001b[39m"]
INFO 2014-11-30T16:30:13.182Z ["[Lighter] Styles routed to \u001b[36m\"/sly.css\"\u001b[39m. \u001b[90mx1\u001b[39m"]
INFO 2014-11-30T16:30:13.185Z ["[Lighter] Controllers loaded. \u001b[90mx2\u001b[39m"]
INFO 2014-11-30T16:30:13.254Z ["[Lighter] Scripts routed to \u001b[36m\"/a.js\"\u001b[39m. \u001b[90mx1\u001b[39m"]
INFO 2014-11-30T16:30:13.256Z ["[Lighter] Styles routed to \u001b[36m\"/a.css\"\u001b[39m. \u001b[90mx1\u001b[39m"]
INFO 2014-11-30T16:30:14.305Z ["[Lighter] Views loaded. \u001b[90mx30\u001b[39m"]
INFO 2014-11-30T16:30:15.414Z ["[Lighter] Publics loaded. \u001b[90mx48\u001b[39m"]
INFO 2014-11-30T16:30:15.427Z ["[D6] Views routed to \u001b[36m/d6.js\u001b[39m."]
WARN 2014-11-30T16:30:46.334Z ["[Lighter] Changed: \u001b[36m\"~/Workspace/lighter/lib/app.js\"\u001b[39m."]
INFO 2014-11-30T16:30:47.099Z ["[Lighter] Models loaded. \u001b[90mx0\u001b[39m"]
INFO 2014-11-30T16:30:47.109Z ["[Lighter] Scripts routed to \u001b[36m/sly.js\u001b[39m. \u001b[90mx1\u001b[39m"]
INFO 2014-11-30T16:30:47.110Z ["[Lighter] Styles routed to \u001b[36m/sly.css\u001b[39m. \u001b[90mx1\u001b[39m"]
INFO 2014-11-30T16:30:47.114Z ["[Lighter] Controllers loaded. \u001b[90mx2\u001b[39m"]
INFO 2014-11-30T16:30:47.147Z ["[Lighter] Scripts routed to \u001b[36m/a.js\u001b[39m. \u001b[90mx1\u001b[39m"]
INFO 2014-11-30T16:30:47.148Z ["[Lighter] Styles routed to \u001b[36m/a.css\u001b[39m. \u001b[90mx1\u001b[39m"]
INFO 2014-11-30T16:30:49.182Z ["[Lighter] Views loaded. \u001b[90mx30\u001b[39m"]
INFO 2014-11-30T16:30:49.419Z ["[Lighter] Publics loaded. \u001b[90mx48\u001b[39m"]
INFO 2014-11-30T16:30:49.437Z ["[D6] Views routed to \u001b[36m/d6.js\u001b[39m."]
