WARN 2014-11-30T04:22:13.262Z ["[Lighter] Changed: \u001b[36m\"~/Workspace/lighter/lib/app.js\"\u001b[39m."]
INFO 2014-11-30T04:22:14.009Z ["[Lighter] Models loaded. \u001b[90mx0\u001b[39m"]
INFO 2014-11-30T04:22:14.017Z ["[Lighter] Scripts routed to \u001b[36m\"/sly.js\"\u001b[39m. \u001b[90mx1\u001b[39m"]
INFO 2014-11-30T04:22:14.018Z ["[Lighter] Styles routed to \u001b[36m\"/sly.css\"\u001b[39m. \u001b[90mx1\u001b[39m"]
INFO 2014-11-30T04:22:14.020Z ["[Lighter] Controllers loaded. \u001b[90mx2\u001b[39m"]
INFO 2014-11-30T04:22:14.032Z ["[Lighter] Scripts routed to \u001b[36m\"/a.js\"\u001b[39m. \u001b[90mx1\u001b[39m"]
INFO 2014-11-30T04:22:14.034Z ["[Lighter] Styles routed to \u001b[36m\"/a.css\"\u001b[39m. \u001b[90mx1\u001b[39m"]
INFO 2014-11-30T04:22:15.962Z ["[Lighter] Views loaded. \u001b[90mx30\u001b[39m"]
INFO 2014-11-30T04:22:16.201Z ["[Lighter] Publics loaded. \u001b[90mx48\u001b[39m"]
INFO 2014-11-30T04:22:16.216Z ["[D6] Views routed to \"/d6.js\"."]
WARN 2014-11-30T04:22:54.813Z ["[Lighter] Changed: \u001b[36m\"~/Workspace/d6/d6.js\"\u001b[39m."]
INFO 2014-11-30T04:22:55.575Z ["[Lighter] Models loaded. \u001b[90mx0\u001b[39m"]
INFO 2014-11-30T04:22:55.584Z ["[Lighter] Scripts routed to \u001b[36m\"/sly.js\"\u001b[39m. \u001b[90mx1\u001b[39m"]
INFO 2014-11-30T04:22:55.584Z ["[Lighter] Styles routed to \u001b[36m\"/sly.css\"\u001b[39m. \u001b[90mx1\u001b[39m"]
INFO 2014-11-30T04:22:55.586Z ["[Lighter] Controllers loaded. \u001b[90mx2\u001b[39m"]
INFO 2014-11-30T04:22:55.601Z ["[Lighter] Scripts routed to \u001b[36m\"/a.js\"\u001b[39m. \u001b[90mx1\u001b[39m"]
INFO 2014-11-30T04:22:55.604Z ["[Lighter] Styles routed to \u001b[36m\"/a.css\"\u001b[39m. \u001b[90mx1\u001b[39m"]
INFO 2014-11-30T04:22:57.635Z ["[Lighter] Views loaded. \u001b[90mx30\u001b[39m"]
INFO 2014-11-30T04:22:57.760Z ["[Lighter] Publics loaded. \u001b[90mx48\u001b[39m"]
INFO 2014-11-30T04:22:57.775Z ["[D6] Views routed to \u001b[36m\"/d6.js\"\u001b[39m."]
