INFO 2014-11-30T17:08:25.383Z ["[Lighter] Models loaded. \u001b[90mx0\u001b[39m"]
INFO 2014-11-30T17:08:25.391Z ["[Lighter] Styles routed to \u001b[36m/sly.css\u001b[39m. \u001b[90mx1\u001b[39m"]
INFO 2014-11-30T17:08:25.392Z ["[Lighter] Scripts routed to \u001b[36m/sly.js\u001b[39m. \u001b[90mx1\u001b[39m"]
INFO 2014-11-30T17:08:26.148Z ["[Lighter] Models loaded. \u001b[90mx0\u001b[39m"]
INFO 2014-11-30T17:08:26.156Z ["[Lighter] Scripts routed to \u001b[36m/sly.js\u001b[39m. \u001b[90mx1\u001b[39m"]
INFO 2014-11-30T17:08:26.156Z ["[Lighter] Styles routed to \u001b[36m/sly.css\u001b[39m. \u001b[90mx1\u001b[39m"]
ERROR 2014-11-30T17:08:26.161Z ["TypeError: Cannot read property 'length' of undefined\n    at init (/Users/sam/Workspace/lighter/lib/controller.js:16:45)\n    at new type (/Users/sam/Workspace/lighter/common/object/type.js:20:17)\n    at init.self.(anonymous function).chug.require.each.instance (/Users/sam/Workspace/lighter/lib/app.js:510:27)\n    at init.module.exports.Waiter.extend.require (/Users/sam/Workspace/chug/lib/asset.js:365:16)\n    at /Users/sam/Workspace/chug/lib/Load.js:467:21\n    at Array.forEach (native)\n    at /Users/sam/Workspace/chug/lib/Load.js:192:21\n    at onceReadyEach (/Users/sam/Workspace/chug/lib/waiter.js:108:9)\n    at Array.forEach (native)\n    at onReady (/Users/sam/Workspace/chug/lib/waiter.js:107:27)"]
INFO 2014-11-30T17:08:26.896Z ["[Lighter] Models loaded. \u001b[90mx0\u001b[39m"]
INFO 2014-11-30T17:08:26.904Z ["[Lighter] Scripts routed to \u001b[36m/sly.js\u001b[39m. \u001b[90mx1\u001b[39m"]
INFO 2014-11-30T17:08:26.905Z ["[Lighter] Styles routed to \u001b[36m/sly.css\u001b[39m. \u001b[90mx1\u001b[39m"]
ERROR 2014-11-30T17:08:26.909Z ["TypeError: Cannot read property 'length' of undefined\n    at init (/Users/sam/Workspace/lighter/lib/controller.js:16:45)\n    at new type (/Users/sam/Workspace/lighter/common/object/type.js:20:17)\n    at init.self.(anonymous function).chug.require.each.instance (/Users/sam/Workspace/lighter/lib/app.js:510:27)\n    at init.module.exports.Waiter.extend.require (/Users/sam/Workspace/chug/lib/asset.js:365:16)\n    at /Users/sam/Workspace/chug/lib/Load.js:467:21\n    at Array.forEach (native)\n    at /Users/sam/Workspace/chug/lib/Load.js:192:21\n    at onceReadyEach (/Users/sam/Workspace/chug/lib/waiter.js:108:9)\n    at Array.forEach (native)\n    at onReady (/Users/sam/Workspace/chug/lib/waiter.js:107:27)"]
INFO 2014-11-30T17:08:27.681Z ["[Lighter] Models loaded. \u001b[90mx0\u001b[39m"]
INFO 2014-11-30T17:08:27.689Z ["[Lighter] Scripts routed to \u001b[36m/sly.js\u001b[39m. \u001b[90mx1\u001b[39m"]
INFO 2014-11-30T17:08:27.690Z ["[Lighter] Styles routed to \u001b[36m/sly.css\u001b[39m. \u001b[90mx1\u001b[39m"]
ERROR 2014-11-30T17:08:27.695Z ["TypeError: Cannot read property 'length' of undefined\n    at init (/Users/sam/Workspace/lighter/lib/controller.js:16:45)\n    at new type (/Users/sam/Workspace/lighter/common/object/type.js:20:17)\n    at init.self.(anonymous function).chug.require.each.instance (/Users/sam/Workspace/lighter/lib/app.js:510:27)\n    at init.module.exports.Waiter.extend.require (/Users/sam/Workspace/chug/lib/asset.js:365:16)\n    at /Users/sam/Workspace/chug/lib/Load.js:467:21\n    at Array.forEach (native)\n    at /Users/sam/Workspace/chug/lib/Load.js:192:21\n    at onceReadyEach (/Users/sam/Workspace/chug/lib/waiter.js:108:9)\n    at Array.forEach (native)\n    at onReady (/Users/sam/Workspace/chug/lib/waiter.js:107:27)"]
INFO 2014-11-30T17:08:28.483Z ["[Lighter] Models loaded. \u001b[90mx0\u001b[39m"]
INFO 2014-11-30T17:08:28.491Z ["[Lighter] Scripts routed to \u001b[36m/sly.js\u001b[39m. \u001b[90mx1\u001b[39m"]
INFO 2014-11-30T17:08:28.491Z ["[Lighter] Styles routed to \u001b[36m/sly.css\u001b[39m. \u001b[90mx1\u001b[39m"]
ERROR 2014-11-30T17:08:28.496Z ["TypeError: Cannot read property 'length' of undefined\n    at init (/Users/sam/Workspace/lighter/lib/controller.js:16:45)\n    at new type (/Users/sam/Workspace/lighter/common/object/type.js:20:17)\n    at init.self.(anonymous function).chug.require.each.instance (/Users/sam/Workspace/lighter/lib/app.js:510:27)\n    at init.module.exports.Waiter.extend.require (/Users/sam/Workspace/chug/lib/asset.js:365:16)\n    at /Users/sam/Workspace/chug/lib/Load.js:467:21\n    at Array.forEach (native)\n    at /Users/sam/Workspace/chug/lib/Load.js:192:21\n    at onceReadyEach (/Users/sam/Workspace/chug/lib/waiter.js:108:9)\n    at Array.forEach (native)\n    at onReady (/Users/sam/Workspace/chug/lib/waiter.js:107:27)"]
INFO 2014-11-30T17:08:29.277Z ["[Lighter] Models loaded. \u001b[90mx0\u001b[39m"]
INFO 2014-11-30T17:08:29.288Z ["[Lighter] Scripts routed to \u001b[36m/sly.js\u001b[39m. \u001b[90mx1\u001b[39m"]
INFO 2014-11-30T17:08:29.289Z ["[Lighter] Styles routed to \u001b[36m/sly.css\u001b[39m. \u001b[90mx1\u001b[39m"]
ERROR 2014-11-30T17:08:29.293Z ["TypeError: Cannot read property 'length' of undefined\n    at init (/Users/sam/Workspace/lighter/lib/controller.js:16:45)\n    at new type (/Users/sam/Workspace/lighter/common/object/type.js:20:17)\n    at init.self.(anonymous function).chug.require.each.instance (/Users/sam/Workspace/lighter/lib/app.js:510:27)\n    at init.module.exports.Waiter.extend.require (/Users/sam/Workspace/chug/lib/asset.js:365:16)\n    at /Users/sam/Workspace/chug/lib/Load.js:467:21\n    at Array.forEach (native)\n    at /Users/sam/Workspace/chug/lib/Load.js:192:21\n    at onceReadyEach (/Users/sam/Workspace/chug/lib/waiter.js:108:9)\n    at Array.forEach (native)\n    at onReady (/Users/sam/Workspace/chug/lib/waiter.js:107:27)"]
INFO 2014-11-30T17:08:30.035Z ["[Lighter] Models loaded. \u001b[90mx0\u001b[39m"]
INFO 2014-11-30T17:08:30.043Z ["[Lighter] Scripts routed to \u001b[36m/sly.js\u001b[39m. \u001b[90mx1\u001b[39m"]
INFO 2014-11-30T17:08:30.043Z ["[Lighter] Styles routed to \u001b[36m/sly.css\u001b[39m. \u001b[90mx1\u001b[39m"]
ERROR 2014-11-30T17:08:30.047Z ["TypeError: Cannot read property 'length' of undefined\n    at init (/Users/sam/Workspace/lighter/lib/controller.js:16:45)\n    at new type (/Users/sam/Workspace/lighter/common/object/type.js:20:17)\n    at init.self.(anonymous function).chug.require.each.instance (/Users/sam/Workspace/lighter/lib/app.js:510:27)\n    at init.module.exports.Waiter.extend.require (/Users/sam/Workspace/chug/lib/asset.js:365:16)\n    at /Users/sam/Workspace/chug/lib/Load.js:467:21\n    at Array.forEach (native)\n    at /Users/sam/Workspace/chug/lib/Load.js:192:21\n    at onceReadyEach (/Users/sam/Workspace/chug/lib/waiter.js:108:9)\n    at Array.forEach (native)\n    at onReady (/Users/sam/Workspace/chug/lib/waiter.js:107:27)"]
INFO 2014-11-30T17:08:30.812Z ["[Lighter] Models loaded. \u001b[90mx0\u001b[39m"]
INFO 2014-11-30T17:08:30.820Z ["[Lighter] Scripts routed to \u001b[36m/sly.js\u001b[39m. \u001b[90mx1\u001b[39m"]
INFO 2014-11-30T17:08:30.821Z ["[Lighter] Styles routed to \u001b[36m/sly.css\u001b[39m. \u001b[90mx1\u001b[39m"]
ERROR 2014-11-30T17:08:30.826Z ["TypeError: Cannot read property 'length' of undefined\n    at init (/Users/sam/Workspace/lighter/lib/controller.js:16:45)\n    at new type (/Users/sam/Workspace/lighter/common/object/type.js:20:17)\n    at init.self.(anonymous function).chug.require.each.instance (/Users/sam/Workspace/lighter/lib/app.js:510:27)\n    at init.module.exports.Waiter.extend.require (/Users/sam/Workspace/chug/lib/asset.js:365:16)\n    at /Users/sam/Workspace/chug/lib/Load.js:467:21\n    at Array.forEach (native)\n    at /Users/sam/Workspace/chug/lib/Load.js:192:21\n    at onceReadyEach (/Users/sam/Workspace/chug/lib/waiter.js:108:9)\n    at Array.forEach (native)\n    at onReady (/Users/sam/Workspace/chug/lib/waiter.js:107:27)"]
INFO 2014-11-30T17:08:31.584Z ["[Lighter] Models loaded. \u001b[90mx0\u001b[39m"]
INFO 2014-11-30T17:08:31.591Z ["[Lighter] Scripts routed to \u001b[36m/sly.js\u001b[39m. \u001b[90mx1\u001b[39m"]
INFO 2014-11-30T17:08:31.592Z ["[Lighter] Styles routed to \u001b[36m/sly.css\u001b[39m. \u001b[90mx1\u001b[39m"]
ERROR 2014-11-30T17:08:31.596Z ["TypeError: Cannot read property 'length' of undefined\n    at init (/Users/sam/Workspace/lighter/lib/controller.js:16:45)\n    at new type (/Users/sam/Workspace/lighter/common/object/type.js:20:17)\n    at init.self.(anonymous function).chug.require.each.instance (/Users/sam/Workspace/lighter/lib/app.js:510:27)\n    at init.module.exports.Waiter.extend.require (/Users/sam/Workspace/chug/lib/asset.js:365:16)\n    at /Users/sam/Workspace/chug/lib/Load.js:467:21\n    at Array.forEach (native)\n    at /Users/sam/Workspace/chug/lib/Load.js:192:21\n    at onceReadyEach (/Users/sam/Workspace/chug/lib/waiter.js:108:9)\n    at Array.forEach (native)\n    at onReady (/Users/sam/Workspace/chug/lib/waiter.js:107:27)"]
INFO 2014-11-30T17:08:32.347Z ["[Lighter] Models loaded. \u001b[90mx0\u001b[39m"]
INFO 2014-11-30T17:08:32.357Z ["[Lighter] Scripts routed to \u001b[36m/sly.js\u001b[39m. \u001b[90mx1\u001b[39m"]
INFO 2014-11-30T17:08:32.358Z ["[Lighter] Styles routed to \u001b[36m/sly.css\u001b[39m. \u001b[90mx1\u001b[39m"]
ERROR 2014-11-30T17:08:32.361Z ["TypeError: Cannot read property 'length' of undefined\n    at init (/Users/sam/Workspace/lighter/lib/controller.js:16:45)\n    at new type (/Users/sam/Workspace/lighter/common/object/type.js:20:17)\n    at init.self.(anonymous function).chug.require.each.instance (/Users/sam/Workspace/lighter/lib/app.js:510:27)\n    at init.module.exports.Waiter.extend.require (/Users/sam/Workspace/chug/lib/asset.js:365:16)\n    at /Users/sam/Workspace/chug/lib/Load.js:467:21\n    at Array.forEach (native)\n    at /Users/sam/Workspace/chug/lib/Load.js:192:21\n    at onceReadyEach (/Users/sam/Workspace/chug/lib/waiter.js:108:9)\n    at Array.forEach (native)\n    at onReady (/Users/sam/Workspace/chug/lib/waiter.js:107:27)"]
INFO 2014-11-30T17:08:33.151Z ["[Lighter] Models loaded. \u001b[90mx0\u001b[39m"]
INFO 2014-11-30T17:08:33.162Z ["[Lighter] Scripts routed to \u001b[36m/sly.js\u001b[39m. \u001b[90mx1\u001b[39m"]
INFO 2014-11-30T17:08:33.163Z ["[Lighter] Styles routed to \u001b[36m/sly.css\u001b[39m. \u001b[90mx1\u001b[39m"]
ERROR 2014-11-30T17:08:33.166Z ["TypeError: Cannot read property 'length' of undefined\n    at init (/Users/sam/Workspace/lighter/lib/controller.js:16:45)\n    at new type (/Users/sam/Workspace/lighter/common/object/type.js:20:17)\n    at init.self.(anonymous function).chug.require.each.instance (/Users/sam/Workspace/lighter/lib/app.js:510:27)\n    at init.module.exports.Waiter.extend.require (/Users/sam/Workspace/chug/lib/asset.js:365:16)\n    at /Users/sam/Workspace/chug/lib/Load.js:467:21\n    at Array.forEach (native)\n    at /Users/sam/Workspace/chug/lib/Load.js:192:21\n    at onceReadyEach (/Users/sam/Workspace/chug/lib/waiter.js:108:9)\n    at Array.forEach (native)\n    at onReady (/Users/sam/Workspace/chug/lib/waiter.js:107:27)"]
INFO 2014-11-30T17:08:33.928Z ["[Lighter] Models loaded. \u001b[90mx0\u001b[39m"]
INFO 2014-11-30T17:08:33.936Z ["[Lighter] Scripts routed to \u001b[36m/sly.js\u001b[39m. \u001b[90mx1\u001b[39m"]
INFO 2014-11-30T17:08:33.937Z ["[Lighter] Styles routed to \u001b[36m/sly.css\u001b[39m. \u001b[90mx1\u001b[39m"]
ERROR 2014-11-30T17:08:33.940Z ["TypeError: Cannot read property 'length' of undefined\n    at init (/Users/sam/Workspace/lighter/lib/controller.js:16:45)\n    at new type (/Users/sam/Workspace/lighter/common/object/type.js:20:17)\n    at init.self.(anonymous function).chug.require.each.instance (/Users/sam/Workspace/lighter/lib/app.js:510:27)\n    at init.module.exports.Waiter.extend.require (/Users/sam/Workspace/chug/lib/asset.js:365:16)\n    at /Users/sam/Workspace/chug/lib/Load.js:467:21\n    at Array.forEach (native)\n    at /Users/sam/Workspace/chug/lib/Load.js:192:21\n    at onceReadyEach (/Users/sam/Workspace/chug/lib/waiter.js:108:9)\n    at Array.forEach (native)\n    at onReady (/Users/sam/Workspace/chug/lib/waiter.js:107:27)"]
INFO 2014-11-30T17:08:34.689Z ["[Lighter] Models loaded. \u001b[90mx0\u001b[39m"]
INFO 2014-11-30T17:08:34.697Z ["[Lighter] Scripts routed to \u001b[36m/sly.js\u001b[39m. \u001b[90mx1\u001b[39m"]
INFO 2014-11-30T17:08:34.698Z ["[Lighter] Styles routed to \u001b[36m/sly.css\u001b[39m. \u001b[90mx1\u001b[39m"]
ERROR 2014-11-30T17:08:34.703Z ["TypeError: Cannot read property 'length' of undefined\n    at init (/Users/sam/Workspace/lighter/lib/controller.js:16:45)\n    at new type (/Users/sam/Workspace/lighter/common/object/type.js:20:17)\n    at init.self.(anonymous function).chug.require.each.instance (/Users/sam/Workspace/lighter/lib/app.js:510:27)\n    at init.module.exports.Waiter.extend.require (/Users/sam/Workspace/chug/lib/asset.js:365:16)\n    at /Users/sam/Workspace/chug/lib/Load.js:467:21\n    at Array.forEach (native)\n    at /Users/sam/Workspace/chug/lib/Load.js:192:21\n    at onceReadyEach (/Users/sam/Workspace/chug/lib/waiter.js:108:9)\n    at Array.forEach (native)\n    at onReady (/Users/sam/Workspace/chug/lib/waiter.js:107:27)"]
INFO 2014-11-30T17:08:35.457Z ["[Lighter] Models loaded. \u001b[90mx0\u001b[39m"]
INFO 2014-11-30T17:08:35.466Z ["[Lighter] Scripts routed to \u001b[36m/sly.js\u001b[39m. \u001b[90mx1\u001b[39m"]
INFO 2014-11-30T17:08:35.466Z ["[Lighter] Styles routed to \u001b[36m/sly.css\u001b[39m. \u001b[90mx1\u001b[39m"]
ERROR 2014-11-30T17:08:35.471Z ["TypeError: Cannot read property 'length' of undefined\n    at init (/Users/sam/Workspace/lighter/lib/controller.js:16:45)\n    at new type (/Users/sam/Workspace/lighter/common/object/type.js:20:17)\n    at init.self.(anonymous function).chug.require.each.instance (/Users/sam/Workspace/lighter/lib/app.js:510:27)\n    at init.module.exports.Waiter.extend.require (/Users/sam/Workspace/chug/lib/asset.js:365:16)\n    at /Users/sam/Workspace/chug/lib/Load.js:467:21\n    at Array.forEach (native)\n    at /Users/sam/Workspace/chug/lib/Load.js:192:21\n    at onceReadyEach (/Users/sam/Workspace/chug/lib/waiter.js:108:9)\n    at Array.forEach (native)\n    at onReady (/Users/sam/Workspace/chug/lib/waiter.js:107:27)"]
INFO 2014-11-30T17:08:36.225Z ["[Lighter] Models loaded. \u001b[90mx0\u001b[39m"]
INFO 2014-11-30T17:08:36.233Z ["[Lighter] Scripts routed to \u001b[36m/sly.js\u001b[39m. \u001b[90mx1\u001b[39m"]
INFO 2014-11-30T17:08:36.234Z ["[Lighter] Styles routed to \u001b[36m/sly.css\u001b[39m. \u001b[90mx1\u001b[39m"]
ERROR 2014-11-30T17:08:36.239Z ["TypeError: Cannot read property 'length' of undefined\n    at init (/Users/sam/Workspace/lighter/lib/controller.js:16:45)\n    at new type (/Users/sam/Workspace/lighter/common/object/type.js:20:17)\n    at init.self.(anonymous function).chug.require.each.instance (/Users/sam/Workspace/lighter/lib/app.js:510:27)\n    at init.module.exports.Waiter.extend.require (/Users/sam/Workspace/chug/lib/asset.js:365:16)\n    at /Users/sam/Workspace/chug/lib/Load.js:467:21\n    at Array.forEach (native)\n    at /Users/sam/Workspace/chug/lib/Load.js:192:21\n    at onceReadyEach (/Users/sam/Workspace/chug/lib/waiter.js:108:9)\n    at Array.forEach (native)\n    at onReady (/Users/sam/Workspace/chug/lib/waiter.js:107:27)"]
INFO 2014-11-30T17:08:36.996Z ["[Lighter] Models loaded. \u001b[90mx0\u001b[39m"]
INFO 2014-11-30T17:08:37.004Z ["[Lighter] Scripts routed to \u001b[36m/sly.js\u001b[39m. \u001b[90mx1\u001b[39m"]
INFO 2014-11-30T17:08:37.005Z ["[Lighter] Styles routed to \u001b[36m/sly.css\u001b[39m. \u001b[90mx1\u001b[39m"]
INFO 2014-11-30T17:08:37.743Z ["[Lighter] Models loaded. \u001b[90mx0\u001b[39m"]
INFO 2014-11-30T17:08:37.751Z ["[Lighter] Scripts routed to \u001b[36m/sly.js\u001b[39m. \u001b[90mx1\u001b[39m"]
INFO 2014-11-30T17:08:37.751Z ["[Lighter] Styles routed to \u001b[36m/sly.css\u001b[39m. \u001b[90mx1\u001b[39m"]
ERROR 2014-11-30T17:08:37.755Z ["TypeError: Cannot read property 'length' of undefined\n    at init (/Users/sam/Workspace/lighter/lib/controller.js:16:45)\n    at new type (/Users/sam/Workspace/lighter/common/object/type.js:20:17)\n    at init.self.(anonymous function).chug.require.each.instance (/Users/sam/Workspace/lighter/lib/app.js:510:27)\n    at init.module.exports.Waiter.extend.require (/Users/sam/Workspace/chug/lib/asset.js:365:16)\n    at /Users/sam/Workspace/chug/lib/Load.js:467:21\n    at Array.forEach (native)\n    at /Users/sam/Workspace/chug/lib/Load.js:192:21\n    at onceReadyEach (/Users/sam/Workspace/chug/lib/waiter.js:108:9)\n    at Array.forEach (native)\n    at onReady (/Users/sam/Workspace/chug/lib/waiter.js:107:27)"]
INFO 2014-11-30T17:08:38.531Z ["[Lighter] Models loaded. \u001b[90mx0\u001b[39m"]
INFO 2014-11-30T17:08:38.540Z ["[Lighter] Scripts routed to \u001b[36m/sly.js\u001b[39m. \u001b[90mx1\u001b[39m"]
INFO 2014-11-30T17:08:38.541Z ["[Lighter] Styles routed to \u001b[36m/sly.css\u001b[39m. \u001b[90mx1\u001b[39m"]
ERROR 2014-11-30T17:08:38.545Z ["TypeError: Cannot read property 'length' of undefined\n    at init (/Users/sam/Workspace/lighter/lib/controller.js:16:45)\n    at new type (/Users/sam/Workspace/lighter/common/object/type.js:20:17)\n    at init.self.(anonymous function).chug.require.each.instance (/Users/sam/Workspace/lighter/lib/app.js:510:27)\n    at init.module.exports.Waiter.extend.require (/Users/sam/Workspace/chug/lib/asset.js:365:16)\n    at /Users/sam/Workspace/chug/lib/Load.js:467:21\n    at Array.forEach (native)\n    at /Users/sam/Workspace/chug/lib/Load.js:192:21\n    at onceReadyEach (/Users/sam/Workspace/chug/lib/waiter.js:108:9)\n    at Array.forEach (native)\n    at onReady (/Users/sam/Workspace/chug/lib/waiter.js:107:27)"]
INFO 2014-11-30T17:08:39.314Z ["[Lighter] Models loaded. \u001b[90mx0\u001b[39m"]
INFO 2014-11-30T17:08:39.322Z ["[Lighter] Scripts routed to \u001b[36m/sly.js\u001b[39m. \u001b[90mx1\u001b[39m"]
INFO 2014-11-30T17:08:39.323Z ["[Lighter] Styles routed to \u001b[36m/sly.css\u001b[39m. \u001b[90mx1\u001b[39m"]
ERROR 2014-11-30T17:08:39.329Z ["TypeError: Cannot read property 'length' of undefined\n    at init (/Users/sam/Workspace/lighter/lib/controller.js:16:45)\n    at new type (/Users/sam/Workspace/lighter/common/object/type.js:20:17)\n    at init.self.(anonymous function).chug.require.each.instance (/Users/sam/Workspace/lighter/lib/app.js:510:27)\n    at init.module.exports.Waiter.extend.require (/Users/sam/Workspace/chug/lib/asset.js:365:16)\n    at /Users/sam/Workspace/chug/lib/Load.js:467:21\n    at Array.forEach (native)\n    at /Users/sam/Workspace/chug/lib/Load.js:192:21\n    at onceReadyEach (/Users/sam/Workspace/chug/lib/waiter.js:108:9)\n    at Array.forEach (native)\n    at onReady (/Users/sam/Workspace/chug/lib/waiter.js:107:27)"]
INFO 2014-11-30T17:08:40.072Z ["[Lighter] Models loaded. \u001b[90mx0\u001b[39m"]
INFO 2014-11-30T17:08:40.079Z ["[Lighter] Scripts routed to \u001b[36m/sly.js\u001b[39m. \u001b[90mx1\u001b[39m"]
INFO 2014-11-30T17:08:40.080Z ["[Lighter] Styles routed to \u001b[36m/sly.css\u001b[39m. \u001b[90mx1\u001b[39m"]
ERROR 2014-11-30T17:08:40.084Z ["TypeError: Cannot read property 'length' of undefined\n    at init (/Users/sam/Workspace/lighter/lib/controller.js:16:45)\n    at new type (/Users/sam/Workspace/lighter/common/object/type.js:20:17)\n    at init.self.(anonymous function).chug.require.each.instance (/Users/sam/Workspace/lighter/lib/app.js:510:27)\n    at init.module.exports.Waiter.extend.require (/Users/sam/Workspace/chug/lib/asset.js:365:16)\n    at /Users/sam/Workspace/chug/lib/Load.js:467:21\n    at Array.forEach (native)\n    at /Users/sam/Workspace/chug/lib/Load.js:192:21\n    at onceReadyEach (/Users/sam/Workspace/chug/lib/waiter.js:108:9)\n    at Array.forEach (native)\n    at onReady (/Users/sam/Workspace/chug/lib/waiter.js:107:27)"]
INFO 2014-11-30T17:08:40.835Z ["[Lighter] Models loaded. \u001b[90mx0\u001b[39m"]
INFO 2014-11-30T17:08:40.846Z ["[Lighter] Scripts routed to \u001b[36m/sly.js\u001b[39m. \u001b[90mx1\u001b[39m"]
INFO 2014-11-30T17:08:40.846Z ["[Lighter] Styles routed to \u001b[36m/sly.css\u001b[39m. \u001b[90mx1\u001b[39m"]
ERROR 2014-11-30T17:08:40.852Z ["TypeError: Cannot read property 'length' of undefined\n    at init (/Users/sam/Workspace/lighter/lib/controller.js:16:45)\n    at new type (/Users/sam/Workspace/lighter/common/object/type.js:20:17)\n    at init.self.(anonymous function).chug.require.each.instance (/Users/sam/Workspace/lighter/lib/app.js:510:27)\n    at init.module.exports.Waiter.extend.require (/Users/sam/Workspace/chug/lib/asset.js:365:16)\n    at /Users/sam/Workspace/chug/lib/Load.js:467:21\n    at Array.forEach (native)\n    at /Users/sam/Workspace/chug/lib/Load.js:192:21\n    at onceReadyEach (/Users/sam/Workspace/chug/lib/waiter.js:108:9)\n    at Array.forEach (native)\n    at onReady (/Users/sam/Workspace/chug/lib/waiter.js:107:27)"]
INFO 2014-11-30T17:08:41.597Z ["[Lighter] Models loaded. \u001b[90mx0\u001b[39m"]
INFO 2014-11-30T17:08:41.605Z ["[Lighter] Scripts routed to \u001b[36m/sly.js\u001b[39m. \u001b[90mx1\u001b[39m"]
INFO 2014-11-30T17:08:41.606Z ["[Lighter] Styles routed to \u001b[36m/sly.css\u001b[39m. \u001b[90mx1\u001b[39m"]
ERROR 2014-11-30T17:08:41.609Z ["TypeError: Cannot read property 'length' of undefined\n    at init (/Users/sam/Workspace/lighter/lib/controller.js:16:45)\n    at new type (/Users/sam/Workspace/lighter/common/object/type.js:20:17)\n    at init.self.(anonymous function).chug.require.each.instance (/Users/sam/Workspace/lighter/lib/app.js:510:27)\n    at init.module.exports.Waiter.extend.require (/Users/sam/Workspace/chug/lib/asset.js:365:16)\n    at /Users/sam/Workspace/chug/lib/Load.js:467:21\n    at Array.forEach (native)\n    at /Users/sam/Workspace/chug/lib/Load.js:192:21\n    at onceReadyEach (/Users/sam/Workspace/chug/lib/waiter.js:108:9)\n    at Array.forEach (native)\n    at onReady (/Users/sam/Workspace/chug/lib/waiter.js:107:27)"]
INFO 2014-11-30T17:08:42.375Z ["[Lighter] Models loaded. \u001b[90mx0\u001b[39m"]
INFO 2014-11-30T17:08:42.383Z ["[Lighter] Scripts routed to \u001b[36m/sly.js\u001b[39m. \u001b[90mx1\u001b[39m"]
INFO 2014-11-30T17:08:42.384Z ["[Lighter] Styles routed to \u001b[36m/sly.css\u001b[39m. \u001b[90mx1\u001b[39m"]
ERROR 2014-11-30T17:08:42.389Z ["TypeError: Cannot read property 'length' of undefined\n    at init (/Users/sam/Workspace/lighter/lib/controller.js:16:45)\n    at new type (/Users/sam/Workspace/lighter/common/object/type.js:20:17)\n    at init.self.(anonymous function).chug.require.each.instance (/Users/sam/Workspace/lighter/lib/app.js:510:27)\n    at init.module.exports.Waiter.extend.require (/Users/sam/Workspace/chug/lib/asset.js:365:16)\n    at /Users/sam/Workspace/chug/lib/Load.js:467:21\n    at Array.forEach (native)\n    at /Users/sam/Workspace/chug/lib/Load.js:192:21\n    at onceReadyEach (/Users/sam/Workspace/chug/lib/waiter.js:108:9)\n    at Array.forEach (native)\n    at onReady (/Users/sam/Workspace/chug/lib/waiter.js:107:27)"]
INFO 2014-11-30T17:08:43.133Z ["[Lighter] Models loaded. \u001b[90mx0\u001b[39m"]
INFO 2014-11-30T17:08:43.141Z ["[Lighter] Scripts routed to \u001b[36m/sly.js\u001b[39m. \u001b[90mx1\u001b[39m"]
INFO 2014-11-30T17:08:43.142Z ["[Lighter] Styles routed to \u001b[36m/sly.css\u001b[39m. \u001b[90mx1\u001b[39m"]
ERROR 2014-11-30T17:08:43.146Z ["TypeError: Cannot read property 'length' of undefined\n    at init (/Users/sam/Workspace/lighter/lib/controller.js:16:45)\n    at new type (/Users/sam/Workspace/lighter/common/object/type.js:20:17)\n    at init.self.(anonymous function).chug.require.each.instance (/Users/sam/Workspace/lighter/lib/app.js:510:27)\n    at init.module.exports.Waiter.extend.require (/Users/sam/Workspace/chug/lib/asset.js:365:16)\n    at /Users/sam/Workspace/chug/lib/Load.js:467:21\n    at Array.forEach (native)\n    at /Users/sam/Workspace/chug/lib/Load.js:192:21\n    at onceReadyEach (/Users/sam/Workspace/chug/lib/waiter.js:108:9)\n    at Array.forEach (native)\n    at onReady (/Users/sam/Workspace/chug/lib/waiter.js:107:27)"]
INFO 2014-11-30T17:08:43.903Z ["[Lighter] Models loaded. \u001b[90mx0\u001b[39m"]
INFO 2014-11-30T17:08:43.912Z ["[Lighter] Scripts routed to \u001b[36m/sly.js\u001b[39m. \u001b[90mx1\u001b[39m"]
INFO 2014-11-30T17:08:43.912Z ["[Lighter] Styles routed to \u001b[36m/sly.css\u001b[39m. \u001b[90mx1\u001b[39m"]
ERROR 2014-11-30T17:08:43.918Z ["TypeError: Cannot read property 'length' of undefined\n    at init (/Users/sam/Workspace/lighter/lib/controller.js:16:45)\n    at new type (/Users/sam/Workspace/lighter/common/object/type.js:20:17)\n    at init.self.(anonymous function).chug.require.each.instance (/Users/sam/Workspace/lighter/lib/app.js:510:27)\n    at init.module.exports.Waiter.extend.require (/Users/sam/Workspace/chug/lib/asset.js:365:16)\n    at /Users/sam/Workspace/chug/lib/Load.js:467:21\n    at Array.forEach (native)\n    at /Users/sam/Workspace/chug/lib/Load.js:192:21\n    at onceReadyEach (/Users/sam/Workspace/chug/lib/waiter.js:108:9)\n    at Array.forEach (native)\n    at onReady (/Users/sam/Workspace/chug/lib/waiter.js:107:27)"]
INFO 2014-11-30T17:08:44.658Z ["[Lighter] Models loaded. \u001b[90mx0\u001b[39m"]
INFO 2014-11-30T17:08:44.667Z ["[Lighter] Scripts routed to \u001b[36m/sly.js\u001b[39m. \u001b[90mx1\u001b[39m"]
INFO 2014-11-30T17:08:44.667Z ["[Lighter] Styles routed to \u001b[36m/sly.css\u001b[39m. \u001b[90mx1\u001b[39m"]
ERROR 2014-11-30T17:08:44.672Z ["TypeError: Cannot read property 'length' of undefined\n    at init (/Users/sam/Workspace/lighter/lib/controller.js:16:45)\n    at new type (/Users/sam/Workspace/lighter/common/object/type.js:20:17)\n    at init.self.(anonymous function).chug.require.each.instance (/Users/sam/Workspace/lighter/lib/app.js:510:27)\n    at init.module.exports.Waiter.extend.require (/Users/sam/Workspace/chug/lib/asset.js:365:16)\n    at /Users/sam/Workspace/chug/lib/Load.js:467:21\n    at Array.forEach (native)\n    at /Users/sam/Workspace/chug/lib/Load.js:192:21\n    at onceReadyEach (/Users/sam/Workspace/chug/lib/waiter.js:108:9)\n    at Array.forEach (native)\n    at onReady (/Users/sam/Workspace/chug/lib/waiter.js:107:27)"]
INFO 2014-11-30T17:08:45.409Z ["[Lighter] Models loaded. \u001b[90mx0\u001b[39m"]
INFO 2014-11-30T17:08:45.417Z ["[Lighter] Scripts routed to \u001b[36m/sly.js\u001b[39m. \u001b[90mx1\u001b[39m"]
INFO 2014-11-30T17:08:45.418Z ["[Lighter] Styles routed to \u001b[36m/sly.css\u001b[39m. \u001b[90mx1\u001b[39m"]
ERROR 2014-11-30T17:08:45.422Z ["TypeError: Object [object Object] has no method '_getUrl'\n    at init (/Users/sam/Workspace/lighter/lib/controller.js:23:21)\n    at new type (/Users/sam/Workspace/lighter/common/object/type.js:20:17)\n    at init.self.(anonymous function).chug.require.each.instance (/Users/sam/Workspace/lighter/lib/app.js:510:27)\n    at init.module.exports.Waiter.extend.require (/Users/sam/Workspace/chug/lib/asset.js:365:16)\n    at /Users/sam/Workspace/chug/lib/Load.js:467:21\n    at Array.forEach (native)\n    at /Users/sam/Workspace/chug/lib/Load.js:192:21\n    at onceReadyEach (/Users/sam/Workspace/chug/lib/waiter.js:108:9)\n    at Array.forEach (native)\n    at onReady (/Users/sam/Workspace/chug/lib/waiter.js:107:27)"]
INFO 2014-11-30T17:08:46.179Z ["[Lighter] Models loaded. \u001b[90mx0\u001b[39m"]
INFO 2014-11-30T17:08:46.190Z ["[Lighter] Scripts routed to \u001b[36m/sly.js\u001b[39m. \u001b[90mx1\u001b[39m"]
INFO 2014-11-30T17:08:46.191Z ["[Lighter] Styles routed to \u001b[36m/sly.css\u001b[39m. \u001b[90mx1\u001b[39m"]
ERROR 2014-11-30T17:08:46.196Z ["TypeError: Object [object Object] has no method '_getUrl'\n    at init (/Users/sam/Workspace/lighter/lib/controller.js:23:21)\n    at new type (/Users/sam/Workspace/lighter/common/object/type.js:20:17)\n    at init.self.(anonymous function).chug.require.each.instance (/Users/sam/Workspace/lighter/lib/app.js:510:27)\n    at init.module.exports.Waiter.extend.require (/Users/sam/Workspace/chug/lib/asset.js:365:16)\n    at /Users/sam/Workspace/chug/lib/Load.js:467:21\n    at Array.forEach (native)\n    at /Users/sam/Workspace/chug/lib/Load.js:192:21\n    at onceReadyEach (/Users/sam/Workspace/chug/lib/waiter.js:108:9)\n    at Array.forEach (native)\n    at onReady (/Users/sam/Workspace/chug/lib/waiter.js:107:27)"]
INFO 2014-11-30T17:08:46.948Z ["[Lighter] Models loaded. \u001b[90mx0\u001b[39m"]
INFO 2014-11-30T17:08:46.960Z ["[Lighter] Scripts routed to \u001b[36m/sly.js\u001b[39m. \u001b[90mx1\u001b[39m"]
INFO 2014-11-30T17:08:46.960Z ["[Lighter] Styles routed to \u001b[36m/sly.css\u001b[39m. \u001b[90mx1\u001b[39m"]
ERROR 2014-11-30T17:08:46.966Z ["TypeError: Object [object Object] has no method '_getUrl'\n    at init (/Users/sam/Workspace/lighter/lib/controller.js:23:21)\n    at new type (/Users/sam/Workspace/lighter/common/object/type.js:20:17)\n    at init.self.(anonymous function).chug.require.each.instance (/Users/sam/Workspace/lighter/lib/app.js:510:27)\n    at init.module.exports.Waiter.extend.require (/Users/sam/Workspace/chug/lib/asset.js:365:16)\n    at /Users/sam/Workspace/chug/lib/Load.js:467:21\n    at Array.forEach (native)\n    at /Users/sam/Workspace/chug/lib/Load.js:192:21\n    at onceReadyEach (/Users/sam/Workspace/chug/lib/waiter.js:108:9)\n    at Array.forEach (native)\n    at onReady (/Users/sam/Workspace/chug/lib/waiter.js:107:27)"]
INFO 2014-11-30T17:08:47.732Z ["[Lighter] Models loaded. \u001b[90mx0\u001b[39m"]
INFO 2014-11-30T17:08:47.742Z ["[Lighter] Scripts routed to \u001b[36m/sly.js\u001b[39m. \u001b[90mx1\u001b[39m"]
INFO 2014-11-30T17:08:47.742Z ["[Lighter] Styles routed to \u001b[36m/sly.css\u001b[39m. \u001b[90mx1\u001b[39m"]
ERROR 2014-11-30T17:08:47.749Z ["TypeError: Object [object Object] has no method '_getUrl'\n    at init (/Users/sam/Workspace/lighter/lib/controller.js:23:21)\n    at new type (/Users/sam/Workspace/lighter/common/object/type.js:20:17)\n    at init.self.(anonymous function).chug.require.each.instance (/Users/sam/Workspace/lighter/lib/app.js:510:27)\n    at init.module.exports.Waiter.extend.require (/Users/sam/Workspace/chug/lib/asset.js:365:16)\n    at /Users/sam/Workspace/chug/lib/Load.js:467:21\n    at Array.forEach (native)\n    at /Users/sam/Workspace/chug/lib/Load.js:192:21\n    at onceReadyEach (/Users/sam/Workspace/chug/lib/waiter.js:108:9)\n    at Array.forEach (native)\n    at onReady (/Users/sam/Workspace/chug/lib/waiter.js:107:27)"]
INFO 2014-11-30T17:08:48.492Z ["[Lighter] Models loaded. \u001b[90mx0\u001b[39m"]
INFO 2014-11-30T17:08:48.499Z ["[Lighter] Scripts routed to \u001b[36m/sly.js\u001b[39m. \u001b[90mx1\u001b[39m"]
INFO 2014-11-30T17:08:48.499Z ["[Lighter] Styles routed to \u001b[36m/sly.css\u001b[39m. \u001b[90mx1\u001b[39m"]
ERROR 2014-11-30T17:08:48.504Z ["TypeError: Object [object Object] has no method '_getUrl'\n    at init (/Users/sam/Workspace/lighter/lib/controller.js:23:21)\n    at new type (/Users/sam/Workspace/lighter/common/object/type.js:20:17)\n    at init.self.(anonymous function).chug.require.each.instance (/Users/sam/Workspace/lighter/lib/app.js:510:27)\n    at init.module.exports.Waiter.extend.require (/Users/sam/Workspace/chug/lib/asset.js:365:16)\n    at /Users/sam/Workspace/chug/lib/Load.js:467:21\n    at Array.forEach (native)\n    at /Users/sam/Workspace/chug/lib/Load.js:192:21\n    at onceReadyEach (/Users/sam/Workspace/chug/lib/waiter.js:108:9)\n    at Array.forEach (native)\n    at onReady (/Users/sam/Workspace/chug/lib/waiter.js:107:27)"]
INFO 2014-11-30T17:08:49.283Z ["[Lighter] Models loaded. \u001b[90mx0\u001b[39m"]
INFO 2014-11-30T17:08:49.295Z ["[Lighter] Scripts routed to \u001b[36m/sly.js\u001b[39m. \u001b[90mx1\u001b[39m"]
INFO 2014-11-30T17:08:49.296Z ["[Lighter] Styles routed to \u001b[36m/sly.css\u001b[39m. \u001b[90mx1\u001b[39m"]
INFO 2014-11-30T17:08:50.045Z ["[Lighter] Models loaded. \u001b[90mx0\u001b[39m"]
INFO 2014-11-30T17:08:50.056Z ["[Lighter] Scripts routed to \u001b[36m/sly.js\u001b[39m. \u001b[90mx1\u001b[39m"]
INFO 2014-11-30T17:08:50.057Z ["[Lighter] Styles routed to \u001b[36m/sly.css\u001b[39m. \u001b[90mx1\u001b[39m"]
ERROR 2014-11-30T17:08:50.062Z ["TypeError: Object [object Object] has no method '_getUrl'\n    at init (/Users/sam/Workspace/lighter/lib/controller.js:23:21)\n    at new type (/Users/sam/Workspace/lighter/common/object/type.js:20:17)\n    at init.self.(anonymous function).chug.require.each.instance (/Users/sam/Workspace/lighter/lib/app.js:510:27)\n    at init.module.exports.Waiter.extend.require (/Users/sam/Workspace/chug/lib/asset.js:365:16)\n    at /Users/sam/Workspace/chug/lib/Load.js:467:21\n    at Array.forEach (native)\n    at /Users/sam/Workspace/chug/lib/Load.js:192:21\n    at onceReadyEach (/Users/sam/Workspace/chug/lib/waiter.js:108:9)\n    at Array.forEach (native)\n    at onReady (/Users/sam/Workspace/chug/lib/waiter.js:107:27)"]
INFO 2014-11-30T17:08:50.822Z ["[Lighter] Models loaded. \u001b[90mx0\u001b[39m"]
INFO 2014-11-30T17:08:50.830Z ["[Lighter] Scripts routed to \u001b[36m/sly.js\u001b[39m. \u001b[90mx1\u001b[39m"]
INFO 2014-11-30T17:08:50.830Z ["[Lighter] Styles routed to \u001b[36m/sly.css\u001b[39m. \u001b[90mx1\u001b[39m"]
ERROR 2014-11-30T17:08:50.835Z ["TypeError: Object [object Object] has no method '_getUrl'\n    at init (/Users/sam/Workspace/lighter/lib/controller.js:23:21)\n    at new type (/Users/sam/Workspace/lighter/common/object/type.js:20:17)\n    at init.self.(anonymous function).chug.require.each.instance (/Users/sam/Workspace/lighter/lib/app.js:510:27)\n    at init.module.exports.Waiter.extend.require (/Users/sam/Workspace/chug/lib/asset.js:365:16)\n    at /Users/sam/Workspace/chug/lib/Load.js:467:21\n    at Array.forEach (native)\n    at /Users/sam/Workspace/chug/lib/Load.js:192:21\n    at onceReadyEach (/Users/sam/Workspace/chug/lib/waiter.js:108:9)\n    at Array.forEach (native)\n    at onReady (/Users/sam/Workspace/chug/lib/waiter.js:107:27)"]
INFO 2014-11-30T17:08:51.614Z ["[Lighter] Models loaded. \u001b[90mx0\u001b[39m"]
INFO 2014-11-30T17:08:51.623Z ["[Lighter] Scripts routed to \u001b[36m/sly.js\u001b[39m. \u001b[90mx1\u001b[39m"]
INFO 2014-11-30T17:08:51.624Z ["[Lighter] Styles routed to \u001b[36m/sly.css\u001b[39m. \u001b[90mx1\u001b[39m"]
ERROR 2014-11-30T17:08:51.630Z ["TypeError: Object [object Object] has no method '_getUrl'\n    at init (/Users/sam/Workspace/lighter/lib/controller.js:23:21)\n    at new type (/Users/sam/Workspace/lighter/common/object/type.js:20:17)\n    at init.self.(anonymous function).chug.require.each.instance (/Users/sam/Workspace/lighter/lib/app.js:510:27)\n    at init.module.exports.Waiter.extend.require (/Users/sam/Workspace/chug/lib/asset.js:365:16)\n    at /Users/sam/Workspace/chug/lib/Load.js:467:21\n    at Array.forEach (native)\n    at /Users/sam/Workspace/chug/lib/Load.js:192:21\n    at onceReadyEach (/Users/sam/Workspace/chug/lib/waiter.js:108:9)\n    at Array.forEach (native)\n    at onReady (/Users/sam/Workspace/chug/lib/waiter.js:107:27)"]
INFO 2014-11-30T17:08:52.395Z ["[Lighter] Models loaded. \u001b[90mx0\u001b[39m"]
INFO 2014-11-30T17:08:52.404Z ["[Lighter] Scripts routed to \u001b[36m/sly.js\u001b[39m. \u001b[90mx1\u001b[39m"]
INFO 2014-11-30T17:08:52.404Z ["[Lighter] Styles routed to \u001b[36m/sly.css\u001b[39m. \u001b[90mx1\u001b[39m"]
ERROR 2014-11-30T17:08:52.411Z ["TypeError: Object [object Object] has no method '_getUrl'\n    at init (/Users/sam/Workspace/lighter/lib/controller.js:23:21)\n    at new type (/Users/sam/Workspace/lighter/common/object/type.js:20:17)\n    at init.self.(anonymous function).chug.require.each.instance (/Users/sam/Workspace/lighter/lib/app.js:510:27)\n    at init.module.exports.Waiter.extend.require (/Users/sam/Workspace/chug/lib/asset.js:365:16)\n    at /Users/sam/Workspace/chug/lib/Load.js:467:21\n    at Array.forEach (native)\n    at /Users/sam/Workspace/chug/lib/Load.js:192:21\n    at onceReadyEach (/Users/sam/Workspace/chug/lib/waiter.js:108:9)\n    at Array.forEach (native)\n    at onReady (/Users/sam/Workspace/chug/lib/waiter.js:107:27)"]
INFO 2014-11-30T17:08:53.170Z ["[Lighter] Models loaded. \u001b[90mx0\u001b[39m"]
INFO 2014-11-30T17:08:53.180Z ["[Lighter] Scripts routed to \u001b[36m/sly.js\u001b[39m. \u001b[90mx1\u001b[39m"]
INFO 2014-11-30T17:08:53.180Z ["[Lighter] Styles routed to \u001b[36m/sly.css\u001b[39m. \u001b[90mx1\u001b[39m"]
ERROR 2014-11-30T17:08:53.184Z ["TypeError: Object [object Object] has no method '_getUrl'\n    at init (/Users/sam/Workspace/lighter/lib/controller.js:23:21)\n    at new type (/Users/sam/Workspace/lighter/common/object/type.js:20:17)\n    at init.self.(anonymous function).chug.require.each.instance (/Users/sam/Workspace/lighter/lib/app.js:510:27)\n    at init.module.exports.Waiter.extend.require (/Users/sam/Workspace/chug/lib/asset.js:365:16)\n    at /Users/sam/Workspace/chug/lib/Load.js:467:21\n    at Array.forEach (native)\n    at /Users/sam/Workspace/chug/lib/Load.js:192:21\n    at onceReadyEach (/Users/sam/Workspace/chug/lib/waiter.js:108:9)\n    at Array.forEach (native)\n    at onReady (/Users/sam/Workspace/chug/lib/waiter.js:107:27)"]
INFO 2014-11-30T17:08:53.925Z ["[Lighter] Models loaded. \u001b[90mx0\u001b[39m"]
INFO 2014-11-30T17:08:53.936Z ["[Lighter] Scripts routed to \u001b[36m/sly.js\u001b[39m. \u001b[90mx1\u001b[39m"]
INFO 2014-11-30T17:08:53.937Z ["[Lighter] Styles routed to \u001b[36m/sly.css\u001b[39m. \u001b[90mx1\u001b[39m"]
ERROR 2014-11-30T17:08:53.941Z ["TypeError: Object [object Object] has no method '_getUrl'\n    at init (/Users/sam/Workspace/lighter/lib/controller.js:23:21)\n    at new type (/Users/sam/Workspace/lighter/common/object/type.js:20:17)\n    at init.self.(anonymous function).chug.require.each.instance (/Users/sam/Workspace/lighter/lib/app.js:510:27)\n    at init.module.exports.Waiter.extend.require (/Users/sam/Workspace/chug/lib/asset.js:365:16)\n    at /Users/sam/Workspace/chug/lib/Load.js:467:21\n    at Array.forEach (native)\n    at /Users/sam/Workspace/chug/lib/Load.js:192:21\n    at onceReadyEach (/Users/sam/Workspace/chug/lib/waiter.js:108:9)\n    at Array.forEach (native)\n    at onReady (/Users/sam/Workspace/chug/lib/waiter.js:107:27)"]
INFO 2014-11-30T17:08:54.700Z ["[Lighter] Models loaded. \u001b[90mx0\u001b[39m"]
INFO 2014-11-30T17:08:54.707Z ["[Lighter] Scripts routed to \u001b[36m/sly.js\u001b[39m. \u001b[90mx1\u001b[39m"]
INFO 2014-11-30T17:08:54.708Z ["[Lighter] Styles routed to \u001b[36m/sly.css\u001b[39m. \u001b[90mx1\u001b[39m"]
ERROR 2014-11-30T17:08:54.713Z ["TypeError: Object [object Object] has no method '_getUrl'\n    at init (/Users/sam/Workspace/lighter/lib/controller.js:23:21)\n    at new type (/Users/sam/Workspace/lighter/common/object/type.js:20:17)\n    at init.self.(anonymous function).chug.require.each.instance (/Users/sam/Workspace/lighter/lib/app.js:510:27)\n    at init.module.exports.Waiter.extend.require (/Users/sam/Workspace/chug/lib/asset.js:365:16)\n    at /Users/sam/Workspace/chug/lib/Load.js:467:21\n    at Array.forEach (native)\n    at /Users/sam/Workspace/chug/lib/Load.js:192:21\n    at onceReadyEach (/Users/sam/Workspace/chug/lib/waiter.js:108:9)\n    at Array.forEach (native)\n    at onReady (/Users/sam/Workspace/chug/lib/waiter.js:107:27)"]
INFO 2014-11-30T17:08:55.466Z ["[Lighter] Models loaded. \u001b[90mx0\u001b[39m"]
INFO 2014-11-30T17:08:55.477Z ["[Lighter] Scripts routed to \u001b[36m/sly.js\u001b[39m. \u001b[90mx1\u001b[39m"]
INFO 2014-11-30T17:08:55.478Z ["[Lighter] Styles routed to \u001b[36m/sly.css\u001b[39m. \u001b[90mx1\u001b[39m"]
ERROR 2014-11-30T17:08:55.482Z ["TypeError: Object [object Object] has no method '_getUrl'\n    at init (/Users/sam/Workspace/lighter/lib/controller.js:23:21)\n    at new type (/Users/sam/Workspace/lighter/common/object/type.js:20:17)\n    at init.self.(anonymous function).chug.require.each.instance (/Users/sam/Workspace/lighter/lib/app.js:510:27)\n    at init.module.exports.Waiter.extend.require (/Users/sam/Workspace/chug/lib/asset.js:365:16)\n    at /Users/sam/Workspace/chug/lib/Load.js:467:21\n    at Array.forEach (native)\n    at /Users/sam/Workspace/chug/lib/Load.js:192:21\n    at onceReadyEach (/Users/sam/Workspace/chug/lib/waiter.js:108:9)\n    at Array.forEach (native)\n    at onReady (/Users/sam/Workspace/chug/lib/waiter.js:107:27)"]
INFO 2014-11-30T17:08:56.234Z ["[Lighter] Models loaded. \u001b[90mx0\u001b[39m"]
INFO 2014-11-30T17:08:56.242Z ["[Lighter] Scripts routed to \u001b[36m/sly.js\u001b[39m. \u001b[90mx1\u001b[39m"]
INFO 2014-11-30T17:08:56.243Z ["[Lighter] Styles routed to \u001b[36m/sly.css\u001b[39m. \u001b[90mx1\u001b[39m"]
INFO 2014-11-30T17:08:56.245Z ["[Lighter] Controllers loaded. \u001b[90mx2\u001b[39m"]
INFO 2014-11-30T17:08:56.256Z ["[Lighter] Scripts routed to \u001b[36m/a.js\u001b[39m. \u001b[90mx1\u001b[39m"]
INFO 2014-11-30T17:08:56.259Z ["[Lighter] Styles routed to \u001b[36m/a.css\u001b[39m. \u001b[90mx1\u001b[39m"]
INFO 2014-11-30T17:08:58.407Z ["[Lighter] Views loaded. \u001b[90mx30\u001b[39m"]
INFO 2014-11-30T17:08:58.479Z ["[Lighter] Publics loaded. \u001b[90mx48\u001b[39m"]
WARN 2014-11-30T17:08:58.484Z ["[Lighter] Change: \u001b[36m~/Workspace/lighter/lib/controller.js\u001b[39m."]
INFO 2014-11-30T17:08:59.242Z ["[Lighter] Models loaded. \u001b[90mx0\u001b[39m"]
INFO 2014-11-30T17:08:59.249Z ["[Lighter] Scripts routed to \u001b[36m/sly.js\u001b[39m. \u001b[90mx1\u001b[39m"]
INFO 2014-11-30T17:08:59.249Z ["[Lighter] Styles routed to \u001b[36m/sly.css\u001b[39m. \u001b[90mx1\u001b[39m"]
INFO 2014-11-30T17:08:59.251Z ["[Lighter] Controllers loaded. \u001b[90mx2\u001b[39m"]
INFO 2014-11-30T17:08:59.263Z ["[Lighter] Scripts routed to \u001b[36m/a.js\u001b[39m. \u001b[90mx1\u001b[39m"]
INFO 2014-11-30T17:08:59.265Z ["[Lighter] Styles routed to \u001b[36m/a.css\u001b[39m. \u001b[90mx1\u001b[39m"]
INFO 2014-11-30T17:09:01.068Z ["[Lighter] Views loaded. \u001b[90mx30\u001b[39m"]
INFO 2014-11-30T17:09:01.268Z ["[Lighter] Publics loaded. \u001b[90mx48\u001b[39m"]
