INFO 2015-01-19T21:14:34.491Z ["[Za] HTTP server listening on 8888."]
INFO 2015-01-19T21:14:34.492Z ["[Ringer] Opened \u001b[36m./data/worker0\u001b[39m database."]
INFO 2015-01-19T21:14:34.492Z ["[Za] HTTP server listening on 8891."]
INFO 2015-01-19T21:14:34.492Z ["[Ringer] Opened \u001b[36m./data/worker3\u001b[39m database."]
INFO 2015-01-19T21:14:34.493Z ["[Za] HTTP server listening on 8889."]
INFO 2015-01-19T21:14:34.493Z ["[Ringer] Opened \u001b[36m./data/worker1\u001b[39m database."]
INFO 2015-01-19T21:14:34.495Z ["[Ringer] Peer \u001b[36mBunny.local:8892\u001b[39m is listening."]
INFO 2015-01-19T21:14:34.495Z ["[Ringer] Peer \u001b[36mBunny.local:8895\u001b[39m is listening."]
INFO 2015-01-19T21:14:34.495Z ["[Lighter] Connected to memcache."]
INFO 2015-01-19T21:14:34.495Z ["[Lighter] Connected to memcache."]
INFO 2015-01-19T21:14:34.498Z ["[Ringer] Peer \u001b[36mBunny.local:8893\u001b[39m is listening."]
INFO 2015-01-19T21:14:34.498Z ["[Lighter] Connected to memcache."]
INFO 2015-01-19T21:14:34.500Z ["[Lighter] Models loaded. \u001b[90mx0\u001b[39m"]
INFO 2015-01-19T21:14:34.500Z ["[Lighter] Models loaded. \u001b[90mx0\u001b[39m"]
INFO 2015-01-19T21:14:34.502Z ["[Lighter] Models loaded. \u001b[90mx0\u001b[39m"]
INFO 2015-01-19T21:14:34.504Z ["[Za] HTTP server listening on 8890."]
INFO 2015-01-19T21:14:34.505Z ["[Ringer] Opened \u001b[36m./data/worker2\u001b[39m database."]
INFO 2015-01-19T21:14:34.510Z ["[Ringer] Peer \u001b[36mBunny.local:8894\u001b[39m is listening."]
INFO 2015-01-19T21:14:34.510Z ["[Lighter] Connected to memcache."]
INFO 2015-01-19T21:14:34.515Z ["[Lighter] Models loaded. \u001b[90mx0\u001b[39m"]
INFO 2015-01-19T21:14:34.521Z ["[Lighter] Scripts routed to \u001b[36m/sly.js\u001b[39m. \u001b[90mx1\u001b[39m"]
INFO 2015-01-19T21:14:34.521Z ["[Lighter] Styles routed to \u001b[36m/sly.css\u001b[39m. \u001b[90mx1\u001b[39m"]
INFO 2015-01-19T21:14:34.524Z ["[Lighter] Scripts routed to \u001b[36m/sly.js\u001b[39m. \u001b[90mx1\u001b[39m"]
INFO 2015-01-19T21:14:34.525Z ["[Lighter] Scripts routed to \u001b[36m/sly.js\u001b[39m. \u001b[90mx1\u001b[39m"]
INFO 2015-01-19T21:14:34.526Z ["[Lighter] Styles routed to \u001b[36m/sly.css\u001b[39m. \u001b[90mx1\u001b[39m"]
INFO 2015-01-19T21:14:34.528Z ["[Lighter] Styles routed to \u001b[36m/sly.css\u001b[39m. \u001b[90mx1\u001b[39m"]
INFO 2015-01-19T21:14:34.528Z ["[Lighter] Controllers loaded. \u001b[90mx2\u001b[39m"]
INFO 2015-01-19T21:14:34.530Z ["[Lighter] Controllers loaded. \u001b[90mx2\u001b[39m"]
INFO 2015-01-19T21:14:34.532Z ["[Lighter] Controllers loaded. \u001b[90mx2\u001b[39m"]
INFO 2015-01-19T21:14:34.609Z ["[Lighter] Scripts routed to \u001b[36m/a.js\u001b[39m. \u001b[90mx1\u001b[39m"]
INFO 2015-01-19T21:14:34.610Z ["[Lighter] Styles routed to \u001b[36m/a.css\u001b[39m. \u001b[90mx1\u001b[39m"]
INFO 2015-01-19T21:14:34.612Z ["[Lighter] Scripts routed to \u001b[36m/a.js\u001b[39m. \u001b[90mx1\u001b[39m"]
INFO 2015-01-19T21:14:34.612Z ["[Lighter] Scripts routed to \u001b[36m/a.js\u001b[39m. \u001b[90mx1\u001b[39m"]
INFO 2015-01-19T21:14:34.613Z ["[Lighter] Styles routed to \u001b[36m/a.css\u001b[39m. \u001b[90mx1\u001b[39m"]
INFO 2015-01-19T21:14:34.614Z ["[Lighter] Styles routed to \u001b[36m/a.css\u001b[39m. \u001b[90mx1\u001b[39m"]
INFO 2015-01-19T21:14:34.621Z ["[Lighter] Scripts routed to \u001b[36m/sly.js\u001b[39m. \u001b[90mx1\u001b[39m"]
INFO 2015-01-19T21:14:34.621Z ["[Lighter] Styles routed to \u001b[36m/sly.css\u001b[39m. \u001b[90mx1\u001b[39m"]
INFO 2015-01-19T21:14:34.627Z ["[Lighter] Controllers loaded. \u001b[90mx2\u001b[39m"]
INFO 2015-01-19T21:14:34.632Z ["[Lighter] Scripts routed to \u001b[36m/a.js\u001b[39m. \u001b[90mx1\u001b[39m"]
INFO 2015-01-19T21:14:34.634Z ["[Lighter] Styles routed to \u001b[36m/a.css\u001b[39m. \u001b[90mx1\u001b[39m"]
INFO 2015-01-19T21:14:35.864Z ["[Lighter] Publics loaded. \u001b[90mx48\u001b[39m"]
INFO 2015-01-19T21:14:35.910Z ["[Lighter] Publics loaded. \u001b[90mx48\u001b[39m"]
INFO 2015-01-19T21:14:35.932Z ["[Lighter] Publics loaded. \u001b[90mx48\u001b[39m"]
INFO 2015-01-19T21:14:36.825Z ["[Lighter] Views loaded. \u001b[90mx30\u001b[39m"]
INFO 2015-01-19T21:14:36.835Z ["[Lighter] Views loaded. \u001b[90mx30\u001b[39m"]
INFO 2015-01-19T21:14:36.846Z ["[D6] Views routed to \u001b[36m/d6.js\u001b[39m."]
INFO 2015-01-19T21:14:36.853Z ["[Lighter] Views loaded. \u001b[90mx30\u001b[39m"]
INFO 2015-01-19T21:14:36.877Z ["[D6] Views routed to \u001b[36m/d6.js\u001b[39m."]
INFO 2015-01-19T21:14:36.882Z ["[Lighter] Views loaded. \u001b[90mx30\u001b[39m"]
INFO 2015-01-19T21:14:36.898Z ["[D6] Views routed to \u001b[36m/d6.js\u001b[39m."]
INFO 2015-01-19T21:14:36.902Z ["[Lighter] Publics loaded. \u001b[90mx48\u001b[39m"]
INFO 2015-01-19T21:14:36.910Z ["[Ringer] Peer \u001b[36mBunny.local:8893\u001b[39m\u001b[32m stabilized\u001b[39m on attempt \u001b[36m3\u001b[39m."]
INFO 2015-01-19T21:14:36.911Z ["[Ringer] Peer \u001b[36mBunny.local:8895\u001b[39m\u001b[32m stabilized\u001b[39m on attempt \u001b[36m3\u001b[39m."]
INFO 2015-01-19T21:14:36.918Z ["[D6] Views routed to \u001b[36m/d6.js\u001b[39m."]
INFO 2015-01-19T21:14:37.873Z ["[Ringer] Peer \u001b[36mBunny.local:8892\u001b[39m\u001b[32m stabilized\u001b[39m on attempt \u001b[36m3\u001b[39m."]
INFO 2015-01-19T21:14:37.893Z ["[Ringer] Peer \u001b[36mBunny.local:8894\u001b[39m\u001b[32m stabilized\u001b[39m on attempt \u001b[36m4\u001b[39m."]
