WARN 2014-12-02T18:49:18.113Z ["[Lighter] Change: \u001b[36m~/Workspace/chug/test/.exam.js\u001b[39m."]
INFO 2014-12-02T18:49:18.917Z ["[Lighter] Models loaded. \u001b[90mx0\u001b[39m"]
INFO 2014-12-02T18:49:18.932Z ["[Lighter] Scripts routed to \u001b[36m/sly.js\u001b[39m. \u001b[90mx1\u001b[39m"]
INFO 2014-12-02T18:49:18.933Z ["[Lighter] Styles routed to \u001b[36m/sly.css\u001b[39m. \u001b[90mx1\u001b[39m"]
INFO 2014-12-02T18:49:18.936Z ["[Lighter] Controllers loaded. \u001b[90mx2\u001b[39m"]
INFO 2014-12-02T18:49:18.952Z ["[Lighter] Scripts routed to \u001b[36m/a.js\u001b[39m. \u001b[90mx1\u001b[39m"]
INFO 2014-12-02T18:49:18.955Z ["[Lighter] Styles routed to \u001b[36m/a.css\u001b[39m. \u001b[90mx1\u001b[39m"]
INFO 2014-12-02T18:49:21.136Z ["[Lighter] Views loaded. \u001b[90mx30\u001b[39m"]
INFO 2014-12-02T18:49:21.203Z ["[Lighter] Publics loaded. \u001b[90mx48\u001b[39m"]
INFO 2014-12-02T18:49:21.218Z ["[D6] Views routed to \u001b[36m/d6.js\u001b[39m."]
WARN 2014-12-02T18:49:21.783Z ["[Lighter] Change: \u001b[36m~/Workspace/chug/test/.exam.js\u001b[39m."]
INFO 2014-12-02T18:49:22.579Z ["[Lighter] Models loaded. \u001b[90mx0\u001b[39m"]
INFO 2014-12-02T18:49:22.587Z ["[Lighter] Scripts routed to \u001b[36m/sly.js\u001b[39m. \u001b[90mx1\u001b[39m"]
INFO 2014-12-02T18:49:22.588Z ["[Lighter] Styles routed to \u001b[36m/sly.css\u001b[39m. \u001b[90mx1\u001b[39m"]
INFO 2014-12-02T18:49:22.590Z ["[Lighter] Controllers loaded. \u001b[90mx2\u001b[39m"]
INFO 2014-12-02T18:49:22.602Z ["[Lighter] Scripts routed to \u001b[36m/a.js\u001b[39m. \u001b[90mx1\u001b[39m"]
INFO 2014-12-02T18:49:22.604Z ["[Lighter] Styles routed to \u001b[36m/a.css\u001b[39m. \u001b[90mx1\u001b[39m"]
INFO 2014-12-02T18:49:23.552Z ["[Lighter] Views loaded. \u001b[90mx30\u001b[39m"]
INFO 2014-12-02T18:49:24.623Z ["[Lighter] Publics loaded. \u001b[90mx48\u001b[39m"]
WARN 2014-12-02T18:49:24.628Z ["[Lighter] Change: \u001b[36m~/Workspace/chug/test/views/DELETE_ME.ltl\u001b[39m."]
INFO 2014-12-02T18:49:25.427Z ["[Lighter] Models loaded. \u001b[90mx0\u001b[39m"]
INFO 2014-12-02T18:49:25.437Z ["[Lighter] Scripts routed to \u001b[36m/sly.js\u001b[39m. \u001b[90mx1\u001b[39m"]
INFO 2014-12-02T18:49:25.438Z ["[Lighter] Styles routed to \u001b[36m/sly.css\u001b[39m. \u001b[90mx1\u001b[39m"]
INFO 2014-12-02T18:49:25.441Z ["[Lighter] Controllers loaded. \u001b[90mx2\u001b[39m"]
INFO 2014-12-02T18:49:25.457Z ["[Lighter] Scripts routed to \u001b[36m/a.js\u001b[39m. \u001b[90mx1\u001b[39m"]
INFO 2014-12-02T18:49:25.459Z ["[Lighter] Styles routed to \u001b[36m/a.css\u001b[39m. \u001b[90mx1\u001b[39m"]
INFO 2014-12-02T18:49:26.565Z ["[Lighter] Views loaded. \u001b[90mx30\u001b[39m"]
INFO 2014-12-02T18:49:27.782Z ["[Lighter] Publics loaded. \u001b[90mx48\u001b[39m"]
INFO 2014-12-02T18:49:27.796Z ["[D6] Views routed to \u001b[36m/d6.js\u001b[39m."]
