INFO 2014-12-02T07:55:00.527Z ["[Lighter] Models loaded. \u001b[90mx0\u001b[39m"]
INFO 2014-12-02T07:55:00.535Z ["[Lighter] Scripts routed to \u001b[36m/sly.js\u001b[39m. \u001b[90mx1\u001b[39m"]
INFO 2014-12-02T07:55:00.536Z ["[Lighter] Styles routed to \u001b[36m/sly.css\u001b[39m. \u001b[90mx1\u001b[39m"]
ERROR 2014-12-02T07:55:00.541Z ["SyntaxError: Unexpected token ;\n    at Module._compile (module.js:439:25)\n    at Object.Module._extensions..js (module.js:474:10)\n    at Module.load (module.js:356:32)\n    at Function.Module._load (module.js:312:12)\n    at Module.require (module.js:364:17)\n    at require (module.js:380:17)\n    at init.module.exports.Waiter.extend.require (/Users/sam/Workspace/chug/lib/asset.js:363:19)\n    at /Users/sam/Workspace/chug/lib/Load.js:467:21\n    at Array.forEach (native)\n    at /Users/sam/Workspace/chug/lib/Load.js:192:21"]
INFO 2014-12-02T07:55:01.288Z ["[Lighter] Models loaded. \u001b[90mx0\u001b[39m"]
INFO 2014-12-02T07:55:01.296Z ["[Lighter] Scripts routed to \u001b[36m/sly.js\u001b[39m. \u001b[90mx1\u001b[39m"]
INFO 2014-12-02T07:55:01.297Z ["[Lighter] Styles routed to \u001b[36m/sly.css\u001b[39m. \u001b[90mx1\u001b[39m"]
ERROR 2014-12-02T07:55:01.302Z ["SyntaxError: Unexpected token ;\n    at Module._compile (module.js:439:25)\n    at Object.Module._extensions..js (module.js:474:10)\n    at Module.load (module.js:356:32)\n    at Function.Module._load (module.js:312:12)\n    at Module.require (module.js:364:17)\n    at require (module.js:380:17)\n    at init.module.exports.Waiter.extend.require (/Users/sam/Workspace/chug/lib/asset.js:363:19)\n    at /Users/sam/Workspace/chug/lib/Load.js:467:21\n    at Array.forEach (native)\n    at /Users/sam/Workspace/chug/lib/Load.js:192:21"]
INFO 2014-12-02T07:55:02.054Z ["[Lighter] Models loaded. \u001b[90mx0\u001b[39m"]
INFO 2014-12-02T07:55:02.061Z ["[Lighter] Scripts routed to \u001b[36m/sly.js\u001b[39m. \u001b[90mx1\u001b[39m"]
INFO 2014-12-02T07:55:02.062Z ["[Lighter] Styles routed to \u001b[36m/sly.css\u001b[39m. \u001b[90mx1\u001b[39m"]
ERROR 2014-12-02T07:55:02.066Z ["SyntaxError: Unexpected token ;\n    at Module._compile (module.js:439:25)\n    at Object.Module._extensions..js (module.js:474:10)\n    at Module.load (module.js:356:32)\n    at Function.Module._load (module.js:312:12)\n    at Module.require (module.js:364:17)\n    at require (module.js:380:17)\n    at init.module.exports.Waiter.extend.require (/Users/sam/Workspace/chug/lib/asset.js:363:19)\n    at /Users/sam/Workspace/chug/lib/Load.js:467:21\n    at Array.forEach (native)\n    at /Users/sam/Workspace/chug/lib/Load.js:192:21"]
INFO 2014-12-02T07:55:02.816Z ["[Lighter] Models loaded. \u001b[90mx0\u001b[39m"]
INFO 2014-12-02T07:55:02.824Z ["[Lighter] Scripts routed to \u001b[36m/sly.js\u001b[39m. \u001b[90mx1\u001b[39m"]
INFO 2014-12-02T07:55:02.825Z ["[Lighter] Styles routed to \u001b[36m/sly.css\u001b[39m. \u001b[90mx1\u001b[39m"]
ERROR 2014-12-02T07:55:02.830Z ["SyntaxError: Unexpected token ;\n    at Module._compile (module.js:439:25)\n    at Object.Module._extensions..js (module.js:474:10)\n    at Module.load (module.js:356:32)\n    at Function.Module._load (module.js:312:12)\n    at Module.require (module.js:364:17)\n    at require (module.js:380:17)\n    at init.module.exports.Waiter.extend.require (/Users/sam/Workspace/chug/lib/asset.js:363:19)\n    at /Users/sam/Workspace/chug/lib/Load.js:467:21\n    at Array.forEach (native)\n    at /Users/sam/Workspace/chug/lib/Load.js:192:21"]
INFO 2014-12-02T07:55:03.568Z ["[Lighter] Models loaded. \u001b[90mx0\u001b[39m"]
INFO 2014-12-02T07:55:03.576Z ["[Lighter] Scripts routed to \u001b[36m/sly.js\u001b[39m. \u001b[90mx1\u001b[39m"]
INFO 2014-12-02T07:55:03.576Z ["[Lighter] Styles routed to \u001b[36m/sly.css\u001b[39m. \u001b[90mx1\u001b[39m"]
ERROR 2014-12-02T07:55:03.582Z ["SyntaxError: Unexpected token ;\n    at Module._compile (module.js:439:25)\n    at Object.Module._extensions..js (module.js:474:10)\n    at Module.load (module.js:356:32)\n    at Function.Module._load (module.js:312:12)\n    at Module.require (module.js:364:17)\n    at require (module.js:380:17)\n    at init.module.exports.Waiter.extend.require (/Users/sam/Workspace/chug/lib/asset.js:363:19)\n    at /Users/sam/Workspace/chug/lib/Load.js:467:21\n    at Array.forEach (native)\n    at /Users/sam/Workspace/chug/lib/Load.js:192:21"]
INFO 2014-12-02T07:55:04.328Z ["[Lighter] Models loaded. \u001b[90mx0\u001b[39m"]
INFO 2014-12-02T07:55:04.339Z ["[Lighter] Scripts routed to \u001b[36m/sly.js\u001b[39m. \u001b[90mx1\u001b[39m"]
INFO 2014-12-02T07:55:04.340Z ["[Lighter] Styles routed to \u001b[36m/sly.css\u001b[39m. \u001b[90mx1\u001b[39m"]
INFO 2014-12-02T07:55:05.100Z ["[Lighter] Models loaded. \u001b[90mx0\u001b[39m"]
INFO 2014-12-02T07:55:05.107Z ["[Lighter] Scripts routed to \u001b[36m/sly.js\u001b[39m. \u001b[90mx1\u001b[39m"]
INFO 2014-12-02T07:55:05.108Z ["[Lighter] Styles routed to \u001b[36m/sly.css\u001b[39m. \u001b[90mx1\u001b[39m"]
ERROR 2014-12-02T07:55:05.113Z ["SyntaxError: Unexpected token ;\n    at Module._compile (module.js:439:25)\n    at Object.Module._extensions..js (module.js:474:10)\n    at Module.load (module.js:356:32)\n    at Function.Module._load (module.js:312:12)\n    at Module.require (module.js:364:17)\n    at require (module.js:380:17)\n    at init.module.exports.Waiter.extend.require (/Users/sam/Workspace/chug/lib/asset.js:363:19)\n    at /Users/sam/Workspace/chug/lib/Load.js:467:21\n    at Array.forEach (native)\n    at /Users/sam/Workspace/chug/lib/Load.js:192:21"]
INFO 2014-12-02T07:55:05.865Z ["[Lighter] Models loaded. \u001b[90mx0\u001b[39m"]
INFO 2014-12-02T07:55:05.876Z ["[Lighter] Scripts routed to \u001b[36m/sly.js\u001b[39m. \u001b[90mx1\u001b[39m"]
INFO 2014-12-02T07:55:05.877Z ["[Lighter] Styles routed to \u001b[36m/sly.css\u001b[39m. \u001b[90mx1\u001b[39m"]
ERROR 2014-12-02T07:55:05.884Z ["SyntaxError: Unexpected token ;\n    at Module._compile (module.js:439:25)\n    at Object.Module._extensions..js (module.js:474:10)\n    at Module.load (module.js:356:32)\n    at Function.Module._load (module.js:312:12)\n    at Module.require (module.js:364:17)\n    at require (module.js:380:17)\n    at init.module.exports.Waiter.extend.require (/Users/sam/Workspace/chug/lib/asset.js:363:19)\n    at /Users/sam/Workspace/chug/lib/Load.js:467:21\n    at Array.forEach (native)\n    at /Users/sam/Workspace/chug/lib/Load.js:192:21"]
INFO 2014-12-02T07:55:06.633Z ["[Lighter] Models loaded. \u001b[90mx0\u001b[39m"]
INFO 2014-12-02T07:55:06.640Z ["[Lighter] Scripts routed to \u001b[36m/sly.js\u001b[39m. \u001b[90mx1\u001b[39m"]
INFO 2014-12-02T07:55:06.641Z ["[Lighter] Styles routed to \u001b[36m/sly.css\u001b[39m. \u001b[90mx1\u001b[39m"]
ERROR 2014-12-02T07:55:06.646Z ["SyntaxError: Unexpected token ;\n    at Module._compile (module.js:439:25)\n    at Object.Module._extensions..js (module.js:474:10)\n    at Module.load (module.js:356:32)\n    at Function.Module._load (module.js:312:12)\n    at Module.require (module.js:364:17)\n    at require (module.js:380:17)\n    at init.module.exports.Waiter.extend.require (/Users/sam/Workspace/chug/lib/asset.js:363:19)\n    at /Users/sam/Workspace/chug/lib/Load.js:467:21\n    at Array.forEach (native)\n    at /Users/sam/Workspace/chug/lib/Load.js:192:21"]
INFO 2014-12-02T07:55:07.423Z ["[Lighter] Models loaded. \u001b[90mx0\u001b[39m"]
INFO 2014-12-02T07:55:07.431Z ["[Lighter] Scripts routed to \u001b[36m/sly.js\u001b[39m. \u001b[90mx1\u001b[39m"]
INFO 2014-12-02T07:55:07.432Z ["[Lighter] Styles routed to \u001b[36m/sly.css\u001b[39m. \u001b[90mx1\u001b[39m"]
ERROR 2014-12-02T07:55:07.437Z ["SyntaxError: Unexpected token ;\n    at Module._compile (module.js:439:25)\n    at Object.Module._extensions..js (module.js:474:10)\n    at Module.load (module.js:356:32)\n    at Function.Module._load (module.js:312:12)\n    at Module.require (module.js:364:17)\n    at require (module.js:380:17)\n    at init.module.exports.Waiter.extend.require (/Users/sam/Workspace/chug/lib/asset.js:363:19)\n    at /Users/sam/Workspace/chug/lib/Load.js:467:21\n    at Array.forEach (native)\n    at /Users/sam/Workspace/chug/lib/Load.js:192:21"]
INFO 2014-12-02T07:55:08.216Z ["[Lighter] Models loaded. \u001b[90mx0\u001b[39m"]
INFO 2014-12-02T07:55:08.225Z ["[Lighter] Scripts routed to \u001b[36m/sly.js\u001b[39m. \u001b[90mx1\u001b[39m"]
INFO 2014-12-02T07:55:08.226Z ["[Lighter] Styles routed to \u001b[36m/sly.css\u001b[39m. \u001b[90mx1\u001b[39m"]
ERROR 2014-12-02T07:55:08.230Z ["SyntaxError: Unexpected token ;\n    at Module._compile (module.js:439:25)\n    at Object.Module._extensions..js (module.js:474:10)\n    at Module.load (module.js:356:32)\n    at Function.Module._load (module.js:312:12)\n    at Module.require (module.js:364:17)\n    at require (module.js:380:17)\n    at init.module.exports.Waiter.extend.require (/Users/sam/Workspace/chug/lib/asset.js:363:19)\n    at /Users/sam/Workspace/chug/lib/Load.js:467:21\n    at Array.forEach (native)\n    at /Users/sam/Workspace/chug/lib/Load.js:192:21"]
INFO 2014-12-02T07:55:08.976Z ["[Lighter] Models loaded. \u001b[90mx0\u001b[39m"]
INFO 2014-12-02T07:55:08.983Z ["[Lighter] Scripts routed to \u001b[36m/sly.js\u001b[39m. \u001b[90mx1\u001b[39m"]
INFO 2014-12-02T07:55:08.984Z ["[Lighter] Styles routed to \u001b[36m/sly.css\u001b[39m. \u001b[90mx1\u001b[39m"]
ERROR 2014-12-02T07:55:08.989Z ["SyntaxError: Unexpected token ;\n    at Module._compile (module.js:439:25)\n    at Object.Module._extensions..js (module.js:474:10)\n    at Module.load (module.js:356:32)\n    at Function.Module._load (module.js:312:12)\n    at Module.require (module.js:364:17)\n    at require (module.js:380:17)\n    at init.module.exports.Waiter.extend.require (/Users/sam/Workspace/chug/lib/asset.js:363:19)\n    at /Users/sam/Workspace/chug/lib/Load.js:467:21\n    at Array.forEach (native)\n    at /Users/sam/Workspace/chug/lib/Load.js:192:21"]
INFO 2014-12-02T07:55:09.728Z ["[Lighter] Models loaded. \u001b[90mx0\u001b[39m"]
INFO 2014-12-02T07:55:09.736Z ["[Lighter] Scripts routed to \u001b[36m/sly.js\u001b[39m. \u001b[90mx1\u001b[39m"]
INFO 2014-12-02T07:55:09.737Z ["[Lighter] Styles routed to \u001b[36m/sly.css\u001b[39m. \u001b[90mx1\u001b[39m"]
ERROR 2014-12-02T07:55:09.741Z ["SyntaxError: Unexpected token ;\n    at Module._compile (module.js:439:25)\n    at Object.Module._extensions..js (module.js:474:10)\n    at Module.load (module.js:356:32)\n    at Function.Module._load (module.js:312:12)\n    at Module.require (module.js:364:17)\n    at require (module.js:380:17)\n    at init.module.exports.Waiter.extend.require (/Users/sam/Workspace/chug/lib/asset.js:363:19)\n    at /Users/sam/Workspace/chug/lib/Load.js:467:21\n    at Array.forEach (native)\n    at /Users/sam/Workspace/chug/lib/Load.js:192:21"]
INFO 2014-12-02T07:55:10.491Z ["[Lighter] Models loaded. \u001b[90mx0\u001b[39m"]
INFO 2014-12-02T07:55:10.499Z ["[Lighter] Scripts routed to \u001b[36m/sly.js\u001b[39m. \u001b[90mx1\u001b[39m"]
INFO 2014-12-02T07:55:10.499Z ["[Lighter] Styles routed to \u001b[36m/sly.css\u001b[39m. \u001b[90mx1\u001b[39m"]
ERROR 2014-12-02T07:55:10.504Z ["SyntaxError: Unexpected token ;\n    at Module._compile (module.js:439:25)\n    at Object.Module._extensions..js (module.js:474:10)\n    at Module.load (module.js:356:32)\n    at Function.Module._load (module.js:312:12)\n    at Module.require (module.js:364:17)\n    at require (module.js:380:17)\n    at init.module.exports.Waiter.extend.require (/Users/sam/Workspace/chug/lib/asset.js:363:19)\n    at /Users/sam/Workspace/chug/lib/Load.js:467:21\n    at Array.forEach (native)\n    at /Users/sam/Workspace/chug/lib/Load.js:192:21"]
INFO 2014-12-02T07:55:11.241Z ["[Lighter] Models loaded. \u001b[90mx0\u001b[39m"]
INFO 2014-12-02T07:55:11.249Z ["[Lighter] Scripts routed to \u001b[36m/sly.js\u001b[39m. \u001b[90mx1\u001b[39m"]
INFO 2014-12-02T07:55:11.249Z ["[Lighter] Styles routed to \u001b[36m/sly.css\u001b[39m. \u001b[90mx1\u001b[39m"]
ERROR 2014-12-02T07:55:11.254Z ["SyntaxError: Unexpected token ;\n    at Module._compile (module.js:439:25)\n    at Object.Module._extensions..js (module.js:474:10)\n    at Module.load (module.js:356:32)\n    at Function.Module._load (module.js:312:12)\n    at Module.require (module.js:364:17)\n    at require (module.js:380:17)\n    at init.module.exports.Waiter.extend.require (/Users/sam/Workspace/chug/lib/asset.js:363:19)\n    at /Users/sam/Workspace/chug/lib/Load.js:467:21\n    at Array.forEach (native)\n    at /Users/sam/Workspace/chug/lib/Load.js:192:21"]
INFO 2014-12-02T07:55:11.992Z ["[Lighter] Models loaded. \u001b[90mx0\u001b[39m"]
INFO 2014-12-02T07:55:11.999Z ["[Lighter] Scripts routed to \u001b[36m/sly.js\u001b[39m. \u001b[90mx1\u001b[39m"]
INFO 2014-12-02T07:55:12.000Z ["[Lighter] Styles routed to \u001b[36m/sly.css\u001b[39m. \u001b[90mx1\u001b[39m"]
ERROR 2014-12-02T07:55:12.005Z ["SyntaxError: Unexpected token ;\n    at Module._compile (module.js:439:25)\n    at Object.Module._extensions..js (module.js:474:10)\n    at Module.load (module.js:356:32)\n    at Function.Module._load (module.js:312:12)\n    at Module.require (module.js:364:17)\n    at require (module.js:380:17)\n    at init.module.exports.Waiter.extend.require (/Users/sam/Workspace/chug/lib/asset.js:363:19)\n    at /Users/sam/Workspace/chug/lib/Load.js:467:21\n    at Array.forEach (native)\n    at /Users/sam/Workspace/chug/lib/Load.js:192:21"]
INFO 2014-12-02T07:55:12.747Z ["[Lighter] Models loaded. \u001b[90mx0\u001b[39m"]
INFO 2014-12-02T07:55:12.756Z ["[Lighter] Scripts routed to \u001b[36m/sly.js\u001b[39m. \u001b[90mx1\u001b[39m"]
INFO 2014-12-02T07:55:12.757Z ["[Lighter] Styles routed to \u001b[36m/sly.css\u001b[39m. \u001b[90mx1\u001b[39m"]
ERROR 2014-12-02T07:55:12.762Z ["SyntaxError: Unexpected token ;\n    at Module._compile (module.js:439:25)\n    at Object.Module._extensions..js (module.js:474:10)\n    at Module.load (module.js:356:32)\n    at Function.Module._load (module.js:312:12)\n    at Module.require (module.js:364:17)\n    at require (module.js:380:17)\n    at init.module.exports.Waiter.extend.require (/Users/sam/Workspace/chug/lib/asset.js:363:19)\n    at /Users/sam/Workspace/chug/lib/Load.js:467:21\n    at Array.forEach (native)\n    at /Users/sam/Workspace/chug/lib/Load.js:192:21"]
INFO 2014-12-02T07:55:13.522Z ["[Lighter] Models loaded. \u001b[90mx0\u001b[39m"]
INFO 2014-12-02T07:55:13.530Z ["[Lighter] Scripts routed to \u001b[36m/sly.js\u001b[39m. \u001b[90mx1\u001b[39m"]
INFO 2014-12-02T07:55:13.531Z ["[Lighter] Styles routed to \u001b[36m/sly.css\u001b[39m. \u001b[90mx1\u001b[39m"]
ERROR 2014-12-02T07:55:13.536Z ["SyntaxError: Unexpected token ;\n    at Module._compile (module.js:439:25)\n    at Object.Module._extensions..js (module.js:474:10)\n    at Module.load (module.js:356:32)\n    at Function.Module._load (module.js:312:12)\n    at Module.require (module.js:364:17)\n    at require (module.js:380:17)\n    at init.module.exports.Waiter.extend.require (/Users/sam/Workspace/chug/lib/asset.js:363:19)\n    at /Users/sam/Workspace/chug/lib/Load.js:467:21\n    at Array.forEach (native)\n    at /Users/sam/Workspace/chug/lib/Load.js:192:21"]
INFO 2014-12-02T07:55:14.276Z ["[Lighter] Models loaded. \u001b[90mx0\u001b[39m"]
INFO 2014-12-02T07:55:14.288Z ["[Lighter] Scripts routed to \u001b[36m/sly.js\u001b[39m. \u001b[90mx1\u001b[39m"]
INFO 2014-12-02T07:55:14.288Z ["[Lighter] Styles routed to \u001b[36m/sly.css\u001b[39m. \u001b[90mx1\u001b[39m"]
ERROR 2014-12-02T07:55:14.295Z ["SyntaxError: Unexpected token ;\n    at Module._compile (module.js:439:25)\n    at Object.Module._extensions..js (module.js:474:10)\n    at Module.load (module.js:356:32)\n    at Function.Module._load (module.js:312:12)\n    at Module.require (module.js:364:17)\n    at require (module.js:380:17)\n    at init.module.exports.Waiter.extend.require (/Users/sam/Workspace/chug/lib/asset.js:363:19)\n    at /Users/sam/Workspace/chug/lib/Load.js:467:21\n    at Array.forEach (native)\n    at /Users/sam/Workspace/chug/lib/Load.js:192:21"]
INFO 2014-12-02T07:55:15.043Z ["[Lighter] Models loaded. \u001b[90mx0\u001b[39m"]
INFO 2014-12-02T07:55:15.051Z ["[Lighter] Scripts routed to \u001b[36m/sly.js\u001b[39m. \u001b[90mx1\u001b[39m"]
INFO 2014-12-02T07:55:15.052Z ["[Lighter] Styles routed to \u001b[36m/sly.css\u001b[39m. \u001b[90mx1\u001b[39m"]
ERROR 2014-12-02T07:55:15.057Z ["SyntaxError: Unexpected token ;\n    at Module._compile (module.js:439:25)\n    at Object.Module._extensions..js (module.js:474:10)\n    at Module.load (module.js:356:32)\n    at Function.Module._load (module.js:312:12)\n    at Module.require (module.js:364:17)\n    at require (module.js:380:17)\n    at init.module.exports.Waiter.extend.require (/Users/sam/Workspace/chug/lib/asset.js:363:19)\n    at /Users/sam/Workspace/chug/lib/Load.js:467:21\n    at Array.forEach (native)\n    at /Users/sam/Workspace/chug/lib/Load.js:192:21"]
INFO 2014-12-02T07:55:15.797Z ["[Lighter] Models loaded. \u001b[90mx0\u001b[39m"]
INFO 2014-12-02T07:55:15.808Z ["[Lighter] Scripts routed to \u001b[36m/sly.js\u001b[39m. \u001b[90mx1\u001b[39m"]
INFO 2014-12-02T07:55:15.809Z ["[Lighter] Styles routed to \u001b[36m/sly.css\u001b[39m. \u001b[90mx1\u001b[39m"]
ERROR 2014-12-02T07:55:15.815Z ["SyntaxError: Unexpected token ;\n    at Module._compile (module.js:439:25)\n    at Object.Module._extensions..js (module.js:474:10)\n    at Module.load (module.js:356:32)\n    at Function.Module._load (module.js:312:12)\n    at Module.require (module.js:364:17)\n    at require (module.js:380:17)\n    at init.module.exports.Waiter.extend.require (/Users/sam/Workspace/chug/lib/asset.js:363:19)\n    at /Users/sam/Workspace/chug/lib/Load.js:467:21\n    at Array.forEach (native)\n    at /Users/sam/Workspace/chug/lib/Load.js:192:21"]
INFO 2014-12-02T07:55:16.563Z ["[Lighter] Models loaded. \u001b[90mx0\u001b[39m"]
INFO 2014-12-02T07:55:16.571Z ["[Lighter] Scripts routed to \u001b[36m/sly.js\u001b[39m. \u001b[90mx1\u001b[39m"]
INFO 2014-12-02T07:55:16.571Z ["[Lighter] Styles routed to \u001b[36m/sly.css\u001b[39m. \u001b[90mx1\u001b[39m"]
ERROR 2014-12-02T07:55:16.576Z ["SyntaxError: Unexpected token ;\n    at Module._compile (module.js:439:25)\n    at Object.Module._extensions..js (module.js:474:10)\n    at Module.load (module.js:356:32)\n    at Function.Module._load (module.js:312:12)\n    at Module.require (module.js:364:17)\n    at require (module.js:380:17)\n    at init.module.exports.Waiter.extend.require (/Users/sam/Workspace/chug/lib/asset.js:363:19)\n    at /Users/sam/Workspace/chug/lib/Load.js:467:21\n    at Array.forEach (native)\n    at /Users/sam/Workspace/chug/lib/Load.js:192:21"]
INFO 2014-12-02T07:55:17.316Z ["[Lighter] Models loaded. \u001b[90mx0\u001b[39m"]
INFO 2014-12-02T07:55:17.323Z ["[Lighter] Scripts routed to \u001b[36m/sly.js\u001b[39m. \u001b[90mx1\u001b[39m"]
INFO 2014-12-02T07:55:17.324Z ["[Lighter] Styles routed to \u001b[36m/sly.css\u001b[39m. \u001b[90mx1\u001b[39m"]
ERROR 2014-12-02T07:55:17.329Z ["SyntaxError: Unexpected token ;\n    at Module._compile (module.js:439:25)\n    at Object.Module._extensions..js (module.js:474:10)\n    at Module.load (module.js:356:32)\n    at Function.Module._load (module.js:312:12)\n    at Module.require (module.js:364:17)\n    at require (module.js:380:17)\n    at init.module.exports.Waiter.extend.require (/Users/sam/Workspace/chug/lib/asset.js:363:19)\n    at /Users/sam/Workspace/chug/lib/Load.js:467:21\n    at Array.forEach (native)\n    at /Users/sam/Workspace/chug/lib/Load.js:192:21"]
INFO 2014-12-02T07:55:18.074Z ["[Lighter] Models loaded. \u001b[90mx0\u001b[39m"]
INFO 2014-12-02T07:55:18.082Z ["[Lighter] Scripts routed to \u001b[36m/sly.js\u001b[39m. \u001b[90mx1\u001b[39m"]
INFO 2014-12-02T07:55:18.083Z ["[Lighter] Styles routed to \u001b[36m/sly.css\u001b[39m. \u001b[90mx1\u001b[39m"]
ERROR 2014-12-02T07:55:18.087Z ["SyntaxError: Unexpected token ;\n    at Module._compile (module.js:439:25)\n    at Object.Module._extensions..js (module.js:474:10)\n    at Module.load (module.js:356:32)\n    at Function.Module._load (module.js:312:12)\n    at Module.require (module.js:364:17)\n    at require (module.js:380:17)\n    at init.module.exports.Waiter.extend.require (/Users/sam/Workspace/chug/lib/asset.js:363:19)\n    at /Users/sam/Workspace/chug/lib/Load.js:467:21\n    at Array.forEach (native)\n    at /Users/sam/Workspace/chug/lib/Load.js:192:21"]
INFO 2014-12-02T07:55:18.827Z ["[Lighter] Models loaded. \u001b[90mx0\u001b[39m"]
INFO 2014-12-02T07:55:18.835Z ["[Lighter] Scripts routed to \u001b[36m/sly.js\u001b[39m. \u001b[90mx1\u001b[39m"]
INFO 2014-12-02T07:55:18.835Z ["[Lighter] Styles routed to \u001b[36m/sly.css\u001b[39m. \u001b[90mx1\u001b[39m"]
ERROR 2014-12-02T07:55:18.840Z ["SyntaxError: Unexpected token ;\n    at Module._compile (module.js:439:25)\n    at Object.Module._extensions..js (module.js:474:10)\n    at Module.load (module.js:356:32)\n    at Function.Module._load (module.js:312:12)\n    at Module.require (module.js:364:17)\n    at require (module.js:380:17)\n    at init.module.exports.Waiter.extend.require (/Users/sam/Workspace/chug/lib/asset.js:363:19)\n    at /Users/sam/Workspace/chug/lib/Load.js:467:21\n    at Array.forEach (native)\n    at /Users/sam/Workspace/chug/lib/Load.js:192:21"]
INFO 2014-12-02T07:55:19.580Z ["[Lighter] Models loaded. \u001b[90mx0\u001b[39m"]
INFO 2014-12-02T07:55:19.587Z ["[Lighter] Scripts routed to \u001b[36m/sly.js\u001b[39m. \u001b[90mx1\u001b[39m"]
INFO 2014-12-02T07:55:19.588Z ["[Lighter] Styles routed to \u001b[36m/sly.css\u001b[39m. \u001b[90mx1\u001b[39m"]
INFO 2014-12-02T07:55:20.337Z ["[Lighter] Models loaded. \u001b[90mx0\u001b[39m"]
INFO 2014-12-02T07:55:20.344Z ["[Lighter] Scripts routed to \u001b[36m/sly.js\u001b[39m. \u001b[90mx1\u001b[39m"]
INFO 2014-12-02T07:55:20.344Z ["[Lighter] Styles routed to \u001b[36m/sly.css\u001b[39m. \u001b[90mx1\u001b[39m"]
ERROR 2014-12-02T07:55:20.349Z ["SyntaxError: Unexpected token ;\n    at Module._compile (module.js:439:25)\n    at Object.Module._extensions..js (module.js:474:10)\n    at Module.load (module.js:356:32)\n    at Function.Module._load (module.js:312:12)\n    at Module.require (module.js:364:17)\n    at require (module.js:380:17)\n    at init.module.exports.Waiter.extend.require (/Users/sam/Workspace/chug/lib/asset.js:363:19)\n    at /Users/sam/Workspace/chug/lib/Load.js:467:21\n    at Array.forEach (native)\n    at /Users/sam/Workspace/chug/lib/Load.js:192:21"]
INFO 2014-12-02T07:55:21.095Z ["[Lighter] Models loaded. \u001b[90mx0\u001b[39m"]
INFO 2014-12-02T07:55:21.103Z ["[Lighter] Scripts routed to \u001b[36m/sly.js\u001b[39m. \u001b[90mx1\u001b[39m"]
INFO 2014-12-02T07:55:21.103Z ["[Lighter] Styles routed to \u001b[36m/sly.css\u001b[39m. \u001b[90mx1\u001b[39m"]
ERROR 2014-12-02T07:55:21.108Z ["SyntaxError: Unexpected token ;\n    at Module._compile (module.js:439:25)\n    at Object.Module._extensions..js (module.js:474:10)\n    at Module.load (module.js:356:32)\n    at Function.Module._load (module.js:312:12)\n    at Module.require (module.js:364:17)\n    at require (module.js:380:17)\n    at init.module.exports.Waiter.extend.require (/Users/sam/Workspace/chug/lib/asset.js:363:19)\n    at /Users/sam/Workspace/chug/lib/Load.js:467:21\n    at Array.forEach (native)\n    at /Users/sam/Workspace/chug/lib/Load.js:192:21"]
INFO 2014-12-02T07:55:21.849Z ["[Lighter] Models loaded. \u001b[90mx0\u001b[39m"]
INFO 2014-12-02T07:55:21.857Z ["[Lighter] Scripts routed to \u001b[36m/sly.js\u001b[39m. \u001b[90mx1\u001b[39m"]
INFO 2014-12-02T07:55:21.858Z ["[Lighter] Styles routed to \u001b[36m/sly.css\u001b[39m. \u001b[90mx1\u001b[39m"]
ERROR 2014-12-02T07:55:21.863Z ["SyntaxError: Unexpected token ;\n    at Module._compile (module.js:439:25)\n    at Object.Module._extensions..js (module.js:474:10)\n    at Module.load (module.js:356:32)\n    at Function.Module._load (module.js:312:12)\n    at Module.require (module.js:364:17)\n    at require (module.js:380:17)\n    at init.module.exports.Waiter.extend.require (/Users/sam/Workspace/chug/lib/asset.js:363:19)\n    at /Users/sam/Workspace/chug/lib/Load.js:467:21\n    at Array.forEach (native)\n    at /Users/sam/Workspace/chug/lib/Load.js:192:21"]
INFO 2014-12-02T07:55:22.600Z ["[Lighter] Models loaded. \u001b[90mx0\u001b[39m"]
INFO 2014-12-02T07:55:22.608Z ["[Lighter] Scripts routed to \u001b[36m/sly.js\u001b[39m. \u001b[90mx1\u001b[39m"]
INFO 2014-12-02T07:55:22.609Z ["[Lighter] Styles routed to \u001b[36m/sly.css\u001b[39m. \u001b[90mx1\u001b[39m"]
ERROR 2014-12-02T07:55:22.613Z ["SyntaxError: Unexpected token ;\n    at Module._compile (module.js:439:25)\n    at Object.Module._extensions..js (module.js:474:10)\n    at Module.load (module.js:356:32)\n    at Function.Module._load (module.js:312:12)\n    at Module.require (module.js:364:17)\n    at require (module.js:380:17)\n    at init.module.exports.Waiter.extend.require (/Users/sam/Workspace/chug/lib/asset.js:363:19)\n    at /Users/sam/Workspace/chug/lib/Load.js:467:21\n    at Array.forEach (native)\n    at /Users/sam/Workspace/chug/lib/Load.js:192:21"]
INFO 2014-12-02T07:55:23.364Z ["[Lighter] Models loaded. \u001b[90mx0\u001b[39m"]
INFO 2014-12-02T07:55:23.377Z ["[Lighter] Scripts routed to \u001b[36m/sly.js\u001b[39m. \u001b[90mx1\u001b[39m"]
INFO 2014-12-02T07:55:23.378Z ["[Lighter] Styles routed to \u001b[36m/sly.css\u001b[39m. \u001b[90mx1\u001b[39m"]
ERROR 2014-12-02T07:55:23.384Z ["SyntaxError: Unexpected token ;\n    at Module._compile (module.js:439:25)\n    at Object.Module._extensions..js (module.js:474:10)\n    at Module.load (module.js:356:32)\n    at Function.Module._load (module.js:312:12)\n    at Module.require (module.js:364:17)\n    at require (module.js:380:17)\n    at init.module.exports.Waiter.extend.require (/Users/sam/Workspace/chug/lib/asset.js:363:19)\n    at /Users/sam/Workspace/chug/lib/Load.js:467:21\n    at Array.forEach (native)\n    at /Users/sam/Workspace/chug/lib/Load.js:192:21"]
INFO 2014-12-02T07:55:24.125Z ["[Lighter] Models loaded. \u001b[90mx0\u001b[39m"]
INFO 2014-12-02T07:55:24.133Z ["[Lighter] Scripts routed to \u001b[36m/sly.js\u001b[39m. \u001b[90mx1\u001b[39m"]
INFO 2014-12-02T07:55:24.134Z ["[Lighter] Styles routed to \u001b[36m/sly.css\u001b[39m. \u001b[90mx1\u001b[39m"]
ERROR 2014-12-02T07:55:24.139Z ["SyntaxError: Unexpected token ;\n    at Module._compile (module.js:439:25)\n    at Object.Module._extensions..js (module.js:474:10)\n    at Module.load (module.js:356:32)\n    at Function.Module._load (module.js:312:12)\n    at Module.require (module.js:364:17)\n    at require (module.js:380:17)\n    at init.module.exports.Waiter.extend.require (/Users/sam/Workspace/chug/lib/asset.js:363:19)\n    at /Users/sam/Workspace/chug/lib/Load.js:467:21\n    at Array.forEach (native)\n    at /Users/sam/Workspace/chug/lib/Load.js:192:21"]
INFO 2014-12-02T07:55:24.878Z ["[Lighter] Models loaded. \u001b[90mx0\u001b[39m"]
INFO 2014-12-02T07:55:24.885Z ["[Lighter] Scripts routed to \u001b[36m/sly.js\u001b[39m. \u001b[90mx1\u001b[39m"]
INFO 2014-12-02T07:55:24.886Z ["[Lighter] Styles routed to \u001b[36m/sly.css\u001b[39m. \u001b[90mx1\u001b[39m"]
ERROR 2014-12-02T07:55:24.891Z ["SyntaxError: Unexpected token ;\n    at Module._compile (module.js:439:25)\n    at Object.Module._extensions..js (module.js:474:10)\n    at Module.load (module.js:356:32)\n    at Function.Module._load (module.js:312:12)\n    at Module.require (module.js:364:17)\n    at require (module.js:380:17)\n    at init.module.exports.Waiter.extend.require (/Users/sam/Workspace/chug/lib/asset.js:363:19)\n    at /Users/sam/Workspace/chug/lib/Load.js:467:21\n    at Array.forEach (native)\n    at /Users/sam/Workspace/chug/lib/Load.js:192:21"]
INFO 2014-12-02T07:55:25.636Z ["[Lighter] Models loaded. \u001b[90mx0\u001b[39m"]
INFO 2014-12-02T07:55:25.645Z ["[Lighter] Scripts routed to \u001b[36m/sly.js\u001b[39m. \u001b[90mx1\u001b[39m"]
INFO 2014-12-02T07:55:25.645Z ["[Lighter] Styles routed to \u001b[36m/sly.css\u001b[39m. \u001b[90mx1\u001b[39m"]
ERROR 2014-12-02T07:55:25.651Z ["SyntaxError: Unexpected token ;\n    at Module._compile (module.js:439:25)\n    at Object.Module._extensions..js (module.js:474:10)\n    at Module.load (module.js:356:32)\n    at Function.Module._load (module.js:312:12)\n    at Module.require (module.js:364:17)\n    at require (module.js:380:17)\n    at init.module.exports.Waiter.extend.require (/Users/sam/Workspace/chug/lib/asset.js:363:19)\n    at /Users/sam/Workspace/chug/lib/Load.js:467:21\n    at Array.forEach (native)\n    at /Users/sam/Workspace/chug/lib/Load.js:192:21"]
INFO 2014-12-02T07:55:26.398Z ["[Lighter] Models loaded. \u001b[90mx0\u001b[39m"]
INFO 2014-12-02T07:55:26.409Z ["[Lighter] Scripts routed to \u001b[36m/sly.js\u001b[39m. \u001b[90mx1\u001b[39m"]
INFO 2014-12-02T07:55:26.409Z ["[Lighter] Styles routed to \u001b[36m/sly.css\u001b[39m. \u001b[90mx1\u001b[39m"]
ERROR 2014-12-02T07:55:26.414Z ["SyntaxError: Unexpected token ;\n    at Module._compile (module.js:439:25)\n    at Object.Module._extensions..js (module.js:474:10)\n    at Module.load (module.js:356:32)\n    at Function.Module._load (module.js:312:12)\n    at Module.require (module.js:364:17)\n    at require (module.js:380:17)\n    at init.module.exports.Waiter.extend.require (/Users/sam/Workspace/chug/lib/asset.js:363:19)\n    at /Users/sam/Workspace/chug/lib/Load.js:467:21\n    at Array.forEach (native)\n    at /Users/sam/Workspace/chug/lib/Load.js:192:21"]
INFO 2014-12-02T07:55:27.166Z ["[Lighter] Models loaded. \u001b[90mx0\u001b[39m"]
INFO 2014-12-02T07:55:27.175Z ["[Lighter] Scripts routed to \u001b[36m/sly.js\u001b[39m. \u001b[90mx1\u001b[39m"]
INFO 2014-12-02T07:55:27.176Z ["[Lighter] Styles routed to \u001b[36m/sly.css\u001b[39m. \u001b[90mx1\u001b[39m"]
ERROR 2014-12-02T07:55:27.181Z ["SyntaxError: Unexpected token ;\n    at Module._compile (module.js:439:25)\n    at Object.Module._extensions..js (module.js:474:10)\n    at Module.load (module.js:356:32)\n    at Function.Module._load (module.js:312:12)\n    at Module.require (module.js:364:17)\n    at require (module.js:380:17)\n    at init.module.exports.Waiter.extend.require (/Users/sam/Workspace/chug/lib/asset.js:363:19)\n    at /Users/sam/Workspace/chug/lib/Load.js:467:21\n    at Array.forEach (native)\n    at /Users/sam/Workspace/chug/lib/Load.js:192:21"]
INFO 2014-12-02T07:55:27.918Z ["[Lighter] Models loaded. \u001b[90mx0\u001b[39m"]
INFO 2014-12-02T07:55:27.927Z ["[Lighter] Scripts routed to \u001b[36m/sly.js\u001b[39m. \u001b[90mx1\u001b[39m"]
INFO 2014-12-02T07:55:27.927Z ["[Lighter] Styles routed to \u001b[36m/sly.css\u001b[39m. \u001b[90mx1\u001b[39m"]
ERROR 2014-12-02T07:55:27.933Z ["SyntaxError: Unexpected token ;\n    at Module._compile (module.js:439:25)\n    at Object.Module._extensions..js (module.js:474:10)\n    at Module.load (module.js:356:32)\n    at Function.Module._load (module.js:312:12)\n    at Module.require (module.js:364:17)\n    at require (module.js:380:17)\n    at init.module.exports.Waiter.extend.require (/Users/sam/Workspace/chug/lib/asset.js:363:19)\n    at /Users/sam/Workspace/chug/lib/Load.js:467:21\n    at Array.forEach (native)\n    at /Users/sam/Workspace/chug/lib/Load.js:192:21"]
INFO 2014-12-02T07:55:28.677Z ["[Lighter] Models loaded. \u001b[90mx0\u001b[39m"]
INFO 2014-12-02T07:55:28.685Z ["[Lighter] Scripts routed to \u001b[36m/sly.js\u001b[39m. \u001b[90mx1\u001b[39m"]
INFO 2014-12-02T07:55:28.685Z ["[Lighter] Styles routed to \u001b[36m/sly.css\u001b[39m. \u001b[90mx1\u001b[39m"]
ERROR 2014-12-02T07:55:28.690Z ["SyntaxError: Unexpected token ;\n    at Module._compile (module.js:439:25)\n    at Object.Module._extensions..js (module.js:474:10)\n    at Module.load (module.js:356:32)\n    at Function.Module._load (module.js:312:12)\n    at Module.require (module.js:364:17)\n    at require (module.js:380:17)\n    at init.module.exports.Waiter.extend.require (/Users/sam/Workspace/chug/lib/asset.js:363:19)\n    at /Users/sam/Workspace/chug/lib/Load.js:467:21\n    at Array.forEach (native)\n    at /Users/sam/Workspace/chug/lib/Load.js:192:21"]
INFO 2014-12-02T07:55:29.430Z ["[Lighter] Models loaded. \u001b[90mx0\u001b[39m"]
INFO 2014-12-02T07:55:29.438Z ["[Lighter] Scripts routed to \u001b[36m/sly.js\u001b[39m. \u001b[90mx1\u001b[39m"]
INFO 2014-12-02T07:55:29.439Z ["[Lighter] Styles routed to \u001b[36m/sly.css\u001b[39m. \u001b[90mx1\u001b[39m"]
ERROR 2014-12-02T07:55:29.444Z ["SyntaxError: Unexpected token ;\n    at Module._compile (module.js:439:25)\n    at Object.Module._extensions..js (module.js:474:10)\n    at Module.load (module.js:356:32)\n    at Function.Module._load (module.js:312:12)\n    at Module.require (module.js:364:17)\n    at require (module.js:380:17)\n    at init.module.exports.Waiter.extend.require (/Users/sam/Workspace/chug/lib/asset.js:363:19)\n    at /Users/sam/Workspace/chug/lib/Load.js:467:21\n    at Array.forEach (native)\n    at /Users/sam/Workspace/chug/lib/Load.js:192:21"]
INFO 2014-12-02T07:55:30.179Z ["[Lighter] Models loaded. \u001b[90mx0\u001b[39m"]
INFO 2014-12-02T07:55:30.187Z ["[Lighter] Scripts routed to \u001b[36m/sly.js\u001b[39m. \u001b[90mx1\u001b[39m"]
INFO 2014-12-02T07:55:30.188Z ["[Lighter] Styles routed to \u001b[36m/sly.css\u001b[39m. \u001b[90mx1\u001b[39m"]
ERROR 2014-12-02T07:55:30.192Z ["SyntaxError: Unexpected token ;\n    at Module._compile (module.js:439:25)\n    at Object.Module._extensions..js (module.js:474:10)\n    at Module.load (module.js:356:32)\n    at Function.Module._load (module.js:312:12)\n    at Module.require (module.js:364:17)\n    at require (module.js:380:17)\n    at init.module.exports.Waiter.extend.require (/Users/sam/Workspace/chug/lib/asset.js:363:19)\n    at /Users/sam/Workspace/chug/lib/Load.js:467:21\n    at Array.forEach (native)\n    at /Users/sam/Workspace/chug/lib/Load.js:192:21"]
INFO 2014-12-02T07:55:30.927Z ["[Lighter] Models loaded. \u001b[90mx0\u001b[39m"]
INFO 2014-12-02T07:55:30.935Z ["[Lighter] Scripts routed to \u001b[36m/sly.js\u001b[39m. \u001b[90mx1\u001b[39m"]
INFO 2014-12-02T07:55:30.936Z ["[Lighter] Styles routed to \u001b[36m/sly.css\u001b[39m. \u001b[90mx1\u001b[39m"]
ERROR 2014-12-02T07:55:30.941Z ["SyntaxError: Unexpected token ;\n    at Module._compile (module.js:439:25)\n    at Object.Module._extensions..js (module.js:474:10)\n    at Module.load (module.js:356:32)\n    at Function.Module._load (module.js:312:12)\n    at Module.require (module.js:364:17)\n    at require (module.js:380:17)\n    at init.module.exports.Waiter.extend.require (/Users/sam/Workspace/chug/lib/asset.js:363:19)\n    at /Users/sam/Workspace/chug/lib/Load.js:467:21\n    at Array.forEach (native)\n    at /Users/sam/Workspace/chug/lib/Load.js:192:21"]
INFO 2014-12-02T07:55:31.682Z ["[Lighter] Models loaded. \u001b[90mx0\u001b[39m"]
INFO 2014-12-02T07:55:31.697Z ["[Lighter] Scripts routed to \u001b[36m/sly.js\u001b[39m. \u001b[90mx1\u001b[39m"]
INFO 2014-12-02T07:55:31.698Z ["[Lighter] Styles routed to \u001b[36m/sly.css\u001b[39m. \u001b[90mx1\u001b[39m"]
ERROR 2014-12-02T07:55:31.703Z ["SyntaxError: Unexpected token ;\n    at Module._compile (module.js:439:25)\n    at Object.Module._extensions..js (module.js:474:10)\n    at Module.load (module.js:356:32)\n    at Function.Module._load (module.js:312:12)\n    at Module.require (module.js:364:17)\n    at require (module.js:380:17)\n    at init.module.exports.Waiter.extend.require (/Users/sam/Workspace/chug/lib/asset.js:363:19)\n    at /Users/sam/Workspace/chug/lib/Load.js:467:21\n    at Array.forEach (native)\n    at /Users/sam/Workspace/chug/lib/Load.js:192:21"]
INFO 2014-12-02T07:55:32.450Z ["[Lighter] Models loaded. \u001b[90mx0\u001b[39m"]
INFO 2014-12-02T07:55:32.459Z ["[Lighter] Scripts routed to \u001b[36m/sly.js\u001b[39m. \u001b[90mx1\u001b[39m"]
INFO 2014-12-02T07:55:32.459Z ["[Lighter] Styles routed to \u001b[36m/sly.css\u001b[39m. \u001b[90mx1\u001b[39m"]
ERROR 2014-12-02T07:55:32.464Z ["SyntaxError: Unexpected token ;\n    at Module._compile (module.js:439:25)\n    at Object.Module._extensions..js (module.js:474:10)\n    at Module.load (module.js:356:32)\n    at Function.Module._load (module.js:312:12)\n    at Module.require (module.js:364:17)\n    at require (module.js:380:17)\n    at init.module.exports.Waiter.extend.require (/Users/sam/Workspace/chug/lib/asset.js:363:19)\n    at /Users/sam/Workspace/chug/lib/Load.js:467:21\n    at Array.forEach (native)\n    at /Users/sam/Workspace/chug/lib/Load.js:192:21"]
INFO 2014-12-02T07:55:33.205Z ["[Lighter] Models loaded. \u001b[90mx0\u001b[39m"]
INFO 2014-12-02T07:55:33.213Z ["[Lighter] Scripts routed to \u001b[36m/sly.js\u001b[39m. \u001b[90mx1\u001b[39m"]
INFO 2014-12-02T07:55:33.213Z ["[Lighter] Styles routed to \u001b[36m/sly.css\u001b[39m. \u001b[90mx1\u001b[39m"]
INFO 2014-12-02T07:55:33.965Z ["[Lighter] Models loaded. \u001b[90mx0\u001b[39m"]
INFO 2014-12-02T07:55:33.973Z ["[Lighter] Scripts routed to \u001b[36m/sly.js\u001b[39m. \u001b[90mx1\u001b[39m"]
INFO 2014-12-02T07:55:33.974Z ["[Lighter] Styles routed to \u001b[36m/sly.css\u001b[39m. \u001b[90mx1\u001b[39m"]
ERROR 2014-12-02T07:55:33.979Z ["SyntaxError: Unexpected token ;\n    at Module._compile (module.js:439:25)\n    at Object.Module._extensions..js (module.js:474:10)\n    at Module.load (module.js:356:32)\n    at Function.Module._load (module.js:312:12)\n    at Module.require (module.js:364:17)\n    at require (module.js:380:17)\n    at init.module.exports.Waiter.extend.require (/Users/sam/Workspace/chug/lib/asset.js:363:19)\n    at /Users/sam/Workspace/chug/lib/Load.js:467:21\n    at Array.forEach (native)\n    at /Users/sam/Workspace/chug/lib/Load.js:192:21"]
INFO 2014-12-02T07:55:34.731Z ["[Lighter] Models loaded. \u001b[90mx0\u001b[39m"]
INFO 2014-12-02T07:55:34.740Z ["[Lighter] Scripts routed to \u001b[36m/sly.js\u001b[39m. \u001b[90mx1\u001b[39m"]
INFO 2014-12-02T07:55:34.741Z ["[Lighter] Styles routed to \u001b[36m/sly.css\u001b[39m. \u001b[90mx1\u001b[39m"]
ERROR 2014-12-02T07:55:34.750Z ["SyntaxError: Unexpected token ;\n    at Module._compile (module.js:439:25)\n    at Object.Module._extensions..js (module.js:474:10)\n    at Module.load (module.js:356:32)\n    at Function.Module._load (module.js:312:12)\n    at Module.require (module.js:364:17)\n    at require (module.js:380:17)\n    at init.module.exports.Waiter.extend.require (/Users/sam/Workspace/chug/lib/asset.js:363:19)\n    at /Users/sam/Workspace/chug/lib/Load.js:467:21\n    at Array.forEach (native)\n    at /Users/sam/Workspace/chug/lib/Load.js:192:21"]
INFO 2014-12-02T07:55:35.487Z ["[Lighter] Models loaded. \u001b[90mx0\u001b[39m"]
INFO 2014-12-02T07:55:35.495Z ["[Lighter] Scripts routed to \u001b[36m/sly.js\u001b[39m. \u001b[90mx1\u001b[39m"]
INFO 2014-12-02T07:55:35.496Z ["[Lighter] Styles routed to \u001b[36m/sly.css\u001b[39m. \u001b[90mx1\u001b[39m"]
ERROR 2014-12-02T07:55:35.500Z ["SyntaxError: Unexpected token ;\n    at Module._compile (module.js:439:25)\n    at Object.Module._extensions..js (module.js:474:10)\n    at Module.load (module.js:356:32)\n    at Function.Module._load (module.js:312:12)\n    at Module.require (module.js:364:17)\n    at require (module.js:380:17)\n    at init.module.exports.Waiter.extend.require (/Users/sam/Workspace/chug/lib/asset.js:363:19)\n    at /Users/sam/Workspace/chug/lib/Load.js:467:21\n    at Array.forEach (native)\n    at /Users/sam/Workspace/chug/lib/Load.js:192:21"]
INFO 2014-12-02T07:55:36.241Z ["[Lighter] Models loaded. \u001b[90mx0\u001b[39m"]
INFO 2014-12-02T07:55:36.249Z ["[Lighter] Scripts routed to \u001b[36m/sly.js\u001b[39m. \u001b[90mx1\u001b[39m"]
INFO 2014-12-02T07:55:36.249Z ["[Lighter] Styles routed to \u001b[36m/sly.css\u001b[39m. \u001b[90mx1\u001b[39m"]
ERROR 2014-12-02T07:55:36.254Z ["SyntaxError: Unexpected token ;\n    at Module._compile (module.js:439:25)\n    at Object.Module._extensions..js (module.js:474:10)\n    at Module.load (module.js:356:32)\n    at Function.Module._load (module.js:312:12)\n    at Module.require (module.js:364:17)\n    at require (module.js:380:17)\n    at init.module.exports.Waiter.extend.require (/Users/sam/Workspace/chug/lib/asset.js:363:19)\n    at /Users/sam/Workspace/chug/lib/Load.js:467:21\n    at Array.forEach (native)\n    at /Users/sam/Workspace/chug/lib/Load.js:192:21"]
INFO 2014-12-02T07:55:36.996Z ["[Lighter] Models loaded. \u001b[90mx0\u001b[39m"]
INFO 2014-12-02T07:55:37.004Z ["[Lighter] Scripts routed to \u001b[36m/sly.js\u001b[39m. \u001b[90mx1\u001b[39m"]
INFO 2014-12-02T07:55:37.004Z ["[Lighter] Styles routed to \u001b[36m/sly.css\u001b[39m. \u001b[90mx1\u001b[39m"]
ERROR 2014-12-02T07:55:37.009Z ["SyntaxError: Unexpected token ;\n    at Module._compile (module.js:439:25)\n    at Object.Module._extensions..js (module.js:474:10)\n    at Module.load (module.js:356:32)\n    at Function.Module._load (module.js:312:12)\n    at Module.require (module.js:364:17)\n    at require (module.js:380:17)\n    at init.module.exports.Waiter.extend.require (/Users/sam/Workspace/chug/lib/asset.js:363:19)\n    at /Users/sam/Workspace/chug/lib/Load.js:467:21\n    at Array.forEach (native)\n    at /Users/sam/Workspace/chug/lib/Load.js:192:21"]
INFO 2014-12-02T07:55:37.759Z ["[Lighter] Models loaded. \u001b[90mx0\u001b[39m"]
INFO 2014-12-02T07:55:37.767Z ["[Lighter] Scripts routed to \u001b[36m/sly.js\u001b[39m. \u001b[90mx1\u001b[39m"]
INFO 2014-12-02T07:55:37.767Z ["[Lighter] Styles routed to \u001b[36m/sly.css\u001b[39m. \u001b[90mx1\u001b[39m"]
ERROR 2014-12-02T07:55:37.773Z ["SyntaxError: Unexpected token ;\n    at Module._compile (module.js:439:25)\n    at Object.Module._extensions..js (module.js:474:10)\n    at Module.load (module.js:356:32)\n    at Function.Module._load (module.js:312:12)\n    at Module.require (module.js:364:17)\n    at require (module.js:380:17)\n    at init.module.exports.Waiter.extend.require (/Users/sam/Workspace/chug/lib/asset.js:363:19)\n    at /Users/sam/Workspace/chug/lib/Load.js:467:21\n    at Array.forEach (native)\n    at /Users/sam/Workspace/chug/lib/Load.js:192:21"]
INFO 2014-12-02T07:55:38.514Z ["[Lighter] Models loaded. \u001b[90mx0\u001b[39m"]
INFO 2014-12-02T07:55:38.523Z ["[Lighter] Scripts routed to \u001b[36m/sly.js\u001b[39m. \u001b[90mx1\u001b[39m"]
INFO 2014-12-02T07:55:38.524Z ["[Lighter] Styles routed to \u001b[36m/sly.css\u001b[39m. \u001b[90mx1\u001b[39m"]
ERROR 2014-12-02T07:55:38.530Z ["SyntaxError: Unexpected token ;\n    at Module._compile (module.js:439:25)\n    at Object.Module._extensions..js (module.js:474:10)\n    at Module.load (module.js:356:32)\n    at Function.Module._load (module.js:312:12)\n    at Module.require (module.js:364:17)\n    at require (module.js:380:17)\n    at init.module.exports.Waiter.extend.require (/Users/sam/Workspace/chug/lib/asset.js:363:19)\n    at /Users/sam/Workspace/chug/lib/Load.js:467:21\n    at Array.forEach (native)\n    at /Users/sam/Workspace/chug/lib/Load.js:192:21"]
INFO 2014-12-02T07:55:39.281Z ["[Lighter] Models loaded. \u001b[90mx0\u001b[39m"]
INFO 2014-12-02T07:55:39.292Z ["[Lighter] Scripts routed to \u001b[36m/sly.js\u001b[39m. \u001b[90mx1\u001b[39m"]
INFO 2014-12-02T07:55:39.292Z ["[Lighter] Styles routed to \u001b[36m/sly.css\u001b[39m. \u001b[90mx1\u001b[39m"]
ERROR 2014-12-02T07:55:39.298Z ["SyntaxError: Unexpected token ;\n    at Module._compile (module.js:439:25)\n    at Object.Module._extensions..js (module.js:474:10)\n    at Module.load (module.js:356:32)\n    at Function.Module._load (module.js:312:12)\n    at Module.require (module.js:364:17)\n    at require (module.js:380:17)\n    at init.module.exports.Waiter.extend.require (/Users/sam/Workspace/chug/lib/asset.js:363:19)\n    at /Users/sam/Workspace/chug/lib/Load.js:467:21\n    at Array.forEach (native)\n    at /Users/sam/Workspace/chug/lib/Load.js:192:21"]
INFO 2014-12-02T07:55:40.040Z ["[Lighter] Models loaded. \u001b[90mx0\u001b[39m"]
INFO 2014-12-02T07:55:40.048Z ["[Lighter] Scripts routed to \u001b[36m/sly.js\u001b[39m. \u001b[90mx1\u001b[39m"]
INFO 2014-12-02T07:55:40.048Z ["[Lighter] Styles routed to \u001b[36m/sly.css\u001b[39m. \u001b[90mx1\u001b[39m"]
ERROR 2014-12-02T07:55:40.053Z ["SyntaxError: Unexpected token ;\n    at Module._compile (module.js:439:25)\n    at Object.Module._extensions..js (module.js:474:10)\n    at Module.load (module.js:356:32)\n    at Function.Module._load (module.js:312:12)\n    at Module.require (module.js:364:17)\n    at require (module.js:380:17)\n    at init.module.exports.Waiter.extend.require (/Users/sam/Workspace/chug/lib/asset.js:363:19)\n    at /Users/sam/Workspace/chug/lib/Load.js:467:21\n    at Array.forEach (native)\n    at /Users/sam/Workspace/chug/lib/Load.js:192:21"]
INFO 2014-12-02T07:55:40.801Z ["[Lighter] Models loaded. \u001b[90mx0\u001b[39m"]
INFO 2014-12-02T07:55:40.812Z ["[Lighter] Scripts routed to \u001b[36m/sly.js\u001b[39m. \u001b[90mx1\u001b[39m"]
INFO 2014-12-02T07:55:40.812Z ["[Lighter] Styles routed to \u001b[36m/sly.css\u001b[39m. \u001b[90mx1\u001b[39m"]
INFO 2014-12-02T07:55:41.563Z ["[Lighter] Models loaded. \u001b[90mx0\u001b[39m"]
INFO 2014-12-02T07:55:41.570Z ["[Lighter] Scripts routed to \u001b[36m/sly.js\u001b[39m. \u001b[90mx1\u001b[39m"]
INFO 2014-12-02T07:55:41.571Z ["[Lighter] Styles routed to \u001b[36m/sly.css\u001b[39m. \u001b[90mx1\u001b[39m"]
ERROR 2014-12-02T07:55:41.576Z ["SyntaxError: Unexpected token ;\n    at Module._compile (module.js:439:25)\n    at Object.Module._extensions..js (module.js:474:10)\n    at Module.load (module.js:356:32)\n    at Function.Module._load (module.js:312:12)\n    at Module.require (module.js:364:17)\n    at require (module.js:380:17)\n    at init.module.exports.Waiter.extend.require (/Users/sam/Workspace/chug/lib/asset.js:363:19)\n    at /Users/sam/Workspace/chug/lib/Load.js:467:21\n    at Array.forEach (native)\n    at /Users/sam/Workspace/chug/lib/Load.js:192:21"]
INFO 2014-12-02T07:55:42.315Z ["[Lighter] Models loaded. \u001b[90mx0\u001b[39m"]
INFO 2014-12-02T07:55:42.323Z ["[Lighter] Scripts routed to \u001b[36m/sly.js\u001b[39m. \u001b[90mx1\u001b[39m"]
INFO 2014-12-02T07:55:42.323Z ["[Lighter] Styles routed to \u001b[36m/sly.css\u001b[39m. \u001b[90mx1\u001b[39m"]
ERROR 2014-12-02T07:55:42.328Z ["SyntaxError: Unexpected token ;\n    at Module._compile (module.js:439:25)\n    at Object.Module._extensions..js (module.js:474:10)\n    at Module.load (module.js:356:32)\n    at Function.Module._load (module.js:312:12)\n    at Module.require (module.js:364:17)\n    at require (module.js:380:17)\n    at init.module.exports.Waiter.extend.require (/Users/sam/Workspace/chug/lib/asset.js:363:19)\n    at /Users/sam/Workspace/chug/lib/Load.js:467:21\n    at Array.forEach (native)\n    at /Users/sam/Workspace/chug/lib/Load.js:192:21"]
INFO 2014-12-02T07:55:43.077Z ["[Lighter] Models loaded. \u001b[90mx0\u001b[39m"]
INFO 2014-12-02T07:55:43.085Z ["[Lighter] Scripts routed to \u001b[36m/sly.js\u001b[39m. \u001b[90mx1\u001b[39m"]
INFO 2014-12-02T07:55:43.085Z ["[Lighter] Styles routed to \u001b[36m/sly.css\u001b[39m. \u001b[90mx1\u001b[39m"]
ERROR 2014-12-02T07:55:43.090Z ["SyntaxError: Unexpected token ;\n    at Module._compile (module.js:439:25)\n    at Object.Module._extensions..js (module.js:474:10)\n    at Module.load (module.js:356:32)\n    at Function.Module._load (module.js:312:12)\n    at Module.require (module.js:364:17)\n    at require (module.js:380:17)\n    at init.module.exports.Waiter.extend.require (/Users/sam/Workspace/chug/lib/asset.js:363:19)\n    at /Users/sam/Workspace/chug/lib/Load.js:467:21\n    at Array.forEach (native)\n    at /Users/sam/Workspace/chug/lib/Load.js:192:21"]
INFO 2014-12-02T07:55:43.828Z ["[Lighter] Models loaded. \u001b[90mx0\u001b[39m"]
INFO 2014-12-02T07:55:43.835Z ["[Lighter] Scripts routed to \u001b[36m/sly.js\u001b[39m. \u001b[90mx1\u001b[39m"]
INFO 2014-12-02T07:55:43.836Z ["[Lighter] Styles routed to \u001b[36m/sly.css\u001b[39m. \u001b[90mx1\u001b[39m"]
ERROR 2014-12-02T07:55:43.841Z ["SyntaxError: Unexpected token ;\n    at Module._compile (module.js:439:25)\n    at Object.Module._extensions..js (module.js:474:10)\n    at Module.load (module.js:356:32)\n    at Function.Module._load (module.js:312:12)\n    at Module.require (module.js:364:17)\n    at require (module.js:380:17)\n    at init.module.exports.Waiter.extend.require (/Users/sam/Workspace/chug/lib/asset.js:363:19)\n    at /Users/sam/Workspace/chug/lib/Load.js:467:21\n    at Array.forEach (native)\n    at /Users/sam/Workspace/chug/lib/Load.js:192:21"]
INFO 2014-12-02T07:55:44.590Z ["[Lighter] Models loaded. \u001b[90mx0\u001b[39m"]
INFO 2014-12-02T07:55:44.600Z ["[Lighter] Scripts routed to \u001b[36m/sly.js\u001b[39m. \u001b[90mx1\u001b[39m"]
INFO 2014-12-02T07:55:44.601Z ["[Lighter] Styles routed to \u001b[36m/sly.css\u001b[39m. \u001b[90mx1\u001b[39m"]
ERROR 2014-12-02T07:55:44.607Z ["SyntaxError: Unexpected token ;\n    at Module._compile (module.js:439:25)\n    at Object.Module._extensions..js (module.js:474:10)\n    at Module.load (module.js:356:32)\n    at Function.Module._load (module.js:312:12)\n    at Module.require (module.js:364:17)\n    at require (module.js:380:17)\n    at init.module.exports.Waiter.extend.require (/Users/sam/Workspace/chug/lib/asset.js:363:19)\n    at /Users/sam/Workspace/chug/lib/Load.js:467:21\n    at Array.forEach (native)\n    at /Users/sam/Workspace/chug/lib/Load.js:192:21"]
INFO 2014-12-02T07:55:45.359Z ["[Lighter] Models loaded. \u001b[90mx0\u001b[39m"]
INFO 2014-12-02T07:55:45.371Z ["[Lighter] Scripts routed to \u001b[36m/sly.js\u001b[39m. \u001b[90mx1\u001b[39m"]
INFO 2014-12-02T07:55:45.372Z ["[Lighter] Styles routed to \u001b[36m/sly.css\u001b[39m. \u001b[90mx1\u001b[39m"]
ERROR 2014-12-02T07:55:45.377Z ["SyntaxError: Unexpected token ;\n    at Module._compile (module.js:439:25)\n    at Object.Module._extensions..js (module.js:474:10)\n    at Module.load (module.js:356:32)\n    at Function.Module._load (module.js:312:12)\n    at Module.require (module.js:364:17)\n    at require (module.js:380:17)\n    at init.module.exports.Waiter.extend.require (/Users/sam/Workspace/chug/lib/asset.js:363:19)\n    at /Users/sam/Workspace/chug/lib/Load.js:467:21\n    at Array.forEach (native)\n    at /Users/sam/Workspace/chug/lib/Load.js:192:21"]
INFO 2014-12-02T07:55:46.130Z ["[Lighter] Models loaded. \u001b[90mx0\u001b[39m"]
INFO 2014-12-02T07:55:46.139Z ["[Lighter] Scripts routed to \u001b[36m/sly.js\u001b[39m. \u001b[90mx1\u001b[39m"]
INFO 2014-12-02T07:55:46.139Z ["[Lighter] Styles routed to \u001b[36m/sly.css\u001b[39m. \u001b[90mx1\u001b[39m"]
ERROR 2014-12-02T07:55:46.144Z ["SyntaxError: Unexpected token ;\n    at Module._compile (module.js:439:25)\n    at Object.Module._extensions..js (module.js:474:10)\n    at Module.load (module.js:356:32)\n    at Function.Module._load (module.js:312:12)\n    at Module.require (module.js:364:17)\n    at require (module.js:380:17)\n    at init.module.exports.Waiter.extend.require (/Users/sam/Workspace/chug/lib/asset.js:363:19)\n    at /Users/sam/Workspace/chug/lib/Load.js:467:21\n    at Array.forEach (native)\n    at /Users/sam/Workspace/chug/lib/Load.js:192:21"]
INFO 2014-12-02T07:55:46.894Z ["[Lighter] Models loaded. \u001b[90mx0\u001b[39m"]
INFO 2014-12-02T07:55:46.901Z ["[Lighter] Scripts routed to \u001b[36m/sly.js\u001b[39m. \u001b[90mx1\u001b[39m"]
INFO 2014-12-02T07:55:46.902Z ["[Lighter] Styles routed to \u001b[36m/sly.css\u001b[39m. \u001b[90mx1\u001b[39m"]
ERROR 2014-12-02T07:55:46.907Z ["SyntaxError: Unexpected token ;\n    at Module._compile (module.js:439:25)\n    at Object.Module._extensions..js (module.js:474:10)\n    at Module.load (module.js:356:32)\n    at Function.Module._load (module.js:312:12)\n    at Module.require (module.js:364:17)\n    at require (module.js:380:17)\n    at init.module.exports.Waiter.extend.require (/Users/sam/Workspace/chug/lib/asset.js:363:19)\n    at /Users/sam/Workspace/chug/lib/Load.js:467:21\n    at Array.forEach (native)\n    at /Users/sam/Workspace/chug/lib/Load.js:192:21"]
INFO 2014-12-02T07:55:47.666Z ["[Lighter] Models loaded. \u001b[90mx0\u001b[39m"]
INFO 2014-12-02T07:55:47.674Z ["[Lighter] Scripts routed to \u001b[36m/sly.js\u001b[39m. \u001b[90mx1\u001b[39m"]
INFO 2014-12-02T07:55:47.675Z ["[Lighter] Styles routed to \u001b[36m/sly.css\u001b[39m. \u001b[90mx1\u001b[39m"]
ERROR 2014-12-02T07:55:47.679Z ["SyntaxError: Unexpected token ;\n    at Module._compile (module.js:439:25)\n    at Object.Module._extensions..js (module.js:474:10)\n    at Module.load (module.js:356:32)\n    at Function.Module._load (module.js:312:12)\n    at Module.require (module.js:364:17)\n    at require (module.js:380:17)\n    at init.module.exports.Waiter.extend.require (/Users/sam/Workspace/chug/lib/asset.js:363:19)\n    at /Users/sam/Workspace/chug/lib/Load.js:467:21\n    at Array.forEach (native)\n    at /Users/sam/Workspace/chug/lib/Load.js:192:21"]
INFO 2014-12-02T07:55:48.434Z ["[Lighter] Models loaded. \u001b[90mx0\u001b[39m"]
INFO 2014-12-02T07:55:48.443Z ["[Lighter] Scripts routed to \u001b[36m/sly.js\u001b[39m. \u001b[90mx1\u001b[39m"]
INFO 2014-12-02T07:55:48.444Z ["[Lighter] Styles routed to \u001b[36m/sly.css\u001b[39m. \u001b[90mx1\u001b[39m"]
ERROR 2014-12-02T07:55:48.449Z ["SyntaxError: Unexpected token ;\n    at Module._compile (module.js:439:25)\n    at Object.Module._extensions..js (module.js:474:10)\n    at Module.load (module.js:356:32)\n    at Function.Module._load (module.js:312:12)\n    at Module.require (module.js:364:17)\n    at require (module.js:380:17)\n    at init.module.exports.Waiter.extend.require (/Users/sam/Workspace/chug/lib/asset.js:363:19)\n    at /Users/sam/Workspace/chug/lib/Load.js:467:21\n    at Array.forEach (native)\n    at /Users/sam/Workspace/chug/lib/Load.js:192:21"]
INFO 2014-12-02T07:55:49.208Z ["[Lighter] Models loaded. \u001b[90mx0\u001b[39m"]
INFO 2014-12-02T07:55:49.216Z ["[Lighter] Scripts routed to \u001b[36m/sly.js\u001b[39m. \u001b[90mx1\u001b[39m"]
INFO 2014-12-02T07:55:49.216Z ["[Lighter] Styles routed to \u001b[36m/sly.css\u001b[39m. \u001b[90mx1\u001b[39m"]
ERROR 2014-12-02T07:55:49.222Z ["SyntaxError: Unexpected token ;\n    at Module._compile (module.js:439:25)\n    at Object.Module._extensions..js (module.js:474:10)\n    at Module.load (module.js:356:32)\n    at Function.Module._load (module.js:312:12)\n    at Module.require (module.js:364:17)\n    at require (module.js:380:17)\n    at init.module.exports.Waiter.extend.require (/Users/sam/Workspace/chug/lib/asset.js:363:19)\n    at /Users/sam/Workspace/chug/lib/Load.js:467:21\n    at Array.forEach (native)\n    at /Users/sam/Workspace/chug/lib/Load.js:192:21"]
INFO 2014-12-02T07:55:49.976Z ["[Lighter] Models loaded. \u001b[90mx0\u001b[39m"]
INFO 2014-12-02T07:55:49.984Z ["[Lighter] Scripts routed to \u001b[36m/sly.js\u001b[39m. \u001b[90mx1\u001b[39m"]
INFO 2014-12-02T07:55:49.985Z ["[Lighter] Styles routed to \u001b[36m/sly.css\u001b[39m. \u001b[90mx1\u001b[39m"]
ERROR 2014-12-02T07:55:49.990Z ["SyntaxError: Unexpected token ;\n    at Module._compile (module.js:439:25)\n    at Object.Module._extensions..js (module.js:474:10)\n    at Module.load (module.js:356:32)\n    at Function.Module._load (module.js:312:12)\n    at Module.require (module.js:364:17)\n    at require (module.js:380:17)\n    at init.module.exports.Waiter.extend.require (/Users/sam/Workspace/chug/lib/asset.js:363:19)\n    at /Users/sam/Workspace/chug/lib/Load.js:467:21\n    at Array.forEach (native)\n    at /Users/sam/Workspace/chug/lib/Load.js:192:21"]
INFO 2014-12-02T07:55:50.743Z ["[Lighter] Models loaded. \u001b[90mx0\u001b[39m"]
INFO 2014-12-02T07:55:50.750Z ["[Lighter] Scripts routed to \u001b[36m/sly.js\u001b[39m. \u001b[90mx1\u001b[39m"]
INFO 2014-12-02T07:55:50.751Z ["[Lighter] Styles routed to \u001b[36m/sly.css\u001b[39m. \u001b[90mx1\u001b[39m"]
ERROR 2014-12-02T07:55:50.755Z ["SyntaxError: Unexpected token ;\n    at Module._compile (module.js:439:25)\n    at Object.Module._extensions..js (module.js:474:10)\n    at Module.load (module.js:356:32)\n    at Function.Module._load (module.js:312:12)\n    at Module.require (module.js:364:17)\n    at require (module.js:380:17)\n    at init.module.exports.Waiter.extend.require (/Users/sam/Workspace/chug/lib/asset.js:363:19)\n    at /Users/sam/Workspace/chug/lib/Load.js:467:21\n    at Array.forEach (native)\n    at /Users/sam/Workspace/chug/lib/Load.js:192:21"]
INFO 2014-12-02T07:55:51.503Z ["[Lighter] Models loaded. \u001b[90mx0\u001b[39m"]
INFO 2014-12-02T07:55:51.511Z ["[Lighter] Scripts routed to \u001b[36m/sly.js\u001b[39m. \u001b[90mx1\u001b[39m"]
INFO 2014-12-02T07:55:51.511Z ["[Lighter] Styles routed to \u001b[36m/sly.css\u001b[39m. \u001b[90mx1\u001b[39m"]
ERROR 2014-12-02T07:55:51.516Z ["SyntaxError: Unexpected token ;\n    at Module._compile (module.js:439:25)\n    at Object.Module._extensions..js (module.js:474:10)\n    at Module.load (module.js:356:32)\n    at Function.Module._load (module.js:312:12)\n    at Module.require (module.js:364:17)\n    at require (module.js:380:17)\n    at init.module.exports.Waiter.extend.require (/Users/sam/Workspace/chug/lib/asset.js:363:19)\n    at /Users/sam/Workspace/chug/lib/Load.js:467:21\n    at Array.forEach (native)\n    at /Users/sam/Workspace/chug/lib/Load.js:192:21"]
INFO 2014-12-02T07:55:52.274Z ["[Lighter] Models loaded. \u001b[90mx0\u001b[39m"]
INFO 2014-12-02T07:55:52.284Z ["[Lighter] Scripts routed to \u001b[36m/sly.js\u001b[39m. \u001b[90mx1\u001b[39m"]
INFO 2014-12-02T07:55:52.285Z ["[Lighter] Styles routed to \u001b[36m/sly.css\u001b[39m. \u001b[90mx1\u001b[39m"]
ERROR 2014-12-02T07:55:52.291Z ["SyntaxError: Unexpected token ;\n    at Module._compile (module.js:439:25)\n    at Object.Module._extensions..js (module.js:474:10)\n    at Module.load (module.js:356:32)\n    at Function.Module._load (module.js:312:12)\n    at Module.require (module.js:364:17)\n    at require (module.js:380:17)\n    at init.module.exports.Waiter.extend.require (/Users/sam/Workspace/chug/lib/asset.js:363:19)\n    at /Users/sam/Workspace/chug/lib/Load.js:467:21\n    at Array.forEach (native)\n    at /Users/sam/Workspace/chug/lib/Load.js:192:21"]
INFO 2014-12-02T07:55:53.041Z ["[Lighter] Models loaded. \u001b[90mx0\u001b[39m"]
INFO 2014-12-02T07:55:53.051Z ["[Lighter] Scripts routed to \u001b[36m/sly.js\u001b[39m. \u001b[90mx1\u001b[39m"]
INFO 2014-12-02T07:55:53.051Z ["[Lighter] Styles routed to \u001b[36m/sly.css\u001b[39m. \u001b[90mx1\u001b[39m"]
ERROR 2014-12-02T07:55:53.057Z ["SyntaxError: Unexpected token ;\n    at Module._compile (module.js:439:25)\n    at Object.Module._extensions..js (module.js:474:10)\n    at Module.load (module.js:356:32)\n    at Function.Module._load (module.js:312:12)\n    at Module.require (module.js:364:17)\n    at require (module.js:380:17)\n    at init.module.exports.Waiter.extend.require (/Users/sam/Workspace/chug/lib/asset.js:363:19)\n    at /Users/sam/Workspace/chug/lib/Load.js:467:21\n    at Array.forEach (native)\n    at /Users/sam/Workspace/chug/lib/Load.js:192:21"]
INFO 2014-12-02T07:55:53.813Z ["[Lighter] Models loaded. \u001b[90mx0\u001b[39m"]
INFO 2014-12-02T07:55:53.820Z ["[Lighter] Scripts routed to \u001b[36m/sly.js\u001b[39m. \u001b[90mx1\u001b[39m"]
INFO 2014-12-02T07:55:53.821Z ["[Lighter] Styles routed to \u001b[36m/sly.css\u001b[39m. \u001b[90mx1\u001b[39m"]
ERROR 2014-12-02T07:55:53.826Z ["SyntaxError: Unexpected token ;\n    at Module._compile (module.js:439:25)\n    at Object.Module._extensions..js (module.js:474:10)\n    at Module.load (module.js:356:32)\n    at Function.Module._load (module.js:312:12)\n    at Module.require (module.js:364:17)\n    at require (module.js:380:17)\n    at init.module.exports.Waiter.extend.require (/Users/sam/Workspace/chug/lib/asset.js:363:19)\n    at /Users/sam/Workspace/chug/lib/Load.js:467:21\n    at Array.forEach (native)\n    at /Users/sam/Workspace/chug/lib/Load.js:192:21"]
INFO 2014-12-02T07:55:54.590Z ["[Lighter] Models loaded. \u001b[90mx0\u001b[39m"]
INFO 2014-12-02T07:55:54.598Z ["[Lighter] Scripts routed to \u001b[36m/sly.js\u001b[39m. \u001b[90mx1\u001b[39m"]
INFO 2014-12-02T07:55:54.599Z ["[Lighter] Styles routed to \u001b[36m/sly.css\u001b[39m. \u001b[90mx1\u001b[39m"]
ERROR 2014-12-02T07:55:54.603Z ["SyntaxError: Unexpected token ;\n    at Module._compile (module.js:439:25)\n    at Object.Module._extensions..js (module.js:474:10)\n    at Module.load (module.js:356:32)\n    at Function.Module._load (module.js:312:12)\n    at Module.require (module.js:364:17)\n    at require (module.js:380:17)\n    at init.module.exports.Waiter.extend.require (/Users/sam/Workspace/chug/lib/asset.js:363:19)\n    at /Users/sam/Workspace/chug/lib/Load.js:467:21\n    at Array.forEach (native)\n    at /Users/sam/Workspace/chug/lib/Load.js:192:21"]
INFO 2014-12-02T07:55:55.368Z ["[Lighter] Models loaded. \u001b[90mx0\u001b[39m"]
INFO 2014-12-02T07:55:55.380Z ["[Lighter] Scripts routed to \u001b[36m/sly.js\u001b[39m. \u001b[90mx1\u001b[39m"]
INFO 2014-12-02T07:55:55.381Z ["[Lighter] Styles routed to \u001b[36m/sly.css\u001b[39m. \u001b[90mx1\u001b[39m"]
ERROR 2014-12-02T07:55:55.387Z ["SyntaxError: Unexpected token ;\n    at Module._compile (module.js:439:25)\n    at Object.Module._extensions..js (module.js:474:10)\n    at Module.load (module.js:356:32)\n    at Function.Module._load (module.js:312:12)\n    at Module.require (module.js:364:17)\n    at require (module.js:380:17)\n    at init.module.exports.Waiter.extend.require (/Users/sam/Workspace/chug/lib/asset.js:363:19)\n    at /Users/sam/Workspace/chug/lib/Load.js:467:21\n    at Array.forEach (native)\n    at /Users/sam/Workspace/chug/lib/Load.js:192:21"]
INFO 2014-12-02T07:55:56.144Z ["[Lighter] Models loaded. \u001b[90mx0\u001b[39m"]
INFO 2014-12-02T07:55:56.153Z ["[Lighter] Scripts routed to \u001b[36m/sly.js\u001b[39m. \u001b[90mx1\u001b[39m"]
INFO 2014-12-02T07:55:56.153Z ["[Lighter] Styles routed to \u001b[36m/sly.css\u001b[39m. \u001b[90mx1\u001b[39m"]
ERROR 2014-12-02T07:55:56.158Z ["SyntaxError: Unexpected token ;\n    at Module._compile (module.js:439:25)\n    at Object.Module._extensions..js (module.js:474:10)\n    at Module.load (module.js:356:32)\n    at Function.Module._load (module.js:312:12)\n    at Module.require (module.js:364:17)\n    at require (module.js:380:17)\n    at init.module.exports.Waiter.extend.require (/Users/sam/Workspace/chug/lib/asset.js:363:19)\n    at /Users/sam/Workspace/chug/lib/Load.js:467:21\n    at Array.forEach (native)\n    at /Users/sam/Workspace/chug/lib/Load.js:192:21"]
INFO 2014-12-02T07:55:56.921Z ["[Lighter] Models loaded. \u001b[90mx0\u001b[39m"]
INFO 2014-12-02T07:55:56.929Z ["[Lighter] Scripts routed to \u001b[36m/sly.js\u001b[39m. \u001b[90mx1\u001b[39m"]
INFO 2014-12-02T07:55:56.929Z ["[Lighter] Styles routed to \u001b[36m/sly.css\u001b[39m. \u001b[90mx1\u001b[39m"]
ERROR 2014-12-02T07:55:56.934Z ["SyntaxError: Unexpected token ;\n    at Module._compile (module.js:439:25)\n    at Object.Module._extensions..js (module.js:474:10)\n    at Module.load (module.js:356:32)\n    at Function.Module._load (module.js:312:12)\n    at Module.require (module.js:364:17)\n    at require (module.js:380:17)\n    at init.module.exports.Waiter.extend.require (/Users/sam/Workspace/chug/lib/asset.js:363:19)\n    at /Users/sam/Workspace/chug/lib/Load.js:467:21\n    at Array.forEach (native)\n    at /Users/sam/Workspace/chug/lib/Load.js:192:21"]
INFO 2014-12-02T07:55:57.685Z ["[Lighter] Models loaded. \u001b[90mx0\u001b[39m"]
INFO 2014-12-02T07:55:57.694Z ["[Lighter] Scripts routed to \u001b[36m/sly.js\u001b[39m. \u001b[90mx1\u001b[39m"]
INFO 2014-12-02T07:55:57.695Z ["[Lighter] Styles routed to \u001b[36m/sly.css\u001b[39m. \u001b[90mx1\u001b[39m"]
ERROR 2014-12-02T07:55:57.701Z ["SyntaxError: Unexpected token ;\n    at Module._compile (module.js:439:25)\n    at Object.Module._extensions..js (module.js:474:10)\n    at Module.load (module.js:356:32)\n    at Function.Module._load (module.js:312:12)\n    at Module.require (module.js:364:17)\n    at require (module.js:380:17)\n    at init.module.exports.Waiter.extend.require (/Users/sam/Workspace/chug/lib/asset.js:363:19)\n    at /Users/sam/Workspace/chug/lib/Load.js:467:21\n    at Array.forEach (native)\n    at /Users/sam/Workspace/chug/lib/Load.js:192:21"]
INFO 2014-12-02T07:55:58.458Z ["[Lighter] Models loaded. \u001b[90mx0\u001b[39m"]
INFO 2014-12-02T07:55:58.467Z ["[Lighter] Scripts routed to \u001b[36m/sly.js\u001b[39m. \u001b[90mx1\u001b[39m"]
INFO 2014-12-02T07:55:58.468Z ["[Lighter] Styles routed to \u001b[36m/sly.css\u001b[39m. \u001b[90mx1\u001b[39m"]
ERROR 2014-12-02T07:55:58.473Z ["SyntaxError: Unexpected token ;\n    at Module._compile (module.js:439:25)\n    at Object.Module._extensions..js (module.js:474:10)\n    at Module.load (module.js:356:32)\n    at Function.Module._load (module.js:312:12)\n    at Module.require (module.js:364:17)\n    at require (module.js:380:17)\n    at init.module.exports.Waiter.extend.require (/Users/sam/Workspace/chug/lib/asset.js:363:19)\n    at /Users/sam/Workspace/chug/lib/Load.js:467:21\n    at Array.forEach (native)\n    at /Users/sam/Workspace/chug/lib/Load.js:192:21"]
INFO 2014-12-02T07:55:59.240Z ["[Lighter] Models loaded. \u001b[90mx0\u001b[39m"]
INFO 2014-12-02T07:55:59.249Z ["[Lighter] Scripts routed to \u001b[36m/sly.js\u001b[39m. \u001b[90mx1\u001b[39m"]
INFO 2014-12-02T07:55:59.250Z ["[Lighter] Styles routed to \u001b[36m/sly.css\u001b[39m. \u001b[90mx1\u001b[39m"]
ERROR 2014-12-02T07:55:59.255Z ["SyntaxError: Unexpected token ;\n    at Module._compile (module.js:439:25)\n    at Object.Module._extensions..js (module.js:474:10)\n    at Module.load (module.js:356:32)\n    at Function.Module._load (module.js:312:12)\n    at Module.require (module.js:364:17)\n    at require (module.js:380:17)\n    at init.module.exports.Waiter.extend.require (/Users/sam/Workspace/chug/lib/asset.js:363:19)\n    at /Users/sam/Workspace/chug/lib/Load.js:467:21\n    at Array.forEach (native)\n    at /Users/sam/Workspace/chug/lib/Load.js:192:21"]
