WARN 2014-12-02T16:49:39.881Z ["[Lighter] Change: \u001b[36m~/Workspace/chug/test/watch\u001b[39m."]
INFO 2014-12-02T16:49:40.689Z ["[Lighter] Models loaded. \u001b[90mx0\u001b[39m"]
INFO 2014-12-02T16:49:40.702Z ["[Lighter] Scripts routed to \u001b[36m/sly.js\u001b[39m. \u001b[90mx1\u001b[39m"]
INFO 2014-12-02T16:49:40.702Z ["[Lighter] Styles routed to \u001b[36m/sly.css\u001b[39m. \u001b[90mx1\u001b[39m"]
INFO 2014-12-02T16:49:40.706Z ["[Lighter] Controllers loaded. \u001b[90mx2\u001b[39m"]
INFO 2014-12-02T16:49:40.722Z ["[Lighter] Scripts routed to \u001b[36m/a.js\u001b[39m. \u001b[90mx1\u001b[39m"]
INFO 2014-12-02T16:49:40.724Z ["[Lighter] Styles routed to \u001b[36m/a.css\u001b[39m. \u001b[90mx1\u001b[39m"]
INFO 2014-12-02T16:49:41.741Z ["[Lighter] Views loaded. \u001b[90mx30\u001b[39m"]
INFO 2014-12-02T16:49:42.901Z ["[Lighter] Publics loaded. \u001b[90mx48\u001b[39m"]
WARN 2014-12-02T16:49:42.906Z ["[Lighter] Change: \u001b[36m~/Workspace/chug/test/views/DELETE_ME.ltl\u001b[39m."]
INFO 2014-12-02T16:49:43.673Z ["[Lighter] Models loaded. \u001b[90mx0\u001b[39m"]
INFO 2014-12-02T16:49:43.681Z ["[Lighter] Scripts routed to \u001b[36m/sly.js\u001b[39m. \u001b[90mx1\u001b[39m"]
INFO 2014-12-02T16:49:43.682Z ["[Lighter] Styles routed to \u001b[36m/sly.css\u001b[39m. \u001b[90mx1\u001b[39m"]
INFO 2014-12-02T16:49:43.684Z ["[Lighter] Controllers loaded. \u001b[90mx2\u001b[39m"]
INFO 2014-12-02T16:49:43.697Z ["[Lighter] Scripts routed to \u001b[36m/a.js\u001b[39m. \u001b[90mx1\u001b[39m"]
INFO 2014-12-02T16:49:43.698Z ["[Lighter] Styles routed to \u001b[36m/a.css\u001b[39m. \u001b[90mx1\u001b[39m"]
INFO 2014-12-02T16:49:44.731Z ["[Lighter] Views loaded. \u001b[90mx30\u001b[39m"]
INFO 2014-12-02T16:49:45.797Z ["[Lighter] Publics loaded. \u001b[90mx48\u001b[39m"]
WARN 2014-12-02T16:49:45.804Z ["[Lighter] Change: \u001b[36m~/Workspace/chug/test/watch\u001b[39m."]
INFO 2014-12-02T16:49:46.562Z ["[Lighter] Models loaded. \u001b[90mx0\u001b[39m"]
INFO 2014-12-02T16:49:46.571Z ["[Lighter] Scripts routed to \u001b[36m/sly.js\u001b[39m. \u001b[90mx1\u001b[39m"]
INFO 2014-12-02T16:49:46.571Z ["[Lighter] Styles routed to \u001b[36m/sly.css\u001b[39m. \u001b[90mx1\u001b[39m"]
INFO 2014-12-02T16:49:46.575Z ["[Lighter] Controllers loaded. \u001b[90mx2\u001b[39m"]
INFO 2014-12-02T16:49:46.591Z ["[Lighter] Scripts routed to \u001b[36m/a.js\u001b[39m. \u001b[90mx1\u001b[39m"]
INFO 2014-12-02T16:49:46.593Z ["[Lighter] Styles routed to \u001b[36m/a.css\u001b[39m. \u001b[90mx1\u001b[39m"]
INFO 2014-12-02T16:49:48.562Z ["[Lighter] Views loaded. \u001b[90mx30\u001b[39m"]
INFO 2014-12-02T16:49:48.628Z ["[Lighter] Publics loaded. \u001b[90mx48\u001b[39m"]
INFO 2014-12-02T16:49:48.643Z ["[D6] Views routed to \u001b[36m/d6.js\u001b[39m."]
