INFO 2014-12-02T06:10:00.364Z ["[Lighter] Models loaded. \u001b[90mx0\u001b[39m"]
INFO 2014-12-02T06:10:00.373Z ["[Lighter] Scripts routed to \u001b[36m/sly.js\u001b[39m. \u001b[90mx1\u001b[39m"]
INFO 2014-12-02T06:10:00.373Z ["[Lighter] Styles routed to \u001b[36m/sly.css\u001b[39m. \u001b[90mx1\u001b[39m"]
ERROR 2014-12-02T06:10:00.378Z ["SyntaxError: Unexpected token ;\n    at Module._compile (module.js:439:25)\n    at Object.Module._extensions..js (module.js:474:10)\n    at Module.load (module.js:356:32)\n    at Function.Module._load (module.js:312:12)\n    at Module.require (module.js:364:17)\n    at require (module.js:380:17)\n    at init.module.exports.Waiter.extend.require (/Users/sam/Workspace/chug/lib/asset.js:363:19)\n    at /Users/sam/Workspace/chug/lib/Load.js:467:21\n    at Array.forEach (native)\n    at /Users/sam/Workspace/chug/lib/Load.js:192:21"]
INFO 2014-12-02T06:10:01.113Z ["[Lighter] Models loaded. \u001b[90mx0\u001b[39m"]
INFO 2014-12-02T06:10:01.121Z ["[Lighter] Scripts routed to \u001b[36m/sly.js\u001b[39m. \u001b[90mx1\u001b[39m"]
INFO 2014-12-02T06:10:01.121Z ["[Lighter] Styles routed to \u001b[36m/sly.css\u001b[39m. \u001b[90mx1\u001b[39m"]
ERROR 2014-12-02T06:10:01.126Z ["SyntaxError: Unexpected token ;\n    at Module._compile (module.js:439:25)\n    at Object.Module._extensions..js (module.js:474:10)\n    at Module.load (module.js:356:32)\n    at Function.Module._load (module.js:312:12)\n    at Module.require (module.js:364:17)\n    at require (module.js:380:17)\n    at init.module.exports.Waiter.extend.require (/Users/sam/Workspace/chug/lib/asset.js:363:19)\n    at /Users/sam/Workspace/chug/lib/Load.js:467:21\n    at Array.forEach (native)\n    at /Users/sam/Workspace/chug/lib/Load.js:192:21"]
INFO 2014-12-02T06:10:01.861Z ["[Lighter] Models loaded. \u001b[90mx0\u001b[39m"]
INFO 2014-12-02T06:10:01.873Z ["[Lighter] Scripts routed to \u001b[36m/sly.js\u001b[39m. \u001b[90mx1\u001b[39m"]
INFO 2014-12-02T06:10:01.873Z ["[Lighter] Styles routed to \u001b[36m/sly.css\u001b[39m. \u001b[90mx1\u001b[39m"]
ERROR 2014-12-02T06:10:01.879Z ["SyntaxError: Unexpected token ;\n    at Module._compile (module.js:439:25)\n    at Object.Module._extensions..js (module.js:474:10)\n    at Module.load (module.js:356:32)\n    at Function.Module._load (module.js:312:12)\n    at Module.require (module.js:364:17)\n    at require (module.js:380:17)\n    at init.module.exports.Waiter.extend.require (/Users/sam/Workspace/chug/lib/asset.js:363:19)\n    at /Users/sam/Workspace/chug/lib/Load.js:467:21\n    at Array.forEach (native)\n    at /Users/sam/Workspace/chug/lib/Load.js:192:21"]
INFO 2014-12-02T06:10:02.613Z ["[Lighter] Models loaded. \u001b[90mx0\u001b[39m"]
INFO 2014-12-02T06:10:02.624Z ["[Lighter] Scripts routed to \u001b[36m/sly.js\u001b[39m. \u001b[90mx1\u001b[39m"]
INFO 2014-12-02T06:10:02.624Z ["[Lighter] Styles routed to \u001b[36m/sly.css\u001b[39m. \u001b[90mx1\u001b[39m"]
ERROR 2014-12-02T06:10:02.630Z ["SyntaxError: Unexpected token ;\n    at Module._compile (module.js:439:25)\n    at Object.Module._extensions..js (module.js:474:10)\n    at Module.load (module.js:356:32)\n    at Function.Module._load (module.js:312:12)\n    at Module.require (module.js:364:17)\n    at require (module.js:380:17)\n    at init.module.exports.Waiter.extend.require (/Users/sam/Workspace/chug/lib/asset.js:363:19)\n    at /Users/sam/Workspace/chug/lib/Load.js:467:21\n    at Array.forEach (native)\n    at /Users/sam/Workspace/chug/lib/Load.js:192:21"]
INFO 2014-12-02T06:10:03.360Z ["[Lighter] Models loaded. \u001b[90mx0\u001b[39m"]
INFO 2014-12-02T06:10:03.368Z ["[Lighter] Scripts routed to \u001b[36m/sly.js\u001b[39m. \u001b[90mx1\u001b[39m"]
INFO 2014-12-02T06:10:03.369Z ["[Lighter] Styles routed to \u001b[36m/sly.css\u001b[39m. \u001b[90mx1\u001b[39m"]
ERROR 2014-12-02T06:10:03.373Z ["SyntaxError: Unexpected token ;\n    at Module._compile (module.js:439:25)\n    at Object.Module._extensions..js (module.js:474:10)\n    at Module.load (module.js:356:32)\n    at Function.Module._load (module.js:312:12)\n    at Module.require (module.js:364:17)\n    at require (module.js:380:17)\n    at init.module.exports.Waiter.extend.require (/Users/sam/Workspace/chug/lib/asset.js:363:19)\n    at /Users/sam/Workspace/chug/lib/Load.js:467:21\n    at Array.forEach (native)\n    at /Users/sam/Workspace/chug/lib/Load.js:192:21"]
INFO 2014-12-02T06:10:04.105Z ["[Lighter] Models loaded. \u001b[90mx0\u001b[39m"]
INFO 2014-12-02T06:10:04.113Z ["[Lighter] Scripts routed to \u001b[36m/sly.js\u001b[39m. \u001b[90mx1\u001b[39m"]
INFO 2014-12-02T06:10:04.114Z ["[Lighter] Styles routed to \u001b[36m/sly.css\u001b[39m. \u001b[90mx1\u001b[39m"]
ERROR 2014-12-02T06:10:04.119Z ["SyntaxError: Unexpected token ;\n    at Module._compile (module.js:439:25)\n    at Object.Module._extensions..js (module.js:474:10)\n    at Module.load (module.js:356:32)\n    at Function.Module._load (module.js:312:12)\n    at Module.require (module.js:364:17)\n    at require (module.js:380:17)\n    at init.module.exports.Waiter.extend.require (/Users/sam/Workspace/chug/lib/asset.js:363:19)\n    at /Users/sam/Workspace/chug/lib/Load.js:467:21\n    at Array.forEach (native)\n    at /Users/sam/Workspace/chug/lib/Load.js:192:21"]
INFO 2014-12-02T06:10:04.855Z ["[Lighter] Models loaded. \u001b[90mx0\u001b[39m"]
INFO 2014-12-02T06:10:04.862Z ["[Lighter] Scripts routed to \u001b[36m/sly.js\u001b[39m. \u001b[90mx1\u001b[39m"]
INFO 2014-12-02T06:10:04.863Z ["[Lighter] Styles routed to \u001b[36m/sly.css\u001b[39m. \u001b[90mx1\u001b[39m"]
ERROR 2014-12-02T06:10:04.868Z ["SyntaxError: Unexpected token ;\n    at Module._compile (module.js:439:25)\n    at Object.Module._extensions..js (module.js:474:10)\n    at Module.load (module.js:356:32)\n    at Function.Module._load (module.js:312:12)\n    at Module.require (module.js:364:17)\n    at require (module.js:380:17)\n    at init.module.exports.Waiter.extend.require (/Users/sam/Workspace/chug/lib/asset.js:363:19)\n    at /Users/sam/Workspace/chug/lib/Load.js:467:21\n    at Array.forEach (native)\n    at /Users/sam/Workspace/chug/lib/Load.js:192:21"]
INFO 2014-12-02T06:10:05.603Z ["[Lighter] Models loaded. \u001b[90mx0\u001b[39m"]
INFO 2014-12-02T06:10:05.614Z ["[Lighter] Scripts routed to \u001b[36m/sly.js\u001b[39m. \u001b[90mx1\u001b[39m"]
INFO 2014-12-02T06:10:05.615Z ["[Lighter] Styles routed to \u001b[36m/sly.css\u001b[39m. \u001b[90mx1\u001b[39m"]
ERROR 2014-12-02T06:10:05.621Z ["SyntaxError: Unexpected token ;\n    at Module._compile (module.js:439:25)\n    at Object.Module._extensions..js (module.js:474:10)\n    at Module.load (module.js:356:32)\n    at Function.Module._load (module.js:312:12)\n    at Module.require (module.js:364:17)\n    at require (module.js:380:17)\n    at init.module.exports.Waiter.extend.require (/Users/sam/Workspace/chug/lib/asset.js:363:19)\n    at /Users/sam/Workspace/chug/lib/Load.js:467:21\n    at Array.forEach (native)\n    at /Users/sam/Workspace/chug/lib/Load.js:192:21"]
INFO 2014-12-02T06:10:06.355Z ["[Lighter] Models loaded. \u001b[90mx0\u001b[39m"]
INFO 2014-12-02T06:10:06.366Z ["[Lighter] Scripts routed to \u001b[36m/sly.js\u001b[39m. \u001b[90mx1\u001b[39m"]
INFO 2014-12-02T06:10:06.367Z ["[Lighter] Styles routed to \u001b[36m/sly.css\u001b[39m. \u001b[90mx1\u001b[39m"]
ERROR 2014-12-02T06:10:06.373Z ["SyntaxError: Unexpected token ;\n    at Module._compile (module.js:439:25)\n    at Object.Module._extensions..js (module.js:474:10)\n    at Module.load (module.js:356:32)\n    at Function.Module._load (module.js:312:12)\n    at Module.require (module.js:364:17)\n    at require (module.js:380:17)\n    at init.module.exports.Waiter.extend.require (/Users/sam/Workspace/chug/lib/asset.js:363:19)\n    at /Users/sam/Workspace/chug/lib/Load.js:467:21\n    at Array.forEach (native)\n    at /Users/sam/Workspace/chug/lib/Load.js:192:21"]
INFO 2014-12-02T06:10:07.103Z ["[Lighter] Models loaded. \u001b[90mx0\u001b[39m"]
INFO 2014-12-02T06:10:07.111Z ["[Lighter] Scripts routed to \u001b[36m/sly.js\u001b[39m. \u001b[90mx1\u001b[39m"]
INFO 2014-12-02T06:10:07.112Z ["[Lighter] Styles routed to \u001b[36m/sly.css\u001b[39m. \u001b[90mx1\u001b[39m"]
ERROR 2014-12-02T06:10:07.117Z ["SyntaxError: Unexpected token ;\n    at Module._compile (module.js:439:25)\n    at Object.Module._extensions..js (module.js:474:10)\n    at Module.load (module.js:356:32)\n    at Function.Module._load (module.js:312:12)\n    at Module.require (module.js:364:17)\n    at require (module.js:380:17)\n    at init.module.exports.Waiter.extend.require (/Users/sam/Workspace/chug/lib/asset.js:363:19)\n    at /Users/sam/Workspace/chug/lib/Load.js:467:21\n    at Array.forEach (native)\n    at /Users/sam/Workspace/chug/lib/Load.js:192:21"]
INFO 2014-12-02T06:10:07.851Z ["[Lighter] Models loaded. \u001b[90mx0\u001b[39m"]
INFO 2014-12-02T06:10:07.860Z ["[Lighter] Scripts routed to \u001b[36m/sly.js\u001b[39m. \u001b[90mx1\u001b[39m"]
INFO 2014-12-02T06:10:07.861Z ["[Lighter] Styles routed to \u001b[36m/sly.css\u001b[39m. \u001b[90mx1\u001b[39m"]
ERROR 2014-12-02T06:10:07.867Z ["SyntaxError: Unexpected token ;\n    at Module._compile (module.js:439:25)\n    at Object.Module._extensions..js (module.js:474:10)\n    at Module.load (module.js:356:32)\n    at Function.Module._load (module.js:312:12)\n    at Module.require (module.js:364:17)\n    at require (module.js:380:17)\n    at init.module.exports.Waiter.extend.require (/Users/sam/Workspace/chug/lib/asset.js:363:19)\n    at /Users/sam/Workspace/chug/lib/Load.js:467:21\n    at Array.forEach (native)\n    at /Users/sam/Workspace/chug/lib/Load.js:192:21"]
INFO 2014-12-02T06:10:08.599Z ["[Lighter] Models loaded. \u001b[90mx0\u001b[39m"]
INFO 2014-12-02T06:10:08.607Z ["[Lighter] Scripts routed to \u001b[36m/sly.js\u001b[39m. \u001b[90mx1\u001b[39m"]
INFO 2014-12-02T06:10:08.608Z ["[Lighter] Styles routed to \u001b[36m/sly.css\u001b[39m. \u001b[90mx1\u001b[39m"]
ERROR 2014-12-02T06:10:08.612Z ["SyntaxError: Unexpected token ;\n    at Module._compile (module.js:439:25)\n    at Object.Module._extensions..js (module.js:474:10)\n    at Module.load (module.js:356:32)\n    at Function.Module._load (module.js:312:12)\n    at Module.require (module.js:364:17)\n    at require (module.js:380:17)\n    at init.module.exports.Waiter.extend.require (/Users/sam/Workspace/chug/lib/asset.js:363:19)\n    at /Users/sam/Workspace/chug/lib/Load.js:467:21\n    at Array.forEach (native)\n    at /Users/sam/Workspace/chug/lib/Load.js:192:21"]
INFO 2014-12-02T06:10:09.347Z ["[Lighter] Models loaded. \u001b[90mx0\u001b[39m"]
INFO 2014-12-02T06:10:09.358Z ["[Lighter] Scripts routed to \u001b[36m/sly.js\u001b[39m. \u001b[90mx1\u001b[39m"]
INFO 2014-12-02T06:10:09.359Z ["[Lighter] Styles routed to \u001b[36m/sly.css\u001b[39m. \u001b[90mx1\u001b[39m"]
ERROR 2014-12-02T06:10:09.364Z ["SyntaxError: Unexpected token ;\n    at Module._compile (module.js:439:25)\n    at Object.Module._extensions..js (module.js:474:10)\n    at Module.load (module.js:356:32)\n    at Function.Module._load (module.js:312:12)\n    at Module.require (module.js:364:17)\n    at require (module.js:380:17)\n    at init.module.exports.Waiter.extend.require (/Users/sam/Workspace/chug/lib/asset.js:363:19)\n    at /Users/sam/Workspace/chug/lib/Load.js:467:21\n    at Array.forEach (native)\n    at /Users/sam/Workspace/chug/lib/Load.js:192:21"]
INFO 2014-12-02T06:10:10.096Z ["[Lighter] Models loaded. \u001b[90mx0\u001b[39m"]
INFO 2014-12-02T06:10:10.104Z ["[Lighter] Scripts routed to \u001b[36m/sly.js\u001b[39m. \u001b[90mx1\u001b[39m"]
INFO 2014-12-02T06:10:10.104Z ["[Lighter] Styles routed to \u001b[36m/sly.css\u001b[39m. \u001b[90mx1\u001b[39m"]
ERROR 2014-12-02T06:10:10.109Z ["SyntaxError: Unexpected token ;\n    at Module._compile (module.js:439:25)\n    at Object.Module._extensions..js (module.js:474:10)\n    at Module.load (module.js:356:32)\n    at Function.Module._load (module.js:312:12)\n    at Module.require (module.js:364:17)\n    at require (module.js:380:17)\n    at init.module.exports.Waiter.extend.require (/Users/sam/Workspace/chug/lib/asset.js:363:19)\n    at /Users/sam/Workspace/chug/lib/Load.js:467:21\n    at Array.forEach (native)\n    at /Users/sam/Workspace/chug/lib/Load.js:192:21"]
INFO 2014-12-02T06:10:10.843Z ["[Lighter] Models loaded. \u001b[90mx0\u001b[39m"]
INFO 2014-12-02T06:10:10.854Z ["[Lighter] Scripts routed to \u001b[36m/sly.js\u001b[39m. \u001b[90mx1\u001b[39m"]
INFO 2014-12-02T06:10:10.855Z ["[Lighter] Styles routed to \u001b[36m/sly.css\u001b[39m. \u001b[90mx1\u001b[39m"]
ERROR 2014-12-02T06:10:10.860Z ["SyntaxError: Unexpected token ;\n    at Module._compile (module.js:439:25)\n    at Object.Module._extensions..js (module.js:474:10)\n    at Module.load (module.js:356:32)\n    at Function.Module._load (module.js:312:12)\n    at Module.require (module.js:364:17)\n    at require (module.js:380:17)\n    at init.module.exports.Waiter.extend.require (/Users/sam/Workspace/chug/lib/asset.js:363:19)\n    at /Users/sam/Workspace/chug/lib/Load.js:467:21\n    at Array.forEach (native)\n    at /Users/sam/Workspace/chug/lib/Load.js:192:21"]
INFO 2014-12-02T06:10:11.593Z ["[Lighter] Models loaded. \u001b[90mx0\u001b[39m"]
INFO 2014-12-02T06:10:11.601Z ["[Lighter] Scripts routed to \u001b[36m/sly.js\u001b[39m. \u001b[90mx1\u001b[39m"]
INFO 2014-12-02T06:10:11.602Z ["[Lighter] Styles routed to \u001b[36m/sly.css\u001b[39m. \u001b[90mx1\u001b[39m"]
ERROR 2014-12-02T06:10:11.606Z ["SyntaxError: Unexpected token ;\n    at Module._compile (module.js:439:25)\n    at Object.Module._extensions..js (module.js:474:10)\n    at Module.load (module.js:356:32)\n    at Function.Module._load (module.js:312:12)\n    at Module.require (module.js:364:17)\n    at require (module.js:380:17)\n    at init.module.exports.Waiter.extend.require (/Users/sam/Workspace/chug/lib/asset.js:363:19)\n    at /Users/sam/Workspace/chug/lib/Load.js:467:21\n    at Array.forEach (native)\n    at /Users/sam/Workspace/chug/lib/Load.js:192:21"]
INFO 2014-12-02T06:10:12.339Z ["[Lighter] Models loaded. \u001b[90mx0\u001b[39m"]
INFO 2014-12-02T06:10:12.347Z ["[Lighter] Scripts routed to \u001b[36m/sly.js\u001b[39m. \u001b[90mx1\u001b[39m"]
INFO 2014-12-02T06:10:12.347Z ["[Lighter] Styles routed to \u001b[36m/sly.css\u001b[39m. \u001b[90mx1\u001b[39m"]
ERROR 2014-12-02T06:10:12.352Z ["SyntaxError: Unexpected token ;\n    at Module._compile (module.js:439:25)\n    at Object.Module._extensions..js (module.js:474:10)\n    at Module.load (module.js:356:32)\n    at Function.Module._load (module.js:312:12)\n    at Module.require (module.js:364:17)\n    at require (module.js:380:17)\n    at init.module.exports.Waiter.extend.require (/Users/sam/Workspace/chug/lib/asset.js:363:19)\n    at /Users/sam/Workspace/chug/lib/Load.js:467:21\n    at Array.forEach (native)\n    at /Users/sam/Workspace/chug/lib/Load.js:192:21"]
INFO 2014-12-02T06:10:13.085Z ["[Lighter] Models loaded. \u001b[90mx0\u001b[39m"]
INFO 2014-12-02T06:10:13.093Z ["[Lighter] Scripts routed to \u001b[36m/sly.js\u001b[39m. \u001b[90mx1\u001b[39m"]
INFO 2014-12-02T06:10:13.094Z ["[Lighter] Styles routed to \u001b[36m/sly.css\u001b[39m. \u001b[90mx1\u001b[39m"]
ERROR 2014-12-02T06:10:13.099Z ["SyntaxError: Unexpected token ;\n    at Module._compile (module.js:439:25)\n    at Object.Module._extensions..js (module.js:474:10)\n    at Module.load (module.js:356:32)\n    at Function.Module._load (module.js:312:12)\n    at Module.require (module.js:364:17)\n    at require (module.js:380:17)\n    at init.module.exports.Waiter.extend.require (/Users/sam/Workspace/chug/lib/asset.js:363:19)\n    at /Users/sam/Workspace/chug/lib/Load.js:467:21\n    at Array.forEach (native)\n    at /Users/sam/Workspace/chug/lib/Load.js:192:21"]
INFO 2014-12-02T06:10:13.831Z ["[Lighter] Models loaded. \u001b[90mx0\u001b[39m"]
INFO 2014-12-02T06:10:13.839Z ["[Lighter] Scripts routed to \u001b[36m/sly.js\u001b[39m. \u001b[90mx1\u001b[39m"]
INFO 2014-12-02T06:10:13.839Z ["[Lighter] Styles routed to \u001b[36m/sly.css\u001b[39m. \u001b[90mx1\u001b[39m"]
ERROR 2014-12-02T06:10:13.844Z ["SyntaxError: Unexpected token ;\n    at Module._compile (module.js:439:25)\n    at Object.Module._extensions..js (module.js:474:10)\n    at Module.load (module.js:356:32)\n    at Function.Module._load (module.js:312:12)\n    at Module.require (module.js:364:17)\n    at require (module.js:380:17)\n    at init.module.exports.Waiter.extend.require (/Users/sam/Workspace/chug/lib/asset.js:363:19)\n    at /Users/sam/Workspace/chug/lib/Load.js:467:21\n    at Array.forEach (native)\n    at /Users/sam/Workspace/chug/lib/Load.js:192:21"]
INFO 2014-12-02T06:10:14.578Z ["[Lighter] Models loaded. \u001b[90mx0\u001b[39m"]
INFO 2014-12-02T06:10:14.586Z ["[Lighter] Scripts routed to \u001b[36m/sly.js\u001b[39m. \u001b[90mx1\u001b[39m"]
INFO 2014-12-02T06:10:14.586Z ["[Lighter] Styles routed to \u001b[36m/sly.css\u001b[39m. \u001b[90mx1\u001b[39m"]
ERROR 2014-12-02T06:10:14.591Z ["SyntaxError: Unexpected token ;\n    at Module._compile (module.js:439:25)\n    at Object.Module._extensions..js (module.js:474:10)\n    at Module.load (module.js:356:32)\n    at Function.Module._load (module.js:312:12)\n    at Module.require (module.js:364:17)\n    at require (module.js:380:17)\n    at init.module.exports.Waiter.extend.require (/Users/sam/Workspace/chug/lib/asset.js:363:19)\n    at /Users/sam/Workspace/chug/lib/Load.js:467:21\n    at Array.forEach (native)\n    at /Users/sam/Workspace/chug/lib/Load.js:192:21"]
INFO 2014-12-02T06:10:15.324Z ["[Lighter] Models loaded. \u001b[90mx0\u001b[39m"]
INFO 2014-12-02T06:10:15.331Z ["[Lighter] Scripts routed to \u001b[36m/sly.js\u001b[39m. \u001b[90mx1\u001b[39m"]
INFO 2014-12-02T06:10:15.332Z ["[Lighter] Styles routed to \u001b[36m/sly.css\u001b[39m. \u001b[90mx1\u001b[39m"]
ERROR 2014-12-02T06:10:15.337Z ["SyntaxError: Unexpected token ;\n    at Module._compile (module.js:439:25)\n    at Object.Module._extensions..js (module.js:474:10)\n    at Module.load (module.js:356:32)\n    at Function.Module._load (module.js:312:12)\n    at Module.require (module.js:364:17)\n    at require (module.js:380:17)\n    at init.module.exports.Waiter.extend.require (/Users/sam/Workspace/chug/lib/asset.js:363:19)\n    at /Users/sam/Workspace/chug/lib/Load.js:467:21\n    at Array.forEach (native)\n    at /Users/sam/Workspace/chug/lib/Load.js:192:21"]
INFO 2014-12-02T06:10:16.071Z ["[Lighter] Models loaded. \u001b[90mx0\u001b[39m"]
INFO 2014-12-02T06:10:16.079Z ["[Lighter] Scripts routed to \u001b[36m/sly.js\u001b[39m. \u001b[90mx1\u001b[39m"]
INFO 2014-12-02T06:10:16.079Z ["[Lighter] Styles routed to \u001b[36m/sly.css\u001b[39m. \u001b[90mx1\u001b[39m"]
ERROR 2014-12-02T06:10:16.084Z ["SyntaxError: Unexpected token ;\n    at Module._compile (module.js:439:25)\n    at Object.Module._extensions..js (module.js:474:10)\n    at Module.load (module.js:356:32)\n    at Function.Module._load (module.js:312:12)\n    at Module.require (module.js:364:17)\n    at require (module.js:380:17)\n    at init.module.exports.Waiter.extend.require (/Users/sam/Workspace/chug/lib/asset.js:363:19)\n    at /Users/sam/Workspace/chug/lib/Load.js:467:21\n    at Array.forEach (native)\n    at /Users/sam/Workspace/chug/lib/Load.js:192:21"]
INFO 2014-12-02T06:10:16.817Z ["[Lighter] Models loaded. \u001b[90mx0\u001b[39m"]
INFO 2014-12-02T06:10:16.825Z ["[Lighter] Scripts routed to \u001b[36m/sly.js\u001b[39m. \u001b[90mx1\u001b[39m"]
INFO 2014-12-02T06:10:16.825Z ["[Lighter] Styles routed to \u001b[36m/sly.css\u001b[39m. \u001b[90mx1\u001b[39m"]
ERROR 2014-12-02T06:10:16.831Z ["SyntaxError: Unexpected token ;\n    at Module._compile (module.js:439:25)\n    at Object.Module._extensions..js (module.js:474:10)\n    at Module.load (module.js:356:32)\n    at Function.Module._load (module.js:312:12)\n    at Module.require (module.js:364:17)\n    at require (module.js:380:17)\n    at init.module.exports.Waiter.extend.require (/Users/sam/Workspace/chug/lib/asset.js:363:19)\n    at /Users/sam/Workspace/chug/lib/Load.js:467:21\n    at Array.forEach (native)\n    at /Users/sam/Workspace/chug/lib/Load.js:192:21"]
INFO 2014-12-02T06:10:17.561Z ["[Lighter] Models loaded. \u001b[90mx0\u001b[39m"]
INFO 2014-12-02T06:10:17.568Z ["[Lighter] Scripts routed to \u001b[36m/sly.js\u001b[39m. \u001b[90mx1\u001b[39m"]
INFO 2014-12-02T06:10:17.569Z ["[Lighter] Styles routed to \u001b[36m/sly.css\u001b[39m. \u001b[90mx1\u001b[39m"]
ERROR 2014-12-02T06:10:17.574Z ["SyntaxError: Unexpected token ;\n    at Module._compile (module.js:439:25)\n    at Object.Module._extensions..js (module.js:474:10)\n    at Module.load (module.js:356:32)\n    at Function.Module._load (module.js:312:12)\n    at Module.require (module.js:364:17)\n    at require (module.js:380:17)\n    at init.module.exports.Waiter.extend.require (/Users/sam/Workspace/chug/lib/asset.js:363:19)\n    at /Users/sam/Workspace/chug/lib/Load.js:467:21\n    at Array.forEach (native)\n    at /Users/sam/Workspace/chug/lib/Load.js:192:21"]
INFO 2014-12-02T06:10:18.308Z ["[Lighter] Models loaded. \u001b[90mx0\u001b[39m"]
INFO 2014-12-02T06:10:18.316Z ["[Lighter] Scripts routed to \u001b[36m/sly.js\u001b[39m. \u001b[90mx1\u001b[39m"]
INFO 2014-12-02T06:10:18.317Z ["[Lighter] Styles routed to \u001b[36m/sly.css\u001b[39m. \u001b[90mx1\u001b[39m"]
INFO 2014-12-02T06:10:19.055Z ["[Lighter] Models loaded. \u001b[90mx0\u001b[39m"]
INFO 2014-12-02T06:10:19.063Z ["[Lighter] Scripts routed to \u001b[36m/sly.js\u001b[39m. \u001b[90mx1\u001b[39m"]
INFO 2014-12-02T06:10:19.064Z ["[Lighter] Styles routed to \u001b[36m/sly.css\u001b[39m. \u001b[90mx1\u001b[39m"]
ERROR 2014-12-02T06:10:19.068Z ["SyntaxError: Unexpected token ;\n    at Module._compile (module.js:439:25)\n    at Object.Module._extensions..js (module.js:474:10)\n    at Module.load (module.js:356:32)\n    at Function.Module._load (module.js:312:12)\n    at Module.require (module.js:364:17)\n    at require (module.js:380:17)\n    at init.module.exports.Waiter.extend.require (/Users/sam/Workspace/chug/lib/asset.js:363:19)\n    at /Users/sam/Workspace/chug/lib/Load.js:467:21\n    at Array.forEach (native)\n    at /Users/sam/Workspace/chug/lib/Load.js:192:21"]
INFO 2014-12-02T06:10:19.801Z ["[Lighter] Models loaded. \u001b[90mx0\u001b[39m"]
INFO 2014-12-02T06:10:19.808Z ["[Lighter] Scripts routed to \u001b[36m/sly.js\u001b[39m. \u001b[90mx1\u001b[39m"]
INFO 2014-12-02T06:10:19.809Z ["[Lighter] Styles routed to \u001b[36m/sly.css\u001b[39m. \u001b[90mx1\u001b[39m"]
ERROR 2014-12-02T06:10:19.814Z ["SyntaxError: Unexpected token ;\n    at Module._compile (module.js:439:25)\n    at Object.Module._extensions..js (module.js:474:10)\n    at Module.load (module.js:356:32)\n    at Function.Module._load (module.js:312:12)\n    at Module.require (module.js:364:17)\n    at require (module.js:380:17)\n    at init.module.exports.Waiter.extend.require (/Users/sam/Workspace/chug/lib/asset.js:363:19)\n    at /Users/sam/Workspace/chug/lib/Load.js:467:21\n    at Array.forEach (native)\n    at /Users/sam/Workspace/chug/lib/Load.js:192:21"]
INFO 2014-12-02T06:10:20.547Z ["[Lighter] Models loaded. \u001b[90mx0\u001b[39m"]
INFO 2014-12-02T06:10:20.555Z ["[Lighter] Scripts routed to \u001b[36m/sly.js\u001b[39m. \u001b[90mx1\u001b[39m"]
INFO 2014-12-02T06:10:20.555Z ["[Lighter] Styles routed to \u001b[36m/sly.css\u001b[39m. \u001b[90mx1\u001b[39m"]
ERROR 2014-12-02T06:10:20.560Z ["SyntaxError: Unexpected token ;\n    at Module._compile (module.js:439:25)\n    at Object.Module._extensions..js (module.js:474:10)\n    at Module.load (module.js:356:32)\n    at Function.Module._load (module.js:312:12)\n    at Module.require (module.js:364:17)\n    at require (module.js:380:17)\n    at init.module.exports.Waiter.extend.require (/Users/sam/Workspace/chug/lib/asset.js:363:19)\n    at /Users/sam/Workspace/chug/lib/Load.js:467:21\n    at Array.forEach (native)\n    at /Users/sam/Workspace/chug/lib/Load.js:192:21"]
INFO 2014-12-02T06:10:21.292Z ["[Lighter] Models loaded. \u001b[90mx0\u001b[39m"]
INFO 2014-12-02T06:10:21.300Z ["[Lighter] Scripts routed to \u001b[36m/sly.js\u001b[39m. \u001b[90mx1\u001b[39m"]
INFO 2014-12-02T06:10:21.300Z ["[Lighter] Styles routed to \u001b[36m/sly.css\u001b[39m. \u001b[90mx1\u001b[39m"]
ERROR 2014-12-02T06:10:21.305Z ["SyntaxError: Unexpected token ;\n    at Module._compile (module.js:439:25)\n    at Object.Module._extensions..js (module.js:474:10)\n    at Module.load (module.js:356:32)\n    at Function.Module._load (module.js:312:12)\n    at Module.require (module.js:364:17)\n    at require (module.js:380:17)\n    at init.module.exports.Waiter.extend.require (/Users/sam/Workspace/chug/lib/asset.js:363:19)\n    at /Users/sam/Workspace/chug/lib/Load.js:467:21\n    at Array.forEach (native)\n    at /Users/sam/Workspace/chug/lib/Load.js:192:21"]
INFO 2014-12-02T06:10:22.038Z ["[Lighter] Models loaded. \u001b[90mx0\u001b[39m"]
INFO 2014-12-02T06:10:22.046Z ["[Lighter] Scripts routed to \u001b[36m/sly.js\u001b[39m. \u001b[90mx1\u001b[39m"]
INFO 2014-12-02T06:10:22.047Z ["[Lighter] Styles routed to \u001b[36m/sly.css\u001b[39m. \u001b[90mx1\u001b[39m"]
ERROR 2014-12-02T06:10:22.052Z ["SyntaxError: Unexpected token ;\n    at Module._compile (module.js:439:25)\n    at Object.Module._extensions..js (module.js:474:10)\n    at Module.load (module.js:356:32)\n    at Function.Module._load (module.js:312:12)\n    at Module.require (module.js:364:17)\n    at require (module.js:380:17)\n    at init.module.exports.Waiter.extend.require (/Users/sam/Workspace/chug/lib/asset.js:363:19)\n    at /Users/sam/Workspace/chug/lib/Load.js:467:21\n    at Array.forEach (native)\n    at /Users/sam/Workspace/chug/lib/Load.js:192:21"]
INFO 2014-12-02T06:10:22.783Z ["[Lighter] Models loaded. \u001b[90mx0\u001b[39m"]
INFO 2014-12-02T06:10:22.791Z ["[Lighter] Scripts routed to \u001b[36m/sly.js\u001b[39m. \u001b[90mx1\u001b[39m"]
INFO 2014-12-02T06:10:22.792Z ["[Lighter] Styles routed to \u001b[36m/sly.css\u001b[39m. \u001b[90mx1\u001b[39m"]
ERROR 2014-12-02T06:10:22.797Z ["SyntaxError: Unexpected token ;\n    at Module._compile (module.js:439:25)\n    at Object.Module._extensions..js (module.js:474:10)\n    at Module.load (module.js:356:32)\n    at Function.Module._load (module.js:312:12)\n    at Module.require (module.js:364:17)\n    at require (module.js:380:17)\n    at init.module.exports.Waiter.extend.require (/Users/sam/Workspace/chug/lib/asset.js:363:19)\n    at /Users/sam/Workspace/chug/lib/Load.js:467:21\n    at Array.forEach (native)\n    at /Users/sam/Workspace/chug/lib/Load.js:192:21"]
INFO 2014-12-02T06:10:23.532Z ["[Lighter] Models loaded. \u001b[90mx0\u001b[39m"]
INFO 2014-12-02T06:10:23.543Z ["[Lighter] Scripts routed to \u001b[36m/sly.js\u001b[39m. \u001b[90mx1\u001b[39m"]
INFO 2014-12-02T06:10:23.543Z ["[Lighter] Styles routed to \u001b[36m/sly.css\u001b[39m. \u001b[90mx1\u001b[39m"]
ERROR 2014-12-02T06:10:23.549Z ["SyntaxError: Unexpected token ;\n    at Module._compile (module.js:439:25)\n    at Object.Module._extensions..js (module.js:474:10)\n    at Module.load (module.js:356:32)\n    at Function.Module._load (module.js:312:12)\n    at Module.require (module.js:364:17)\n    at require (module.js:380:17)\n    at init.module.exports.Waiter.extend.require (/Users/sam/Workspace/chug/lib/asset.js:363:19)\n    at /Users/sam/Workspace/chug/lib/Load.js:467:21\n    at Array.forEach (native)\n    at /Users/sam/Workspace/chug/lib/Load.js:192:21"]
INFO 2014-12-02T06:10:24.284Z ["[Lighter] Models loaded. \u001b[90mx0\u001b[39m"]
INFO 2014-12-02T06:10:24.295Z ["[Lighter] Scripts routed to \u001b[36m/sly.js\u001b[39m. \u001b[90mx1\u001b[39m"]
INFO 2014-12-02T06:10:24.295Z ["[Lighter] Styles routed to \u001b[36m/sly.css\u001b[39m. \u001b[90mx1\u001b[39m"]
ERROR 2014-12-02T06:10:24.301Z ["SyntaxError: Unexpected token ;\n    at Module._compile (module.js:439:25)\n    at Object.Module._extensions..js (module.js:474:10)\n    at Module.load (module.js:356:32)\n    at Function.Module._load (module.js:312:12)\n    at Module.require (module.js:364:17)\n    at require (module.js:380:17)\n    at init.module.exports.Waiter.extend.require (/Users/sam/Workspace/chug/lib/asset.js:363:19)\n    at /Users/sam/Workspace/chug/lib/Load.js:467:21\n    at Array.forEach (native)\n    at /Users/sam/Workspace/chug/lib/Load.js:192:21"]
INFO 2014-12-02T06:10:25.035Z ["[Lighter] Models loaded. \u001b[90mx0\u001b[39m"]
INFO 2014-12-02T06:10:25.044Z ["[Lighter] Scripts routed to \u001b[36m/sly.js\u001b[39m. \u001b[90mx1\u001b[39m"]
INFO 2014-12-02T06:10:25.044Z ["[Lighter] Styles routed to \u001b[36m/sly.css\u001b[39m. \u001b[90mx1\u001b[39m"]
ERROR 2014-12-02T06:10:25.049Z ["SyntaxError: Unexpected token ;\n    at Module._compile (module.js:439:25)\n    at Object.Module._extensions..js (module.js:474:10)\n    at Module.load (module.js:356:32)\n    at Function.Module._load (module.js:312:12)\n    at Module.require (module.js:364:17)\n    at require (module.js:380:17)\n    at init.module.exports.Waiter.extend.require (/Users/sam/Workspace/chug/lib/asset.js:363:19)\n    at /Users/sam/Workspace/chug/lib/Load.js:467:21\n    at Array.forEach (native)\n    at /Users/sam/Workspace/chug/lib/Load.js:192:21"]
INFO 2014-12-02T06:10:25.789Z ["[Lighter] Models loaded. \u001b[90mx0\u001b[39m"]
INFO 2014-12-02T06:10:25.800Z ["[Lighter] Scripts routed to \u001b[36m/sly.js\u001b[39m. \u001b[90mx1\u001b[39m"]
INFO 2014-12-02T06:10:25.801Z ["[Lighter] Styles routed to \u001b[36m/sly.css\u001b[39m. \u001b[90mx1\u001b[39m"]
ERROR 2014-12-02T06:10:25.807Z ["SyntaxError: Unexpected token ;\n    at Module._compile (module.js:439:25)\n    at Object.Module._extensions..js (module.js:474:10)\n    at Module.load (module.js:356:32)\n    at Function.Module._load (module.js:312:12)\n    at Module.require (module.js:364:17)\n    at require (module.js:380:17)\n    at init.module.exports.Waiter.extend.require (/Users/sam/Workspace/chug/lib/asset.js:363:19)\n    at /Users/sam/Workspace/chug/lib/Load.js:467:21\n    at Array.forEach (native)\n    at /Users/sam/Workspace/chug/lib/Load.js:192:21"]
INFO 2014-12-02T06:10:26.541Z ["[Lighter] Models loaded. \u001b[90mx0\u001b[39m"]
INFO 2014-12-02T06:10:26.552Z ["[Lighter] Scripts routed to \u001b[36m/sly.js\u001b[39m. \u001b[90mx1\u001b[39m"]
INFO 2014-12-02T06:10:26.553Z ["[Lighter] Styles routed to \u001b[36m/sly.css\u001b[39m. \u001b[90mx1\u001b[39m"]
ERROR 2014-12-02T06:10:26.559Z ["SyntaxError: Unexpected token ;\n    at Module._compile (module.js:439:25)\n    at Object.Module._extensions..js (module.js:474:10)\n    at Module.load (module.js:356:32)\n    at Function.Module._load (module.js:312:12)\n    at Module.require (module.js:364:17)\n    at require (module.js:380:17)\n    at init.module.exports.Waiter.extend.require (/Users/sam/Workspace/chug/lib/asset.js:363:19)\n    at /Users/sam/Workspace/chug/lib/Load.js:467:21\n    at Array.forEach (native)\n    at /Users/sam/Workspace/chug/lib/Load.js:192:21"]
INFO 2014-12-02T06:10:27.293Z ["[Lighter] Models loaded. \u001b[90mx0\u001b[39m"]
INFO 2014-12-02T06:10:27.301Z ["[Lighter] Scripts routed to \u001b[36m/sly.js\u001b[39m. \u001b[90mx1\u001b[39m"]
INFO 2014-12-02T06:10:27.302Z ["[Lighter] Styles routed to \u001b[36m/sly.css\u001b[39m. \u001b[90mx1\u001b[39m"]
ERROR 2014-12-02T06:10:27.307Z ["SyntaxError: Unexpected token ;\n    at Module._compile (module.js:439:25)\n    at Object.Module._extensions..js (module.js:474:10)\n    at Module.load (module.js:356:32)\n    at Function.Module._load (module.js:312:12)\n    at Module.require (module.js:364:17)\n    at require (module.js:380:17)\n    at init.module.exports.Waiter.extend.require (/Users/sam/Workspace/chug/lib/asset.js:363:19)\n    at /Users/sam/Workspace/chug/lib/Load.js:467:21\n    at Array.forEach (native)\n    at /Users/sam/Workspace/chug/lib/Load.js:192:21"]
INFO 2014-12-02T06:10:28.043Z ["[Lighter] Models loaded. \u001b[90mx0\u001b[39m"]
INFO 2014-12-02T06:10:28.051Z ["[Lighter] Scripts routed to \u001b[36m/sly.js\u001b[39m. \u001b[90mx1\u001b[39m"]
INFO 2014-12-02T06:10:28.052Z ["[Lighter] Styles routed to \u001b[36m/sly.css\u001b[39m. \u001b[90mx1\u001b[39m"]
ERROR 2014-12-02T06:10:28.056Z ["SyntaxError: Unexpected token ;\n    at Module._compile (module.js:439:25)\n    at Object.Module._extensions..js (module.js:474:10)\n    at Module.load (module.js:356:32)\n    at Function.Module._load (module.js:312:12)\n    at Module.require (module.js:364:17)\n    at require (module.js:380:17)\n    at init.module.exports.Waiter.extend.require (/Users/sam/Workspace/chug/lib/asset.js:363:19)\n    at /Users/sam/Workspace/chug/lib/Load.js:467:21\n    at Array.forEach (native)\n    at /Users/sam/Workspace/chug/lib/Load.js:192:21"]
INFO 2014-12-02T06:10:28.799Z ["[Lighter] Models loaded. \u001b[90mx0\u001b[39m"]
INFO 2014-12-02T06:10:28.807Z ["[Lighter] Scripts routed to \u001b[36m/sly.js\u001b[39m. \u001b[90mx1\u001b[39m"]
INFO 2014-12-02T06:10:28.807Z ["[Lighter] Styles routed to \u001b[36m/sly.css\u001b[39m. \u001b[90mx1\u001b[39m"]
ERROR 2014-12-02T06:10:28.812Z ["SyntaxError: Unexpected token ;\n    at Module._compile (module.js:439:25)\n    at Object.Module._extensions..js (module.js:474:10)\n    at Module.load (module.js:356:32)\n    at Function.Module._load (module.js:312:12)\n    at Module.require (module.js:364:17)\n    at require (module.js:380:17)\n    at init.module.exports.Waiter.extend.require (/Users/sam/Workspace/chug/lib/asset.js:363:19)\n    at /Users/sam/Workspace/chug/lib/Load.js:467:21\n    at Array.forEach (native)\n    at /Users/sam/Workspace/chug/lib/Load.js:192:21"]
INFO 2014-12-02T06:10:29.546Z ["[Lighter] Models loaded. \u001b[90mx0\u001b[39m"]
INFO 2014-12-02T06:10:29.555Z ["[Lighter] Scripts routed to \u001b[36m/sly.js\u001b[39m. \u001b[90mx1\u001b[39m"]
INFO 2014-12-02T06:10:29.555Z ["[Lighter] Styles routed to \u001b[36m/sly.css\u001b[39m. \u001b[90mx1\u001b[39m"]
ERROR 2014-12-02T06:10:29.560Z ["SyntaxError: Unexpected token ;\n    at Module._compile (module.js:439:25)\n    at Object.Module._extensions..js (module.js:474:10)\n    at Module.load (module.js:356:32)\n    at Function.Module._load (module.js:312:12)\n    at Module.require (module.js:364:17)\n    at require (module.js:380:17)\n    at init.module.exports.Waiter.extend.require (/Users/sam/Workspace/chug/lib/asset.js:363:19)\n    at /Users/sam/Workspace/chug/lib/Load.js:467:21\n    at Array.forEach (native)\n    at /Users/sam/Workspace/chug/lib/Load.js:192:21"]
INFO 2014-12-02T06:10:30.295Z ["[Lighter] Models loaded. \u001b[90mx0\u001b[39m"]
INFO 2014-12-02T06:10:30.303Z ["[Lighter] Scripts routed to \u001b[36m/sly.js\u001b[39m. \u001b[90mx1\u001b[39m"]
INFO 2014-12-02T06:10:30.303Z ["[Lighter] Styles routed to \u001b[36m/sly.css\u001b[39m. \u001b[90mx1\u001b[39m"]
ERROR 2014-12-02T06:10:30.308Z ["SyntaxError: Unexpected token ;\n    at Module._compile (module.js:439:25)\n    at Object.Module._extensions..js (module.js:474:10)\n    at Module.load (module.js:356:32)\n    at Function.Module._load (module.js:312:12)\n    at Module.require (module.js:364:17)\n    at require (module.js:380:17)\n    at init.module.exports.Waiter.extend.require (/Users/sam/Workspace/chug/lib/asset.js:363:19)\n    at /Users/sam/Workspace/chug/lib/Load.js:467:21\n    at Array.forEach (native)\n    at /Users/sam/Workspace/chug/lib/Load.js:192:21"]
INFO 2014-12-02T06:10:31.044Z ["[Lighter] Models loaded. \u001b[90mx0\u001b[39m"]
INFO 2014-12-02T06:10:31.052Z ["[Lighter] Scripts routed to \u001b[36m/sly.js\u001b[39m. \u001b[90mx1\u001b[39m"]
INFO 2014-12-02T06:10:31.052Z ["[Lighter] Styles routed to \u001b[36m/sly.css\u001b[39m. \u001b[90mx1\u001b[39m"]
ERROR 2014-12-02T06:10:31.057Z ["SyntaxError: Unexpected token ;\n    at Module._compile (module.js:439:25)\n    at Object.Module._extensions..js (module.js:474:10)\n    at Module.load (module.js:356:32)\n    at Function.Module._load (module.js:312:12)\n    at Module.require (module.js:364:17)\n    at require (module.js:380:17)\n    at init.module.exports.Waiter.extend.require (/Users/sam/Workspace/chug/lib/asset.js:363:19)\n    at /Users/sam/Workspace/chug/lib/Load.js:467:21\n    at Array.forEach (native)\n    at /Users/sam/Workspace/chug/lib/Load.js:192:21"]
INFO 2014-12-02T06:10:31.792Z ["[Lighter] Models loaded. \u001b[90mx0\u001b[39m"]
INFO 2014-12-02T06:10:31.802Z ["[Lighter] Scripts routed to \u001b[36m/sly.js\u001b[39m. \u001b[90mx1\u001b[39m"]
INFO 2014-12-02T06:10:31.803Z ["[Lighter] Styles routed to \u001b[36m/sly.css\u001b[39m. \u001b[90mx1\u001b[39m"]
ERROR 2014-12-02T06:10:31.809Z ["SyntaxError: Unexpected token ;\n    at Module._compile (module.js:439:25)\n    at Object.Module._extensions..js (module.js:474:10)\n    at Module.load (module.js:356:32)\n    at Function.Module._load (module.js:312:12)\n    at Module.require (module.js:364:17)\n    at require (module.js:380:17)\n    at init.module.exports.Waiter.extend.require (/Users/sam/Workspace/chug/lib/asset.js:363:19)\n    at /Users/sam/Workspace/chug/lib/Load.js:467:21\n    at Array.forEach (native)\n    at /Users/sam/Workspace/chug/lib/Load.js:192:21"]
INFO 2014-12-02T06:10:32.541Z ["[Lighter] Models loaded. \u001b[90mx0\u001b[39m"]
INFO 2014-12-02T06:10:32.549Z ["[Lighter] Scripts routed to \u001b[36m/sly.js\u001b[39m. \u001b[90mx1\u001b[39m"]
INFO 2014-12-02T06:10:32.550Z ["[Lighter] Styles routed to \u001b[36m/sly.css\u001b[39m. \u001b[90mx1\u001b[39m"]
ERROR 2014-12-02T06:10:32.555Z ["SyntaxError: Unexpected token ;\n    at Module._compile (module.js:439:25)\n    at Object.Module._extensions..js (module.js:474:10)\n    at Module.load (module.js:356:32)\n    at Function.Module._load (module.js:312:12)\n    at Module.require (module.js:364:17)\n    at require (module.js:380:17)\n    at init.module.exports.Waiter.extend.require (/Users/sam/Workspace/chug/lib/asset.js:363:19)\n    at /Users/sam/Workspace/chug/lib/Load.js:467:21\n    at Array.forEach (native)\n    at /Users/sam/Workspace/chug/lib/Load.js:192:21"]
INFO 2014-12-02T06:10:33.290Z ["[Lighter] Models loaded. \u001b[90mx0\u001b[39m"]
INFO 2014-12-02T06:10:33.298Z ["[Lighter] Scripts routed to \u001b[36m/sly.js\u001b[39m. \u001b[90mx1\u001b[39m"]
INFO 2014-12-02T06:10:33.299Z ["[Lighter] Styles routed to \u001b[36m/sly.css\u001b[39m. \u001b[90mx1\u001b[39m"]
ERROR 2014-12-02T06:10:33.304Z ["SyntaxError: Unexpected token ;\n    at Module._compile (module.js:439:25)\n    at Object.Module._extensions..js (module.js:474:10)\n    at Module.load (module.js:356:32)\n    at Function.Module._load (module.js:312:12)\n    at Module.require (module.js:364:17)\n    at require (module.js:380:17)\n    at init.module.exports.Waiter.extend.require (/Users/sam/Workspace/chug/lib/asset.js:363:19)\n    at /Users/sam/Workspace/chug/lib/Load.js:467:21\n    at Array.forEach (native)\n    at /Users/sam/Workspace/chug/lib/Load.js:192:21"]
INFO 2014-12-02T06:10:34.038Z ["[Lighter] Models loaded. \u001b[90mx0\u001b[39m"]
INFO 2014-12-02T06:10:34.046Z ["[Lighter] Scripts routed to \u001b[36m/sly.js\u001b[39m. \u001b[90mx1\u001b[39m"]
INFO 2014-12-02T06:10:34.047Z ["[Lighter] Styles routed to \u001b[36m/sly.css\u001b[39m. \u001b[90mx1\u001b[39m"]
ERROR 2014-12-02T06:10:34.052Z ["SyntaxError: Unexpected token ;\n    at Module._compile (module.js:439:25)\n    at Object.Module._extensions..js (module.js:474:10)\n    at Module.load (module.js:356:32)\n    at Function.Module._load (module.js:312:12)\n    at Module.require (module.js:364:17)\n    at require (module.js:380:17)\n    at init.module.exports.Waiter.extend.require (/Users/sam/Workspace/chug/lib/asset.js:363:19)\n    at /Users/sam/Workspace/chug/lib/Load.js:467:21\n    at Array.forEach (native)\n    at /Users/sam/Workspace/chug/lib/Load.js:192:21"]
INFO 2014-12-02T06:10:34.787Z ["[Lighter] Models loaded. \u001b[90mx0\u001b[39m"]
INFO 2014-12-02T06:10:34.798Z ["[Lighter] Scripts routed to \u001b[36m/sly.js\u001b[39m. \u001b[90mx1\u001b[39m"]
INFO 2014-12-02T06:10:34.798Z ["[Lighter] Styles routed to \u001b[36m/sly.css\u001b[39m. \u001b[90mx1\u001b[39m"]
ERROR 2014-12-02T06:10:34.804Z ["SyntaxError: Unexpected token ;\n    at Module._compile (module.js:439:25)\n    at Object.Module._extensions..js (module.js:474:10)\n    at Module.load (module.js:356:32)\n    at Function.Module._load (module.js:312:12)\n    at Module.require (module.js:364:17)\n    at require (module.js:380:17)\n    at init.module.exports.Waiter.extend.require (/Users/sam/Workspace/chug/lib/asset.js:363:19)\n    at /Users/sam/Workspace/chug/lib/Load.js:467:21\n    at Array.forEach (native)\n    at /Users/sam/Workspace/chug/lib/Load.js:192:21"]
INFO 2014-12-02T06:10:35.542Z ["[Lighter] Models loaded. \u001b[90mx0\u001b[39m"]
INFO 2014-12-02T06:10:35.550Z ["[Lighter] Scripts routed to \u001b[36m/sly.js\u001b[39m. \u001b[90mx1\u001b[39m"]
INFO 2014-12-02T06:10:35.551Z ["[Lighter] Styles routed to \u001b[36m/sly.css\u001b[39m. \u001b[90mx1\u001b[39m"]
INFO 2014-12-02T06:10:36.292Z ["[Lighter] Models loaded. \u001b[90mx0\u001b[39m"]
INFO 2014-12-02T06:10:36.300Z ["[Lighter] Scripts routed to \u001b[36m/sly.js\u001b[39m. \u001b[90mx1\u001b[39m"]
INFO 2014-12-02T06:10:36.301Z ["[Lighter] Styles routed to \u001b[36m/sly.css\u001b[39m. \u001b[90mx1\u001b[39m"]
ERROR 2014-12-02T06:10:36.305Z ["SyntaxError: Unexpected token ;\n    at Module._compile (module.js:439:25)\n    at Object.Module._extensions..js (module.js:474:10)\n    at Module.load (module.js:356:32)\n    at Function.Module._load (module.js:312:12)\n    at Module.require (module.js:364:17)\n    at require (module.js:380:17)\n    at init.module.exports.Waiter.extend.require (/Users/sam/Workspace/chug/lib/asset.js:363:19)\n    at /Users/sam/Workspace/chug/lib/Load.js:467:21\n    at Array.forEach (native)\n    at /Users/sam/Workspace/chug/lib/Load.js:192:21"]
INFO 2014-12-02T06:10:37.040Z ["[Lighter] Models loaded. \u001b[90mx0\u001b[39m"]
INFO 2014-12-02T06:10:37.049Z ["[Lighter] Scripts routed to \u001b[36m/sly.js\u001b[39m. \u001b[90mx1\u001b[39m"]
INFO 2014-12-02T06:10:37.049Z ["[Lighter] Styles routed to \u001b[36m/sly.css\u001b[39m. \u001b[90mx1\u001b[39m"]
ERROR 2014-12-02T06:10:37.054Z ["SyntaxError: Unexpected token ;\n    at Module._compile (module.js:439:25)\n    at Object.Module._extensions..js (module.js:474:10)\n    at Module.load (module.js:356:32)\n    at Function.Module._load (module.js:312:12)\n    at Module.require (module.js:364:17)\n    at require (module.js:380:17)\n    at init.module.exports.Waiter.extend.require (/Users/sam/Workspace/chug/lib/asset.js:363:19)\n    at /Users/sam/Workspace/chug/lib/Load.js:467:21\n    at Array.forEach (native)\n    at /Users/sam/Workspace/chug/lib/Load.js:192:21"]
INFO 2014-12-02T06:10:37.788Z ["[Lighter] Models loaded. \u001b[90mx0\u001b[39m"]
INFO 2014-12-02T06:10:37.799Z ["[Lighter] Scripts routed to \u001b[36m/sly.js\u001b[39m. \u001b[90mx1\u001b[39m"]
INFO 2014-12-02T06:10:37.800Z ["[Lighter] Styles routed to \u001b[36m/sly.css\u001b[39m. \u001b[90mx1\u001b[39m"]
ERROR 2014-12-02T06:10:37.806Z ["SyntaxError: Unexpected token ;\n    at Module._compile (module.js:439:25)\n    at Object.Module._extensions..js (module.js:474:10)\n    at Module.load (module.js:356:32)\n    at Function.Module._load (module.js:312:12)\n    at Module.require (module.js:364:17)\n    at require (module.js:380:17)\n    at init.module.exports.Waiter.extend.require (/Users/sam/Workspace/chug/lib/asset.js:363:19)\n    at /Users/sam/Workspace/chug/lib/Load.js:467:21\n    at Array.forEach (native)\n    at /Users/sam/Workspace/chug/lib/Load.js:192:21"]
INFO 2014-12-02T06:10:38.543Z ["[Lighter] Models loaded. \u001b[90mx0\u001b[39m"]
INFO 2014-12-02T06:10:38.551Z ["[Lighter] Scripts routed to \u001b[36m/sly.js\u001b[39m. \u001b[90mx1\u001b[39m"]
INFO 2014-12-02T06:10:38.552Z ["[Lighter] Styles routed to \u001b[36m/sly.css\u001b[39m. \u001b[90mx1\u001b[39m"]
INFO 2014-12-02T06:10:39.288Z ["[Lighter] Models loaded. \u001b[90mx0\u001b[39m"]
INFO 2014-12-02T06:10:39.295Z ["[Lighter] Scripts routed to \u001b[36m/sly.js\u001b[39m. \u001b[90mx1\u001b[39m"]
INFO 2014-12-02T06:10:39.296Z ["[Lighter] Styles routed to \u001b[36m/sly.css\u001b[39m. \u001b[90mx1\u001b[39m"]
ERROR 2014-12-02T06:10:39.301Z ["SyntaxError: Unexpected token ;\n    at Module._compile (module.js:439:25)\n    at Object.Module._extensions..js (module.js:474:10)\n    at Module.load (module.js:356:32)\n    at Function.Module._load (module.js:312:12)\n    at Module.require (module.js:364:17)\n    at require (module.js:380:17)\n    at init.module.exports.Waiter.extend.require (/Users/sam/Workspace/chug/lib/asset.js:363:19)\n    at /Users/sam/Workspace/chug/lib/Load.js:467:21\n    at Array.forEach (native)\n    at /Users/sam/Workspace/chug/lib/Load.js:192:21"]
INFO 2014-12-02T06:10:40.036Z ["[Lighter] Models loaded. \u001b[90mx0\u001b[39m"]
INFO 2014-12-02T06:10:40.044Z ["[Lighter] Scripts routed to \u001b[36m/sly.js\u001b[39m. \u001b[90mx1\u001b[39m"]
INFO 2014-12-02T06:10:40.044Z ["[Lighter] Styles routed to \u001b[36m/sly.css\u001b[39m. \u001b[90mx1\u001b[39m"]
ERROR 2014-12-02T06:10:40.049Z ["SyntaxError: Unexpected token ;\n    at Module._compile (module.js:439:25)\n    at Object.Module._extensions..js (module.js:474:10)\n    at Module.load (module.js:356:32)\n    at Function.Module._load (module.js:312:12)\n    at Module.require (module.js:364:17)\n    at require (module.js:380:17)\n    at init.module.exports.Waiter.extend.require (/Users/sam/Workspace/chug/lib/asset.js:363:19)\n    at /Users/sam/Workspace/chug/lib/Load.js:467:21\n    at Array.forEach (native)\n    at /Users/sam/Workspace/chug/lib/Load.js:192:21"]
INFO 2014-12-02T06:10:40.781Z ["[Lighter] Models loaded. \u001b[90mx0\u001b[39m"]
INFO 2014-12-02T06:10:40.790Z ["[Lighter] Scripts routed to \u001b[36m/sly.js\u001b[39m. \u001b[90mx1\u001b[39m"]
INFO 2014-12-02T06:10:40.790Z ["[Lighter] Styles routed to \u001b[36m/sly.css\u001b[39m. \u001b[90mx1\u001b[39m"]
ERROR 2014-12-02T06:10:40.795Z ["SyntaxError: Unexpected token ;\n    at Module._compile (module.js:439:25)\n    at Object.Module._extensions..js (module.js:474:10)\n    at Module.load (module.js:356:32)\n    at Function.Module._load (module.js:312:12)\n    at Module.require (module.js:364:17)\n    at require (module.js:380:17)\n    at init.module.exports.Waiter.extend.require (/Users/sam/Workspace/chug/lib/asset.js:363:19)\n    at /Users/sam/Workspace/chug/lib/Load.js:467:21\n    at Array.forEach (native)\n    at /Users/sam/Workspace/chug/lib/Load.js:192:21"]
INFO 2014-12-02T06:10:41.531Z ["[Lighter] Models loaded. \u001b[90mx0\u001b[39m"]
INFO 2014-12-02T06:10:41.542Z ["[Lighter] Scripts routed to \u001b[36m/sly.js\u001b[39m. \u001b[90mx1\u001b[39m"]
INFO 2014-12-02T06:10:41.543Z ["[Lighter] Styles routed to \u001b[36m/sly.css\u001b[39m. \u001b[90mx1\u001b[39m"]
ERROR 2014-12-02T06:10:41.548Z ["SyntaxError: Unexpected token ;\n    at Module._compile (module.js:439:25)\n    at Object.Module._extensions..js (module.js:474:10)\n    at Module.load (module.js:356:32)\n    at Function.Module._load (module.js:312:12)\n    at Module.require (module.js:364:17)\n    at require (module.js:380:17)\n    at init.module.exports.Waiter.extend.require (/Users/sam/Workspace/chug/lib/asset.js:363:19)\n    at /Users/sam/Workspace/chug/lib/Load.js:467:21\n    at Array.forEach (native)\n    at /Users/sam/Workspace/chug/lib/Load.js:192:21"]
INFO 2014-12-02T06:10:42.281Z ["[Lighter] Models loaded. \u001b[90mx0\u001b[39m"]
INFO 2014-12-02T06:10:42.292Z ["[Lighter] Scripts routed to \u001b[36m/sly.js\u001b[39m. \u001b[90mx1\u001b[39m"]
INFO 2014-12-02T06:10:42.293Z ["[Lighter] Styles routed to \u001b[36m/sly.css\u001b[39m. \u001b[90mx1\u001b[39m"]
ERROR 2014-12-02T06:10:42.299Z ["SyntaxError: Unexpected token ;\n    at Module._compile (module.js:439:25)\n    at Object.Module._extensions..js (module.js:474:10)\n    at Module.load (module.js:356:32)\n    at Function.Module._load (module.js:312:12)\n    at Module.require (module.js:364:17)\n    at require (module.js:380:17)\n    at init.module.exports.Waiter.extend.require (/Users/sam/Workspace/chug/lib/asset.js:363:19)\n    at /Users/sam/Workspace/chug/lib/Load.js:467:21\n    at Array.forEach (native)\n    at /Users/sam/Workspace/chug/lib/Load.js:192:21"]
INFO 2014-12-02T06:10:43.032Z ["[Lighter] Models loaded. \u001b[90mx0\u001b[39m"]
INFO 2014-12-02T06:10:43.040Z ["[Lighter] Scripts routed to \u001b[36m/sly.js\u001b[39m. \u001b[90mx1\u001b[39m"]
INFO 2014-12-02T06:10:43.041Z ["[Lighter] Styles routed to \u001b[36m/sly.css\u001b[39m. \u001b[90mx1\u001b[39m"]
ERROR 2014-12-02T06:10:43.045Z ["SyntaxError: Unexpected token ;\n    at Module._compile (module.js:439:25)\n    at Object.Module._extensions..js (module.js:474:10)\n    at Module.load (module.js:356:32)\n    at Function.Module._load (module.js:312:12)\n    at Module.require (module.js:364:17)\n    at require (module.js:380:17)\n    at init.module.exports.Waiter.extend.require (/Users/sam/Workspace/chug/lib/asset.js:363:19)\n    at /Users/sam/Workspace/chug/lib/Load.js:467:21\n    at Array.forEach (native)\n    at /Users/sam/Workspace/chug/lib/Load.js:192:21"]
INFO 2014-12-02T06:10:43.778Z ["[Lighter] Models loaded. \u001b[90mx0\u001b[39m"]
INFO 2014-12-02T06:10:43.786Z ["[Lighter] Scripts routed to \u001b[36m/sly.js\u001b[39m. \u001b[90mx1\u001b[39m"]
INFO 2014-12-02T06:10:43.787Z ["[Lighter] Styles routed to \u001b[36m/sly.css\u001b[39m. \u001b[90mx1\u001b[39m"]
ERROR 2014-12-02T06:10:43.792Z ["SyntaxError: Unexpected token ;\n    at Module._compile (module.js:439:25)\n    at Object.Module._extensions..js (module.js:474:10)\n    at Module.load (module.js:356:32)\n    at Function.Module._load (module.js:312:12)\n    at Module.require (module.js:364:17)\n    at require (module.js:380:17)\n    at init.module.exports.Waiter.extend.require (/Users/sam/Workspace/chug/lib/asset.js:363:19)\n    at /Users/sam/Workspace/chug/lib/Load.js:467:21\n    at Array.forEach (native)\n    at /Users/sam/Workspace/chug/lib/Load.js:192:21"]
INFO 2014-12-02T06:10:44.527Z ["[Lighter] Models loaded. \u001b[90mx0\u001b[39m"]
INFO 2014-12-02T06:10:44.535Z ["[Lighter] Scripts routed to \u001b[36m/sly.js\u001b[39m. \u001b[90mx1\u001b[39m"]
INFO 2014-12-02T06:10:44.535Z ["[Lighter] Styles routed to \u001b[36m/sly.css\u001b[39m. \u001b[90mx1\u001b[39m"]
ERROR 2014-12-02T06:10:44.540Z ["SyntaxError: Unexpected token ;\n    at Module._compile (module.js:439:25)\n    at Object.Module._extensions..js (module.js:474:10)\n    at Module.load (module.js:356:32)\n    at Function.Module._load (module.js:312:12)\n    at Module.require (module.js:364:17)\n    at require (module.js:380:17)\n    at init.module.exports.Waiter.extend.require (/Users/sam/Workspace/chug/lib/asset.js:363:19)\n    at /Users/sam/Workspace/chug/lib/Load.js:467:21\n    at Array.forEach (native)\n    at /Users/sam/Workspace/chug/lib/Load.js:192:21"]
INFO 2014-12-02T06:10:45.278Z ["[Lighter] Models loaded. \u001b[90mx0\u001b[39m"]
INFO 2014-12-02T06:10:45.289Z ["[Lighter] Scripts routed to \u001b[36m/sly.js\u001b[39m. \u001b[90mx1\u001b[39m"]
INFO 2014-12-02T06:10:45.290Z ["[Lighter] Styles routed to \u001b[36m/sly.css\u001b[39m. \u001b[90mx1\u001b[39m"]
ERROR 2014-12-02T06:10:45.296Z ["SyntaxError: Unexpected token ;\n    at Module._compile (module.js:439:25)\n    at Object.Module._extensions..js (module.js:474:10)\n    at Module.load (module.js:356:32)\n    at Function.Module._load (module.js:312:12)\n    at Module.require (module.js:364:17)\n    at require (module.js:380:17)\n    at init.module.exports.Waiter.extend.require (/Users/sam/Workspace/chug/lib/asset.js:363:19)\n    at /Users/sam/Workspace/chug/lib/Load.js:467:21\n    at Array.forEach (native)\n    at /Users/sam/Workspace/chug/lib/Load.js:192:21"]
INFO 2014-12-02T06:10:46.029Z ["[Lighter] Models loaded. \u001b[90mx0\u001b[39m"]
INFO 2014-12-02T06:10:46.037Z ["[Lighter] Scripts routed to \u001b[36m/sly.js\u001b[39m. \u001b[90mx1\u001b[39m"]
INFO 2014-12-02T06:10:46.038Z ["[Lighter] Styles routed to \u001b[36m/sly.css\u001b[39m. \u001b[90mx1\u001b[39m"]
ERROR 2014-12-02T06:10:46.042Z ["SyntaxError: Unexpected token ;\n    at Module._compile (module.js:439:25)\n    at Object.Module._extensions..js (module.js:474:10)\n    at Module.load (module.js:356:32)\n    at Function.Module._load (module.js:312:12)\n    at Module.require (module.js:364:17)\n    at require (module.js:380:17)\n    at init.module.exports.Waiter.extend.require (/Users/sam/Workspace/chug/lib/asset.js:363:19)\n    at /Users/sam/Workspace/chug/lib/Load.js:467:21\n    at Array.forEach (native)\n    at /Users/sam/Workspace/chug/lib/Load.js:192:21"]
INFO 2014-12-02T06:10:46.773Z ["[Lighter] Models loaded. \u001b[90mx0\u001b[39m"]
INFO 2014-12-02T06:10:46.781Z ["[Lighter] Scripts routed to \u001b[36m/sly.js\u001b[39m. \u001b[90mx1\u001b[39m"]
INFO 2014-12-02T06:10:46.782Z ["[Lighter] Styles routed to \u001b[36m/sly.css\u001b[39m. \u001b[90mx1\u001b[39m"]
INFO 2014-12-02T06:10:47.518Z ["[Lighter] Models loaded. \u001b[90mx0\u001b[39m"]
INFO 2014-12-02T06:10:47.527Z ["[Lighter] Scripts routed to \u001b[36m/sly.js\u001b[39m. \u001b[90mx1\u001b[39m"]
INFO 2014-12-02T06:10:47.527Z ["[Lighter] Styles routed to \u001b[36m/sly.css\u001b[39m. \u001b[90mx1\u001b[39m"]
INFO 2014-12-02T06:10:48.263Z ["[Lighter] Models loaded. \u001b[90mx0\u001b[39m"]
INFO 2014-12-02T06:10:48.271Z ["[Lighter] Scripts routed to \u001b[36m/sly.js\u001b[39m. \u001b[90mx1\u001b[39m"]
INFO 2014-12-02T06:10:48.272Z ["[Lighter] Styles routed to \u001b[36m/sly.css\u001b[39m. \u001b[90mx1\u001b[39m"]
ERROR 2014-12-02T06:10:48.277Z ["SyntaxError: Unexpected token ;\n    at Module._compile (module.js:439:25)\n    at Object.Module._extensions..js (module.js:474:10)\n    at Module.load (module.js:356:32)\n    at Function.Module._load (module.js:312:12)\n    at Module.require (module.js:364:17)\n    at require (module.js:380:17)\n    at init.module.exports.Waiter.extend.require (/Users/sam/Workspace/chug/lib/asset.js:363:19)\n    at /Users/sam/Workspace/chug/lib/Load.js:467:21\n    at Array.forEach (native)\n    at /Users/sam/Workspace/chug/lib/Load.js:192:21"]
INFO 2014-12-02T06:10:49.010Z ["[Lighter] Models loaded. \u001b[90mx0\u001b[39m"]
INFO 2014-12-02T06:10:49.018Z ["[Lighter] Scripts routed to \u001b[36m/sly.js\u001b[39m. \u001b[90mx1\u001b[39m"]
INFO 2014-12-02T06:10:49.019Z ["[Lighter] Styles routed to \u001b[36m/sly.css\u001b[39m. \u001b[90mx1\u001b[39m"]
ERROR 2014-12-02T06:10:49.024Z ["SyntaxError: Unexpected token ;\n    at Module._compile (module.js:439:25)\n    at Object.Module._extensions..js (module.js:474:10)\n    at Module.load (module.js:356:32)\n    at Function.Module._load (module.js:312:12)\n    at Module.require (module.js:364:17)\n    at require (module.js:380:17)\n    at init.module.exports.Waiter.extend.require (/Users/sam/Workspace/chug/lib/asset.js:363:19)\n    at /Users/sam/Workspace/chug/lib/Load.js:467:21\n    at Array.forEach (native)\n    at /Users/sam/Workspace/chug/lib/Load.js:192:21"]
INFO 2014-12-02T06:10:49.760Z ["[Lighter] Models loaded. \u001b[90mx0\u001b[39m"]
INFO 2014-12-02T06:10:49.767Z ["[Lighter] Scripts routed to \u001b[36m/sly.js\u001b[39m. \u001b[90mx1\u001b[39m"]
INFO 2014-12-02T06:10:49.768Z ["[Lighter] Styles routed to \u001b[36m/sly.css\u001b[39m. \u001b[90mx1\u001b[39m"]
ERROR 2014-12-02T06:10:49.773Z ["SyntaxError: Unexpected token ;\n    at Module._compile (module.js:439:25)\n    at Object.Module._extensions..js (module.js:474:10)\n    at Module.load (module.js:356:32)\n    at Function.Module._load (module.js:312:12)\n    at Module.require (module.js:364:17)\n    at require (module.js:380:17)\n    at init.module.exports.Waiter.extend.require (/Users/sam/Workspace/chug/lib/asset.js:363:19)\n    at /Users/sam/Workspace/chug/lib/Load.js:467:21\n    at Array.forEach (native)\n    at /Users/sam/Workspace/chug/lib/Load.js:192:21"]
INFO 2014-12-02T06:10:50.503Z ["[Lighter] Models loaded. \u001b[90mx0\u001b[39m"]
INFO 2014-12-02T06:10:50.512Z ["[Lighter] Scripts routed to \u001b[36m/sly.js\u001b[39m. \u001b[90mx1\u001b[39m"]
INFO 2014-12-02T06:10:50.512Z ["[Lighter] Styles routed to \u001b[36m/sly.css\u001b[39m. \u001b[90mx1\u001b[39m"]
INFO 2014-12-02T06:10:51.248Z ["[Lighter] Models loaded. \u001b[90mx0\u001b[39m"]
INFO 2014-12-02T06:10:51.256Z ["[Lighter] Scripts routed to \u001b[36m/sly.js\u001b[39m. \u001b[90mx1\u001b[39m"]
INFO 2014-12-02T06:10:51.257Z ["[Lighter] Styles routed to \u001b[36m/sly.css\u001b[39m. \u001b[90mx1\u001b[39m"]
ERROR 2014-12-02T06:10:51.262Z ["SyntaxError: Unexpected token ;\n    at Module._compile (module.js:439:25)\n    at Object.Module._extensions..js (module.js:474:10)\n    at Module.load (module.js:356:32)\n    at Function.Module._load (module.js:312:12)\n    at Module.require (module.js:364:17)\n    at require (module.js:380:17)\n    at init.module.exports.Waiter.extend.require (/Users/sam/Workspace/chug/lib/asset.js:363:19)\n    at /Users/sam/Workspace/chug/lib/Load.js:467:21\n    at Array.forEach (native)\n    at /Users/sam/Workspace/chug/lib/Load.js:192:21"]
INFO 2014-12-02T06:10:51.996Z ["[Lighter] Models loaded. \u001b[90mx0\u001b[39m"]
INFO 2014-12-02T06:10:52.003Z ["[Lighter] Scripts routed to \u001b[36m/sly.js\u001b[39m. \u001b[90mx1\u001b[39m"]
INFO 2014-12-02T06:10:52.004Z ["[Lighter] Styles routed to \u001b[36m/sly.css\u001b[39m. \u001b[90mx1\u001b[39m"]
ERROR 2014-12-02T06:10:52.009Z ["SyntaxError: Unexpected token ;\n    at Module._compile (module.js:439:25)\n    at Object.Module._extensions..js (module.js:474:10)\n    at Module.load (module.js:356:32)\n    at Function.Module._load (module.js:312:12)\n    at Module.require (module.js:364:17)\n    at require (module.js:380:17)\n    at init.module.exports.Waiter.extend.require (/Users/sam/Workspace/chug/lib/asset.js:363:19)\n    at /Users/sam/Workspace/chug/lib/Load.js:467:21\n    at Array.forEach (native)\n    at /Users/sam/Workspace/chug/lib/Load.js:192:21"]
INFO 2014-12-02T06:10:52.740Z ["[Lighter] Models loaded. \u001b[90mx0\u001b[39m"]
INFO 2014-12-02T06:10:52.748Z ["[Lighter] Scripts routed to \u001b[36m/sly.js\u001b[39m. \u001b[90mx1\u001b[39m"]
INFO 2014-12-02T06:10:52.749Z ["[Lighter] Styles routed to \u001b[36m/sly.css\u001b[39m. \u001b[90mx1\u001b[39m"]
ERROR 2014-12-02T06:10:52.754Z ["SyntaxError: Unexpected token ;\n    at Module._compile (module.js:439:25)\n    at Object.Module._extensions..js (module.js:474:10)\n    at Module.load (module.js:356:32)\n    at Function.Module._load (module.js:312:12)\n    at Module.require (module.js:364:17)\n    at require (module.js:380:17)\n    at init.module.exports.Waiter.extend.require (/Users/sam/Workspace/chug/lib/asset.js:363:19)\n    at /Users/sam/Workspace/chug/lib/Load.js:467:21\n    at Array.forEach (native)\n    at /Users/sam/Workspace/chug/lib/Load.js:192:21"]
INFO 2014-12-02T06:10:53.485Z ["[Lighter] Models loaded. \u001b[90mx0\u001b[39m"]
INFO 2014-12-02T06:10:53.493Z ["[Lighter] Scripts routed to \u001b[36m/sly.js\u001b[39m. \u001b[90mx1\u001b[39m"]
INFO 2014-12-02T06:10:53.494Z ["[Lighter] Styles routed to \u001b[36m/sly.css\u001b[39m. \u001b[90mx1\u001b[39m"]
ERROR 2014-12-02T06:10:53.498Z ["SyntaxError: Unexpected token ;\n    at Module._compile (module.js:439:25)\n    at Object.Module._extensions..js (module.js:474:10)\n    at Module.load (module.js:356:32)\n    at Function.Module._load (module.js:312:12)\n    at Module.require (module.js:364:17)\n    at require (module.js:380:17)\n    at init.module.exports.Waiter.extend.require (/Users/sam/Workspace/chug/lib/asset.js:363:19)\n    at /Users/sam/Workspace/chug/lib/Load.js:467:21\n    at Array.forEach (native)\n    at /Users/sam/Workspace/chug/lib/Load.js:192:21"]
INFO 2014-12-02T06:10:54.229Z ["[Lighter] Models loaded. \u001b[90mx0\u001b[39m"]
INFO 2014-12-02T06:10:54.236Z ["[Lighter] Scripts routed to \u001b[36m/sly.js\u001b[39m. \u001b[90mx1\u001b[39m"]
INFO 2014-12-02T06:10:54.237Z ["[Lighter] Styles routed to \u001b[36m/sly.css\u001b[39m. \u001b[90mx1\u001b[39m"]
ERROR 2014-12-02T06:10:54.242Z ["SyntaxError: Unexpected token ;\n    at Module._compile (module.js:439:25)\n    at Object.Module._extensions..js (module.js:474:10)\n    at Module.load (module.js:356:32)\n    at Function.Module._load (module.js:312:12)\n    at Module.require (module.js:364:17)\n    at require (module.js:380:17)\n    at init.module.exports.Waiter.extend.require (/Users/sam/Workspace/chug/lib/asset.js:363:19)\n    at /Users/sam/Workspace/chug/lib/Load.js:467:21\n    at Array.forEach (native)\n    at /Users/sam/Workspace/chug/lib/Load.js:192:21"]
INFO 2014-12-02T06:10:54.974Z ["[Lighter] Models loaded. \u001b[90mx0\u001b[39m"]
INFO 2014-12-02T06:10:54.982Z ["[Lighter] Scripts routed to \u001b[36m/sly.js\u001b[39m. \u001b[90mx1\u001b[39m"]
INFO 2014-12-02T06:10:54.983Z ["[Lighter] Styles routed to \u001b[36m/sly.css\u001b[39m. \u001b[90mx1\u001b[39m"]
ERROR 2014-12-02T06:10:54.988Z ["SyntaxError: Unexpected token ;\n    at Module._compile (module.js:439:25)\n    at Object.Module._extensions..js (module.js:474:10)\n    at Module.load (module.js:356:32)\n    at Function.Module._load (module.js:312:12)\n    at Module.require (module.js:364:17)\n    at require (module.js:380:17)\n    at init.module.exports.Waiter.extend.require (/Users/sam/Workspace/chug/lib/asset.js:363:19)\n    at /Users/sam/Workspace/chug/lib/Load.js:467:21\n    at Array.forEach (native)\n    at /Users/sam/Workspace/chug/lib/Load.js:192:21"]
INFO 2014-12-02T06:10:55.721Z ["[Lighter] Models loaded. \u001b[90mx0\u001b[39m"]
INFO 2014-12-02T06:10:55.729Z ["[Lighter] Scripts routed to \u001b[36m/sly.js\u001b[39m. \u001b[90mx1\u001b[39m"]
INFO 2014-12-02T06:10:55.730Z ["[Lighter] Styles routed to \u001b[36m/sly.css\u001b[39m. \u001b[90mx1\u001b[39m"]
ERROR 2014-12-02T06:10:55.734Z ["SyntaxError: Unexpected token ;\n    at Module._compile (module.js:439:25)\n    at Object.Module._extensions..js (module.js:474:10)\n    at Module.load (module.js:356:32)\n    at Function.Module._load (module.js:312:12)\n    at Module.require (module.js:364:17)\n    at require (module.js:380:17)\n    at init.module.exports.Waiter.extend.require (/Users/sam/Workspace/chug/lib/asset.js:363:19)\n    at /Users/sam/Workspace/chug/lib/Load.js:467:21\n    at Array.forEach (native)\n    at /Users/sam/Workspace/chug/lib/Load.js:192:21"]
INFO 2014-12-02T06:10:56.470Z ["[Lighter] Models loaded. \u001b[90mx0\u001b[39m"]
INFO 2014-12-02T06:10:56.478Z ["[Lighter] Scripts routed to \u001b[36m/sly.js\u001b[39m. \u001b[90mx1\u001b[39m"]
INFO 2014-12-02T06:10:56.479Z ["[Lighter] Styles routed to \u001b[36m/sly.css\u001b[39m. \u001b[90mx1\u001b[39m"]
ERROR 2014-12-02T06:10:56.483Z ["SyntaxError: Unexpected token ;\n    at Module._compile (module.js:439:25)\n    at Object.Module._extensions..js (module.js:474:10)\n    at Module.load (module.js:356:32)\n    at Function.Module._load (module.js:312:12)\n    at Module.require (module.js:364:17)\n    at require (module.js:380:17)\n    at init.module.exports.Waiter.extend.require (/Users/sam/Workspace/chug/lib/asset.js:363:19)\n    at /Users/sam/Workspace/chug/lib/Load.js:467:21\n    at Array.forEach (native)\n    at /Users/sam/Workspace/chug/lib/Load.js:192:21"]
INFO 2014-12-02T06:10:57.218Z ["[Lighter] Models loaded. \u001b[90mx0\u001b[39m"]
INFO 2014-12-02T06:10:57.226Z ["[Lighter] Scripts routed to \u001b[36m/sly.js\u001b[39m. \u001b[90mx1\u001b[39m"]
INFO 2014-12-02T06:10:57.227Z ["[Lighter] Styles routed to \u001b[36m/sly.css\u001b[39m. \u001b[90mx1\u001b[39m"]
ERROR 2014-12-02T06:10:57.232Z ["SyntaxError: Unexpected token ;\n    at Module._compile (module.js:439:25)\n    at Object.Module._extensions..js (module.js:474:10)\n    at Module.load (module.js:356:32)\n    at Function.Module._load (module.js:312:12)\n    at Module.require (module.js:364:17)\n    at require (module.js:380:17)\n    at init.module.exports.Waiter.extend.require (/Users/sam/Workspace/chug/lib/asset.js:363:19)\n    at /Users/sam/Workspace/chug/lib/Load.js:467:21\n    at Array.forEach (native)\n    at /Users/sam/Workspace/chug/lib/Load.js:192:21"]
INFO 2014-12-02T06:10:57.967Z ["[Lighter] Models loaded. \u001b[90mx0\u001b[39m"]
INFO 2014-12-02T06:10:57.975Z ["[Lighter] Scripts routed to \u001b[36m/sly.js\u001b[39m. \u001b[90mx1\u001b[39m"]
INFO 2014-12-02T06:10:57.975Z ["[Lighter] Styles routed to \u001b[36m/sly.css\u001b[39m. \u001b[90mx1\u001b[39m"]
ERROR 2014-12-02T06:10:57.980Z ["SyntaxError: Unexpected token ;\n    at Module._compile (module.js:439:25)\n    at Object.Module._extensions..js (module.js:474:10)\n    at Module.load (module.js:356:32)\n    at Function.Module._load (module.js:312:12)\n    at Module.require (module.js:364:17)\n    at require (module.js:380:17)\n    at init.module.exports.Waiter.extend.require (/Users/sam/Workspace/chug/lib/asset.js:363:19)\n    at /Users/sam/Workspace/chug/lib/Load.js:467:21\n    at Array.forEach (native)\n    at /Users/sam/Workspace/chug/lib/Load.js:192:21"]
INFO 2014-12-02T06:10:58.713Z ["[Lighter] Models loaded. \u001b[90mx0\u001b[39m"]
INFO 2014-12-02T06:10:58.721Z ["[Lighter] Scripts routed to \u001b[36m/sly.js\u001b[39m. \u001b[90mx1\u001b[39m"]
INFO 2014-12-02T06:10:58.722Z ["[Lighter] Styles routed to \u001b[36m/sly.css\u001b[39m. \u001b[90mx1\u001b[39m"]
ERROR 2014-12-02T06:10:58.726Z ["SyntaxError: Unexpected token ;\n    at Module._compile (module.js:439:25)\n    at Object.Module._extensions..js (module.js:474:10)\n    at Module.load (module.js:356:32)\n    at Function.Module._load (module.js:312:12)\n    at Module.require (module.js:364:17)\n    at require (module.js:380:17)\n    at init.module.exports.Waiter.extend.require (/Users/sam/Workspace/chug/lib/asset.js:363:19)\n    at /Users/sam/Workspace/chug/lib/Load.js:467:21\n    at Array.forEach (native)\n    at /Users/sam/Workspace/chug/lib/Load.js:192:21"]
INFO 2014-12-02T06:10:59.461Z ["[Lighter] Models loaded. \u001b[90mx0\u001b[39m"]
INFO 2014-12-02T06:10:59.469Z ["[Lighter] Scripts routed to \u001b[36m/sly.js\u001b[39m. \u001b[90mx1\u001b[39m"]
INFO 2014-12-02T06:10:59.470Z ["[Lighter] Styles routed to \u001b[36m/sly.css\u001b[39m. \u001b[90mx1\u001b[39m"]
ERROR 2014-12-02T06:10:59.474Z ["SyntaxError: Unexpected token ;\n    at Module._compile (module.js:439:25)\n    at Object.Module._extensions..js (module.js:474:10)\n    at Module.load (module.js:356:32)\n    at Function.Module._load (module.js:312:12)\n    at Module.require (module.js:364:17)\n    at require (module.js:380:17)\n    at init.module.exports.Waiter.extend.require (/Users/sam/Workspace/chug/lib/asset.js:363:19)\n    at /Users/sam/Workspace/chug/lib/Load.js:467:21\n    at Array.forEach (native)\n    at /Users/sam/Workspace/chug/lib/Load.js:192:21"]
