WARN 2014-12-02T15:03:01.087Z ["[Lighter] Change: \u001b[36m~/Workspace/plans/plans.js\u001b[39m."]
INFO 2014-12-02T15:03:01.885Z ["[Lighter] Models loaded. \u001b[90mx0\u001b[39m"]
INFO 2014-12-02T15:03:01.896Z ["[Lighter] Scripts routed to \u001b[36m/sly.js\u001b[39m. \u001b[90mx1\u001b[39m"]
INFO 2014-12-02T15:03:01.897Z ["[Lighter] Styles routed to \u001b[36m/sly.css\u001b[39m. \u001b[90mx1\u001b[39m"]
INFO 2014-12-02T15:03:01.901Z ["[Lighter] Controllers loaded. \u001b[90mx2\u001b[39m"]
INFO 2014-12-02T15:03:01.916Z ["[Lighter] Scripts routed to \u001b[36m/a.js\u001b[39m. \u001b[90mx1\u001b[39m"]
INFO 2014-12-02T15:03:01.918Z ["[Lighter] Styles routed to \u001b[36m/a.css\u001b[39m. \u001b[90mx1\u001b[39m"]
INFO 2014-12-02T15:03:04.028Z ["[Lighter] Views loaded. \u001b[90mx30\u001b[39m"]
INFO 2014-12-02T15:03:04.094Z ["[Lighter] Publics loaded. \u001b[90mx48\u001b[39m"]
INFO 2014-12-02T15:03:04.111Z ["[D6] Views routed to \u001b[36m/d6.js\u001b[39m."]
WARN 2014-12-02T15:03:54.522Z ["[Lighter] Change: \u001b[36m~/Workspace/plans/plans.js\u001b[39m."]
INFO 2014-12-02T15:03:55.306Z ["[Lighter] Models loaded. \u001b[90mx0\u001b[39m"]
INFO 2014-12-02T15:03:55.317Z ["[Lighter] Scripts routed to \u001b[36m/sly.js\u001b[39m. \u001b[90mx1\u001b[39m"]
INFO 2014-12-02T15:03:55.317Z ["[Lighter] Styles routed to \u001b[36m/sly.css\u001b[39m. \u001b[90mx1\u001b[39m"]
INFO 2014-12-02T15:03:55.320Z ["[Lighter] Controllers loaded. \u001b[90mx2\u001b[39m"]
INFO 2014-12-02T15:03:55.339Z ["[Lighter] Scripts routed to \u001b[36m/a.js\u001b[39m. \u001b[90mx1\u001b[39m"]
INFO 2014-12-02T15:03:55.342Z ["[Lighter] Styles routed to \u001b[36m/a.css\u001b[39m. \u001b[90mx1\u001b[39m"]
INFO 2014-12-02T15:03:57.339Z ["[Lighter] Views loaded. \u001b[90mx30\u001b[39m"]
INFO 2014-12-02T15:03:57.547Z ["[Lighter] Publics loaded. \u001b[90mx48\u001b[39m"]
INFO 2014-12-02T15:03:57.561Z ["[D6] Views routed to \u001b[36m/d6.js\u001b[39m."]
