INFO 2014-12-02T06:43:00.425Z ["[Lighter] Models loaded. \u001b[90mx0\u001b[39m"]
INFO 2014-12-02T06:43:00.433Z ["[Lighter] Scripts routed to \u001b[36m/sly.js\u001b[39m. \u001b[90mx1\u001b[39m"]
INFO 2014-12-02T06:43:00.434Z ["[Lighter] Styles routed to \u001b[36m/sly.css\u001b[39m. \u001b[90mx1\u001b[39m"]
ERROR 2014-12-02T06:43:00.439Z ["SyntaxError: Unexpected token ;\n    at Module._compile (module.js:439:25)\n    at Object.Module._extensions..js (module.js:474:10)\n    at Module.load (module.js:356:32)\n    at Function.Module._load (module.js:312:12)\n    at Module.require (module.js:364:17)\n    at require (module.js:380:17)\n    at init.module.exports.Waiter.extend.require (/Users/sam/Workspace/chug/lib/asset.js:363:19)\n    at /Users/sam/Workspace/chug/lib/Load.js:467:21\n    at Array.forEach (native)\n    at /Users/sam/Workspace/chug/lib/Load.js:192:21"]
INFO 2014-12-02T06:43:01.179Z ["[Lighter] Models loaded. \u001b[90mx0\u001b[39m"]
INFO 2014-12-02T06:43:01.187Z ["[Lighter] Scripts routed to \u001b[36m/sly.js\u001b[39m. \u001b[90mx1\u001b[39m"]
INFO 2014-12-02T06:43:01.188Z ["[Lighter] Styles routed to \u001b[36m/sly.css\u001b[39m. \u001b[90mx1\u001b[39m"]
ERROR 2014-12-02T06:43:01.192Z ["SyntaxError: Unexpected token ;\n    at Module._compile (module.js:439:25)\n    at Object.Module._extensions..js (module.js:474:10)\n    at Module.load (module.js:356:32)\n    at Function.Module._load (module.js:312:12)\n    at Module.require (module.js:364:17)\n    at require (module.js:380:17)\n    at init.module.exports.Waiter.extend.require (/Users/sam/Workspace/chug/lib/asset.js:363:19)\n    at /Users/sam/Workspace/chug/lib/Load.js:467:21\n    at Array.forEach (native)\n    at /Users/sam/Workspace/chug/lib/Load.js:192:21"]
INFO 2014-12-02T06:43:01.933Z ["[Lighter] Models loaded. \u001b[90mx0\u001b[39m"]
INFO 2014-12-02T06:43:01.940Z ["[Lighter] Scripts routed to \u001b[36m/sly.js\u001b[39m. \u001b[90mx1\u001b[39m"]
INFO 2014-12-02T06:43:01.941Z ["[Lighter] Styles routed to \u001b[36m/sly.css\u001b[39m. \u001b[90mx1\u001b[39m"]
ERROR 2014-12-02T06:43:01.946Z ["SyntaxError: Unexpected token ;\n    at Module._compile (module.js:439:25)\n    at Object.Module._extensions..js (module.js:474:10)\n    at Module.load (module.js:356:32)\n    at Function.Module._load (module.js:312:12)\n    at Module.require (module.js:364:17)\n    at require (module.js:380:17)\n    at init.module.exports.Waiter.extend.require (/Users/sam/Workspace/chug/lib/asset.js:363:19)\n    at /Users/sam/Workspace/chug/lib/Load.js:467:21\n    at Array.forEach (native)\n    at /Users/sam/Workspace/chug/lib/Load.js:192:21"]
INFO 2014-12-02T06:43:02.685Z ["[Lighter] Models loaded. \u001b[90mx0\u001b[39m"]
INFO 2014-12-02T06:43:02.693Z ["[Lighter] Scripts routed to \u001b[36m/sly.js\u001b[39m. \u001b[90mx1\u001b[39m"]
INFO 2014-12-02T06:43:02.694Z ["[Lighter] Styles routed to \u001b[36m/sly.css\u001b[39m. \u001b[90mx1\u001b[39m"]
ERROR 2014-12-02T06:43:02.699Z ["SyntaxError: Unexpected token ;\n    at Module._compile (module.js:439:25)\n    at Object.Module._extensions..js (module.js:474:10)\n    at Module.load (module.js:356:32)\n    at Function.Module._load (module.js:312:12)\n    at Module.require (module.js:364:17)\n    at require (module.js:380:17)\n    at init.module.exports.Waiter.extend.require (/Users/sam/Workspace/chug/lib/asset.js:363:19)\n    at /Users/sam/Workspace/chug/lib/Load.js:467:21\n    at Array.forEach (native)\n    at /Users/sam/Workspace/chug/lib/Load.js:192:21"]
INFO 2014-12-02T06:43:03.432Z ["[Lighter] Models loaded. \u001b[90mx0\u001b[39m"]
INFO 2014-12-02T06:43:03.440Z ["[Lighter] Scripts routed to \u001b[36m/sly.js\u001b[39m. \u001b[90mx1\u001b[39m"]
INFO 2014-12-02T06:43:03.441Z ["[Lighter] Styles routed to \u001b[36m/sly.css\u001b[39m. \u001b[90mx1\u001b[39m"]
ERROR 2014-12-02T06:43:03.445Z ["SyntaxError: Unexpected token ;\n    at Module._compile (module.js:439:25)\n    at Object.Module._extensions..js (module.js:474:10)\n    at Module.load (module.js:356:32)\n    at Function.Module._load (module.js:312:12)\n    at Module.require (module.js:364:17)\n    at require (module.js:380:17)\n    at init.module.exports.Waiter.extend.require (/Users/sam/Workspace/chug/lib/asset.js:363:19)\n    at /Users/sam/Workspace/chug/lib/Load.js:467:21\n    at Array.forEach (native)\n    at /Users/sam/Workspace/chug/lib/Load.js:192:21"]
INFO 2014-12-02T06:43:04.190Z ["[Lighter] Models loaded. \u001b[90mx0\u001b[39m"]
INFO 2014-12-02T06:43:04.198Z ["[Lighter] Scripts routed to \u001b[36m/sly.js\u001b[39m. \u001b[90mx1\u001b[39m"]
INFO 2014-12-02T06:43:04.199Z ["[Lighter] Styles routed to \u001b[36m/sly.css\u001b[39m. \u001b[90mx1\u001b[39m"]
ERROR 2014-12-02T06:43:04.204Z ["SyntaxError: Unexpected token ;\n    at Module._compile (module.js:439:25)\n    at Object.Module._extensions..js (module.js:474:10)\n    at Module.load (module.js:356:32)\n    at Function.Module._load (module.js:312:12)\n    at Module.require (module.js:364:17)\n    at require (module.js:380:17)\n    at init.module.exports.Waiter.extend.require (/Users/sam/Workspace/chug/lib/asset.js:363:19)\n    at /Users/sam/Workspace/chug/lib/Load.js:467:21\n    at Array.forEach (native)\n    at /Users/sam/Workspace/chug/lib/Load.js:192:21"]
INFO 2014-12-02T06:43:04.946Z ["[Lighter] Models loaded. \u001b[90mx0\u001b[39m"]
INFO 2014-12-02T06:43:04.955Z ["[Lighter] Scripts routed to \u001b[36m/sly.js\u001b[39m. \u001b[90mx1\u001b[39m"]
INFO 2014-12-02T06:43:04.955Z ["[Lighter] Styles routed to \u001b[36m/sly.css\u001b[39m. \u001b[90mx1\u001b[39m"]
ERROR 2014-12-02T06:43:04.960Z ["SyntaxError: Unexpected token ;\n    at Module._compile (module.js:439:25)\n    at Object.Module._extensions..js (module.js:474:10)\n    at Module.load (module.js:356:32)\n    at Function.Module._load (module.js:312:12)\n    at Module.require (module.js:364:17)\n    at require (module.js:380:17)\n    at init.module.exports.Waiter.extend.require (/Users/sam/Workspace/chug/lib/asset.js:363:19)\n    at /Users/sam/Workspace/chug/lib/Load.js:467:21\n    at Array.forEach (native)\n    at /Users/sam/Workspace/chug/lib/Load.js:192:21"]
INFO 2014-12-02T06:43:05.697Z ["[Lighter] Models loaded. \u001b[90mx0\u001b[39m"]
INFO 2014-12-02T06:43:05.706Z ["[Lighter] Scripts routed to \u001b[36m/sly.js\u001b[39m. \u001b[90mx1\u001b[39m"]
INFO 2014-12-02T06:43:05.706Z ["[Lighter] Styles routed to \u001b[36m/sly.css\u001b[39m. \u001b[90mx1\u001b[39m"]
ERROR 2014-12-02T06:43:05.711Z ["SyntaxError: Unexpected token ;\n    at Module._compile (module.js:439:25)\n    at Object.Module._extensions..js (module.js:474:10)\n    at Module.load (module.js:356:32)\n    at Function.Module._load (module.js:312:12)\n    at Module.require (module.js:364:17)\n    at require (module.js:380:17)\n    at init.module.exports.Waiter.extend.require (/Users/sam/Workspace/chug/lib/asset.js:363:19)\n    at /Users/sam/Workspace/chug/lib/Load.js:467:21\n    at Array.forEach (native)\n    at /Users/sam/Workspace/chug/lib/Load.js:192:21"]
INFO 2014-12-02T06:43:06.449Z ["[Lighter] Models loaded. \u001b[90mx0\u001b[39m"]
INFO 2014-12-02T06:43:06.457Z ["[Lighter] Scripts routed to \u001b[36m/sly.js\u001b[39m. \u001b[90mx1\u001b[39m"]
INFO 2014-12-02T06:43:06.458Z ["[Lighter] Styles routed to \u001b[36m/sly.css\u001b[39m. \u001b[90mx1\u001b[39m"]
ERROR 2014-12-02T06:43:06.463Z ["SyntaxError: Unexpected token ;\n    at Module._compile (module.js:439:25)\n    at Object.Module._extensions..js (module.js:474:10)\n    at Module.load (module.js:356:32)\n    at Function.Module._load (module.js:312:12)\n    at Module.require (module.js:364:17)\n    at require (module.js:380:17)\n    at init.module.exports.Waiter.extend.require (/Users/sam/Workspace/chug/lib/asset.js:363:19)\n    at /Users/sam/Workspace/chug/lib/Load.js:467:21\n    at Array.forEach (native)\n    at /Users/sam/Workspace/chug/lib/Load.js:192:21"]
INFO 2014-12-02T06:43:07.204Z ["[Lighter] Models loaded. \u001b[90mx0\u001b[39m"]
INFO 2014-12-02T06:43:07.212Z ["[Lighter] Scripts routed to \u001b[36m/sly.js\u001b[39m. \u001b[90mx1\u001b[39m"]
INFO 2014-12-02T06:43:07.213Z ["[Lighter] Styles routed to \u001b[36m/sly.css\u001b[39m. \u001b[90mx1\u001b[39m"]
ERROR 2014-12-02T06:43:07.218Z ["SyntaxError: Unexpected token ;\n    at Module._compile (module.js:439:25)\n    at Object.Module._extensions..js (module.js:474:10)\n    at Module.load (module.js:356:32)\n    at Function.Module._load (module.js:312:12)\n    at Module.require (module.js:364:17)\n    at require (module.js:380:17)\n    at init.module.exports.Waiter.extend.require (/Users/sam/Workspace/chug/lib/asset.js:363:19)\n    at /Users/sam/Workspace/chug/lib/Load.js:467:21\n    at Array.forEach (native)\n    at /Users/sam/Workspace/chug/lib/Load.js:192:21"]
INFO 2014-12-02T06:43:07.956Z ["[Lighter] Models loaded. \u001b[90mx0\u001b[39m"]
INFO 2014-12-02T06:43:07.964Z ["[Lighter] Scripts routed to \u001b[36m/sly.js\u001b[39m. \u001b[90mx1\u001b[39m"]
INFO 2014-12-02T06:43:07.964Z ["[Lighter] Styles routed to \u001b[36m/sly.css\u001b[39m. \u001b[90mx1\u001b[39m"]
ERROR 2014-12-02T06:43:07.969Z ["SyntaxError: Unexpected token ;\n    at Module._compile (module.js:439:25)\n    at Object.Module._extensions..js (module.js:474:10)\n    at Module.load (module.js:356:32)\n    at Function.Module._load (module.js:312:12)\n    at Module.require (module.js:364:17)\n    at require (module.js:380:17)\n    at init.module.exports.Waiter.extend.require (/Users/sam/Workspace/chug/lib/asset.js:363:19)\n    at /Users/sam/Workspace/chug/lib/Load.js:467:21\n    at Array.forEach (native)\n    at /Users/sam/Workspace/chug/lib/Load.js:192:21"]
INFO 2014-12-02T06:43:08.715Z ["[Lighter] Models loaded. \u001b[90mx0\u001b[39m"]
INFO 2014-12-02T06:43:08.722Z ["[Lighter] Scripts routed to \u001b[36m/sly.js\u001b[39m. \u001b[90mx1\u001b[39m"]
INFO 2014-12-02T06:43:08.723Z ["[Lighter] Styles routed to \u001b[36m/sly.css\u001b[39m. \u001b[90mx1\u001b[39m"]
ERROR 2014-12-02T06:43:08.727Z ["SyntaxError: Unexpected token ;\n    at Module._compile (module.js:439:25)\n    at Object.Module._extensions..js (module.js:474:10)\n    at Module.load (module.js:356:32)\n    at Function.Module._load (module.js:312:12)\n    at Module.require (module.js:364:17)\n    at require (module.js:380:17)\n    at init.module.exports.Waiter.extend.require (/Users/sam/Workspace/chug/lib/asset.js:363:19)\n    at /Users/sam/Workspace/chug/lib/Load.js:467:21\n    at Array.forEach (native)\n    at /Users/sam/Workspace/chug/lib/Load.js:192:21"]
INFO 2014-12-02T06:43:09.465Z ["[Lighter] Models loaded. \u001b[90mx0\u001b[39m"]
INFO 2014-12-02T06:43:09.473Z ["[Lighter] Scripts routed to \u001b[36m/sly.js\u001b[39m. \u001b[90mx1\u001b[39m"]
INFO 2014-12-02T06:43:09.474Z ["[Lighter] Styles routed to \u001b[36m/sly.css\u001b[39m. \u001b[90mx1\u001b[39m"]
ERROR 2014-12-02T06:43:09.479Z ["SyntaxError: Unexpected token ;\n    at Module._compile (module.js:439:25)\n    at Object.Module._extensions..js (module.js:474:10)\n    at Module.load (module.js:356:32)\n    at Function.Module._load (module.js:312:12)\n    at Module.require (module.js:364:17)\n    at require (module.js:380:17)\n    at init.module.exports.Waiter.extend.require (/Users/sam/Workspace/chug/lib/asset.js:363:19)\n    at /Users/sam/Workspace/chug/lib/Load.js:467:21\n    at Array.forEach (native)\n    at /Users/sam/Workspace/chug/lib/Load.js:192:21"]
INFO 2014-12-02T06:43:10.227Z ["[Lighter] Models loaded. \u001b[90mx0\u001b[39m"]
INFO 2014-12-02T06:43:10.235Z ["[Lighter] Scripts routed to \u001b[36m/sly.js\u001b[39m. \u001b[90mx1\u001b[39m"]
INFO 2014-12-02T06:43:10.236Z ["[Lighter] Styles routed to \u001b[36m/sly.css\u001b[39m. \u001b[90mx1\u001b[39m"]
ERROR 2014-12-02T06:43:10.240Z ["SyntaxError: Unexpected token ;\n    at Module._compile (module.js:439:25)\n    at Object.Module._extensions..js (module.js:474:10)\n    at Module.load (module.js:356:32)\n    at Function.Module._load (module.js:312:12)\n    at Module.require (module.js:364:17)\n    at require (module.js:380:17)\n    at init.module.exports.Waiter.extend.require (/Users/sam/Workspace/chug/lib/asset.js:363:19)\n    at /Users/sam/Workspace/chug/lib/Load.js:467:21\n    at Array.forEach (native)\n    at /Users/sam/Workspace/chug/lib/Load.js:192:21"]
INFO 2014-12-02T06:43:10.985Z ["[Lighter] Models loaded. \u001b[90mx0\u001b[39m"]
INFO 2014-12-02T06:43:10.993Z ["[Lighter] Scripts routed to \u001b[36m/sly.js\u001b[39m. \u001b[90mx1\u001b[39m"]
INFO 2014-12-02T06:43:10.994Z ["[Lighter] Styles routed to \u001b[36m/sly.css\u001b[39m. \u001b[90mx1\u001b[39m"]
ERROR 2014-12-02T06:43:10.998Z ["SyntaxError: Unexpected token ;\n    at Module._compile (module.js:439:25)\n    at Object.Module._extensions..js (module.js:474:10)\n    at Module.load (module.js:356:32)\n    at Function.Module._load (module.js:312:12)\n    at Module.require (module.js:364:17)\n    at require (module.js:380:17)\n    at init.module.exports.Waiter.extend.require (/Users/sam/Workspace/chug/lib/asset.js:363:19)\n    at /Users/sam/Workspace/chug/lib/Load.js:467:21\n    at Array.forEach (native)\n    at /Users/sam/Workspace/chug/lib/Load.js:192:21"]
INFO 2014-12-02T06:43:11.734Z ["[Lighter] Models loaded. \u001b[90mx0\u001b[39m"]
INFO 2014-12-02T06:43:11.742Z ["[Lighter] Scripts routed to \u001b[36m/sly.js\u001b[39m. \u001b[90mx1\u001b[39m"]
INFO 2014-12-02T06:43:11.743Z ["[Lighter] Styles routed to \u001b[36m/sly.css\u001b[39m. \u001b[90mx1\u001b[39m"]
ERROR 2014-12-02T06:43:11.748Z ["SyntaxError: Unexpected token ;\n    at Module._compile (module.js:439:25)\n    at Object.Module._extensions..js (module.js:474:10)\n    at Module.load (module.js:356:32)\n    at Function.Module._load (module.js:312:12)\n    at Module.require (module.js:364:17)\n    at require (module.js:380:17)\n    at init.module.exports.Waiter.extend.require (/Users/sam/Workspace/chug/lib/asset.js:363:19)\n    at /Users/sam/Workspace/chug/lib/Load.js:467:21\n    at Array.forEach (native)\n    at /Users/sam/Workspace/chug/lib/Load.js:192:21"]
INFO 2014-12-02T06:43:12.484Z ["[Lighter] Models loaded. \u001b[90mx0\u001b[39m"]
INFO 2014-12-02T06:43:12.492Z ["[Lighter] Scripts routed to \u001b[36m/sly.js\u001b[39m. \u001b[90mx1\u001b[39m"]
INFO 2014-12-02T06:43:12.493Z ["[Lighter] Styles routed to \u001b[36m/sly.css\u001b[39m. \u001b[90mx1\u001b[39m"]
ERROR 2014-12-02T06:43:12.498Z ["SyntaxError: Unexpected token ;\n    at Module._compile (module.js:439:25)\n    at Object.Module._extensions..js (module.js:474:10)\n    at Module.load (module.js:356:32)\n    at Function.Module._load (module.js:312:12)\n    at Module.require (module.js:364:17)\n    at require (module.js:380:17)\n    at init.module.exports.Waiter.extend.require (/Users/sam/Workspace/chug/lib/asset.js:363:19)\n    at /Users/sam/Workspace/chug/lib/Load.js:467:21\n    at Array.forEach (native)\n    at /Users/sam/Workspace/chug/lib/Load.js:192:21"]
INFO 2014-12-02T06:43:13.240Z ["[Lighter] Models loaded. \u001b[90mx0\u001b[39m"]
INFO 2014-12-02T06:43:13.249Z ["[Lighter] Scripts routed to \u001b[36m/sly.js\u001b[39m. \u001b[90mx1\u001b[39m"]
INFO 2014-12-02T06:43:13.250Z ["[Lighter] Styles routed to \u001b[36m/sly.css\u001b[39m. \u001b[90mx1\u001b[39m"]
ERROR 2014-12-02T06:43:13.255Z ["SyntaxError: Unexpected token ;\n    at Module._compile (module.js:439:25)\n    at Object.Module._extensions..js (module.js:474:10)\n    at Module.load (module.js:356:32)\n    at Function.Module._load (module.js:312:12)\n    at Module.require (module.js:364:17)\n    at require (module.js:380:17)\n    at init.module.exports.Waiter.extend.require (/Users/sam/Workspace/chug/lib/asset.js:363:19)\n    at /Users/sam/Workspace/chug/lib/Load.js:467:21\n    at Array.forEach (native)\n    at /Users/sam/Workspace/chug/lib/Load.js:192:21"]
INFO 2014-12-02T06:43:13.995Z ["[Lighter] Models loaded. \u001b[90mx0\u001b[39m"]
INFO 2014-12-02T06:43:14.003Z ["[Lighter] Scripts routed to \u001b[36m/sly.js\u001b[39m. \u001b[90mx1\u001b[39m"]
INFO 2014-12-02T06:43:14.004Z ["[Lighter] Styles routed to \u001b[36m/sly.css\u001b[39m. \u001b[90mx1\u001b[39m"]
ERROR 2014-12-02T06:43:14.009Z ["SyntaxError: Unexpected token ;\n    at Module._compile (module.js:439:25)\n    at Object.Module._extensions..js (module.js:474:10)\n    at Module.load (module.js:356:32)\n    at Function.Module._load (module.js:312:12)\n    at Module.require (module.js:364:17)\n    at require (module.js:380:17)\n    at init.module.exports.Waiter.extend.require (/Users/sam/Workspace/chug/lib/asset.js:363:19)\n    at /Users/sam/Workspace/chug/lib/Load.js:467:21\n    at Array.forEach (native)\n    at /Users/sam/Workspace/chug/lib/Load.js:192:21"]
INFO 2014-12-02T06:43:14.771Z ["[Lighter] Models loaded. \u001b[90mx0\u001b[39m"]
INFO 2014-12-02T06:43:14.780Z ["[Lighter] Scripts routed to \u001b[36m/sly.js\u001b[39m. \u001b[90mx1\u001b[39m"]
INFO 2014-12-02T06:43:14.781Z ["[Lighter] Styles routed to \u001b[36m/sly.css\u001b[39m. \u001b[90mx1\u001b[39m"]
ERROR 2014-12-02T06:43:14.788Z ["SyntaxError: Unexpected token ;\n    at Module._compile (module.js:439:25)\n    at Object.Module._extensions..js (module.js:474:10)\n    at Module.load (module.js:356:32)\n    at Function.Module._load (module.js:312:12)\n    at Module.require (module.js:364:17)\n    at require (module.js:380:17)\n    at init.module.exports.Waiter.extend.require (/Users/sam/Workspace/chug/lib/asset.js:363:19)\n    at /Users/sam/Workspace/chug/lib/Load.js:467:21\n    at Array.forEach (native)\n    at /Users/sam/Workspace/chug/lib/Load.js:192:21"]
INFO 2014-12-02T06:43:15.551Z ["[Lighter] Models loaded. \u001b[90mx0\u001b[39m"]
INFO 2014-12-02T06:43:15.562Z ["[Lighter] Scripts routed to \u001b[36m/sly.js\u001b[39m. \u001b[90mx1\u001b[39m"]
INFO 2014-12-02T06:43:16.329Z ["[Lighter] Models loaded. \u001b[90mx0\u001b[39m"]
INFO 2014-12-02T06:43:16.338Z ["[Lighter] Scripts routed to \u001b[36m/sly.js\u001b[39m. \u001b[90mx1\u001b[39m"]
INFO 2014-12-02T06:43:16.339Z ["[Lighter] Styles routed to \u001b[36m/sly.css\u001b[39m. \u001b[90mx1\u001b[39m"]
ERROR 2014-12-02T06:43:16.346Z ["SyntaxError: Unexpected token ;\n    at Module._compile (module.js:439:25)\n    at Object.Module._extensions..js (module.js:474:10)\n    at Module.load (module.js:356:32)\n    at Function.Module._load (module.js:312:12)\n    at Module.require (module.js:364:17)\n    at require (module.js:380:17)\n    at init.module.exports.Waiter.extend.require (/Users/sam/Workspace/chug/lib/asset.js:363:19)\n    at /Users/sam/Workspace/chug/lib/Load.js:467:21\n    at Array.forEach (native)\n    at /Users/sam/Workspace/chug/lib/Load.js:192:21"]
INFO 2014-12-02T06:43:17.094Z ["[Lighter] Models loaded. \u001b[90mx0\u001b[39m"]
INFO 2014-12-02T06:43:17.102Z ["[Lighter] Scripts routed to \u001b[36m/sly.js\u001b[39m. \u001b[90mx1\u001b[39m"]
INFO 2014-12-02T06:43:17.103Z ["[Lighter] Styles routed to \u001b[36m/sly.css\u001b[39m. \u001b[90mx1\u001b[39m"]
ERROR 2014-12-02T06:43:17.110Z ["SyntaxError: Unexpected token ;\n    at Module._compile (module.js:439:25)\n    at Object.Module._extensions..js (module.js:474:10)\n    at Module.load (module.js:356:32)\n    at Function.Module._load (module.js:312:12)\n    at Module.require (module.js:364:17)\n    at require (module.js:380:17)\n    at init.module.exports.Waiter.extend.require (/Users/sam/Workspace/chug/lib/asset.js:363:19)\n    at /Users/sam/Workspace/chug/lib/Load.js:467:21\n    at Array.forEach (native)\n    at /Users/sam/Workspace/chug/lib/Load.js:192:21"]
INFO 2014-12-02T06:43:17.854Z ["[Lighter] Models loaded. \u001b[90mx0\u001b[39m"]
INFO 2014-12-02T06:43:17.861Z ["[Lighter] Scripts routed to \u001b[36m/sly.js\u001b[39m. \u001b[90mx1\u001b[39m"]
INFO 2014-12-02T06:43:17.862Z ["[Lighter] Styles routed to \u001b[36m/sly.css\u001b[39m. \u001b[90mx1\u001b[39m"]
ERROR 2014-12-02T06:43:17.866Z ["SyntaxError: Unexpected token ;\n    at Module._compile (module.js:439:25)\n    at Object.Module._extensions..js (module.js:474:10)\n    at Module.load (module.js:356:32)\n    at Function.Module._load (module.js:312:12)\n    at Module.require (module.js:364:17)\n    at require (module.js:380:17)\n    at init.module.exports.Waiter.extend.require (/Users/sam/Workspace/chug/lib/asset.js:363:19)\n    at /Users/sam/Workspace/chug/lib/Load.js:467:21\n    at Array.forEach (native)\n    at /Users/sam/Workspace/chug/lib/Load.js:192:21"]
INFO 2014-12-02T06:43:18.622Z ["[Lighter] Models loaded. \u001b[90mx0\u001b[39m"]
INFO 2014-12-02T06:43:18.635Z ["[Lighter] Scripts routed to \u001b[36m/sly.js\u001b[39m. \u001b[90mx1\u001b[39m"]
INFO 2014-12-02T06:43:18.636Z ["[Lighter] Styles routed to \u001b[36m/sly.css\u001b[39m. \u001b[90mx1\u001b[39m"]
INFO 2014-12-02T06:43:19.388Z ["[Lighter] Models loaded. \u001b[90mx0\u001b[39m"]
INFO 2014-12-02T06:43:19.398Z ["[Lighter] Scripts routed to \u001b[36m/sly.js\u001b[39m. \u001b[90mx1\u001b[39m"]
INFO 2014-12-02T06:43:19.399Z ["[Lighter] Styles routed to \u001b[36m/sly.css\u001b[39m. \u001b[90mx1\u001b[39m"]
ERROR 2014-12-02T06:43:19.406Z ["SyntaxError: Unexpected token ;\n    at Module._compile (module.js:439:25)\n    at Object.Module._extensions..js (module.js:474:10)\n    at Module.load (module.js:356:32)\n    at Function.Module._load (module.js:312:12)\n    at Module.require (module.js:364:17)\n    at require (module.js:380:17)\n    at init.module.exports.Waiter.extend.require (/Users/sam/Workspace/chug/lib/asset.js:363:19)\n    at /Users/sam/Workspace/chug/lib/Load.js:467:21\n    at Array.forEach (native)\n    at /Users/sam/Workspace/chug/lib/Load.js:192:21"]
INFO 2014-12-02T06:43:20.149Z ["[Lighter] Models loaded. \u001b[90mx0\u001b[39m"]
INFO 2014-12-02T06:43:20.157Z ["[Lighter] Scripts routed to \u001b[36m/sly.js\u001b[39m. \u001b[90mx1\u001b[39m"]
INFO 2014-12-02T06:43:20.157Z ["[Lighter] Styles routed to \u001b[36m/sly.css\u001b[39m. \u001b[90mx1\u001b[39m"]
ERROR 2014-12-02T06:43:20.162Z ["SyntaxError: Unexpected token ;\n    at Module._compile (module.js:439:25)\n    at Object.Module._extensions..js (module.js:474:10)\n    at Module.load (module.js:356:32)\n    at Function.Module._load (module.js:312:12)\n    at Module.require (module.js:364:17)\n    at require (module.js:380:17)\n    at init.module.exports.Waiter.extend.require (/Users/sam/Workspace/chug/lib/asset.js:363:19)\n    at /Users/sam/Workspace/chug/lib/Load.js:467:21\n    at Array.forEach (native)\n    at /Users/sam/Workspace/chug/lib/Load.js:192:21"]
INFO 2014-12-02T06:43:20.953Z ["[Lighter] Models loaded. \u001b[90mx0\u001b[39m"]
ERROR 2014-12-02T06:43:20.971Z ["SyntaxError: Unexpected token ;\n    at Module._compile (module.js:439:25)\n    at Object.Module._extensions..js (module.js:474:10)\n    at Module.load (module.js:356:32)\n    at Function.Module._load (module.js:312:12)\n    at Module.require (module.js:364:17)\n    at require (module.js:380:17)\n    at init.module.exports.Waiter.extend.require (/Users/sam/Workspace/chug/lib/asset.js:363:19)\n    at /Users/sam/Workspace/chug/lib/Load.js:467:21\n    at Array.forEach (native)\n    at /Users/sam/Workspace/chug/lib/Load.js:192:21"]
INFO 2014-12-02T06:43:21.754Z ["[Lighter] Models loaded. \u001b[90mx0\u001b[39m"]
INFO 2014-12-02T06:43:21.765Z ["[Lighter] Scripts routed to \u001b[36m/sly.js\u001b[39m. \u001b[90mx1\u001b[39m"]
INFO 2014-12-02T06:43:21.765Z ["[Lighter] Styles routed to \u001b[36m/sly.css\u001b[39m. \u001b[90mx1\u001b[39m"]
ERROR 2014-12-02T06:43:21.771Z ["SyntaxError: Unexpected token ;\n    at Module._compile (module.js:439:25)\n    at Object.Module._extensions..js (module.js:474:10)\n    at Module.load (module.js:356:32)\n    at Function.Module._load (module.js:312:12)\n    at Module.require (module.js:364:17)\n    at require (module.js:380:17)\n    at init.module.exports.Waiter.extend.require (/Users/sam/Workspace/chug/lib/asset.js:363:19)\n    at /Users/sam/Workspace/chug/lib/Load.js:467:21\n    at Array.forEach (native)\n    at /Users/sam/Workspace/chug/lib/Load.js:192:21"]
INFO 2014-12-02T06:43:22.551Z ["[Lighter] Models loaded. \u001b[90mx0\u001b[39m"]
INFO 2014-12-02T06:43:22.559Z ["[Lighter] Scripts routed to \u001b[36m/sly.js\u001b[39m. \u001b[90mx1\u001b[39m"]
INFO 2014-12-02T06:43:22.559Z ["[Lighter] Styles routed to \u001b[36m/sly.css\u001b[39m. \u001b[90mx1\u001b[39m"]
ERROR 2014-12-02T06:43:22.564Z ["SyntaxError: Unexpected token ;\n    at Module._compile (module.js:439:25)\n    at Object.Module._extensions..js (module.js:474:10)\n    at Module.load (module.js:356:32)\n    at Function.Module._load (module.js:312:12)\n    at Module.require (module.js:364:17)\n    at require (module.js:380:17)\n    at init.module.exports.Waiter.extend.require (/Users/sam/Workspace/chug/lib/asset.js:363:19)\n    at /Users/sam/Workspace/chug/lib/Load.js:467:21\n    at Array.forEach (native)\n    at /Users/sam/Workspace/chug/lib/Load.js:192:21"]
INFO 2014-12-02T06:43:23.307Z ["[Lighter] Models loaded. \u001b[90mx0\u001b[39m"]
INFO 2014-12-02T06:43:23.315Z ["[Lighter] Scripts routed to \u001b[36m/sly.js\u001b[39m. \u001b[90mx1\u001b[39m"]
INFO 2014-12-02T06:43:24.062Z ["[Lighter] Models loaded. \u001b[90mx0\u001b[39m"]
INFO 2014-12-02T06:43:24.070Z ["[Lighter] Scripts routed to \u001b[36m/sly.js\u001b[39m. \u001b[90mx1\u001b[39m"]
INFO 2014-12-02T06:43:24.070Z ["[Lighter] Styles routed to \u001b[36m/sly.css\u001b[39m. \u001b[90mx1\u001b[39m"]
ERROR 2014-12-02T06:43:24.075Z ["SyntaxError: Unexpected token ;\n    at Module._compile (module.js:439:25)\n    at Object.Module._extensions..js (module.js:474:10)\n    at Module.load (module.js:356:32)\n    at Function.Module._load (module.js:312:12)\n    at Module.require (module.js:364:17)\n    at require (module.js:380:17)\n    at init.module.exports.Waiter.extend.require (/Users/sam/Workspace/chug/lib/asset.js:363:19)\n    at /Users/sam/Workspace/chug/lib/Load.js:467:21\n    at Array.forEach (native)\n    at /Users/sam/Workspace/chug/lib/Load.js:192:21"]
INFO 2014-12-02T06:43:24.816Z ["[Lighter] Models loaded. \u001b[90mx0\u001b[39m"]
INFO 2014-12-02T06:43:24.823Z ["[Lighter] Scripts routed to \u001b[36m/sly.js\u001b[39m. \u001b[90mx1\u001b[39m"]
INFO 2014-12-02T06:43:24.824Z ["[Lighter] Styles routed to \u001b[36m/sly.css\u001b[39m. \u001b[90mx1\u001b[39m"]
ERROR 2014-12-02T06:43:24.829Z ["SyntaxError: Unexpected token ;\n    at Module._compile (module.js:439:25)\n    at Object.Module._extensions..js (module.js:474:10)\n    at Module.load (module.js:356:32)\n    at Function.Module._load (module.js:312:12)\n    at Module.require (module.js:364:17)\n    at require (module.js:380:17)\n    at init.module.exports.Waiter.extend.require (/Users/sam/Workspace/chug/lib/asset.js:363:19)\n    at /Users/sam/Workspace/chug/lib/Load.js:467:21\n    at Array.forEach (native)\n    at /Users/sam/Workspace/chug/lib/Load.js:192:21"]
INFO 2014-12-02T06:43:25.559Z ["[Lighter] Models loaded. \u001b[90mx0\u001b[39m"]
INFO 2014-12-02T06:43:25.567Z ["[Lighter] Scripts routed to \u001b[36m/sly.js\u001b[39m. \u001b[90mx1\u001b[39m"]
INFO 2014-12-02T06:43:25.568Z ["[Lighter] Styles routed to \u001b[36m/sly.css\u001b[39m. \u001b[90mx1\u001b[39m"]
ERROR 2014-12-02T06:43:25.573Z ["SyntaxError: Unexpected token ;\n    at Module._compile (module.js:439:25)\n    at Object.Module._extensions..js (module.js:474:10)\n    at Module.load (module.js:356:32)\n    at Function.Module._load (module.js:312:12)\n    at Module.require (module.js:364:17)\n    at require (module.js:380:17)\n    at init.module.exports.Waiter.extend.require (/Users/sam/Workspace/chug/lib/asset.js:363:19)\n    at /Users/sam/Workspace/chug/lib/Load.js:467:21\n    at Array.forEach (native)\n    at /Users/sam/Workspace/chug/lib/Load.js:192:21"]
INFO 2014-12-02T06:43:26.318Z ["[Lighter] Models loaded. \u001b[90mx0\u001b[39m"]
INFO 2014-12-02T06:43:26.326Z ["[Lighter] Scripts routed to \u001b[36m/sly.js\u001b[39m. \u001b[90mx1\u001b[39m"]
INFO 2014-12-02T06:43:26.326Z ["[Lighter] Styles routed to \u001b[36m/sly.css\u001b[39m. \u001b[90mx1\u001b[39m"]
ERROR 2014-12-02T06:43:26.332Z ["SyntaxError: Unexpected token ;\n    at Module._compile (module.js:439:25)\n    at Object.Module._extensions..js (module.js:474:10)\n    at Module.load (module.js:356:32)\n    at Function.Module._load (module.js:312:12)\n    at Module.require (module.js:364:17)\n    at require (module.js:380:17)\n    at init.module.exports.Waiter.extend.require (/Users/sam/Workspace/chug/lib/asset.js:363:19)\n    at /Users/sam/Workspace/chug/lib/Load.js:467:21\n    at Array.forEach (native)\n    at /Users/sam/Workspace/chug/lib/Load.js:192:21"]
INFO 2014-12-02T06:43:27.069Z ["[Lighter] Models loaded. \u001b[90mx0\u001b[39m"]
INFO 2014-12-02T06:43:27.077Z ["[Lighter] Scripts routed to \u001b[36m/sly.js\u001b[39m. \u001b[90mx1\u001b[39m"]
INFO 2014-12-02T06:43:27.078Z ["[Lighter] Styles routed to \u001b[36m/sly.css\u001b[39m. \u001b[90mx1\u001b[39m"]
ERROR 2014-12-02T06:43:27.082Z ["SyntaxError: Unexpected token ;\n    at Module._compile (module.js:439:25)\n    at Object.Module._extensions..js (module.js:474:10)\n    at Module.load (module.js:356:32)\n    at Function.Module._load (module.js:312:12)\n    at Module.require (module.js:364:17)\n    at require (module.js:380:17)\n    at init.module.exports.Waiter.extend.require (/Users/sam/Workspace/chug/lib/asset.js:363:19)\n    at /Users/sam/Workspace/chug/lib/Load.js:467:21\n    at Array.forEach (native)\n    at /Users/sam/Workspace/chug/lib/Load.js:192:21"]
INFO 2014-12-02T06:43:27.820Z ["[Lighter] Models loaded. \u001b[90mx0\u001b[39m"]
INFO 2014-12-02T06:43:27.827Z ["[Lighter] Scripts routed to \u001b[36m/sly.js\u001b[39m. \u001b[90mx1\u001b[39m"]
INFO 2014-12-02T06:43:27.828Z ["[Lighter] Styles routed to \u001b[36m/sly.css\u001b[39m. \u001b[90mx1\u001b[39m"]
ERROR 2014-12-02T06:43:27.833Z ["SyntaxError: Unexpected token ;\n    at Module._compile (module.js:439:25)\n    at Object.Module._extensions..js (module.js:474:10)\n    at Module.load (module.js:356:32)\n    at Function.Module._load (module.js:312:12)\n    at Module.require (module.js:364:17)\n    at require (module.js:380:17)\n    at init.module.exports.Waiter.extend.require (/Users/sam/Workspace/chug/lib/asset.js:363:19)\n    at /Users/sam/Workspace/chug/lib/Load.js:467:21\n    at Array.forEach (native)\n    at /Users/sam/Workspace/chug/lib/Load.js:192:21"]
INFO 2014-12-02T06:43:28.576Z ["[Lighter] Models loaded. \u001b[90mx0\u001b[39m"]
INFO 2014-12-02T06:43:28.585Z ["[Lighter] Scripts routed to \u001b[36m/sly.js\u001b[39m. \u001b[90mx1\u001b[39m"]
INFO 2014-12-02T06:43:28.585Z ["[Lighter] Styles routed to \u001b[36m/sly.css\u001b[39m. \u001b[90mx1\u001b[39m"]
ERROR 2014-12-02T06:43:28.590Z ["SyntaxError: Unexpected token ;\n    at Module._compile (module.js:439:25)\n    at Object.Module._extensions..js (module.js:474:10)\n    at Module.load (module.js:356:32)\n    at Function.Module._load (module.js:312:12)\n    at Module.require (module.js:364:17)\n    at require (module.js:380:17)\n    at init.module.exports.Waiter.extend.require (/Users/sam/Workspace/chug/lib/asset.js:363:19)\n    at /Users/sam/Workspace/chug/lib/Load.js:467:21\n    at Array.forEach (native)\n    at /Users/sam/Workspace/chug/lib/Load.js:192:21"]
INFO 2014-12-02T06:43:29.347Z ["[Lighter] Models loaded. \u001b[90mx0\u001b[39m"]
INFO 2014-12-02T06:43:29.354Z ["[Lighter] Scripts routed to \u001b[36m/sly.js\u001b[39m. \u001b[90mx1\u001b[39m"]
INFO 2014-12-02T06:43:29.355Z ["[Lighter] Styles routed to \u001b[36m/sly.css\u001b[39m. \u001b[90mx1\u001b[39m"]
ERROR 2014-12-02T06:43:29.360Z ["SyntaxError: Unexpected token ;\n    at Module._compile (module.js:439:25)\n    at Object.Module._extensions..js (module.js:474:10)\n    at Module.load (module.js:356:32)\n    at Function.Module._load (module.js:312:12)\n    at Module.require (module.js:364:17)\n    at require (module.js:380:17)\n    at init.module.exports.Waiter.extend.require (/Users/sam/Workspace/chug/lib/asset.js:363:19)\n    at /Users/sam/Workspace/chug/lib/Load.js:467:21\n    at Array.forEach (native)\n    at /Users/sam/Workspace/chug/lib/Load.js:192:21"]
INFO 2014-12-02T06:43:30.108Z ["[Lighter] Models loaded. \u001b[90mx0\u001b[39m"]
INFO 2014-12-02T06:43:30.116Z ["[Lighter] Scripts routed to \u001b[36m/sly.js\u001b[39m. \u001b[90mx1\u001b[39m"]
INFO 2014-12-02T06:43:30.117Z ["[Lighter] Styles routed to \u001b[36m/sly.css\u001b[39m. \u001b[90mx1\u001b[39m"]
ERROR 2014-12-02T06:43:30.122Z ["SyntaxError: Unexpected token ;\n    at Module._compile (module.js:439:25)\n    at Object.Module._extensions..js (module.js:474:10)\n    at Module.load (module.js:356:32)\n    at Function.Module._load (module.js:312:12)\n    at Module.require (module.js:364:17)\n    at require (module.js:380:17)\n    at init.module.exports.Waiter.extend.require (/Users/sam/Workspace/chug/lib/asset.js:363:19)\n    at /Users/sam/Workspace/chug/lib/Load.js:467:21\n    at Array.forEach (native)\n    at /Users/sam/Workspace/chug/lib/Load.js:192:21"]
INFO 2014-12-02T06:43:30.865Z ["[Lighter] Models loaded. \u001b[90mx0\u001b[39m"]
INFO 2014-12-02T06:43:30.876Z ["[Lighter] Scripts routed to \u001b[36m/sly.js\u001b[39m. \u001b[90mx1\u001b[39m"]
INFO 2014-12-02T06:43:30.877Z ["[Lighter] Styles routed to \u001b[36m/sly.css\u001b[39m. \u001b[90mx1\u001b[39m"]
ERROR 2014-12-02T06:43:30.884Z ["SyntaxError: Unexpected token ;\n    at Module._compile (module.js:439:25)\n    at Object.Module._extensions..js (module.js:474:10)\n    at Module.load (module.js:356:32)\n    at Function.Module._load (module.js:312:12)\n    at Module.require (module.js:364:17)\n    at require (module.js:380:17)\n    at init.module.exports.Waiter.extend.require (/Users/sam/Workspace/chug/lib/asset.js:363:19)\n    at /Users/sam/Workspace/chug/lib/Load.js:467:21\n    at Array.forEach (native)\n    at /Users/sam/Workspace/chug/lib/Load.js:192:21"]
INFO 2014-12-02T06:43:31.622Z ["[Lighter] Models loaded. \u001b[90mx0\u001b[39m"]
INFO 2014-12-02T06:43:31.630Z ["[Lighter] Scripts routed to \u001b[36m/sly.js\u001b[39m. \u001b[90mx1\u001b[39m"]
INFO 2014-12-02T06:43:31.631Z ["[Lighter] Styles routed to \u001b[36m/sly.css\u001b[39m. \u001b[90mx1\u001b[39m"]
ERROR 2014-12-02T06:43:31.636Z ["SyntaxError: Unexpected token ;\n    at Module._compile (module.js:439:25)\n    at Object.Module._extensions..js (module.js:474:10)\n    at Module.load (module.js:356:32)\n    at Function.Module._load (module.js:312:12)\n    at Module.require (module.js:364:17)\n    at require (module.js:380:17)\n    at init.module.exports.Waiter.extend.require (/Users/sam/Workspace/chug/lib/asset.js:363:19)\n    at /Users/sam/Workspace/chug/lib/Load.js:467:21\n    at Array.forEach (native)\n    at /Users/sam/Workspace/chug/lib/Load.js:192:21"]
INFO 2014-12-02T06:43:32.378Z ["[Lighter] Models loaded. \u001b[90mx0\u001b[39m"]
INFO 2014-12-02T06:43:32.386Z ["[Lighter] Scripts routed to \u001b[36m/sly.js\u001b[39m. \u001b[90mx1\u001b[39m"]
INFO 2014-12-02T06:43:32.386Z ["[Lighter] Styles routed to \u001b[36m/sly.css\u001b[39m. \u001b[90mx1\u001b[39m"]
ERROR 2014-12-02T06:43:32.391Z ["SyntaxError: Unexpected token ;\n    at Module._compile (module.js:439:25)\n    at Object.Module._extensions..js (module.js:474:10)\n    at Module.load (module.js:356:32)\n    at Function.Module._load (module.js:312:12)\n    at Module.require (module.js:364:17)\n    at require (module.js:380:17)\n    at init.module.exports.Waiter.extend.require (/Users/sam/Workspace/chug/lib/asset.js:363:19)\n    at /Users/sam/Workspace/chug/lib/Load.js:467:21\n    at Array.forEach (native)\n    at /Users/sam/Workspace/chug/lib/Load.js:192:21"]
INFO 2014-12-02T06:43:33.141Z ["[Lighter] Models loaded. \u001b[90mx0\u001b[39m"]
INFO 2014-12-02T06:43:33.149Z ["[Lighter] Scripts routed to \u001b[36m/sly.js\u001b[39m. \u001b[90mx1\u001b[39m"]
INFO 2014-12-02T06:43:33.150Z ["[Lighter] Styles routed to \u001b[36m/sly.css\u001b[39m. \u001b[90mx1\u001b[39m"]
ERROR 2014-12-02T06:43:33.154Z ["SyntaxError: Unexpected token ;\n    at Module._compile (module.js:439:25)\n    at Object.Module._extensions..js (module.js:474:10)\n    at Module.load (module.js:356:32)\n    at Function.Module._load (module.js:312:12)\n    at Module.require (module.js:364:17)\n    at require (module.js:380:17)\n    at init.module.exports.Waiter.extend.require (/Users/sam/Workspace/chug/lib/asset.js:363:19)\n    at /Users/sam/Workspace/chug/lib/Load.js:467:21\n    at Array.forEach (native)\n    at /Users/sam/Workspace/chug/lib/Load.js:192:21"]
INFO 2014-12-02T06:43:33.903Z ["[Lighter] Models loaded. \u001b[90mx0\u001b[39m"]
INFO 2014-12-02T06:43:33.910Z ["[Lighter] Scripts routed to \u001b[36m/sly.js\u001b[39m. \u001b[90mx1\u001b[39m"]
INFO 2014-12-02T06:43:33.911Z ["[Lighter] Styles routed to \u001b[36m/sly.css\u001b[39m. \u001b[90mx1\u001b[39m"]
ERROR 2014-12-02T06:43:33.916Z ["SyntaxError: Unexpected token ;\n    at Module._compile (module.js:439:25)\n    at Object.Module._extensions..js (module.js:474:10)\n    at Module.load (module.js:356:32)\n    at Function.Module._load (module.js:312:12)\n    at Module.require (module.js:364:17)\n    at require (module.js:380:17)\n    at init.module.exports.Waiter.extend.require (/Users/sam/Workspace/chug/lib/asset.js:363:19)\n    at /Users/sam/Workspace/chug/lib/Load.js:467:21\n    at Array.forEach (native)\n    at /Users/sam/Workspace/chug/lib/Load.js:192:21"]
INFO 2014-12-02T06:43:34.653Z ["[Lighter] Models loaded. \u001b[90mx0\u001b[39m"]
INFO 2014-12-02T06:43:34.661Z ["[Lighter] Scripts routed to \u001b[36m/sly.js\u001b[39m. \u001b[90mx1\u001b[39m"]
INFO 2014-12-02T06:43:34.662Z ["[Lighter] Styles routed to \u001b[36m/sly.css\u001b[39m. \u001b[90mx1\u001b[39m"]
ERROR 2014-12-02T06:43:34.667Z ["SyntaxError: Unexpected token ;\n    at Module._compile (module.js:439:25)\n    at Object.Module._extensions..js (module.js:474:10)\n    at Module.load (module.js:356:32)\n    at Function.Module._load (module.js:312:12)\n    at Module.require (module.js:364:17)\n    at require (module.js:380:17)\n    at init.module.exports.Waiter.extend.require (/Users/sam/Workspace/chug/lib/asset.js:363:19)\n    at /Users/sam/Workspace/chug/lib/Load.js:467:21\n    at Array.forEach (native)\n    at /Users/sam/Workspace/chug/lib/Load.js:192:21"]
INFO 2014-12-02T06:43:35.403Z ["[Lighter] Models loaded. \u001b[90mx0\u001b[39m"]
INFO 2014-12-02T06:43:35.411Z ["[Lighter] Scripts routed to \u001b[36m/sly.js\u001b[39m. \u001b[90mx1\u001b[39m"]
INFO 2014-12-02T06:43:35.412Z ["[Lighter] Styles routed to \u001b[36m/sly.css\u001b[39m. \u001b[90mx1\u001b[39m"]
ERROR 2014-12-02T06:43:35.417Z ["SyntaxError: Unexpected token ;\n    at Module._compile (module.js:439:25)\n    at Object.Module._extensions..js (module.js:474:10)\n    at Module.load (module.js:356:32)\n    at Function.Module._load (module.js:312:12)\n    at Module.require (module.js:364:17)\n    at require (module.js:380:17)\n    at init.module.exports.Waiter.extend.require (/Users/sam/Workspace/chug/lib/asset.js:363:19)\n    at /Users/sam/Workspace/chug/lib/Load.js:467:21\n    at Array.forEach (native)\n    at /Users/sam/Workspace/chug/lib/Load.js:192:21"]
INFO 2014-12-02T06:43:36.163Z ["[Lighter] Models loaded. \u001b[90mx0\u001b[39m"]
INFO 2014-12-02T06:43:36.171Z ["[Lighter] Scripts routed to \u001b[36m/sly.js\u001b[39m. \u001b[90mx1\u001b[39m"]
INFO 2014-12-02T06:43:36.172Z ["[Lighter] Styles routed to \u001b[36m/sly.css\u001b[39m. \u001b[90mx1\u001b[39m"]
ERROR 2014-12-02T06:43:36.177Z ["SyntaxError: Unexpected token ;\n    at Module._compile (module.js:439:25)\n    at Object.Module._extensions..js (module.js:474:10)\n    at Module.load (module.js:356:32)\n    at Function.Module._load (module.js:312:12)\n    at Module.require (module.js:364:17)\n    at require (module.js:380:17)\n    at init.module.exports.Waiter.extend.require (/Users/sam/Workspace/chug/lib/asset.js:363:19)\n    at /Users/sam/Workspace/chug/lib/Load.js:467:21\n    at Array.forEach (native)\n    at /Users/sam/Workspace/chug/lib/Load.js:192:21"]
INFO 2014-12-02T06:43:36.916Z ["[Lighter] Models loaded. \u001b[90mx0\u001b[39m"]
INFO 2014-12-02T06:43:36.924Z ["[Lighter] Scripts routed to \u001b[36m/sly.js\u001b[39m. \u001b[90mx1\u001b[39m"]
INFO 2014-12-02T06:43:36.925Z ["[Lighter] Styles routed to \u001b[36m/sly.css\u001b[39m. \u001b[90mx1\u001b[39m"]
ERROR 2014-12-02T06:43:36.930Z ["SyntaxError: Unexpected token ;\n    at Module._compile (module.js:439:25)\n    at Object.Module._extensions..js (module.js:474:10)\n    at Module.load (module.js:356:32)\n    at Function.Module._load (module.js:312:12)\n    at Module.require (module.js:364:17)\n    at require (module.js:380:17)\n    at init.module.exports.Waiter.extend.require (/Users/sam/Workspace/chug/lib/asset.js:363:19)\n    at /Users/sam/Workspace/chug/lib/Load.js:467:21\n    at Array.forEach (native)\n    at /Users/sam/Workspace/chug/lib/Load.js:192:21"]
INFO 2014-12-02T06:43:37.668Z ["[Lighter] Models loaded. \u001b[90mx0\u001b[39m"]
INFO 2014-12-02T06:43:37.678Z ["[Lighter] Scripts routed to \u001b[36m/sly.js\u001b[39m. \u001b[90mx1\u001b[39m"]
INFO 2014-12-02T06:43:37.678Z ["[Lighter] Styles routed to \u001b[36m/sly.css\u001b[39m. \u001b[90mx1\u001b[39m"]
ERROR 2014-12-02T06:43:37.685Z ["SyntaxError: Unexpected token ;\n    at Module._compile (module.js:439:25)\n    at Object.Module._extensions..js (module.js:474:10)\n    at Module.load (module.js:356:32)\n    at Function.Module._load (module.js:312:12)\n    at Module.require (module.js:364:17)\n    at require (module.js:380:17)\n    at init.module.exports.Waiter.extend.require (/Users/sam/Workspace/chug/lib/asset.js:363:19)\n    at /Users/sam/Workspace/chug/lib/Load.js:467:21\n    at Array.forEach (native)\n    at /Users/sam/Workspace/chug/lib/Load.js:192:21"]
INFO 2014-12-02T06:43:38.421Z ["[Lighter] Models loaded. \u001b[90mx0\u001b[39m"]
INFO 2014-12-02T06:43:38.429Z ["[Lighter] Scripts routed to \u001b[36m/sly.js\u001b[39m. \u001b[90mx1\u001b[39m"]
INFO 2014-12-02T06:43:38.430Z ["[Lighter] Styles routed to \u001b[36m/sly.css\u001b[39m. \u001b[90mx1\u001b[39m"]
ERROR 2014-12-02T06:43:38.434Z ["SyntaxError: Unexpected token ;\n    at Module._compile (module.js:439:25)\n    at Object.Module._extensions..js (module.js:474:10)\n    at Module.load (module.js:356:32)\n    at Function.Module._load (module.js:312:12)\n    at Module.require (module.js:364:17)\n    at require (module.js:380:17)\n    at init.module.exports.Waiter.extend.require (/Users/sam/Workspace/chug/lib/asset.js:363:19)\n    at /Users/sam/Workspace/chug/lib/Load.js:467:21\n    at Array.forEach (native)\n    at /Users/sam/Workspace/chug/lib/Load.js:192:21"]
INFO 2014-12-02T06:43:39.179Z ["[Lighter] Models loaded. \u001b[90mx0\u001b[39m"]
INFO 2014-12-02T06:43:39.187Z ["[Lighter] Scripts routed to \u001b[36m/sly.js\u001b[39m. \u001b[90mx1\u001b[39m"]
INFO 2014-12-02T06:43:39.187Z ["[Lighter] Styles routed to \u001b[36m/sly.css\u001b[39m. \u001b[90mx1\u001b[39m"]
ERROR 2014-12-02T06:43:39.192Z ["SyntaxError: Unexpected token ;\n    at Module._compile (module.js:439:25)\n    at Object.Module._extensions..js (module.js:474:10)\n    at Module.load (module.js:356:32)\n    at Function.Module._load (module.js:312:12)\n    at Module.require (module.js:364:17)\n    at require (module.js:380:17)\n    at init.module.exports.Waiter.extend.require (/Users/sam/Workspace/chug/lib/asset.js:363:19)\n    at /Users/sam/Workspace/chug/lib/Load.js:467:21\n    at Array.forEach (native)\n    at /Users/sam/Workspace/chug/lib/Load.js:192:21"]
INFO 2014-12-02T06:43:39.958Z ["[Lighter] Models loaded. \u001b[90mx0\u001b[39m"]
INFO 2014-12-02T06:43:39.966Z ["[Lighter] Scripts routed to \u001b[36m/sly.js\u001b[39m. \u001b[90mx1\u001b[39m"]
INFO 2014-12-02T06:43:39.967Z ["[Lighter] Styles routed to \u001b[36m/sly.css\u001b[39m. \u001b[90mx1\u001b[39m"]
ERROR 2014-12-02T06:43:39.973Z ["SyntaxError: Unexpected token ;\n    at Module._compile (module.js:439:25)\n    at Object.Module._extensions..js (module.js:474:10)\n    at Module.load (module.js:356:32)\n    at Function.Module._load (module.js:312:12)\n    at Module.require (module.js:364:17)\n    at require (module.js:380:17)\n    at init.module.exports.Waiter.extend.require (/Users/sam/Workspace/chug/lib/asset.js:363:19)\n    at /Users/sam/Workspace/chug/lib/Load.js:467:21\n    at Array.forEach (native)\n    at /Users/sam/Workspace/chug/lib/Load.js:192:21"]
INFO 2014-12-02T06:43:40.746Z ["[Lighter] Models loaded. \u001b[90mx0\u001b[39m"]
INFO 2014-12-02T06:43:40.756Z ["[Lighter] Scripts routed to \u001b[36m/sly.js\u001b[39m. \u001b[90mx1\u001b[39m"]
INFO 2014-12-02T06:43:40.757Z ["[Lighter] Styles routed to \u001b[36m/sly.css\u001b[39m. \u001b[90mx1\u001b[39m"]
ERROR 2014-12-02T06:43:40.762Z ["SyntaxError: Unexpected token ;\n    at Module._compile (module.js:439:25)\n    at Object.Module._extensions..js (module.js:474:10)\n    at Module.load (module.js:356:32)\n    at Function.Module._load (module.js:312:12)\n    at Module.require (module.js:364:17)\n    at require (module.js:380:17)\n    at init.module.exports.Waiter.extend.require (/Users/sam/Workspace/chug/lib/asset.js:363:19)\n    at /Users/sam/Workspace/chug/lib/Load.js:467:21\n    at Array.forEach (native)\n    at /Users/sam/Workspace/chug/lib/Load.js:192:21"]
INFO 2014-12-02T06:43:41.505Z ["[Lighter] Models loaded. \u001b[90mx0\u001b[39m"]
INFO 2014-12-02T06:43:41.512Z ["[Lighter] Scripts routed to \u001b[36m/sly.js\u001b[39m. \u001b[90mx1\u001b[39m"]
INFO 2014-12-02T06:43:41.513Z ["[Lighter] Styles routed to \u001b[36m/sly.css\u001b[39m. \u001b[90mx1\u001b[39m"]
ERROR 2014-12-02T06:43:41.518Z ["SyntaxError: Unexpected token ;\n    at Module._compile (module.js:439:25)\n    at Object.Module._extensions..js (module.js:474:10)\n    at Module.load (module.js:356:32)\n    at Function.Module._load (module.js:312:12)\n    at Module.require (module.js:364:17)\n    at require (module.js:380:17)\n    at init.module.exports.Waiter.extend.require (/Users/sam/Workspace/chug/lib/asset.js:363:19)\n    at /Users/sam/Workspace/chug/lib/Load.js:467:21\n    at Array.forEach (native)\n    at /Users/sam/Workspace/chug/lib/Load.js:192:21"]
INFO 2014-12-02T06:43:42.259Z ["[Lighter] Models loaded. \u001b[90mx0\u001b[39m"]
INFO 2014-12-02T06:43:42.267Z ["[Lighter] Scripts routed to \u001b[36m/sly.js\u001b[39m. \u001b[90mx1\u001b[39m"]
INFO 2014-12-02T06:43:42.268Z ["[Lighter] Styles routed to \u001b[36m/sly.css\u001b[39m. \u001b[90mx1\u001b[39m"]
ERROR 2014-12-02T06:43:42.273Z ["SyntaxError: Unexpected token ;\n    at Module._compile (module.js:439:25)\n    at Object.Module._extensions..js (module.js:474:10)\n    at Module.load (module.js:356:32)\n    at Function.Module._load (module.js:312:12)\n    at Module.require (module.js:364:17)\n    at require (module.js:380:17)\n    at init.module.exports.Waiter.extend.require (/Users/sam/Workspace/chug/lib/asset.js:363:19)\n    at /Users/sam/Workspace/chug/lib/Load.js:467:21\n    at Array.forEach (native)\n    at /Users/sam/Workspace/chug/lib/Load.js:192:21"]
INFO 2014-12-02T06:43:43.016Z ["[Lighter] Models loaded. \u001b[90mx0\u001b[39m"]
INFO 2014-12-02T06:43:43.024Z ["[Lighter] Scripts routed to \u001b[36m/sly.js\u001b[39m. \u001b[90mx1\u001b[39m"]
INFO 2014-12-02T06:43:43.025Z ["[Lighter] Styles routed to \u001b[36m/sly.css\u001b[39m. \u001b[90mx1\u001b[39m"]
ERROR 2014-12-02T06:43:43.030Z ["SyntaxError: Unexpected token ;\n    at Module._compile (module.js:439:25)\n    at Object.Module._extensions..js (module.js:474:10)\n    at Module.load (module.js:356:32)\n    at Function.Module._load (module.js:312:12)\n    at Module.require (module.js:364:17)\n    at require (module.js:380:17)\n    at init.module.exports.Waiter.extend.require (/Users/sam/Workspace/chug/lib/asset.js:363:19)\n    at /Users/sam/Workspace/chug/lib/Load.js:467:21\n    at Array.forEach (native)\n    at /Users/sam/Workspace/chug/lib/Load.js:192:21"]
INFO 2014-12-02T06:43:43.772Z ["[Lighter] Models loaded. \u001b[90mx0\u001b[39m"]
INFO 2014-12-02T06:43:43.779Z ["[Lighter] Scripts routed to \u001b[36m/sly.js\u001b[39m. \u001b[90mx1\u001b[39m"]
INFO 2014-12-02T06:43:43.780Z ["[Lighter] Styles routed to \u001b[36m/sly.css\u001b[39m. \u001b[90mx1\u001b[39m"]
INFO 2014-12-02T06:43:44.526Z ["[Lighter] Models loaded. \u001b[90mx0\u001b[39m"]
INFO 2014-12-02T06:43:44.534Z ["[Lighter] Scripts routed to \u001b[36m/sly.js\u001b[39m. \u001b[90mx1\u001b[39m"]
INFO 2014-12-02T06:43:44.534Z ["[Lighter] Styles routed to \u001b[36m/sly.css\u001b[39m. \u001b[90mx1\u001b[39m"]
ERROR 2014-12-02T06:43:44.539Z ["SyntaxError: Unexpected token ;\n    at Module._compile (module.js:439:25)\n    at Object.Module._extensions..js (module.js:474:10)\n    at Module.load (module.js:356:32)\n    at Function.Module._load (module.js:312:12)\n    at Module.require (module.js:364:17)\n    at require (module.js:380:17)\n    at init.module.exports.Waiter.extend.require (/Users/sam/Workspace/chug/lib/asset.js:363:19)\n    at /Users/sam/Workspace/chug/lib/Load.js:467:21\n    at Array.forEach (native)\n    at /Users/sam/Workspace/chug/lib/Load.js:192:21"]
INFO 2014-12-02T06:43:45.284Z ["[Lighter] Models loaded. \u001b[90mx0\u001b[39m"]
INFO 2014-12-02T06:43:45.292Z ["[Lighter] Scripts routed to \u001b[36m/sly.js\u001b[39m. \u001b[90mx1\u001b[39m"]
INFO 2014-12-02T06:43:45.293Z ["[Lighter] Styles routed to \u001b[36m/sly.css\u001b[39m. \u001b[90mx1\u001b[39m"]
ERROR 2014-12-02T06:43:45.298Z ["SyntaxError: Unexpected token ;\n    at Module._compile (module.js:439:25)\n    at Object.Module._extensions..js (module.js:474:10)\n    at Module.load (module.js:356:32)\n    at Function.Module._load (module.js:312:12)\n    at Module.require (module.js:364:17)\n    at require (module.js:380:17)\n    at init.module.exports.Waiter.extend.require (/Users/sam/Workspace/chug/lib/asset.js:363:19)\n    at /Users/sam/Workspace/chug/lib/Load.js:467:21\n    at Array.forEach (native)\n    at /Users/sam/Workspace/chug/lib/Load.js:192:21"]
INFO 2014-12-02T06:43:46.031Z ["[Lighter] Models loaded. \u001b[90mx0\u001b[39m"]
INFO 2014-12-02T06:43:46.039Z ["[Lighter] Scripts routed to \u001b[36m/sly.js\u001b[39m. \u001b[90mx1\u001b[39m"]
INFO 2014-12-02T06:43:46.039Z ["[Lighter] Styles routed to \u001b[36m/sly.css\u001b[39m. \u001b[90mx1\u001b[39m"]
ERROR 2014-12-02T06:43:46.044Z ["SyntaxError: Unexpected token ;\n    at Module._compile (module.js:439:25)\n    at Object.Module._extensions..js (module.js:474:10)\n    at Module.load (module.js:356:32)\n    at Function.Module._load (module.js:312:12)\n    at Module.require (module.js:364:17)\n    at require (module.js:380:17)\n    at init.module.exports.Waiter.extend.require (/Users/sam/Workspace/chug/lib/asset.js:363:19)\n    at /Users/sam/Workspace/chug/lib/Load.js:467:21\n    at Array.forEach (native)\n    at /Users/sam/Workspace/chug/lib/Load.js:192:21"]
INFO 2014-12-02T06:43:46.782Z ["[Lighter] Models loaded. \u001b[90mx0\u001b[39m"]
INFO 2014-12-02T06:43:46.790Z ["[Lighter] Scripts routed to \u001b[36m/sly.js\u001b[39m. \u001b[90mx1\u001b[39m"]
INFO 2014-12-02T06:43:46.791Z ["[Lighter] Styles routed to \u001b[36m/sly.css\u001b[39m. \u001b[90mx1\u001b[39m"]
ERROR 2014-12-02T06:43:46.796Z ["SyntaxError: Unexpected token ;\n    at Module._compile (module.js:439:25)\n    at Object.Module._extensions..js (module.js:474:10)\n    at Module.load (module.js:356:32)\n    at Function.Module._load (module.js:312:12)\n    at Module.require (module.js:364:17)\n    at require (module.js:380:17)\n    at init.module.exports.Waiter.extend.require (/Users/sam/Workspace/chug/lib/asset.js:363:19)\n    at /Users/sam/Workspace/chug/lib/Load.js:467:21\n    at Array.forEach (native)\n    at /Users/sam/Workspace/chug/lib/Load.js:192:21"]
INFO 2014-12-02T06:43:47.531Z ["[Lighter] Models loaded. \u001b[90mx0\u001b[39m"]
INFO 2014-12-02T06:43:47.542Z ["[Lighter] Scripts routed to \u001b[36m/sly.js\u001b[39m. \u001b[90mx1\u001b[39m"]
INFO 2014-12-02T06:43:47.543Z ["[Lighter] Styles routed to \u001b[36m/sly.css\u001b[39m. \u001b[90mx1\u001b[39m"]
ERROR 2014-12-02T06:43:47.549Z ["SyntaxError: Unexpected token ;\n    at Module._compile (module.js:439:25)\n    at Object.Module._extensions..js (module.js:474:10)\n    at Module.load (module.js:356:32)\n    at Function.Module._load (module.js:312:12)\n    at Module.require (module.js:364:17)\n    at require (module.js:380:17)\n    at init.module.exports.Waiter.extend.require (/Users/sam/Workspace/chug/lib/asset.js:363:19)\n    at /Users/sam/Workspace/chug/lib/Load.js:467:21\n    at Array.forEach (native)\n    at /Users/sam/Workspace/chug/lib/Load.js:192:21"]
INFO 2014-12-02T06:43:48.282Z ["[Lighter] Models loaded. \u001b[90mx0\u001b[39m"]
INFO 2014-12-02T06:43:48.293Z ["[Lighter] Scripts routed to \u001b[36m/sly.js\u001b[39m. \u001b[90mx1\u001b[39m"]
INFO 2014-12-02T06:43:48.294Z ["[Lighter] Styles routed to \u001b[36m/sly.css\u001b[39m. \u001b[90mx1\u001b[39m"]
ERROR 2014-12-02T06:43:48.299Z ["SyntaxError: Unexpected token ;\n    at Module._compile (module.js:439:25)\n    at Object.Module._extensions..js (module.js:474:10)\n    at Module.load (module.js:356:32)\n    at Function.Module._load (module.js:312:12)\n    at Module.require (module.js:364:17)\n    at require (module.js:380:17)\n    at init.module.exports.Waiter.extend.require (/Users/sam/Workspace/chug/lib/asset.js:363:19)\n    at /Users/sam/Workspace/chug/lib/Load.js:467:21\n    at Array.forEach (native)\n    at /Users/sam/Workspace/chug/lib/Load.js:192:21"]
INFO 2014-12-02T06:43:49.033Z ["[Lighter] Models loaded. \u001b[90mx0\u001b[39m"]
INFO 2014-12-02T06:43:49.041Z ["[Lighter] Scripts routed to \u001b[36m/sly.js\u001b[39m. \u001b[90mx1\u001b[39m"]
INFO 2014-12-02T06:43:49.041Z ["[Lighter] Styles routed to \u001b[36m/sly.css\u001b[39m. \u001b[90mx1\u001b[39m"]
ERROR 2014-12-02T06:43:49.046Z ["SyntaxError: Unexpected token ;\n    at Module._compile (module.js:439:25)\n    at Object.Module._extensions..js (module.js:474:10)\n    at Module.load (module.js:356:32)\n    at Function.Module._load (module.js:312:12)\n    at Module.require (module.js:364:17)\n    at require (module.js:380:17)\n    at init.module.exports.Waiter.extend.require (/Users/sam/Workspace/chug/lib/asset.js:363:19)\n    at /Users/sam/Workspace/chug/lib/Load.js:467:21\n    at Array.forEach (native)\n    at /Users/sam/Workspace/chug/lib/Load.js:192:21"]
INFO 2014-12-02T06:43:49.778Z ["[Lighter] Models loaded. \u001b[90mx0\u001b[39m"]
INFO 2014-12-02T06:43:49.786Z ["[Lighter] Scripts routed to \u001b[36m/sly.js\u001b[39m. \u001b[90mx1\u001b[39m"]
INFO 2014-12-02T06:43:49.786Z ["[Lighter] Styles routed to \u001b[36m/sly.css\u001b[39m. \u001b[90mx1\u001b[39m"]
ERROR 2014-12-02T06:43:49.791Z ["SyntaxError: Unexpected token ;\n    at Module._compile (module.js:439:25)\n    at Object.Module._extensions..js (module.js:474:10)\n    at Module.load (module.js:356:32)\n    at Function.Module._load (module.js:312:12)\n    at Module.require (module.js:364:17)\n    at require (module.js:380:17)\n    at init.module.exports.Waiter.extend.require (/Users/sam/Workspace/chug/lib/asset.js:363:19)\n    at /Users/sam/Workspace/chug/lib/Load.js:467:21\n    at Array.forEach (native)\n    at /Users/sam/Workspace/chug/lib/Load.js:192:21"]
INFO 2014-12-02T06:43:50.525Z ["[Lighter] Models loaded. \u001b[90mx0\u001b[39m"]
INFO 2014-12-02T06:43:50.533Z ["[Lighter] Scripts routed to \u001b[36m/sly.js\u001b[39m. \u001b[90mx1\u001b[39m"]
INFO 2014-12-02T06:43:50.534Z ["[Lighter] Styles routed to \u001b[36m/sly.css\u001b[39m. \u001b[90mx1\u001b[39m"]
ERROR 2014-12-02T06:43:50.539Z ["SyntaxError: Unexpected token ;\n    at Module._compile (module.js:439:25)\n    at Object.Module._extensions..js (module.js:474:10)\n    at Module.load (module.js:356:32)\n    at Function.Module._load (module.js:312:12)\n    at Module.require (module.js:364:17)\n    at require (module.js:380:17)\n    at init.module.exports.Waiter.extend.require (/Users/sam/Workspace/chug/lib/asset.js:363:19)\n    at /Users/sam/Workspace/chug/lib/Load.js:467:21\n    at Array.forEach (native)\n    at /Users/sam/Workspace/chug/lib/Load.js:192:21"]
INFO 2014-12-02T06:43:51.274Z ["[Lighter] Models loaded. \u001b[90mx0\u001b[39m"]
INFO 2014-12-02T06:43:51.285Z ["[Lighter] Scripts routed to \u001b[36m/sly.js\u001b[39m. \u001b[90mx1\u001b[39m"]
INFO 2014-12-02T06:43:51.286Z ["[Lighter] Styles routed to \u001b[36m/sly.css\u001b[39m. \u001b[90mx1\u001b[39m"]
ERROR 2014-12-02T06:43:51.292Z ["SyntaxError: Unexpected token ;\n    at Module._compile (module.js:439:25)\n    at Object.Module._extensions..js (module.js:474:10)\n    at Module.load (module.js:356:32)\n    at Function.Module._load (module.js:312:12)\n    at Module.require (module.js:364:17)\n    at require (module.js:380:17)\n    at init.module.exports.Waiter.extend.require (/Users/sam/Workspace/chug/lib/asset.js:363:19)\n    at /Users/sam/Workspace/chug/lib/Load.js:467:21\n    at Array.forEach (native)\n    at /Users/sam/Workspace/chug/lib/Load.js:192:21"]
INFO 2014-12-02T06:43:52.023Z ["[Lighter] Models loaded. \u001b[90mx0\u001b[39m"]
INFO 2014-12-02T06:43:52.031Z ["[Lighter] Scripts routed to \u001b[36m/sly.js\u001b[39m. \u001b[90mx1\u001b[39m"]
INFO 2014-12-02T06:43:52.031Z ["[Lighter] Styles routed to \u001b[36m/sly.css\u001b[39m. \u001b[90mx1\u001b[39m"]
ERROR 2014-12-02T06:43:52.036Z ["SyntaxError: Unexpected token ;\n    at Module._compile (module.js:439:25)\n    at Object.Module._extensions..js (module.js:474:10)\n    at Module.load (module.js:356:32)\n    at Function.Module._load (module.js:312:12)\n    at Module.require (module.js:364:17)\n    at require (module.js:380:17)\n    at init.module.exports.Waiter.extend.require (/Users/sam/Workspace/chug/lib/asset.js:363:19)\n    at /Users/sam/Workspace/chug/lib/Load.js:467:21\n    at Array.forEach (native)\n    at /Users/sam/Workspace/chug/lib/Load.js:192:21"]
INFO 2014-12-02T06:43:52.769Z ["[Lighter] Models loaded. \u001b[90mx0\u001b[39m"]
INFO 2014-12-02T06:43:52.778Z ["[Lighter] Scripts routed to \u001b[36m/sly.js\u001b[39m. \u001b[90mx1\u001b[39m"]
INFO 2014-12-02T06:43:52.778Z ["[Lighter] Styles routed to \u001b[36m/sly.css\u001b[39m. \u001b[90mx1\u001b[39m"]
ERROR 2014-12-02T06:43:52.783Z ["SyntaxError: Unexpected token ;\n    at Module._compile (module.js:439:25)\n    at Object.Module._extensions..js (module.js:474:10)\n    at Module.load (module.js:356:32)\n    at Function.Module._load (module.js:312:12)\n    at Module.require (module.js:364:17)\n    at require (module.js:380:17)\n    at init.module.exports.Waiter.extend.require (/Users/sam/Workspace/chug/lib/asset.js:363:19)\n    at /Users/sam/Workspace/chug/lib/Load.js:467:21\n    at Array.forEach (native)\n    at /Users/sam/Workspace/chug/lib/Load.js:192:21"]
INFO 2014-12-02T06:43:53.518Z ["[Lighter] Models loaded. \u001b[90mx0\u001b[39m"]
INFO 2014-12-02T06:43:53.526Z ["[Lighter] Scripts routed to \u001b[36m/sly.js\u001b[39m. \u001b[90mx1\u001b[39m"]
INFO 2014-12-02T06:43:53.527Z ["[Lighter] Styles routed to \u001b[36m/sly.css\u001b[39m. \u001b[90mx1\u001b[39m"]
ERROR 2014-12-02T06:43:53.531Z ["SyntaxError: Unexpected token ;\n    at Module._compile (module.js:439:25)\n    at Object.Module._extensions..js (module.js:474:10)\n    at Module.load (module.js:356:32)\n    at Function.Module._load (module.js:312:12)\n    at Module.require (module.js:364:17)\n    at require (module.js:380:17)\n    at init.module.exports.Waiter.extend.require (/Users/sam/Workspace/chug/lib/asset.js:363:19)\n    at /Users/sam/Workspace/chug/lib/Load.js:467:21\n    at Array.forEach (native)\n    at /Users/sam/Workspace/chug/lib/Load.js:192:21"]
INFO 2014-12-02T06:43:54.263Z ["[Lighter] Models loaded. \u001b[90mx0\u001b[39m"]
INFO 2014-12-02T06:43:54.271Z ["[Lighter] Scripts routed to \u001b[36m/sly.js\u001b[39m. \u001b[90mx1\u001b[39m"]
INFO 2014-12-02T06:43:54.272Z ["[Lighter] Styles routed to \u001b[36m/sly.css\u001b[39m. \u001b[90mx1\u001b[39m"]
ERROR 2014-12-02T06:43:54.277Z ["SyntaxError: Unexpected token ;\n    at Module._compile (module.js:439:25)\n    at Object.Module._extensions..js (module.js:474:10)\n    at Module.load (module.js:356:32)\n    at Function.Module._load (module.js:312:12)\n    at Module.require (module.js:364:17)\n    at require (module.js:380:17)\n    at init.module.exports.Waiter.extend.require (/Users/sam/Workspace/chug/lib/asset.js:363:19)\n    at /Users/sam/Workspace/chug/lib/Load.js:467:21\n    at Array.forEach (native)\n    at /Users/sam/Workspace/chug/lib/Load.js:192:21"]
INFO 2014-12-02T06:43:55.012Z ["[Lighter] Models loaded. \u001b[90mx0\u001b[39m"]
INFO 2014-12-02T06:43:55.020Z ["[Lighter] Scripts routed to \u001b[36m/sly.js\u001b[39m. \u001b[90mx1\u001b[39m"]
INFO 2014-12-02T06:43:55.021Z ["[Lighter] Styles routed to \u001b[36m/sly.css\u001b[39m. \u001b[90mx1\u001b[39m"]
ERROR 2014-12-02T06:43:55.026Z ["SyntaxError: Unexpected token ;\n    at Module._compile (module.js:439:25)\n    at Object.Module._extensions..js (module.js:474:10)\n    at Module.load (module.js:356:32)\n    at Function.Module._load (module.js:312:12)\n    at Module.require (module.js:364:17)\n    at require (module.js:380:17)\n    at init.module.exports.Waiter.extend.require (/Users/sam/Workspace/chug/lib/asset.js:363:19)\n    at /Users/sam/Workspace/chug/lib/Load.js:467:21\n    at Array.forEach (native)\n    at /Users/sam/Workspace/chug/lib/Load.js:192:21"]
INFO 2014-12-02T06:43:55.758Z ["[Lighter] Models loaded. \u001b[90mx0\u001b[39m"]
INFO 2014-12-02T06:43:55.766Z ["[Lighter] Scripts routed to \u001b[36m/sly.js\u001b[39m. \u001b[90mx1\u001b[39m"]
INFO 2014-12-02T06:43:55.767Z ["[Lighter] Styles routed to \u001b[36m/sly.css\u001b[39m. \u001b[90mx1\u001b[39m"]
ERROR 2014-12-02T06:43:55.771Z ["SyntaxError: Unexpected token ;\n    at Module._compile (module.js:439:25)\n    at Object.Module._extensions..js (module.js:474:10)\n    at Module.load (module.js:356:32)\n    at Function.Module._load (module.js:312:12)\n    at Module.require (module.js:364:17)\n    at require (module.js:380:17)\n    at init.module.exports.Waiter.extend.require (/Users/sam/Workspace/chug/lib/asset.js:363:19)\n    at /Users/sam/Workspace/chug/lib/Load.js:467:21\n    at Array.forEach (native)\n    at /Users/sam/Workspace/chug/lib/Load.js:192:21"]
INFO 2014-12-02T06:43:56.505Z ["[Lighter] Models loaded. \u001b[90mx0\u001b[39m"]
INFO 2014-12-02T06:43:56.512Z ["[Lighter] Scripts routed to \u001b[36m/sly.js\u001b[39m. \u001b[90mx1\u001b[39m"]
INFO 2014-12-02T06:43:56.513Z ["[Lighter] Styles routed to \u001b[36m/sly.css\u001b[39m. \u001b[90mx1\u001b[39m"]
ERROR 2014-12-02T06:43:56.518Z ["SyntaxError: Unexpected token ;\n    at Module._compile (module.js:439:25)\n    at Object.Module._extensions..js (module.js:474:10)\n    at Module.load (module.js:356:32)\n    at Function.Module._load (module.js:312:12)\n    at Module.require (module.js:364:17)\n    at require (module.js:380:17)\n    at init.module.exports.Waiter.extend.require (/Users/sam/Workspace/chug/lib/asset.js:363:19)\n    at /Users/sam/Workspace/chug/lib/Load.js:467:21\n    at Array.forEach (native)\n    at /Users/sam/Workspace/chug/lib/Load.js:192:21"]
INFO 2014-12-02T06:43:57.250Z ["[Lighter] Models loaded. \u001b[90mx0\u001b[39m"]
INFO 2014-12-02T06:43:57.258Z ["[Lighter] Scripts routed to \u001b[36m/sly.js\u001b[39m. \u001b[90mx1\u001b[39m"]
INFO 2014-12-02T06:43:57.258Z ["[Lighter] Styles routed to \u001b[36m/sly.css\u001b[39m. \u001b[90mx1\u001b[39m"]
ERROR 2014-12-02T06:43:57.263Z ["SyntaxError: Unexpected token ;\n    at Module._compile (module.js:439:25)\n    at Object.Module._extensions..js (module.js:474:10)\n    at Module.load (module.js:356:32)\n    at Function.Module._load (module.js:312:12)\n    at Module.require (module.js:364:17)\n    at require (module.js:380:17)\n    at init.module.exports.Waiter.extend.require (/Users/sam/Workspace/chug/lib/asset.js:363:19)\n    at /Users/sam/Workspace/chug/lib/Load.js:467:21\n    at Array.forEach (native)\n    at /Users/sam/Workspace/chug/lib/Load.js:192:21"]
INFO 2014-12-02T06:43:57.999Z ["[Lighter] Models loaded. \u001b[90mx0\u001b[39m"]
INFO 2014-12-02T06:43:58.007Z ["[Lighter] Scripts routed to \u001b[36m/sly.js\u001b[39m. \u001b[90mx1\u001b[39m"]
INFO 2014-12-02T06:43:58.007Z ["[Lighter] Styles routed to \u001b[36m/sly.css\u001b[39m. \u001b[90mx1\u001b[39m"]
ERROR 2014-12-02T06:43:58.012Z ["SyntaxError: Unexpected token ;\n    at Module._compile (module.js:439:25)\n    at Object.Module._extensions..js (module.js:474:10)\n    at Module.load (module.js:356:32)\n    at Function.Module._load (module.js:312:12)\n    at Module.require (module.js:364:17)\n    at require (module.js:380:17)\n    at init.module.exports.Waiter.extend.require (/Users/sam/Workspace/chug/lib/asset.js:363:19)\n    at /Users/sam/Workspace/chug/lib/Load.js:467:21\n    at Array.forEach (native)\n    at /Users/sam/Workspace/chug/lib/Load.js:192:21"]
INFO 2014-12-02T06:43:58.752Z ["[Lighter] Models loaded. \u001b[90mx0\u001b[39m"]
INFO 2014-12-02T06:43:58.759Z ["[Lighter] Scripts routed to \u001b[36m/sly.js\u001b[39m. \u001b[90mx1\u001b[39m"]
INFO 2014-12-02T06:43:58.760Z ["[Lighter] Styles routed to \u001b[36m/sly.css\u001b[39m. \u001b[90mx1\u001b[39m"]
ERROR 2014-12-02T06:43:58.765Z ["SyntaxError: Unexpected token ;\n    at Module._compile (module.js:439:25)\n    at Object.Module._extensions..js (module.js:474:10)\n    at Module.load (module.js:356:32)\n    at Function.Module._load (module.js:312:12)\n    at Module.require (module.js:364:17)\n    at require (module.js:380:17)\n    at init.module.exports.Waiter.extend.require (/Users/sam/Workspace/chug/lib/asset.js:363:19)\n    at /Users/sam/Workspace/chug/lib/Load.js:467:21\n    at Array.forEach (native)\n    at /Users/sam/Workspace/chug/lib/Load.js:192:21"]
INFO 2014-12-02T06:43:59.497Z ["[Lighter] Models loaded. \u001b[90mx0\u001b[39m"]
INFO 2014-12-02T06:43:59.505Z ["[Lighter] Scripts routed to \u001b[36m/sly.js\u001b[39m. \u001b[90mx1\u001b[39m"]
INFO 2014-12-02T06:43:59.505Z ["[Lighter] Styles routed to \u001b[36m/sly.css\u001b[39m. \u001b[90mx1\u001b[39m"]
ERROR 2014-12-02T06:43:59.510Z ["SyntaxError: Unexpected token ;\n    at Module._compile (module.js:439:25)\n    at Object.Module._extensions..js (module.js:474:10)\n    at Module.load (module.js:356:32)\n    at Function.Module._load (module.js:312:12)\n    at Module.require (module.js:364:17)\n    at require (module.js:380:17)\n    at init.module.exports.Waiter.extend.require (/Users/sam/Workspace/chug/lib/asset.js:363:19)\n    at /Users/sam/Workspace/chug/lib/Load.js:467:21\n    at Array.forEach (native)\n    at /Users/sam/Workspace/chug/lib/Load.js:192:21"]
