INFO 2014-12-02T07:11:00.489Z ["[Lighter] Models loaded. \u001b[90mx0\u001b[39m"]
INFO 2014-12-02T07:11:00.497Z ["[Lighter] Scripts routed to \u001b[36m/sly.js\u001b[39m. \u001b[90mx1\u001b[39m"]
INFO 2014-12-02T07:11:00.497Z ["[Lighter] Styles routed to \u001b[36m/sly.css\u001b[39m. \u001b[90mx1\u001b[39m"]
ERROR 2014-12-02T07:11:00.502Z ["SyntaxError: Unexpected token ;\n    at Module._compile (module.js:439:25)\n    at Object.Module._extensions..js (module.js:474:10)\n    at Module.load (module.js:356:32)\n    at Function.Module._load (module.js:312:12)\n    at Module.require (module.js:364:17)\n    at require (module.js:380:17)\n    at init.module.exports.Waiter.extend.require (/Users/sam/Workspace/chug/lib/asset.js:363:19)\n    at /Users/sam/Workspace/chug/lib/Load.js:467:21\n    at Array.forEach (native)\n    at /Users/sam/Workspace/chug/lib/Load.js:192:21"]
INFO 2014-12-02T07:11:01.482Z ["[Lighter] Models loaded. \u001b[90mx0\u001b[39m"]
INFO 2014-12-02T07:11:01.491Z ["[Lighter] Scripts routed to \u001b[36m/sly.js\u001b[39m. \u001b[90mx1\u001b[39m"]
INFO 2014-12-02T07:11:01.491Z ["[Lighter] Styles routed to \u001b[36m/sly.css\u001b[39m. \u001b[90mx1\u001b[39m"]
ERROR 2014-12-02T07:11:01.496Z ["SyntaxError: Unexpected token ;\n    at Module._compile (module.js:439:25)\n    at Object.Module._extensions..js (module.js:474:10)\n    at Module.load (module.js:356:32)\n    at Function.Module._load (module.js:312:12)\n    at Module.require (module.js:364:17)\n    at require (module.js:380:17)\n    at init.module.exports.Waiter.extend.require (/Users/sam/Workspace/chug/lib/asset.js:363:19)\n    at /Users/sam/Workspace/chug/lib/Load.js:467:21\n    at Array.forEach (native)\n    at /Users/sam/Workspace/chug/lib/Load.js:192:21"]
INFO 2014-12-02T07:11:02.440Z ["[Lighter] Models loaded. \u001b[90mx0\u001b[39m"]
INFO 2014-12-02T07:11:02.451Z ["[Lighter] Scripts routed to \u001b[36m/sly.js\u001b[39m. \u001b[90mx1\u001b[39m"]
INFO 2014-12-02T07:11:02.452Z ["[Lighter] Styles routed to \u001b[36m/sly.css\u001b[39m. \u001b[90mx1\u001b[39m"]
ERROR 2014-12-02T07:11:02.457Z ["SyntaxError: Unexpected token ;\n    at Module._compile (module.js:439:25)\n    at Object.Module._extensions..js (module.js:474:10)\n    at Module.load (module.js:356:32)\n    at Function.Module._load (module.js:312:12)\n    at Module.require (module.js:364:17)\n    at require (module.js:380:17)\n    at init.module.exports.Waiter.extend.require (/Users/sam/Workspace/chug/lib/asset.js:363:19)\n    at /Users/sam/Workspace/chug/lib/Load.js:467:21\n    at Array.forEach (native)\n    at /Users/sam/Workspace/chug/lib/Load.js:192:21"]
INFO 2014-12-02T07:11:03.372Z ["[Lighter] Models loaded. \u001b[90mx0\u001b[39m"]
INFO 2014-12-02T07:11:03.380Z ["[Lighter] Scripts routed to \u001b[36m/sly.js\u001b[39m. \u001b[90mx1\u001b[39m"]
INFO 2014-12-02T07:11:03.381Z ["[Lighter] Styles routed to \u001b[36m/sly.css\u001b[39m. \u001b[90mx1\u001b[39m"]
ERROR 2014-12-02T07:11:03.386Z ["SyntaxError: Unexpected token ;\n    at Module._compile (module.js:439:25)\n    at Object.Module._extensions..js (module.js:474:10)\n    at Module.load (module.js:356:32)\n    at Function.Module._load (module.js:312:12)\n    at Module.require (module.js:364:17)\n    at require (module.js:380:17)\n    at init.module.exports.Waiter.extend.require (/Users/sam/Workspace/chug/lib/asset.js:363:19)\n    at /Users/sam/Workspace/chug/lib/Load.js:467:21\n    at Array.forEach (native)\n    at /Users/sam/Workspace/chug/lib/Load.js:192:21"]
INFO 2014-12-02T07:11:04.126Z ["[Lighter] Models loaded. \u001b[90mx0\u001b[39m"]
INFO 2014-12-02T07:11:04.134Z ["[Lighter] Scripts routed to \u001b[36m/sly.js\u001b[39m. \u001b[90mx1\u001b[39m"]
INFO 2014-12-02T07:11:04.135Z ["[Lighter] Styles routed to \u001b[36m/sly.css\u001b[39m. \u001b[90mx1\u001b[39m"]
ERROR 2014-12-02T07:11:04.139Z ["SyntaxError: Unexpected token ;\n    at Module._compile (module.js:439:25)\n    at Object.Module._extensions..js (module.js:474:10)\n    at Module.load (module.js:356:32)\n    at Function.Module._load (module.js:312:12)\n    at Module.require (module.js:364:17)\n    at require (module.js:380:17)\n    at init.module.exports.Waiter.extend.require (/Users/sam/Workspace/chug/lib/asset.js:363:19)\n    at /Users/sam/Workspace/chug/lib/Load.js:467:21\n    at Array.forEach (native)\n    at /Users/sam/Workspace/chug/lib/Load.js:192:21"]
INFO 2014-12-02T07:11:04.878Z ["[Lighter] Models loaded. \u001b[90mx0\u001b[39m"]
INFO 2014-12-02T07:11:04.886Z ["[Lighter] Scripts routed to \u001b[36m/sly.js\u001b[39m. \u001b[90mx1\u001b[39m"]
INFO 2014-12-02T07:11:04.886Z ["[Lighter] Styles routed to \u001b[36m/sly.css\u001b[39m. \u001b[90mx1\u001b[39m"]
ERROR 2014-12-02T07:11:04.891Z ["SyntaxError: Unexpected token ;\n    at Module._compile (module.js:439:25)\n    at Object.Module._extensions..js (module.js:474:10)\n    at Module.load (module.js:356:32)\n    at Function.Module._load (module.js:312:12)\n    at Module.require (module.js:364:17)\n    at require (module.js:380:17)\n    at init.module.exports.Waiter.extend.require (/Users/sam/Workspace/chug/lib/asset.js:363:19)\n    at /Users/sam/Workspace/chug/lib/Load.js:467:21\n    at Array.forEach (native)\n    at /Users/sam/Workspace/chug/lib/Load.js:192:21"]
INFO 2014-12-02T07:11:05.629Z ["[Lighter] Models loaded. \u001b[90mx0\u001b[39m"]
INFO 2014-12-02T07:11:05.637Z ["[Lighter] Scripts routed to \u001b[36m/sly.js\u001b[39m. \u001b[90mx1\u001b[39m"]
INFO 2014-12-02T07:11:05.638Z ["[Lighter] Styles routed to \u001b[36m/sly.css\u001b[39m. \u001b[90mx1\u001b[39m"]
ERROR 2014-12-02T07:11:05.643Z ["SyntaxError: Unexpected token ;\n    at Module._compile (module.js:439:25)\n    at Object.Module._extensions..js (module.js:474:10)\n    at Module.load (module.js:356:32)\n    at Function.Module._load (module.js:312:12)\n    at Module.require (module.js:364:17)\n    at require (module.js:380:17)\n    at init.module.exports.Waiter.extend.require (/Users/sam/Workspace/chug/lib/asset.js:363:19)\n    at /Users/sam/Workspace/chug/lib/Load.js:467:21\n    at Array.forEach (native)\n    at /Users/sam/Workspace/chug/lib/Load.js:192:21"]
INFO 2014-12-02T07:11:06.381Z ["[Lighter] Models loaded. \u001b[90mx0\u001b[39m"]
INFO 2014-12-02T07:11:06.388Z ["[Lighter] Scripts routed to \u001b[36m/sly.js\u001b[39m. \u001b[90mx1\u001b[39m"]
INFO 2014-12-02T07:11:06.389Z ["[Lighter] Styles routed to \u001b[36m/sly.css\u001b[39m. \u001b[90mx1\u001b[39m"]
ERROR 2014-12-02T07:11:06.394Z ["SyntaxError: Unexpected token ;\n    at Module._compile (module.js:439:25)\n    at Object.Module._extensions..js (module.js:474:10)\n    at Module.load (module.js:356:32)\n    at Function.Module._load (module.js:312:12)\n    at Module.require (module.js:364:17)\n    at require (module.js:380:17)\n    at init.module.exports.Waiter.extend.require (/Users/sam/Workspace/chug/lib/asset.js:363:19)\n    at /Users/sam/Workspace/chug/lib/Load.js:467:21\n    at Array.forEach (native)\n    at /Users/sam/Workspace/chug/lib/Load.js:192:21"]
INFO 2014-12-02T07:11:07.135Z ["[Lighter] Models loaded. \u001b[90mx0\u001b[39m"]
INFO 2014-12-02T07:11:07.143Z ["[Lighter] Scripts routed to \u001b[36m/sly.js\u001b[39m. \u001b[90mx1\u001b[39m"]
INFO 2014-12-02T07:11:07.144Z ["[Lighter] Styles routed to \u001b[36m/sly.css\u001b[39m. \u001b[90mx1\u001b[39m"]
ERROR 2014-12-02T07:11:07.148Z ["SyntaxError: Unexpected token ;\n    at Module._compile (module.js:439:25)\n    at Object.Module._extensions..js (module.js:474:10)\n    at Module.load (module.js:356:32)\n    at Function.Module._load (module.js:312:12)\n    at Module.require (module.js:364:17)\n    at require (module.js:380:17)\n    at init.module.exports.Waiter.extend.require (/Users/sam/Workspace/chug/lib/asset.js:363:19)\n    at /Users/sam/Workspace/chug/lib/Load.js:467:21\n    at Array.forEach (native)\n    at /Users/sam/Workspace/chug/lib/Load.js:192:21"]
INFO 2014-12-02T07:11:07.887Z ["[Lighter] Models loaded. \u001b[90mx0\u001b[39m"]
INFO 2014-12-02T07:11:07.895Z ["[Lighter] Scripts routed to \u001b[36m/sly.js\u001b[39m. \u001b[90mx1\u001b[39m"]
INFO 2014-12-02T07:11:07.896Z ["[Lighter] Styles routed to \u001b[36m/sly.css\u001b[39m. \u001b[90mx1\u001b[39m"]
ERROR 2014-12-02T07:11:07.900Z ["SyntaxError: Unexpected token ;\n    at Module._compile (module.js:439:25)\n    at Object.Module._extensions..js (module.js:474:10)\n    at Module.load (module.js:356:32)\n    at Function.Module._load (module.js:312:12)\n    at Module.require (module.js:364:17)\n    at require (module.js:380:17)\n    at init.module.exports.Waiter.extend.require (/Users/sam/Workspace/chug/lib/asset.js:363:19)\n    at /Users/sam/Workspace/chug/lib/Load.js:467:21\n    at Array.forEach (native)\n    at /Users/sam/Workspace/chug/lib/Load.js:192:21"]
INFO 2014-12-02T07:11:08.635Z ["[Lighter] Models loaded. \u001b[90mx0\u001b[39m"]
INFO 2014-12-02T07:11:08.643Z ["[Lighter] Scripts routed to \u001b[36m/sly.js\u001b[39m. \u001b[90mx1\u001b[39m"]
INFO 2014-12-02T07:11:08.644Z ["[Lighter] Styles routed to \u001b[36m/sly.css\u001b[39m. \u001b[90mx1\u001b[39m"]
ERROR 2014-12-02T07:11:08.649Z ["SyntaxError: Unexpected token ;\n    at Module._compile (module.js:439:25)\n    at Object.Module._extensions..js (module.js:474:10)\n    at Module.load (module.js:356:32)\n    at Function.Module._load (module.js:312:12)\n    at Module.require (module.js:364:17)\n    at require (module.js:380:17)\n    at init.module.exports.Waiter.extend.require (/Users/sam/Workspace/chug/lib/asset.js:363:19)\n    at /Users/sam/Workspace/chug/lib/Load.js:467:21\n    at Array.forEach (native)\n    at /Users/sam/Workspace/chug/lib/Load.js:192:21"]
INFO 2014-12-02T07:11:09.388Z ["[Lighter] Models loaded. \u001b[90mx0\u001b[39m"]
INFO 2014-12-02T07:11:09.396Z ["[Lighter] Scripts routed to \u001b[36m/sly.js\u001b[39m. \u001b[90mx1\u001b[39m"]
INFO 2014-12-02T07:11:09.396Z ["[Lighter] Styles routed to \u001b[36m/sly.css\u001b[39m. \u001b[90mx1\u001b[39m"]
ERROR 2014-12-02T07:11:09.401Z ["SyntaxError: Unexpected token ;\n    at Module._compile (module.js:439:25)\n    at Object.Module._extensions..js (module.js:474:10)\n    at Module.load (module.js:356:32)\n    at Function.Module._load (module.js:312:12)\n    at Module.require (module.js:364:17)\n    at require (module.js:380:17)\n    at init.module.exports.Waiter.extend.require (/Users/sam/Workspace/chug/lib/asset.js:363:19)\n    at /Users/sam/Workspace/chug/lib/Load.js:467:21\n    at Array.forEach (native)\n    at /Users/sam/Workspace/chug/lib/Load.js:192:21"]
INFO 2014-12-02T07:11:10.144Z ["[Lighter] Models loaded. \u001b[90mx0\u001b[39m"]
INFO 2014-12-02T07:11:10.153Z ["[Lighter] Scripts routed to \u001b[36m/sly.js\u001b[39m. \u001b[90mx1\u001b[39m"]
INFO 2014-12-02T07:11:10.154Z ["[Lighter] Styles routed to \u001b[36m/sly.css\u001b[39m. \u001b[90mx1\u001b[39m"]
ERROR 2014-12-02T07:11:10.159Z ["SyntaxError: Unexpected token ;\n    at Module._compile (module.js:439:25)\n    at Object.Module._extensions..js (module.js:474:10)\n    at Module.load (module.js:356:32)\n    at Function.Module._load (module.js:312:12)\n    at Module.require (module.js:364:17)\n    at require (module.js:380:17)\n    at init.module.exports.Waiter.extend.require (/Users/sam/Workspace/chug/lib/asset.js:363:19)\n    at /Users/sam/Workspace/chug/lib/Load.js:467:21\n    at Array.forEach (native)\n    at /Users/sam/Workspace/chug/lib/Load.js:192:21"]
INFO 2014-12-02T07:11:10.897Z ["[Lighter] Models loaded. \u001b[90mx0\u001b[39m"]
INFO 2014-12-02T07:11:10.905Z ["[Lighter] Scripts routed to \u001b[36m/sly.js\u001b[39m. \u001b[90mx1\u001b[39m"]
INFO 2014-12-02T07:11:10.905Z ["[Lighter] Styles routed to \u001b[36m/sly.css\u001b[39m. \u001b[90mx1\u001b[39m"]
ERROR 2014-12-02T07:11:10.910Z ["SyntaxError: Unexpected token ;\n    at Module._compile (module.js:439:25)\n    at Object.Module._extensions..js (module.js:474:10)\n    at Module.load (module.js:356:32)\n    at Function.Module._load (module.js:312:12)\n    at Module.require (module.js:364:17)\n    at require (module.js:380:17)\n    at init.module.exports.Waiter.extend.require (/Users/sam/Workspace/chug/lib/asset.js:363:19)\n    at /Users/sam/Workspace/chug/lib/Load.js:467:21\n    at Array.forEach (native)\n    at /Users/sam/Workspace/chug/lib/Load.js:192:21"]
INFO 2014-12-02T07:11:11.650Z ["[Lighter] Models loaded. \u001b[90mx0\u001b[39m"]
INFO 2014-12-02T07:11:11.658Z ["[Lighter] Scripts routed to \u001b[36m/sly.js\u001b[39m. \u001b[90mx1\u001b[39m"]
INFO 2014-12-02T07:11:11.659Z ["[Lighter] Styles routed to \u001b[36m/sly.css\u001b[39m. \u001b[90mx1\u001b[39m"]
ERROR 2014-12-02T07:11:11.663Z ["SyntaxError: Unexpected token ;\n    at Module._compile (module.js:439:25)\n    at Object.Module._extensions..js (module.js:474:10)\n    at Module.load (module.js:356:32)\n    at Function.Module._load (module.js:312:12)\n    at Module.require (module.js:364:17)\n    at require (module.js:380:17)\n    at init.module.exports.Waiter.extend.require (/Users/sam/Workspace/chug/lib/asset.js:363:19)\n    at /Users/sam/Workspace/chug/lib/Load.js:467:21\n    at Array.forEach (native)\n    at /Users/sam/Workspace/chug/lib/Load.js:192:21"]
INFO 2014-12-02T07:11:12.402Z ["[Lighter] Models loaded. \u001b[90mx0\u001b[39m"]
INFO 2014-12-02T07:11:12.409Z ["[Lighter] Scripts routed to \u001b[36m/sly.js\u001b[39m. \u001b[90mx1\u001b[39m"]
INFO 2014-12-02T07:11:12.410Z ["[Lighter] Styles routed to \u001b[36m/sly.css\u001b[39m. \u001b[90mx1\u001b[39m"]
ERROR 2014-12-02T07:11:12.415Z ["SyntaxError: Unexpected token ;\n    at Module._compile (module.js:439:25)\n    at Object.Module._extensions..js (module.js:474:10)\n    at Module.load (module.js:356:32)\n    at Function.Module._load (module.js:312:12)\n    at Module.require (module.js:364:17)\n    at require (module.js:380:17)\n    at init.module.exports.Waiter.extend.require (/Users/sam/Workspace/chug/lib/asset.js:363:19)\n    at /Users/sam/Workspace/chug/lib/Load.js:467:21\n    at Array.forEach (native)\n    at /Users/sam/Workspace/chug/lib/Load.js:192:21"]
INFO 2014-12-02T07:11:13.154Z ["[Lighter] Models loaded. \u001b[90mx0\u001b[39m"]
INFO 2014-12-02T07:11:13.162Z ["[Lighter] Scripts routed to \u001b[36m/sly.js\u001b[39m. \u001b[90mx1\u001b[39m"]
INFO 2014-12-02T07:11:13.162Z ["[Lighter] Styles routed to \u001b[36m/sly.css\u001b[39m. \u001b[90mx1\u001b[39m"]
ERROR 2014-12-02T07:11:13.167Z ["SyntaxError: Unexpected token ;\n    at Module._compile (module.js:439:25)\n    at Object.Module._extensions..js (module.js:474:10)\n    at Module.load (module.js:356:32)\n    at Function.Module._load (module.js:312:12)\n    at Module.require (module.js:364:17)\n    at require (module.js:380:17)\n    at init.module.exports.Waiter.extend.require (/Users/sam/Workspace/chug/lib/asset.js:363:19)\n    at /Users/sam/Workspace/chug/lib/Load.js:467:21\n    at Array.forEach (native)\n    at /Users/sam/Workspace/chug/lib/Load.js:192:21"]
INFO 2014-12-02T07:11:13.903Z ["[Lighter] Models loaded. \u001b[90mx0\u001b[39m"]
INFO 2014-12-02T07:11:13.911Z ["[Lighter] Scripts routed to \u001b[36m/sly.js\u001b[39m. \u001b[90mx1\u001b[39m"]
INFO 2014-12-02T07:11:13.912Z ["[Lighter] Styles routed to \u001b[36m/sly.css\u001b[39m. \u001b[90mx1\u001b[39m"]
ERROR 2014-12-02T07:11:13.916Z ["SyntaxError: Unexpected token ;\n    at Module._compile (module.js:439:25)\n    at Object.Module._extensions..js (module.js:474:10)\n    at Module.load (module.js:356:32)\n    at Function.Module._load (module.js:312:12)\n    at Module.require (module.js:364:17)\n    at require (module.js:380:17)\n    at init.module.exports.Waiter.extend.require (/Users/sam/Workspace/chug/lib/asset.js:363:19)\n    at /Users/sam/Workspace/chug/lib/Load.js:467:21\n    at Array.forEach (native)\n    at /Users/sam/Workspace/chug/lib/Load.js:192:21"]
INFO 2014-12-02T07:11:14.652Z ["[Lighter] Models loaded. \u001b[90mx0\u001b[39m"]
INFO 2014-12-02T07:11:14.660Z ["[Lighter] Scripts routed to \u001b[36m/sly.js\u001b[39m. \u001b[90mx1\u001b[39m"]
INFO 2014-12-02T07:11:14.661Z ["[Lighter] Styles routed to \u001b[36m/sly.css\u001b[39m. \u001b[90mx1\u001b[39m"]
ERROR 2014-12-02T07:11:14.666Z ["SyntaxError: Unexpected token ;\n    at Module._compile (module.js:439:25)\n    at Object.Module._extensions..js (module.js:474:10)\n    at Module.load (module.js:356:32)\n    at Function.Module._load (module.js:312:12)\n    at Module.require (module.js:364:17)\n    at require (module.js:380:17)\n    at init.module.exports.Waiter.extend.require (/Users/sam/Workspace/chug/lib/asset.js:363:19)\n    at /Users/sam/Workspace/chug/lib/Load.js:467:21\n    at Array.forEach (native)\n    at /Users/sam/Workspace/chug/lib/Load.js:192:21"]
INFO 2014-12-02T07:11:15.405Z ["[Lighter] Models loaded. \u001b[90mx0\u001b[39m"]
INFO 2014-12-02T07:11:15.413Z ["[Lighter] Scripts routed to \u001b[36m/sly.js\u001b[39m. \u001b[90mx1\u001b[39m"]
INFO 2014-12-02T07:11:15.414Z ["[Lighter] Styles routed to \u001b[36m/sly.css\u001b[39m. \u001b[90mx1\u001b[39m"]
ERROR 2014-12-02T07:11:15.419Z ["SyntaxError: Unexpected token ;\n    at Module._compile (module.js:439:25)\n    at Object.Module._extensions..js (module.js:474:10)\n    at Module.load (module.js:356:32)\n    at Function.Module._load (module.js:312:12)\n    at Module.require (module.js:364:17)\n    at require (module.js:380:17)\n    at init.module.exports.Waiter.extend.require (/Users/sam/Workspace/chug/lib/asset.js:363:19)\n    at /Users/sam/Workspace/chug/lib/Load.js:467:21\n    at Array.forEach (native)\n    at /Users/sam/Workspace/chug/lib/Load.js:192:21"]
INFO 2014-12-02T07:11:16.159Z ["[Lighter] Models loaded. \u001b[90mx0\u001b[39m"]
INFO 2014-12-02T07:11:16.167Z ["[Lighter] Scripts routed to \u001b[36m/sly.js\u001b[39m. \u001b[90mx1\u001b[39m"]
INFO 2014-12-02T07:11:16.167Z ["[Lighter] Styles routed to \u001b[36m/sly.css\u001b[39m. \u001b[90mx1\u001b[39m"]
ERROR 2014-12-02T07:11:16.172Z ["SyntaxError: Unexpected token ;\n    at Module._compile (module.js:439:25)\n    at Object.Module._extensions..js (module.js:474:10)\n    at Module.load (module.js:356:32)\n    at Function.Module._load (module.js:312:12)\n    at Module.require (module.js:364:17)\n    at require (module.js:380:17)\n    at init.module.exports.Waiter.extend.require (/Users/sam/Workspace/chug/lib/asset.js:363:19)\n    at /Users/sam/Workspace/chug/lib/Load.js:467:21\n    at Array.forEach (native)\n    at /Users/sam/Workspace/chug/lib/Load.js:192:21"]
INFO 2014-12-02T07:11:16.913Z ["[Lighter] Models loaded. \u001b[90mx0\u001b[39m"]
INFO 2014-12-02T07:11:16.921Z ["[Lighter] Scripts routed to \u001b[36m/sly.js\u001b[39m. \u001b[90mx1\u001b[39m"]
INFO 2014-12-02T07:11:16.921Z ["[Lighter] Styles routed to \u001b[36m/sly.css\u001b[39m. \u001b[90mx1\u001b[39m"]
ERROR 2014-12-02T07:11:16.926Z ["SyntaxError: Unexpected token ;\n    at Module._compile (module.js:439:25)\n    at Object.Module._extensions..js (module.js:474:10)\n    at Module.load (module.js:356:32)\n    at Function.Module._load (module.js:312:12)\n    at Module.require (module.js:364:17)\n    at require (module.js:380:17)\n    at init.module.exports.Waiter.extend.require (/Users/sam/Workspace/chug/lib/asset.js:363:19)\n    at /Users/sam/Workspace/chug/lib/Load.js:467:21\n    at Array.forEach (native)\n    at /Users/sam/Workspace/chug/lib/Load.js:192:21"]
INFO 2014-12-02T07:11:17.662Z ["[Lighter] Models loaded. \u001b[90mx0\u001b[39m"]
INFO 2014-12-02T07:11:17.670Z ["[Lighter] Scripts routed to \u001b[36m/sly.js\u001b[39m. \u001b[90mx1\u001b[39m"]
INFO 2014-12-02T07:11:17.671Z ["[Lighter] Styles routed to \u001b[36m/sly.css\u001b[39m. \u001b[90mx1\u001b[39m"]
ERROR 2014-12-02T07:11:17.676Z ["SyntaxError: Unexpected token ;\n    at Module._compile (module.js:439:25)\n    at Object.Module._extensions..js (module.js:474:10)\n    at Module.load (module.js:356:32)\n    at Function.Module._load (module.js:312:12)\n    at Module.require (module.js:364:17)\n    at require (module.js:380:17)\n    at init.module.exports.Waiter.extend.require (/Users/sam/Workspace/chug/lib/asset.js:363:19)\n    at /Users/sam/Workspace/chug/lib/Load.js:467:21\n    at Array.forEach (native)\n    at /Users/sam/Workspace/chug/lib/Load.js:192:21"]
INFO 2014-12-02T07:11:18.412Z ["[Lighter] Models loaded. \u001b[90mx0\u001b[39m"]
INFO 2014-12-02T07:11:18.420Z ["[Lighter] Scripts routed to \u001b[36m/sly.js\u001b[39m. \u001b[90mx1\u001b[39m"]
INFO 2014-12-02T07:11:18.421Z ["[Lighter] Styles routed to \u001b[36m/sly.css\u001b[39m. \u001b[90mx1\u001b[39m"]
ERROR 2014-12-02T07:11:18.426Z ["SyntaxError: Unexpected token ;\n    at Module._compile (module.js:439:25)\n    at Object.Module._extensions..js (module.js:474:10)\n    at Module.load (module.js:356:32)\n    at Function.Module._load (module.js:312:12)\n    at Module.require (module.js:364:17)\n    at require (module.js:380:17)\n    at init.module.exports.Waiter.extend.require (/Users/sam/Workspace/chug/lib/asset.js:363:19)\n    at /Users/sam/Workspace/chug/lib/Load.js:467:21\n    at Array.forEach (native)\n    at /Users/sam/Workspace/chug/lib/Load.js:192:21"]
INFO 2014-12-02T07:11:19.160Z ["[Lighter] Models loaded. \u001b[90mx0\u001b[39m"]
INFO 2014-12-02T07:11:19.168Z ["[Lighter] Scripts routed to \u001b[36m/sly.js\u001b[39m. \u001b[90mx1\u001b[39m"]
INFO 2014-12-02T07:11:19.169Z ["[Lighter] Styles routed to \u001b[36m/sly.css\u001b[39m. \u001b[90mx1\u001b[39m"]
ERROR 2014-12-02T07:11:19.174Z ["SyntaxError: Unexpected token ;\n    at Module._compile (module.js:439:25)\n    at Object.Module._extensions..js (module.js:474:10)\n    at Module.load (module.js:356:32)\n    at Function.Module._load (module.js:312:12)\n    at Module.require (module.js:364:17)\n    at require (module.js:380:17)\n    at init.module.exports.Waiter.extend.require (/Users/sam/Workspace/chug/lib/asset.js:363:19)\n    at /Users/sam/Workspace/chug/lib/Load.js:467:21\n    at Array.forEach (native)\n    at /Users/sam/Workspace/chug/lib/Load.js:192:21"]
INFO 2014-12-02T07:11:19.921Z ["[Lighter] Models loaded. \u001b[90mx0\u001b[39m"]
INFO 2014-12-02T07:11:19.929Z ["[Lighter] Scripts routed to \u001b[36m/sly.js\u001b[39m. \u001b[90mx1\u001b[39m"]
INFO 2014-12-02T07:11:19.929Z ["[Lighter] Styles routed to \u001b[36m/sly.css\u001b[39m. \u001b[90mx1\u001b[39m"]
ERROR 2014-12-02T07:11:19.934Z ["SyntaxError: Unexpected token ;\n    at Module._compile (module.js:439:25)\n    at Object.Module._extensions..js (module.js:474:10)\n    at Module.load (module.js:356:32)\n    at Function.Module._load (module.js:312:12)\n    at Module.require (module.js:364:17)\n    at require (module.js:380:17)\n    at init.module.exports.Waiter.extend.require (/Users/sam/Workspace/chug/lib/asset.js:363:19)\n    at /Users/sam/Workspace/chug/lib/Load.js:467:21\n    at Array.forEach (native)\n    at /Users/sam/Workspace/chug/lib/Load.js:192:21"]
INFO 2014-12-02T07:11:20.673Z ["[Lighter] Models loaded. \u001b[90mx0\u001b[39m"]
INFO 2014-12-02T07:11:20.681Z ["[Lighter] Scripts routed to \u001b[36m/sly.js\u001b[39m. \u001b[90mx1\u001b[39m"]
INFO 2014-12-02T07:11:20.682Z ["[Lighter] Styles routed to \u001b[36m/sly.css\u001b[39m. \u001b[90mx1\u001b[39m"]
ERROR 2014-12-02T07:11:20.687Z ["SyntaxError: Unexpected token ;\n    at Module._compile (module.js:439:25)\n    at Object.Module._extensions..js (module.js:474:10)\n    at Module.load (module.js:356:32)\n    at Function.Module._load (module.js:312:12)\n    at Module.require (module.js:364:17)\n    at require (module.js:380:17)\n    at init.module.exports.Waiter.extend.require (/Users/sam/Workspace/chug/lib/asset.js:363:19)\n    at /Users/sam/Workspace/chug/lib/Load.js:467:21\n    at Array.forEach (native)\n    at /Users/sam/Workspace/chug/lib/Load.js:192:21"]
INFO 2014-12-02T07:11:21.429Z ["[Lighter] Models loaded. \u001b[90mx0\u001b[39m"]
INFO 2014-12-02T07:11:21.436Z ["[Lighter] Scripts routed to \u001b[36m/sly.js\u001b[39m. \u001b[90mx1\u001b[39m"]
INFO 2014-12-02T07:11:21.437Z ["[Lighter] Styles routed to \u001b[36m/sly.css\u001b[39m. \u001b[90mx1\u001b[39m"]
ERROR 2014-12-02T07:11:21.442Z ["SyntaxError: Unexpected token ;\n    at Module._compile (module.js:439:25)\n    at Object.Module._extensions..js (module.js:474:10)\n    at Module.load (module.js:356:32)\n    at Function.Module._load (module.js:312:12)\n    at Module.require (module.js:364:17)\n    at require (module.js:380:17)\n    at init.module.exports.Waiter.extend.require (/Users/sam/Workspace/chug/lib/asset.js:363:19)\n    at /Users/sam/Workspace/chug/lib/Load.js:467:21\n    at Array.forEach (native)\n    at /Users/sam/Workspace/chug/lib/Load.js:192:21"]
INFO 2014-12-02T07:11:22.183Z ["[Lighter] Models loaded. \u001b[90mx0\u001b[39m"]
INFO 2014-12-02T07:11:22.191Z ["[Lighter] Scripts routed to \u001b[36m/sly.js\u001b[39m. \u001b[90mx1\u001b[39m"]
INFO 2014-12-02T07:11:22.191Z ["[Lighter] Styles routed to \u001b[36m/sly.css\u001b[39m. \u001b[90mx1\u001b[39m"]
ERROR 2014-12-02T07:11:22.196Z ["SyntaxError: Unexpected token ;\n    at Module._compile (module.js:439:25)\n    at Object.Module._extensions..js (module.js:474:10)\n    at Module.load (module.js:356:32)\n    at Function.Module._load (module.js:312:12)\n    at Module.require (module.js:364:17)\n    at require (module.js:380:17)\n    at init.module.exports.Waiter.extend.require (/Users/sam/Workspace/chug/lib/asset.js:363:19)\n    at /Users/sam/Workspace/chug/lib/Load.js:467:21\n    at Array.forEach (native)\n    at /Users/sam/Workspace/chug/lib/Load.js:192:21"]
INFO 2014-12-02T07:11:22.939Z ["[Lighter] Models loaded. \u001b[90mx0\u001b[39m"]
INFO 2014-12-02T07:11:22.947Z ["[Lighter] Scripts routed to \u001b[36m/sly.js\u001b[39m. \u001b[90mx1\u001b[39m"]
INFO 2014-12-02T07:11:22.948Z ["[Lighter] Styles routed to \u001b[36m/sly.css\u001b[39m. \u001b[90mx1\u001b[39m"]
ERROR 2014-12-02T07:11:22.952Z ["SyntaxError: Unexpected token ;\n    at Module._compile (module.js:439:25)\n    at Object.Module._extensions..js (module.js:474:10)\n    at Module.load (module.js:356:32)\n    at Function.Module._load (module.js:312:12)\n    at Module.require (module.js:364:17)\n    at require (module.js:380:17)\n    at init.module.exports.Waiter.extend.require (/Users/sam/Workspace/chug/lib/asset.js:363:19)\n    at /Users/sam/Workspace/chug/lib/Load.js:467:21\n    at Array.forEach (native)\n    at /Users/sam/Workspace/chug/lib/Load.js:192:21"]
INFO 2014-12-02T07:11:23.697Z ["[Lighter] Models loaded. \u001b[90mx0\u001b[39m"]
INFO 2014-12-02T07:11:23.706Z ["[Lighter] Scripts routed to \u001b[36m/sly.js\u001b[39m. \u001b[90mx1\u001b[39m"]
INFO 2014-12-02T07:11:23.706Z ["[Lighter] Styles routed to \u001b[36m/sly.css\u001b[39m. \u001b[90mx1\u001b[39m"]
ERROR 2014-12-02T07:11:23.711Z ["SyntaxError: Unexpected token ;\n    at Module._compile (module.js:439:25)\n    at Object.Module._extensions..js (module.js:474:10)\n    at Module.load (module.js:356:32)\n    at Function.Module._load (module.js:312:12)\n    at Module.require (module.js:364:17)\n    at require (module.js:380:17)\n    at init.module.exports.Waiter.extend.require (/Users/sam/Workspace/chug/lib/asset.js:363:19)\n    at /Users/sam/Workspace/chug/lib/Load.js:467:21\n    at Array.forEach (native)\n    at /Users/sam/Workspace/chug/lib/Load.js:192:21"]
INFO 2014-12-02T07:11:24.461Z ["[Lighter] Models loaded. \u001b[90mx0\u001b[39m"]
INFO 2014-12-02T07:11:24.468Z ["[Lighter] Scripts routed to \u001b[36m/sly.js\u001b[39m. \u001b[90mx1\u001b[39m"]
INFO 2014-12-02T07:11:24.469Z ["[Lighter] Styles routed to \u001b[36m/sly.css\u001b[39m. \u001b[90mx1\u001b[39m"]
ERROR 2014-12-02T07:11:24.474Z ["SyntaxError: Unexpected token ;\n    at Module._compile (module.js:439:25)\n    at Object.Module._extensions..js (module.js:474:10)\n    at Module.load (module.js:356:32)\n    at Function.Module._load (module.js:312:12)\n    at Module.require (module.js:364:17)\n    at require (module.js:380:17)\n    at init.module.exports.Waiter.extend.require (/Users/sam/Workspace/chug/lib/asset.js:363:19)\n    at /Users/sam/Workspace/chug/lib/Load.js:467:21\n    at Array.forEach (native)\n    at /Users/sam/Workspace/chug/lib/Load.js:192:21"]
INFO 2014-12-02T07:11:25.222Z ["[Lighter] Models loaded. \u001b[90mx0\u001b[39m"]
INFO 2014-12-02T07:11:25.231Z ["[Lighter] Scripts routed to \u001b[36m/sly.js\u001b[39m. \u001b[90mx1\u001b[39m"]
INFO 2014-12-02T07:11:25.231Z ["[Lighter] Styles routed to \u001b[36m/sly.css\u001b[39m. \u001b[90mx1\u001b[39m"]
INFO 2014-12-02T07:11:25.971Z ["[Lighter] Models loaded. \u001b[90mx0\u001b[39m"]
INFO 2014-12-02T07:11:25.979Z ["[Lighter] Scripts routed to \u001b[36m/sly.js\u001b[39m. \u001b[90mx1\u001b[39m"]
INFO 2014-12-02T07:11:25.980Z ["[Lighter] Styles routed to \u001b[36m/sly.css\u001b[39m. \u001b[90mx1\u001b[39m"]
INFO 2014-12-02T07:11:26.728Z ["[Lighter] Models loaded. \u001b[90mx0\u001b[39m"]
INFO 2014-12-02T07:11:26.736Z ["[Lighter] Scripts routed to \u001b[36m/sly.js\u001b[39m. \u001b[90mx1\u001b[39m"]
INFO 2014-12-02T07:11:26.736Z ["[Lighter] Styles routed to \u001b[36m/sly.css\u001b[39m. \u001b[90mx1\u001b[39m"]
ERROR 2014-12-02T07:11:26.741Z ["SyntaxError: Unexpected token ;\n    at Module._compile (module.js:439:25)\n    at Object.Module._extensions..js (module.js:474:10)\n    at Module.load (module.js:356:32)\n    at Function.Module._load (module.js:312:12)\n    at Module.require (module.js:364:17)\n    at require (module.js:380:17)\n    at init.module.exports.Waiter.extend.require (/Users/sam/Workspace/chug/lib/asset.js:363:19)\n    at /Users/sam/Workspace/chug/lib/Load.js:467:21\n    at Array.forEach (native)\n    at /Users/sam/Workspace/chug/lib/Load.js:192:21"]
INFO 2014-12-02T07:11:27.476Z ["[Lighter] Models loaded. \u001b[90mx0\u001b[39m"]
INFO 2014-12-02T07:11:27.483Z ["[Lighter] Scripts routed to \u001b[36m/sly.js\u001b[39m. \u001b[90mx1\u001b[39m"]
INFO 2014-12-02T07:11:27.484Z ["[Lighter] Styles routed to \u001b[36m/sly.css\u001b[39m. \u001b[90mx1\u001b[39m"]
ERROR 2014-12-02T07:11:27.489Z ["SyntaxError: Unexpected token ;\n    at Module._compile (module.js:439:25)\n    at Object.Module._extensions..js (module.js:474:10)\n    at Module.load (module.js:356:32)\n    at Function.Module._load (module.js:312:12)\n    at Module.require (module.js:364:17)\n    at require (module.js:380:17)\n    at init.module.exports.Waiter.extend.require (/Users/sam/Workspace/chug/lib/asset.js:363:19)\n    at /Users/sam/Workspace/chug/lib/Load.js:467:21\n    at Array.forEach (native)\n    at /Users/sam/Workspace/chug/lib/Load.js:192:21"]
INFO 2014-12-02T07:11:28.232Z ["[Lighter] Models loaded. \u001b[90mx0\u001b[39m"]
INFO 2014-12-02T07:11:28.240Z ["[Lighter] Scripts routed to \u001b[36m/sly.js\u001b[39m. \u001b[90mx1\u001b[39m"]
INFO 2014-12-02T07:11:28.240Z ["[Lighter] Styles routed to \u001b[36m/sly.css\u001b[39m. \u001b[90mx1\u001b[39m"]
ERROR 2014-12-02T07:11:28.245Z ["SyntaxError: Unexpected token ;\n    at Module._compile (module.js:439:25)\n    at Object.Module._extensions..js (module.js:474:10)\n    at Module.load (module.js:356:32)\n    at Function.Module._load (module.js:312:12)\n    at Module.require (module.js:364:17)\n    at require (module.js:380:17)\n    at init.module.exports.Waiter.extend.require (/Users/sam/Workspace/chug/lib/asset.js:363:19)\n    at /Users/sam/Workspace/chug/lib/Load.js:467:21\n    at Array.forEach (native)\n    at /Users/sam/Workspace/chug/lib/Load.js:192:21"]
INFO 2014-12-02T07:11:28.988Z ["[Lighter] Models loaded. \u001b[90mx0\u001b[39m"]
INFO 2014-12-02T07:11:28.996Z ["[Lighter] Scripts routed to \u001b[36m/sly.js\u001b[39m. \u001b[90mx1\u001b[39m"]
INFO 2014-12-02T07:11:28.997Z ["[Lighter] Styles routed to \u001b[36m/sly.css\u001b[39m. \u001b[90mx1\u001b[39m"]
ERROR 2014-12-02T07:11:29.002Z ["SyntaxError: Unexpected token ;\n    at Module._compile (module.js:439:25)\n    at Object.Module._extensions..js (module.js:474:10)\n    at Module.load (module.js:356:32)\n    at Function.Module._load (module.js:312:12)\n    at Module.require (module.js:364:17)\n    at require (module.js:380:17)\n    at init.module.exports.Waiter.extend.require (/Users/sam/Workspace/chug/lib/asset.js:363:19)\n    at /Users/sam/Workspace/chug/lib/Load.js:467:21\n    at Array.forEach (native)\n    at /Users/sam/Workspace/chug/lib/Load.js:192:21"]
INFO 2014-12-02T07:11:29.740Z ["[Lighter] Models loaded. \u001b[90mx0\u001b[39m"]
INFO 2014-12-02T07:11:29.748Z ["[Lighter] Scripts routed to \u001b[36m/sly.js\u001b[39m. \u001b[90mx1\u001b[39m"]
INFO 2014-12-02T07:11:29.749Z ["[Lighter] Styles routed to \u001b[36m/sly.css\u001b[39m. \u001b[90mx1\u001b[39m"]
ERROR 2014-12-02T07:11:29.754Z ["SyntaxError: Unexpected token ;\n    at Module._compile (module.js:439:25)\n    at Object.Module._extensions..js (module.js:474:10)\n    at Module.load (module.js:356:32)\n    at Function.Module._load (module.js:312:12)\n    at Module.require (module.js:364:17)\n    at require (module.js:380:17)\n    at init.module.exports.Waiter.extend.require (/Users/sam/Workspace/chug/lib/asset.js:363:19)\n    at /Users/sam/Workspace/chug/lib/Load.js:467:21\n    at Array.forEach (native)\n    at /Users/sam/Workspace/chug/lib/Load.js:192:21"]
INFO 2014-12-02T07:11:30.491Z ["[Lighter] Models loaded. \u001b[90mx0\u001b[39m"]
INFO 2014-12-02T07:11:30.499Z ["[Lighter] Scripts routed to \u001b[36m/sly.js\u001b[39m. \u001b[90mx1\u001b[39m"]
INFO 2014-12-02T07:11:30.500Z ["[Lighter] Styles routed to \u001b[36m/sly.css\u001b[39m. \u001b[90mx1\u001b[39m"]
ERROR 2014-12-02T07:11:30.504Z ["SyntaxError: Unexpected token ;\n    at Module._compile (module.js:439:25)\n    at Object.Module._extensions..js (module.js:474:10)\n    at Module.load (module.js:356:32)\n    at Function.Module._load (module.js:312:12)\n    at Module.require (module.js:364:17)\n    at require (module.js:380:17)\n    at init.module.exports.Waiter.extend.require (/Users/sam/Workspace/chug/lib/asset.js:363:19)\n    at /Users/sam/Workspace/chug/lib/Load.js:467:21\n    at Array.forEach (native)\n    at /Users/sam/Workspace/chug/lib/Load.js:192:21"]
INFO 2014-12-02T07:11:31.245Z ["[Lighter] Models loaded. \u001b[90mx0\u001b[39m"]
INFO 2014-12-02T07:11:31.253Z ["[Lighter] Scripts routed to \u001b[36m/sly.js\u001b[39m. \u001b[90mx1\u001b[39m"]
INFO 2014-12-02T07:11:31.254Z ["[Lighter] Styles routed to \u001b[36m/sly.css\u001b[39m. \u001b[90mx1\u001b[39m"]
ERROR 2014-12-02T07:11:31.258Z ["SyntaxError: Unexpected token ;\n    at Module._compile (module.js:439:25)\n    at Object.Module._extensions..js (module.js:474:10)\n    at Module.load (module.js:356:32)\n    at Function.Module._load (module.js:312:12)\n    at Module.require (module.js:364:17)\n    at require (module.js:380:17)\n    at init.module.exports.Waiter.extend.require (/Users/sam/Workspace/chug/lib/asset.js:363:19)\n    at /Users/sam/Workspace/chug/lib/Load.js:467:21\n    at Array.forEach (native)\n    at /Users/sam/Workspace/chug/lib/Load.js:192:21"]
INFO 2014-12-02T07:11:31.999Z ["[Lighter] Models loaded. \u001b[90mx0\u001b[39m"]
INFO 2014-12-02T07:11:32.007Z ["[Lighter] Scripts routed to \u001b[36m/sly.js\u001b[39m. \u001b[90mx1\u001b[39m"]
INFO 2014-12-02T07:11:32.007Z ["[Lighter] Styles routed to \u001b[36m/sly.css\u001b[39m. \u001b[90mx1\u001b[39m"]
ERROR 2014-12-02T07:11:32.012Z ["SyntaxError: Unexpected token ;\n    at Module._compile (module.js:439:25)\n    at Object.Module._extensions..js (module.js:474:10)\n    at Module.load (module.js:356:32)\n    at Function.Module._load (module.js:312:12)\n    at Module.require (module.js:364:17)\n    at require (module.js:380:17)\n    at init.module.exports.Waiter.extend.require (/Users/sam/Workspace/chug/lib/asset.js:363:19)\n    at /Users/sam/Workspace/chug/lib/Load.js:467:21\n    at Array.forEach (native)\n    at /Users/sam/Workspace/chug/lib/Load.js:192:21"]
INFO 2014-12-02T07:11:32.752Z ["[Lighter] Models loaded. \u001b[90mx0\u001b[39m"]
INFO 2014-12-02T07:11:32.763Z ["[Lighter] Scripts routed to \u001b[36m/sly.js\u001b[39m. \u001b[90mx1\u001b[39m"]
INFO 2014-12-02T07:11:32.764Z ["[Lighter] Styles routed to \u001b[36m/sly.css\u001b[39m. \u001b[90mx1\u001b[39m"]
ERROR 2014-12-02T07:11:32.769Z ["SyntaxError: Unexpected token ;\n    at Module._compile (module.js:439:25)\n    at Object.Module._extensions..js (module.js:474:10)\n    at Module.load (module.js:356:32)\n    at Function.Module._load (module.js:312:12)\n    at Module.require (module.js:364:17)\n    at require (module.js:380:17)\n    at init.module.exports.Waiter.extend.require (/Users/sam/Workspace/chug/lib/asset.js:363:19)\n    at /Users/sam/Workspace/chug/lib/Load.js:467:21\n    at Array.forEach (native)\n    at /Users/sam/Workspace/chug/lib/Load.js:192:21"]
INFO 2014-12-02T07:11:33.502Z ["[Lighter] Models loaded. \u001b[90mx0\u001b[39m"]
INFO 2014-12-02T07:11:33.510Z ["[Lighter] Scripts routed to \u001b[36m/sly.js\u001b[39m. \u001b[90mx1\u001b[39m"]
INFO 2014-12-02T07:11:33.511Z ["[Lighter] Styles routed to \u001b[36m/sly.css\u001b[39m. \u001b[90mx1\u001b[39m"]
INFO 2014-12-02T07:11:34.255Z ["[Lighter] Models loaded. \u001b[90mx0\u001b[39m"]
INFO 2014-12-02T07:11:34.263Z ["[Lighter] Scripts routed to \u001b[36m/sly.js\u001b[39m. \u001b[90mx1\u001b[39m"]
INFO 2014-12-02T07:11:34.264Z ["[Lighter] Styles routed to \u001b[36m/sly.css\u001b[39m. \u001b[90mx1\u001b[39m"]
ERROR 2014-12-02T07:11:34.269Z ["SyntaxError: Unexpected token ;\n    at Module._compile (module.js:439:25)\n    at Object.Module._extensions..js (module.js:474:10)\n    at Module.load (module.js:356:32)\n    at Function.Module._load (module.js:312:12)\n    at Module.require (module.js:364:17)\n    at require (module.js:380:17)\n    at init.module.exports.Waiter.extend.require (/Users/sam/Workspace/chug/lib/asset.js:363:19)\n    at /Users/sam/Workspace/chug/lib/Load.js:467:21\n    at Array.forEach (native)\n    at /Users/sam/Workspace/chug/lib/Load.js:192:21"]
INFO 2014-12-02T07:11:35.007Z ["[Lighter] Models loaded. \u001b[90mx0\u001b[39m"]
INFO 2014-12-02T07:11:35.019Z ["[Lighter] Scripts routed to \u001b[36m/sly.js\u001b[39m. \u001b[90mx1\u001b[39m"]
INFO 2014-12-02T07:11:35.019Z ["[Lighter] Styles routed to \u001b[36m/sly.css\u001b[39m. \u001b[90mx1\u001b[39m"]
ERROR 2014-12-02T07:11:35.025Z ["SyntaxError: Unexpected token ;\n    at Module._compile (module.js:439:25)\n    at Object.Module._extensions..js (module.js:474:10)\n    at Module.load (module.js:356:32)\n    at Function.Module._load (module.js:312:12)\n    at Module.require (module.js:364:17)\n    at require (module.js:380:17)\n    at init.module.exports.Waiter.extend.require (/Users/sam/Workspace/chug/lib/asset.js:363:19)\n    at /Users/sam/Workspace/chug/lib/Load.js:467:21\n    at Array.forEach (native)\n    at /Users/sam/Workspace/chug/lib/Load.js:192:21"]
INFO 2014-12-02T07:11:35.767Z ["[Lighter] Models loaded. \u001b[90mx0\u001b[39m"]
INFO 2014-12-02T07:11:35.776Z ["[Lighter] Scripts routed to \u001b[36m/sly.js\u001b[39m. \u001b[90mx1\u001b[39m"]
INFO 2014-12-02T07:11:35.777Z ["[Lighter] Styles routed to \u001b[36m/sly.css\u001b[39m. \u001b[90mx1\u001b[39m"]
ERROR 2014-12-02T07:11:35.781Z ["SyntaxError: Unexpected token ;\n    at Module._compile (module.js:439:25)\n    at Object.Module._extensions..js (module.js:474:10)\n    at Module.load (module.js:356:32)\n    at Function.Module._load (module.js:312:12)\n    at Module.require (module.js:364:17)\n    at require (module.js:380:17)\n    at init.module.exports.Waiter.extend.require (/Users/sam/Workspace/chug/lib/asset.js:363:19)\n    at /Users/sam/Workspace/chug/lib/Load.js:467:21\n    at Array.forEach (native)\n    at /Users/sam/Workspace/chug/lib/Load.js:192:21"]
INFO 2014-12-02T07:11:36.513Z ["[Lighter] Models loaded. \u001b[90mx0\u001b[39m"]
INFO 2014-12-02T07:11:36.522Z ["[Lighter] Scripts routed to \u001b[36m/sly.js\u001b[39m. \u001b[90mx1\u001b[39m"]
INFO 2014-12-02T07:11:36.522Z ["[Lighter] Styles routed to \u001b[36m/sly.css\u001b[39m. \u001b[90mx1\u001b[39m"]
ERROR 2014-12-02T07:11:36.527Z ["SyntaxError: Unexpected token ;\n    at Module._compile (module.js:439:25)\n    at Object.Module._extensions..js (module.js:474:10)\n    at Module.load (module.js:356:32)\n    at Function.Module._load (module.js:312:12)\n    at Module.require (module.js:364:17)\n    at require (module.js:380:17)\n    at init.module.exports.Waiter.extend.require (/Users/sam/Workspace/chug/lib/asset.js:363:19)\n    at /Users/sam/Workspace/chug/lib/Load.js:467:21\n    at Array.forEach (native)\n    at /Users/sam/Workspace/chug/lib/Load.js:192:21"]
INFO 2014-12-02T07:11:37.266Z ["[Lighter] Models loaded. \u001b[90mx0\u001b[39m"]
INFO 2014-12-02T07:11:37.275Z ["[Lighter] Scripts routed to \u001b[36m/sly.js\u001b[39m. \u001b[90mx1\u001b[39m"]
INFO 2014-12-02T07:11:37.275Z ["[Lighter] Styles routed to \u001b[36m/sly.css\u001b[39m. \u001b[90mx1\u001b[39m"]
ERROR 2014-12-02T07:11:37.280Z ["SyntaxError: Unexpected token ;\n    at Module._compile (module.js:439:25)\n    at Object.Module._extensions..js (module.js:474:10)\n    at Module.load (module.js:356:32)\n    at Function.Module._load (module.js:312:12)\n    at Module.require (module.js:364:17)\n    at require (module.js:380:17)\n    at init.module.exports.Waiter.extend.require (/Users/sam/Workspace/chug/lib/asset.js:363:19)\n    at /Users/sam/Workspace/chug/lib/Load.js:467:21\n    at Array.forEach (native)\n    at /Users/sam/Workspace/chug/lib/Load.js:192:21"]
INFO 2014-12-02T07:11:38.023Z ["[Lighter] Models loaded. \u001b[90mx0\u001b[39m"]
INFO 2014-12-02T07:11:38.030Z ["[Lighter] Scripts routed to \u001b[36m/sly.js\u001b[39m. \u001b[90mx1\u001b[39m"]
INFO 2014-12-02T07:11:38.031Z ["[Lighter] Styles routed to \u001b[36m/sly.css\u001b[39m. \u001b[90mx1\u001b[39m"]
ERROR 2014-12-02T07:11:38.039Z ["SyntaxError: Unexpected token ;\n    at Module._compile (module.js:439:25)\n    at Object.Module._extensions..js (module.js:474:10)\n    at Module.load (module.js:356:32)\n    at Function.Module._load (module.js:312:12)\n    at Module.require (module.js:364:17)\n    at require (module.js:380:17)\n    at init.module.exports.Waiter.extend.require (/Users/sam/Workspace/chug/lib/asset.js:363:19)\n    at /Users/sam/Workspace/chug/lib/Load.js:467:21\n    at Array.forEach (native)\n    at /Users/sam/Workspace/chug/lib/Load.js:192:21"]
INFO 2014-12-02T07:11:38.781Z ["[Lighter] Models loaded. \u001b[90mx0\u001b[39m"]
INFO 2014-12-02T07:11:38.789Z ["[Lighter] Scripts routed to \u001b[36m/sly.js\u001b[39m. \u001b[90mx1\u001b[39m"]
INFO 2014-12-02T07:11:38.789Z ["[Lighter] Styles routed to \u001b[36m/sly.css\u001b[39m. \u001b[90mx1\u001b[39m"]
ERROR 2014-12-02T07:11:38.794Z ["SyntaxError: Unexpected token ;\n    at Module._compile (module.js:439:25)\n    at Object.Module._extensions..js (module.js:474:10)\n    at Module.load (module.js:356:32)\n    at Function.Module._load (module.js:312:12)\n    at Module.require (module.js:364:17)\n    at require (module.js:380:17)\n    at init.module.exports.Waiter.extend.require (/Users/sam/Workspace/chug/lib/asset.js:363:19)\n    at /Users/sam/Workspace/chug/lib/Load.js:467:21\n    at Array.forEach (native)\n    at /Users/sam/Workspace/chug/lib/Load.js:192:21"]
INFO 2014-12-02T07:11:39.532Z ["[Lighter] Models loaded. \u001b[90mx0\u001b[39m"]
INFO 2014-12-02T07:11:39.543Z ["[Lighter] Scripts routed to \u001b[36m/sly.js\u001b[39m. \u001b[90mx1\u001b[39m"]
INFO 2014-12-02T07:11:39.543Z ["[Lighter] Styles routed to \u001b[36m/sly.css\u001b[39m. \u001b[90mx1\u001b[39m"]
ERROR 2014-12-02T07:11:39.549Z ["SyntaxError: Unexpected token ;\n    at Module._compile (module.js:439:25)\n    at Object.Module._extensions..js (module.js:474:10)\n    at Module.load (module.js:356:32)\n    at Function.Module._load (module.js:312:12)\n    at Module.require (module.js:364:17)\n    at require (module.js:380:17)\n    at init.module.exports.Waiter.extend.require (/Users/sam/Workspace/chug/lib/asset.js:363:19)\n    at /Users/sam/Workspace/chug/lib/Load.js:467:21\n    at Array.forEach (native)\n    at /Users/sam/Workspace/chug/lib/Load.js:192:21"]
INFO 2014-12-02T07:11:40.293Z ["[Lighter] Models loaded. \u001b[90mx0\u001b[39m"]
INFO 2014-12-02T07:11:40.301Z ["[Lighter] Scripts routed to \u001b[36m/sly.js\u001b[39m. \u001b[90mx1\u001b[39m"]
INFO 2014-12-02T07:11:40.301Z ["[Lighter] Styles routed to \u001b[36m/sly.css\u001b[39m. \u001b[90mx1\u001b[39m"]
ERROR 2014-12-02T07:11:40.306Z ["SyntaxError: Unexpected token ;\n    at Module._compile (module.js:439:25)\n    at Object.Module._extensions..js (module.js:474:10)\n    at Module.load (module.js:356:32)\n    at Function.Module._load (module.js:312:12)\n    at Module.require (module.js:364:17)\n    at require (module.js:380:17)\n    at init.module.exports.Waiter.extend.require (/Users/sam/Workspace/chug/lib/asset.js:363:19)\n    at /Users/sam/Workspace/chug/lib/Load.js:467:21\n    at Array.forEach (native)\n    at /Users/sam/Workspace/chug/lib/Load.js:192:21"]
INFO 2014-12-02T07:11:41.046Z ["[Lighter] Models loaded. \u001b[90mx0\u001b[39m"]
INFO 2014-12-02T07:11:41.054Z ["[Lighter] Scripts routed to \u001b[36m/sly.js\u001b[39m. \u001b[90mx1\u001b[39m"]
INFO 2014-12-02T07:11:41.054Z ["[Lighter] Styles routed to \u001b[36m/sly.css\u001b[39m. \u001b[90mx1\u001b[39m"]
INFO 2014-12-02T07:11:41.801Z ["[Lighter] Models loaded. \u001b[90mx0\u001b[39m"]
INFO 2014-12-02T07:11:41.810Z ["[Lighter] Scripts routed to \u001b[36m/sly.js\u001b[39m. \u001b[90mx1\u001b[39m"]
INFO 2014-12-02T07:11:41.810Z ["[Lighter] Styles routed to \u001b[36m/sly.css\u001b[39m. \u001b[90mx1\u001b[39m"]
ERROR 2014-12-02T07:11:41.815Z ["SyntaxError: Unexpected token ;\n    at Module._compile (module.js:439:25)\n    at Object.Module._extensions..js (module.js:474:10)\n    at Module.load (module.js:356:32)\n    at Function.Module._load (module.js:312:12)\n    at Module.require (module.js:364:17)\n    at require (module.js:380:17)\n    at init.module.exports.Waiter.extend.require (/Users/sam/Workspace/chug/lib/asset.js:363:19)\n    at /Users/sam/Workspace/chug/lib/Load.js:467:21\n    at Array.forEach (native)\n    at /Users/sam/Workspace/chug/lib/Load.js:192:21"]
INFO 2014-12-02T07:11:42.555Z ["[Lighter] Models loaded. \u001b[90mx0\u001b[39m"]
INFO 2014-12-02T07:11:42.563Z ["[Lighter] Scripts routed to \u001b[36m/sly.js\u001b[39m. \u001b[90mx1\u001b[39m"]
INFO 2014-12-02T07:11:42.564Z ["[Lighter] Styles routed to \u001b[36m/sly.css\u001b[39m. \u001b[90mx1\u001b[39m"]
ERROR 2014-12-02T07:11:42.568Z ["SyntaxError: Unexpected token ;\n    at Module._compile (module.js:439:25)\n    at Object.Module._extensions..js (module.js:474:10)\n    at Module.load (module.js:356:32)\n    at Function.Module._load (module.js:312:12)\n    at Module.require (module.js:364:17)\n    at require (module.js:380:17)\n    at init.module.exports.Waiter.extend.require (/Users/sam/Workspace/chug/lib/asset.js:363:19)\n    at /Users/sam/Workspace/chug/lib/Load.js:467:21\n    at Array.forEach (native)\n    at /Users/sam/Workspace/chug/lib/Load.js:192:21"]
INFO 2014-12-02T07:11:43.308Z ["[Lighter] Models loaded. \u001b[90mx0\u001b[39m"]
INFO 2014-12-02T07:11:43.316Z ["[Lighter] Scripts routed to \u001b[36m/sly.js\u001b[39m. \u001b[90mx1\u001b[39m"]
INFO 2014-12-02T07:11:43.317Z ["[Lighter] Styles routed to \u001b[36m/sly.css\u001b[39m. \u001b[90mx1\u001b[39m"]
INFO 2014-12-02T07:11:44.061Z ["[Lighter] Models loaded. \u001b[90mx0\u001b[39m"]
INFO 2014-12-02T07:11:44.069Z ["[Lighter] Scripts routed to \u001b[36m/sly.js\u001b[39m. \u001b[90mx1\u001b[39m"]
INFO 2014-12-02T07:11:44.070Z ["[Lighter] Styles routed to \u001b[36m/sly.css\u001b[39m. \u001b[90mx1\u001b[39m"]
ERROR 2014-12-02T07:11:44.075Z ["SyntaxError: Unexpected token ;\n    at Module._compile (module.js:439:25)\n    at Object.Module._extensions..js (module.js:474:10)\n    at Module.load (module.js:356:32)\n    at Function.Module._load (module.js:312:12)\n    at Module.require (module.js:364:17)\n    at require (module.js:380:17)\n    at init.module.exports.Waiter.extend.require (/Users/sam/Workspace/chug/lib/asset.js:363:19)\n    at /Users/sam/Workspace/chug/lib/Load.js:467:21\n    at Array.forEach (native)\n    at /Users/sam/Workspace/chug/lib/Load.js:192:21"]
INFO 2014-12-02T07:11:44.815Z ["[Lighter] Models loaded. \u001b[90mx0\u001b[39m"]
INFO 2014-12-02T07:11:44.823Z ["[Lighter] Scripts routed to \u001b[36m/sly.js\u001b[39m. \u001b[90mx1\u001b[39m"]
INFO 2014-12-02T07:11:44.823Z ["[Lighter] Styles routed to \u001b[36m/sly.css\u001b[39m. \u001b[90mx1\u001b[39m"]
ERROR 2014-12-02T07:11:44.828Z ["SyntaxError: Unexpected token ;\n    at Module._compile (module.js:439:25)\n    at Object.Module._extensions..js (module.js:474:10)\n    at Module.load (module.js:356:32)\n    at Function.Module._load (module.js:312:12)\n    at Module.require (module.js:364:17)\n    at require (module.js:380:17)\n    at init.module.exports.Waiter.extend.require (/Users/sam/Workspace/chug/lib/asset.js:363:19)\n    at /Users/sam/Workspace/chug/lib/Load.js:467:21\n    at Array.forEach (native)\n    at /Users/sam/Workspace/chug/lib/Load.js:192:21"]
INFO 2014-12-02T07:11:45.562Z ["[Lighter] Models loaded. \u001b[90mx0\u001b[39m"]
INFO 2014-12-02T07:11:45.571Z ["[Lighter] Scripts routed to \u001b[36m/sly.js\u001b[39m. \u001b[90mx1\u001b[39m"]
INFO 2014-12-02T07:11:45.572Z ["[Lighter] Styles routed to \u001b[36m/sly.css\u001b[39m. \u001b[90mx1\u001b[39m"]
ERROR 2014-12-02T07:11:45.577Z ["SyntaxError: Unexpected token ;\n    at Module._compile (module.js:439:25)\n    at Object.Module._extensions..js (module.js:474:10)\n    at Module.load (module.js:356:32)\n    at Function.Module._load (module.js:312:12)\n    at Module.require (module.js:364:17)\n    at require (module.js:380:17)\n    at init.module.exports.Waiter.extend.require (/Users/sam/Workspace/chug/lib/asset.js:363:19)\n    at /Users/sam/Workspace/chug/lib/Load.js:467:21\n    at Array.forEach (native)\n    at /Users/sam/Workspace/chug/lib/Load.js:192:21"]
INFO 2014-12-02T07:11:46.324Z ["[Lighter] Models loaded. \u001b[90mx0\u001b[39m"]
INFO 2014-12-02T07:11:46.332Z ["[Lighter] Scripts routed to \u001b[36m/sly.js\u001b[39m. \u001b[90mx1\u001b[39m"]
INFO 2014-12-02T07:11:46.332Z ["[Lighter] Styles routed to \u001b[36m/sly.css\u001b[39m. \u001b[90mx1\u001b[39m"]
ERROR 2014-12-02T07:11:46.338Z ["SyntaxError: Unexpected token ;\n    at Module._compile (module.js:439:25)\n    at Object.Module._extensions..js (module.js:474:10)\n    at Module.load (module.js:356:32)\n    at Function.Module._load (module.js:312:12)\n    at Module.require (module.js:364:17)\n    at require (module.js:380:17)\n    at init.module.exports.Waiter.extend.require (/Users/sam/Workspace/chug/lib/asset.js:363:19)\n    at /Users/sam/Workspace/chug/lib/Load.js:467:21\n    at Array.forEach (native)\n    at /Users/sam/Workspace/chug/lib/Load.js:192:21"]
INFO 2014-12-02T07:11:47.089Z ["[Lighter] Models loaded. \u001b[90mx0\u001b[39m"]
INFO 2014-12-02T07:11:47.097Z ["[Lighter] Scripts routed to \u001b[36m/sly.js\u001b[39m. \u001b[90mx1\u001b[39m"]
INFO 2014-12-02T07:11:47.097Z ["[Lighter] Styles routed to \u001b[36m/sly.css\u001b[39m. \u001b[90mx1\u001b[39m"]
ERROR 2014-12-02T07:11:47.103Z ["SyntaxError: Unexpected token ;\n    at Module._compile (module.js:439:25)\n    at Object.Module._extensions..js (module.js:474:10)\n    at Module.load (module.js:356:32)\n    at Function.Module._load (module.js:312:12)\n    at Module.require (module.js:364:17)\n    at require (module.js:380:17)\n    at init.module.exports.Waiter.extend.require (/Users/sam/Workspace/chug/lib/asset.js:363:19)\n    at /Users/sam/Workspace/chug/lib/Load.js:467:21\n    at Array.forEach (native)\n    at /Users/sam/Workspace/chug/lib/Load.js:192:21"]
INFO 2014-12-02T07:11:47.849Z ["[Lighter] Models loaded. \u001b[90mx0\u001b[39m"]
INFO 2014-12-02T07:11:47.858Z ["[Lighter] Scripts routed to \u001b[36m/sly.js\u001b[39m. \u001b[90mx1\u001b[39m"]
INFO 2014-12-02T07:11:47.859Z ["[Lighter] Styles routed to \u001b[36m/sly.css\u001b[39m. \u001b[90mx1\u001b[39m"]
ERROR 2014-12-02T07:11:47.863Z ["SyntaxError: Unexpected token ;\n    at Module._compile (module.js:439:25)\n    at Object.Module._extensions..js (module.js:474:10)\n    at Module.load (module.js:356:32)\n    at Function.Module._load (module.js:312:12)\n    at Module.require (module.js:364:17)\n    at require (module.js:380:17)\n    at init.module.exports.Waiter.extend.require (/Users/sam/Workspace/chug/lib/asset.js:363:19)\n    at /Users/sam/Workspace/chug/lib/Load.js:467:21\n    at Array.forEach (native)\n    at /Users/sam/Workspace/chug/lib/Load.js:192:21"]
INFO 2014-12-02T07:11:48.600Z ["[Lighter] Models loaded. \u001b[90mx0\u001b[39m"]
INFO 2014-12-02T07:11:48.608Z ["[Lighter] Scripts routed to \u001b[36m/sly.js\u001b[39m. \u001b[90mx1\u001b[39m"]
INFO 2014-12-02T07:11:48.609Z ["[Lighter] Styles routed to \u001b[36m/sly.css\u001b[39m. \u001b[90mx1\u001b[39m"]
ERROR 2014-12-02T07:11:48.614Z ["SyntaxError: Unexpected token ;\n    at Module._compile (module.js:439:25)\n    at Object.Module._extensions..js (module.js:474:10)\n    at Module.load (module.js:356:32)\n    at Function.Module._load (module.js:312:12)\n    at Module.require (module.js:364:17)\n    at require (module.js:380:17)\n    at init.module.exports.Waiter.extend.require (/Users/sam/Workspace/chug/lib/asset.js:363:19)\n    at /Users/sam/Workspace/chug/lib/Load.js:467:21\n    at Array.forEach (native)\n    at /Users/sam/Workspace/chug/lib/Load.js:192:21"]
INFO 2014-12-02T07:11:49.363Z ["[Lighter] Models loaded. \u001b[90mx0\u001b[39m"]
INFO 2014-12-02T07:11:49.374Z ["[Lighter] Scripts routed to \u001b[36m/sly.js\u001b[39m. \u001b[90mx1\u001b[39m"]
INFO 2014-12-02T07:11:49.375Z ["[Lighter] Styles routed to \u001b[36m/sly.css\u001b[39m. \u001b[90mx1\u001b[39m"]
ERROR 2014-12-02T07:11:49.380Z ["SyntaxError: Unexpected token ;\n    at Module._compile (module.js:439:25)\n    at Object.Module._extensions..js (module.js:474:10)\n    at Module.load (module.js:356:32)\n    at Function.Module._load (module.js:312:12)\n    at Module.require (module.js:364:17)\n    at require (module.js:380:17)\n    at init.module.exports.Waiter.extend.require (/Users/sam/Workspace/chug/lib/asset.js:363:19)\n    at /Users/sam/Workspace/chug/lib/Load.js:467:21\n    at Array.forEach (native)\n    at /Users/sam/Workspace/chug/lib/Load.js:192:21"]
INFO 2014-12-02T07:11:50.123Z ["[Lighter] Models loaded. \u001b[90mx0\u001b[39m"]
INFO 2014-12-02T07:11:50.130Z ["[Lighter] Scripts routed to \u001b[36m/sly.js\u001b[39m. \u001b[90mx1\u001b[39m"]
INFO 2014-12-02T07:11:50.131Z ["[Lighter] Styles routed to \u001b[36m/sly.css\u001b[39m. \u001b[90mx1\u001b[39m"]
ERROR 2014-12-02T07:11:50.136Z ["SyntaxError: Unexpected token ;\n    at Module._compile (module.js:439:25)\n    at Object.Module._extensions..js (module.js:474:10)\n    at Module.load (module.js:356:32)\n    at Function.Module._load (module.js:312:12)\n    at Module.require (module.js:364:17)\n    at require (module.js:380:17)\n    at init.module.exports.Waiter.extend.require (/Users/sam/Workspace/chug/lib/asset.js:363:19)\n    at /Users/sam/Workspace/chug/lib/Load.js:467:21\n    at Array.forEach (native)\n    at /Users/sam/Workspace/chug/lib/Load.js:192:21"]
INFO 2014-12-02T07:11:50.888Z ["[Lighter] Models loaded. \u001b[90mx0\u001b[39m"]
INFO 2014-12-02T07:11:50.896Z ["[Lighter] Scripts routed to \u001b[36m/sly.js\u001b[39m. \u001b[90mx1\u001b[39m"]
INFO 2014-12-02T07:11:50.896Z ["[Lighter] Styles routed to \u001b[36m/sly.css\u001b[39m. \u001b[90mx1\u001b[39m"]
ERROR 2014-12-02T07:11:50.901Z ["SyntaxError: Unexpected token ;\n    at Module._compile (module.js:439:25)\n    at Object.Module._extensions..js (module.js:474:10)\n    at Module.load (module.js:356:32)\n    at Function.Module._load (module.js:312:12)\n    at Module.require (module.js:364:17)\n    at require (module.js:380:17)\n    at init.module.exports.Waiter.extend.require (/Users/sam/Workspace/chug/lib/asset.js:363:19)\n    at /Users/sam/Workspace/chug/lib/Load.js:467:21\n    at Array.forEach (native)\n    at /Users/sam/Workspace/chug/lib/Load.js:192:21"]
INFO 2014-12-02T07:11:51.646Z ["[Lighter] Models loaded. \u001b[90mx0\u001b[39m"]
INFO 2014-12-02T07:11:51.654Z ["[Lighter] Scripts routed to \u001b[36m/sly.js\u001b[39m. \u001b[90mx1\u001b[39m"]
INFO 2014-12-02T07:11:51.655Z ["[Lighter] Styles routed to \u001b[36m/sly.css\u001b[39m. \u001b[90mx1\u001b[39m"]
ERROR 2014-12-02T07:11:51.660Z ["SyntaxError: Unexpected token ;\n    at Module._compile (module.js:439:25)\n    at Object.Module._extensions..js (module.js:474:10)\n    at Module.load (module.js:356:32)\n    at Function.Module._load (module.js:312:12)\n    at Module.require (module.js:364:17)\n    at require (module.js:380:17)\n    at init.module.exports.Waiter.extend.require (/Users/sam/Workspace/chug/lib/asset.js:363:19)\n    at /Users/sam/Workspace/chug/lib/Load.js:467:21\n    at Array.forEach (native)\n    at /Users/sam/Workspace/chug/lib/Load.js:192:21"]
INFO 2014-12-02T07:11:52.400Z ["[Lighter] Models loaded. \u001b[90mx0\u001b[39m"]
INFO 2014-12-02T07:11:52.408Z ["[Lighter] Scripts routed to \u001b[36m/sly.js\u001b[39m. \u001b[90mx1\u001b[39m"]
INFO 2014-12-02T07:11:52.409Z ["[Lighter] Styles routed to \u001b[36m/sly.css\u001b[39m. \u001b[90mx1\u001b[39m"]
ERROR 2014-12-02T07:11:52.413Z ["SyntaxError: Unexpected token ;\n    at Module._compile (module.js:439:25)\n    at Object.Module._extensions..js (module.js:474:10)\n    at Module.load (module.js:356:32)\n    at Function.Module._load (module.js:312:12)\n    at Module.require (module.js:364:17)\n    at require (module.js:380:17)\n    at init.module.exports.Waiter.extend.require (/Users/sam/Workspace/chug/lib/asset.js:363:19)\n    at /Users/sam/Workspace/chug/lib/Load.js:467:21\n    at Array.forEach (native)\n    at /Users/sam/Workspace/chug/lib/Load.js:192:21"]
INFO 2014-12-02T07:11:53.148Z ["[Lighter] Models loaded. \u001b[90mx0\u001b[39m"]
INFO 2014-12-02T07:11:53.155Z ["[Lighter] Scripts routed to \u001b[36m/sly.js\u001b[39m. \u001b[90mx1\u001b[39m"]
INFO 2014-12-02T07:11:53.156Z ["[Lighter] Styles routed to \u001b[36m/sly.css\u001b[39m. \u001b[90mx1\u001b[39m"]
ERROR 2014-12-02T07:11:53.161Z ["SyntaxError: Unexpected token ;\n    at Module._compile (module.js:439:25)\n    at Object.Module._extensions..js (module.js:474:10)\n    at Module.load (module.js:356:32)\n    at Function.Module._load (module.js:312:12)\n    at Module.require (module.js:364:17)\n    at require (module.js:380:17)\n    at init.module.exports.Waiter.extend.require (/Users/sam/Workspace/chug/lib/asset.js:363:19)\n    at /Users/sam/Workspace/chug/lib/Load.js:467:21\n    at Array.forEach (native)\n    at /Users/sam/Workspace/chug/lib/Load.js:192:21"]
INFO 2014-12-02T07:11:53.898Z ["[Lighter] Models loaded. \u001b[90mx0\u001b[39m"]
INFO 2014-12-02T07:11:53.906Z ["[Lighter] Scripts routed to \u001b[36m/sly.js\u001b[39m. \u001b[90mx1\u001b[39m"]
INFO 2014-12-02T07:11:53.907Z ["[Lighter] Styles routed to \u001b[36m/sly.css\u001b[39m. \u001b[90mx1\u001b[39m"]
ERROR 2014-12-02T07:11:53.911Z ["SyntaxError: Unexpected token ;\n    at Module._compile (module.js:439:25)\n    at Object.Module._extensions..js (module.js:474:10)\n    at Module.load (module.js:356:32)\n    at Function.Module._load (module.js:312:12)\n    at Module.require (module.js:364:17)\n    at require (module.js:380:17)\n    at init.module.exports.Waiter.extend.require (/Users/sam/Workspace/chug/lib/asset.js:363:19)\n    at /Users/sam/Workspace/chug/lib/Load.js:467:21\n    at Array.forEach (native)\n    at /Users/sam/Workspace/chug/lib/Load.js:192:21"]
INFO 2014-12-02T07:11:54.645Z ["[Lighter] Models loaded. \u001b[90mx0\u001b[39m"]
INFO 2014-12-02T07:11:54.653Z ["[Lighter] Scripts routed to \u001b[36m/sly.js\u001b[39m. \u001b[90mx1\u001b[39m"]
INFO 2014-12-02T07:11:54.654Z ["[Lighter] Styles routed to \u001b[36m/sly.css\u001b[39m. \u001b[90mx1\u001b[39m"]
ERROR 2014-12-02T07:11:54.658Z ["SyntaxError: Unexpected token ;\n    at Module._compile (module.js:439:25)\n    at Object.Module._extensions..js (module.js:474:10)\n    at Module.load (module.js:356:32)\n    at Function.Module._load (module.js:312:12)\n    at Module.require (module.js:364:17)\n    at require (module.js:380:17)\n    at init.module.exports.Waiter.extend.require (/Users/sam/Workspace/chug/lib/asset.js:363:19)\n    at /Users/sam/Workspace/chug/lib/Load.js:467:21\n    at Array.forEach (native)\n    at /Users/sam/Workspace/chug/lib/Load.js:192:21"]
INFO 2014-12-02T07:11:55.391Z ["[Lighter] Models loaded. \u001b[90mx0\u001b[39m"]
INFO 2014-12-02T07:11:55.399Z ["[Lighter] Scripts routed to \u001b[36m/sly.js\u001b[39m. \u001b[90mx1\u001b[39m"]
INFO 2014-12-02T07:11:55.399Z ["[Lighter] Styles routed to \u001b[36m/sly.css\u001b[39m. \u001b[90mx1\u001b[39m"]
ERROR 2014-12-02T07:11:55.404Z ["SyntaxError: Unexpected token ;\n    at Module._compile (module.js:439:25)\n    at Object.Module._extensions..js (module.js:474:10)\n    at Module.load (module.js:356:32)\n    at Function.Module._load (module.js:312:12)\n    at Module.require (module.js:364:17)\n    at require (module.js:380:17)\n    at init.module.exports.Waiter.extend.require (/Users/sam/Workspace/chug/lib/asset.js:363:19)\n    at /Users/sam/Workspace/chug/lib/Load.js:467:21\n    at Array.forEach (native)\n    at /Users/sam/Workspace/chug/lib/Load.js:192:21"]
INFO 2014-12-02T07:11:56.137Z ["[Lighter] Models loaded. \u001b[90mx0\u001b[39m"]
INFO 2014-12-02T07:11:56.145Z ["[Lighter] Scripts routed to \u001b[36m/sly.js\u001b[39m. \u001b[90mx1\u001b[39m"]
INFO 2014-12-02T07:11:56.145Z ["[Lighter] Styles routed to \u001b[36m/sly.css\u001b[39m. \u001b[90mx1\u001b[39m"]
ERROR 2014-12-02T07:11:56.150Z ["SyntaxError: Unexpected token ;\n    at Module._compile (module.js:439:25)\n    at Object.Module._extensions..js (module.js:474:10)\n    at Module.load (module.js:356:32)\n    at Function.Module._load (module.js:312:12)\n    at Module.require (module.js:364:17)\n    at require (module.js:380:17)\n    at init.module.exports.Waiter.extend.require (/Users/sam/Workspace/chug/lib/asset.js:363:19)\n    at /Users/sam/Workspace/chug/lib/Load.js:467:21\n    at Array.forEach (native)\n    at /Users/sam/Workspace/chug/lib/Load.js:192:21"]
INFO 2014-12-02T07:11:56.883Z ["[Lighter] Models loaded. \u001b[90mx0\u001b[39m"]
INFO 2014-12-02T07:11:56.891Z ["[Lighter] Scripts routed to \u001b[36m/sly.js\u001b[39m. \u001b[90mx1\u001b[39m"]
INFO 2014-12-02T07:11:56.892Z ["[Lighter] Styles routed to \u001b[36m/sly.css\u001b[39m. \u001b[90mx1\u001b[39m"]
INFO 2014-12-02T07:11:57.629Z ["[Lighter] Models loaded. \u001b[90mx0\u001b[39m"]
INFO 2014-12-02T07:11:57.637Z ["[Lighter] Scripts routed to \u001b[36m/sly.js\u001b[39m. \u001b[90mx1\u001b[39m"]
INFO 2014-12-02T07:11:57.638Z ["[Lighter] Styles routed to \u001b[36m/sly.css\u001b[39m. \u001b[90mx1\u001b[39m"]
ERROR 2014-12-02T07:11:57.642Z ["SyntaxError: Unexpected token ;\n    at Module._compile (module.js:439:25)\n    at Object.Module._extensions..js (module.js:474:10)\n    at Module.load (module.js:356:32)\n    at Function.Module._load (module.js:312:12)\n    at Module.require (module.js:364:17)\n    at require (module.js:380:17)\n    at init.module.exports.Waiter.extend.require (/Users/sam/Workspace/chug/lib/asset.js:363:19)\n    at /Users/sam/Workspace/chug/lib/Load.js:467:21\n    at Array.forEach (native)\n    at /Users/sam/Workspace/chug/lib/Load.js:192:21"]
INFO 2014-12-02T07:11:58.379Z ["[Lighter] Models loaded. \u001b[90mx0\u001b[39m"]
INFO 2014-12-02T07:11:58.387Z ["[Lighter] Scripts routed to \u001b[36m/sly.js\u001b[39m. \u001b[90mx1\u001b[39m"]
INFO 2014-12-02T07:11:58.388Z ["[Lighter] Styles routed to \u001b[36m/sly.css\u001b[39m. \u001b[90mx1\u001b[39m"]
ERROR 2014-12-02T07:11:58.392Z ["SyntaxError: Unexpected token ;\n    at Module._compile (module.js:439:25)\n    at Object.Module._extensions..js (module.js:474:10)\n    at Module.load (module.js:356:32)\n    at Function.Module._load (module.js:312:12)\n    at Module.require (module.js:364:17)\n    at require (module.js:380:17)\n    at init.module.exports.Waiter.extend.require (/Users/sam/Workspace/chug/lib/asset.js:363:19)\n    at /Users/sam/Workspace/chug/lib/Load.js:467:21\n    at Array.forEach (native)\n    at /Users/sam/Workspace/chug/lib/Load.js:192:21"]
INFO 2014-12-02T07:11:59.129Z ["[Lighter] Models loaded. \u001b[90mx0\u001b[39m"]
INFO 2014-12-02T07:11:59.137Z ["[Lighter] Scripts routed to \u001b[36m/sly.js\u001b[39m. \u001b[90mx1\u001b[39m"]
INFO 2014-12-02T07:11:59.137Z ["[Lighter] Styles routed to \u001b[36m/sly.css\u001b[39m. \u001b[90mx1\u001b[39m"]
ERROR 2014-12-02T07:11:59.142Z ["SyntaxError: Unexpected token ;\n    at Module._compile (module.js:439:25)\n    at Object.Module._extensions..js (module.js:474:10)\n    at Module.load (module.js:356:32)\n    at Function.Module._load (module.js:312:12)\n    at Module.require (module.js:364:17)\n    at require (module.js:380:17)\n    at init.module.exports.Waiter.extend.require (/Users/sam/Workspace/chug/lib/asset.js:363:19)\n    at /Users/sam/Workspace/chug/lib/Load.js:467:21\n    at Array.forEach (native)\n    at /Users/sam/Workspace/chug/lib/Load.js:192:21"]
INFO 2014-12-02T07:11:59.879Z ["[Lighter] Models loaded. \u001b[90mx0\u001b[39m"]
INFO 2014-12-02T07:11:59.887Z ["[Lighter] Scripts routed to \u001b[36m/sly.js\u001b[39m. \u001b[90mx1\u001b[39m"]
INFO 2014-12-02T07:11:59.888Z ["[Lighter] Styles routed to \u001b[36m/sly.css\u001b[39m. \u001b[90mx1\u001b[39m"]
ERROR 2014-12-02T07:11:59.893Z ["SyntaxError: Unexpected token ;\n    at Module._compile (module.js:439:25)\n    at Object.Module._extensions..js (module.js:474:10)\n    at Module.load (module.js:356:32)\n    at Function.Module._load (module.js:312:12)\n    at Module.require (module.js:364:17)\n    at require (module.js:380:17)\n    at init.module.exports.Waiter.extend.require (/Users/sam/Workspace/chug/lib/asset.js:363:19)\n    at /Users/sam/Workspace/chug/lib/Load.js:467:21\n    at Array.forEach (native)\n    at /Users/sam/Workspace/chug/lib/Load.js:192:21"]
