WARN 2014-12-02T15:19:17.856Z ["[Lighter] Change: \u001b[36m~/Workspace/plans/plans.js\u001b[39m."]
INFO 2014-12-02T15:19:18.628Z ["[Lighter] Models loaded. \u001b[90mx0\u001b[39m"]
INFO 2014-12-02T15:19:18.639Z ["[Lighter] Scripts routed to \u001b[36m/sly.js\u001b[39m. \u001b[90mx1\u001b[39m"]
INFO 2014-12-02T15:19:18.640Z ["[Lighter] Styles routed to \u001b[36m/sly.css\u001b[39m. \u001b[90mx1\u001b[39m"]
INFO 2014-12-02T15:19:18.644Z ["[Lighter] Controllers loaded. \u001b[90mx2\u001b[39m"]
INFO 2014-12-02T15:19:18.658Z ["[Lighter] Scripts routed to \u001b[36m/a.js\u001b[39m. \u001b[90mx1\u001b[39m"]
INFO 2014-12-02T15:19:18.660Z ["[Lighter] Styles routed to \u001b[36m/a.css\u001b[39m. \u001b[90mx1\u001b[39m"]
INFO 2014-12-02T15:19:20.831Z ["[Lighter] Views loaded. \u001b[90mx30\u001b[39m"]
INFO 2014-12-02T15:19:20.901Z ["[Lighter] Publics loaded. \u001b[90mx48\u001b[39m"]
WARN 2014-12-02T15:19:20.907Z ["[Lighter] Change: \u001b[36m~/Workspace/plans/plans.js\u001b[39m."]
INFO 2014-12-02T15:19:21.675Z ["[Lighter] Models loaded. \u001b[90mx0\u001b[39m"]
INFO 2014-12-02T15:19:21.683Z ["[Lighter] Scripts routed to \u001b[36m/sly.js\u001b[39m. \u001b[90mx1\u001b[39m"]
INFO 2014-12-02T15:19:21.684Z ["[Lighter] Styles routed to \u001b[36m/sly.css\u001b[39m. \u001b[90mx1\u001b[39m"]
INFO 2014-12-02T15:19:21.686Z ["[Lighter] Controllers loaded. \u001b[90mx2\u001b[39m"]
INFO 2014-12-02T15:19:21.698Z ["[Lighter] Scripts routed to \u001b[36m/a.js\u001b[39m. \u001b[90mx1\u001b[39m"]
INFO 2014-12-02T15:19:21.700Z ["[Lighter] Styles routed to \u001b[36m/a.css\u001b[39m. \u001b[90mx1\u001b[39m"]
INFO 2014-12-02T15:19:22.537Z ["[Lighter] Views loaded. \u001b[90mx30\u001b[39m"]
INFO 2014-12-02T15:19:23.629Z ["[Lighter] Publics loaded. \u001b[90mx48\u001b[39m"]
INFO 2014-12-02T15:19:23.643Z ["[D6] Views routed to \u001b[36m/d6.js\u001b[39m."]
WARN 2014-12-02T15:19:34.075Z ["[Lighter] Change: \u001b[36m~/Workspace/plans/plans.js\u001b[39m."]
INFO 2014-12-02T15:19:34.863Z ["[Lighter] Models loaded. \u001b[90mx0\u001b[39m"]
INFO 2014-12-02T15:19:34.875Z ["[Lighter] Scripts routed to \u001b[36m/sly.js\u001b[39m. \u001b[90mx1\u001b[39m"]
INFO 2014-12-02T15:19:34.876Z ["[Lighter] Styles routed to \u001b[36m/sly.css\u001b[39m. \u001b[90mx1\u001b[39m"]
INFO 2014-12-02T15:19:34.879Z ["[Lighter] Controllers loaded. \u001b[90mx2\u001b[39m"]
INFO 2014-12-02T15:19:34.893Z ["[Lighter] Scripts routed to \u001b[36m/a.js\u001b[39m. \u001b[90mx1\u001b[39m"]
INFO 2014-12-02T15:19:34.894Z ["[Lighter] Styles routed to \u001b[36m/a.css\u001b[39m. \u001b[90mx1\u001b[39m"]
INFO 2014-12-02T15:19:35.819Z ["[Lighter] Views loaded. \u001b[90mx30\u001b[39m"]
INFO 2014-12-02T15:19:36.959Z ["[Lighter] Publics loaded. \u001b[90mx48\u001b[39m"]
INFO 2014-12-02T15:19:36.974Z ["[D6] Views routed to \u001b[36m/d6.js\u001b[39m."]
