INFO 2014-12-02T07:47:00.167Z ["[Lighter] Models loaded. \u001b[90mx0\u001b[39m"]
INFO 2014-12-02T07:47:00.175Z ["[Lighter] Scripts routed to \u001b[36m/sly.js\u001b[39m. \u001b[90mx1\u001b[39m"]
INFO 2014-12-02T07:47:00.175Z ["[Lighter] Styles routed to \u001b[36m/sly.css\u001b[39m. \u001b[90mx1\u001b[39m"]
ERROR 2014-12-02T07:47:00.180Z ["SyntaxError: Unexpected token ;\n    at Module._compile (module.js:439:25)\n    at Object.Module._extensions..js (module.js:474:10)\n    at Module.load (module.js:356:32)\n    at Function.Module._load (module.js:312:12)\n    at Module.require (module.js:364:17)\n    at require (module.js:380:17)\n    at init.module.exports.Waiter.extend.require (/Users/sam/Workspace/chug/lib/asset.js:363:19)\n    at /Users/sam/Workspace/chug/lib/Load.js:467:21\n    at Array.forEach (native)\n    at /Users/sam/Workspace/chug/lib/Load.js:192:21"]
INFO 2014-12-02T07:47:00.922Z ["[Lighter] Models loaded. \u001b[90mx0\u001b[39m"]
INFO 2014-12-02T07:47:00.929Z ["[Lighter] Scripts routed to \u001b[36m/sly.js\u001b[39m. \u001b[90mx1\u001b[39m"]
INFO 2014-12-02T07:47:00.930Z ["[Lighter] Styles routed to \u001b[36m/sly.css\u001b[39m. \u001b[90mx1\u001b[39m"]
ERROR 2014-12-02T07:47:00.935Z ["SyntaxError: Unexpected token ;\n    at Module._compile (module.js:439:25)\n    at Object.Module._extensions..js (module.js:474:10)\n    at Module.load (module.js:356:32)\n    at Function.Module._load (module.js:312:12)\n    at Module.require (module.js:364:17)\n    at require (module.js:380:17)\n    at init.module.exports.Waiter.extend.require (/Users/sam/Workspace/chug/lib/asset.js:363:19)\n    at /Users/sam/Workspace/chug/lib/Load.js:467:21\n    at Array.forEach (native)\n    at /Users/sam/Workspace/chug/lib/Load.js:192:21"]
INFO 2014-12-02T07:47:01.678Z ["[Lighter] Models loaded. \u001b[90mx0\u001b[39m"]
INFO 2014-12-02T07:47:01.686Z ["[Lighter] Scripts routed to \u001b[36m/sly.js\u001b[39m. \u001b[90mx1\u001b[39m"]
INFO 2014-12-02T07:47:01.686Z ["[Lighter] Styles routed to \u001b[36m/sly.css\u001b[39m. \u001b[90mx1\u001b[39m"]
ERROR 2014-12-02T07:47:01.691Z ["SyntaxError: Unexpected token ;\n    at Module._compile (module.js:439:25)\n    at Object.Module._extensions..js (module.js:474:10)\n    at Module.load (module.js:356:32)\n    at Function.Module._load (module.js:312:12)\n    at Module.require (module.js:364:17)\n    at require (module.js:380:17)\n    at init.module.exports.Waiter.extend.require (/Users/sam/Workspace/chug/lib/asset.js:363:19)\n    at /Users/sam/Workspace/chug/lib/Load.js:467:21\n    at Array.forEach (native)\n    at /Users/sam/Workspace/chug/lib/Load.js:192:21"]
INFO 2014-12-02T07:47:02.428Z ["[Lighter] Models loaded. \u001b[90mx0\u001b[39m"]
INFO 2014-12-02T07:47:02.436Z ["[Lighter] Scripts routed to \u001b[36m/sly.js\u001b[39m. \u001b[90mx1\u001b[39m"]
INFO 2014-12-02T07:47:02.437Z ["[Lighter] Styles routed to \u001b[36m/sly.css\u001b[39m. \u001b[90mx1\u001b[39m"]
ERROR 2014-12-02T07:47:02.441Z ["SyntaxError: Unexpected token ;\n    at Module._compile (module.js:439:25)\n    at Object.Module._extensions..js (module.js:474:10)\n    at Module.load (module.js:356:32)\n    at Function.Module._load (module.js:312:12)\n    at Module.require (module.js:364:17)\n    at require (module.js:380:17)\n    at init.module.exports.Waiter.extend.require (/Users/sam/Workspace/chug/lib/asset.js:363:19)\n    at /Users/sam/Workspace/chug/lib/Load.js:467:21\n    at Array.forEach (native)\n    at /Users/sam/Workspace/chug/lib/Load.js:192:21"]
INFO 2014-12-02T07:47:03.185Z ["[Lighter] Models loaded. \u001b[90mx0\u001b[39m"]
INFO 2014-12-02T07:47:03.193Z ["[Lighter] Scripts routed to \u001b[36m/sly.js\u001b[39m. \u001b[90mx1\u001b[39m"]
INFO 2014-12-02T07:47:03.193Z ["[Lighter] Styles routed to \u001b[36m/sly.css\u001b[39m. \u001b[90mx1\u001b[39m"]
ERROR 2014-12-02T07:47:03.198Z ["SyntaxError: Unexpected token ;\n    at Module._compile (module.js:439:25)\n    at Object.Module._extensions..js (module.js:474:10)\n    at Module.load (module.js:356:32)\n    at Function.Module._load (module.js:312:12)\n    at Module.require (module.js:364:17)\n    at require (module.js:380:17)\n    at init.module.exports.Waiter.extend.require (/Users/sam/Workspace/chug/lib/asset.js:363:19)\n    at /Users/sam/Workspace/chug/lib/Load.js:467:21\n    at Array.forEach (native)\n    at /Users/sam/Workspace/chug/lib/Load.js:192:21"]
INFO 2014-12-02T07:47:03.937Z ["[Lighter] Models loaded. \u001b[90mx0\u001b[39m"]
INFO 2014-12-02T07:47:03.945Z ["[Lighter] Scripts routed to \u001b[36m/sly.js\u001b[39m. \u001b[90mx1\u001b[39m"]
INFO 2014-12-02T07:47:03.946Z ["[Lighter] Styles routed to \u001b[36m/sly.css\u001b[39m. \u001b[90mx1\u001b[39m"]
ERROR 2014-12-02T07:47:03.951Z ["SyntaxError: Unexpected token ;\n    at Module._compile (module.js:439:25)\n    at Object.Module._extensions..js (module.js:474:10)\n    at Module.load (module.js:356:32)\n    at Function.Module._load (module.js:312:12)\n    at Module.require (module.js:364:17)\n    at require (module.js:380:17)\n    at init.module.exports.Waiter.extend.require (/Users/sam/Workspace/chug/lib/asset.js:363:19)\n    at /Users/sam/Workspace/chug/lib/Load.js:467:21\n    at Array.forEach (native)\n    at /Users/sam/Workspace/chug/lib/Load.js:192:21"]
INFO 2014-12-02T07:47:04.692Z ["[Lighter] Models loaded. \u001b[90mx0\u001b[39m"]
INFO 2014-12-02T07:47:04.701Z ["[Lighter] Scripts routed to \u001b[36m/sly.js\u001b[39m. \u001b[90mx1\u001b[39m"]
INFO 2014-12-02T07:47:04.701Z ["[Lighter] Styles routed to \u001b[36m/sly.css\u001b[39m. \u001b[90mx1\u001b[39m"]
ERROR 2014-12-02T07:47:04.706Z ["SyntaxError: Unexpected token ;\n    at Module._compile (module.js:439:25)\n    at Object.Module._extensions..js (module.js:474:10)\n    at Module.load (module.js:356:32)\n    at Function.Module._load (module.js:312:12)\n    at Module.require (module.js:364:17)\n    at require (module.js:380:17)\n    at init.module.exports.Waiter.extend.require (/Users/sam/Workspace/chug/lib/asset.js:363:19)\n    at /Users/sam/Workspace/chug/lib/Load.js:467:21\n    at Array.forEach (native)\n    at /Users/sam/Workspace/chug/lib/Load.js:192:21"]
INFO 2014-12-02T07:47:05.438Z ["[Lighter] Models loaded. \u001b[90mx0\u001b[39m"]
INFO 2014-12-02T07:47:05.446Z ["[Lighter] Scripts routed to \u001b[36m/sly.js\u001b[39m. \u001b[90mx1\u001b[39m"]
INFO 2014-12-02T07:47:05.447Z ["[Lighter] Styles routed to \u001b[36m/sly.css\u001b[39m. \u001b[90mx1\u001b[39m"]
INFO 2014-12-02T07:47:06.186Z ["[Lighter] Models loaded. \u001b[90mx0\u001b[39m"]
INFO 2014-12-02T07:47:06.194Z ["[Lighter] Scripts routed to \u001b[36m/sly.js\u001b[39m. \u001b[90mx1\u001b[39m"]
INFO 2014-12-02T07:47:06.194Z ["[Lighter] Styles routed to \u001b[36m/sly.css\u001b[39m. \u001b[90mx1\u001b[39m"]
ERROR 2014-12-02T07:47:06.199Z ["SyntaxError: Unexpected token ;\n    at Module._compile (module.js:439:25)\n    at Object.Module._extensions..js (module.js:474:10)\n    at Module.load (module.js:356:32)\n    at Function.Module._load (module.js:312:12)\n    at Module.require (module.js:364:17)\n    at require (module.js:380:17)\n    at init.module.exports.Waiter.extend.require (/Users/sam/Workspace/chug/lib/asset.js:363:19)\n    at /Users/sam/Workspace/chug/lib/Load.js:467:21\n    at Array.forEach (native)\n    at /Users/sam/Workspace/chug/lib/Load.js:192:21"]
INFO 2014-12-02T07:47:06.936Z ["[Lighter] Models loaded. \u001b[90mx0\u001b[39m"]
INFO 2014-12-02T07:47:06.943Z ["[Lighter] Scripts routed to \u001b[36m/sly.js\u001b[39m. \u001b[90mx1\u001b[39m"]
INFO 2014-12-02T07:47:06.944Z ["[Lighter] Styles routed to \u001b[36m/sly.css\u001b[39m. \u001b[90mx1\u001b[39m"]
ERROR 2014-12-02T07:47:06.948Z ["SyntaxError: Unexpected token ;\n    at Module._compile (module.js:439:25)\n    at Object.Module._extensions..js (module.js:474:10)\n    at Module.load (module.js:356:32)\n    at Function.Module._load (module.js:312:12)\n    at Module.require (module.js:364:17)\n    at require (module.js:380:17)\n    at init.module.exports.Waiter.extend.require (/Users/sam/Workspace/chug/lib/asset.js:363:19)\n    at /Users/sam/Workspace/chug/lib/Load.js:467:21\n    at Array.forEach (native)\n    at /Users/sam/Workspace/chug/lib/Load.js:192:21"]
INFO 2014-12-02T07:47:07.685Z ["[Lighter] Models loaded. \u001b[90mx0\u001b[39m"]
INFO 2014-12-02T07:47:07.693Z ["[Lighter] Scripts routed to \u001b[36m/sly.js\u001b[39m. \u001b[90mx1\u001b[39m"]
INFO 2014-12-02T07:47:07.693Z ["[Lighter] Styles routed to \u001b[36m/sly.css\u001b[39m. \u001b[90mx1\u001b[39m"]
INFO 2014-12-02T07:47:08.432Z ["[Lighter] Models loaded. \u001b[90mx0\u001b[39m"]
INFO 2014-12-02T07:47:08.440Z ["[Lighter] Scripts routed to \u001b[36m/sly.js\u001b[39m. \u001b[90mx1\u001b[39m"]
INFO 2014-12-02T07:47:08.441Z ["[Lighter] Styles routed to \u001b[36m/sly.css\u001b[39m. \u001b[90mx1\u001b[39m"]
ERROR 2014-12-02T07:47:08.446Z ["SyntaxError: Unexpected token ;\n    at Module._compile (module.js:439:25)\n    at Object.Module._extensions..js (module.js:474:10)\n    at Module.load (module.js:356:32)\n    at Function.Module._load (module.js:312:12)\n    at Module.require (module.js:364:17)\n    at require (module.js:380:17)\n    at init.module.exports.Waiter.extend.require (/Users/sam/Workspace/chug/lib/asset.js:363:19)\n    at /Users/sam/Workspace/chug/lib/Load.js:467:21\n    at Array.forEach (native)\n    at /Users/sam/Workspace/chug/lib/Load.js:192:21"]
INFO 2014-12-02T07:47:09.183Z ["[Lighter] Models loaded. \u001b[90mx0\u001b[39m"]
INFO 2014-12-02T07:47:09.191Z ["[Lighter] Scripts routed to \u001b[36m/sly.js\u001b[39m. \u001b[90mx1\u001b[39m"]
INFO 2014-12-02T07:47:09.192Z ["[Lighter] Styles routed to \u001b[36m/sly.css\u001b[39m. \u001b[90mx1\u001b[39m"]
ERROR 2014-12-02T07:47:09.197Z ["SyntaxError: Unexpected token ;\n    at Module._compile (module.js:439:25)\n    at Object.Module._extensions..js (module.js:474:10)\n    at Module.load (module.js:356:32)\n    at Function.Module._load (module.js:312:12)\n    at Module.require (module.js:364:17)\n    at require (module.js:380:17)\n    at init.module.exports.Waiter.extend.require (/Users/sam/Workspace/chug/lib/asset.js:363:19)\n    at /Users/sam/Workspace/chug/lib/Load.js:467:21\n    at Array.forEach (native)\n    at /Users/sam/Workspace/chug/lib/Load.js:192:21"]
INFO 2014-12-02T07:47:09.934Z ["[Lighter] Models loaded. \u001b[90mx0\u001b[39m"]
INFO 2014-12-02T07:47:09.942Z ["[Lighter] Scripts routed to \u001b[36m/sly.js\u001b[39m. \u001b[90mx1\u001b[39m"]
INFO 2014-12-02T07:47:09.942Z ["[Lighter] Styles routed to \u001b[36m/sly.css\u001b[39m. \u001b[90mx1\u001b[39m"]
ERROR 2014-12-02T07:47:09.947Z ["SyntaxError: Unexpected token ;\n    at Module._compile (module.js:439:25)\n    at Object.Module._extensions..js (module.js:474:10)\n    at Module.load (module.js:356:32)\n    at Function.Module._load (module.js:312:12)\n    at Module.require (module.js:364:17)\n    at require (module.js:380:17)\n    at init.module.exports.Waiter.extend.require (/Users/sam/Workspace/chug/lib/asset.js:363:19)\n    at /Users/sam/Workspace/chug/lib/Load.js:467:21\n    at Array.forEach (native)\n    at /Users/sam/Workspace/chug/lib/Load.js:192:21"]
INFO 2014-12-02T07:47:10.683Z ["[Lighter] Models loaded. \u001b[90mx0\u001b[39m"]
INFO 2014-12-02T07:47:10.691Z ["[Lighter] Scripts routed to \u001b[36m/sly.js\u001b[39m. \u001b[90mx1\u001b[39m"]
INFO 2014-12-02T07:47:10.692Z ["[Lighter] Styles routed to \u001b[36m/sly.css\u001b[39m. \u001b[90mx1\u001b[39m"]
ERROR 2014-12-02T07:47:10.697Z ["SyntaxError: Unexpected token ;\n    at Module._compile (module.js:439:25)\n    at Object.Module._extensions..js (module.js:474:10)\n    at Module.load (module.js:356:32)\n    at Function.Module._load (module.js:312:12)\n    at Module.require (module.js:364:17)\n    at require (module.js:380:17)\n    at init.module.exports.Waiter.extend.require (/Users/sam/Workspace/chug/lib/asset.js:363:19)\n    at /Users/sam/Workspace/chug/lib/Load.js:467:21\n    at Array.forEach (native)\n    at /Users/sam/Workspace/chug/lib/Load.js:192:21"]
INFO 2014-12-02T07:47:11.431Z ["[Lighter] Models loaded. \u001b[90mx0\u001b[39m"]
INFO 2014-12-02T07:47:11.439Z ["[Lighter] Scripts routed to \u001b[36m/sly.js\u001b[39m. \u001b[90mx1\u001b[39m"]
INFO 2014-12-02T07:47:11.439Z ["[Lighter] Styles routed to \u001b[36m/sly.css\u001b[39m. \u001b[90mx1\u001b[39m"]
INFO 2014-12-02T07:47:12.179Z ["[Lighter] Models loaded. \u001b[90mx0\u001b[39m"]
INFO 2014-12-02T07:47:12.187Z ["[Lighter] Scripts routed to \u001b[36m/sly.js\u001b[39m. \u001b[90mx1\u001b[39m"]
INFO 2014-12-02T07:47:12.187Z ["[Lighter] Styles routed to \u001b[36m/sly.css\u001b[39m. \u001b[90mx1\u001b[39m"]
ERROR 2014-12-02T07:47:12.192Z ["SyntaxError: Unexpected token ;\n    at Module._compile (module.js:439:25)\n    at Object.Module._extensions..js (module.js:474:10)\n    at Module.load (module.js:356:32)\n    at Function.Module._load (module.js:312:12)\n    at Module.require (module.js:364:17)\n    at require (module.js:380:17)\n    at init.module.exports.Waiter.extend.require (/Users/sam/Workspace/chug/lib/asset.js:363:19)\n    at /Users/sam/Workspace/chug/lib/Load.js:467:21\n    at Array.forEach (native)\n    at /Users/sam/Workspace/chug/lib/Load.js:192:21"]
INFO 2014-12-02T07:47:12.926Z ["[Lighter] Models loaded. \u001b[90mx0\u001b[39m"]
INFO 2014-12-02T07:47:12.933Z ["[Lighter] Scripts routed to \u001b[36m/sly.js\u001b[39m. \u001b[90mx1\u001b[39m"]
INFO 2014-12-02T07:47:12.934Z ["[Lighter] Styles routed to \u001b[36m/sly.css\u001b[39m. \u001b[90mx1\u001b[39m"]
ERROR 2014-12-02T07:47:12.939Z ["SyntaxError: Unexpected token ;\n    at Module._compile (module.js:439:25)\n    at Object.Module._extensions..js (module.js:474:10)\n    at Module.load (module.js:356:32)\n    at Function.Module._load (module.js:312:12)\n    at Module.require (module.js:364:17)\n    at require (module.js:380:17)\n    at init.module.exports.Waiter.extend.require (/Users/sam/Workspace/chug/lib/asset.js:363:19)\n    at /Users/sam/Workspace/chug/lib/Load.js:467:21\n    at Array.forEach (native)\n    at /Users/sam/Workspace/chug/lib/Load.js:192:21"]
INFO 2014-12-02T07:47:13.677Z ["[Lighter] Models loaded. \u001b[90mx0\u001b[39m"]
INFO 2014-12-02T07:47:13.684Z ["[Lighter] Scripts routed to \u001b[36m/sly.js\u001b[39m. \u001b[90mx1\u001b[39m"]
INFO 2014-12-02T07:47:13.685Z ["[Lighter] Styles routed to \u001b[36m/sly.css\u001b[39m. \u001b[90mx1\u001b[39m"]
ERROR 2014-12-02T07:47:13.690Z ["SyntaxError: Unexpected token ;\n    at Module._compile (module.js:439:25)\n    at Object.Module._extensions..js (module.js:474:10)\n    at Module.load (module.js:356:32)\n    at Function.Module._load (module.js:312:12)\n    at Module.require (module.js:364:17)\n    at require (module.js:380:17)\n    at init.module.exports.Waiter.extend.require (/Users/sam/Workspace/chug/lib/asset.js:363:19)\n    at /Users/sam/Workspace/chug/lib/Load.js:467:21\n    at Array.forEach (native)\n    at /Users/sam/Workspace/chug/lib/Load.js:192:21"]
INFO 2014-12-02T07:47:14.425Z ["[Lighter] Models loaded. \u001b[90mx0\u001b[39m"]
INFO 2014-12-02T07:47:14.433Z ["[Lighter] Scripts routed to \u001b[36m/sly.js\u001b[39m. \u001b[90mx1\u001b[39m"]
INFO 2014-12-02T07:47:14.433Z ["[Lighter] Styles routed to \u001b[36m/sly.css\u001b[39m. \u001b[90mx1\u001b[39m"]
ERROR 2014-12-02T07:47:14.438Z ["SyntaxError: Unexpected token ;\n    at Module._compile (module.js:439:25)\n    at Object.Module._extensions..js (module.js:474:10)\n    at Module.load (module.js:356:32)\n    at Function.Module._load (module.js:312:12)\n    at Module.require (module.js:364:17)\n    at require (module.js:380:17)\n    at init.module.exports.Waiter.extend.require (/Users/sam/Workspace/chug/lib/asset.js:363:19)\n    at /Users/sam/Workspace/chug/lib/Load.js:467:21\n    at Array.forEach (native)\n    at /Users/sam/Workspace/chug/lib/Load.js:192:21"]
INFO 2014-12-02T07:47:15.175Z ["[Lighter] Models loaded. \u001b[90mx0\u001b[39m"]
INFO 2014-12-02T07:47:15.183Z ["[Lighter] Scripts routed to \u001b[36m/sly.js\u001b[39m. \u001b[90mx1\u001b[39m"]
INFO 2014-12-02T07:47:15.184Z ["[Lighter] Styles routed to \u001b[36m/sly.css\u001b[39m. \u001b[90mx1\u001b[39m"]
ERROR 2014-12-02T07:47:15.189Z ["SyntaxError: Unexpected token ;\n    at Module._compile (module.js:439:25)\n    at Object.Module._extensions..js (module.js:474:10)\n    at Module.load (module.js:356:32)\n    at Function.Module._load (module.js:312:12)\n    at Module.require (module.js:364:17)\n    at require (module.js:380:17)\n    at init.module.exports.Waiter.extend.require (/Users/sam/Workspace/chug/lib/asset.js:363:19)\n    at /Users/sam/Workspace/chug/lib/Load.js:467:21\n    at Array.forEach (native)\n    at /Users/sam/Workspace/chug/lib/Load.js:192:21"]
INFO 2014-12-02T07:47:15.926Z ["[Lighter] Models loaded. \u001b[90mx0\u001b[39m"]
INFO 2014-12-02T07:47:15.935Z ["[Lighter] Scripts routed to \u001b[36m/sly.js\u001b[39m. \u001b[90mx1\u001b[39m"]
INFO 2014-12-02T07:47:15.935Z ["[Lighter] Styles routed to \u001b[36m/sly.css\u001b[39m. \u001b[90mx1\u001b[39m"]
ERROR 2014-12-02T07:47:15.940Z ["SyntaxError: Unexpected token ;\n    at Module._compile (module.js:439:25)\n    at Object.Module._extensions..js (module.js:474:10)\n    at Module.load (module.js:356:32)\n    at Function.Module._load (module.js:312:12)\n    at Module.require (module.js:364:17)\n    at require (module.js:380:17)\n    at init.module.exports.Waiter.extend.require (/Users/sam/Workspace/chug/lib/asset.js:363:19)\n    at /Users/sam/Workspace/chug/lib/Load.js:467:21\n    at Array.forEach (native)\n    at /Users/sam/Workspace/chug/lib/Load.js:192:21"]
INFO 2014-12-02T07:47:16.679Z ["[Lighter] Models loaded. \u001b[90mx0\u001b[39m"]
INFO 2014-12-02T07:47:16.687Z ["[Lighter] Scripts routed to \u001b[36m/sly.js\u001b[39m. \u001b[90mx1\u001b[39m"]
INFO 2014-12-02T07:47:16.687Z ["[Lighter] Styles routed to \u001b[36m/sly.css\u001b[39m. \u001b[90mx1\u001b[39m"]
ERROR 2014-12-02T07:47:16.692Z ["SyntaxError: Unexpected token ;\n    at Module._compile (module.js:439:25)\n    at Object.Module._extensions..js (module.js:474:10)\n    at Module.load (module.js:356:32)\n    at Function.Module._load (module.js:312:12)\n    at Module.require (module.js:364:17)\n    at require (module.js:380:17)\n    at init.module.exports.Waiter.extend.require (/Users/sam/Workspace/chug/lib/asset.js:363:19)\n    at /Users/sam/Workspace/chug/lib/Load.js:467:21\n    at Array.forEach (native)\n    at /Users/sam/Workspace/chug/lib/Load.js:192:21"]
INFO 2014-12-02T07:47:17.426Z ["[Lighter] Models loaded. \u001b[90mx0\u001b[39m"]
INFO 2014-12-02T07:47:17.434Z ["[Lighter] Scripts routed to \u001b[36m/sly.js\u001b[39m. \u001b[90mx1\u001b[39m"]
INFO 2014-12-02T07:47:17.434Z ["[Lighter] Styles routed to \u001b[36m/sly.css\u001b[39m. \u001b[90mx1\u001b[39m"]
ERROR 2014-12-02T07:47:17.439Z ["SyntaxError: Unexpected token ;\n    at Module._compile (module.js:439:25)\n    at Object.Module._extensions..js (module.js:474:10)\n    at Module.load (module.js:356:32)\n    at Function.Module._load (module.js:312:12)\n    at Module.require (module.js:364:17)\n    at require (module.js:380:17)\n    at init.module.exports.Waiter.extend.require (/Users/sam/Workspace/chug/lib/asset.js:363:19)\n    at /Users/sam/Workspace/chug/lib/Load.js:467:21\n    at Array.forEach (native)\n    at /Users/sam/Workspace/chug/lib/Load.js:192:21"]
INFO 2014-12-02T07:47:18.176Z ["[Lighter] Models loaded. \u001b[90mx0\u001b[39m"]
INFO 2014-12-02T07:47:18.183Z ["[Lighter] Scripts routed to \u001b[36m/sly.js\u001b[39m. \u001b[90mx1\u001b[39m"]
INFO 2014-12-02T07:47:18.184Z ["[Lighter] Styles routed to \u001b[36m/sly.css\u001b[39m. \u001b[90mx1\u001b[39m"]
ERROR 2014-12-02T07:47:18.189Z ["SyntaxError: Unexpected token ;\n    at Module._compile (module.js:439:25)\n    at Object.Module._extensions..js (module.js:474:10)\n    at Module.load (module.js:356:32)\n    at Function.Module._load (module.js:312:12)\n    at Module.require (module.js:364:17)\n    at require (module.js:380:17)\n    at init.module.exports.Waiter.extend.require (/Users/sam/Workspace/chug/lib/asset.js:363:19)\n    at /Users/sam/Workspace/chug/lib/Load.js:467:21\n    at Array.forEach (native)\n    at /Users/sam/Workspace/chug/lib/Load.js:192:21"]
INFO 2014-12-02T07:47:18.924Z ["[Lighter] Models loaded. \u001b[90mx0\u001b[39m"]
INFO 2014-12-02T07:47:18.931Z ["[Lighter] Scripts routed to \u001b[36m/sly.js\u001b[39m. \u001b[90mx1\u001b[39m"]
INFO 2014-12-02T07:47:18.932Z ["[Lighter] Styles routed to \u001b[36m/sly.css\u001b[39m. \u001b[90mx1\u001b[39m"]
INFO 2014-12-02T07:47:19.671Z ["[Lighter] Models loaded. \u001b[90mx0\u001b[39m"]
INFO 2014-12-02T07:47:19.679Z ["[Lighter] Scripts routed to \u001b[36m/sly.js\u001b[39m. \u001b[90mx1\u001b[39m"]
INFO 2014-12-02T07:47:19.680Z ["[Lighter] Styles routed to \u001b[36m/sly.css\u001b[39m. \u001b[90mx1\u001b[39m"]
ERROR 2014-12-02T07:47:19.685Z ["SyntaxError: Unexpected token ;\n    at Module._compile (module.js:439:25)\n    at Object.Module._extensions..js (module.js:474:10)\n    at Module.load (module.js:356:32)\n    at Function.Module._load (module.js:312:12)\n    at Module.require (module.js:364:17)\n    at require (module.js:380:17)\n    at init.module.exports.Waiter.extend.require (/Users/sam/Workspace/chug/lib/asset.js:363:19)\n    at /Users/sam/Workspace/chug/lib/Load.js:467:21\n    at Array.forEach (native)\n    at /Users/sam/Workspace/chug/lib/Load.js:192:21"]
INFO 2014-12-02T07:47:20.423Z ["[Lighter] Models loaded. \u001b[90mx0\u001b[39m"]
INFO 2014-12-02T07:47:20.431Z ["[Lighter] Scripts routed to \u001b[36m/sly.js\u001b[39m. \u001b[90mx1\u001b[39m"]
INFO 2014-12-02T07:47:20.432Z ["[Lighter] Styles routed to \u001b[36m/sly.css\u001b[39m. \u001b[90mx1\u001b[39m"]
ERROR 2014-12-02T07:47:20.437Z ["SyntaxError: Unexpected token ;\n    at Module._compile (module.js:439:25)\n    at Object.Module._extensions..js (module.js:474:10)\n    at Module.load (module.js:356:32)\n    at Function.Module._load (module.js:312:12)\n    at Module.require (module.js:364:17)\n    at require (module.js:380:17)\n    at init.module.exports.Waiter.extend.require (/Users/sam/Workspace/chug/lib/asset.js:363:19)\n    at /Users/sam/Workspace/chug/lib/Load.js:467:21\n    at Array.forEach (native)\n    at /Users/sam/Workspace/chug/lib/Load.js:192:21"]
INFO 2014-12-02T07:47:21.170Z ["[Lighter] Models loaded. \u001b[90mx0\u001b[39m"]
INFO 2014-12-02T07:47:21.178Z ["[Lighter] Scripts routed to \u001b[36m/sly.js\u001b[39m. \u001b[90mx1\u001b[39m"]
INFO 2014-12-02T07:47:21.179Z ["[Lighter] Styles routed to \u001b[36m/sly.css\u001b[39m. \u001b[90mx1\u001b[39m"]
ERROR 2014-12-02T07:47:21.184Z ["SyntaxError: Unexpected token ;\n    at Module._compile (module.js:439:25)\n    at Object.Module._extensions..js (module.js:474:10)\n    at Module.load (module.js:356:32)\n    at Function.Module._load (module.js:312:12)\n    at Module.require (module.js:364:17)\n    at require (module.js:380:17)\n    at init.module.exports.Waiter.extend.require (/Users/sam/Workspace/chug/lib/asset.js:363:19)\n    at /Users/sam/Workspace/chug/lib/Load.js:467:21\n    at Array.forEach (native)\n    at /Users/sam/Workspace/chug/lib/Load.js:192:21"]
INFO 2014-12-02T07:47:21.918Z ["[Lighter] Models loaded. \u001b[90mx0\u001b[39m"]
INFO 2014-12-02T07:47:21.926Z ["[Lighter] Scripts routed to \u001b[36m/sly.js\u001b[39m. \u001b[90mx1\u001b[39m"]
INFO 2014-12-02T07:47:21.927Z ["[Lighter] Styles routed to \u001b[36m/sly.css\u001b[39m. \u001b[90mx1\u001b[39m"]
ERROR 2014-12-02T07:47:21.932Z ["SyntaxError: Unexpected token ;\n    at Module._compile (module.js:439:25)\n    at Object.Module._extensions..js (module.js:474:10)\n    at Module.load (module.js:356:32)\n    at Function.Module._load (module.js:312:12)\n    at Module.require (module.js:364:17)\n    at require (module.js:380:17)\n    at init.module.exports.Waiter.extend.require (/Users/sam/Workspace/chug/lib/asset.js:363:19)\n    at /Users/sam/Workspace/chug/lib/Load.js:467:21\n    at Array.forEach (native)\n    at /Users/sam/Workspace/chug/lib/Load.js:192:21"]
INFO 2014-12-02T07:47:22.666Z ["[Lighter] Models loaded. \u001b[90mx0\u001b[39m"]
INFO 2014-12-02T07:47:22.674Z ["[Lighter] Scripts routed to \u001b[36m/sly.js\u001b[39m. \u001b[90mx1\u001b[39m"]
INFO 2014-12-02T07:47:22.675Z ["[Lighter] Styles routed to \u001b[36m/sly.css\u001b[39m. \u001b[90mx1\u001b[39m"]
ERROR 2014-12-02T07:47:22.680Z ["SyntaxError: Unexpected token ;\n    at Module._compile (module.js:439:25)\n    at Object.Module._extensions..js (module.js:474:10)\n    at Module.load (module.js:356:32)\n    at Function.Module._load (module.js:312:12)\n    at Module.require (module.js:364:17)\n    at require (module.js:380:17)\n    at init.module.exports.Waiter.extend.require (/Users/sam/Workspace/chug/lib/asset.js:363:19)\n    at /Users/sam/Workspace/chug/lib/Load.js:467:21\n    at Array.forEach (native)\n    at /Users/sam/Workspace/chug/lib/Load.js:192:21"]
INFO 2014-12-02T07:47:23.415Z ["[Lighter] Models loaded. \u001b[90mx0\u001b[39m"]
INFO 2014-12-02T07:47:23.423Z ["[Lighter] Scripts routed to \u001b[36m/sly.js\u001b[39m. \u001b[90mx1\u001b[39m"]
INFO 2014-12-02T07:47:23.424Z ["[Lighter] Styles routed to \u001b[36m/sly.css\u001b[39m. \u001b[90mx1\u001b[39m"]
ERROR 2014-12-02T07:47:23.429Z ["SyntaxError: Unexpected token ;\n    at Module._compile (module.js:439:25)\n    at Object.Module._extensions..js (module.js:474:10)\n    at Module.load (module.js:356:32)\n    at Function.Module._load (module.js:312:12)\n    at Module.require (module.js:364:17)\n    at require (module.js:380:17)\n    at init.module.exports.Waiter.extend.require (/Users/sam/Workspace/chug/lib/asset.js:363:19)\n    at /Users/sam/Workspace/chug/lib/Load.js:467:21\n    at Array.forEach (native)\n    at /Users/sam/Workspace/chug/lib/Load.js:192:21"]
INFO 2014-12-02T07:47:24.167Z ["[Lighter] Models loaded. \u001b[90mx0\u001b[39m"]
INFO 2014-12-02T07:47:24.179Z ["[Lighter] Scripts routed to \u001b[36m/sly.js\u001b[39m. \u001b[90mx1\u001b[39m"]
INFO 2014-12-02T07:47:24.179Z ["[Lighter] Styles routed to \u001b[36m/sly.css\u001b[39m. \u001b[90mx1\u001b[39m"]
ERROR 2014-12-02T07:47:24.184Z ["SyntaxError: Unexpected token ;\n    at Module._compile (module.js:439:25)\n    at Object.Module._extensions..js (module.js:474:10)\n    at Module.load (module.js:356:32)\n    at Function.Module._load (module.js:312:12)\n    at Module.require (module.js:364:17)\n    at require (module.js:380:17)\n    at init.module.exports.Waiter.extend.require (/Users/sam/Workspace/chug/lib/asset.js:363:19)\n    at /Users/sam/Workspace/chug/lib/Load.js:467:21\n    at Array.forEach (native)\n    at /Users/sam/Workspace/chug/lib/Load.js:192:21"]
INFO 2014-12-02T07:47:24.919Z ["[Lighter] Models loaded. \u001b[90mx0\u001b[39m"]
INFO 2014-12-02T07:47:24.927Z ["[Lighter] Scripts routed to \u001b[36m/sly.js\u001b[39m. \u001b[90mx1\u001b[39m"]
INFO 2014-12-02T07:47:24.928Z ["[Lighter] Styles routed to \u001b[36m/sly.css\u001b[39m. \u001b[90mx1\u001b[39m"]
ERROR 2014-12-02T07:47:24.933Z ["SyntaxError: Unexpected token ;\n    at Module._compile (module.js:439:25)\n    at Object.Module._extensions..js (module.js:474:10)\n    at Module.load (module.js:356:32)\n    at Function.Module._load (module.js:312:12)\n    at Module.require (module.js:364:17)\n    at require (module.js:380:17)\n    at init.module.exports.Waiter.extend.require (/Users/sam/Workspace/chug/lib/asset.js:363:19)\n    at /Users/sam/Workspace/chug/lib/Load.js:467:21\n    at Array.forEach (native)\n    at /Users/sam/Workspace/chug/lib/Load.js:192:21"]
INFO 2014-12-02T07:47:25.675Z ["[Lighter] Models loaded. \u001b[90mx0\u001b[39m"]
INFO 2014-12-02T07:47:25.683Z ["[Lighter] Scripts routed to \u001b[36m/sly.js\u001b[39m. \u001b[90mx1\u001b[39m"]
INFO 2014-12-02T07:47:25.683Z ["[Lighter] Styles routed to \u001b[36m/sly.css\u001b[39m. \u001b[90mx1\u001b[39m"]
ERROR 2014-12-02T07:47:25.688Z ["SyntaxError: Unexpected token ;\n    at Module._compile (module.js:439:25)\n    at Object.Module._extensions..js (module.js:474:10)\n    at Module.load (module.js:356:32)\n    at Function.Module._load (module.js:312:12)\n    at Module.require (module.js:364:17)\n    at require (module.js:380:17)\n    at init.module.exports.Waiter.extend.require (/Users/sam/Workspace/chug/lib/asset.js:363:19)\n    at /Users/sam/Workspace/chug/lib/Load.js:467:21\n    at Array.forEach (native)\n    at /Users/sam/Workspace/chug/lib/Load.js:192:21"]
INFO 2014-12-02T07:47:26.423Z ["[Lighter] Models loaded. \u001b[90mx0\u001b[39m"]
INFO 2014-12-02T07:47:26.432Z ["[Lighter] Scripts routed to \u001b[36m/sly.js\u001b[39m. \u001b[90mx1\u001b[39m"]
INFO 2014-12-02T07:47:26.432Z ["[Lighter] Styles routed to \u001b[36m/sly.css\u001b[39m. \u001b[90mx1\u001b[39m"]
ERROR 2014-12-02T07:47:26.437Z ["SyntaxError: Unexpected token ;\n    at Module._compile (module.js:439:25)\n    at Object.Module._extensions..js (module.js:474:10)\n    at Module.load (module.js:356:32)\n    at Function.Module._load (module.js:312:12)\n    at Module.require (module.js:364:17)\n    at require (module.js:380:17)\n    at init.module.exports.Waiter.extend.require (/Users/sam/Workspace/chug/lib/asset.js:363:19)\n    at /Users/sam/Workspace/chug/lib/Load.js:467:21\n    at Array.forEach (native)\n    at /Users/sam/Workspace/chug/lib/Load.js:192:21"]
INFO 2014-12-02T07:47:27.170Z ["[Lighter] Models loaded. \u001b[90mx0\u001b[39m"]
INFO 2014-12-02T07:47:27.178Z ["[Lighter] Scripts routed to \u001b[36m/sly.js\u001b[39m. \u001b[90mx1\u001b[39m"]
INFO 2014-12-02T07:47:27.178Z ["[Lighter] Styles routed to \u001b[36m/sly.css\u001b[39m. \u001b[90mx1\u001b[39m"]
ERROR 2014-12-02T07:47:27.183Z ["SyntaxError: Unexpected token ;\n    at Module._compile (module.js:439:25)\n    at Object.Module._extensions..js (module.js:474:10)\n    at Module.load (module.js:356:32)\n    at Function.Module._load (module.js:312:12)\n    at Module.require (module.js:364:17)\n    at require (module.js:380:17)\n    at init.module.exports.Waiter.extend.require (/Users/sam/Workspace/chug/lib/asset.js:363:19)\n    at /Users/sam/Workspace/chug/lib/Load.js:467:21\n    at Array.forEach (native)\n    at /Users/sam/Workspace/chug/lib/Load.js:192:21"]
INFO 2014-12-02T07:47:27.921Z ["[Lighter] Models loaded. \u001b[90mx0\u001b[39m"]
INFO 2014-12-02T07:47:27.929Z ["[Lighter] Scripts routed to \u001b[36m/sly.js\u001b[39m. \u001b[90mx1\u001b[39m"]
INFO 2014-12-02T07:47:27.930Z ["[Lighter] Styles routed to \u001b[36m/sly.css\u001b[39m. \u001b[90mx1\u001b[39m"]
ERROR 2014-12-02T07:47:27.935Z ["SyntaxError: Unexpected token ;\n    at Module._compile (module.js:439:25)\n    at Object.Module._extensions..js (module.js:474:10)\n    at Module.load (module.js:356:32)\n    at Function.Module._load (module.js:312:12)\n    at Module.require (module.js:364:17)\n    at require (module.js:380:17)\n    at init.module.exports.Waiter.extend.require (/Users/sam/Workspace/chug/lib/asset.js:363:19)\n    at /Users/sam/Workspace/chug/lib/Load.js:467:21\n    at Array.forEach (native)\n    at /Users/sam/Workspace/chug/lib/Load.js:192:21"]
INFO 2014-12-02T07:47:28.672Z ["[Lighter] Models loaded. \u001b[90mx0\u001b[39m"]
INFO 2014-12-02T07:47:28.680Z ["[Lighter] Scripts routed to \u001b[36m/sly.js\u001b[39m. \u001b[90mx1\u001b[39m"]
INFO 2014-12-02T07:47:28.680Z ["[Lighter] Styles routed to \u001b[36m/sly.css\u001b[39m. \u001b[90mx1\u001b[39m"]
ERROR 2014-12-02T07:47:28.685Z ["SyntaxError: Unexpected token ;\n    at Module._compile (module.js:439:25)\n    at Object.Module._extensions..js (module.js:474:10)\n    at Module.load (module.js:356:32)\n    at Function.Module._load (module.js:312:12)\n    at Module.require (module.js:364:17)\n    at require (module.js:380:17)\n    at init.module.exports.Waiter.extend.require (/Users/sam/Workspace/chug/lib/asset.js:363:19)\n    at /Users/sam/Workspace/chug/lib/Load.js:467:21\n    at Array.forEach (native)\n    at /Users/sam/Workspace/chug/lib/Load.js:192:21"]
INFO 2014-12-02T07:47:29.420Z ["[Lighter] Models loaded. \u001b[90mx0\u001b[39m"]
INFO 2014-12-02T07:47:29.428Z ["[Lighter] Scripts routed to \u001b[36m/sly.js\u001b[39m. \u001b[90mx1\u001b[39m"]
INFO 2014-12-02T07:47:29.428Z ["[Lighter] Styles routed to \u001b[36m/sly.css\u001b[39m. \u001b[90mx1\u001b[39m"]
ERROR 2014-12-02T07:47:29.434Z ["SyntaxError: Unexpected token ;\n    at Module._compile (module.js:439:25)\n    at Object.Module._extensions..js (module.js:474:10)\n    at Module.load (module.js:356:32)\n    at Function.Module._load (module.js:312:12)\n    at Module.require (module.js:364:17)\n    at require (module.js:380:17)\n    at init.module.exports.Waiter.extend.require (/Users/sam/Workspace/chug/lib/asset.js:363:19)\n    at /Users/sam/Workspace/chug/lib/Load.js:467:21\n    at Array.forEach (native)\n    at /Users/sam/Workspace/chug/lib/Load.js:192:21"]
INFO 2014-12-02T07:47:30.175Z ["[Lighter] Models loaded. \u001b[90mx0\u001b[39m"]
INFO 2014-12-02T07:47:30.183Z ["[Lighter] Scripts routed to \u001b[36m/sly.js\u001b[39m. \u001b[90mx1\u001b[39m"]
INFO 2014-12-02T07:47:30.184Z ["[Lighter] Styles routed to \u001b[36m/sly.css\u001b[39m. \u001b[90mx1\u001b[39m"]
ERROR 2014-12-02T07:47:30.189Z ["SyntaxError: Unexpected token ;\n    at Module._compile (module.js:439:25)\n    at Object.Module._extensions..js (module.js:474:10)\n    at Module.load (module.js:356:32)\n    at Function.Module._load (module.js:312:12)\n    at Module.require (module.js:364:17)\n    at require (module.js:380:17)\n    at init.module.exports.Waiter.extend.require (/Users/sam/Workspace/chug/lib/asset.js:363:19)\n    at /Users/sam/Workspace/chug/lib/Load.js:467:21\n    at Array.forEach (native)\n    at /Users/sam/Workspace/chug/lib/Load.js:192:21"]
INFO 2014-12-02T07:47:30.923Z ["[Lighter] Models loaded. \u001b[90mx0\u001b[39m"]
INFO 2014-12-02T07:47:30.931Z ["[Lighter] Scripts routed to \u001b[36m/sly.js\u001b[39m. \u001b[90mx1\u001b[39m"]
INFO 2014-12-02T07:47:30.932Z ["[Lighter] Styles routed to \u001b[36m/sly.css\u001b[39m. \u001b[90mx1\u001b[39m"]
ERROR 2014-12-02T07:47:30.936Z ["SyntaxError: Unexpected token ;\n    at Module._compile (module.js:439:25)\n    at Object.Module._extensions..js (module.js:474:10)\n    at Module.load (module.js:356:32)\n    at Function.Module._load (module.js:312:12)\n    at Module.require (module.js:364:17)\n    at require (module.js:380:17)\n    at init.module.exports.Waiter.extend.require (/Users/sam/Workspace/chug/lib/asset.js:363:19)\n    at /Users/sam/Workspace/chug/lib/Load.js:467:21\n    at Array.forEach (native)\n    at /Users/sam/Workspace/chug/lib/Load.js:192:21"]
INFO 2014-12-02T07:47:31.674Z ["[Lighter] Models loaded. \u001b[90mx0\u001b[39m"]
INFO 2014-12-02T07:47:31.682Z ["[Lighter] Scripts routed to \u001b[36m/sly.js\u001b[39m. \u001b[90mx1\u001b[39m"]
INFO 2014-12-02T07:47:31.682Z ["[Lighter] Styles routed to \u001b[36m/sly.css\u001b[39m. \u001b[90mx1\u001b[39m"]
ERROR 2014-12-02T07:47:31.687Z ["SyntaxError: Unexpected token ;\n    at Module._compile (module.js:439:25)\n    at Object.Module._extensions..js (module.js:474:10)\n    at Module.load (module.js:356:32)\n    at Function.Module._load (module.js:312:12)\n    at Module.require (module.js:364:17)\n    at require (module.js:380:17)\n    at init.module.exports.Waiter.extend.require (/Users/sam/Workspace/chug/lib/asset.js:363:19)\n    at /Users/sam/Workspace/chug/lib/Load.js:467:21\n    at Array.forEach (native)\n    at /Users/sam/Workspace/chug/lib/Load.js:192:21"]
INFO 2014-12-02T07:47:32.420Z ["[Lighter] Models loaded. \u001b[90mx0\u001b[39m"]
INFO 2014-12-02T07:47:32.428Z ["[Lighter] Scripts routed to \u001b[36m/sly.js\u001b[39m. \u001b[90mx1\u001b[39m"]
INFO 2014-12-02T07:47:32.429Z ["[Lighter] Styles routed to \u001b[36m/sly.css\u001b[39m. \u001b[90mx1\u001b[39m"]
ERROR 2014-12-02T07:47:32.434Z ["SyntaxError: Unexpected token ;\n    at Module._compile (module.js:439:25)\n    at Object.Module._extensions..js (module.js:474:10)\n    at Module.load (module.js:356:32)\n    at Function.Module._load (module.js:312:12)\n    at Module.require (module.js:364:17)\n    at require (module.js:380:17)\n    at init.module.exports.Waiter.extend.require (/Users/sam/Workspace/chug/lib/asset.js:363:19)\n    at /Users/sam/Workspace/chug/lib/Load.js:467:21\n    at Array.forEach (native)\n    at /Users/sam/Workspace/chug/lib/Load.js:192:21"]
INFO 2014-12-02T07:47:33.169Z ["[Lighter] Models loaded. \u001b[90mx0\u001b[39m"]
INFO 2014-12-02T07:47:33.177Z ["[Lighter] Scripts routed to \u001b[36m/sly.js\u001b[39m. \u001b[90mx1\u001b[39m"]
INFO 2014-12-02T07:47:33.178Z ["[Lighter] Styles routed to \u001b[36m/sly.css\u001b[39m. \u001b[90mx1\u001b[39m"]
ERROR 2014-12-02T07:47:33.182Z ["SyntaxError: Unexpected token ;\n    at Module._compile (module.js:439:25)\n    at Object.Module._extensions..js (module.js:474:10)\n    at Module.load (module.js:356:32)\n    at Function.Module._load (module.js:312:12)\n    at Module.require (module.js:364:17)\n    at require (module.js:380:17)\n    at init.module.exports.Waiter.extend.require (/Users/sam/Workspace/chug/lib/asset.js:363:19)\n    at /Users/sam/Workspace/chug/lib/Load.js:467:21\n    at Array.forEach (native)\n    at /Users/sam/Workspace/chug/lib/Load.js:192:21"]
INFO 2014-12-02T07:47:33.917Z ["[Lighter] Models loaded. \u001b[90mx0\u001b[39m"]
INFO 2014-12-02T07:47:33.925Z ["[Lighter] Scripts routed to \u001b[36m/sly.js\u001b[39m. \u001b[90mx1\u001b[39m"]
INFO 2014-12-02T07:47:33.925Z ["[Lighter] Styles routed to \u001b[36m/sly.css\u001b[39m. \u001b[90mx1\u001b[39m"]
ERROR 2014-12-02T07:47:33.930Z ["SyntaxError: Unexpected token ;\n    at Module._compile (module.js:439:25)\n    at Object.Module._extensions..js (module.js:474:10)\n    at Module.load (module.js:356:32)\n    at Function.Module._load (module.js:312:12)\n    at Module.require (module.js:364:17)\n    at require (module.js:380:17)\n    at init.module.exports.Waiter.extend.require (/Users/sam/Workspace/chug/lib/asset.js:363:19)\n    at /Users/sam/Workspace/chug/lib/Load.js:467:21\n    at Array.forEach (native)\n    at /Users/sam/Workspace/chug/lib/Load.js:192:21"]
INFO 2014-12-02T07:47:34.666Z ["[Lighter] Models loaded. \u001b[90mx0\u001b[39m"]
INFO 2014-12-02T07:47:34.674Z ["[Lighter] Scripts routed to \u001b[36m/sly.js\u001b[39m. \u001b[90mx1\u001b[39m"]
INFO 2014-12-02T07:47:34.674Z ["[Lighter] Styles routed to \u001b[36m/sly.css\u001b[39m. \u001b[90mx1\u001b[39m"]
ERROR 2014-12-02T07:47:34.679Z ["SyntaxError: Unexpected token ;\n    at Module._compile (module.js:439:25)\n    at Object.Module._extensions..js (module.js:474:10)\n    at Module.load (module.js:356:32)\n    at Function.Module._load (module.js:312:12)\n    at Module.require (module.js:364:17)\n    at require (module.js:380:17)\n    at init.module.exports.Waiter.extend.require (/Users/sam/Workspace/chug/lib/asset.js:363:19)\n    at /Users/sam/Workspace/chug/lib/Load.js:467:21\n    at Array.forEach (native)\n    at /Users/sam/Workspace/chug/lib/Load.js:192:21"]
INFO 2014-12-02T07:47:35.416Z ["[Lighter] Models loaded. \u001b[90mx0\u001b[39m"]
INFO 2014-12-02T07:47:35.424Z ["[Lighter] Scripts routed to \u001b[36m/sly.js\u001b[39m. \u001b[90mx1\u001b[39m"]
INFO 2014-12-02T07:47:35.424Z ["[Lighter] Styles routed to \u001b[36m/sly.css\u001b[39m. \u001b[90mx1\u001b[39m"]
ERROR 2014-12-02T07:47:35.429Z ["SyntaxError: Unexpected token ;\n    at Module._compile (module.js:439:25)\n    at Object.Module._extensions..js (module.js:474:10)\n    at Module.load (module.js:356:32)\n    at Function.Module._load (module.js:312:12)\n    at Module.require (module.js:364:17)\n    at require (module.js:380:17)\n    at init.module.exports.Waiter.extend.require (/Users/sam/Workspace/chug/lib/asset.js:363:19)\n    at /Users/sam/Workspace/chug/lib/Load.js:467:21\n    at Array.forEach (native)\n    at /Users/sam/Workspace/chug/lib/Load.js:192:21"]
INFO 2014-12-02T07:47:36.168Z ["[Lighter] Models loaded. \u001b[90mx0\u001b[39m"]
INFO 2014-12-02T07:47:36.176Z ["[Lighter] Scripts routed to \u001b[36m/sly.js\u001b[39m. \u001b[90mx1\u001b[39m"]
INFO 2014-12-02T07:47:36.177Z ["[Lighter] Styles routed to \u001b[36m/sly.css\u001b[39m. \u001b[90mx1\u001b[39m"]
ERROR 2014-12-02T07:47:36.182Z ["SyntaxError: Unexpected token ;\n    at Module._compile (module.js:439:25)\n    at Object.Module._extensions..js (module.js:474:10)\n    at Module.load (module.js:356:32)\n    at Function.Module._load (module.js:312:12)\n    at Module.require (module.js:364:17)\n    at require (module.js:380:17)\n    at init.module.exports.Waiter.extend.require (/Users/sam/Workspace/chug/lib/asset.js:363:19)\n    at /Users/sam/Workspace/chug/lib/Load.js:467:21\n    at Array.forEach (native)\n    at /Users/sam/Workspace/chug/lib/Load.js:192:21"]
INFO 2014-12-02T07:47:36.920Z ["[Lighter] Models loaded. \u001b[90mx0\u001b[39m"]
INFO 2014-12-02T07:47:36.928Z ["[Lighter] Scripts routed to \u001b[36m/sly.js\u001b[39m. \u001b[90mx1\u001b[39m"]
INFO 2014-12-02T07:47:36.928Z ["[Lighter] Styles routed to \u001b[36m/sly.css\u001b[39m. \u001b[90mx1\u001b[39m"]
ERROR 2014-12-02T07:47:36.933Z ["SyntaxError: Unexpected token ;\n    at Module._compile (module.js:439:25)\n    at Object.Module._extensions..js (module.js:474:10)\n    at Module.load (module.js:356:32)\n    at Function.Module._load (module.js:312:12)\n    at Module.require (module.js:364:17)\n    at require (module.js:380:17)\n    at init.module.exports.Waiter.extend.require (/Users/sam/Workspace/chug/lib/asset.js:363:19)\n    at /Users/sam/Workspace/chug/lib/Load.js:467:21\n    at Array.forEach (native)\n    at /Users/sam/Workspace/chug/lib/Load.js:192:21"]
INFO 2014-12-02T07:47:37.675Z ["[Lighter] Models loaded. \u001b[90mx0\u001b[39m"]
INFO 2014-12-02T07:47:37.683Z ["[Lighter] Scripts routed to \u001b[36m/sly.js\u001b[39m. \u001b[90mx1\u001b[39m"]
INFO 2014-12-02T07:47:37.684Z ["[Lighter] Styles routed to \u001b[36m/sly.css\u001b[39m. \u001b[90mx1\u001b[39m"]
ERROR 2014-12-02T07:47:37.688Z ["SyntaxError: Unexpected token ;\n    at Module._compile (module.js:439:25)\n    at Object.Module._extensions..js (module.js:474:10)\n    at Module.load (module.js:356:32)\n    at Function.Module._load (module.js:312:12)\n    at Module.require (module.js:364:17)\n    at require (module.js:380:17)\n    at init.module.exports.Waiter.extend.require (/Users/sam/Workspace/chug/lib/asset.js:363:19)\n    at /Users/sam/Workspace/chug/lib/Load.js:467:21\n    at Array.forEach (native)\n    at /Users/sam/Workspace/chug/lib/Load.js:192:21"]
INFO 2014-12-02T07:47:38.423Z ["[Lighter] Models loaded. \u001b[90mx0\u001b[39m"]
INFO 2014-12-02T07:47:38.431Z ["[Lighter] Scripts routed to \u001b[36m/sly.js\u001b[39m. \u001b[90mx1\u001b[39m"]
INFO 2014-12-02T07:47:38.432Z ["[Lighter] Styles routed to \u001b[36m/sly.css\u001b[39m. \u001b[90mx1\u001b[39m"]
ERROR 2014-12-02T07:47:38.436Z ["SyntaxError: Unexpected token ;\n    at Module._compile (module.js:439:25)\n    at Object.Module._extensions..js (module.js:474:10)\n    at Module.load (module.js:356:32)\n    at Function.Module._load (module.js:312:12)\n    at Module.require (module.js:364:17)\n    at require (module.js:380:17)\n    at init.module.exports.Waiter.extend.require (/Users/sam/Workspace/chug/lib/asset.js:363:19)\n    at /Users/sam/Workspace/chug/lib/Load.js:467:21\n    at Array.forEach (native)\n    at /Users/sam/Workspace/chug/lib/Load.js:192:21"]
INFO 2014-12-02T07:47:39.177Z ["[Lighter] Models loaded. \u001b[90mx0\u001b[39m"]
INFO 2014-12-02T07:47:39.185Z ["[Lighter] Scripts routed to \u001b[36m/sly.js\u001b[39m. \u001b[90mx1\u001b[39m"]
INFO 2014-12-02T07:47:39.185Z ["[Lighter] Styles routed to \u001b[36m/sly.css\u001b[39m. \u001b[90mx1\u001b[39m"]
ERROR 2014-12-02T07:47:39.190Z ["SyntaxError: Unexpected token ;\n    at Module._compile (module.js:439:25)\n    at Object.Module._extensions..js (module.js:474:10)\n    at Module.load (module.js:356:32)\n    at Function.Module._load (module.js:312:12)\n    at Module.require (module.js:364:17)\n    at require (module.js:380:17)\n    at init.module.exports.Waiter.extend.require (/Users/sam/Workspace/chug/lib/asset.js:363:19)\n    at /Users/sam/Workspace/chug/lib/Load.js:467:21\n    at Array.forEach (native)\n    at /Users/sam/Workspace/chug/lib/Load.js:192:21"]
INFO 2014-12-02T07:47:39.926Z ["[Lighter] Models loaded. \u001b[90mx0\u001b[39m"]
INFO 2014-12-02T07:47:39.933Z ["[Lighter] Scripts routed to \u001b[36m/sly.js\u001b[39m. \u001b[90mx1\u001b[39m"]
INFO 2014-12-02T07:47:39.934Z ["[Lighter] Styles routed to \u001b[36m/sly.css\u001b[39m. \u001b[90mx1\u001b[39m"]
ERROR 2014-12-02T07:47:39.939Z ["SyntaxError: Unexpected token ;\n    at Module._compile (module.js:439:25)\n    at Object.Module._extensions..js (module.js:474:10)\n    at Module.load (module.js:356:32)\n    at Function.Module._load (module.js:312:12)\n    at Module.require (module.js:364:17)\n    at require (module.js:380:17)\n    at init.module.exports.Waiter.extend.require (/Users/sam/Workspace/chug/lib/asset.js:363:19)\n    at /Users/sam/Workspace/chug/lib/Load.js:467:21\n    at Array.forEach (native)\n    at /Users/sam/Workspace/chug/lib/Load.js:192:21"]
INFO 2014-12-02T07:47:40.679Z ["[Lighter] Models loaded. \u001b[90mx0\u001b[39m"]
INFO 2014-12-02T07:47:40.687Z ["[Lighter] Scripts routed to \u001b[36m/sly.js\u001b[39m. \u001b[90mx1\u001b[39m"]
INFO 2014-12-02T07:47:40.687Z ["[Lighter] Styles routed to \u001b[36m/sly.css\u001b[39m. \u001b[90mx1\u001b[39m"]
ERROR 2014-12-02T07:47:40.692Z ["SyntaxError: Unexpected token ;\n    at Module._compile (module.js:439:25)\n    at Object.Module._extensions..js (module.js:474:10)\n    at Module.load (module.js:356:32)\n    at Function.Module._load (module.js:312:12)\n    at Module.require (module.js:364:17)\n    at require (module.js:380:17)\n    at init.module.exports.Waiter.extend.require (/Users/sam/Workspace/chug/lib/asset.js:363:19)\n    at /Users/sam/Workspace/chug/lib/Load.js:467:21\n    at Array.forEach (native)\n    at /Users/sam/Workspace/chug/lib/Load.js:192:21"]
INFO 2014-12-02T07:47:41.428Z ["[Lighter] Models loaded. \u001b[90mx0\u001b[39m"]
INFO 2014-12-02T07:47:41.436Z ["[Lighter] Scripts routed to \u001b[36m/sly.js\u001b[39m. \u001b[90mx1\u001b[39m"]
INFO 2014-12-02T07:47:41.437Z ["[Lighter] Styles routed to \u001b[36m/sly.css\u001b[39m. \u001b[90mx1\u001b[39m"]
INFO 2014-12-02T07:47:42.179Z ["[Lighter] Models loaded. \u001b[90mx0\u001b[39m"]
INFO 2014-12-02T07:47:42.187Z ["[Lighter] Scripts routed to \u001b[36m/sly.js\u001b[39m. \u001b[90mx1\u001b[39m"]
INFO 2014-12-02T07:47:42.187Z ["[Lighter] Styles routed to \u001b[36m/sly.css\u001b[39m. \u001b[90mx1\u001b[39m"]
ERROR 2014-12-02T07:47:42.192Z ["SyntaxError: Unexpected token ;\n    at Module._compile (module.js:439:25)\n    at Object.Module._extensions..js (module.js:474:10)\n    at Module.load (module.js:356:32)\n    at Function.Module._load (module.js:312:12)\n    at Module.require (module.js:364:17)\n    at require (module.js:380:17)\n    at init.module.exports.Waiter.extend.require (/Users/sam/Workspace/chug/lib/asset.js:363:19)\n    at /Users/sam/Workspace/chug/lib/Load.js:467:21\n    at Array.forEach (native)\n    at /Users/sam/Workspace/chug/lib/Load.js:192:21"]
INFO 2014-12-02T07:47:42.927Z ["[Lighter] Models loaded. \u001b[90mx0\u001b[39m"]
INFO 2014-12-02T07:47:42.935Z ["[Lighter] Scripts routed to \u001b[36m/sly.js\u001b[39m. \u001b[90mx1\u001b[39m"]
INFO 2014-12-02T07:47:42.936Z ["[Lighter] Styles routed to \u001b[36m/sly.css\u001b[39m. \u001b[90mx1\u001b[39m"]
ERROR 2014-12-02T07:47:42.940Z ["SyntaxError: Unexpected token ;\n    at Module._compile (module.js:439:25)\n    at Object.Module._extensions..js (module.js:474:10)\n    at Module.load (module.js:356:32)\n    at Function.Module._load (module.js:312:12)\n    at Module.require (module.js:364:17)\n    at require (module.js:380:17)\n    at init.module.exports.Waiter.extend.require (/Users/sam/Workspace/chug/lib/asset.js:363:19)\n    at /Users/sam/Workspace/chug/lib/Load.js:467:21\n    at Array.forEach (native)\n    at /Users/sam/Workspace/chug/lib/Load.js:192:21"]
INFO 2014-12-02T07:47:43.678Z ["[Lighter] Models loaded. \u001b[90mx0\u001b[39m"]
INFO 2014-12-02T07:47:43.686Z ["[Lighter] Scripts routed to \u001b[36m/sly.js\u001b[39m. \u001b[90mx1\u001b[39m"]
INFO 2014-12-02T07:47:43.687Z ["[Lighter] Styles routed to \u001b[36m/sly.css\u001b[39m. \u001b[90mx1\u001b[39m"]
ERROR 2014-12-02T07:47:43.691Z ["SyntaxError: Unexpected token ;\n    at Module._compile (module.js:439:25)\n    at Object.Module._extensions..js (module.js:474:10)\n    at Module.load (module.js:356:32)\n    at Function.Module._load (module.js:312:12)\n    at Module.require (module.js:364:17)\n    at require (module.js:380:17)\n    at init.module.exports.Waiter.extend.require (/Users/sam/Workspace/chug/lib/asset.js:363:19)\n    at /Users/sam/Workspace/chug/lib/Load.js:467:21\n    at Array.forEach (native)\n    at /Users/sam/Workspace/chug/lib/Load.js:192:21"]
INFO 2014-12-02T07:47:44.426Z ["[Lighter] Models loaded. \u001b[90mx0\u001b[39m"]
INFO 2014-12-02T07:47:44.434Z ["[Lighter] Scripts routed to \u001b[36m/sly.js\u001b[39m. \u001b[90mx1\u001b[39m"]
INFO 2014-12-02T07:47:44.435Z ["[Lighter] Styles routed to \u001b[36m/sly.css\u001b[39m. \u001b[90mx1\u001b[39m"]
ERROR 2014-12-02T07:47:44.439Z ["SyntaxError: Unexpected token ;\n    at Module._compile (module.js:439:25)\n    at Object.Module._extensions..js (module.js:474:10)\n    at Module.load (module.js:356:32)\n    at Function.Module._load (module.js:312:12)\n    at Module.require (module.js:364:17)\n    at require (module.js:380:17)\n    at init.module.exports.Waiter.extend.require (/Users/sam/Workspace/chug/lib/asset.js:363:19)\n    at /Users/sam/Workspace/chug/lib/Load.js:467:21\n    at Array.forEach (native)\n    at /Users/sam/Workspace/chug/lib/Load.js:192:21"]
INFO 2014-12-02T07:47:45.176Z ["[Lighter] Models loaded. \u001b[90mx0\u001b[39m"]
INFO 2014-12-02T07:47:45.183Z ["[Lighter] Scripts routed to \u001b[36m/sly.js\u001b[39m. \u001b[90mx1\u001b[39m"]
INFO 2014-12-02T07:47:45.184Z ["[Lighter] Styles routed to \u001b[36m/sly.css\u001b[39m. \u001b[90mx1\u001b[39m"]
ERROR 2014-12-02T07:47:45.189Z ["SyntaxError: Unexpected token ;\n    at Module._compile (module.js:439:25)\n    at Object.Module._extensions..js (module.js:474:10)\n    at Module.load (module.js:356:32)\n    at Function.Module._load (module.js:312:12)\n    at Module.require (module.js:364:17)\n    at require (module.js:380:17)\n    at init.module.exports.Waiter.extend.require (/Users/sam/Workspace/chug/lib/asset.js:363:19)\n    at /Users/sam/Workspace/chug/lib/Load.js:467:21\n    at Array.forEach (native)\n    at /Users/sam/Workspace/chug/lib/Load.js:192:21"]
INFO 2014-12-02T07:47:45.930Z ["[Lighter] Models loaded. \u001b[90mx0\u001b[39m"]
INFO 2014-12-02T07:47:45.938Z ["[Lighter] Scripts routed to \u001b[36m/sly.js\u001b[39m. \u001b[90mx1\u001b[39m"]
INFO 2014-12-02T07:47:45.939Z ["[Lighter] Styles routed to \u001b[36m/sly.css\u001b[39m. \u001b[90mx1\u001b[39m"]
ERROR 2014-12-02T07:47:45.944Z ["SyntaxError: Unexpected token ;\n    at Module._compile (module.js:439:25)\n    at Object.Module._extensions..js (module.js:474:10)\n    at Module.load (module.js:356:32)\n    at Function.Module._load (module.js:312:12)\n    at Module.require (module.js:364:17)\n    at require (module.js:380:17)\n    at init.module.exports.Waiter.extend.require (/Users/sam/Workspace/chug/lib/asset.js:363:19)\n    at /Users/sam/Workspace/chug/lib/Load.js:467:21\n    at Array.forEach (native)\n    at /Users/sam/Workspace/chug/lib/Load.js:192:21"]
INFO 2014-12-02T07:47:46.678Z ["[Lighter] Models loaded. \u001b[90mx0\u001b[39m"]
INFO 2014-12-02T07:47:46.686Z ["[Lighter] Scripts routed to \u001b[36m/sly.js\u001b[39m. \u001b[90mx1\u001b[39m"]
INFO 2014-12-02T07:47:46.687Z ["[Lighter] Styles routed to \u001b[36m/sly.css\u001b[39m. \u001b[90mx1\u001b[39m"]
ERROR 2014-12-02T07:47:46.692Z ["SyntaxError: Unexpected token ;\n    at Module._compile (module.js:439:25)\n    at Object.Module._extensions..js (module.js:474:10)\n    at Module.load (module.js:356:32)\n    at Function.Module._load (module.js:312:12)\n    at Module.require (module.js:364:17)\n    at require (module.js:380:17)\n    at init.module.exports.Waiter.extend.require (/Users/sam/Workspace/chug/lib/asset.js:363:19)\n    at /Users/sam/Workspace/chug/lib/Load.js:467:21\n    at Array.forEach (native)\n    at /Users/sam/Workspace/chug/lib/Load.js:192:21"]
INFO 2014-12-02T07:47:47.424Z ["[Lighter] Models loaded. \u001b[90mx0\u001b[39m"]
INFO 2014-12-02T07:47:47.433Z ["[Lighter] Scripts routed to \u001b[36m/sly.js\u001b[39m. \u001b[90mx1\u001b[39m"]
INFO 2014-12-02T07:47:47.433Z ["[Lighter] Styles routed to \u001b[36m/sly.css\u001b[39m. \u001b[90mx1\u001b[39m"]
ERROR 2014-12-02T07:47:47.438Z ["SyntaxError: Unexpected token ;\n    at Module._compile (module.js:439:25)\n    at Object.Module._extensions..js (module.js:474:10)\n    at Module.load (module.js:356:32)\n    at Function.Module._load (module.js:312:12)\n    at Module.require (module.js:364:17)\n    at require (module.js:380:17)\n    at init.module.exports.Waiter.extend.require (/Users/sam/Workspace/chug/lib/asset.js:363:19)\n    at /Users/sam/Workspace/chug/lib/Load.js:467:21\n    at Array.forEach (native)\n    at /Users/sam/Workspace/chug/lib/Load.js:192:21"]
INFO 2014-12-02T07:47:48.174Z ["[Lighter] Models loaded. \u001b[90mx0\u001b[39m"]
INFO 2014-12-02T07:47:48.182Z ["[Lighter] Scripts routed to \u001b[36m/sly.js\u001b[39m. \u001b[90mx1\u001b[39m"]
INFO 2014-12-02T07:47:48.183Z ["[Lighter] Styles routed to \u001b[36m/sly.css\u001b[39m. \u001b[90mx1\u001b[39m"]
ERROR 2014-12-02T07:47:48.188Z ["SyntaxError: Unexpected token ;\n    at Module._compile (module.js:439:25)\n    at Object.Module._extensions..js (module.js:474:10)\n    at Module.load (module.js:356:32)\n    at Function.Module._load (module.js:312:12)\n    at Module.require (module.js:364:17)\n    at require (module.js:380:17)\n    at init.module.exports.Waiter.extend.require (/Users/sam/Workspace/chug/lib/asset.js:363:19)\n    at /Users/sam/Workspace/chug/lib/Load.js:467:21\n    at Array.forEach (native)\n    at /Users/sam/Workspace/chug/lib/Load.js:192:21"]
INFO 2014-12-02T07:47:48.922Z ["[Lighter] Models loaded. \u001b[90mx0\u001b[39m"]
INFO 2014-12-02T07:47:48.931Z ["[Lighter] Scripts routed to \u001b[36m/sly.js\u001b[39m. \u001b[90mx1\u001b[39m"]
INFO 2014-12-02T07:47:48.931Z ["[Lighter] Styles routed to \u001b[36m/sly.css\u001b[39m. \u001b[90mx1\u001b[39m"]
ERROR 2014-12-02T07:47:48.936Z ["SyntaxError: Unexpected token ;\n    at Module._compile (module.js:439:25)\n    at Object.Module._extensions..js (module.js:474:10)\n    at Module.load (module.js:356:32)\n    at Function.Module._load (module.js:312:12)\n    at Module.require (module.js:364:17)\n    at require (module.js:380:17)\n    at init.module.exports.Waiter.extend.require (/Users/sam/Workspace/chug/lib/asset.js:363:19)\n    at /Users/sam/Workspace/chug/lib/Load.js:467:21\n    at Array.forEach (native)\n    at /Users/sam/Workspace/chug/lib/Load.js:192:21"]
INFO 2014-12-02T07:47:49.671Z ["[Lighter] Models loaded. \u001b[90mx0\u001b[39m"]
INFO 2014-12-02T07:47:49.680Z ["[Lighter] Scripts routed to \u001b[36m/sly.js\u001b[39m. \u001b[90mx1\u001b[39m"]
INFO 2014-12-02T07:47:49.680Z ["[Lighter] Styles routed to \u001b[36m/sly.css\u001b[39m. \u001b[90mx1\u001b[39m"]
ERROR 2014-12-02T07:47:49.685Z ["SyntaxError: Unexpected token ;\n    at Module._compile (module.js:439:25)\n    at Object.Module._extensions..js (module.js:474:10)\n    at Module.load (module.js:356:32)\n    at Function.Module._load (module.js:312:12)\n    at Module.require (module.js:364:17)\n    at require (module.js:380:17)\n    at init.module.exports.Waiter.extend.require (/Users/sam/Workspace/chug/lib/asset.js:363:19)\n    at /Users/sam/Workspace/chug/lib/Load.js:467:21\n    at Array.forEach (native)\n    at /Users/sam/Workspace/chug/lib/Load.js:192:21"]
INFO 2014-12-02T07:47:50.420Z ["[Lighter] Models loaded. \u001b[90mx0\u001b[39m"]
INFO 2014-12-02T07:47:50.428Z ["[Lighter] Scripts routed to \u001b[36m/sly.js\u001b[39m. \u001b[90mx1\u001b[39m"]
INFO 2014-12-02T07:47:50.428Z ["[Lighter] Styles routed to \u001b[36m/sly.css\u001b[39m. \u001b[90mx1\u001b[39m"]
ERROR 2014-12-02T07:47:50.433Z ["SyntaxError: Unexpected token ;\n    at Module._compile (module.js:439:25)\n    at Object.Module._extensions..js (module.js:474:10)\n    at Module.load (module.js:356:32)\n    at Function.Module._load (module.js:312:12)\n    at Module.require (module.js:364:17)\n    at require (module.js:380:17)\n    at init.module.exports.Waiter.extend.require (/Users/sam/Workspace/chug/lib/asset.js:363:19)\n    at /Users/sam/Workspace/chug/lib/Load.js:467:21\n    at Array.forEach (native)\n    at /Users/sam/Workspace/chug/lib/Load.js:192:21"]
INFO 2014-12-02T07:47:51.170Z ["[Lighter] Models loaded. \u001b[90mx0\u001b[39m"]
INFO 2014-12-02T07:47:51.178Z ["[Lighter] Scripts routed to \u001b[36m/sly.js\u001b[39m. \u001b[90mx1\u001b[39m"]
INFO 2014-12-02T07:47:51.179Z ["[Lighter] Styles routed to \u001b[36m/sly.css\u001b[39m. \u001b[90mx1\u001b[39m"]
ERROR 2014-12-02T07:47:51.184Z ["SyntaxError: Unexpected token ;\n    at Module._compile (module.js:439:25)\n    at Object.Module._extensions..js (module.js:474:10)\n    at Module.load (module.js:356:32)\n    at Function.Module._load (module.js:312:12)\n    at Module.require (module.js:364:17)\n    at require (module.js:380:17)\n    at init.module.exports.Waiter.extend.require (/Users/sam/Workspace/chug/lib/asset.js:363:19)\n    at /Users/sam/Workspace/chug/lib/Load.js:467:21\n    at Array.forEach (native)\n    at /Users/sam/Workspace/chug/lib/Load.js:192:21"]
INFO 2014-12-02T07:47:51.919Z ["[Lighter] Models loaded. \u001b[90mx0\u001b[39m"]
INFO 2014-12-02T07:47:51.927Z ["[Lighter] Scripts routed to \u001b[36m/sly.js\u001b[39m. \u001b[90mx1\u001b[39m"]
INFO 2014-12-02T07:47:51.928Z ["[Lighter] Styles routed to \u001b[36m/sly.css\u001b[39m. \u001b[90mx1\u001b[39m"]
ERROR 2014-12-02T07:47:51.933Z ["SyntaxError: Unexpected token ;\n    at Module._compile (module.js:439:25)\n    at Object.Module._extensions..js (module.js:474:10)\n    at Module.load (module.js:356:32)\n    at Function.Module._load (module.js:312:12)\n    at Module.require (module.js:364:17)\n    at require (module.js:380:17)\n    at init.module.exports.Waiter.extend.require (/Users/sam/Workspace/chug/lib/asset.js:363:19)\n    at /Users/sam/Workspace/chug/lib/Load.js:467:21\n    at Array.forEach (native)\n    at /Users/sam/Workspace/chug/lib/Load.js:192:21"]
INFO 2014-12-02T07:47:52.684Z ["[Lighter] Models loaded. \u001b[90mx0\u001b[39m"]
INFO 2014-12-02T07:47:52.692Z ["[Lighter] Scripts routed to \u001b[36m/sly.js\u001b[39m. \u001b[90mx1\u001b[39m"]
INFO 2014-12-02T07:47:52.692Z ["[Lighter] Styles routed to \u001b[36m/sly.css\u001b[39m. \u001b[90mx1\u001b[39m"]
ERROR 2014-12-02T07:47:52.697Z ["SyntaxError: Unexpected token ;\n    at Module._compile (module.js:439:25)\n    at Object.Module._extensions..js (module.js:474:10)\n    at Module.load (module.js:356:32)\n    at Function.Module._load (module.js:312:12)\n    at Module.require (module.js:364:17)\n    at require (module.js:380:17)\n    at init.module.exports.Waiter.extend.require (/Users/sam/Workspace/chug/lib/asset.js:363:19)\n    at /Users/sam/Workspace/chug/lib/Load.js:467:21\n    at Array.forEach (native)\n    at /Users/sam/Workspace/chug/lib/Load.js:192:21"]
INFO 2014-12-02T07:47:53.430Z ["[Lighter] Models loaded. \u001b[90mx0\u001b[39m"]
INFO 2014-12-02T07:47:53.438Z ["[Lighter] Scripts routed to \u001b[36m/sly.js\u001b[39m. \u001b[90mx1\u001b[39m"]
INFO 2014-12-02T07:47:53.439Z ["[Lighter] Styles routed to \u001b[36m/sly.css\u001b[39m. \u001b[90mx1\u001b[39m"]
ERROR 2014-12-02T07:47:53.443Z ["SyntaxError: Unexpected token ;\n    at Module._compile (module.js:439:25)\n    at Object.Module._extensions..js (module.js:474:10)\n    at Module.load (module.js:356:32)\n    at Function.Module._load (module.js:312:12)\n    at Module.require (module.js:364:17)\n    at require (module.js:380:17)\n    at init.module.exports.Waiter.extend.require (/Users/sam/Workspace/chug/lib/asset.js:363:19)\n    at /Users/sam/Workspace/chug/lib/Load.js:467:21\n    at Array.forEach (native)\n    at /Users/sam/Workspace/chug/lib/Load.js:192:21"]
INFO 2014-12-02T07:47:54.186Z ["[Lighter] Models loaded. \u001b[90mx0\u001b[39m"]
INFO 2014-12-02T07:47:54.194Z ["[Lighter] Scripts routed to \u001b[36m/sly.js\u001b[39m. \u001b[90mx1\u001b[39m"]
INFO 2014-12-02T07:47:54.195Z ["[Lighter] Styles routed to \u001b[36m/sly.css\u001b[39m. \u001b[90mx1\u001b[39m"]
ERROR 2014-12-02T07:47:54.200Z ["SyntaxError: Unexpected token ;\n    at Module._compile (module.js:439:25)\n    at Object.Module._extensions..js (module.js:474:10)\n    at Module.load (module.js:356:32)\n    at Function.Module._load (module.js:312:12)\n    at Module.require (module.js:364:17)\n    at require (module.js:380:17)\n    at init.module.exports.Waiter.extend.require (/Users/sam/Workspace/chug/lib/asset.js:363:19)\n    at /Users/sam/Workspace/chug/lib/Load.js:467:21\n    at Array.forEach (native)\n    at /Users/sam/Workspace/chug/lib/Load.js:192:21"]
INFO 2014-12-02T07:47:54.943Z ["[Lighter] Models loaded. \u001b[90mx0\u001b[39m"]
INFO 2014-12-02T07:47:54.950Z ["[Lighter] Scripts routed to \u001b[36m/sly.js\u001b[39m. \u001b[90mx1\u001b[39m"]
INFO 2014-12-02T07:47:54.951Z ["[Lighter] Styles routed to \u001b[36m/sly.css\u001b[39m. \u001b[90mx1\u001b[39m"]
INFO 2014-12-02T07:47:55.698Z ["[Lighter] Models loaded. \u001b[90mx0\u001b[39m"]
INFO 2014-12-02T07:47:55.706Z ["[Lighter] Scripts routed to \u001b[36m/sly.js\u001b[39m. \u001b[90mx1\u001b[39m"]
INFO 2014-12-02T07:47:55.706Z ["[Lighter] Styles routed to \u001b[36m/sly.css\u001b[39m. \u001b[90mx1\u001b[39m"]
ERROR 2014-12-02T07:47:55.711Z ["SyntaxError: Unexpected token ;\n    at Module._compile (module.js:439:25)\n    at Object.Module._extensions..js (module.js:474:10)\n    at Module.load (module.js:356:32)\n    at Function.Module._load (module.js:312:12)\n    at Module.require (module.js:364:17)\n    at require (module.js:380:17)\n    at init.module.exports.Waiter.extend.require (/Users/sam/Workspace/chug/lib/asset.js:363:19)\n    at /Users/sam/Workspace/chug/lib/Load.js:467:21\n    at Array.forEach (native)\n    at /Users/sam/Workspace/chug/lib/Load.js:192:21"]
INFO 2014-12-02T07:47:56.471Z ["[Lighter] Models loaded. \u001b[90mx0\u001b[39m"]
INFO 2014-12-02T07:47:56.479Z ["[Lighter] Scripts routed to \u001b[36m/sly.js\u001b[39m. \u001b[90mx1\u001b[39m"]
INFO 2014-12-02T07:47:56.480Z ["[Lighter] Styles routed to \u001b[36m/sly.css\u001b[39m. \u001b[90mx1\u001b[39m"]
ERROR 2014-12-02T07:47:56.485Z ["SyntaxError: Unexpected token ;\n    at Module._compile (module.js:439:25)\n    at Object.Module._extensions..js (module.js:474:10)\n    at Module.load (module.js:356:32)\n    at Function.Module._load (module.js:312:12)\n    at Module.require (module.js:364:17)\n    at require (module.js:380:17)\n    at init.module.exports.Waiter.extend.require (/Users/sam/Workspace/chug/lib/asset.js:363:19)\n    at /Users/sam/Workspace/chug/lib/Load.js:467:21\n    at Array.forEach (native)\n    at /Users/sam/Workspace/chug/lib/Load.js:192:21"]
INFO 2014-12-02T07:47:57.240Z ["[Lighter] Models loaded. \u001b[90mx0\u001b[39m"]
INFO 2014-12-02T07:47:57.247Z ["[Lighter] Scripts routed to \u001b[36m/sly.js\u001b[39m. \u001b[90mx1\u001b[39m"]
INFO 2014-12-02T07:47:57.248Z ["[Lighter] Styles routed to \u001b[36m/sly.css\u001b[39m. \u001b[90mx1\u001b[39m"]
INFO 2014-12-02T07:47:57.995Z ["[Lighter] Models loaded. \u001b[90mx0\u001b[39m"]
INFO 2014-12-02T07:47:58.003Z ["[Lighter] Scripts routed to \u001b[36m/sly.js\u001b[39m. \u001b[90mx1\u001b[39m"]
INFO 2014-12-02T07:47:58.004Z ["[Lighter] Styles routed to \u001b[36m/sly.css\u001b[39m. \u001b[90mx1\u001b[39m"]
ERROR 2014-12-02T07:47:58.011Z ["SyntaxError: Unexpected token ;\n    at Module._compile (module.js:439:25)\n    at Object.Module._extensions..js (module.js:474:10)\n    at Module.load (module.js:356:32)\n    at Function.Module._load (module.js:312:12)\n    at Module.require (module.js:364:17)\n    at require (module.js:380:17)\n    at init.module.exports.Waiter.extend.require (/Users/sam/Workspace/chug/lib/asset.js:363:19)\n    at /Users/sam/Workspace/chug/lib/Load.js:467:21\n    at Array.forEach (native)\n    at /Users/sam/Workspace/chug/lib/Load.js:192:21"]
INFO 2014-12-02T07:47:58.756Z ["[Lighter] Models loaded. \u001b[90mx0\u001b[39m"]
INFO 2014-12-02T07:47:58.764Z ["[Lighter] Scripts routed to \u001b[36m/sly.js\u001b[39m. \u001b[90mx1\u001b[39m"]
INFO 2014-12-02T07:47:58.764Z ["[Lighter] Styles routed to \u001b[36m/sly.css\u001b[39m. \u001b[90mx1\u001b[39m"]
ERROR 2014-12-02T07:47:58.769Z ["SyntaxError: Unexpected token ;\n    at Module._compile (module.js:439:25)\n    at Object.Module._extensions..js (module.js:474:10)\n    at Module.load (module.js:356:32)\n    at Function.Module._load (module.js:312:12)\n    at Module.require (module.js:364:17)\n    at require (module.js:380:17)\n    at init.module.exports.Waiter.extend.require (/Users/sam/Workspace/chug/lib/asset.js:363:19)\n    at /Users/sam/Workspace/chug/lib/Load.js:467:21\n    at Array.forEach (native)\n    at /Users/sam/Workspace/chug/lib/Load.js:192:21"]
INFO 2014-12-02T07:47:59.515Z ["[Lighter] Models loaded. \u001b[90mx0\u001b[39m"]
INFO 2014-12-02T07:47:59.523Z ["[Lighter] Scripts routed to \u001b[36m/sly.js\u001b[39m. \u001b[90mx1\u001b[39m"]
INFO 2014-12-02T07:47:59.524Z ["[Lighter] Styles routed to \u001b[36m/sly.css\u001b[39m. \u001b[90mx1\u001b[39m"]
ERROR 2014-12-02T07:47:59.528Z ["SyntaxError: Unexpected token ;\n    at Module._compile (module.js:439:25)\n    at Object.Module._extensions..js (module.js:474:10)\n    at Module.load (module.js:356:32)\n    at Function.Module._load (module.js:312:12)\n    at Module.require (module.js:364:17)\n    at require (module.js:380:17)\n    at init.module.exports.Waiter.extend.require (/Users/sam/Workspace/chug/lib/asset.js:363:19)\n    at /Users/sam/Workspace/chug/lib/Load.js:467:21\n    at Array.forEach (native)\n    at /Users/sam/Workspace/chug/lib/Load.js:192:21"]
