WARN 2014-12-04T15:27:09.488Z ["[Lighter] Changed \u001b[36m~/Workspace/plans/README.md\u001b[39m."]
INFO 2014-12-04T15:27:10.315Z ["[Lighter] Models loaded. \u001b[90mx0\u001b[39m"]
INFO 2014-12-04T15:27:10.327Z ["[Lighter] Scripts routed to \u001b[36m/sly.js\u001b[39m. \u001b[90mx1\u001b[39m"]
INFO 2014-12-04T15:27:10.328Z ["[Lighter] Styles routed to \u001b[36m/sly.css\u001b[39m. \u001b[90mx1\u001b[39m"]
INFO 2014-12-04T15:27:10.332Z ["[Lighter] Controllers loaded. \u001b[90mx2\u001b[39m"]
INFO 2014-12-04T15:27:10.348Z ["[Lighter] Scripts routed to \u001b[36m/a.js\u001b[39m. \u001b[90mx1\u001b[39m"]
INFO 2014-12-04T15:27:10.351Z ["[Lighter] Styles routed to \u001b[36m/a.css\u001b[39m. \u001b[90mx1\u001b[39m"]
INFO 2014-12-04T15:27:12.470Z ["[Lighter] Views loaded. \u001b[90mx30\u001b[39m"]
INFO 2014-12-04T15:27:12.534Z ["[Lighter] Publics loaded. \u001b[90mx48\u001b[39m"]
INFO 2014-12-04T15:27:12.552Z ["[D6] Views routed to \u001b[36m/d6.js\u001b[39m."]
WARN 2014-12-04T15:27:28.548Z ["[Lighter] Changed \u001b[36m~/Workspace/plans/README.md\u001b[39m."]
INFO 2014-12-04T15:27:29.447Z ["[Lighter] Models loaded. \u001b[90mx0\u001b[39m"]
INFO 2014-12-04T15:27:29.464Z ["[Lighter] Scripts routed to \u001b[36m/sly.js\u001b[39m. \u001b[90mx1\u001b[39m"]
INFO 2014-12-04T15:27:29.465Z ["[Lighter] Styles routed to \u001b[36m/sly.css\u001b[39m. \u001b[90mx1\u001b[39m"]
INFO 2014-12-04T15:27:29.470Z ["[Lighter] Controllers loaded. \u001b[90mx2\u001b[39m"]
INFO 2014-12-04T15:27:29.486Z ["[Lighter] Scripts routed to \u001b[36m/a.js\u001b[39m. \u001b[90mx1\u001b[39m"]
INFO 2014-12-04T15:27:29.488Z ["[Lighter] Styles routed to \u001b[36m/a.css\u001b[39m. \u001b[90mx1\u001b[39m"]
INFO 2014-12-04T15:27:31.652Z ["[Lighter] Views loaded. \u001b[90mx30\u001b[39m"]
INFO 2014-12-04T15:27:31.750Z ["[Lighter] Publics loaded. \u001b[90mx48\u001b[39m"]
WARN 2014-12-04T15:27:31.758Z ["[Lighter] Changed \u001b[36m./views/plans.ltl\u001b[39m."]
INFO 2014-12-04T15:27:31.844Z ["[D6] Views routed to \u001b[36m/d6.js\u001b[39m."]
INFO 2014-12-04T15:27:31.849Z ["[D6] Views routed to \u001b[36m/d6.js\u001b[39m."]
INFO 2014-12-04T15:27:31.853Z ["[D6] Views routed to \u001b[36m/d6.js\u001b[39m."]
