WARN 2014-12-04T15:16:13.834Z ["[Lighter] Changed \u001b[36m~/Workspace/plans/README.md\u001b[39m."]
INFO 2014-12-04T15:16:14.638Z ["[Lighter] Models loaded. \u001b[90mx0\u001b[39m"]
INFO 2014-12-04T15:16:14.649Z ["[Lighter] Scripts routed to \u001b[36m/sly.js\u001b[39m. \u001b[90mx1\u001b[39m"]
INFO 2014-12-04T15:16:14.649Z ["[Lighter] Styles routed to \u001b[36m/sly.css\u001b[39m. \u001b[90mx1\u001b[39m"]
INFO 2014-12-04T15:16:14.653Z ["[Lighter] Controllers loaded. \u001b[90mx2\u001b[39m"]
INFO 2014-12-04T15:16:14.667Z ["[Lighter] Scripts routed to \u001b[36m/a.js\u001b[39m. \u001b[90mx1\u001b[39m"]
INFO 2014-12-04T15:16:14.671Z ["[Lighter] Styles routed to \u001b[36m/a.css\u001b[39m. \u001b[90mx1\u001b[39m"]
INFO 2014-12-04T15:16:16.130Z ["[Lighter] Publics loaded. \u001b[90mx48\u001b[39m"]
INFO 2014-12-04T15:16:17.331Z ["[Lighter] Views loaded. \u001b[90mx30\u001b[39m"]
INFO 2014-12-04T15:16:17.346Z ["[D6] Views routed to \u001b[36m/d6.js\u001b[39m."]
WARN 2014-12-04T15:16:25.565Z ["[Lighter] Changed \u001b[36m~/Workspace/plans/README.md\u001b[39m."]
INFO 2014-12-04T15:16:26.365Z ["[Lighter] Models loaded. \u001b[90mx0\u001b[39m"]
INFO 2014-12-04T15:16:26.376Z ["[Lighter] Scripts routed to \u001b[36m/sly.js\u001b[39m. \u001b[90mx1\u001b[39m"]
INFO 2014-12-04T15:16:26.377Z ["[Lighter] Styles routed to \u001b[36m/sly.css\u001b[39m. \u001b[90mx1\u001b[39m"]
INFO 2014-12-04T15:16:26.380Z ["[Lighter] Controllers loaded. \u001b[90mx2\u001b[39m"]
INFO 2014-12-04T15:16:26.394Z ["[Lighter] Scripts routed to \u001b[36m/a.js\u001b[39m. \u001b[90mx1\u001b[39m"]
INFO 2014-12-04T15:16:26.397Z ["[Lighter] Styles routed to \u001b[36m/a.css\u001b[39m. \u001b[90mx1\u001b[39m"]
INFO 2014-12-04T15:16:27.499Z ["[Lighter] Views loaded. \u001b[90mx30\u001b[39m"]
INFO 2014-12-04T15:16:28.723Z ["[Lighter] Publics loaded. \u001b[90mx48\u001b[39m"]
INFO 2014-12-04T15:16:28.737Z ["[D6] Views routed to \u001b[36m/d6.js\u001b[39m."]
