WARN 2014-12-04T04:38:38.611Z ["[Lighter] Changed \u001b[36m~/Workspace/plans/plans.js\u001b[39m."]
INFO 2014-12-04T04:38:39.390Z ["[Lighter] Models loaded. \u001b[90mx0\u001b[39m"]
INFO 2014-12-04T04:38:39.400Z ["[Lighter] Scripts routed to \u001b[36m/sly.js\u001b[39m. \u001b[90mx1\u001b[39m"]
INFO 2014-12-04T04:38:39.400Z ["[Lighter] Styles routed to \u001b[36m/sly.css\u001b[39m. \u001b[90mx1\u001b[39m"]
INFO 2014-12-04T04:38:39.404Z ["[Lighter] Controllers loaded. \u001b[90mx2\u001b[39m"]
INFO 2014-12-04T04:38:39.420Z ["[Lighter] Scripts routed to \u001b[36m/a.js\u001b[39m. \u001b[90mx1\u001b[39m"]
INFO 2014-12-04T04:38:39.422Z ["[Lighter] Styles routed to \u001b[36m/a.css\u001b[39m. \u001b[90mx1\u001b[39m"]
INFO 2014-12-04T04:38:41.331Z ["[Lighter] Views loaded. \u001b[90mx30\u001b[39m"]
INFO 2014-12-04T04:38:41.541Z ["[Lighter] Publics loaded. \u001b[90mx48\u001b[39m"]
INFO 2014-12-04T04:38:41.556Z ["[D6] Views routed to \u001b[36m/d6.js\u001b[39m."]
WARN 2014-12-04T04:38:48.534Z ["[Lighter] Changed \u001b[36m~/Workspace/plans/test/chain-test.js\u001b[39m."]
INFO 2014-12-04T04:38:49.312Z ["[Lighter] Models loaded. \u001b[90mx0\u001b[39m"]
INFO 2014-12-04T04:38:49.322Z ["[Lighter] Scripts routed to \u001b[36m/sly.js\u001b[39m. \u001b[90mx1\u001b[39m"]
INFO 2014-12-04T04:38:49.322Z ["[Lighter] Styles routed to \u001b[36m/sly.css\u001b[39m. \u001b[90mx1\u001b[39m"]
INFO 2014-12-04T04:38:49.325Z ["[Lighter] Controllers loaded. \u001b[90mx2\u001b[39m"]
INFO 2014-12-04T04:38:49.339Z ["[Lighter] Scripts routed to \u001b[36m/a.js\u001b[39m. \u001b[90mx1\u001b[39m"]
INFO 2014-12-04T04:38:49.340Z ["[Lighter] Styles routed to \u001b[36m/a.css\u001b[39m. \u001b[90mx1\u001b[39m"]
INFO 2014-12-04T04:38:50.294Z ["[Lighter] Views loaded. \u001b[90mx30\u001b[39m"]
INFO 2014-12-04T04:38:51.592Z ["[Lighter] Publics loaded. \u001b[90mx48\u001b[39m"]
INFO 2014-12-04T04:38:51.609Z ["[D6] Views routed to \u001b[36m/d6.js\u001b[39m."]
