WARN 2014-12-04T15:19:09.062Z ["[Lighter] Changed \u001b[36m~/Workspace/plans/README.md\u001b[39m."]
INFO 2014-12-04T15:19:09.874Z ["[Lighter] Models loaded. \u001b[90mx0\u001b[39m"]
INFO 2014-12-04T15:19:09.886Z ["[Lighter] Scripts routed to \u001b[36m/sly.js\u001b[39m. \u001b[90mx1\u001b[39m"]
INFO 2014-12-04T15:19:09.887Z ["[Lighter] Styles routed to \u001b[36m/sly.css\u001b[39m. \u001b[90mx1\u001b[39m"]
INFO 2014-12-04T15:19:09.890Z ["[Lighter] Controllers loaded. \u001b[90mx2\u001b[39m"]
INFO 2014-12-04T15:19:09.909Z ["[Lighter] Scripts routed to \u001b[36m/a.js\u001b[39m. \u001b[90mx1\u001b[39m"]
INFO 2014-12-04T15:19:09.913Z ["[Lighter] Styles routed to \u001b[36m/a.css\u001b[39m. \u001b[90mx1\u001b[39m"]
INFO 2014-12-04T15:19:12.039Z ["[Lighter] Views loaded. \u001b[90mx30\u001b[39m"]
INFO 2014-12-04T15:19:12.104Z ["[Lighter] Publics loaded. \u001b[90mx48\u001b[39m"]
INFO 2014-12-04T15:19:12.118Z ["[D6] Views routed to \u001b[36m/d6.js\u001b[39m."]
WARN 2014-12-04T15:19:16.229Z ["[Lighter] Changed \u001b[36m~/Workspace/plans/README.md\u001b[39m."]
INFO 2014-12-04T15:19:16.991Z ["[Lighter] Models loaded. \u001b[90mx0\u001b[39m"]
INFO 2014-12-04T15:19:17.001Z ["[Lighter] Scripts routed to \u001b[36m/sly.js\u001b[39m. \u001b[90mx1\u001b[39m"]
INFO 2014-12-04T15:19:17.003Z ["[Lighter] Styles routed to \u001b[36m/sly.css\u001b[39m. \u001b[90mx1\u001b[39m"]
INFO 2014-12-04T15:19:17.007Z ["[Lighter] Controllers loaded. \u001b[90mx2\u001b[39m"]
INFO 2014-12-04T15:19:17.020Z ["[Lighter] Scripts routed to \u001b[36m/a.js\u001b[39m. \u001b[90mx1\u001b[39m"]
INFO 2014-12-04T15:19:17.023Z ["[Lighter] Styles routed to \u001b[36m/a.css\u001b[39m. \u001b[90mx1\u001b[39m"]
INFO 2014-12-04T15:19:19.398Z ["[Lighter] Views loaded. \u001b[90mx30\u001b[39m"]
INFO 2014-12-04T15:19:19.469Z ["[Lighter] Publics loaded. \u001b[90mx48\u001b[39m"]
INFO 2014-12-04T15:19:19.484Z ["[D6] Views routed to \u001b[36m/d6.js\u001b[39m."]
WARN 2014-12-04T15:19:27.234Z ["[Lighter] Changed \u001b[36m~/Workspace/plans/README.md\u001b[39m."]
INFO 2014-12-04T15:19:28.059Z ["[Lighter] Models loaded. \u001b[90mx0\u001b[39m"]
INFO 2014-12-04T15:19:28.071Z ["[Lighter] Scripts routed to \u001b[36m/sly.js\u001b[39m. \u001b[90mx1\u001b[39m"]
INFO 2014-12-04T15:19:28.072Z ["[Lighter] Styles routed to \u001b[36m/sly.css\u001b[39m. \u001b[90mx1\u001b[39m"]
INFO 2014-12-04T15:19:28.076Z ["[Lighter] Controllers loaded. \u001b[90mx2\u001b[39m"]
INFO 2014-12-04T15:19:28.092Z ["[Lighter] Scripts routed to \u001b[36m/a.js\u001b[39m. \u001b[90mx1\u001b[39m"]
INFO 2014-12-04T15:19:28.095Z ["[Lighter] Styles routed to \u001b[36m/a.css\u001b[39m. \u001b[90mx1\u001b[39m"]
INFO 2014-12-04T15:19:29.251Z ["[Lighter] Views loaded. \u001b[90mx30\u001b[39m"]
INFO 2014-12-04T15:19:30.406Z ["[Lighter] Publics loaded. \u001b[90mx48\u001b[39m"]
WARN 2014-12-04T15:19:30.411Z ["[Lighter] Changed \u001b[36m./views/plans.ltl\u001b[39m."]
INFO 2014-12-04T15:19:30.494Z ["[D6] Views routed to \u001b[36m/d6.js\u001b[39m."]
INFO 2014-12-04T15:19:30.494Z ["[D6] Views routed to \u001b[36m/d6.js\u001b[39m."]
INFO 2014-12-04T15:19:30.497Z ["[D6] Views routed to \u001b[36m/d6.js\u001b[39m."]
