ALERT 2014-11-24T17:43:13.913Z ["alert"]
ERROR 2014-11-24T17:43:13.913Z ["error"]
WARN 2014-11-24T17:43:13.913Z ["warn"]
INFO 2014-11-24T17:43:13.913Z ["info"]
INFO 2014-11-24T17:43:14.299Z ["[Lighter] Models loaded. \u001b[90mx0\u001b[39m"]
INFO 2014-11-24T17:43:14.304Z ["[Lighter] Models loaded. \u001b[90mx0\u001b[39m"]
INFO 2014-11-24T17:43:14.309Z ["[Lighter] Models loaded. \u001b[90mx0\u001b[39m"]
INFO 2014-11-24T17:43:14.311Z ["[Lighter] Models loaded. \u001b[90mx0\u001b[39m"]
INFO 2014-11-24T17:43:14.312Z ["[Lighter] Scripts routed to \"/sly.js\". \u001b[90mx1\u001b[39m"]
INFO 2014-11-24T17:43:14.315Z ["[Lighter] Models loaded. \u001b[90mx0\u001b[39m"]
INFO 2014-11-24T17:43:14.317Z ["[Lighter] Styles routed to \"/sly.css\". \u001b[90mx1\u001b[39m"]
INFO 2014-11-24T17:43:14.320Z ["[Lighter] Controllers loaded. \u001b[90mx2\u001b[39m"]
INFO 2014-11-24T17:43:14.322Z ["[Lighter] Models loaded. \u001b[90mx0\u001b[39m"]
INFO 2014-11-24T17:43:14.327Z ["[Lighter] Scripts routed to \"/sly.js\". \u001b[90mx1\u001b[39m"]
INFO 2014-11-24T17:43:14.328Z ["[Lighter] Models loaded. \u001b[90mx0\u001b[39m"]
INFO 2014-11-24T17:43:14.328Z ["[Lighter] Scripts routed to \"/sly.js\". \u001b[90mx1\u001b[39m"]
INFO 2014-11-24T17:43:14.329Z ["[Lighter] Styles routed to \"/sly.css\". \u001b[90mx1\u001b[39m"]
INFO 2014-11-24T17:43:14.330Z ["[Lighter] Scripts routed to \"/sly.js\". \u001b[90mx1\u001b[39m"]
INFO 2014-11-24T17:43:14.330Z ["[Lighter] Models loaded. \u001b[90mx0\u001b[39m"]
INFO 2014-11-24T17:43:14.331Z ["[Lighter] Styles routed to \"/sly.css\". \u001b[90mx1\u001b[39m"]
INFO 2014-11-24T17:43:14.331Z ["[Lighter] Styles routed to \"/sly.css\". \u001b[90mx1\u001b[39m"]
INFO 2014-11-24T17:43:14.331Z ["[Lighter] Controllers loaded. \u001b[90mx2\u001b[39m"]
INFO 2014-11-24T17:43:14.332Z ["[Lighter] Controllers loaded. \u001b[90mx2\u001b[39m"]
INFO 2014-11-24T17:43:14.333Z ["[Lighter] Controllers loaded. \u001b[90mx2\u001b[39m"]
INFO 2014-11-24T17:43:14.337Z ["[Lighter] Scripts routed to \"/sly.js\". \u001b[90mx1\u001b[39m"]
INFO 2014-11-24T17:43:14.341Z ["[Lighter] Scripts routed to \"/sly.js\". \u001b[90mx1\u001b[39m"]
INFO 2014-11-24T17:43:14.342Z ["[Lighter] Scripts routed to \"/sly.js\". \u001b[90mx1\u001b[39m"]
INFO 2014-11-24T17:43:14.343Z ["[Lighter] Styles routed to \"/sly.css\". \u001b[90mx1\u001b[39m"]
INFO 2014-11-24T17:43:14.344Z ["[Lighter] Styles routed to \"/sly.css\". \u001b[90mx1\u001b[39m"]
INFO 2014-11-24T17:43:14.345Z ["[Lighter] Styles routed to \"/sly.css\". \u001b[90mx1\u001b[39m"]
INFO 2014-11-24T17:43:14.345Z ["[Lighter] Scripts routed to \"/sly.js\". \u001b[90mx1\u001b[39m"]
INFO 2014-11-24T17:43:14.347Z ["[Lighter] Controllers loaded. \u001b[90mx2\u001b[39m"]
INFO 2014-11-24T17:43:14.347Z ["[Lighter] Controllers loaded. \u001b[90mx2\u001b[39m"]
INFO 2014-11-24T17:43:14.348Z ["[Lighter] Styles routed to \"/sly.css\". \u001b[90mx1\u001b[39m"]
INFO 2014-11-24T17:43:14.349Z ["[Lighter] Controllers loaded. \u001b[90mx2\u001b[39m"]
INFO 2014-11-24T17:43:14.351Z ["[Lighter] Controllers loaded. \u001b[90mx2\u001b[39m"]
INFO 2014-11-24T17:43:14.356Z ["[Lighter] Scripts routed to \"/a.js\". \u001b[90mx1\u001b[39m"]
INFO 2014-11-24T17:43:14.356Z ["[Lighter] Scripts routed to \"/a.js\". \u001b[90mx1\u001b[39m"]
INFO 2014-11-24T17:43:14.360Z ["[Lighter] Scripts routed to \"/a.js\". \u001b[90mx1\u001b[39m"]
INFO 2014-11-24T17:43:14.360Z ["[Lighter] Styles routed to \"/a.css\". \u001b[90mx1\u001b[39m"]
INFO 2014-11-24T17:43:14.366Z ["[Lighter] Styles routed to \"/a.css\". \u001b[90mx1\u001b[39m"]
INFO 2014-11-24T17:43:14.366Z ["[Lighter] Scripts routed to \"/a.js\". \u001b[90mx1\u001b[39m"]
INFO 2014-11-24T17:43:14.368Z ["[Lighter] Styles routed to \"/a.css\". \u001b[90mx1\u001b[39m"]
INFO 2014-11-24T17:43:14.371Z ["[Lighter] Scripts routed to \"/a.js\". \u001b[90mx1\u001b[39m"]
INFO 2014-11-24T17:43:14.376Z ["[Lighter] Styles routed to \"/a.css\". \u001b[90mx1\u001b[39m"]
INFO 2014-11-24T17:43:14.379Z ["[Lighter] Styles routed to \"/a.css\". \u001b[90mx1\u001b[39m"]
INFO 2014-11-24T17:43:14.395Z ["[Lighter] Scripts routed to \"/a.js\". \u001b[90mx1\u001b[39m"]
INFO 2014-11-24T17:43:14.396Z ["[Lighter] Scripts routed to \"/a.js\". \u001b[90mx1\u001b[39m"]
INFO 2014-11-24T17:43:14.400Z ["[Lighter] Styles routed to \"/a.css\". \u001b[90mx1\u001b[39m"]
INFO 2014-11-24T17:43:14.404Z ["[Lighter] Scripts routed to \"/a.js\". \u001b[90mx1\u001b[39m"]
INFO 2014-11-24T17:43:14.407Z ["[Lighter] Styles routed to \"/a.css\". \u001b[90mx1\u001b[39m"]
INFO 2014-11-24T17:43:14.414Z ["[Lighter] Styles routed to \"/a.css\". \u001b[90mx1\u001b[39m"]
INFO 2014-11-24T17:43:16.096Z ["[Lighter] Publics loaded. \u001b[90mx48\u001b[39m"]
INFO 2014-11-24T17:43:16.099Z ["[Lighter] Publics loaded. \u001b[90mx48\u001b[39m"]
INFO 2014-11-24T17:43:17.359Z ["[Lighter] Views loaded. \u001b[90mx30\u001b[39m"]
INFO 2014-11-24T17:43:17.469Z ["[Lighter] Views loaded. \u001b[90mx30\u001b[39m"]
INFO 2014-11-24T17:43:17.523Z ["[Lighter] Views loaded. \u001b[90mx30\u001b[39m"]
INFO 2014-11-24T17:43:17.613Z ["[Lighter] Views loaded. \u001b[90mx30\u001b[39m"]
INFO 2014-11-24T17:43:17.719Z ["[Lighter] Publics loaded. \u001b[90mx48\u001b[39m"]
INFO 2014-11-24T17:43:17.765Z ["[D6] Views routed to \"/d6.js\"."]
INFO 2014-11-24T17:43:17.795Z ["[Lighter] Views loaded. \u001b[90mx30\u001b[39m"]
INFO 2014-11-24T17:43:17.796Z ["[Lighter] Views loaded. \u001b[90mx30\u001b[39m"]
INFO 2014-11-24T17:43:17.818Z ["[Lighter] Publics loaded. \u001b[90mx48\u001b[39m"]
INFO 2014-11-24T17:43:17.844Z ["[D6] Views routed to \"/d6.js\"."]
INFO 2014-11-24T17:43:17.864Z ["[Lighter] Publics loaded. \u001b[90mx48\u001b[39m"]
INFO 2014-11-24T17:43:17.885Z ["[Lighter] Publics loaded. \u001b[90mx48\u001b[39m"]
INFO 2014-11-24T17:43:17.888Z ["[Lighter] Publics loaded. \u001b[90mx48\u001b[39m"]
INFO 2014-11-24T17:43:17.889Z ["[Lighter] Publics loaded. \u001b[90mx48\u001b[39m"]
INFO 2014-11-24T17:43:17.889Z ["[D6] Views routed to \"/d6.js\"."]
INFO 2014-11-24T17:43:17.902Z ["[Lighter] Views loaded. \u001b[90mx30\u001b[39m"]
INFO 2014-11-24T17:43:17.914Z ["[D6] Views routed to \"/d6.js\"."]
INFO 2014-11-24T17:43:17.918Z ["[Lighter] Views loaded. \u001b[90mx30\u001b[39m"]
INFO 2014-11-24T17:43:17.924Z ["[D6] Views routed to \"/d6.js\"."]
INFO 2014-11-24T17:43:17.925Z ["[D6] Views routed to \"/d6.js\"."]
INFO 2014-11-24T17:43:17.928Z ["[D6] Views routed to \"/d6.js\"."]
INFO 2014-11-24T17:43:17.938Z ["[D6] Views routed to \"/d6.js\"."]
