WARN 2014-11-24T21:57:03.200Z ["[Lighter] Exiting due to file change in \"node_modules/chug/build/b.js\"."]
WARN 2014-11-24T21:57:03.200Z ["[Lighter] Exiting due to file change in \"node_modules/chug/build/b.js\"."]
WARN 2014-11-24T21:57:03.200Z ["[Lighter] Exiting due to file change in \"node_modules/chug/build/b.js\"."]
ALERT 2014-11-24T21:57:03.937Z ["alert"]
ERROR 2014-11-24T21:57:03.937Z ["error"]
WARN 2014-11-24T21:57:03.937Z ["warn"]
INFO 2014-11-24T21:57:03.937Z ["info"]
INFO 2014-11-24T21:57:04.330Z ["[Lighter] Models loaded. \u001b[90mx0\u001b[39m"]
INFO 2014-11-24T21:57:04.337Z ["[Lighter] Models loaded. \u001b[90mx0\u001b[39m"]
INFO 2014-11-24T21:57:04.348Z ["[Lighter] Models loaded. \u001b[90mx0\u001b[39m"]
INFO 2014-11-24T21:57:04.351Z ["[Lighter] Scripts routed to \"/sly.js\". \u001b[90mx1\u001b[39m"]
INFO 2014-11-24T21:57:04.352Z ["[Lighter] Models loaded. \u001b[90mx0\u001b[39m"]
INFO 2014-11-24T21:57:04.354Z ["[Lighter] Models loaded. \u001b[90mx0\u001b[39m"]
INFO 2014-11-24T21:57:04.355Z ["[Lighter] Scripts routed to \"/sly.js\". \u001b[90mx1\u001b[39m"]
INFO 2014-11-24T21:57:04.357Z ["[Lighter] Styles routed to \"/sly.css\". \u001b[90mx1\u001b[39m"]
INFO 2014-11-24T21:57:04.357Z ["[Lighter] Models loaded. \u001b[90mx0\u001b[39m"]
INFO 2014-11-24T21:57:04.358Z ["[Lighter] Models loaded. \u001b[90mx0\u001b[39m"]
INFO 2014-11-24T21:57:04.360Z ["[Lighter] Styles routed to \"/sly.css\". \u001b[90mx1\u001b[39m"]
INFO 2014-11-24T21:57:04.360Z ["[Lighter] Models loaded. \u001b[90mx0\u001b[39m"]
INFO 2014-11-24T21:57:04.362Z ["[Lighter] Controllers loaded. \u001b[90mx2\u001b[39m"]
INFO 2014-11-24T21:57:04.363Z ["[Lighter] Controllers loaded. \u001b[90mx2\u001b[39m"]
INFO 2014-11-24T21:57:04.373Z ["[Lighter] Scripts routed to \"/sly.js\". \u001b[90mx1\u001b[39m"]
INFO 2014-11-24T21:57:04.374Z ["[Lighter] Scripts routed to \"/sly.js\". \u001b[90mx1\u001b[39m"]
INFO 2014-11-24T21:57:04.374Z ["[Lighter] Scripts routed to \"/sly.js\". \u001b[90mx1\u001b[39m"]
INFO 2014-11-24T21:57:04.375Z ["[Lighter] Scripts routed to \"/sly.js\". \u001b[90mx1\u001b[39m"]
INFO 2014-11-24T21:57:04.375Z ["[Lighter] Styles routed to \"/sly.css\". \u001b[90mx1\u001b[39m"]
INFO 2014-11-24T21:57:04.376Z ["[Lighter] Scripts routed to \"/sly.js\". \u001b[90mx1\u001b[39m"]
INFO 2014-11-24T21:57:04.376Z ["[Lighter] Styles routed to \"/sly.css\". \u001b[90mx1\u001b[39m"]
INFO 2014-11-24T21:57:04.376Z ["[Lighter] Styles routed to \"/sly.css\". \u001b[90mx1\u001b[39m"]
INFO 2014-11-24T21:57:04.377Z ["[Lighter] Scripts routed to \"/sly.js\". \u001b[90mx1\u001b[39m"]
INFO 2014-11-24T21:57:04.378Z ["[Lighter] Styles routed to \"/sly.css\". \u001b[90mx1\u001b[39m"]
INFO 2014-11-24T21:57:04.378Z ["[Lighter] Controllers loaded. \u001b[90mx2\u001b[39m"]
INFO 2014-11-24T21:57:04.379Z ["[Lighter] Controllers loaded. \u001b[90mx2\u001b[39m"]
INFO 2014-11-24T21:57:04.379Z ["[Lighter] Styles routed to \"/sly.css\". \u001b[90mx1\u001b[39m"]
INFO 2014-11-24T21:57:04.381Z ["[Lighter] Styles routed to \"/sly.css\". \u001b[90mx1\u001b[39m"]
INFO 2014-11-24T21:57:04.381Z ["[Lighter] Controllers loaded. \u001b[90mx2\u001b[39m"]
INFO 2014-11-24T21:57:04.381Z ["[Lighter] Controllers loaded. \u001b[90mx2\u001b[39m"]
INFO 2014-11-24T21:57:04.382Z ["[Lighter] Controllers loaded. \u001b[90mx2\u001b[39m"]
INFO 2014-11-24T21:57:04.383Z ["[Lighter] Controllers loaded. \u001b[90mx2\u001b[39m"]
INFO 2014-11-24T21:57:04.390Z ["[Lighter] Scripts routed to \"/a.js\". \u001b[90mx1\u001b[39m"]
INFO 2014-11-24T21:57:04.394Z ["[Lighter] Styles routed to \"/a.css\". \u001b[90mx1\u001b[39m"]
INFO 2014-11-24T21:57:04.396Z ["[Lighter] Scripts routed to \"/a.js\". \u001b[90mx1\u001b[39m"]
INFO 2014-11-24T21:57:04.399Z ["[Lighter] Styles routed to \"/a.css\". \u001b[90mx1\u001b[39m"]
INFO 2014-11-24T21:57:04.414Z ["[Lighter] Scripts routed to \"/a.js\". \u001b[90mx1\u001b[39m"]
INFO 2014-11-24T21:57:04.421Z ["[Lighter] Scripts routed to \"/a.js\". \u001b[90mx1\u001b[39m"]
INFO 2014-11-24T21:57:04.426Z ["[Lighter] Styles routed to \"/a.css\". \u001b[90mx1\u001b[39m"]
INFO 2014-11-24T21:57:04.440Z ["[Lighter] Scripts routed to \"/a.js\". \u001b[90mx1\u001b[39m"]
INFO 2014-11-24T21:57:04.441Z ["[Lighter] Styles routed to \"/a.css\". \u001b[90mx1\u001b[39m"]
INFO 2014-11-24T21:57:04.447Z ["[Lighter] Styles routed to \"/a.css\". \u001b[90mx1\u001b[39m"]
INFO 2014-11-24T21:57:04.455Z ["[Lighter] Scripts routed to \"/a.js\". \u001b[90mx1\u001b[39m"]
INFO 2014-11-24T21:57:04.458Z ["[Lighter] Styles routed to \"/a.css\". \u001b[90mx1\u001b[39m"]
INFO 2014-11-24T21:57:04.472Z ["[Lighter] Scripts routed to \"/a.js\". \u001b[90mx1\u001b[39m"]
INFO 2014-11-24T21:57:04.474Z ["[Lighter] Styles routed to \"/a.css\". \u001b[90mx1\u001b[39m"]
INFO 2014-11-24T21:57:04.478Z ["[Lighter] Scripts routed to \"/a.js\". \u001b[90mx1\u001b[39m"]
INFO 2014-11-24T21:57:04.481Z ["[Lighter] Styles routed to \"/a.css\". \u001b[90mx1\u001b[39m"]
INFO 2014-11-24T21:57:06.189Z ["[Lighter] Publics loaded. \u001b[90mx48\u001b[39m"]
INFO 2014-11-24T21:57:07.660Z ["[Lighter] Views loaded. \u001b[90mx30\u001b[39m"]
INFO 2014-11-24T21:57:07.705Z ["[Lighter] Views loaded. \u001b[90mx30\u001b[39m"]
INFO 2014-11-24T21:57:07.713Z ["[Lighter] Views loaded. \u001b[90mx30\u001b[39m"]
INFO 2014-11-24T21:57:07.713Z ["[Lighter] Views loaded. \u001b[90mx30\u001b[39m"]
INFO 2014-11-24T21:57:07.965Z ["[Lighter] Views loaded. \u001b[90mx30\u001b[39m"]
INFO 2014-11-24T21:57:07.986Z ["[Lighter] Views loaded. \u001b[90mx30\u001b[39m"]
INFO 2014-11-24T21:57:08.009Z ["[Lighter] Publics loaded. \u001b[90mx48\u001b[39m"]
INFO 2014-11-24T21:57:08.037Z ["[Lighter] Views loaded. \u001b[90mx30\u001b[39m"]
INFO 2014-11-24T21:57:08.046Z ["[Lighter] Publics loaded. \u001b[90mx48\u001b[39m"]
INFO 2014-11-24T21:57:08.053Z ["[D6] Views routed to \"/d6.js\"."]
INFO 2014-11-24T21:57:08.070Z ["[D6] Views routed to \"/d6.js\"."]
INFO 2014-11-24T21:57:08.075Z ["[D6] Views routed to \"/d6.js\"."]
INFO 2014-11-24T21:57:08.082Z ["[Lighter] Publics loaded. \u001b[90mx48\u001b[39m"]
INFO 2014-11-24T21:57:08.089Z ["[Lighter] Publics loaded. \u001b[90mx48\u001b[39m"]
INFO 2014-11-24T21:57:08.094Z ["[Lighter] Publics loaded. \u001b[90mx48\u001b[39m"]
INFO 2014-11-24T21:57:08.097Z ["[Lighter] Publics loaded. \u001b[90mx48\u001b[39m"]
INFO 2014-11-24T21:57:08.101Z ["[Lighter] Views loaded. \u001b[90mx30\u001b[39m"]
INFO 2014-11-24T21:57:08.113Z ["[D6] Views routed to \"/d6.js\"."]
INFO 2014-11-24T21:57:08.119Z ["[D6] Views routed to \"/d6.js\"."]
INFO 2014-11-24T21:57:08.120Z ["[D6] Views routed to \"/d6.js\"."]
INFO 2014-11-24T21:57:08.122Z ["[D6] Views routed to \"/d6.js\"."]
INFO 2014-11-24T21:57:08.206Z ["[Lighter] Publics loaded. \u001b[90mx48\u001b[39m"]
INFO 2014-11-24T21:57:08.222Z ["[D6] Views routed to \"/d6.js\"."]
