WARN 2014-11-21T18:28:03.896Z ["[Lighter] Exiting due to file change in \"node_modules/cedar/common/json/colorize.js\"."]
WARN 2014-11-21T18:28:03.897Z ["[Lighter] Exiting due to file change in \"node_modules/cedar/common/json/colorize.js\"."]
WARN 2014-11-21T18:28:03.897Z ["[Lighter] Exiting due to file change in \"node_modules/cedar/common/json/colorize.js\"."]
WARN 2014-11-21T18:28:03.897Z ["[Lighter] Exiting due to file change in \"node_modules/cedar/common/json/colorize.js\"."]
ERROR 2014-11-21T18:28:03.918Z ["Worker 38950 died."]
ALERT 2014-11-21T18:28:04.686Z ["alert"]
ERROR 2014-11-21T18:28:04.686Z ["error"]
WARN 2014-11-21T18:28:04.687Z ["warn"]
INFO 2014-11-21T18:28:04.687Z ["info"]
INFO 2014-11-21T18:28:05.065Z ["[Lighter] Models loaded. \u001b[90mx0\u001b[39m"]
INFO 2014-11-21T18:28:05.075Z ["[Lighter] Models loaded. \u001b[90mx0\u001b[39m"]
INFO 2014-11-21T18:28:05.076Z ["[Lighter] Models loaded. \u001b[90mx0\u001b[39m"]
INFO 2014-11-21T18:28:05.076Z ["[Lighter] Models loaded. \u001b[90mx0\u001b[39m"]
INFO 2014-11-21T18:28:05.079Z ["[Lighter] Models loaded. \u001b[90mx0\u001b[39m"]
INFO 2014-11-21T18:28:05.080Z ["[Lighter] Scripts routed to \"/sly.js\". \u001b[90mx1\u001b[39m"]
INFO 2014-11-21T18:28:05.081Z ["[Lighter] Styles routed to \"/sly.css\". \u001b[90mx1\u001b[39m"]
INFO 2014-11-21T18:28:05.084Z ["[Lighter] Controllers loaded. \u001b[90mx2\u001b[39m"]
INFO 2014-11-21T18:28:05.084Z ["[Lighter] Models loaded. \u001b[90mx0\u001b[39m"]
INFO 2014-11-21T18:28:05.085Z ["[Lighter] Models loaded. \u001b[90mx0\u001b[39m"]
INFO 2014-11-21T18:28:05.089Z ["[Lighter] Models loaded. \u001b[90mx0\u001b[39m"]
INFO 2014-11-21T18:28:05.092Z ["[Lighter] Scripts routed to \"/sly.js\". \u001b[90mx1\u001b[39m"]
INFO 2014-11-21T18:28:05.093Z ["[Lighter] Scripts routed to \"/sly.js\". \u001b[90mx1\u001b[39m"]
INFO 2014-11-21T18:28:05.093Z ["[Lighter] Styles routed to \"/sly.css\". \u001b[90mx1\u001b[39m"]
INFO 2014-11-21T18:28:05.095Z ["[Lighter] Scripts routed to \"/sly.js\". \u001b[90mx1\u001b[39m"]
INFO 2014-11-21T18:28:05.095Z ["[Lighter] Styles routed to \"/sly.css\". \u001b[90mx1\u001b[39m"]
INFO 2014-11-21T18:28:05.095Z ["[Lighter] Styles routed to \"/sly.css\". \u001b[90mx1\u001b[39m"]
INFO 2014-11-21T18:28:05.098Z ["[Lighter] Controllers loaded. \u001b[90mx2\u001b[39m"]
INFO 2014-11-21T18:28:05.099Z ["[Lighter] Controllers loaded. \u001b[90mx2\u001b[39m"]
INFO 2014-11-21T18:28:05.099Z ["[Lighter] Controllers loaded. \u001b[90mx2\u001b[39m"]
INFO 2014-11-21T18:28:05.100Z ["[Lighter] Scripts routed to \"/sly.js\". \u001b[90mx1\u001b[39m"]
INFO 2014-11-21T18:28:05.101Z ["[Lighter] Styles routed to \"/sly.css\". \u001b[90mx1\u001b[39m"]
INFO 2014-11-21T18:28:05.101Z ["[Lighter] Scripts routed to \"/sly.js\". \u001b[90mx1\u001b[39m"]
INFO 2014-11-21T18:28:05.102Z ["[Lighter] Styles routed to \"/sly.css\". \u001b[90mx1\u001b[39m"]
INFO 2014-11-21T18:28:05.103Z ["[Lighter] Controllers loaded. \u001b[90mx2\u001b[39m"]
INFO 2014-11-21T18:28:05.104Z ["[Lighter] Scripts routed to \"/sly.js\". \u001b[90mx1\u001b[39m"]
INFO 2014-11-21T18:28:05.105Z ["[Lighter] Styles routed to \"/sly.css\". \u001b[90mx1\u001b[39m"]
INFO 2014-11-21T18:28:05.106Z ["[Lighter] Scripts routed to \"/sly.js\". \u001b[90mx1\u001b[39m"]
INFO 2014-11-21T18:28:05.107Z ["[Lighter] Styles routed to \"/sly.css\". \u001b[90mx1\u001b[39m"]
INFO 2014-11-21T18:28:05.108Z ["[Lighter] Controllers loaded. \u001b[90mx2\u001b[39m"]
INFO 2014-11-21T18:28:05.108Z ["[Lighter] Controllers loaded. \u001b[90mx2\u001b[39m"]
INFO 2014-11-21T18:28:05.110Z ["[Lighter] Controllers loaded. \u001b[90mx2\u001b[39m"]
INFO 2014-11-21T18:28:05.114Z ["[Lighter] Scripts routed to \"/a.js\". \u001b[90mx1\u001b[39m"]
INFO 2014-11-21T18:28:05.121Z ["[Lighter] Styles routed to \"/a.css\". \u001b[90mx1\u001b[39m"]
INFO 2014-11-21T18:28:05.149Z ["[Lighter] Scripts routed to \"/a.js\". \u001b[90mx1\u001b[39m"]
INFO 2014-11-21T18:28:05.155Z ["[Lighter] Scripts routed to \"/a.js\". \u001b[90mx1\u001b[39m"]
INFO 2014-11-21T18:28:05.156Z ["[Lighter] Scripts routed to \"/a.js\". \u001b[90mx1\u001b[39m"]
INFO 2014-11-21T18:28:05.187Z ["[Lighter] Styles routed to \"/a.css\". \u001b[90mx1\u001b[39m"]
INFO 2014-11-21T18:28:05.190Z ["[Lighter] Scripts routed to \"/a.js\". \u001b[90mx1\u001b[39m"]
INFO 2014-11-21T18:28:05.190Z ["[Lighter] Scripts routed to \"/a.js\". \u001b[90mx1\u001b[39m"]
INFO 2014-11-21T18:28:05.192Z ["[Lighter] Styles routed to \"/a.css\". \u001b[90mx1\u001b[39m"]
INFO 2014-11-21T18:28:05.192Z ["[Lighter] Styles routed to \"/a.css\". \u001b[90mx1\u001b[39m"]
INFO 2014-11-21T18:28:05.195Z ["[Lighter] Styles routed to \"/a.css\". \u001b[90mx1\u001b[39m"]
INFO 2014-11-21T18:28:05.197Z ["[Lighter] Scripts routed to \"/a.js\". \u001b[90mx1\u001b[39m"]
INFO 2014-11-21T18:28:05.198Z ["[Lighter] Scripts routed to \"/a.js\". \u001b[90mx1\u001b[39m"]
INFO 2014-11-21T18:28:05.199Z ["[Lighter] Styles routed to \"/a.css\". \u001b[90mx1\u001b[39m"]
INFO 2014-11-21T18:28:05.200Z ["[Lighter] Styles routed to \"/a.css\". \u001b[90mx1\u001b[39m"]
INFO 2014-11-21T18:28:05.203Z ["[Lighter] Styles routed to \"/a.css\". \u001b[90mx1\u001b[39m"]
INFO 2014-11-21T18:28:06.875Z ["[Lighter] Publics loaded. \u001b[90mx48\u001b[39m"]
INFO 2014-11-21T18:28:08.313Z ["[Lighter] Views loaded. \u001b[90mx30\u001b[39m"]
INFO 2014-11-21T18:28:08.400Z ["[Lighter] Views loaded. \u001b[90mx30\u001b[39m"]
INFO 2014-11-21T18:28:08.484Z ["[Lighter] Views loaded. \u001b[90mx30\u001b[39m"]
INFO 2014-11-21T18:28:08.498Z ["[Lighter] Views loaded. \u001b[90mx30\u001b[39m"]
INFO 2014-11-21T18:28:08.551Z ["[Lighter] Views loaded. \u001b[90mx30\u001b[39m"]
INFO 2014-11-21T18:28:08.578Z ["[Lighter] Views loaded. \u001b[90mx30\u001b[39m"]
INFO 2014-11-21T18:28:08.728Z ["[Lighter] Views loaded. \u001b[90mx30\u001b[39m"]
INFO 2014-11-21T18:28:08.753Z ["[Lighter] Publics loaded. \u001b[90mx48\u001b[39m"]
INFO 2014-11-21T18:28:08.777Z ["[Lighter] Views loaded. \u001b[90mx30\u001b[39m"]
INFO 2014-11-21T18:28:08.824Z ["[D6] Views routed to \"/d6.js\"."]
INFO 2014-11-21T18:28:08.835Z ["[Lighter] Publics loaded. \u001b[90mx48\u001b[39m"]
INFO 2014-11-21T18:28:08.836Z ["[Lighter] Publics loaded. \u001b[90mx48\u001b[39m"]
INFO 2014-11-21T18:28:08.872Z ["[D6] Views routed to \"/d6.js\"."]
INFO 2014-11-21T18:28:08.873Z ["[D6] Views routed to \"/d6.js\"."]
INFO 2014-11-21T18:28:08.886Z ["[D6] Views routed to \"/d6.js\"."]
INFO 2014-11-21T18:28:08.887Z ["[Lighter] Publics loaded. \u001b[90mx48\u001b[39m"]
INFO 2014-11-21T18:28:08.917Z ["[D6] Views routed to \"/d6.js\"."]
INFO 2014-11-21T18:28:08.927Z ["[Lighter] Publics loaded. \u001b[90mx48\u001b[39m"]
INFO 2014-11-21T18:28:08.948Z ["[Lighter] Publics loaded. \u001b[90mx48\u001b[39m"]
INFO 2014-11-21T18:28:08.951Z ["[Lighter] Publics loaded. \u001b[90mx48\u001b[39m"]
INFO 2014-11-21T18:28:08.954Z ["[D6] Views routed to \"/d6.js\"."]
INFO 2014-11-21T18:28:08.975Z ["[D6] Views routed to \"/d6.js\"."]
INFO 2014-11-21T18:28:08.975Z ["[D6] Views routed to \"/d6.js\"."]
