WARN 2014-11-21T17:58:27.238Z ["[Lighter] Exiting due to file change in \"node_modules/cedar/lib/transports/console.js\"."]
WARN 2014-11-21T17:58:27.238Z ["[Lighter] Exiting due to file change in \"node_modules/cedar/lib/transports/console.js\"."]
WARN 2014-11-21T17:58:27.239Z ["[Lighter] Exiting due to file change in \"node_modules/cedar/lib/transports/console.js\"."]
WARN 2014-11-21T17:58:27.239Z ["[Lighter] Exiting due to file change in \"node_modules/cedar/lib/transports/console.js\"."]
WARN 2014-11-21T17:58:27.239Z ["[Lighter] Exiting due to file change in \"node_modules/cedar/lib/transports/console.js\"."]
WARN 2014-11-21T17:58:27.239Z ["[Lighter] Exiting due to file change in \"node_modules/cedar/lib/transports/console.js\"."]
WARN 2014-11-21T17:58:27.239Z ["[Lighter] Exiting due to file change in \"node_modules/cedar/lib/transports/console.js\"."]
WARN 2014-11-21T17:58:27.240Z ["[Lighter] Exiting due to file change in \"node_modules/cedar/lib/transports/console.js\"."]
ERROR 2014-11-21T17:58:27.267Z ["Worker 38336 died."]
ALERT 2014-11-21T17:58:27.989Z ["alert"]
ERROR 2014-11-21T17:58:27.989Z ["error"]
WARN 2014-11-21T17:58:27.989Z ["warn"]
INFO 2014-11-21T17:58:27.989Z ["info"]
INFO 2014-11-21T17:58:28.368Z ["[Lighter] Models loaded. \u001b[90mx0\u001b[39m"]
INFO 2014-11-21T17:58:28.384Z ["[Lighter] Scripts routed to \"/sly.js\". \u001b[90mx1\u001b[39m"]
INFO 2014-11-21T17:58:28.385Z ["[Lighter] Styles routed to \"/sly.css\". \u001b[90mx1\u001b[39m"]
INFO 2014-11-21T17:58:28.388Z ["[Lighter] Controllers loaded. \u001b[90mx2\u001b[39m"]
INFO 2014-11-21T17:58:28.403Z ["[Lighter] Models loaded. \u001b[90mx0\u001b[39m"]
INFO 2014-11-21T17:58:28.412Z ["[Lighter] Models loaded. \u001b[90mx0\u001b[39m"]
INFO 2014-11-21T17:58:28.412Z ["[Lighter] Models loaded. \u001b[90mx0\u001b[39m"]
INFO 2014-11-21T17:58:28.415Z ["[Lighter] Scripts routed to \"/a.js\". \u001b[90mx1\u001b[39m"]
INFO 2014-11-21T17:58:28.418Z ["[Lighter] Models loaded. \u001b[90mx0\u001b[39m"]
INFO 2014-11-21T17:58:28.418Z ["[Lighter] Scripts routed to \"/sly.js\". \u001b[90mx1\u001b[39m"]
INFO 2014-11-21T17:58:28.421Z ["[Lighter] Models loaded. \u001b[90mx0\u001b[39m"]
INFO 2014-11-21T17:58:28.422Z ["[Lighter] Styles routed to \"/a.css\". \u001b[90mx1\u001b[39m"]
INFO 2014-11-21T17:58:28.425Z ["[Lighter] Styles routed to \"/sly.css\". \u001b[90mx1\u001b[39m"]
INFO 2014-11-21T17:58:28.425Z ["[Lighter] Models loaded. \u001b[90mx0\u001b[39m"]
INFO 2014-11-21T17:58:28.425Z ["[Lighter] Models loaded. \u001b[90mx0\u001b[39m"]
INFO 2014-11-21T17:58:28.434Z ["[Lighter] Controllers loaded. \u001b[90mx2\u001b[39m"]
INFO 2014-11-21T17:58:28.435Z ["[Lighter] Scripts routed to \"/sly.js\". \u001b[90mx1\u001b[39m"]
INFO 2014-11-21T17:58:28.436Z ["[Lighter] Styles routed to \"/sly.css\". \u001b[90mx1\u001b[39m"]
INFO 2014-11-21T17:58:28.438Z ["[Lighter] Scripts routed to \"/sly.js\". \u001b[90mx1\u001b[39m"]
INFO 2014-11-21T17:58:28.439Z ["[Lighter] Controllers loaded. \u001b[90mx2\u001b[39m"]
INFO 2014-11-21T17:58:28.439Z ["[Lighter] Styles routed to \"/sly.css\". \u001b[90mx1\u001b[39m"]
INFO 2014-11-21T17:58:28.441Z ["[Lighter] Scripts routed to \"/sly.js\". \u001b[90mx1\u001b[39m"]
INFO 2014-11-21T17:58:28.441Z ["[Lighter] Controllers loaded. \u001b[90mx2\u001b[39m"]
INFO 2014-11-21T17:58:28.443Z ["[Lighter] Styles routed to \"/sly.css\". \u001b[90mx1\u001b[39m"]
INFO 2014-11-21T17:58:28.446Z ["[Lighter] Controllers loaded. \u001b[90mx2\u001b[39m"]
INFO 2014-11-21T17:58:28.448Z ["[Lighter] Scripts routed to \"/sly.js\". \u001b[90mx1\u001b[39m"]
INFO 2014-11-21T17:58:28.449Z ["[Lighter] Styles routed to \"/sly.css\". \u001b[90mx1\u001b[39m"]
INFO 2014-11-21T17:58:28.452Z ["[Lighter] Controllers loaded. \u001b[90mx2\u001b[39m"]
INFO 2014-11-21T17:58:28.454Z ["[Lighter] Scripts routed to \"/sly.js\". \u001b[90mx1\u001b[39m"]
INFO 2014-11-21T17:58:28.455Z ["[Lighter] Scripts routed to \"/sly.js\". \u001b[90mx1\u001b[39m"]
INFO 2014-11-21T17:58:28.455Z ["[Lighter] Styles routed to \"/sly.css\". \u001b[90mx1\u001b[39m"]
INFO 2014-11-21T17:58:28.455Z ["[Lighter] Styles routed to \"/sly.css\". \u001b[90mx1\u001b[39m"]
INFO 2014-11-21T17:58:28.459Z ["[Lighter] Controllers loaded. \u001b[90mx2\u001b[39m"]
INFO 2014-11-21T17:58:28.459Z ["[Lighter] Controllers loaded. \u001b[90mx2\u001b[39m"]
INFO 2014-11-21T17:58:28.460Z ["[Lighter] Scripts routed to \"/a.js\". \u001b[90mx1\u001b[39m"]
INFO 2014-11-21T17:58:28.464Z ["[Lighter] Styles routed to \"/a.css\". \u001b[90mx1\u001b[39m"]
INFO 2014-11-21T17:58:28.481Z ["[Lighter] Scripts routed to \"/a.js\". \u001b[90mx1\u001b[39m"]
INFO 2014-11-21T17:58:28.483Z ["[Lighter] Scripts routed to \"/a.js\". \u001b[90mx1\u001b[39m"]
INFO 2014-11-21T17:58:28.501Z ["[Lighter] Styles routed to \"/a.css\". \u001b[90mx1\u001b[39m"]
INFO 2014-11-21T17:58:28.504Z ["[Lighter] Scripts routed to \"/a.js\". \u001b[90mx1\u001b[39m"]
INFO 2014-11-21T17:58:28.505Z ["[Lighter] Scripts routed to \"/a.js\". \u001b[90mx1\u001b[39m"]
INFO 2014-11-21T17:58:28.508Z ["[Lighter] Scripts routed to \"/a.js\". \u001b[90mx1\u001b[39m"]
INFO 2014-11-21T17:58:28.511Z ["[Lighter] Styles routed to \"/a.css\". \u001b[90mx1\u001b[39m"]
INFO 2014-11-21T17:58:28.550Z ["[Lighter] Scripts routed to \"/a.js\". \u001b[90mx1\u001b[39m"]
INFO 2014-11-21T17:58:28.551Z ["[Lighter] Styles routed to \"/a.css\". \u001b[90mx1\u001b[39m"]
INFO 2014-11-21T17:58:28.553Z ["[Lighter] Styles routed to \"/a.css\". \u001b[90mx1\u001b[39m"]
INFO 2014-11-21T17:58:28.563Z ["[Lighter] Styles routed to \"/a.css\". \u001b[90mx1\u001b[39m"]
INFO 2014-11-21T17:58:28.564Z ["[Lighter] Styles routed to \"/a.css\". \u001b[90mx1\u001b[39m"]
INFO 2014-11-21T17:58:30.240Z ["[Lighter] Publics loaded. \u001b[90mx48\u001b[39m"]
INFO 2014-11-21T17:58:30.384Z ["[Lighter] Publics loaded. \u001b[90mx48\u001b[39m"]
INFO 2014-11-21T17:58:31.976Z ["[Lighter] Views loaded. \u001b[90mx30\u001b[39m"]
INFO 2014-11-21T17:58:32.028Z ["[Lighter] Views loaded. \u001b[90mx30\u001b[39m"]
INFO 2014-11-21T17:58:32.200Z ["[Lighter] Views loaded. \u001b[90mx30\u001b[39m"]
INFO 2014-11-21T17:58:32.229Z ["[Lighter] Views loaded. \u001b[90mx30\u001b[39m"]
INFO 2014-11-21T17:58:32.349Z ["[Lighter] Views loaded. \u001b[90mx30\u001b[39m"]
INFO 2014-11-21T17:58:32.468Z ["[Lighter] Views loaded. \u001b[90mx30\u001b[39m"]
INFO 2014-11-21T17:58:32.563Z ["[Lighter] Publics loaded. \u001b[90mx48\u001b[39m"]
INFO 2014-11-21T17:58:32.586Z ["[D6] Views routed to \"/d6.js\"."]
INFO 2014-11-21T17:58:32.647Z ["[Lighter] Publics loaded. \u001b[90mx48\u001b[39m"]
INFO 2014-11-21T17:58:32.666Z ["[Lighter] Views loaded. \u001b[90mx30\u001b[39m"]
INFO 2014-11-21T17:58:32.699Z ["[D6] Views routed to \"/d6.js\"."]
INFO 2014-11-21T17:58:32.709Z ["[D6] Views routed to \"/d6.js\"."]
INFO 2014-11-21T17:58:32.725Z ["[Lighter] Publics loaded. \u001b[90mx48\u001b[39m"]
INFO 2014-11-21T17:58:32.733Z ["[Lighter] Publics loaded. \u001b[90mx48\u001b[39m"]
INFO 2014-11-21T17:58:32.765Z ["[D6] Views routed to \"/d6.js\"."]
INFO 2014-11-21T17:58:32.775Z ["[D6] Views routed to \"/d6.js\"."]
INFO 2014-11-21T17:58:32.777Z ["[Lighter] Publics loaded. \u001b[90mx48\u001b[39m"]
INFO 2014-11-21T17:58:32.796Z ["[D6] Views routed to \"/d6.js\"."]
INFO 2014-11-21T17:58:32.814Z ["[Lighter] Views loaded. \u001b[90mx30\u001b[39m"]
INFO 2014-11-21T17:58:32.830Z ["[D6] Views routed to \"/d6.js\"."]
INFO 2014-11-21T17:58:32.842Z ["[Lighter] Publics loaded. \u001b[90mx48\u001b[39m"]
INFO 2014-11-21T17:58:32.861Z ["[D6] Views routed to \"/d6.js\"."]
WARN 2014-11-21T17:58:46.308Z ["[Lighter] Exiting due to file change in \"node_modules/cedar/lib/transports/console.js\"."]
WARN 2014-11-21T17:58:46.308Z ["[Lighter] Exiting due to file change in \"node_modules/cedar/lib/transports/console.js\"."]
WARN 2014-11-21T17:58:46.308Z ["[Lighter] Exiting due to file change in \"node_modules/cedar/lib/transports/console.js\"."]
WARN 2014-11-21T17:58:46.308Z ["[Lighter] Exiting due to file change in \"node_modules/cedar/lib/transports/console.js\"."]
WARN 2014-11-21T17:58:46.308Z ["[Lighter] Exiting due to file change in \"node_modules/cedar/lib/transports/console.js\"."]
WARN 2014-11-21T17:58:46.309Z ["[Lighter] Exiting due to file change in \"node_modules/cedar/lib/transports/console.js\"."]
WARN 2014-11-21T17:58:46.309Z ["[Lighter] Exiting due to file change in \"node_modules/cedar/lib/transports/console.js\"."]
WARN 2014-11-21T17:58:46.309Z ["[Lighter] Exiting due to file change in \"node_modules/cedar/lib/transports/console.js\"."]
ERROR 2014-11-21T17:58:46.342Z ["Worker 38353 died."]
ALERT 2014-11-21T17:58:47.012Z ["alert"]
ERROR 2014-11-21T17:58:47.013Z ["error"]
WARN 2014-11-21T17:58:47.013Z ["warn"]
INFO 2014-11-21T17:58:47.013Z ["info"]
INFO 2014-11-21T17:58:47.387Z ["[Lighter] Models loaded. \u001b[90mx0\u001b[39m"]
INFO 2014-11-21T17:58:47.402Z ["[Lighter] Scripts routed to \"/sly.js\". \u001b[90mx1\u001b[39m"]
INFO 2014-11-21T17:58:47.402Z ["[Lighter] Styles routed to \"/sly.css\". \u001b[90mx1\u001b[39m"]
INFO 2014-11-21T17:58:47.405Z ["[Lighter] Controllers loaded. \u001b[90mx2\u001b[39m"]
INFO 2014-11-21T17:58:47.408Z ["[Lighter] Models loaded. \u001b[90mx0\u001b[39m"]
INFO 2014-11-21T17:58:47.420Z ["[Lighter] Scripts routed to \"/sly.js\". \u001b[90mx1\u001b[39m"]
INFO 2014-11-21T17:58:47.422Z ["[Lighter] Styles routed to \"/sly.css\". \u001b[90mx1\u001b[39m"]
INFO 2014-11-21T17:58:47.423Z ["[Lighter] Models loaded. \u001b[90mx0\u001b[39m"]
INFO 2014-11-21T17:58:47.424Z ["[Lighter] Models loaded. \u001b[90mx0\u001b[39m"]
INFO 2014-11-21T17:58:47.426Z ["[Lighter] Controllers loaded. \u001b[90mx2\u001b[39m"]
INFO 2014-11-21T17:58:47.429Z ["[Lighter] Scripts routed to \"/a.js\". \u001b[90mx1\u001b[39m"]
INFO 2014-11-21T17:58:47.429Z ["[Lighter] Models loaded. \u001b[90mx0\u001b[39m"]
INFO 2014-11-21T17:58:47.430Z ["[Lighter] Models loaded. \u001b[90mx0\u001b[39m"]
INFO 2014-11-21T17:58:47.431Z ["[Lighter] Models loaded. \u001b[90mx0\u001b[39m"]
INFO 2014-11-21T17:58:47.432Z ["[Lighter] Models loaded. \u001b[90mx0\u001b[39m"]
INFO 2014-11-21T17:58:47.439Z ["[Lighter] Styles routed to \"/a.css\". \u001b[90mx1\u001b[39m"]
INFO 2014-11-21T17:58:47.441Z ["[Lighter] Scripts routed to \"/sly.js\". \u001b[90mx1\u001b[39m"]
INFO 2014-11-21T17:58:47.444Z ["[Lighter] Styles routed to \"/sly.css\". \u001b[90mx1\u001b[39m"]
INFO 2014-11-21T17:58:47.445Z ["[Lighter] Scripts routed to \"/sly.js\". \u001b[90mx1\u001b[39m"]
INFO 2014-11-21T17:58:47.446Z ["[Lighter] Styles routed to \"/sly.css\". \u001b[90mx1\u001b[39m"]
INFO 2014-11-21T17:58:47.447Z ["[Lighter] Controllers loaded. \u001b[90mx2\u001b[39m"]
INFO 2014-11-21T17:58:47.449Z ["[Lighter] Controllers loaded. \u001b[90mx2\u001b[39m"]
INFO 2014-11-21T17:58:47.449Z ["[Lighter] Scripts routed to \"/sly.js\". \u001b[90mx1\u001b[39m"]
INFO 2014-11-21T17:58:47.450Z ["[Lighter] Scripts routed to \"/sly.js\". \u001b[90mx1\u001b[39m"]
INFO 2014-11-21T17:58:47.451Z ["[Lighter] Scripts routed to \"/sly.js\". \u001b[90mx1\u001b[39m"]
INFO 2014-11-21T17:58:47.451Z ["[Lighter] Styles routed to \"/sly.css\". \u001b[90mx1\u001b[39m"]
INFO 2014-11-21T17:58:47.451Z ["[Lighter] Styles routed to \"/sly.css\". \u001b[90mx1\u001b[39m"]
INFO 2014-11-21T17:58:47.452Z ["[Lighter] Styles routed to \"/sly.css\". \u001b[90mx1\u001b[39m"]
INFO 2014-11-21T17:58:47.452Z ["[Lighter] Scripts routed to \"/sly.js\". \u001b[90mx1\u001b[39m"]
INFO 2014-11-21T17:58:47.453Z ["[Lighter] Styles routed to \"/sly.css\". \u001b[90mx1\u001b[39m"]
INFO 2014-11-21T17:58:47.454Z ["[Lighter] Controllers loaded. \u001b[90mx2\u001b[39m"]
INFO 2014-11-21T17:58:47.454Z ["[Lighter] Controllers loaded. \u001b[90mx2\u001b[39m"]
INFO 2014-11-21T17:58:47.455Z ["[Lighter] Controllers loaded. \u001b[90mx2\u001b[39m"]
INFO 2014-11-21T17:58:47.455Z ["[Lighter] Controllers loaded. \u001b[90mx2\u001b[39m"]
INFO 2014-11-21T17:58:47.459Z ["[Lighter] Scripts routed to \"/a.js\". \u001b[90mx1\u001b[39m"]
INFO 2014-11-21T17:58:47.462Z ["[Lighter] Styles routed to \"/a.css\". \u001b[90mx1\u001b[39m"]
INFO 2014-11-21T17:58:47.472Z ["[Lighter] Scripts routed to \"/a.js\". \u001b[90mx1\u001b[39m"]
INFO 2014-11-21T17:58:47.473Z ["[Lighter] Scripts routed to \"/a.js\". \u001b[90mx1\u001b[39m"]
INFO 2014-11-21T17:58:47.477Z ["[Lighter] Styles routed to \"/a.css\". \u001b[90mx1\u001b[39m"]
INFO 2014-11-21T17:58:47.480Z ["[Lighter] Scripts routed to \"/a.js\". \u001b[90mx1\u001b[39m"]
INFO 2014-11-21T17:58:47.481Z ["[Lighter] Styles routed to \"/a.css\". \u001b[90mx1\u001b[39m"]
INFO 2014-11-21T17:58:47.482Z ["[Lighter] Scripts routed to \"/a.js\". \u001b[90mx1\u001b[39m"]
INFO 2014-11-21T17:58:47.486Z ["[Lighter] Scripts routed to \"/a.js\". \u001b[90mx1\u001b[39m"]
INFO 2014-11-21T17:58:47.491Z ["[Lighter] Styles routed to \"/a.css\". \u001b[90mx1\u001b[39m"]
INFO 2014-11-21T17:58:47.491Z ["[Lighter] Styles routed to \"/a.css\". \u001b[90mx1\u001b[39m"]
INFO 2014-11-21T17:58:47.514Z ["[Lighter] Scripts routed to \"/a.js\". \u001b[90mx1\u001b[39m"]
INFO 2014-11-21T17:58:47.516Z ["[Lighter] Styles routed to \"/a.css\". \u001b[90mx1\u001b[39m"]
INFO 2014-11-21T17:58:47.518Z ["[Lighter] Styles routed to \"/a.css\". \u001b[90mx1\u001b[39m"]
INFO 2014-11-21T17:58:49.032Z ["[Lighter] Views loaded. \u001b[90mx30\u001b[39m"]
INFO 2014-11-21T17:58:49.039Z ["[Lighter] Publics loaded. \u001b[90mx48\u001b[39m"]
INFO 2014-11-21T17:58:49.141Z ["[Lighter] Publics loaded. \u001b[90mx48\u001b[39m"]
INFO 2014-11-21T17:58:49.173Z ["[Lighter] Publics loaded. \u001b[90mx48\u001b[39m"]
INFO 2014-11-21T17:58:49.191Z ["[Lighter] Publics loaded. \u001b[90mx48\u001b[39m"]
INFO 2014-11-21T17:58:50.525Z ["[Lighter] Views loaded. \u001b[90mx30\u001b[39m"]
INFO 2014-11-21T17:58:50.604Z ["[Lighter] Publics loaded. \u001b[90mx48\u001b[39m"]
INFO 2014-11-21T17:58:50.643Z ["[D6] Views routed to \"/d6.js\"."]
INFO 2014-11-21T17:58:50.730Z ["[Lighter] Views loaded. \u001b[90mx30\u001b[39m"]
INFO 2014-11-21T17:58:50.805Z ["[Lighter] Views loaded. \u001b[90mx30\u001b[39m"]
INFO 2014-11-21T17:58:50.829Z ["[Lighter] Publics loaded. \u001b[90mx48\u001b[39m"]
INFO 2014-11-21T17:58:50.844Z ["[Lighter] Views loaded. \u001b[90mx30\u001b[39m"]
INFO 2014-11-21T17:58:50.851Z ["[Lighter] Publics loaded. \u001b[90mx48\u001b[39m"]
INFO 2014-11-21T17:58:50.867Z ["[D6] Views routed to \"/d6.js\"."]
INFO 2014-11-21T17:58:50.871Z ["[D6] Views routed to \"/d6.js\"."]
INFO 2014-11-21T17:58:50.880Z ["[D6] Views routed to \"/d6.js\"."]
INFO 2014-11-21T17:58:50.901Z ["[Lighter] Publics loaded. \u001b[90mx48\u001b[39m"]
INFO 2014-11-21T17:58:50.905Z ["[Lighter] Views loaded. \u001b[90mx30\u001b[39m"]
INFO 2014-11-21T17:58:50.924Z ["[D6] Views routed to \"/d6.js\"."]
INFO 2014-11-21T17:58:50.928Z ["[D6] Views routed to \"/d6.js\"."]
INFO 2014-11-21T17:58:50.938Z ["[Lighter] Views loaded. \u001b[90mx30\u001b[39m"]
INFO 2014-11-21T17:58:50.949Z ["[Lighter] Views loaded. \u001b[90mx30\u001b[39m"]
INFO 2014-11-21T17:58:50.953Z ["[D6] Views routed to \"/d6.js\"."]
INFO 2014-11-21T17:58:50.965Z ["[D6] Views routed to \"/d6.js\"."]
