WARN 2014-11-21T18:02:03.705Z ["[Lighter] Exiting due to file change in \"node_modules/cedar/lib/transports/base.js\"."]
WARN 2014-11-21T18:02:03.705Z ["[Lighter] Exiting due to file change in \"node_modules/cedar/lib/transports/base.js\"."]
WARN 2014-11-21T18:02:03.705Z ["[Lighter] Exiting due to file change in \"node_modules/cedar/lib/transports/base.js\"."]
WARN 2014-11-21T18:02:03.705Z ["[Lighter] Exiting due to file change in \"node_modules/cedar/lib/transports/base.js\"."]
ALERT 2014-11-21T18:02:04.510Z ["alert"]
ERROR 2014-11-21T18:02:04.510Z ["error"]
WARN 2014-11-21T18:02:04.510Z ["warn"]
INFO 2014-11-21T18:02:04.510Z ["info"]
INFO 2014-11-21T18:02:04.910Z ["[Lighter] Models loaded. \u001b[90mx0\u001b[39m"]
INFO 2014-11-21T18:02:04.912Z ["[Lighter] Models loaded. \u001b[90mx0\u001b[39m"]
INFO 2014-11-21T18:02:04.915Z ["[Lighter] Models loaded. \u001b[90mx0\u001b[39m"]
INFO 2014-11-21T18:02:04.918Z ["[Lighter] Models loaded. \u001b[90mx0\u001b[39m"]
INFO 2014-11-21T18:02:04.918Z ["[Lighter] Models loaded. \u001b[90mx0\u001b[39m"]
INFO 2014-11-21T18:02:04.918Z ["[Lighter] Models loaded. \u001b[90mx0\u001b[39m"]
INFO 2014-11-21T18:02:04.918Z ["[Lighter] Models loaded. \u001b[90mx0\u001b[39m"]
INFO 2014-11-21T18:02:04.919Z ["[Lighter] Models loaded. \u001b[90mx0\u001b[39m"]
INFO 2014-11-21T18:02:04.927Z ["[Lighter] Scripts routed to \"/sly.js\". \u001b[90mx1\u001b[39m"]
INFO 2014-11-21T18:02:04.928Z ["[Lighter] Styles routed to \"/sly.css\". \u001b[90mx1\u001b[39m"]
INFO 2014-11-21T18:02:04.931Z ["[Lighter] Scripts routed to \"/sly.js\". \u001b[90mx1\u001b[39m"]
INFO 2014-11-21T18:02:04.931Z ["[Lighter] Controllers loaded. \u001b[90mx2\u001b[39m"]
INFO 2014-11-21T18:02:04.931Z ["[Lighter] Styles routed to \"/sly.css\". \u001b[90mx1\u001b[39m"]
INFO 2014-11-21T18:02:04.933Z ["[Lighter] Scripts routed to \"/sly.js\". \u001b[90mx1\u001b[39m"]
INFO 2014-11-21T18:02:04.933Z ["[Lighter] Scripts routed to \"/sly.js\". \u001b[90mx1\u001b[39m"]
INFO 2014-11-21T18:02:04.934Z ["[Lighter] Styles routed to \"/sly.css\". \u001b[90mx1\u001b[39m"]
INFO 2014-11-21T18:02:04.934Z ["[Lighter] Styles routed to \"/sly.css\". \u001b[90mx1\u001b[39m"]
INFO 2014-11-21T18:02:04.934Z ["[Lighter] Controllers loaded. \u001b[90mx2\u001b[39m"]
INFO 2014-11-21T18:02:04.936Z ["[Lighter] Controllers loaded. \u001b[90mx2\u001b[39m"]
INFO 2014-11-21T18:02:04.937Z ["[Lighter] Controllers loaded. \u001b[90mx2\u001b[39m"]
INFO 2014-11-21T18:02:04.938Z ["[Lighter] Scripts routed to \"/sly.js\". \u001b[90mx1\u001b[39m"]
INFO 2014-11-21T18:02:04.938Z ["[Lighter] Styles routed to \"/sly.css\". \u001b[90mx1\u001b[39m"]
INFO 2014-11-21T18:02:04.939Z ["[Lighter] Scripts routed to \"/sly.js\". \u001b[90mx1\u001b[39m"]
INFO 2014-11-21T18:02:04.939Z ["[Lighter] Styles routed to \"/sly.css\". \u001b[90mx1\u001b[39m"]
INFO 2014-11-21T18:02:04.940Z ["[Lighter] Scripts routed to \"/sly.js\". \u001b[90mx1\u001b[39m"]
INFO 2014-11-21T18:02:04.944Z ["[Lighter] Controllers loaded. \u001b[90mx2\u001b[39m"]
INFO 2014-11-21T18:02:04.945Z ["[Lighter] Styles routed to \"/sly.css\". \u001b[90mx1\u001b[39m"]
INFO 2014-11-21T18:02:04.948Z ["[Lighter] Controllers loaded. \u001b[90mx2\u001b[39m"]
INFO 2014-11-21T18:02:04.949Z ["[Lighter] Scripts routed to \"/sly.js\". \u001b[90mx1\u001b[39m"]
INFO 2014-11-21T18:02:04.950Z ["[Lighter] Styles routed to \"/sly.css\". \u001b[90mx1\u001b[39m"]
INFO 2014-11-21T18:02:04.951Z ["[Lighter] Controllers loaded. \u001b[90mx2\u001b[39m"]
INFO 2014-11-21T18:02:04.958Z ["[Lighter] Controllers loaded. \u001b[90mx2\u001b[39m"]
INFO 2014-11-21T18:02:04.962Z ["[Lighter] Scripts routed to \"/a.js\". \u001b[90mx1\u001b[39m"]
INFO 2014-11-21T18:02:04.964Z ["[Lighter] Scripts routed to \"/a.js\". \u001b[90mx1\u001b[39m"]
INFO 2014-11-21T18:02:04.966Z ["[Lighter] Scripts routed to \"/a.js\". \u001b[90mx1\u001b[39m"]
INFO 2014-11-21T18:02:04.973Z ["[Lighter] Styles routed to \"/a.css\". \u001b[90mx1\u001b[39m"]
INFO 2014-11-21T18:02:04.987Z ["[Lighter] Styles routed to \"/a.css\". \u001b[90mx1\u001b[39m"]
INFO 2014-11-21T18:02:04.987Z ["[Lighter] Scripts routed to \"/a.js\". \u001b[90mx1\u001b[39m"]
INFO 2014-11-21T18:02:04.987Z ["[Lighter] Scripts routed to \"/a.js\". \u001b[90mx1\u001b[39m"]
INFO 2014-11-21T18:02:05.017Z ["[Lighter] Styles routed to \"/a.css\". \u001b[90mx1\u001b[39m"]
INFO 2014-11-21T18:02:05.017Z ["[Lighter] Scripts routed to \"/a.js\". \u001b[90mx1\u001b[39m"]
INFO 2014-11-21T18:02:05.027Z ["[Lighter] Styles routed to \"/a.css\". \u001b[90mx1\u001b[39m"]
INFO 2014-11-21T18:02:05.029Z ["[Lighter] Styles routed to \"/a.css\". \u001b[90mx1\u001b[39m"]
INFO 2014-11-21T18:02:05.032Z ["[Lighter] Scripts routed to \"/a.js\". \u001b[90mx1\u001b[39m"]
INFO 2014-11-21T18:02:05.034Z ["[Lighter] Scripts routed to \"/a.js\". \u001b[90mx1\u001b[39m"]
INFO 2014-11-21T18:02:05.036Z ["[Lighter] Styles routed to \"/a.css\". \u001b[90mx1\u001b[39m"]
INFO 2014-11-21T18:02:05.049Z ["[Lighter] Styles routed to \"/a.css\". \u001b[90mx1\u001b[39m"]
INFO 2014-11-21T18:02:05.051Z ["[Lighter] Styles routed to \"/a.css\". \u001b[90mx1\u001b[39m"]
INFO 2014-11-21T18:02:06.688Z ["[Lighter] Publics loaded. \u001b[90mx48\u001b[39m"]
INFO 2014-11-21T18:02:06.772Z ["[Lighter] Publics loaded. \u001b[90mx48\u001b[39m"]
INFO 2014-11-21T18:02:06.779Z ["[Lighter] Publics loaded. \u001b[90mx48\u001b[39m"]
INFO 2014-11-21T18:02:06.819Z ["[Lighter] Publics loaded. \u001b[90mx48\u001b[39m"]
INFO 2014-11-21T18:02:06.841Z ["[Lighter] Publics loaded. \u001b[90mx48\u001b[39m"]
INFO 2014-11-21T18:02:08.144Z ["[Lighter] Views loaded. \u001b[90mx30\u001b[39m"]
INFO 2014-11-21T18:02:08.480Z ["[Lighter] Publics loaded. \u001b[90mx48\u001b[39m"]
INFO 2014-11-21T18:02:08.493Z ["[Lighter] Views loaded. \u001b[90mx30\u001b[39m"]
INFO 2014-11-21T18:02:08.505Z ["[Lighter] Views loaded. \u001b[90mx30\u001b[39m"]
INFO 2014-11-21T18:02:08.566Z ["[D6] Views routed to \"/d6.js\"."]
INFO 2014-11-21T18:02:08.569Z ["[D6] Views routed to \"/d6.js\"."]
INFO 2014-11-21T18:02:08.608Z ["[Lighter] Views loaded. \u001b[90mx30\u001b[39m"]
INFO 2014-11-21T18:02:08.611Z ["[Lighter] Publics loaded. \u001b[90mx48\u001b[39m"]
INFO 2014-11-21T18:02:08.623Z ["[Lighter] Views loaded. \u001b[90mx30\u001b[39m"]
INFO 2014-11-21T18:02:08.637Z ["[D6] Views routed to \"/d6.js\"."]
INFO 2014-11-21T18:02:08.649Z ["[D6] Views routed to \"/d6.js\"."]
INFO 2014-11-21T18:02:08.667Z ["[Lighter] Views loaded. \u001b[90mx30\u001b[39m"]
INFO 2014-11-21T18:02:08.673Z ["[Lighter] Views loaded. \u001b[90mx30\u001b[39m"]
INFO 2014-11-21T18:02:08.690Z ["[Lighter] Publics loaded. \u001b[90mx48\u001b[39m"]
INFO 2014-11-21T18:02:08.691Z ["[Lighter] Views loaded. \u001b[90mx30\u001b[39m"]
INFO 2014-11-21T18:02:08.693Z ["[D6] Views routed to \"/d6.js\"."]
INFO 2014-11-21T18:02:08.715Z ["[D6] Views routed to \"/d6.js\"."]
INFO 2014-11-21T18:02:08.720Z ["[D6] Views routed to \"/d6.js\"."]
INFO 2014-11-21T18:02:08.722Z ["[D6] Views routed to \"/d6.js\"."]
WARN 2014-11-21T18:02:15.094Z ["[Lighter] Exiting due to file change in \"node_modules/cedar/lib/transports/base.js\"."]
WARN 2014-11-21T18:02:15.094Z ["[Lighter] Exiting due to file change in \"node_modules/cedar/lib/transports/base.js\"."]
WARN 2014-11-21T18:02:15.094Z ["[Lighter] Exiting due to file change in \"node_modules/cedar/lib/transports/base.js\"."]
WARN 2014-11-21T18:02:15.094Z ["[Lighter] Exiting due to file change in \"node_modules/cedar/lib/transports/base.js\"."]
WARN 2014-11-21T18:02:15.094Z ["[Lighter] Exiting due to file change in \"node_modules/cedar/lib/transports/base.js\"."]
WARN 2014-11-21T18:02:15.095Z ["[Lighter] Exiting due to file change in \"node_modules/cedar/lib/transports/base.js\"."]
WARN 2014-11-21T18:02:15.095Z ["[Lighter] Exiting due to file change in \"node_modules/cedar/lib/transports/base.js\"."]
WARN 2014-11-21T18:02:15.095Z ["[Lighter] Exiting due to file change in \"node_modules/cedar/lib/transports/base.js\"."]
ERROR 2014-11-21T18:02:15.131Z ["Worker 38452 died."]
ALERT 2014-11-21T18:02:15.830Z ["alert"]
ERROR 2014-11-21T18:02:15.830Z ["error"]
WARN 2014-11-21T18:02:15.830Z ["warn"]
INFO 2014-11-21T18:02:15.830Z ["info"]
INFO 2014-11-21T18:02:16.193Z ["[Lighter] Models loaded. \u001b[90mx0\u001b[39m"]
INFO 2014-11-21T18:02:16.208Z ["[Lighter] Scripts routed to \"/sly.js\". \u001b[90mx1\u001b[39m"]
INFO 2014-11-21T18:02:16.208Z ["[Lighter] Styles routed to \"/sly.css\". \u001b[90mx1\u001b[39m"]
INFO 2014-11-21T18:02:16.212Z ["[Lighter] Models loaded. \u001b[90mx0\u001b[39m"]
INFO 2014-11-21T18:02:16.212Z ["[Lighter] Controllers loaded. \u001b[90mx2\u001b[39m"]
INFO 2014-11-21T18:02:16.221Z ["[Lighter] Models loaded. \u001b[90mx0\u001b[39m"]
INFO 2014-11-21T18:02:16.223Z ["[Lighter] Scripts routed to \"/sly.js\". \u001b[90mx1\u001b[39m"]
INFO 2014-11-21T18:02:16.223Z ["[Lighter] Models loaded. \u001b[90mx0\u001b[39m"]
INFO 2014-11-21T18:02:16.224Z ["[Lighter] Styles routed to \"/sly.css\". \u001b[90mx1\u001b[39m"]
INFO 2014-11-21T18:02:16.224Z ["[Lighter] Models loaded. \u001b[90mx0\u001b[39m"]
INFO 2014-11-21T18:02:16.227Z ["[Lighter] Controllers loaded. \u001b[90mx2\u001b[39m"]
INFO 2014-11-21T18:02:16.230Z ["[Lighter] Models loaded. \u001b[90mx0\u001b[39m"]
INFO 2014-11-21T18:02:16.235Z ["[Lighter] Models loaded. \u001b[90mx0\u001b[39m"]
INFO 2014-11-21T18:02:16.236Z ["[Lighter] Scripts routed to \"/a.js\". \u001b[90mx1\u001b[39m"]
INFO 2014-11-21T18:02:16.238Z ["[Lighter] Scripts routed to \"/sly.js\". \u001b[90mx1\u001b[39m"]
INFO 2014-11-21T18:02:16.238Z ["[Lighter] Models loaded. \u001b[90mx0\u001b[39m"]
INFO 2014-11-21T18:02:16.238Z ["[Lighter] Styles routed to \"/sly.css\". \u001b[90mx1\u001b[39m"]
INFO 2014-11-21T18:02:16.241Z ["[Lighter] Styles routed to \"/a.css\". \u001b[90mx1\u001b[39m"]
INFO 2014-11-21T18:02:16.242Z ["[Lighter] Scripts routed to \"/sly.js\". \u001b[90mx1\u001b[39m"]
INFO 2014-11-21T18:02:16.247Z ["[Lighter] Controllers loaded. \u001b[90mx2\u001b[39m"]
INFO 2014-11-21T18:02:16.249Z ["[Lighter] Scripts routed to \"/sly.js\". \u001b[90mx1\u001b[39m"]
INFO 2014-11-21T18:02:16.250Z ["[Lighter] Styles routed to \"/sly.css\". \u001b[90mx1\u001b[39m"]
INFO 2014-11-21T18:02:16.252Z ["[Lighter] Scripts routed to \"/sly.js\". \u001b[90mx1\u001b[39m"]
INFO 2014-11-21T18:02:16.253Z ["[Lighter] Controllers loaded. \u001b[90mx2\u001b[39m"]
INFO 2014-11-21T18:02:16.257Z ["[Lighter] Styles routed to \"/sly.css\". \u001b[90mx1\u001b[39m"]
INFO 2014-11-21T18:02:16.259Z ["[Lighter] Styles routed to \"/sly.css\". \u001b[90mx1\u001b[39m"]
INFO 2014-11-21T18:02:16.267Z ["[Lighter] Controllers loaded. \u001b[90mx2\u001b[39m"]
INFO 2014-11-21T18:02:16.270Z ["[Lighter] Scripts routed to \"/sly.js\". \u001b[90mx1\u001b[39m"]
INFO 2014-11-21T18:02:16.271Z ["[Lighter] Styles routed to \"/sly.css\". \u001b[90mx1\u001b[39m"]
INFO 2014-11-21T18:02:16.275Z ["[Lighter] Controllers loaded. \u001b[90mx2\u001b[39m"]
INFO 2014-11-21T18:02:16.280Z ["[Lighter] Controllers loaded. \u001b[90mx2\u001b[39m"]
INFO 2014-11-21T18:02:16.290Z ["[Lighter] Styles routed to \"/sly.css\". \u001b[90mx1\u001b[39m"]
INFO 2014-11-21T18:02:16.290Z ["[Lighter] Controllers loaded. \u001b[90mx2\u001b[39m"]
INFO 2014-11-21T18:02:16.290Z ["[Lighter] Scripts routed to \"/sly.js\". \u001b[90mx1\u001b[39m"]
INFO 2014-11-21T18:02:16.300Z ["[Lighter] Scripts routed to \"/a.js\". \u001b[90mx1\u001b[39m"]
INFO 2014-11-21T18:02:16.301Z ["[Lighter] Styles routed to \"/a.css\". \u001b[90mx1\u001b[39m"]
INFO 2014-11-21T18:02:16.303Z ["[Lighter] Scripts routed to \"/a.js\". \u001b[90mx1\u001b[39m"]
INFO 2014-11-21T18:02:16.304Z ["[Lighter] Scripts routed to \"/a.js\". \u001b[90mx1\u001b[39m"]
INFO 2014-11-21T18:02:16.304Z ["[Lighter] Scripts routed to \"/a.js\". \u001b[90mx1\u001b[39m"]
INFO 2014-11-21T18:02:16.305Z ["[Lighter] Styles routed to \"/a.css\". \u001b[90mx1\u001b[39m"]
INFO 2014-11-21T18:02:16.312Z ["[Lighter] Scripts routed to \"/a.js\". \u001b[90mx1\u001b[39m"]
INFO 2014-11-21T18:02:16.315Z ["[Lighter] Styles routed to \"/a.css\". \u001b[90mx1\u001b[39m"]
INFO 2014-11-21T18:02:16.330Z ["[Lighter] Scripts routed to \"/a.js\". \u001b[90mx1\u001b[39m"]
INFO 2014-11-21T18:02:16.332Z ["[Lighter] Scripts routed to \"/a.js\". \u001b[90mx1\u001b[39m"]
INFO 2014-11-21T18:02:16.332Z ["[Lighter] Styles routed to \"/a.css\". \u001b[90mx1\u001b[39m"]
INFO 2014-11-21T18:02:16.334Z ["[Lighter] Styles routed to \"/a.css\". \u001b[90mx1\u001b[39m"]
INFO 2014-11-21T18:02:16.336Z ["[Lighter] Styles routed to \"/a.css\". \u001b[90mx1\u001b[39m"]
INFO 2014-11-21T18:02:16.336Z ["[Lighter] Styles routed to \"/a.css\". \u001b[90mx1\u001b[39m"]
INFO 2014-11-21T18:02:17.873Z ["[Lighter] Publics loaded. \u001b[90mx48\u001b[39m"]
INFO 2014-11-21T18:02:19.382Z ["[Lighter] Views loaded. \u001b[90mx30\u001b[39m"]
INFO 2014-11-21T18:02:19.389Z ["[Lighter] Views loaded. \u001b[90mx30\u001b[39m"]
INFO 2014-11-21T18:02:19.392Z ["[Lighter] Views loaded. \u001b[90mx30\u001b[39m"]
INFO 2014-11-21T18:02:19.445Z ["[Lighter] Views loaded. \u001b[90mx30\u001b[39m"]
INFO 2014-11-21T18:02:19.472Z ["[Lighter] Views loaded. \u001b[90mx30\u001b[39m"]
INFO 2014-11-21T18:02:19.492Z ["[Lighter] Views loaded. \u001b[90mx30\u001b[39m"]
INFO 2014-11-21T18:02:19.529Z ["[Lighter] Views loaded. \u001b[90mx30\u001b[39m"]
INFO 2014-11-21T18:02:19.687Z ["[Lighter] Publics loaded. \u001b[90mx48\u001b[39m"]
INFO 2014-11-21T18:02:19.692Z ["[Lighter] Publics loaded. \u001b[90mx48\u001b[39m"]
INFO 2014-11-21T18:02:19.711Z ["[Lighter] Publics loaded. \u001b[90mx48\u001b[39m"]
INFO 2014-11-21T18:02:19.711Z ["[Lighter] Views loaded. \u001b[90mx30\u001b[39m"]
INFO 2014-11-21T18:02:19.751Z ["[D6] Views routed to \"/d6.js\"."]
INFO 2014-11-21T18:02:19.769Z ["[D6] Views routed to \"/d6.js\"."]
INFO 2014-11-21T18:02:19.774Z ["[Lighter] Publics loaded. \u001b[90mx48\u001b[39m"]
INFO 2014-11-21T18:02:19.774Z ["[D6] Views routed to \"/d6.js\"."]
INFO 2014-11-21T18:02:19.779Z ["[D6] Views routed to \"/d6.js\"."]
INFO 2014-11-21T18:02:19.798Z ["[Lighter] Publics loaded. \u001b[90mx48\u001b[39m"]
INFO 2014-11-21T18:02:19.799Z ["[D6] Views routed to \"/d6.js\"."]
INFO 2014-11-21T18:02:19.805Z ["[Lighter] Publics loaded. \u001b[90mx48\u001b[39m"]
INFO 2014-11-21T18:02:19.822Z ["[D6] Views routed to \"/d6.js\"."]
INFO 2014-11-21T18:02:19.834Z ["[D6] Views routed to \"/d6.js\"."]
INFO 2014-11-21T18:02:19.844Z ["[Lighter] Publics loaded. \u001b[90mx48\u001b[39m"]
INFO 2014-11-21T18:02:19.861Z ["[D6] Views routed to \"/d6.js\"."]
WARN 2014-11-21T18:02:53.288Z ["[Lighter] Exiting due to file change in \"node_modules/cedar/lib/transports/base.js\"."]
WARN 2014-11-21T18:02:53.288Z ["[Lighter] Exiting due to file change in \"node_modules/cedar/lib/transports/base.js\"."]
WARN 2014-11-21T18:02:53.288Z ["[Lighter] Exiting due to file change in \"node_modules/cedar/lib/transports/base.js\"."]
WARN 2014-11-21T18:02:53.288Z ["[Lighter] Exiting due to file change in \"node_modules/cedar/lib/transports/base.js\"."]
WARN 2014-11-21T18:02:53.288Z ["[Lighter] Exiting due to file change in \"node_modules/cedar/lib/transports/base.js\"."]
WARN 2014-11-21T18:02:53.288Z ["[Lighter] Exiting due to file change in \"node_modules/cedar/lib/transports/base.js\"."]
WARN 2014-11-21T18:02:53.288Z ["[Lighter] Exiting due to file change in \"node_modules/cedar/lib/transports/base.js\"."]
WARN 2014-11-21T18:02:53.288Z ["[Lighter] Exiting due to file change in \"node_modules/cedar/lib/transports/base.js\"."]
ERROR 2014-11-21T18:02:53.322Z ["Worker 38468 died."]
ALERT 2014-11-21T18:02:54.092Z ["alert"]
ERROR 2014-11-21T18:02:54.092Z ["error"]
WARN 2014-11-21T18:02:54.092Z ["warn"]
INFO 2014-11-21T18:02:54.092Z ["info"]
INFO 2014-11-21T18:02:54.486Z ["[Lighter] Models loaded. \u001b[90mx0\u001b[39m"]
INFO 2014-11-21T18:02:54.488Z ["[Lighter] Models loaded. \u001b[90mx0\u001b[39m"]
INFO 2014-11-21T18:02:54.489Z ["[Lighter] Models loaded. \u001b[90mx0\u001b[39m"]
INFO 2014-11-21T18:02:54.489Z ["[Lighter] Models loaded. \u001b[90mx0\u001b[39m"]
INFO 2014-11-21T18:02:54.490Z ["[Lighter] Models loaded. \u001b[90mx0\u001b[39m"]
INFO 2014-11-21T18:02:54.491Z ["[Lighter] Models loaded. \u001b[90mx0\u001b[39m"]
INFO 2014-11-21T18:02:54.492Z ["[Lighter] Models loaded. \u001b[90mx0\u001b[39m"]
INFO 2014-11-21T18:02:54.493Z ["[Lighter] Models loaded. \u001b[90mx0\u001b[39m"]
INFO 2014-11-21T18:02:54.503Z ["[Lighter] Scripts routed to \"/sly.js\". \u001b[90mx1\u001b[39m"]
INFO 2014-11-21T18:02:54.503Z ["[Lighter] Styles routed to \"/sly.css\". \u001b[90mx1\u001b[39m"]
INFO 2014-11-21T18:02:54.504Z ["[Lighter] Scripts routed to \"/sly.js\". \u001b[90mx1\u001b[39m"]
INFO 2014-11-21T18:02:54.505Z ["[Lighter] Scripts routed to \"/sly.js\". \u001b[90mx1\u001b[39m"]
INFO 2014-11-21T18:02:54.505Z ["[Lighter] Styles routed to \"/sly.css\". \u001b[90mx1\u001b[39m"]
INFO 2014-11-21T18:02:54.506Z ["[Lighter] Controllers loaded. \u001b[90mx2\u001b[39m"]
INFO 2014-11-21T18:02:54.506Z ["[Lighter] Styles routed to \"/sly.css\". \u001b[90mx1\u001b[39m"]
INFO 2014-11-21T18:02:54.506Z ["[Lighter] Scripts routed to \"/sly.js\". \u001b[90mx1\u001b[39m"]
INFO 2014-11-21T18:02:54.506Z ["[Lighter] Scripts routed to \"/sly.js\". \u001b[90mx1\u001b[39m"]
INFO 2014-11-21T18:02:54.507Z ["[Lighter] Styles routed to \"/sly.css\". \u001b[90mx1\u001b[39m"]
INFO 2014-11-21T18:02:54.507Z ["[Lighter] Styles routed to \"/sly.css\". \u001b[90mx1\u001b[39m"]
INFO 2014-11-21T18:02:54.508Z ["[Lighter] Controllers loaded. \u001b[90mx2\u001b[39m"]
INFO 2014-11-21T18:02:54.509Z ["[Lighter] Controllers loaded. \u001b[90mx2\u001b[39m"]
INFO 2014-11-21T18:02:54.510Z ["[Lighter] Controllers loaded. \u001b[90mx2\u001b[39m"]
INFO 2014-11-21T18:02:54.511Z ["[Lighter] Controllers loaded. \u001b[90mx2\u001b[39m"]
INFO 2014-11-21T18:02:54.511Z ["[Lighter] Scripts routed to \"/sly.js\". \u001b[90mx1\u001b[39m"]
INFO 2014-11-21T18:02:54.512Z ["[Lighter] Styles routed to \"/sly.css\". \u001b[90mx1\u001b[39m"]
INFO 2014-11-21T18:02:54.514Z ["[Lighter] Controllers loaded. \u001b[90mx2\u001b[39m"]
INFO 2014-11-21T18:02:54.515Z ["[Lighter] Scripts routed to \"/sly.js\". \u001b[90mx1\u001b[39m"]
INFO 2014-11-21T18:02:54.520Z ["[Lighter] Styles routed to \"/sly.css\". \u001b[90mx1\u001b[39m"]
INFO 2014-11-21T18:02:54.521Z ["[Lighter] Scripts routed to \"/sly.js\". \u001b[90mx1\u001b[39m"]
INFO 2014-11-21T18:02:54.523Z ["[Lighter] Controllers loaded. \u001b[90mx2\u001b[39m"]
INFO 2014-11-21T18:02:54.524Z ["[Lighter] Styles routed to \"/sly.css\". \u001b[90mx1\u001b[39m"]
INFO 2014-11-21T18:02:54.530Z ["[Lighter] Controllers loaded. \u001b[90mx2\u001b[39m"]
INFO 2014-11-21T18:02:54.534Z ["[Lighter] Scripts routed to \"/a.js\". \u001b[90mx1\u001b[39m"]
INFO 2014-11-21T18:02:54.535Z ["[Lighter] Scripts routed to \"/a.js\". \u001b[90mx1\u001b[39m"]
INFO 2014-11-21T18:02:54.535Z ["[Lighter] Scripts routed to \"/a.js\". \u001b[90mx1\u001b[39m"]
INFO 2014-11-21T18:02:54.536Z ["[Lighter] Scripts routed to \"/a.js\". \u001b[90mx1\u001b[39m"]
INFO 2014-11-21T18:02:54.539Z ["[Lighter] Styles routed to \"/a.css\". \u001b[90mx1\u001b[39m"]
INFO 2014-11-21T18:02:54.539Z ["[Lighter] Scripts routed to \"/a.js\". \u001b[90mx1\u001b[39m"]
INFO 2014-11-21T18:02:54.568Z ["[Lighter] Styles routed to \"/a.css\". \u001b[90mx1\u001b[39m"]
INFO 2014-11-21T18:02:54.569Z ["[Lighter] Scripts routed to \"/a.js\". \u001b[90mx1\u001b[39m"]
INFO 2014-11-21T18:02:54.572Z ["[Lighter] Scripts routed to \"/a.js\". \u001b[90mx1\u001b[39m"]
INFO 2014-11-21T18:02:54.572Z ["[Lighter] Styles routed to \"/a.css\". \u001b[90mx1\u001b[39m"]
INFO 2014-11-21T18:02:54.578Z ["[Lighter] Styles routed to \"/a.css\". \u001b[90mx1\u001b[39m"]
INFO 2014-11-21T18:02:54.585Z ["[Lighter] Styles routed to \"/a.css\". \u001b[90mx1\u001b[39m"]
INFO 2014-11-21T18:02:54.585Z ["[Lighter] Scripts routed to \"/a.js\". \u001b[90mx1\u001b[39m"]
INFO 2014-11-21T18:02:54.587Z ["[Lighter] Styles routed to \"/a.css\". \u001b[90mx1\u001b[39m"]
INFO 2014-11-21T18:02:54.603Z ["[Lighter] Styles routed to \"/a.css\". \u001b[90mx1\u001b[39m"]
INFO 2014-11-21T18:02:55.061Z ["[Lighter] Styles routed to \"/a.css\". \u001b[90mx1\u001b[39m"]
INFO 2014-11-21T18:02:56.270Z ["[Lighter] Publics loaded. \u001b[90mx48\u001b[39m"]
INFO 2014-11-21T18:02:56.358Z ["[Lighter] Publics loaded. \u001b[90mx48\u001b[39m"]
INFO 2014-11-21T18:02:57.747Z ["[Lighter] Views loaded. \u001b[90mx30\u001b[39m"]
INFO 2014-11-21T18:02:57.843Z ["[Lighter] Views loaded. \u001b[90mx30\u001b[39m"]
INFO 2014-11-21T18:02:57.846Z ["[Lighter] Views loaded. \u001b[90mx30\u001b[39m"]
INFO 2014-11-21T18:02:58.029Z ["[Lighter] Views loaded. \u001b[90mx30\u001b[39m"]
INFO 2014-11-21T18:02:58.039Z ["[Lighter] Views loaded. \u001b[90mx30\u001b[39m"]
INFO 2014-11-21T18:02:58.070Z ["[Lighter] Views loaded. \u001b[90mx30\u001b[39m"]
INFO 2014-11-21T18:02:58.078Z ["[Lighter] Publics loaded. \u001b[90mx48\u001b[39m"]
INFO 2014-11-21T18:02:58.105Z ["[D6] Views routed to \"/d6.js\"."]
INFO 2014-11-21T18:02:58.113Z ["[Lighter] Views loaded. \u001b[90mx30\u001b[39m"]
INFO 2014-11-21T18:02:58.135Z ["[Lighter] Publics loaded. \u001b[90mx48\u001b[39m"]
INFO 2014-11-21T18:02:58.136Z ["[Lighter] Publics loaded. \u001b[90mx48\u001b[39m"]
INFO 2014-11-21T18:02:58.147Z ["[D6] Views routed to \"/d6.js\"."]
INFO 2014-11-21T18:02:58.148Z ["[Lighter] Publics loaded. \u001b[90mx48\u001b[39m"]
INFO 2014-11-21T18:02:58.156Z ["[Lighter] Publics loaded. \u001b[90mx48\u001b[39m"]
INFO 2014-11-21T18:02:58.165Z ["[D6] Views routed to \"/d6.js\"."]
INFO 2014-11-21T18:02:58.166Z ["[D6] Views routed to \"/d6.js\"."]
INFO 2014-11-21T18:02:58.173Z ["[Lighter] Views loaded. \u001b[90mx30\u001b[39m"]
INFO 2014-11-21T18:02:58.174Z ["[D6] Views routed to \"/d6.js\"."]
INFO 2014-11-21T18:02:58.175Z ["[Lighter] Publics loaded. \u001b[90mx48\u001b[39m"]
INFO 2014-11-21T18:02:58.177Z ["[D6] Views routed to \"/d6.js\"."]
INFO 2014-11-21T18:02:58.191Z ["[D6] Views routed to \"/d6.js\"."]
INFO 2014-11-21T18:02:58.195Z ["[D6] Views routed to \"/d6.js\"."]
