WARN 2014-11-21T13:59:35.150Z ["[Lighter] Exiting due to file change in \"node_modules/beams/package.json\"."]
WARN 2014-11-21T13:59:35.150Z ["[Lighter] Exiting due to file change in \"node_modules/beams/package.json\"."]
WARN 2014-11-21T13:59:35.150Z ["[Lighter] Exiting due to file change in \"node_modules/beams/package.json\"."]
WARN 2014-11-21T13:59:35.150Z ["[Lighter] Exiting due to file change in \"node_modules/beams/package.json\"."]
WARN 2014-11-21T13:59:35.150Z ["[Lighter] Exiting due to file change in \"node_modules/beams/package.json\"."]
WARN 2014-11-21T13:59:35.150Z ["[Lighter] Exiting due to file change in \"node_modules/beams/package.json\"."]
WARN 2014-11-21T13:59:35.151Z ["[Lighter] Exiting due to file change in \"node_modules/beams/package.json\"."]
WARN 2014-11-21T13:59:35.151Z ["[Lighter] Exiting due to file change in \"node_modules/beams/package.json\"."]
ERROR 2014-11-21T13:59:35.187Z ["Worker 34290 died."]
INFO 2014-11-21T13:59:36.362Z ["[Lighter] Models loaded. \u001b[90mx0\u001b[39m"]
INFO 2014-11-21T13:59:36.366Z ["[Lighter] Models loaded. \u001b[90mx0\u001b[39m"]
INFO 2014-11-21T13:59:36.368Z ["[Lighter] Models loaded. \u001b[90mx0\u001b[39m"]
INFO 2014-11-21T13:59:36.374Z ["[Lighter] Models loaded. \u001b[90mx0\u001b[39m"]
INFO 2014-11-21T13:59:36.375Z ["[Lighter] Models loaded. \u001b[90mx0\u001b[39m"]
INFO 2014-11-21T13:59:36.375Z ["[Lighter] Models loaded. \u001b[90mx0\u001b[39m"]
INFO 2014-11-21T13:59:36.378Z ["[Lighter] Models loaded. \u001b[90mx0\u001b[39m"]
INFO 2014-11-21T13:59:36.382Z ["[Lighter] Scripts routed to \"/sly.js\". \u001b[90mx1\u001b[39m"]
INFO 2014-11-21T13:59:36.383Z ["[Lighter] Styles routed to \"/sly.css\". \u001b[90mx1\u001b[39m"]
INFO 2014-11-21T13:59:36.385Z ["[Lighter] Scripts routed to \"/sly.js\". \u001b[90mx1\u001b[39m"]
INFO 2014-11-21T13:59:36.385Z ["[Lighter] Models loaded. \u001b[90mx0\u001b[39m"]
INFO 2014-11-21T13:59:36.387Z ["[Lighter] Styles routed to \"/sly.css\". \u001b[90mx1\u001b[39m"]
INFO 2014-11-21T13:59:36.388Z ["[Lighter] Controllers loaded. \u001b[90mx2\u001b[39m"]
INFO 2014-11-21T13:59:36.390Z ["[Lighter] Controllers loaded. \u001b[90mx2\u001b[39m"]
INFO 2014-11-21T13:59:36.390Z ["[Lighter] Scripts routed to \"/sly.js\". \u001b[90mx1\u001b[39m"]
INFO 2014-11-21T13:59:36.391Z ["[Lighter] Scripts routed to \"/sly.js\". \u001b[90mx1\u001b[39m"]
INFO 2014-11-21T13:59:36.391Z ["[Lighter] Styles routed to \"/sly.css\". \u001b[90mx1\u001b[39m"]
INFO 2014-11-21T13:59:36.393Z ["[Lighter] Styles routed to \"/sly.css\". \u001b[90mx1\u001b[39m"]
INFO 2014-11-21T13:59:36.393Z ["[Lighter] Scripts routed to \"/sly.js\". \u001b[90mx1\u001b[39m"]
INFO 2014-11-21T13:59:36.394Z ["[Lighter] Controllers loaded. \u001b[90mx2\u001b[39m"]
INFO 2014-11-21T13:59:36.394Z ["[Lighter] Styles routed to \"/sly.css\". \u001b[90mx1\u001b[39m"]
INFO 2014-11-21T13:59:36.395Z ["[Lighter] Scripts routed to \"/sly.js\". \u001b[90mx1\u001b[39m"]
INFO 2014-11-21T13:59:36.396Z ["[Lighter] Controllers loaded. \u001b[90mx2\u001b[39m"]
INFO 2014-11-21T13:59:36.397Z ["[Lighter] Styles routed to \"/sly.css\". \u001b[90mx1\u001b[39m"]
INFO 2014-11-21T13:59:36.398Z ["[Lighter] Controllers loaded. \u001b[90mx2\u001b[39m"]
INFO 2014-11-21T13:59:36.398Z ["[Lighter] Scripts routed to \"/sly.js\". \u001b[90mx1\u001b[39m"]
INFO 2014-11-21T13:59:36.400Z ["[Lighter] Styles routed to \"/sly.css\". \u001b[90mx1\u001b[39m"]
INFO 2014-11-21T13:59:36.400Z ["[Lighter] Controllers loaded. \u001b[90mx2\u001b[39m"]
INFO 2014-11-21T13:59:36.402Z ["[Lighter] Scripts routed to \"/sly.js\". \u001b[90mx1\u001b[39m"]
INFO 2014-11-21T13:59:36.403Z ["[Lighter] Styles routed to \"/sly.css\". \u001b[90mx1\u001b[39m"]
INFO 2014-11-21T13:59:36.403Z ["[Lighter] Controllers loaded. \u001b[90mx2\u001b[39m"]
INFO 2014-11-21T13:59:36.408Z ["[Lighter] Controllers loaded. \u001b[90mx2\u001b[39m"]
INFO 2014-11-21T13:59:36.421Z ["[Lighter] Scripts routed to \"/a.js\". \u001b[90mx1\u001b[39m"]
INFO 2014-11-21T13:59:36.421Z ["[Lighter] Scripts routed to \"/a.js\". \u001b[90mx1\u001b[39m"]
INFO 2014-11-21T13:59:36.426Z ["[Lighter] Scripts routed to \"/a.js\". \u001b[90mx1\u001b[39m"]
INFO 2014-11-21T13:59:36.427Z ["[Lighter] Scripts routed to \"/a.js\". \u001b[90mx1\u001b[39m"]
INFO 2014-11-21T13:59:36.429Z ["[Lighter] Styles routed to \"/a.css\". \u001b[90mx1\u001b[39m"]
INFO 2014-11-21T13:59:36.430Z ["[Lighter] Scripts routed to \"/a.js\". \u001b[90mx1\u001b[39m"]
INFO 2014-11-21T13:59:36.433Z ["[Lighter] Scripts routed to \"/a.js\". \u001b[90mx1\u001b[39m"]
INFO 2014-11-21T13:59:36.433Z ["[Lighter] Scripts routed to \"/a.js\". \u001b[90mx1\u001b[39m"]
INFO 2014-11-21T13:59:36.437Z ["[Lighter] Styles routed to \"/a.css\". \u001b[90mx1\u001b[39m"]
INFO 2014-11-21T13:59:36.437Z ["[Lighter] Styles routed to \"/a.css\". \u001b[90mx1\u001b[39m"]
INFO 2014-11-21T13:59:36.444Z ["[Lighter] Scripts routed to \"/a.js\". \u001b[90mx1\u001b[39m"]
INFO 2014-11-21T13:59:36.447Z ["[Lighter] Styles routed to \"/a.css\". \u001b[90mx1\u001b[39m"]
INFO 2014-11-21T13:59:36.471Z ["[Lighter] Styles routed to \"/a.css\". \u001b[90mx1\u001b[39m"]
INFO 2014-11-21T13:59:36.480Z ["[Lighter] Styles routed to \"/a.css\". \u001b[90mx1\u001b[39m"]
INFO 2014-11-21T13:59:36.485Z ["[Lighter] Styles routed to \"/a.css\". \u001b[90mx1\u001b[39m"]
INFO 2014-11-21T13:59:36.491Z ["[Lighter] Styles routed to \"/a.css\". \u001b[90mx1\u001b[39m"]
INFO 2014-11-21T13:59:38.266Z ["[Lighter] Views loaded. \u001b[90mx30\u001b[39m"]
INFO 2014-11-21T13:59:38.396Z ["[Lighter] Publics loaded. \u001b[90mx48\u001b[39m"]
INFO 2014-11-21T13:59:38.448Z ["[Lighter] Publics loaded. \u001b[90mx48\u001b[39m"]
INFO 2014-11-21T13:59:38.501Z ["[Lighter] Publics loaded. \u001b[90mx48\u001b[39m"]
INFO 2014-11-21T13:59:39.801Z ["[Lighter] Views loaded. \u001b[90mx30\u001b[39m"]
INFO 2014-11-21T13:59:39.826Z ["[Lighter] Views loaded. \u001b[90mx30\u001b[39m"]
INFO 2014-11-21T13:59:39.942Z ["[Lighter] Publics loaded. \u001b[90mx48\u001b[39m"]
INFO 2014-11-21T13:59:40.002Z ["[D6] Views routed to \"/d6.js\"."]
INFO 2014-11-21T13:59:40.118Z ["[Lighter] Views loaded. \u001b[90mx30\u001b[39m"]
INFO 2014-11-21T13:59:40.135Z ["[Lighter] Views loaded. \u001b[90mx30\u001b[39m"]
INFO 2014-11-21T13:59:40.179Z ["[Lighter] Publics loaded. \u001b[90mx48\u001b[39m"]
INFO 2014-11-21T13:59:40.205Z ["[D6] Views routed to \"/d6.js\"."]
INFO 2014-11-21T13:59:40.215Z ["[Lighter] Publics loaded. \u001b[90mx48\u001b[39m"]
INFO 2014-11-21T13:59:40.216Z ["[Lighter] Publics loaded. \u001b[90mx48\u001b[39m"]
INFO 2014-11-21T13:59:40.239Z ["[Lighter] Publics loaded. \u001b[90mx48\u001b[39m"]
INFO 2014-11-21T13:59:40.242Z ["[D6] Views routed to \"/d6.js\"."]
INFO 2014-11-21T13:59:40.247Z ["[D6] Views routed to \"/d6.js\"."]
INFO 2014-11-21T13:59:40.264Z ["[D6] Views routed to \"/d6.js\"."]
INFO 2014-11-21T13:59:40.266Z ["[Lighter] Views loaded. \u001b[90mx30\u001b[39m"]
INFO 2014-11-21T13:59:40.287Z ["[D6] Views routed to \"/d6.js\"."]
INFO 2014-11-21T13:59:40.292Z ["[Lighter] Views loaded. \u001b[90mx30\u001b[39m"]
INFO 2014-11-21T13:59:40.308Z ["[D6] Views routed to \"/d6.js\"."]
INFO 2014-11-21T13:59:40.333Z ["[Lighter] Views loaded. \u001b[90mx30\u001b[39m"]
INFO 2014-11-21T13:59:40.349Z ["[D6] Views routed to \"/d6.js\"."]
