WARN 2014-11-21T17:29:47.697Z ["[Lighter] Exiting due to file change in \"node_modules/cedar/lib/transports/console.js\"."]
WARN 2014-11-21T17:29:47.698Z ["[Lighter] Exiting due to file change in \"node_modules/cedar/lib/transports/console.js\"."]
WARN 2014-11-21T17:29:47.698Z ["[Lighter] Exiting due to file change in \"node_modules/cedar/lib/transports/console.js\"."]
INFO 2014-11-21T17:29:48.871Z ["[Lighter] Models loaded. \u001b[90mx0\u001b[39m"]
INFO 2014-11-21T17:29:48.883Z ["[Lighter] Models loaded. \u001b[90mx0\u001b[39m"]
INFO 2014-11-21T17:29:48.888Z ["[Lighter] Models loaded. \u001b[90mx0\u001b[39m"]
INFO 2014-11-21T17:29:48.891Z ["[Lighter] Models loaded. \u001b[90mx0\u001b[39m"]
INFO 2014-11-21T17:29:48.892Z ["[Lighter] Models loaded. \u001b[90mx0\u001b[39m"]
INFO 2014-11-21T17:29:48.897Z ["[Lighter] Models loaded. \u001b[90mx0\u001b[39m"]
INFO 2014-11-21T17:29:48.901Z ["[Lighter] Models loaded. \u001b[90mx0\u001b[39m"]
INFO 2014-11-21T17:29:48.903Z ["[Lighter] Scripts routed to \"/sly.js\". \u001b[90mx1\u001b[39m"]
INFO 2014-11-21T17:29:48.904Z ["[Lighter] Styles routed to \"/sly.css\". \u001b[90mx1\u001b[39m"]
INFO 2014-11-21T17:29:48.905Z ["[Lighter] Models loaded. \u001b[90mx0\u001b[39m"]
INFO 2014-11-21T17:29:48.907Z ["[Lighter] Scripts routed to \"/sly.js\". \u001b[90mx1\u001b[39m"]
INFO 2014-11-21T17:29:48.908Z ["[Lighter] Styles routed to \"/sly.css\". \u001b[90mx1\u001b[39m"]
INFO 2014-11-21T17:29:48.911Z ["[Lighter] Controllers loaded. \u001b[90mx2\u001b[39m"]
INFO 2014-11-21T17:29:48.914Z ["[Lighter] Scripts routed to \"/sly.js\". \u001b[90mx1\u001b[39m"]
INFO 2014-11-21T17:29:48.914Z ["[Lighter] Scripts routed to \"/sly.js\". \u001b[90mx1\u001b[39m"]
INFO 2014-11-21T17:29:48.915Z ["[Lighter] Styles routed to \"/sly.css\". \u001b[90mx1\u001b[39m"]
INFO 2014-11-21T17:29:48.917Z ["[Lighter] Controllers loaded. \u001b[90mx2\u001b[39m"]
INFO 2014-11-21T17:29:48.917Z ["[Lighter] Controllers loaded. \u001b[90mx2\u001b[39m"]
INFO 2014-11-21T17:29:48.918Z ["[Lighter] Scripts routed to \"/sly.js\". \u001b[90mx1\u001b[39m"]
INFO 2014-11-21T17:29:48.919Z ["[Lighter] Styles routed to \"/sly.css\". \u001b[90mx1\u001b[39m"]
INFO 2014-11-21T17:29:48.921Z ["[Lighter] Styles routed to \"/sly.css\". \u001b[90mx1\u001b[39m"]
INFO 2014-11-21T17:29:48.921Z ["[Lighter] Scripts routed to \"/sly.js\". \u001b[90mx1\u001b[39m"]
INFO 2014-11-21T17:29:48.922Z ["[Lighter] Styles routed to \"/sly.css\". \u001b[90mx1\u001b[39m"]
INFO 2014-11-21T17:29:48.924Z ["[Lighter] Scripts routed to \"/sly.js\". \u001b[90mx1\u001b[39m"]
INFO 2014-11-21T17:29:48.925Z ["[Lighter] Controllers loaded. \u001b[90mx2\u001b[39m"]
INFO 2014-11-21T17:29:48.925Z ["[Lighter] Styles routed to \"/sly.css\". \u001b[90mx1\u001b[39m"]
INFO 2014-11-21T17:29:48.925Z ["[Lighter] Controllers loaded. \u001b[90mx2\u001b[39m"]
INFO 2014-11-21T17:29:48.929Z ["[Lighter] Controllers loaded. \u001b[90mx2\u001b[39m"]
INFO 2014-11-21T17:29:48.931Z ["[Lighter] Scripts routed to \"/sly.js\". \u001b[90mx1\u001b[39m"]
INFO 2014-11-21T17:29:48.931Z ["[Lighter] Controllers loaded. \u001b[90mx2\u001b[39m"]
INFO 2014-11-21T17:29:48.932Z ["[Lighter] Styles routed to \"/sly.css\". \u001b[90mx1\u001b[39m"]
INFO 2014-11-21T17:29:48.934Z ["[Lighter] Controllers loaded. \u001b[90mx2\u001b[39m"]
INFO 2014-11-21T17:29:48.956Z ["[Lighter] Scripts routed to \"/a.js\". \u001b[90mx1\u001b[39m"]
INFO 2014-11-21T17:29:48.959Z ["[Lighter] Scripts routed to \"/a.js\". \u001b[90mx1\u001b[39m"]
INFO 2014-11-21T17:29:48.968Z ["[Lighter] Styles routed to \"/a.css\". \u001b[90mx1\u001b[39m"]
INFO 2014-11-21T17:29:48.971Z ["[Lighter] Scripts routed to \"/a.js\". \u001b[90mx1\u001b[39m"]
INFO 2014-11-21T17:29:48.971Z ["[Lighter] Scripts routed to \"/a.js\". \u001b[90mx1\u001b[39m"]
INFO 2014-11-21T17:29:48.975Z ["[Lighter] Styles routed to \"/a.css\". \u001b[90mx1\u001b[39m"]
INFO 2014-11-21T17:29:48.979Z ["[Lighter] Scripts routed to \"/a.js\". \u001b[90mx1\u001b[39m"]
INFO 2014-11-21T17:29:48.982Z ["[Lighter] Scripts routed to \"/a.js\". \u001b[90mx1\u001b[39m"]
INFO 2014-11-21T17:29:48.999Z ["[Lighter] Scripts routed to \"/a.js\". \u001b[90mx1\u001b[39m"]
INFO 2014-11-21T17:29:49.010Z ["[Lighter] Styles routed to \"/a.css\". \u001b[90mx1\u001b[39m"]
INFO 2014-11-21T17:29:49.013Z ["[Lighter] Scripts routed to \"/a.js\". \u001b[90mx1\u001b[39m"]
INFO 2014-11-21T17:29:49.019Z ["[Lighter] Styles routed to \"/a.css\". \u001b[90mx1\u001b[39m"]
INFO 2014-11-21T17:29:49.020Z ["[Lighter] Styles routed to \"/a.css\". \u001b[90mx1\u001b[39m"]
INFO 2014-11-21T17:29:49.037Z ["[Lighter] Styles routed to \"/a.css\". \u001b[90mx1\u001b[39m"]
INFO 2014-11-21T17:29:49.043Z ["[Lighter] Styles routed to \"/a.css\". \u001b[90mx1\u001b[39m"]
INFO 2014-11-21T17:29:49.060Z ["[Lighter] Styles routed to \"/a.css\". \u001b[90mx1\u001b[39m"]
INFO 2014-11-21T17:29:50.697Z ["[Lighter] Publics loaded. \u001b[90mx48\u001b[39m"]
INFO 2014-11-21T17:29:50.787Z ["[Lighter] Publics loaded. \u001b[90mx48\u001b[39m"]
INFO 2014-11-21T17:29:50.808Z ["[Lighter] Publics loaded. \u001b[90mx48\u001b[39m"]
INFO 2014-11-21T17:29:50.824Z ["[Lighter] Publics loaded. \u001b[90mx48\u001b[39m"]
INFO 2014-11-21T17:29:52.246Z ["[Lighter] Views loaded. \u001b[90mx30\u001b[39m"]
INFO 2014-11-21T17:29:52.253Z ["[Lighter] Views loaded. \u001b[90mx30\u001b[39m"]
INFO 2014-11-21T17:29:52.353Z ["[Lighter] Views loaded. \u001b[90mx30\u001b[39m"]
INFO 2014-11-21T17:29:52.446Z ["[Lighter] Views loaded. \u001b[90mx30\u001b[39m"]
INFO 2014-11-21T17:29:52.578Z ["[Lighter] Views loaded. \u001b[90mx30\u001b[39m"]
INFO 2014-11-21T17:29:52.617Z ["[Lighter] Publics loaded. \u001b[90mx48\u001b[39m"]
INFO 2014-11-21T17:29:52.629Z ["[Lighter] Publics loaded. \u001b[90mx48\u001b[39m"]
INFO 2014-11-21T17:29:52.638Z ["[D6] Views routed to \"/d6.js\"."]
INFO 2014-11-21T17:29:52.644Z ["[D6] Views routed to \"/d6.js\"."]
INFO 2014-11-21T17:29:52.662Z ["[D6] Views routed to \"/d6.js\"."]
INFO 2014-11-21T17:29:52.663Z ["[Lighter] Views loaded. \u001b[90mx30\u001b[39m"]
INFO 2014-11-21T17:29:52.694Z ["[Lighter] Publics loaded. \u001b[90mx48\u001b[39m"]
INFO 2014-11-21T17:29:52.695Z ["[D6] Views routed to \"/d6.js\"."]
INFO 2014-11-21T17:29:52.711Z ["[Lighter] Publics loaded. \u001b[90mx48\u001b[39m"]
INFO 2014-11-21T17:29:52.715Z ["[D6] Views routed to \"/d6.js\"."]
INFO 2014-11-21T17:29:52.725Z ["[Lighter] Views loaded. \u001b[90mx30\u001b[39m"]
INFO 2014-11-21T17:29:52.727Z ["[Lighter] Views loaded. \u001b[90mx30\u001b[39m"]
INFO 2014-11-21T17:29:52.734Z ["[D6] Views routed to \"/d6.js\"."]
INFO 2014-11-21T17:29:52.752Z ["[D6] Views routed to \"/d6.js\"."]
INFO 2014-11-21T17:29:52.753Z ["[D6] Views routed to \"/d6.js\"."]
