WARN 2014-11-21T17:30:38.392Z ["[Lighter] Exiting due to file change in \"node_modules/cedar/lib/transports/console.js\"."]
WARN 2014-11-21T17:30:38.392Z ["[Lighter] Exiting due to file change in \"node_modules/cedar/lib/transports/console.js\"."]
WARN 2014-11-21T17:30:38.392Z ["[Lighter] Exiting due to file change in \"node_modules/cedar/lib/transports/console.js\"."]
WARN 2014-11-21T17:30:38.392Z ["[Lighter] Exiting due to file change in \"node_modules/cedar/lib/transports/console.js\"."]
INFO 2014-11-21T17:30:39.577Z ["[Lighter] Models loaded. \u001b[90mx0\u001b[39m"]
INFO 2014-11-21T17:30:39.578Z ["[Lighter] Models loaded. \u001b[90mx0\u001b[39m"]
INFO 2014-11-21T17:30:39.579Z ["[Lighter] Models loaded. \u001b[90mx0\u001b[39m"]
INFO 2014-11-21T17:30:39.584Z ["[Lighter] Models loaded. \u001b[90mx0\u001b[39m"]
INFO 2014-11-21T17:30:39.585Z ["[Lighter] Models loaded. \u001b[90mx0\u001b[39m"]
INFO 2014-11-21T17:30:39.586Z ["[Lighter] Models loaded. \u001b[90mx0\u001b[39m"]
INFO 2014-11-21T17:30:39.590Z ["[Lighter] Models loaded. \u001b[90mx0\u001b[39m"]
INFO 2014-11-21T17:30:39.593Z ["[Lighter] Models loaded. \u001b[90mx0\u001b[39m"]
INFO 2014-11-21T17:30:39.597Z ["[Lighter] Scripts routed to \"/sly.js\". \u001b[90mx1\u001b[39m"]
INFO 2014-11-21T17:30:39.599Z ["[Lighter] Styles routed to \"/sly.css\". \u001b[90mx1\u001b[39m"]
INFO 2014-11-21T17:30:39.599Z ["[Lighter] Scripts routed to \"/sly.js\". \u001b[90mx1\u001b[39m"]
INFO 2014-11-21T17:30:39.600Z ["[Lighter] Scripts routed to \"/sly.js\". \u001b[90mx1\u001b[39m"]
INFO 2014-11-21T17:30:39.600Z ["[Lighter] Scripts routed to \"/sly.js\". \u001b[90mx1\u001b[39m"]
INFO 2014-11-21T17:30:39.601Z ["[Lighter] Styles routed to \"/sly.css\". \u001b[90mx1\u001b[39m"]
INFO 2014-11-21T17:30:39.601Z ["[Lighter] Styles routed to \"/sly.css\". \u001b[90mx1\u001b[39m"]
INFO 2014-11-21T17:30:39.602Z ["[Lighter] Styles routed to \"/sly.css\". \u001b[90mx1\u001b[39m"]
INFO 2014-11-21T17:30:39.602Z ["[Lighter] Scripts routed to \"/sly.js\". \u001b[90mx1\u001b[39m"]
INFO 2014-11-21T17:30:39.603Z ["[Lighter] Controllers loaded. \u001b[90mx2\u001b[39m"]
INFO 2014-11-21T17:30:39.603Z ["[Lighter] Controllers loaded. \u001b[90mx2\u001b[39m"]
INFO 2014-11-21T17:30:39.604Z ["[Lighter] Controllers loaded. \u001b[90mx2\u001b[39m"]
INFO 2014-11-21T17:30:39.604Z ["[Lighter] Scripts routed to \"/sly.js\". \u001b[90mx1\u001b[39m"]
INFO 2014-11-21T17:30:39.605Z ["[Lighter] Styles routed to \"/sly.css\". \u001b[90mx1\u001b[39m"]
INFO 2014-11-21T17:30:39.605Z ["[Lighter] Styles routed to \"/sly.css\". \u001b[90mx1\u001b[39m"]
INFO 2014-11-21T17:30:39.606Z ["[Lighter] Controllers loaded. \u001b[90mx2\u001b[39m"]
INFO 2014-11-21T17:30:39.608Z ["[Lighter] Controllers loaded. \u001b[90mx2\u001b[39m"]
INFO 2014-11-21T17:30:39.609Z ["[Lighter] Scripts routed to \"/sly.js\". \u001b[90mx1\u001b[39m"]
INFO 2014-11-21T17:30:39.609Z ["[Lighter] Controllers loaded. \u001b[90mx2\u001b[39m"]
INFO 2014-11-21T17:30:39.610Z ["[Lighter] Styles routed to \"/sly.css\". \u001b[90mx1\u001b[39m"]
INFO 2014-11-21T17:30:39.612Z ["[Lighter] Scripts routed to \"/sly.js\". \u001b[90mx1\u001b[39m"]
INFO 2014-11-21T17:30:39.612Z ["[Lighter] Styles routed to \"/sly.css\". \u001b[90mx1\u001b[39m"]
INFO 2014-11-21T17:30:39.612Z ["[Lighter] Controllers loaded. \u001b[90mx2\u001b[39m"]
INFO 2014-11-21T17:30:39.615Z ["[Lighter] Controllers loaded. \u001b[90mx2\u001b[39m"]
INFO 2014-11-21T17:30:39.635Z ["[Lighter] Scripts routed to \"/a.js\". \u001b[90mx1\u001b[39m"]
INFO 2014-11-21T17:30:39.637Z ["[Lighter] Scripts routed to \"/a.js\". \u001b[90mx1\u001b[39m"]
INFO 2014-11-21T17:30:39.638Z ["[Lighter] Scripts routed to \"/a.js\". \u001b[90mx1\u001b[39m"]
INFO 2014-11-21T17:30:39.641Z ["[Lighter] Styles routed to \"/a.css\". \u001b[90mx1\u001b[39m"]
INFO 2014-11-21T17:30:39.641Z ["[Lighter] Scripts routed to \"/a.js\". \u001b[90mx1\u001b[39m"]
INFO 2014-11-21T17:30:39.655Z ["[Lighter] Styles routed to \"/a.css\". \u001b[90mx1\u001b[39m"]
INFO 2014-11-21T17:30:39.663Z ["[Lighter] Styles routed to \"/a.css\". \u001b[90mx1\u001b[39m"]
INFO 2014-11-21T17:30:39.668Z ["[Lighter] Styles routed to \"/a.css\". \u001b[90mx1\u001b[39m"]
INFO 2014-11-21T17:30:39.677Z ["[Lighter] Scripts routed to \"/a.js\". \u001b[90mx1\u001b[39m"]
INFO 2014-11-21T17:30:39.680Z ["[Lighter] Styles routed to \"/a.css\". \u001b[90mx1\u001b[39m"]
INFO 2014-11-21T17:30:39.686Z ["[Lighter] Scripts routed to \"/a.js\". \u001b[90mx1\u001b[39m"]
INFO 2014-11-21T17:30:39.688Z ["[Lighter] Scripts routed to \"/a.js\". \u001b[90mx1\u001b[39m"]
INFO 2014-11-21T17:30:39.703Z ["[Lighter] Scripts routed to \"/a.js\". \u001b[90mx1\u001b[39m"]
INFO 2014-11-21T17:30:39.705Z ["[Lighter] Styles routed to \"/a.css\". \u001b[90mx1\u001b[39m"]
INFO 2014-11-21T17:30:39.713Z ["[Lighter] Styles routed to \"/a.css\". \u001b[90mx1\u001b[39m"]
INFO 2014-11-21T17:30:39.716Z ["[Lighter] Styles routed to \"/a.css\". \u001b[90mx1\u001b[39m"]
INFO 2014-11-21T17:30:41.424Z ["[Lighter] Publics loaded. \u001b[90mx48\u001b[39m"]
INFO 2014-11-21T17:30:42.754Z ["[Lighter] Views loaded. \u001b[90mx30\u001b[39m"]
INFO 2014-11-21T17:30:42.824Z ["[Lighter] Views loaded. \u001b[90mx30\u001b[39m"]
INFO 2014-11-21T17:30:42.829Z ["[Lighter] Views loaded. \u001b[90mx30\u001b[39m"]
INFO 2014-11-21T17:30:42.843Z ["[Lighter] Views loaded. \u001b[90mx30\u001b[39m"]
INFO 2014-11-21T17:30:42.885Z ["[Lighter] Views loaded. \u001b[90mx30\u001b[39m"]
INFO 2014-11-21T17:30:42.919Z ["[Lighter] Views loaded. \u001b[90mx30\u001b[39m"]
INFO 2014-11-21T17:30:43.029Z ["[Lighter] Views loaded. \u001b[90mx30\u001b[39m"]
INFO 2014-11-21T17:30:43.168Z ["[Lighter] Publics loaded. \u001b[90mx48\u001b[39m"]
INFO 2014-11-21T17:30:43.171Z ["[Lighter] Publics loaded. \u001b[90mx48\u001b[39m"]
INFO 2014-11-21T17:30:43.192Z ["[Lighter] Publics loaded. \u001b[90mx48\u001b[39m"]
INFO 2014-11-21T17:30:43.200Z ["[Lighter] Publics loaded. \u001b[90mx48\u001b[39m"]
INFO 2014-11-21T17:30:43.208Z ["[Lighter] Publics loaded. \u001b[90mx48\u001b[39m"]
INFO 2014-11-21T17:30:43.227Z ["[D6] Views routed to \"/d6.js\"."]
INFO 2014-11-21T17:30:43.260Z ["[D6] Views routed to \"/d6.js\"."]
INFO 2014-11-21T17:30:43.261Z ["[Lighter] Publics loaded. \u001b[90mx48\u001b[39m"]
INFO 2014-11-21T17:30:43.266Z ["[D6] Views routed to \"/d6.js\"."]
INFO 2014-11-21T17:30:43.273Z ["[D6] Views routed to \"/d6.js\"."]
INFO 2014-11-21T17:30:43.275Z ["[D6] Views routed to \"/d6.js\"."]
INFO 2014-11-21T17:30:43.283Z ["[D6] Views routed to \"/d6.js\"."]
INFO 2014-11-21T17:30:43.293Z ["[Lighter] Publics loaded. \u001b[90mx48\u001b[39m"]
INFO 2014-11-21T17:30:43.293Z ["[Lighter] Views loaded. \u001b[90mx30\u001b[39m"]
INFO 2014-11-21T17:30:43.322Z ["[D6] Views routed to \"/d6.js\"."]
INFO 2014-11-21T17:30:43.323Z ["[D6] Views routed to \"/d6.js\"."]
