WARN 2015-01-20T17:16:00.571Z ["[Lighter] Changed \u001b[36m~/Workspace/lighter/lib/model.js\u001b[39m."]
ERROR 2015-01-20T17:16:00.586Z ["Worker 62776 died."]
INFO 2015-01-20T17:16:01.547Z ["[Za] HTTP server listening on 8889."]
INFO 2015-01-20T17:16:01.554Z ["[Ringer] Opened \u001b[36m./data/worker1\u001b[39m database."]
INFO 2015-01-20T17:16:01.555Z ["[Ringer] Peer \u001b[36mBunny.local:8893\u001b[39m is listening."]
INFO 2015-01-20T17:16:01.555Z ["[Lighter] Connected to memcache."]
INFO 2015-01-20T17:16:01.560Z ["[Lighter] Models loaded. \u001b[90mx0\u001b[39m"]
INFO 2015-01-20T17:16:01.568Z ["[Za] HTTP server listening on 8891."]
INFO 2015-01-20T17:16:01.571Z ["[Lighter] Scripts routed to \u001b[36m/sly.js\u001b[39m. \u001b[90mx1\u001b[39m"]
INFO 2015-01-20T17:16:01.572Z ["[Lighter] Styles routed to \u001b[36m/sly.css\u001b[39m. \u001b[90mx1\u001b[39m"]
INFO 2015-01-20T17:16:01.574Z ["[Ringer] Opened \u001b[36m./data/worker3\u001b[39m database."]
INFO 2015-01-20T17:16:01.575Z ["[Ringer] Peer \u001b[36mBunny.local:8895\u001b[39m is listening."]
INFO 2015-01-20T17:16:01.575Z ["[Lighter] Connected to memcache."]
INFO 2015-01-20T17:16:01.576Z ["[Lighter] Controllers loaded. \u001b[90mx2\u001b[39m"]
INFO 2015-01-20T17:16:01.583Z ["[Lighter] Models loaded. \u001b[90mx0\u001b[39m"]
INFO 2015-01-20T17:16:01.586Z ["[Za] HTTP server listening on 8888."]
INFO 2015-01-20T17:16:01.590Z ["[Ringer] Opened \u001b[36m./data/worker0\u001b[39m database."]
INFO 2015-01-20T17:16:01.591Z ["[Lighter] Scripts routed to \u001b[36m/a.js\u001b[39m. \u001b[90mx1\u001b[39m"]
INFO 2015-01-20T17:16:01.591Z ["[Ringer] Peer \u001b[36mBunny.local:8892\u001b[39m is listening."]
INFO 2015-01-20T17:16:01.593Z ["[Lighter] Connected to memcache."]
INFO 2015-01-20T17:16:01.594Z ["[Za] HTTP server listening on 8890."]
INFO 2015-01-20T17:16:01.598Z ["[Lighter] Styles routed to \u001b[36m/a.css\u001b[39m. \u001b[90mx1\u001b[39m"]
INFO 2015-01-20T17:16:01.598Z ["[Ringer] Opened \u001b[36m./data/worker2\u001b[39m database."]
INFO 2015-01-20T17:16:01.599Z ["[Lighter] Models loaded. \u001b[90mx0\u001b[39m"]
INFO 2015-01-20T17:16:01.599Z ["[Lighter] Connected to memcache."]
INFO 2015-01-20T17:16:01.600Z ["[Lighter] Scripts routed to \u001b[36m/sly.js\u001b[39m. \u001b[90mx1\u001b[39m"]
INFO 2015-01-20T17:16:01.601Z ["[Lighter] Styles routed to \u001b[36m/sly.css\u001b[39m. \u001b[90mx1\u001b[39m"]
INFO 2015-01-20T17:16:01.604Z ["[Lighter] Controllers loaded. \u001b[90mx2\u001b[39m"]
INFO 2015-01-20T17:16:01.605Z ["[Ringer] Peer \u001b[36mBunny.local:8894\u001b[39m is listening."]
INFO 2015-01-20T17:16:01.606Z ["[Lighter] Models loaded. \u001b[90mx0\u001b[39m"]
INFO 2015-01-20T17:16:01.615Z ["[Lighter] Scripts routed to \u001b[36m/sly.js\u001b[39m. \u001b[90mx1\u001b[39m"]
INFO 2015-01-20T17:16:01.615Z ["[Lighter] Styles routed to \u001b[36m/sly.css\u001b[39m. \u001b[90mx1\u001b[39m"]
INFO 2015-01-20T17:16:01.620Z ["[Lighter] Controllers loaded. \u001b[90mx2\u001b[39m"]
INFO 2015-01-20T17:16:01.621Z ["[Lighter] Scripts routed to \u001b[36m/a.js\u001b[39m. \u001b[90mx1\u001b[39m"]
INFO 2015-01-20T17:16:01.624Z ["[Lighter] Scripts routed to \u001b[36m/sly.js\u001b[39m. \u001b[90mx1\u001b[39m"]
INFO 2015-01-20T17:16:01.631Z ["[Lighter] Styles routed to \u001b[36m/sly.css\u001b[39m. \u001b[90mx1\u001b[39m"]
INFO 2015-01-20T17:16:01.631Z ["[Lighter] Styles routed to \u001b[36m/a.css\u001b[39m. \u001b[90mx1\u001b[39m"]
INFO 2015-01-20T17:16:01.666Z ["[Lighter] Controllers loaded. \u001b[90mx2\u001b[39m"]
INFO 2015-01-20T17:16:01.668Z ["[Lighter] Scripts routed to \u001b[36m/a.js\u001b[39m. \u001b[90mx1\u001b[39m"]
INFO 2015-01-20T17:16:01.670Z ["[Lighter] Styles routed to \u001b[36m/a.css\u001b[39m. \u001b[90mx1\u001b[39m"]
INFO 2015-01-20T17:16:01.672Z ["[Lighter] Styles routed to \u001b[36m/a.css\u001b[39m. \u001b[90mx1\u001b[39m"]
INFO 2015-01-20T17:16:01.675Z ["[Lighter] Scripts routed to \u001b[36m/a.js\u001b[39m. \u001b[90mx1\u001b[39m"]
INFO 2015-01-20T17:16:02.844Z ["[Lighter] Publics loaded. \u001b[90mx48\u001b[39m"]
INFO 2015-01-20T17:16:02.873Z ["[Lighter] Publics loaded. \u001b[90mx48\u001b[39m"]
INFO 2015-01-20T17:16:03.775Z ["[Lighter] Views loaded. \u001b[90mx30\u001b[39m"]
INFO 2015-01-20T17:16:04.053Z ["[Lighter] Publics loaded. \u001b[90mx48\u001b[39m"]
INFO 2015-01-20T17:16:04.068Z ["[D6] Views routed to \u001b[36m/d6.js\u001b[39m."]
INFO 2015-01-20T17:16:04.112Z ["[Lighter] Views loaded. \u001b[90mx30\u001b[39m"]
INFO 2015-01-20T17:16:04.158Z ["[Lighter] Views loaded. \u001b[90mx30\u001b[39m"]
INFO 2015-01-20T17:16:04.177Z ["[D6] Views routed to \u001b[36m/d6.js\u001b[39m."]
INFO 2015-01-20T17:16:04.183Z ["[Lighter] Views loaded. \u001b[90mx30\u001b[39m"]
INFO 2015-01-20T17:16:04.188Z ["[Ringer] Peer \u001b[36mBunny.local:8895\u001b[39m\u001b[32m stabilized\u001b[39m on attempt \u001b[36m2\u001b[39m."]
INFO 2015-01-20T17:16:04.188Z ["[Ringer] Peer \u001b[36mBunny.local:8894\u001b[39m\u001b[32m stabilized\u001b[39m on attempt \u001b[36m3\u001b[39m."]
INFO 2015-01-20T17:16:04.189Z ["[Lighter] Publics loaded. \u001b[90mx48\u001b[39m"]
INFO 2015-01-20T17:16:04.193Z ["[Ringer] Peer \u001b[36mBunny.local:8893\u001b[39m\u001b[32m stabilized\u001b[39m on attempt \u001b[36m3\u001b[39m."]
INFO 2015-01-20T17:16:04.193Z ["[Ringer] Peer \u001b[36mBunny.local:8892\u001b[39m\u001b[32m stabilized\u001b[39m on attempt \u001b[36m2\u001b[39m."]
INFO 2015-01-20T17:16:04.198Z ["[D6] Views routed to \u001b[36m/d6.js\u001b[39m."]
INFO 2015-01-20T17:16:04.202Z ["[D6] Views routed to \u001b[36m/d6.js\u001b[39m."]
WARN 2015-01-20T17:16:23.546Z ["[Lighter] Changed \u001b[36m~/Workspace/ormy/ormy.js\u001b[39m."]
ERROR 2015-01-20T17:16:23.558Z ["Worker 62786 died."]
INFO 2015-01-20T17:16:24.535Z ["[Za] HTTP server listening on 8888."]
INFO 2015-01-20T17:16:24.539Z ["[Ringer] Opened \u001b[36m./data/worker0\u001b[39m database."]
INFO 2015-01-20T17:16:24.541Z ["[Ringer] Peer \u001b[36mBunny.local:8892\u001b[39m is listening."]
INFO 2015-01-20T17:16:24.542Z ["[Lighter] Connected to memcache."]
INFO 2015-01-20T17:16:24.547Z ["[Za] HTTP server listening on 8891."]
INFO 2015-01-20T17:16:24.548Z ["[Lighter] Models loaded. \u001b[90mx0\u001b[39m"]
INFO 2015-01-20T17:16:24.554Z ["[Ringer] Opened \u001b[36m./data/worker3\u001b[39m database."]
INFO 2015-01-20T17:16:24.554Z ["[Ringer] Peer \u001b[36mBunny.local:8895\u001b[39m is listening."]
INFO 2015-01-20T17:16:24.554Z ["[Lighter] Connected to memcache."]
INFO 2015-01-20T17:16:24.562Z ["[Lighter] Models loaded. \u001b[90mx0\u001b[39m"]
INFO 2015-01-20T17:16:24.565Z ["[Za] HTTP server listening on 8890."]
INFO 2015-01-20T17:16:24.566Z ["[Lighter] Scripts routed to \u001b[36m/sly.js\u001b[39m. \u001b[90mx1\u001b[39m"]
INFO 2015-01-20T17:16:24.567Z ["[Lighter] Styles routed to \u001b[36m/sly.css\u001b[39m. \u001b[90mx1\u001b[39m"]
INFO 2015-01-20T17:16:24.567Z ["[Za] HTTP server listening on 8889."]
INFO 2015-01-20T17:16:24.569Z ["[Ringer] Opened \u001b[36m./data/worker2\u001b[39m database."]
INFO 2015-01-20T17:16:24.569Z ["[Ringer] Peer \u001b[36mBunny.local:8894\u001b[39m is listening."]
INFO 2015-01-20T17:16:24.570Z ["[Lighter] Connected to memcache."]
INFO 2015-01-20T17:16:24.571Z ["[Lighter] Controllers loaded. \u001b[90mx2\u001b[39m"]
INFO 2015-01-20T17:16:24.572Z ["[Ringer] Opened \u001b[36m./data/worker1\u001b[39m database."]
INFO 2015-01-20T17:16:24.573Z ["[Ringer] Peer \u001b[36mBunny.local:8893\u001b[39m is listening."]
INFO 2015-01-20T17:16:24.573Z ["[Lighter] Connected to memcache."]
INFO 2015-01-20T17:16:24.575Z ["[Lighter] Models loaded. \u001b[90mx0\u001b[39m"]
INFO 2015-01-20T17:16:24.577Z ["[Lighter] Models loaded. \u001b[90mx0\u001b[39m"]
INFO 2015-01-20T17:16:24.578Z ["[Lighter] Scripts routed to \u001b[36m/sly.js\u001b[39m. \u001b[90mx1\u001b[39m"]
INFO 2015-01-20T17:16:24.578Z ["[Lighter] Styles routed to \u001b[36m/sly.css\u001b[39m. \u001b[90mx1\u001b[39m"]
INFO 2015-01-20T17:16:24.582Z ["[Lighter] Controllers loaded. \u001b[90mx2\u001b[39m"]
INFO 2015-01-20T17:16:24.587Z ["[Lighter] Scripts routed to \u001b[36m/a.js\u001b[39m. \u001b[90mx1\u001b[39m"]
INFO 2015-01-20T17:16:24.592Z ["[Lighter] Scripts routed to \u001b[36m/sly.js\u001b[39m. \u001b[90mx1\u001b[39m"]
INFO 2015-01-20T17:16:24.594Z ["[Lighter] Scripts routed to \u001b[36m/sly.js\u001b[39m. \u001b[90mx1\u001b[39m"]
INFO 2015-01-20T17:16:24.595Z ["[Lighter] Styles routed to \u001b[36m/sly.css\u001b[39m. \u001b[90mx1\u001b[39m"]
INFO 2015-01-20T17:16:24.597Z ["[Lighter] Styles routed to \u001b[36m/sly.css\u001b[39m. \u001b[90mx1\u001b[39m"]
INFO 2015-01-20T17:16:24.601Z ["[Lighter] Styles routed to \u001b[36m/a.css\u001b[39m. \u001b[90mx1\u001b[39m"]
INFO 2015-01-20T17:16:24.601Z ["[Lighter] Controllers loaded. \u001b[90mx2\u001b[39m"]
INFO 2015-01-20T17:16:24.601Z ["[Lighter] Scripts routed to \u001b[36m/a.js\u001b[39m. \u001b[90mx1\u001b[39m"]
INFO 2015-01-20T17:16:24.612Z ["[Lighter] Styles routed to \u001b[36m/a.css\u001b[39m. \u001b[90mx1\u001b[39m"]
INFO 2015-01-20T17:16:24.618Z ["[Lighter] Scripts routed to \u001b[36m/a.js\u001b[39m. \u001b[90mx1\u001b[39m"]
INFO 2015-01-20T17:16:24.624Z ["[Lighter] Controllers loaded. \u001b[90mx2\u001b[39m"]
INFO 2015-01-20T17:16:24.626Z ["[Lighter] Styles routed to \u001b[36m/a.css\u001b[39m. \u001b[90mx1\u001b[39m"]
INFO 2015-01-20T17:16:24.629Z ["[Lighter] Scripts routed to \u001b[36m/a.js\u001b[39m. \u001b[90mx1\u001b[39m"]
INFO 2015-01-20T17:16:24.630Z ["[Lighter] Styles routed to \u001b[36m/a.css\u001b[39m. \u001b[90mx1\u001b[39m"]
INFO 2015-01-20T17:16:25.825Z ["[Lighter] Publics loaded. \u001b[90mx48\u001b[39m"]
INFO 2015-01-20T17:16:26.973Z ["[Lighter] Views loaded. \u001b[90mx30\u001b[39m"]
INFO 2015-01-20T17:16:26.976Z ["[Lighter] Views loaded. \u001b[90mx30\u001b[39m"]
INFO 2015-01-20T17:16:26.981Z ["[Lighter] Views loaded. \u001b[90mx30\u001b[39m"]
INFO 2015-01-20T17:16:26.995Z ["[D6] Views routed to \u001b[36m/d6.js\u001b[39m."]
INFO 2015-01-20T17:16:27.039Z ["[Lighter] Publics loaded. \u001b[90mx48\u001b[39m"]
INFO 2015-01-20T17:16:27.043Z ["[Ringer] Peer \u001b[36mBunny.local:8894\u001b[39m\u001b[32m stabilized\u001b[39m on attempt \u001b[36m3\u001b[39m."]
INFO 2015-01-20T17:16:27.054Z ["[D6] Views routed to \u001b[36m/d6.js\u001b[39m."]
INFO 2015-01-20T17:16:27.056Z ["[Lighter] Publics loaded. \u001b[90mx48\u001b[39m"]
INFO 2015-01-20T17:16:27.062Z ["[Lighter] Views loaded. \u001b[90mx30\u001b[39m"]
INFO 2015-01-20T17:16:27.064Z ["[Ringer] Peer \u001b[36mBunny.local:8893\u001b[39m\u001b[32m stabilized\u001b[39m on attempt \u001b[36m3\u001b[39m."]
INFO 2015-01-20T17:16:27.067Z ["[Ringer] Peer \u001b[36mBunny.local:8892\u001b[39m\u001b[32m stabilized\u001b[39m on attempt \u001b[36m3\u001b[39m."]
INFO 2015-01-20T17:16:27.073Z ["[D6] Views routed to \u001b[36m/d6.js\u001b[39m."]
INFO 2015-01-20T17:16:27.129Z ["[Lighter] Publics loaded. \u001b[90mx48\u001b[39m"]
INFO 2015-01-20T17:16:27.133Z ["[Ringer] Peer \u001b[36mBunny.local:8895\u001b[39m\u001b[32m stabilized\u001b[39m on attempt \u001b[36m3\u001b[39m."]
INFO 2015-01-20T17:16:27.142Z ["[D6] Views routed to \u001b[36m/d6.js\u001b[39m."]
