WARN 2015-01-20T17:49:12.295Z ["[Lighter] Changed \u001b[36m~/Workspace/ormy/lib/ringer-database.js\u001b[39m."]
ERROR 2015-01-20T17:49:12.306Z ["Worker 63531 died."]
INFO 2015-01-20T17:49:13.259Z ["[Za] HTTP server listening on 8889."]
INFO 2015-01-20T17:49:13.260Z ["[Za] HTTP server listening on 8888."]
INFO 2015-01-20T17:49:13.271Z ["[Ringer] Opened \u001b[36m./data/worker0\u001b[39m database."]
INFO 2015-01-20T17:49:13.271Z ["[Ringer] Peer \u001b[36mBunny.local:8892\u001b[39m is listening."]
INFO 2015-01-20T17:49:13.271Z ["[Lighter] Connected to memcache."]
INFO 2015-01-20T17:49:13.272Z ["[Lighter] Models loaded. \u001b[90mx0\u001b[39m"]
INFO 2015-01-20T17:49:13.272Z ["[Ringer] Opened \u001b[36m./data/worker1\u001b[39m database."]
INFO 2015-01-20T17:49:13.272Z ["[Ringer] Peer \u001b[36mBunny.local:8893\u001b[39m is listening."]
INFO 2015-01-20T17:49:13.272Z ["[Lighter] Connected to memcache."]
INFO 2015-01-20T17:49:13.272Z ["[Lighter] Models loaded. \u001b[90mx0\u001b[39m"]
INFO 2015-01-20T17:49:13.273Z ["[Za] HTTP server listening on 8890."]
INFO 2015-01-20T17:49:13.275Z ["[Za] HTTP server listening on 8891."]
INFO 2015-01-20T17:49:13.277Z ["[Ringer] Opened \u001b[36m./data/worker2\u001b[39m database."]
INFO 2015-01-20T17:49:13.277Z ["[Lighter] Scripts routed to \u001b[36m/sly.js\u001b[39m. \u001b[90mx1\u001b[39m"]
INFO 2015-01-20T17:49:13.277Z ["[Lighter] Styles routed to \u001b[36m/sly.css\u001b[39m. \u001b[90mx1\u001b[39m"]
INFO 2015-01-20T17:49:13.278Z ["[Ringer] Peer \u001b[36mBunny.local:8894\u001b[39m is listening."]
INFO 2015-01-20T17:49:13.278Z ["[Lighter] Scripts routed to \u001b[36m/sly.js\u001b[39m. \u001b[90mx1\u001b[39m"]
INFO 2015-01-20T17:49:13.278Z ["[Lighter] Connected to memcache."]
INFO 2015-01-20T17:49:13.278Z ["[Lighter] Styles routed to \u001b[36m/sly.css\u001b[39m. \u001b[90mx1\u001b[39m"]
INFO 2015-01-20T17:49:13.278Z ["[Ringer] Opened \u001b[36m./data/worker3\u001b[39m database."]
INFO 2015-01-20T17:49:13.279Z ["[Ringer] Peer \u001b[36mBunny.local:8895\u001b[39m is listening."]
INFO 2015-01-20T17:49:13.280Z ["[Lighter] Connected to memcache."]
INFO 2015-01-20T17:49:13.281Z ["[Lighter] Controllers loaded. \u001b[90mx2\u001b[39m"]
INFO 2015-01-20T17:49:13.283Z ["[Lighter] Models loaded. \u001b[90mx0\u001b[39m"]
INFO 2015-01-20T17:49:13.284Z ["[Lighter] Controllers loaded. \u001b[90mx2\u001b[39m"]
INFO 2015-01-20T17:49:13.285Z ["[Lighter] Models loaded. \u001b[90mx0\u001b[39m"]
INFO 2015-01-20T17:49:13.294Z ["[Lighter] Scripts routed to \u001b[36m/a.js\u001b[39m. \u001b[90mx1\u001b[39m"]
INFO 2015-01-20T17:49:13.296Z ["[Lighter] Scripts routed to \u001b[36m/sly.js\u001b[39m. \u001b[90mx1\u001b[39m"]
INFO 2015-01-20T17:49:13.296Z ["[Lighter] Scripts routed to \u001b[36m/sly.js\u001b[39m. \u001b[90mx1\u001b[39m"]
INFO 2015-01-20T17:49:13.297Z ["[Lighter] Styles routed to \u001b[36m/sly.css\u001b[39m. \u001b[90mx1\u001b[39m"]
INFO 2015-01-20T17:49:13.299Z ["[Lighter] Styles routed to \u001b[36m/sly.css\u001b[39m. \u001b[90mx1\u001b[39m"]
INFO 2015-01-20T17:49:13.300Z ["[Lighter] Scripts routed to \u001b[36m/a.js\u001b[39m. \u001b[90mx1\u001b[39m"]
INFO 2015-01-20T17:49:13.300Z ["[Lighter] Styles routed to \u001b[36m/a.css\u001b[39m. \u001b[90mx1\u001b[39m"]
INFO 2015-01-20T17:49:13.303Z ["[Lighter] Controllers loaded. \u001b[90mx2\u001b[39m"]
INFO 2015-01-20T17:49:13.303Z ["[Lighter] Controllers loaded. \u001b[90mx2\u001b[39m"]
INFO 2015-01-20T17:49:13.307Z ["[Lighter] Styles routed to \u001b[36m/a.css\u001b[39m. \u001b[90mx1\u001b[39m"]
INFO 2015-01-20T17:49:13.315Z ["[Lighter] Scripts routed to \u001b[36m/a.js\u001b[39m. \u001b[90mx1\u001b[39m"]
INFO 2015-01-20T17:49:13.317Z ["[Lighter] Scripts routed to \u001b[36m/a.js\u001b[39m. \u001b[90mx1\u001b[39m"]
INFO 2015-01-20T17:49:13.320Z ["[Lighter] Styles routed to \u001b[36m/a.css\u001b[39m. \u001b[90mx1\u001b[39m"]
INFO 2015-01-20T17:49:13.322Z ["[Lighter] Styles routed to \u001b[36m/a.css\u001b[39m. \u001b[90mx1\u001b[39m"]
INFO 2015-01-20T17:49:14.520Z ["[Ringer] Peer \u001b[36mBunny.local:8892\u001b[39m\u001b[32m stabilized\u001b[39m on attempt \u001b[36m2\u001b[39m."]
INFO 2015-01-20T17:49:14.587Z ["[Lighter] Publics loaded. \u001b[90mx48\u001b[39m"]
INFO 2015-01-20T17:49:15.557Z ["[Lighter] Views loaded. \u001b[90mx30\u001b[39m"]
INFO 2015-01-20T17:49:15.638Z ["[Lighter] Publics loaded. \u001b[90mx48\u001b[39m"]
INFO 2015-01-20T17:49:15.647Z ["[Lighter] Views loaded. \u001b[90mx30\u001b[39m"]
INFO 2015-01-20T17:49:15.649Z ["[Ringer] Peer \u001b[36mBunny.local:8894\u001b[39m\u001b[32m stabilized\u001b[39m on attempt \u001b[36m3\u001b[39m."]
INFO 2015-01-20T17:49:15.649Z ["[Ringer] Peer \u001b[36mBunny.local:8893\u001b[39m\u001b[32m stabilized\u001b[39m on attempt \u001b[36m3\u001b[39m."]
INFO 2015-01-20T17:49:15.654Z ["[D6] Views routed to \u001b[36m/d6.js\u001b[39m."]
INFO 2015-01-20T17:49:15.660Z ["[Lighter] Views loaded. \u001b[90mx30\u001b[39m"]
INFO 2015-01-20T17:49:15.725Z ["[Lighter] Publics loaded. \u001b[90mx48\u001b[39m"]
INFO 2015-01-20T17:49:15.734Z ["[Lighter] Publics loaded. \u001b[90mx48\u001b[39m"]
INFO 2015-01-20T17:49:15.737Z ["[Ringer] Peer \u001b[36mBunny.local:8895\u001b[39m\u001b[32m stabilized\u001b[39m on attempt \u001b[36m3\u001b[39m."]
INFO 2015-01-20T17:49:15.743Z ["[D6] Views routed to \u001b[36m/d6.js\u001b[39m."]
INFO 2015-01-20T17:49:15.748Z ["[D6] Views routed to \u001b[36m/d6.js\u001b[39m."]
INFO 2015-01-20T17:49:15.786Z ["[Lighter] Views loaded. \u001b[90mx30\u001b[39m"]
INFO 2015-01-20T17:49:15.801Z ["[D6] Views routed to \u001b[36m/d6.js\u001b[39m."]
WARN 2015-01-20T17:49:32.445Z ["[Lighter] Changed \u001b[36m~/Workspace/ormy/lib/ringer-model.js\u001b[39m."]
ERROR 2015-01-20T17:49:32.460Z ["Worker 63540 died."]
INFO 2015-01-20T17:49:33.457Z ["[Za] HTTP server listening on 8890."]
INFO 2015-01-20T17:49:33.461Z ["[Ringer] Opened \u001b[36m./data/worker2\u001b[39m database."]
INFO 2015-01-20T17:49:33.482Z ["[Za] HTTP server listening on 8889."]
INFO 2015-01-20T17:49:33.483Z ["[Ringer] Opened \u001b[36m./data/worker1\u001b[39m database."]
INFO 2015-01-20T17:49:33.483Z ["[Ringer] Peer \u001b[36mBunny.local:8893\u001b[39m is listening."]
INFO 2015-01-20T17:49:33.484Z ["[Lighter] Connected to memcache."]
INFO 2015-01-20T17:49:33.484Z ["[Ringer] Peer \u001b[36mBunny.local:8894\u001b[39m is listening."]
INFO 2015-01-20T17:49:33.484Z ["[Lighter] Connected to memcache."]
INFO 2015-01-20T17:49:33.485Z ["[Lighter] Models loaded. \u001b[90mx0\u001b[39m"]
INFO 2015-01-20T17:49:33.485Z ["[Lighter] Models loaded. \u001b[90mx0\u001b[39m"]
INFO 2015-01-20T17:49:33.489Z ["[Za] HTTP server listening on 8888."]
INFO 2015-01-20T17:49:33.491Z ["[Lighter] Scripts routed to \u001b[36m/sly.js\u001b[39m. \u001b[90mx1\u001b[39m"]
INFO 2015-01-20T17:49:33.492Z ["[Ringer] Opened \u001b[36m./data/worker0\u001b[39m database."]
INFO 2015-01-20T17:49:33.493Z ["[Ringer] Peer \u001b[36mBunny.local:8892\u001b[39m is listening."]
INFO 2015-01-20T17:49:33.494Z ["[Lighter] Connected to memcache."]
INFO 2015-01-20T17:49:33.495Z ["[Lighter] Styles routed to \u001b[36m/sly.css\u001b[39m. \u001b[90mx1\u001b[39m"]
INFO 2015-01-20T17:49:33.496Z ["[Za] HTTP server listening on 8891."]
INFO 2015-01-20T17:49:33.499Z ["[Lighter] Controllers loaded. \u001b[90mx2\u001b[39m"]
INFO 2015-01-20T17:49:33.504Z ["[Lighter] Scripts routed to \u001b[36m/sly.js\u001b[39m. \u001b[90mx1\u001b[39m"]
INFO 2015-01-20T17:49:33.504Z ["[Ringer] Opened \u001b[36m./data/worker3\u001b[39m database."]
INFO 2015-01-20T17:49:33.505Z ["[Lighter] Models loaded. \u001b[90mx0\u001b[39m"]
INFO 2015-01-20T17:49:33.505Z ["[Ringer] Peer \u001b[36mBunny.local:8895\u001b[39m is listening."]
INFO 2015-01-20T17:49:33.505Z ["[Lighter] Connected to memcache."]
INFO 2015-01-20T17:49:33.506Z ["[Lighter] Styles routed to \u001b[36m/sly.css\u001b[39m. \u001b[90mx1\u001b[39m"]
INFO 2015-01-20T17:49:33.510Z ["[Lighter] Controllers loaded. \u001b[90mx2\u001b[39m"]
INFO 2015-01-20T17:49:33.511Z ["[Lighter] Models loaded. \u001b[90mx0\u001b[39m"]
INFO 2015-01-20T17:49:33.517Z ["[Lighter] Scripts routed to \u001b[36m/sly.js\u001b[39m. \u001b[90mx1\u001b[39m"]
INFO 2015-01-20T17:49:33.517Z ["[Lighter] Styles routed to \u001b[36m/sly.css\u001b[39m. \u001b[90mx1\u001b[39m"]
INFO 2015-01-20T17:49:33.518Z ["[Lighter] Scripts routed to \u001b[36m/a.js\u001b[39m. \u001b[90mx1\u001b[39m"]
INFO 2015-01-20T17:49:33.522Z ["[Lighter] Controllers loaded. \u001b[90mx2\u001b[39m"]
INFO 2015-01-20T17:49:33.523Z ["[Lighter] Styles routed to \u001b[36m/a.css\u001b[39m. \u001b[90mx1\u001b[39m"]
INFO 2015-01-20T17:49:33.524Z ["[Lighter] Scripts routed to \u001b[36m/sly.js\u001b[39m. \u001b[90mx1\u001b[39m"]
INFO 2015-01-20T17:49:33.524Z ["[Lighter] Styles routed to \u001b[36m/sly.css\u001b[39m. \u001b[90mx1\u001b[39m"]
INFO 2015-01-20T17:49:33.526Z ["[Lighter] Scripts routed to \u001b[36m/a.js\u001b[39m. \u001b[90mx1\u001b[39m"]
INFO 2015-01-20T17:49:33.535Z ["[Lighter] Controllers loaded. \u001b[90mx2\u001b[39m"]
INFO 2015-01-20T17:49:33.541Z ["[Lighter] Scripts routed to \u001b[36m/a.js\u001b[39m. \u001b[90mx1\u001b[39m"]
INFO 2015-01-20T17:49:33.545Z ["[Lighter] Styles routed to \u001b[36m/a.css\u001b[39m. \u001b[90mx1\u001b[39m"]
INFO 2015-01-20T17:49:33.547Z ["[Lighter] Styles routed to \u001b[36m/a.css\u001b[39m. \u001b[90mx1\u001b[39m"]
INFO 2015-01-20T17:49:33.550Z ["[Lighter] Scripts routed to \u001b[36m/a.js\u001b[39m. \u001b[90mx1\u001b[39m"]
INFO 2015-01-20T17:49:33.556Z ["[Lighter] Styles routed to \u001b[36m/a.css\u001b[39m. \u001b[90mx1\u001b[39m"]
INFO 2015-01-20T17:49:34.450Z ["[Lighter] Views loaded. \u001b[90mx30\u001b[39m"]
INFO 2015-01-20T17:49:34.684Z ["[Ringer] Peer \u001b[36mBunny.local:8893\u001b[39m\u001b[32m stabilized\u001b[39m on attempt \u001b[36m2\u001b[39m."]
INFO 2015-01-20T17:49:34.712Z ["[Lighter] Publics loaded. \u001b[90mx48\u001b[39m"]
INFO 2015-01-20T17:49:34.712Z ["[Ringer] Peer \u001b[36mBunny.local:8895\u001b[39m\u001b[32m stabilized\u001b[39m on attempt \u001b[36m2\u001b[39m."]
INFO 2015-01-20T17:49:34.761Z ["[Lighter] Publics loaded. \u001b[90mx48\u001b[39m"]
INFO 2015-01-20T17:49:34.812Z ["[Lighter] Publics loaded. \u001b[90mx48\u001b[39m"]
INFO 2015-01-20T17:49:34.812Z ["[Ringer] Peer \u001b[36mBunny.local:8892\u001b[39m\u001b[32m stabilized\u001b[39m on attempt \u001b[36m2\u001b[39m."]
INFO 2015-01-20T17:49:35.779Z ["[Lighter] Publics loaded. \u001b[90mx48\u001b[39m"]
INFO 2015-01-20T17:49:35.797Z ["[D6] Views routed to \u001b[36m/d6.js\u001b[39m."]
INFO 2015-01-20T17:49:35.840Z ["[Lighter] Views loaded. \u001b[90mx30\u001b[39m"]
INFO 2015-01-20T17:49:35.857Z ["[D6] Views routed to \u001b[36m/d6.js\u001b[39m."]
INFO 2015-01-20T17:49:35.949Z ["[Lighter] Views loaded. \u001b[90mx30\u001b[39m"]
INFO 2015-01-20T17:49:35.961Z ["[D6] Views routed to \u001b[36m/d6.js\u001b[39m."]
INFO 2015-01-20T17:49:36.001Z ["[Lighter] Views loaded. \u001b[90mx30\u001b[39m"]
INFO 2015-01-20T17:49:36.007Z ["[Ringer] Peer \u001b[36mBunny.local:8894\u001b[39m\u001b[32m stabilized\u001b[39m on attempt \u001b[36m3\u001b[39m."]
INFO 2015-01-20T17:49:36.015Z ["[D6] Views routed to \u001b[36m/d6.js\u001b[39m."]
