WARN 2015-01-20T20:49:02.794Z ["[Lighter] Changed \u001b[36m~/Workspace/ormy/ormy.js\u001b[39m."]
ERROR 2015-01-20T20:49:02.803Z ["Worker 65120 died."]
INFO 2015-01-20T20:49:03.747Z ["[Za] HTTP server listening on 8888."]
INFO 2015-01-20T20:49:03.751Z ["[Ringer] Opened \u001b[36m./data/worker0\u001b[39m database."]
INFO 2015-01-20T20:49:03.752Z ["[Ringer] Peer \u001b[36mBunny.local:8892\u001b[39m is listening."]
INFO 2015-01-20T20:49:03.752Z ["[Lighter] Connected to memcache."]
INFO 2015-01-20T20:49:03.756Z ["[Za] HTTP server listening on 8890."]
INFO 2015-01-20T20:49:03.758Z ["[Za] HTTP server listening on 8891."]
INFO 2015-01-20T20:49:03.759Z ["[Lighter] Models loaded. \u001b[90mx0\u001b[39m"]
INFO 2015-01-20T20:49:03.760Z ["[Za] HTTP server listening on 8889."]
INFO 2015-01-20T20:49:03.762Z ["[Ringer] Opened \u001b[36m./data/worker3\u001b[39m database."]
INFO 2015-01-20T20:49:03.762Z ["[Ringer] Opened \u001b[36m./data/worker2\u001b[39m database."]
INFO 2015-01-20T20:49:03.762Z ["[Ringer] Peer \u001b[36mBunny.local:8894\u001b[39m is listening."]
INFO 2015-01-20T20:49:03.763Z ["[Ringer] Peer \u001b[36mBunny.local:8895\u001b[39m is listening."]
INFO 2015-01-20T20:49:03.763Z ["[Lighter] Connected to memcache."]
INFO 2015-01-20T20:49:03.763Z ["[Lighter] Connected to memcache."]
INFO 2015-01-20T20:49:03.764Z ["[Ringer] Opened \u001b[36m./data/worker1\u001b[39m database."]
INFO 2015-01-20T20:49:03.764Z ["[Ringer] Peer \u001b[36mBunny.local:8893\u001b[39m is listening."]
INFO 2015-01-20T20:49:03.764Z ["[Lighter] Connected to memcache."]
INFO 2015-01-20T20:49:03.768Z ["[Lighter] Models loaded. \u001b[90mx0\u001b[39m"]
INFO 2015-01-20T20:49:03.768Z ["[Lighter] Models loaded. \u001b[90mx0\u001b[39m"]
INFO 2015-01-20T20:49:03.768Z ["[Lighter] Models loaded. \u001b[90mx0\u001b[39m"]
INFO 2015-01-20T20:49:03.774Z ["[Lighter] Scripts routed to \u001b[36m/sly.js\u001b[39m. \u001b[90mx1\u001b[39m"]
INFO 2015-01-20T20:49:03.774Z ["[Lighter] Styles routed to \u001b[36m/sly.css\u001b[39m. \u001b[90mx1\u001b[39m"]
INFO 2015-01-20T20:49:03.778Z ["[Lighter] Scripts routed to \u001b[36m/sly.js\u001b[39m. \u001b[90mx1\u001b[39m"]
INFO 2015-01-20T20:49:03.779Z ["[Lighter] Controllers loaded. \u001b[90mx2\u001b[39m"]
INFO 2015-01-20T20:49:03.779Z ["[Lighter] Styles routed to \u001b[36m/sly.css\u001b[39m. \u001b[90mx1\u001b[39m"]
INFO 2015-01-20T20:49:03.780Z ["[Lighter] Scripts routed to \u001b[36m/sly.js\u001b[39m. \u001b[90mx1\u001b[39m"]
INFO 2015-01-20T20:49:03.781Z ["[Lighter] Styles routed to \u001b[36m/sly.css\u001b[39m. \u001b[90mx1\u001b[39m"]
INFO 2015-01-20T20:49:03.781Z ["[Lighter] Scripts routed to \u001b[36m/sly.js\u001b[39m. \u001b[90mx1\u001b[39m"]
INFO 2015-01-20T20:49:03.781Z ["[Lighter] Styles routed to \u001b[36m/sly.css\u001b[39m. \u001b[90mx1\u001b[39m"]
INFO 2015-01-20T20:49:03.783Z ["[Lighter] Controllers loaded. \u001b[90mx2\u001b[39m"]
INFO 2015-01-20T20:49:03.784Z ["[Lighter] Controllers loaded. \u001b[90mx2\u001b[39m"]
INFO 2015-01-20T20:49:03.786Z ["[Lighter] Controllers loaded. \u001b[90mx2\u001b[39m"]
INFO 2015-01-20T20:49:03.791Z ["[Lighter] Scripts routed to \u001b[36m/a.js\u001b[39m. \u001b[90mx1\u001b[39m"]
INFO 2015-01-20T20:49:03.794Z ["[Lighter] Scripts routed to \u001b[36m/a.js\u001b[39m. \u001b[90mx1\u001b[39m"]
INFO 2015-01-20T20:49:03.795Z ["[Lighter] Styles routed to \u001b[36m/a.css\u001b[39m. \u001b[90mx1\u001b[39m"]
INFO 2015-01-20T20:49:03.798Z ["[Lighter] Scripts routed to \u001b[36m/a.js\u001b[39m. \u001b[90mx1\u001b[39m"]
INFO 2015-01-20T20:49:03.799Z ["[Lighter] Styles routed to \u001b[36m/a.css\u001b[39m. \u001b[90mx1\u001b[39m"]
INFO 2015-01-20T20:49:03.800Z ["[Lighter] Scripts routed to \u001b[36m/a.js\u001b[39m. \u001b[90mx1\u001b[39m"]
INFO 2015-01-20T20:49:03.821Z ["[Lighter] Styles routed to \u001b[36m/a.css\u001b[39m. \u001b[90mx1\u001b[39m"]
INFO 2015-01-20T20:49:03.823Z ["[Lighter] Styles routed to \u001b[36m/a.css\u001b[39m. \u001b[90mx1\u001b[39m"]
INFO 2015-01-20T20:49:04.888Z ["[Lighter] Views loaded. \u001b[90mx30\u001b[39m"]
INFO 2015-01-20T20:49:05.018Z ["[Lighter] Publics loaded. \u001b[90mx48\u001b[39m"]
INFO 2015-01-20T20:49:05.741Z ["[Lighter] Views loaded. \u001b[90mx30\u001b[39m"]
INFO 2015-01-20T20:49:05.952Z ["[Lighter] Views loaded. \u001b[90mx30\u001b[39m"]
INFO 2015-01-20T20:49:05.996Z ["[Lighter] Publics loaded. \u001b[90mx48\u001b[39m"]
INFO 2015-01-20T20:49:06.009Z ["[D6] Views routed to \u001b[36m/d6.js\u001b[39m."]
INFO 2015-01-20T20:49:06.020Z ["[Lighter] Publics loaded. \u001b[90mx48\u001b[39m"]
INFO 2015-01-20T20:49:06.034Z ["[D6] Views routed to \u001b[36m/d6.js\u001b[39m."]
INFO 2015-01-20T20:49:06.048Z ["[Ringer] Peer \u001b[36mBunny.local:8893\u001b[39m\u001b[32m stabilized\u001b[39m on attempt \u001b[36m3\u001b[39m."]
INFO 2015-01-20T20:49:06.052Z ["[Lighter] Views loaded. \u001b[90mx30\u001b[39m"]
INFO 2015-01-20T20:49:06.057Z ["[Ringer] Peer \u001b[36mBunny.local:8894\u001b[39m\u001b[32m stabilized\u001b[39m on attempt \u001b[36m3\u001b[39m."]
INFO 2015-01-20T20:49:06.066Z ["[D6] Views routed to \u001b[36m/d6.js\u001b[39m."]
INFO 2015-01-20T20:49:06.112Z ["[Lighter] Publics loaded. \u001b[90mx48\u001b[39m"]
INFO 2015-01-20T20:49:06.119Z ["[Ringer] Peer \u001b[36mBunny.local:8892\u001b[39m\u001b[32m stabilized\u001b[39m on attempt \u001b[36m3\u001b[39m."]
INFO 2015-01-20T20:49:06.128Z ["[D6] Views routed to \u001b[36m/d6.js\u001b[39m."]
INFO 2015-01-20T20:49:07.002Z ["[Ringer] Peer \u001b[36mBunny.local:8895\u001b[39m\u001b[32m stabilized\u001b[39m on attempt \u001b[36m3\u001b[39m."]
