WARN 2015-01-20T17:17:25.217Z ["[Lighter] Changed \u001b[36m~/Workspace/lighter/lib/model.js\u001b[39m."]
ERROR 2015-01-20T17:17:25.229Z ["Worker 62806 died."]
INFO 2015-01-20T17:17:26.185Z ["[Za] HTTP server listening on 8891."]
INFO 2015-01-20T17:17:26.187Z ["[Ringer] Opened \u001b[36m./data/worker3\u001b[39m database."]
INFO 2015-01-20T17:17:26.187Z ["[Ringer] Peer \u001b[36mBunny.local:8895\u001b[39m is listening."]
INFO 2015-01-20T17:17:26.197Z ["[Lighter] Connected to memcache."]
INFO 2015-01-20T17:17:26.198Z ["[Lighter] Models loaded. \u001b[90mx0\u001b[39m"]
INFO 2015-01-20T17:17:26.198Z ["[Za] HTTP server listening on 8889."]
INFO 2015-01-20T17:17:26.203Z ["[Ringer] Opened \u001b[36m./data/worker1\u001b[39m database."]
INFO 2015-01-20T17:17:26.204Z ["[Za] HTTP server listening on 8888."]
INFO 2015-01-20T17:17:26.204Z ["[Za] HTTP server listening on 8890."]
INFO 2015-01-20T17:17:26.204Z ["[Lighter] Connected to memcache."]
INFO 2015-01-20T17:17:26.206Z ["[Lighter] Scripts routed to \u001b[36m/sly.js\u001b[39m. \u001b[90mx1\u001b[39m"]
INFO 2015-01-20T17:17:26.207Z ["[Ringer] Opened \u001b[36m./data/worker0\u001b[39m database."]
INFO 2015-01-20T17:17:26.208Z ["[Ringer] Opened \u001b[36m./data/worker2\u001b[39m database."]
INFO 2015-01-20T17:17:26.209Z ["[Ringer] Peer \u001b[36mBunny.local:8892\u001b[39m is listening."]
INFO 2015-01-20T17:17:26.209Z ["[Lighter] Connected to memcache."]
INFO 2015-01-20T17:17:26.210Z ["[Ringer] Peer \u001b[36mBunny.local:8894\u001b[39m is listening."]
INFO 2015-01-20T17:17:26.211Z ["[Lighter] Connected to memcache."]
INFO 2015-01-20T17:17:26.214Z ["[Ringer] Peer \u001b[36mBunny.local:8893\u001b[39m is listening."]
INFO 2015-01-20T17:17:26.215Z ["[Lighter] Styles routed to \u001b[36m/sly.css\u001b[39m. \u001b[90mx1\u001b[39m"]
INFO 2015-01-20T17:17:26.215Z ["[Lighter] Models loaded. \u001b[90mx0\u001b[39m"]
INFO 2015-01-20T17:17:26.218Z ["[Lighter] Models loaded. \u001b[90mx0\u001b[39m"]
INFO 2015-01-20T17:17:26.219Z ["[Lighter] Models loaded. \u001b[90mx0\u001b[39m"]
INFO 2015-01-20T17:17:26.220Z ["[Lighter] Controllers loaded. \u001b[90mx2\u001b[39m"]
INFO 2015-01-20T17:17:26.228Z ["[Lighter] Scripts routed to \u001b[36m/sly.js\u001b[39m. \u001b[90mx1\u001b[39m"]
INFO 2015-01-20T17:17:26.231Z ["[Lighter] Styles routed to \u001b[36m/sly.css\u001b[39m. \u001b[90mx1\u001b[39m"]
INFO 2015-01-20T17:17:26.232Z ["[Lighter] Scripts routed to \u001b[36m/sly.js\u001b[39m. \u001b[90mx1\u001b[39m"]
INFO 2015-01-20T17:17:26.233Z ["[Lighter] Styles routed to \u001b[36m/sly.css\u001b[39m. \u001b[90mx1\u001b[39m"]
INFO 2015-01-20T17:17:26.235Z ["[Lighter] Scripts routed to \u001b[36m/sly.js\u001b[39m. \u001b[90mx1\u001b[39m"]
INFO 2015-01-20T17:17:26.236Z ["[Lighter] Controllers loaded. \u001b[90mx2\u001b[39m"]
INFO 2015-01-20T17:17:26.236Z ["[Lighter] Styles routed to \u001b[36m/sly.css\u001b[39m. \u001b[90mx1\u001b[39m"]
INFO 2015-01-20T17:17:26.236Z ["[Lighter] Scripts routed to \u001b[36m/a.js\u001b[39m. \u001b[90mx1\u001b[39m"]
INFO 2015-01-20T17:17:26.240Z ["[Lighter] Controllers loaded. \u001b[90mx2\u001b[39m"]
INFO 2015-01-20T17:17:26.241Z ["[Lighter] Controllers loaded. \u001b[90mx2\u001b[39m"]
INFO 2015-01-20T17:17:26.244Z ["[Lighter] Styles routed to \u001b[36m/a.css\u001b[39m. \u001b[90mx1\u001b[39m"]
INFO 2015-01-20T17:17:26.255Z ["[Lighter] Scripts routed to \u001b[36m/a.js\u001b[39m. \u001b[90mx1\u001b[39m"]
INFO 2015-01-20T17:17:26.258Z ["[Lighter] Scripts routed to \u001b[36m/a.js\u001b[39m. \u001b[90mx1\u001b[39m"]
INFO 2015-01-20T17:17:26.258Z ["[Lighter] Scripts routed to \u001b[36m/a.js\u001b[39m. \u001b[90mx1\u001b[39m"]
INFO 2015-01-20T17:17:26.263Z ["[Lighter] Styles routed to \u001b[36m/a.css\u001b[39m. \u001b[90mx1\u001b[39m"]
INFO 2015-01-20T17:17:26.265Z ["[Lighter] Styles routed to \u001b[36m/a.css\u001b[39m. \u001b[90mx1\u001b[39m"]
INFO 2015-01-20T17:17:26.276Z ["[Lighter] Styles routed to \u001b[36m/a.css\u001b[39m. \u001b[90mx1\u001b[39m"]
INFO 2015-01-20T17:17:27.499Z ["[Lighter] Publics loaded. \u001b[90mx48\u001b[39m"]
INFO 2015-01-20T17:17:27.595Z ["[Lighter] Publics loaded. \u001b[90mx48\u001b[39m"]
INFO 2015-01-20T17:17:28.386Z ["[Lighter] Views loaded. \u001b[90mx30\u001b[39m"]
INFO 2015-01-20T17:17:28.439Z ["[Lighter] Views loaded. \u001b[90mx30\u001b[39m"]
INFO 2015-01-20T17:17:28.615Z ["[Lighter] Publics loaded. \u001b[90mx48\u001b[39m"]
INFO 2015-01-20T17:17:28.627Z ["[Lighter] Views loaded. \u001b[90mx30\u001b[39m"]
INFO 2015-01-20T17:17:28.634Z ["[D6] Views routed to \u001b[36m/d6.js\u001b[39m."]
INFO 2015-01-20T17:17:28.641Z ["[Lighter] Publics loaded. \u001b[90mx48\u001b[39m"]
INFO 2015-01-20T17:17:28.643Z ["[D6] Views routed to \u001b[36m/d6.js\u001b[39m."]
INFO 2015-01-20T17:17:28.646Z ["[Ringer] Peer \u001b[36mBunny.local:8895\u001b[39m\u001b[32m stabilized\u001b[39m on attempt \u001b[36m3\u001b[39m."]
INFO 2015-01-20T17:17:28.654Z ["[D6] Views routed to \u001b[36m/d6.js\u001b[39m."]
INFO 2015-01-20T17:17:28.760Z ["[Lighter] Views loaded. \u001b[90mx30\u001b[39m"]
INFO 2015-01-20T17:17:28.766Z ["[Ringer] Peer \u001b[36mBunny.local:8892\u001b[39m\u001b[32m stabilized\u001b[39m on attempt \u001b[36m2\u001b[39m."]
INFO 2015-01-20T17:17:28.766Z ["[Ringer] Peer \u001b[36mBunny.local:8893\u001b[39m\u001b[32m stabilized\u001b[39m on attempt \u001b[36m2\u001b[39m."]
INFO 2015-01-20T17:17:28.766Z ["[Ringer] Peer \u001b[36mBunny.local:8894\u001b[39m\u001b[32m stabilized\u001b[39m on attempt \u001b[36m2\u001b[39m."]
INFO 2015-01-20T17:17:28.773Z ["[D6] Views routed to \u001b[36m/d6.js\u001b[39m."]
