WARN 2015-01-20T23:09:09.369Z ["[Lighter] Changed \u001b[36m~/Workspace/lighter/lib/app.js\u001b[39m."]
ERROR 2015-01-20T23:09:09.385Z ["Worker 89747 died."]
INFO 2015-01-20T23:09:10.350Z ["[Za] HTTP server listening on 8890."]
INFO 2015-01-20T23:09:10.351Z ["[Ringer] Opened \u001b[36m./data/worker2\u001b[39m database."]
INFO 2015-01-20T23:09:10.353Z ["[Ringer] Peer \u001b[36mBunny.local:8894\u001b[39m is listening."]
INFO 2015-01-20T23:09:10.353Z ["[Lighter] Connected to memcache."]
INFO 2015-01-20T23:09:10.359Z ["[Lighter] Models loaded. \u001b[90mx0\u001b[39m"]
INFO 2015-01-20T23:09:10.365Z ["[Za] HTTP server listening on 8889."]
INFO 2015-01-20T23:09:10.365Z ["[Ringer] Opened \u001b[36m./data/worker1\u001b[39m database."]
INFO 2015-01-20T23:09:10.367Z ["[Za] HTTP server listening on 8891."]
INFO 2015-01-20T23:09:10.367Z ["[Ringer] Opened \u001b[36m./data/worker3\u001b[39m database."]
INFO 2015-01-20T23:09:10.369Z ["[Ringer] Peer \u001b[36mBunny.local:8893\u001b[39m is listening."]
INFO 2015-01-20T23:09:10.369Z ["[Lighter] Connected to memcache."]
INFO 2015-01-20T23:09:10.370Z ["[Ringer] Peer \u001b[36mBunny.local:8895\u001b[39m is listening."]
INFO 2015-01-20T23:09:10.371Z ["[Lighter] Connected to memcache."]
INFO 2015-01-20T23:09:10.372Z ["[Lighter] Scripts routed to \u001b[36m/sly.js\u001b[39m. \u001b[90mx1\u001b[39m"]
INFO 2015-01-20T23:09:10.372Z ["[Lighter] Styles routed to \u001b[36m/sly.css\u001b[39m. \u001b[90mx1\u001b[39m"]
INFO 2015-01-20T23:09:10.374Z ["[Lighter] Models loaded. \u001b[90mx0\u001b[39m"]
INFO 2015-01-20T23:09:10.375Z ["[Lighter] Controllers loaded. \u001b[90mx2\u001b[39m"]
INFO 2015-01-20T23:09:10.375Z ["[Lighter] Models loaded. \u001b[90mx0\u001b[39m"]
INFO 2015-01-20T23:09:10.382Z ["[Za] HTTP server listening on 8888."]
INFO 2015-01-20T23:09:10.382Z ["[Ringer] Opened \u001b[36m./data/worker0\u001b[39m database."]
INFO 2015-01-20T23:09:10.383Z ["[Lighter] Scripts routed to \u001b[36m/sly.js\u001b[39m. \u001b[90mx1\u001b[39m"]
INFO 2015-01-20T23:09:10.383Z ["[Lighter] Styles routed to \u001b[36m/sly.css\u001b[39m. \u001b[90mx1\u001b[39m"]
INFO 2015-01-20T23:09:10.385Z ["[Lighter] Scripts routed to \u001b[36m/a.js\u001b[39m. \u001b[90mx1\u001b[39m"]
INFO 2015-01-20T23:09:10.385Z ["[Ringer] Peer \u001b[36mBunny.local:8892\u001b[39m is listening."]
INFO 2015-01-20T23:09:10.385Z ["[Lighter] Connected to memcache."]
INFO 2015-01-20T23:09:10.386Z ["[Lighter] Controllers loaded. \u001b[90mx2\u001b[39m"]
INFO 2015-01-20T23:09:10.387Z ["[Lighter] Scripts routed to \u001b[36m/sly.js\u001b[39m. \u001b[90mx1\u001b[39m"]
INFO 2015-01-20T23:09:10.387Z ["[Lighter] Styles routed to \u001b[36m/sly.css\u001b[39m. \u001b[90mx1\u001b[39m"]
INFO 2015-01-20T23:09:10.389Z ["[Lighter] Models loaded. \u001b[90mx0\u001b[39m"]
INFO 2015-01-20T23:09:10.391Z ["[Lighter] Controllers loaded. \u001b[90mx2\u001b[39m"]
INFO 2015-01-20T23:09:10.392Z ["[Lighter] Styles routed to \u001b[36m/a.css\u001b[39m. \u001b[90mx1\u001b[39m"]
INFO 2015-01-20T23:09:10.398Z ["[Lighter] Scripts routed to \u001b[36m/sly.js\u001b[39m. \u001b[90mx1\u001b[39m"]
INFO 2015-01-20T23:09:10.398Z ["[Lighter] Styles routed to \u001b[36m/sly.css\u001b[39m. \u001b[90mx1\u001b[39m"]
INFO 2015-01-20T23:09:10.400Z ["[Lighter] Scripts routed to \u001b[36m/a.js\u001b[39m. \u001b[90mx1\u001b[39m"]
INFO 2015-01-20T23:09:10.401Z ["[Lighter] Controllers loaded. \u001b[90mx2\u001b[39m"]
INFO 2015-01-20T23:09:10.403Z ["[Lighter] Scripts routed to \u001b[36m/a.js\u001b[39m. \u001b[90mx1\u001b[39m"]
INFO 2015-01-20T23:09:10.405Z ["[Lighter] Styles routed to \u001b[36m/a.css\u001b[39m. \u001b[90mx1\u001b[39m"]
INFO 2015-01-20T23:09:10.408Z ["[Lighter] Styles routed to \u001b[36m/a.css\u001b[39m. \u001b[90mx1\u001b[39m"]
INFO 2015-01-20T23:09:10.411Z ["[Lighter] Scripts routed to \u001b[36m/a.js\u001b[39m. \u001b[90mx1\u001b[39m"]
INFO 2015-01-20T23:09:10.415Z ["[Lighter] Styles routed to \u001b[36m/a.css\u001b[39m. \u001b[90mx1\u001b[39m"]
ERROR 2015-01-20T23:09:11.520Z ["Worker 90130 died."]
INFO 2015-01-20T23:09:13.598Z ["[Za] HTTP server listening on 8888."]
INFO 2015-01-20T23:09:13.599Z ["[Ringer] Opened \u001b[36m./data/worker0\u001b[39m database."]
INFO 2015-01-20T23:09:13.599Z ["[Ringer] Peer \u001b[36mBunny.local:8892\u001b[39m is listening."]
INFO 2015-01-20T23:09:13.600Z ["[Lighter] Connected to memcache."]
INFO 2015-01-20T23:09:13.603Z ["[Za] HTTP server listening on 8889."]
INFO 2015-01-20T23:09:13.604Z ["[Za] HTTP server listening on 8891."]
INFO 2015-01-20T23:09:13.606Z ["[Lighter] Models loaded. \u001b[90mx0\u001b[39m"]
INFO 2015-01-20T23:09:13.607Z ["[Ringer] Opened \u001b[36m./data/worker1\u001b[39m database."]
INFO 2015-01-20T23:09:13.607Z ["[Ringer] Peer \u001b[36mBunny.local:8893\u001b[39m is listening."]
INFO 2015-01-20T23:09:13.608Z ["[Lighter] Connected to memcache."]
INFO 2015-01-20T23:09:13.608Z ["[Ringer] Opened \u001b[36m./data/worker3\u001b[39m database."]
INFO 2015-01-20T23:09:13.609Z ["[Ringer] Peer \u001b[36mBunny.local:8895\u001b[39m is listening."]
INFO 2015-01-20T23:09:13.609Z ["[Lighter] Connected to memcache."]
INFO 2015-01-20T23:09:13.613Z ["[Lighter] Models loaded. \u001b[90mx0\u001b[39m"]
INFO 2015-01-20T23:09:13.614Z ["[Lighter] Models loaded. \u001b[90mx0\u001b[39m"]
INFO 2015-01-20T23:09:13.619Z ["[Lighter] Scripts routed to \u001b[36m/sly.js\u001b[39m. \u001b[90mx1\u001b[39m"]
INFO 2015-01-20T23:09:13.620Z ["[Lighter] Styles routed to \u001b[36m/sly.css\u001b[39m. \u001b[90mx1\u001b[39m"]
INFO 2015-01-20T23:09:13.624Z ["[Lighter] Controllers loaded. \u001b[90mx2\u001b[39m"]
INFO 2015-01-20T23:09:13.624Z ["[Lighter] Scripts routed to \u001b[36m/sly.js\u001b[39m. \u001b[90mx1\u001b[39m"]
INFO 2015-01-20T23:09:13.625Z ["[Lighter] Styles routed to \u001b[36m/sly.css\u001b[39m. \u001b[90mx1\u001b[39m"]
INFO 2015-01-20T23:09:13.628Z ["[Lighter] Controllers loaded. \u001b[90mx2\u001b[39m"]
INFO 2015-01-20T23:09:13.629Z ["[Lighter] Scripts routed to \u001b[36m/sly.js\u001b[39m. \u001b[90mx1\u001b[39m"]
INFO 2015-01-20T23:09:13.629Z ["[Lighter] Styles routed to \u001b[36m/sly.css\u001b[39m. \u001b[90mx1\u001b[39m"]
INFO 2015-01-20T23:09:13.634Z ["[Lighter] Controllers loaded. \u001b[90mx2\u001b[39m"]
INFO 2015-01-20T23:09:13.634Z ["[Za] HTTP server listening on 8890."]
INFO 2015-01-20T23:09:13.637Z ["[Lighter] Scripts routed to \u001b[36m/a.js\u001b[39m. \u001b[90mx1\u001b[39m"]
INFO 2015-01-20T23:09:13.639Z ["[Ringer] Opened \u001b[36m./data/worker2\u001b[39m database."]
INFO 2015-01-20T23:09:13.639Z ["[Ringer] Peer \u001b[36mBunny.local:8894\u001b[39m is listening."]
INFO 2015-01-20T23:09:13.640Z ["[Lighter] Connected to memcache."]
INFO 2015-01-20T23:09:13.641Z ["[Lighter] Scripts routed to \u001b[36m/a.js\u001b[39m. \u001b[90mx1\u001b[39m"]
INFO 2015-01-20T23:09:13.642Z ["[Lighter] Styles routed to \u001b[36m/a.css\u001b[39m. \u001b[90mx1\u001b[39m"]
INFO 2015-01-20T23:09:13.644Z ["[Lighter] Models loaded. \u001b[90mx0\u001b[39m"]
INFO 2015-01-20T23:09:13.647Z ["[Lighter] Styles routed to \u001b[36m/a.css\u001b[39m. \u001b[90mx1\u001b[39m"]
INFO 2015-01-20T23:09:13.647Z ["[Lighter] Scripts routed to \u001b[36m/a.js\u001b[39m. \u001b[90mx1\u001b[39m"]
INFO 2015-01-20T23:09:13.654Z ["[Lighter] Styles routed to \u001b[36m/a.css\u001b[39m. \u001b[90mx1\u001b[39m"]
INFO 2015-01-20T23:09:13.657Z ["[Lighter] Scripts routed to \u001b[36m/sly.js\u001b[39m. \u001b[90mx1\u001b[39m"]
INFO 2015-01-20T23:09:13.660Z ["[Lighter] Styles routed to \u001b[36m/sly.css\u001b[39m. \u001b[90mx1\u001b[39m"]
INFO 2015-01-20T23:09:13.664Z ["[Lighter] Controllers loaded. \u001b[90mx2\u001b[39m"]
INFO 2015-01-20T23:09:13.681Z ["[Lighter] Scripts routed to \u001b[36m/a.js\u001b[39m. \u001b[90mx1\u001b[39m"]
INFO 2015-01-20T23:09:13.682Z ["[Lighter] Styles routed to \u001b[36m/a.css\u001b[39m. \u001b[90mx1\u001b[39m"]
INFO 2015-01-20T23:09:14.640Z ["[Lighter] Views loaded. \u001b[90mx30\u001b[39m"]
INFO 2015-01-20T23:09:14.707Z ["[Lighter] Views loaded. \u001b[90mx30\u001b[39m"]
ERROR 2015-01-20T23:09:14.718Z ["Worker 90146 died."]
INFO 2015-01-20T23:09:16.779Z ["[Za] HTTP server listening on 8890."]
INFO 2015-01-20T23:09:16.782Z ["[Ringer] Opened \u001b[36m./data/worker2\u001b[39m database."]
INFO 2015-01-20T23:09:16.783Z ["[Ringer] Peer \u001b[36mBunny.local:8894\u001b[39m is listening."]
INFO 2015-01-20T23:09:16.784Z ["[Lighter] Connected to memcache."]
INFO 2015-01-20T23:09:16.788Z ["[Za] HTTP server listening on 8889."]
INFO 2015-01-20T23:09:16.792Z ["[Lighter] Models loaded. \u001b[90mx0\u001b[39m"]
INFO 2015-01-20T23:09:16.797Z ["[Ringer] Opened \u001b[36m./data/worker1\u001b[39m database."]
INFO 2015-01-20T23:09:16.800Z ["[Ringer] Peer \u001b[36mBunny.local:8893\u001b[39m is listening."]
INFO 2015-01-20T23:09:16.800Z ["[Lighter] Connected to memcache."]
INFO 2015-01-20T23:09:16.814Z ["[Lighter] Models loaded. \u001b[90mx0\u001b[39m"]
INFO 2015-01-20T23:09:16.815Z ["[Za] HTTP server listening on 8891."]
INFO 2015-01-20T23:09:16.823Z ["[Ringer] Opened \u001b[36m./data/worker3\u001b[39m database."]
INFO 2015-01-20T23:09:16.825Z ["[Ringer] Peer \u001b[36mBunny.local:8895\u001b[39m is listening."]
INFO 2015-01-20T23:09:16.825Z ["[Lighter] Connected to memcache."]
INFO 2015-01-20T23:09:16.831Z ["[Za] HTTP server listening on 8888."]
INFO 2015-01-20T23:09:16.831Z ["[Ringer] Opened \u001b[36m./data/worker0\u001b[39m database."]
INFO 2015-01-20T23:09:16.832Z ["[Lighter] Models loaded. \u001b[90mx0\u001b[39m"]
INFO 2015-01-20T23:09:16.832Z ["[Lighter] Scripts routed to \u001b[36m/sly.js\u001b[39m. \u001b[90mx1\u001b[39m"]
INFO 2015-01-20T23:09:16.833Z ["[Lighter] Scripts routed to \u001b[36m/sly.js\u001b[39m. \u001b[90mx1\u001b[39m"]
INFO 2015-01-20T23:09:16.833Z ["[Lighter] Styles routed to \u001b[36m/sly.css\u001b[39m. \u001b[90mx1\u001b[39m"]
INFO 2015-01-20T23:09:16.834Z ["[Lighter] Styles routed to \u001b[36m/sly.css\u001b[39m. \u001b[90mx1\u001b[39m"]
INFO 2015-01-20T23:09:16.838Z ["[Lighter] Controllers loaded. \u001b[90mx2\u001b[39m"]
INFO 2015-01-20T23:09:16.839Z ["[Lighter] Controllers loaded. \u001b[90mx2\u001b[39m"]
INFO 2015-01-20T23:09:16.846Z ["[Ringer] Peer \u001b[36mBunny.local:8892\u001b[39m is listening."]
INFO 2015-01-20T23:09:16.846Z ["[Lighter] Connected to memcache."]
INFO 2015-01-20T23:09:16.849Z ["[Lighter] Scripts routed to \u001b[36m/sly.js\u001b[39m. \u001b[90mx1\u001b[39m"]
INFO 2015-01-20T23:09:16.851Z ["[Lighter] Styles routed to \u001b[36m/sly.css\u001b[39m. \u001b[90mx1\u001b[39m"]
INFO 2015-01-20T23:09:16.854Z ["[Lighter] Models loaded. \u001b[90mx0\u001b[39m"]
INFO 2015-01-20T23:09:16.861Z ["[Lighter] Scripts routed to \u001b[36m/a.js\u001b[39m. \u001b[90mx1\u001b[39m"]
INFO 2015-01-20T23:09:16.872Z ["[Lighter] Styles routed to \u001b[36m/a.css\u001b[39m. \u001b[90mx1\u001b[39m"]
INFO 2015-01-20T23:09:16.874Z ["[Lighter] Controllers loaded. \u001b[90mx2\u001b[39m"]
INFO 2015-01-20T23:09:16.875Z ["[Lighter] Scripts routed to \u001b[36m/a.js\u001b[39m. \u001b[90mx1\u001b[39m"]
INFO 2015-01-20T23:09:16.878Z ["[Lighter] Scripts routed to \u001b[36m/sly.js\u001b[39m. \u001b[90mx1\u001b[39m"]
INFO 2015-01-20T23:09:16.878Z ["[Lighter] Styles routed to \u001b[36m/sly.css\u001b[39m. \u001b[90mx1\u001b[39m"]
INFO 2015-01-20T23:09:16.885Z ["[Lighter] Controllers loaded. \u001b[90mx2\u001b[39m"]
INFO 2015-01-20T23:09:16.889Z ["[Lighter] Styles routed to \u001b[36m/a.css\u001b[39m. \u001b[90mx1\u001b[39m"]
INFO 2015-01-20T23:09:16.905Z ["[Lighter] Scripts routed to \u001b[36m/a.js\u001b[39m. \u001b[90mx1\u001b[39m"]
INFO 2015-01-20T23:09:16.909Z ["[Lighter] Scripts routed to \u001b[36m/a.js\u001b[39m. \u001b[90mx1\u001b[39m"]
INFO 2015-01-20T23:09:16.913Z ["[Lighter] Styles routed to \u001b[36m/a.css\u001b[39m. \u001b[90mx1\u001b[39m"]
INFO 2015-01-20T23:09:16.918Z ["[Lighter] Styles routed to \u001b[36m/a.css\u001b[39m. \u001b[90mx1\u001b[39m"]
ERROR 2015-01-20T23:09:17.826Z ["Worker 90158 died."]
INFO 2015-01-20T23:09:19.102Z ["[Za] HTTP server listening on 8889."]
INFO 2015-01-20T23:09:19.107Z ["[Ringer] Opened \u001b[36m./data/worker1\u001b[39m database."]
INFO 2015-01-20T23:09:19.107Z ["[Ringer] Peer \u001b[36mBunny.local:8893\u001b[39m is listening."]
INFO 2015-01-20T23:09:19.108Z ["[Lighter] Connected to memcache."]
INFO 2015-01-20T23:09:19.110Z ["[Za] HTTP server listening on 8888."]
INFO 2015-01-20T23:09:19.110Z ["[Za] HTTP server listening on 8891."]
INFO 2015-01-20T23:09:19.113Z ["[Lighter] Models loaded. \u001b[90mx0\u001b[39m"]
INFO 2015-01-20T23:09:19.114Z ["[Ringer] Opened \u001b[36m./data/worker3\u001b[39m database."]
INFO 2015-01-20T23:09:19.114Z ["[Ringer] Opened \u001b[36m./data/worker0\u001b[39m database."]
INFO 2015-01-20T23:09:19.114Z ["[Ringer] Peer \u001b[36mBunny.local:8895\u001b[39m is listening."]
INFO 2015-01-20T23:09:19.114Z ["[Lighter] Connected to memcache."]
INFO 2015-01-20T23:09:19.115Z ["[Ringer] Peer \u001b[36mBunny.local:8892\u001b[39m is listening."]
INFO 2015-01-20T23:09:19.115Z ["[Lighter] Connected to memcache."]
INFO 2015-01-20T23:09:19.118Z ["[Lighter] Models loaded. \u001b[90mx0\u001b[39m"]
INFO 2015-01-20T23:09:19.121Z ["[Lighter] Models loaded. \u001b[90mx0\u001b[39m"]
INFO 2015-01-20T23:09:19.126Z ["[Lighter] Scripts routed to \u001b[36m/sly.js\u001b[39m. \u001b[90mx1\u001b[39m"]
INFO 2015-01-20T23:09:19.127Z ["[Lighter] Styles routed to \u001b[36m/sly.css\u001b[39m. \u001b[90mx1\u001b[39m"]
INFO 2015-01-20T23:09:19.128Z ["[Za] HTTP server listening on 8890."]
INFO 2015-01-20T23:09:19.130Z ["[Lighter] Scripts routed to \u001b[36m/sly.js\u001b[39m. \u001b[90mx1\u001b[39m"]
INFO 2015-01-20T23:09:19.130Z ["[Lighter] Controllers loaded. \u001b[90mx2\u001b[39m"]
INFO 2015-01-20T23:09:19.131Z ["[Lighter] Styles routed to \u001b[36m/sly.css\u001b[39m. \u001b[90mx1\u001b[39m"]
INFO 2015-01-20T23:09:19.132Z ["[Lighter] Scripts routed to \u001b[36m/sly.js\u001b[39m. \u001b[90mx1\u001b[39m"]
INFO 2015-01-20T23:09:19.132Z ["[Lighter] Styles routed to \u001b[36m/sly.css\u001b[39m. \u001b[90mx1\u001b[39m"]
INFO 2015-01-20T23:09:19.132Z ["[Ringer] Opened \u001b[36m./data/worker2\u001b[39m database."]
INFO 2015-01-20T23:09:19.133Z ["[Ringer] Peer \u001b[36mBunny.local:8894\u001b[39m is listening."]
INFO 2015-01-20T23:09:19.133Z ["[Lighter] Connected to memcache."]
INFO 2015-01-20T23:09:19.134Z ["[Lighter] Controllers loaded. \u001b[90mx2\u001b[39m"]
INFO 2015-01-20T23:09:19.136Z ["[Lighter] Controllers loaded. \u001b[90mx2\u001b[39m"]
INFO 2015-01-20T23:09:19.141Z ["[Lighter] Models loaded. \u001b[90mx0\u001b[39m"]
INFO 2015-01-20T23:09:19.145Z ["[Lighter] Scripts routed to \u001b[36m/a.js\u001b[39m. \u001b[90mx1\u001b[39m"]
INFO 2015-01-20T23:09:19.149Z ["[Lighter] Scripts routed to \u001b[36m/a.js\u001b[39m. \u001b[90mx1\u001b[39m"]
INFO 2015-01-20T23:09:19.151Z ["[Lighter] Styles routed to \u001b[36m/a.css\u001b[39m. \u001b[90mx1\u001b[39m"]
INFO 2015-01-20T23:09:19.165Z ["[Lighter] Styles routed to \u001b[36m/a.css\u001b[39m. \u001b[90mx1\u001b[39m"]
INFO 2015-01-20T23:09:19.177Z ["[Lighter] Scripts routed to \u001b[36m/a.js\u001b[39m. \u001b[90mx1\u001b[39m"]
INFO 2015-01-20T23:09:19.178Z ["[Lighter] Styles routed to \u001b[36m/a.css\u001b[39m. \u001b[90mx1\u001b[39m"]
INFO 2015-01-20T23:09:19.183Z ["[Lighter] Scripts routed to \u001b[36m/sly.js\u001b[39m. \u001b[90mx1\u001b[39m"]
INFO 2015-01-20T23:09:19.183Z ["[Lighter] Styles routed to \u001b[36m/sly.css\u001b[39m. \u001b[90mx1\u001b[39m"]
INFO 2015-01-20T23:09:19.186Z ["[Lighter] Controllers loaded. \u001b[90mx2\u001b[39m"]
INFO 2015-01-20T23:09:19.192Z ["[Lighter] Scripts routed to \u001b[36m/a.js\u001b[39m. \u001b[90mx1\u001b[39m"]
INFO 2015-01-20T23:09:19.193Z ["[Lighter] Styles routed to \u001b[36m/a.css\u001b[39m. \u001b[90mx1\u001b[39m"]
ERROR 2015-01-20T23:09:20.133Z ["Worker 90171 died."]
INFO 2015-01-20T23:09:22.193Z ["[Za] HTTP server listening on 8890."]
INFO 2015-01-20T23:09:22.194Z ["[Za] HTTP server listening on 8888."]
INFO 2015-01-20T23:09:22.195Z ["[Za] HTTP server listening on 8889."]
INFO 2015-01-20T23:09:22.195Z ["[Ringer] Opened \u001b[36m./data/worker2\u001b[39m database."]
INFO 2015-01-20T23:09:22.196Z ["[Ringer] Peer \u001b[36mBunny.local:8894\u001b[39m is listening."]
INFO 2015-01-20T23:09:22.196Z ["[Lighter] Connected to memcache."]
INFO 2015-01-20T23:09:22.198Z ["[Ringer] Opened \u001b[36m./data/worker0\u001b[39m database."]
INFO 2015-01-20T23:09:22.199Z ["[Ringer] Peer \u001b[36mBunny.local:8892\u001b[39m is listening."]
INFO 2015-01-20T23:09:22.199Z ["[Lighter] Connected to memcache."]
INFO 2015-01-20T23:09:22.200Z ["[Ringer] Opened \u001b[36m./data/worker1\u001b[39m database."]
INFO 2015-01-20T23:09:22.200Z ["[Lighter] Models loaded. \u001b[90mx0\u001b[39m"]
INFO 2015-01-20T23:09:22.201Z ["[Ringer] Peer \u001b[36mBunny.local:8893\u001b[39m is listening."]
INFO 2015-01-20T23:09:22.201Z ["[Lighter] Connected to memcache."]
INFO 2015-01-20T23:09:22.206Z ["[Lighter] Models loaded. \u001b[90mx0\u001b[39m"]
INFO 2015-01-20T23:09:22.208Z ["[Lighter] Models loaded. \u001b[90mx0\u001b[39m"]
INFO 2015-01-20T23:09:22.211Z ["[Lighter] Scripts routed to \u001b[36m/sly.js\u001b[39m. \u001b[90mx1\u001b[39m"]
INFO 2015-01-20T23:09:22.212Z ["[Lighter] Styles routed to \u001b[36m/sly.css\u001b[39m. \u001b[90mx1\u001b[39m"]
INFO 2015-01-20T23:09:22.219Z ["[Lighter] Controllers loaded. \u001b[90mx2\u001b[39m"]
INFO 2015-01-20T23:09:22.245Z ["[Lighter] Scripts routed to \u001b[36m/a.js\u001b[39m. \u001b[90mx1\u001b[39m"]
INFO 2015-01-20T23:09:22.245Z ["[Za] HTTP server listening on 8891."]
INFO 2015-01-20T23:09:22.252Z ["[Ringer] Opened \u001b[36m./data/worker3\u001b[39m database."]
INFO 2015-01-20T23:09:22.252Z ["[Lighter] Connected to memcache."]
INFO 2015-01-20T23:09:22.257Z ["[Ringer] Peer \u001b[36mBunny.local:8895\u001b[39m is listening."]
INFO 2015-01-20T23:09:22.258Z ["[Lighter] Models loaded. \u001b[90mx0\u001b[39m"]
INFO 2015-01-20T23:09:22.263Z ["[Lighter] Scripts routed to \u001b[36m/sly.js\u001b[39m. \u001b[90mx1\u001b[39m"]
INFO 2015-01-20T23:09:22.263Z ["[Lighter] Styles routed to \u001b[36m/sly.css\u001b[39m. \u001b[90mx1\u001b[39m"]
INFO 2015-01-20T23:09:22.264Z ["[Lighter] Scripts routed to \u001b[36m/sly.js\u001b[39m. \u001b[90mx1\u001b[39m"]
INFO 2015-01-20T23:09:22.264Z ["[Lighter] Styles routed to \u001b[36m/sly.css\u001b[39m. \u001b[90mx1\u001b[39m"]
INFO 2015-01-20T23:09:22.266Z ["[Lighter] Controllers loaded. \u001b[90mx2\u001b[39m"]
INFO 2015-01-20T23:09:22.267Z ["[Lighter] Controllers loaded. \u001b[90mx2\u001b[39m"]
INFO 2015-01-20T23:09:22.272Z ["[Lighter] Scripts routed to \u001b[36m/a.js\u001b[39m. \u001b[90mx1\u001b[39m"]
INFO 2015-01-20T23:09:22.273Z ["[Lighter] Scripts routed to \u001b[36m/sly.js\u001b[39m. \u001b[90mx1\u001b[39m"]
INFO 2015-01-20T23:09:22.273Z ["[Lighter] Styles routed to \u001b[36m/sly.css\u001b[39m. \u001b[90mx1\u001b[39m"]
INFO 2015-01-20T23:09:22.274Z ["[Lighter] Styles routed to \u001b[36m/a.css\u001b[39m. \u001b[90mx1\u001b[39m"]
INFO 2015-01-20T23:09:22.275Z ["[Lighter] Styles routed to \u001b[36m/a.css\u001b[39m. \u001b[90mx1\u001b[39m"]
INFO 2015-01-20T23:09:22.275Z ["[Lighter] Scripts routed to \u001b[36m/a.js\u001b[39m. \u001b[90mx1\u001b[39m"]
INFO 2015-01-20T23:09:22.277Z ["[Lighter] Styles routed to \u001b[36m/a.css\u001b[39m. \u001b[90mx1\u001b[39m"]
INFO 2015-01-20T23:09:22.278Z ["[Lighter] Controllers loaded. \u001b[90mx2\u001b[39m"]
INFO 2015-01-20T23:09:22.297Z ["[Lighter] Scripts routed to \u001b[36m/a.js\u001b[39m. \u001b[90mx1\u001b[39m"]
INFO 2015-01-20T23:09:22.301Z ["[Lighter] Styles routed to \u001b[36m/a.css\u001b[39m. \u001b[90mx1\u001b[39m"]
ERROR 2015-01-20T23:09:23.345Z ["Worker 90184 died."]
INFO 2015-01-20T23:09:26.007Z ["[Za] HTTP server listening on 8889."]
INFO 2015-01-20T23:09:26.010Z ["[Za] HTTP server listening on 8888."]
INFO 2015-01-20T23:09:26.012Z ["[Ringer] Opened \u001b[36m./data/worker0\u001b[39m database."]
INFO 2015-01-20T23:09:26.012Z ["[Za] HTTP server listening on 8891."]
INFO 2015-01-20T23:09:26.013Z ["[Ringer] Peer \u001b[36mBunny.local:8892\u001b[39m is listening."]
INFO 2015-01-20T23:09:26.013Z ["[Lighter] Connected to memcache."]
INFO 2015-01-20T23:09:26.014Z ["[Ringer] Opened \u001b[36m./data/worker1\u001b[39m database."]
INFO 2015-01-20T23:09:26.015Z ["[Ringer] Peer \u001b[36mBunny.local:8893\u001b[39m is listening."]
INFO 2015-01-20T23:09:26.015Z ["[Lighter] Connected to memcache."]
INFO 2015-01-20T23:09:26.017Z ["[Ringer] Opened \u001b[36m./data/worker3\u001b[39m database."]
INFO 2015-01-20T23:09:26.018Z ["[Ringer] Peer \u001b[36mBunny.local:8895\u001b[39m is listening."]
INFO 2015-01-20T23:09:26.019Z ["[Lighter] Connected to memcache."]
INFO 2015-01-20T23:09:26.020Z ["[Lighter] Models loaded. \u001b[90mx0\u001b[39m"]
INFO 2015-01-20T23:09:26.020Z ["[Lighter] Models loaded. \u001b[90mx0\u001b[39m"]
INFO 2015-01-20T23:09:26.025Z ["[Lighter] Models loaded. \u001b[90mx0\u001b[39m"]
INFO 2015-01-20T23:09:26.028Z ["[Za] HTTP server listening on 8890."]
INFO 2015-01-20T23:09:26.032Z ["[Ringer] Opened \u001b[36m./data/worker2\u001b[39m database."]
INFO 2015-01-20T23:09:26.033Z ["[Ringer] Peer \u001b[36mBunny.local:8894\u001b[39m is listening."]
INFO 2015-01-20T23:09:26.033Z ["[Lighter] Scripts routed to \u001b[36m/sly.js\u001b[39m. \u001b[90mx1\u001b[39m"]
INFO 2015-01-20T23:09:26.033Z ["[Lighter] Connected to memcache."]
INFO 2015-01-20T23:09:26.034Z ["[Lighter] Styles routed to \u001b[36m/sly.css\u001b[39m. \u001b[90mx1\u001b[39m"]
INFO 2015-01-20T23:09:26.034Z ["[Lighter] Scripts routed to \u001b[36m/sly.js\u001b[39m. \u001b[90mx1\u001b[39m"]
INFO 2015-01-20T23:09:26.036Z ["[Lighter] Styles routed to \u001b[36m/sly.css\u001b[39m. \u001b[90mx1\u001b[39m"]
INFO 2015-01-20T23:09:26.039Z ["[Lighter] Scripts routed to \u001b[36m/sly.js\u001b[39m. \u001b[90mx1\u001b[39m"]
INFO 2015-01-20T23:09:26.039Z ["[Lighter] Models loaded. \u001b[90mx0\u001b[39m"]
INFO 2015-01-20T23:09:26.041Z ["[Lighter] Controllers loaded. \u001b[90mx2\u001b[39m"]
INFO 2015-01-20T23:09:26.042Z ["[Lighter] Controllers loaded. \u001b[90mx2\u001b[39m"]
INFO 2015-01-20T23:09:26.043Z ["[Lighter] Styles routed to \u001b[36m/sly.css\u001b[39m. \u001b[90mx1\u001b[39m"]
INFO 2015-01-20T23:09:26.044Z ["[Lighter] Controllers loaded. \u001b[90mx2\u001b[39m"]
INFO 2015-01-20T23:09:26.052Z ["[Lighter] Scripts routed to \u001b[36m/a.js\u001b[39m. \u001b[90mx1\u001b[39m"]
INFO 2015-01-20T23:09:26.053Z ["[Lighter] Scripts routed to \u001b[36m/sly.js\u001b[39m. \u001b[90mx1\u001b[39m"]
INFO 2015-01-20T23:09:26.054Z ["[Lighter] Styles routed to \u001b[36m/sly.css\u001b[39m. \u001b[90mx1\u001b[39m"]
INFO 2015-01-20T23:09:26.055Z ["[Lighter] Scripts routed to \u001b[36m/a.js\u001b[39m. \u001b[90mx1\u001b[39m"]
INFO 2015-01-20T23:09:26.061Z ["[Lighter] Controllers loaded. \u001b[90mx2\u001b[39m"]
INFO 2015-01-20T23:09:26.061Z ["[Lighter] Styles routed to \u001b[36m/a.css\u001b[39m. \u001b[90mx1\u001b[39m"]
INFO 2015-01-20T23:09:26.090Z ["[Lighter] Styles routed to \u001b[36m/a.css\u001b[39m. \u001b[90mx1\u001b[39m"]
INFO 2015-01-20T23:09:26.094Z ["[Lighter] Styles routed to \u001b[36m/a.css\u001b[39m. \u001b[90mx1\u001b[39m"]
INFO 2015-01-20T23:09:26.097Z ["[Lighter] Scripts routed to \u001b[36m/a.js\u001b[39m. \u001b[90mx1\u001b[39m"]
INFO 2015-01-20T23:09:26.106Z ["[Lighter] Scripts routed to \u001b[36m/a.js\u001b[39m. \u001b[90mx1\u001b[39m"]
INFO 2015-01-20T23:09:26.107Z ["[Lighter] Styles routed to \u001b[36m/a.css\u001b[39m. \u001b[90mx1\u001b[39m"]
ERROR 2015-01-20T23:09:27.227Z ["Worker 90197 died."]
INFO 2015-01-20T23:09:29.506Z ["[Za] HTTP server listening on 8891."]
INFO 2015-01-20T23:09:29.509Z ["[Ringer] Opened \u001b[36m./data/worker3\u001b[39m database."]
INFO 2015-01-20T23:09:29.510Z ["[Ringer] Peer \u001b[36mBunny.local:8895\u001b[39m is listening."]
INFO 2015-01-20T23:09:29.511Z ["[Lighter] Connected to memcache."]
INFO 2015-01-20T23:09:29.516Z ["[Lighter] Models loaded. \u001b[90mx0\u001b[39m"]
INFO 2015-01-20T23:09:29.531Z ["[Lighter] Scripts routed to \u001b[36m/sly.js\u001b[39m. \u001b[90mx1\u001b[39m"]
INFO 2015-01-20T23:09:29.532Z ["[Lighter] Styles routed to \u001b[36m/sly.css\u001b[39m. \u001b[90mx1\u001b[39m"]
INFO 2015-01-20T23:09:29.533Z ["[Za] HTTP server listening on 8889."]
INFO 2015-01-20T23:09:29.536Z ["[Za] HTTP server listening on 8890."]
INFO 2015-01-20T23:09:29.537Z ["[Lighter] Controllers loaded. \u001b[90mx2\u001b[39m"]
INFO 2015-01-20T23:09:29.538Z ["[Ringer] Opened \u001b[36m./data/worker1\u001b[39m database."]
INFO 2015-01-20T23:09:29.538Z ["[Ringer] Peer \u001b[36mBunny.local:8893\u001b[39m is listening."]
INFO 2015-01-20T23:09:29.539Z ["[Lighter] Connected to memcache."]
INFO 2015-01-20T23:09:29.541Z ["[Ringer] Opened \u001b[36m./data/worker2\u001b[39m database."]
INFO 2015-01-20T23:09:29.542Z ["[Ringer] Peer \u001b[36mBunny.local:8894\u001b[39m is listening."]
INFO 2015-01-20T23:09:29.542Z ["[Lighter] Connected to memcache."]
INFO 2015-01-20T23:09:29.543Z ["[Lighter] Models loaded. \u001b[90mx0\u001b[39m"]
INFO 2015-01-20T23:09:29.551Z ["[Lighter] Models loaded. \u001b[90mx0\u001b[39m"]
INFO 2015-01-20T23:09:29.554Z ["[Za] HTTP server listening on 8888."]
INFO 2015-01-20T23:09:29.555Z ["[Lighter] Scripts routed to \u001b[36m/sly.js\u001b[39m. \u001b[90mx1\u001b[39m"]
INFO 2015-01-20T23:09:29.556Z ["[Lighter] Scripts routed to \u001b[36m/a.js\u001b[39m. \u001b[90mx1\u001b[39m"]
INFO 2015-01-20T23:09:29.556Z ["[Lighter] Styles routed to \u001b[36m/sly.css\u001b[39m. \u001b[90mx1\u001b[39m"]
INFO 2015-01-20T23:09:29.558Z ["[Ringer] Opened \u001b[36m./data/worker0\u001b[39m database."]
INFO 2015-01-20T23:09:29.560Z ["[Ringer] Peer \u001b[36mBunny.local:8892\u001b[39m is listening."]
INFO 2015-01-20T23:09:29.560Z ["[Lighter] Connected to memcache."]
INFO 2015-01-20T23:09:29.560Z ["[Lighter] Controllers loaded. \u001b[90mx2\u001b[39m"]
INFO 2015-01-20T23:09:29.562Z ["[Lighter] Styles routed to \u001b[36m/a.css\u001b[39m. \u001b[90mx1\u001b[39m"]
INFO 2015-01-20T23:09:29.567Z ["[Lighter] Models loaded. \u001b[90mx0\u001b[39m"]
INFO 2015-01-20T23:09:29.590Z ["[Lighter] Scripts routed to \u001b[36m/sly.js\u001b[39m. \u001b[90mx1\u001b[39m"]
INFO 2015-01-20T23:09:29.591Z ["[Lighter] Styles routed to \u001b[36m/sly.css\u001b[39m. \u001b[90mx1\u001b[39m"]
INFO 2015-01-20T23:09:29.596Z ["[Lighter] Controllers loaded. \u001b[90mx2\u001b[39m"]
INFO 2015-01-20T23:09:29.603Z ["[Lighter] Styles routed to \u001b[36m/sly.css\u001b[39m. \u001b[90mx1\u001b[39m"]
INFO 2015-01-20T23:09:29.607Z ["[Lighter] Controllers loaded. \u001b[90mx2\u001b[39m"]
INFO 2015-01-20T23:09:29.607Z ["[Lighter] Scripts routed to \u001b[36m/sly.js\u001b[39m. \u001b[90mx1\u001b[39m"]
INFO 2015-01-20T23:09:29.613Z ["[Lighter] Scripts routed to \u001b[36m/a.js\u001b[39m. \u001b[90mx1\u001b[39m"]
INFO 2015-01-20T23:09:29.613Z ["[Lighter] Scripts routed to \u001b[36m/a.js\u001b[39m. \u001b[90mx1\u001b[39m"]
INFO 2015-01-20T23:09:29.617Z ["[Lighter] Styles routed to \u001b[36m/a.css\u001b[39m. \u001b[90mx1\u001b[39m"]
INFO 2015-01-20T23:09:29.617Z ["[Lighter] Scripts routed to \u001b[36m/a.js\u001b[39m. \u001b[90mx1\u001b[39m"]
INFO 2015-01-20T23:09:29.618Z ["[Lighter] Styles routed to \u001b[36m/a.css\u001b[39m. \u001b[90mx1\u001b[39m"]
INFO 2015-01-20T23:09:29.629Z ["[Lighter] Styles routed to \u001b[36m/a.css\u001b[39m. \u001b[90mx1\u001b[39m"]
ERROR 2015-01-20T23:09:30.520Z ["Worker 90214 died."]
INFO 2015-01-20T23:09:32.463Z ["[Za] HTTP server listening on 8889."]
INFO 2015-01-20T23:09:32.464Z ["[Za] HTTP server listening on 8888."]
INFO 2015-01-20T23:09:32.466Z ["[Ringer] Opened \u001b[36m./data/worker1\u001b[39m database."]
INFO 2015-01-20T23:09:32.466Z ["[Ringer] Peer \u001b[36mBunny.local:8893\u001b[39m is listening."]
INFO 2015-01-20T23:09:32.466Z ["[Ringer] Opened \u001b[36m./data/worker0\u001b[39m database."]
INFO 2015-01-20T23:09:32.467Z ["[Lighter] Connected to memcache."]
INFO 2015-01-20T23:09:32.467Z ["[Lighter] Connected to memcache."]
INFO 2015-01-20T23:09:32.471Z ["[Za] HTTP server listening on 8891."]
INFO 2015-01-20T23:09:32.473Z ["[Lighter] Models loaded. \u001b[90mx0\u001b[39m"]
INFO 2015-01-20T23:09:32.474Z ["[Ringer] Peer \u001b[36mBunny.local:8892\u001b[39m is listening."]
INFO 2015-01-20T23:09:32.474Z ["[Ringer] Opened \u001b[36m./data/worker3\u001b[39m database."]
INFO 2015-01-20T23:09:32.474Z ["[Lighter] Models loaded. \u001b[90mx0\u001b[39m"]
INFO 2015-01-20T23:09:32.475Z ["[Ringer] Peer \u001b[36mBunny.local:8895\u001b[39m is listening."]
INFO 2015-01-20T23:09:32.475Z ["[Lighter] Connected to memcache."]
INFO 2015-01-20T23:09:32.481Z ["[Lighter] Models loaded. \u001b[90mx0\u001b[39m"]
INFO 2015-01-20T23:09:32.485Z ["[Lighter] Scripts routed to \u001b[36m/sly.js\u001b[39m. \u001b[90mx1\u001b[39m"]
INFO 2015-01-20T23:09:32.486Z ["[Lighter] Styles routed to \u001b[36m/sly.css\u001b[39m. \u001b[90mx1\u001b[39m"]
INFO 2015-01-20T23:09:32.487Z ["[Lighter] Scripts routed to \u001b[36m/sly.js\u001b[39m. \u001b[90mx1\u001b[39m"]
INFO 2015-01-20T23:09:32.488Z ["[Lighter] Styles routed to \u001b[36m/sly.css\u001b[39m. \u001b[90mx1\u001b[39m"]
INFO 2015-01-20T23:09:32.489Z ["[Za] HTTP server listening on 8890."]
INFO 2015-01-20T23:09:32.490Z ["[Lighter] Controllers loaded. \u001b[90mx2\u001b[39m"]
INFO 2015-01-20T23:09:32.492Z ["[Lighter] Controllers loaded. \u001b[90mx2\u001b[39m"]
INFO 2015-01-20T23:09:32.493Z ["[Lighter] Scripts routed to \u001b[36m/sly.js\u001b[39m. \u001b[90mx1\u001b[39m"]
INFO 2015-01-20T23:09:32.493Z ["[Lighter] Styles routed to \u001b[36m/sly.css\u001b[39m. \u001b[90mx1\u001b[39m"]
INFO 2015-01-20T23:09:32.494Z ["[Ringer] Opened \u001b[36m./data/worker2\u001b[39m database."]
INFO 2015-01-20T23:09:32.495Z ["[Ringer] Peer \u001b[36mBunny.local:8894\u001b[39m is listening."]
INFO 2015-01-20T23:09:32.495Z ["[Lighter] Connected to memcache."]
INFO 2015-01-20T23:09:32.496Z ["[Lighter] Controllers loaded. \u001b[90mx2\u001b[39m"]
INFO 2015-01-20T23:09:32.504Z ["[Lighter] Models loaded. \u001b[90mx0\u001b[39m"]
INFO 2015-01-20T23:09:32.506Z ["[Lighter] Scripts routed to \u001b[36m/a.js\u001b[39m. \u001b[90mx1\u001b[39m"]
INFO 2015-01-20T23:09:32.511Z ["[Lighter] Scripts routed to \u001b[36m/a.js\u001b[39m. \u001b[90mx1\u001b[39m"]
INFO 2015-01-20T23:09:32.522Z ["[Lighter] Scripts routed to \u001b[36m/a.js\u001b[39m. \u001b[90mx1\u001b[39m"]
INFO 2015-01-20T23:09:32.542Z ["[Lighter] Styles routed to \u001b[36m/a.css\u001b[39m. \u001b[90mx1\u001b[39m"]
INFO 2015-01-20T23:09:32.543Z ["[Lighter] Styles routed to \u001b[36m/a.css\u001b[39m. \u001b[90mx1\u001b[39m"]
INFO 2015-01-20T23:09:32.544Z ["[Lighter] Styles routed to \u001b[36m/a.css\u001b[39m. \u001b[90mx1\u001b[39m"]
INFO 2015-01-20T23:09:32.563Z ["[Lighter] Scripts routed to \u001b[36m/sly.js\u001b[39m. \u001b[90mx1\u001b[39m"]
INFO 2015-01-20T23:09:32.563Z ["[Lighter] Styles routed to \u001b[36m/sly.css\u001b[39m. \u001b[90mx1\u001b[39m"]
INFO 2015-01-20T23:09:32.567Z ["[Lighter] Controllers loaded. \u001b[90mx2\u001b[39m"]
INFO 2015-01-20T23:09:32.575Z ["[Lighter] Scripts routed to \u001b[36m/a.js\u001b[39m. \u001b[90mx1\u001b[39m"]
INFO 2015-01-20T23:09:32.578Z ["[Lighter] Styles routed to \u001b[36m/a.css\u001b[39m. \u001b[90mx1\u001b[39m"]
ERROR 2015-01-20T23:09:33.468Z ["Worker 90226 died."]
INFO 2015-01-20T23:09:34.969Z ["[Za] HTTP server listening on 8891."]
INFO 2015-01-20T23:09:34.971Z ["[Ringer] Opened \u001b[36m./data/worker3\u001b[39m database."]
INFO 2015-01-20T23:09:34.971Z ["[Ringer] Peer \u001b[36mBunny.local:8895\u001b[39m is listening."]
INFO 2015-01-20T23:09:34.972Z ["[Lighter] Connected to memcache."]
INFO 2015-01-20T23:09:34.976Z ["[Lighter] Models loaded. \u001b[90mx0\u001b[39m"]
INFO 2015-01-20T23:09:34.982Z ["[Za] HTTP server listening on 8890."]
INFO 2015-01-20T23:09:34.987Z ["[Ringer] Opened \u001b[36m./data/worker2\u001b[39m database."]
INFO 2015-01-20T23:09:34.988Z ["[Ringer] Peer \u001b[36mBunny.local:8894\u001b[39m is listening."]
INFO 2015-01-20T23:09:34.988Z ["[Lighter] Connected to memcache."]
INFO 2015-01-20T23:09:34.990Z ["[Lighter] Scripts routed to \u001b[36m/sly.js\u001b[39m. \u001b[90mx1\u001b[39m"]
INFO 2015-01-20T23:09:34.991Z ["[Lighter] Styles routed to \u001b[36m/sly.css\u001b[39m. \u001b[90mx1\u001b[39m"]
INFO 2015-01-20T23:09:34.994Z ["[Za] HTTP server listening on 8889."]
INFO 2015-01-20T23:09:34.995Z ["[Lighter] Models loaded. \u001b[90mx0\u001b[39m"]
INFO 2015-01-20T23:09:34.996Z ["[Za] HTTP server listening on 8888."]
INFO 2015-01-20T23:09:34.996Z ["[Lighter] Controllers loaded. \u001b[90mx2\u001b[39m"]
INFO 2015-01-20T23:09:34.999Z ["[Ringer] Opened \u001b[36m./data/worker1\u001b[39m database."]
INFO 2015-01-20T23:09:34.999Z ["[Ringer] Peer \u001b[36mBunny.local:8893\u001b[39m is listening."]
INFO 2015-01-20T23:09:34.999Z ["[Lighter] Connected to memcache."]
INFO 2015-01-20T23:09:35.000Z ["[Ringer] Opened \u001b[36m./data/worker0\u001b[39m database."]
INFO 2015-01-20T23:09:35.000Z ["[Ringer] Peer \u001b[36mBunny.local:8892\u001b[39m is listening."]
INFO 2015-01-20T23:09:35.000Z ["[Lighter] Connected to memcache."]
INFO 2015-01-20T23:09:35.006Z ["[Lighter] Models loaded. \u001b[90mx0\u001b[39m"]
INFO 2015-01-20T23:09:35.007Z ["[Lighter] Models loaded. \u001b[90mx0\u001b[39m"]
INFO 2015-01-20T23:09:35.009Z ["[Lighter] Scripts routed to \u001b[36m/sly.js\u001b[39m. \u001b[90mx1\u001b[39m"]
INFO 2015-01-20T23:09:35.012Z ["[Lighter] Styles routed to \u001b[36m/sly.css\u001b[39m. \u001b[90mx1\u001b[39m"]
INFO 2015-01-20T23:09:35.013Z ["[Lighter] Scripts routed to \u001b[36m/a.js\u001b[39m. \u001b[90mx1\u001b[39m"]
INFO 2015-01-20T23:09:35.018Z ["[Lighter] Controllers loaded. \u001b[90mx2\u001b[39m"]
INFO 2015-01-20T23:09:35.019Z ["[Lighter] Styles routed to \u001b[36m/a.css\u001b[39m. \u001b[90mx1\u001b[39m"]
INFO 2015-01-20T23:09:35.025Z ["[Lighter] Scripts routed to \u001b[36m/sly.js\u001b[39m. \u001b[90mx1\u001b[39m"]
INFO 2015-01-20T23:09:35.026Z ["[Lighter] Styles routed to \u001b[36m/sly.css\u001b[39m. \u001b[90mx1\u001b[39m"]
INFO 2015-01-20T23:09:35.029Z ["[Lighter] Scripts routed to \u001b[36m/sly.js\u001b[39m. \u001b[90mx1\u001b[39m"]
INFO 2015-01-20T23:09:35.030Z ["[Lighter] Styles routed to \u001b[36m/sly.css\u001b[39m. \u001b[90mx1\u001b[39m"]
INFO 2015-01-20T23:09:35.030Z ["[Lighter] Scripts routed to \u001b[36m/a.js\u001b[39m. \u001b[90mx1\u001b[39m"]
INFO 2015-01-20T23:09:35.034Z ["[Lighter] Controllers loaded. \u001b[90mx2\u001b[39m"]
INFO 2015-01-20T23:09:35.036Z ["[Lighter] Controllers loaded. \u001b[90mx2\u001b[39m"]
INFO 2015-01-20T23:09:35.043Z ["[Lighter] Scripts routed to \u001b[36m/a.js\u001b[39m. \u001b[90mx1\u001b[39m"]
INFO 2015-01-20T23:09:35.044Z ["[Lighter] Scripts routed to \u001b[36m/a.js\u001b[39m. \u001b[90mx1\u001b[39m"]
INFO 2015-01-20T23:09:35.045Z ["[Lighter] Styles routed to \u001b[36m/a.css\u001b[39m. \u001b[90mx1\u001b[39m"]
INFO 2015-01-20T23:09:35.050Z ["[Lighter] Styles routed to \u001b[36m/a.css\u001b[39m. \u001b[90mx1\u001b[39m"]
INFO 2015-01-20T23:09:35.050Z ["[Lighter] Styles routed to \u001b[36m/a.css\u001b[39m. \u001b[90mx1\u001b[39m"]
INFO 2015-01-20T23:09:36.158Z ["[Lighter] Views loaded. \u001b[90mx30\u001b[39m"]
ERROR 2015-01-20T23:09:36.171Z ["Worker 90236 died."]
INFO 2015-01-20T23:09:38.181Z ["[Za] HTTP server listening on 8890."]
INFO 2015-01-20T23:09:38.184Z ["[Ringer] Opened \u001b[36m./data/worker2\u001b[39m database."]
INFO 2015-01-20T23:09:38.184Z ["[Ringer] Peer \u001b[36mBunny.local:8894\u001b[39m is listening."]
INFO 2015-01-20T23:09:38.185Z ["[Lighter] Connected to memcache."]
INFO 2015-01-20T23:09:38.189Z ["[Za] HTTP server listening on 8889."]
INFO 2015-01-20T23:09:38.190Z ["[Lighter] Models loaded. \u001b[90mx0\u001b[39m"]
INFO 2015-01-20T23:09:38.194Z ["[Ringer] Opened \u001b[36m./data/worker1\u001b[39m database."]
INFO 2015-01-20T23:09:38.195Z ["[Ringer] Peer \u001b[36mBunny.local:8893\u001b[39m is listening."]
INFO 2015-01-20T23:09:38.196Z ["[Lighter] Connected to memcache."]
INFO 2015-01-20T23:09:38.200Z ["[Lighter] Scripts routed to \u001b[36m/sly.js\u001b[39m. \u001b[90mx1\u001b[39m"]
INFO 2015-01-20T23:09:38.202Z ["[Lighter] Styles routed to \u001b[36m/sly.css\u001b[39m. \u001b[90mx1\u001b[39m"]
INFO 2015-01-20T23:09:38.204Z ["[Lighter] Models loaded. \u001b[90mx0\u001b[39m"]
INFO 2015-01-20T23:09:38.204Z ["[Lighter] Controllers loaded. \u001b[90mx2\u001b[39m"]
INFO 2015-01-20T23:09:38.217Z ["[Za] HTTP server listening on 8888."]
INFO 2015-01-20T23:09:38.229Z ["[Ringer] Opened \u001b[36m./data/worker0\u001b[39m database."]
INFO 2015-01-20T23:09:38.229Z ["[Lighter] Connected to memcache."]
INFO 2015-01-20T23:09:38.229Z ["[Ringer] Peer \u001b[36mBunny.local:8892\u001b[39m is listening."]
INFO 2015-01-20T23:09:38.234Z ["[Lighter] Models loaded. \u001b[90mx0\u001b[39m"]
INFO 2015-01-20T23:09:38.239Z ["[Za] HTTP server listening on 8891."]
INFO 2015-01-20T23:09:38.240Z ["[Lighter] Scripts routed to \u001b[36m/a.js\u001b[39m. \u001b[90mx1\u001b[39m"]
INFO 2015-01-20T23:09:38.243Z ["[Lighter] Styles routed to \u001b[36m/a.css\u001b[39m. \u001b[90mx1\u001b[39m"]
INFO 2015-01-20T23:09:38.243Z ["[Ringer] Opened \u001b[36m./data/worker3\u001b[39m database."]
INFO 2015-01-20T23:09:38.243Z ["[Ringer] Peer \u001b[36mBunny.local:8895\u001b[39m is listening."]
INFO 2015-01-20T23:09:38.244Z ["[Lighter] Connected to memcache."]
INFO 2015-01-20T23:09:38.255Z ["[Lighter] Models loaded. \u001b[90mx0\u001b[39m"]
INFO 2015-01-20T23:09:38.260Z ["[Lighter] Scripts routed to \u001b[36m/sly.js\u001b[39m. \u001b[90mx1\u001b[39m"]
INFO 2015-01-20T23:09:38.260Z ["[Lighter] Styles routed to \u001b[36m/sly.css\u001b[39m. \u001b[90mx1\u001b[39m"]
INFO 2015-01-20T23:09:38.263Z ["[Lighter] Controllers loaded. \u001b[90mx2\u001b[39m"]
INFO 2015-01-20T23:09:38.268Z ["[Lighter] Styles routed to \u001b[36m/a.css\u001b[39m. \u001b[90mx1\u001b[39m"]
INFO 2015-01-20T23:09:38.270Z ["[Lighter] Scripts routed to \u001b[36m/a.js\u001b[39m. \u001b[90mx1\u001b[39m"]
INFO 2015-01-20T23:09:38.274Z ["[Lighter] Scripts routed to \u001b[36m/sly.js\u001b[39m. \u001b[90mx1\u001b[39m"]
INFO 2015-01-20T23:09:38.274Z ["[Lighter] Styles routed to \u001b[36m/sly.css\u001b[39m. \u001b[90mx1\u001b[39m"]
INFO 2015-01-20T23:09:38.277Z ["[Lighter] Controllers loaded. \u001b[90mx2\u001b[39m"]
INFO 2015-01-20T23:09:38.284Z ["[Lighter] Scripts routed to \u001b[36m/sly.js\u001b[39m. \u001b[90mx1\u001b[39m"]
INFO 2015-01-20T23:09:38.284Z ["[Lighter] Styles routed to \u001b[36m/sly.css\u001b[39m. \u001b[90mx1\u001b[39m"]
INFO 2015-01-20T23:09:38.285Z ["[Lighter] Scripts routed to \u001b[36m/a.js\u001b[39m. \u001b[90mx1\u001b[39m"]
INFO 2015-01-20T23:09:38.287Z ["[Lighter] Styles routed to \u001b[36m/a.css\u001b[39m. \u001b[90mx1\u001b[39m"]
INFO 2015-01-20T23:09:38.287Z ["[Lighter] Controllers loaded. \u001b[90mx2\u001b[39m"]
INFO 2015-01-20T23:09:38.293Z ["[Lighter] Scripts routed to \u001b[36m/a.js\u001b[39m. \u001b[90mx1\u001b[39m"]
INFO 2015-01-20T23:09:38.294Z ["[Lighter] Styles routed to \u001b[36m/a.css\u001b[39m. \u001b[90mx1\u001b[39m"]
INFO 2015-01-20T23:09:39.183Z ["[Lighter] Views loaded. \u001b[90mx30\u001b[39m"]
ERROR 2015-01-20T23:09:39.352Z ["Worker 90254 died."]
INFO 2015-01-20T23:09:41.651Z ["[Za] HTTP server listening on 8891."]
INFO 2015-01-20T23:09:41.652Z ["[Za] HTTP server listening on 8889."]
INFO 2015-01-20T23:09:41.653Z ["[Ringer] Opened \u001b[36m./data/worker3\u001b[39m database."]
INFO 2015-01-20T23:09:41.654Z ["[Ringer] Peer \u001b[36mBunny.local:8895\u001b[39m is listening."]
INFO 2015-01-20T23:09:41.654Z ["[Lighter] Connected to memcache."]
INFO 2015-01-20T23:09:41.656Z ["[Ringer] Opened \u001b[36m./data/worker1\u001b[39m database."]
INFO 2015-01-20T23:09:41.657Z ["[Za] HTTP server listening on 8888."]
INFO 2015-01-20T23:09:41.657Z ["[Ringer] Peer \u001b[36mBunny.local:8893\u001b[39m is listening."]
INFO 2015-01-20T23:09:41.658Z ["[Lighter] Connected to memcache."]
INFO 2015-01-20T23:09:41.662Z ["[Ringer] Opened \u001b[36m./data/worker0\u001b[39m database."]
INFO 2015-01-20T23:09:41.664Z ["[Lighter] Models loaded. \u001b[90mx0\u001b[39m"]
INFO 2015-01-20T23:09:41.666Z ["[Za] HTTP server listening on 8890."]
INFO 2015-01-20T23:09:41.666Z ["[Lighter] Models loaded. \u001b[90mx0\u001b[39m"]
INFO 2015-01-20T23:09:41.668Z ["[Ringer] Peer \u001b[36mBunny.local:8892\u001b[39m is listening."]
INFO 2015-01-20T23:09:41.669Z ["[Lighter] Connected to memcache."]
INFO 2015-01-20T23:09:41.670Z ["[Ringer] Opened \u001b[36m./data/worker2\u001b[39m database."]
INFO 2015-01-20T23:09:41.671Z ["[Ringer] Peer \u001b[36mBunny.local:8894\u001b[39m is listening."]
INFO 2015-01-20T23:09:41.672Z ["[Lighter] Connected to memcache."]
INFO 2015-01-20T23:09:41.677Z ["[Lighter] Models loaded. \u001b[90mx0\u001b[39m"]
INFO 2015-01-20T23:09:41.680Z ["[Lighter] Models loaded. \u001b[90mx0\u001b[39m"]
INFO 2015-01-20T23:09:41.683Z ["[Lighter] Scripts routed to \u001b[36m/sly.js\u001b[39m. \u001b[90mx1\u001b[39m"]
INFO 2015-01-20T23:09:41.684Z ["[Lighter] Styles routed to \u001b[36m/sly.css\u001b[39m. \u001b[90mx1\u001b[39m"]
INFO 2015-01-20T23:09:41.686Z ["[Lighter] Scripts routed to \u001b[36m/sly.js\u001b[39m. \u001b[90mx1\u001b[39m"]
INFO 2015-01-20T23:09:41.687Z ["[Lighter] Styles routed to \u001b[36m/sly.css\u001b[39m. \u001b[90mx1\u001b[39m"]
INFO 2015-01-20T23:09:41.690Z ["[Lighter] Controllers loaded. \u001b[90mx2\u001b[39m"]
INFO 2015-01-20T23:09:41.694Z ["[Lighter] Scripts routed to \u001b[36m/sly.js\u001b[39m. \u001b[90mx1\u001b[39m"]
INFO 2015-01-20T23:09:41.695Z ["[Lighter] Styles routed to \u001b[36m/sly.css\u001b[39m. \u001b[90mx1\u001b[39m"]
INFO 2015-01-20T23:09:41.698Z ["[Lighter] Controllers loaded. \u001b[90mx2\u001b[39m"]
INFO 2015-01-20T23:09:41.707Z ["[Lighter] Scripts routed to \u001b[36m/a.js\u001b[39m. \u001b[90mx1\u001b[39m"]
INFO 2015-01-20T23:09:41.710Z ["[Lighter] Scripts routed to \u001b[36m/sly.js\u001b[39m. \u001b[90mx1\u001b[39m"]
INFO 2015-01-20T23:09:41.713Z ["[Lighter] Controllers loaded. \u001b[90mx2\u001b[39m"]
INFO 2015-01-20T23:09:41.715Z ["[Lighter] Styles routed to \u001b[36m/sly.css\u001b[39m. \u001b[90mx1\u001b[39m"]
INFO 2015-01-20T23:09:41.716Z ["[Lighter] Styles routed to \u001b[36m/a.css\u001b[39m. \u001b[90mx1\u001b[39m"]
INFO 2015-01-20T23:09:41.726Z ["[Lighter] Scripts routed to \u001b[36m/a.js\u001b[39m. \u001b[90mx1\u001b[39m"]
INFO 2015-01-20T23:09:41.733Z ["[Lighter] Styles routed to \u001b[36m/a.css\u001b[39m. \u001b[90mx1\u001b[39m"]
INFO 2015-01-20T23:09:41.737Z ["[Lighter] Scripts routed to \u001b[36m/a.js\u001b[39m. \u001b[90mx1\u001b[39m"]
INFO 2015-01-20T23:09:41.743Z ["[Lighter] Controllers loaded. \u001b[90mx2\u001b[39m"]
INFO 2015-01-20T23:09:41.744Z ["[Lighter] Styles routed to \u001b[36m/a.css\u001b[39m. \u001b[90mx1\u001b[39m"]
INFO 2015-01-20T23:09:41.749Z ["[Lighter] Scripts routed to \u001b[36m/a.js\u001b[39m. \u001b[90mx1\u001b[39m"]
INFO 2015-01-20T23:09:41.751Z ["[Lighter] Styles routed to \u001b[36m/a.css\u001b[39m. \u001b[90mx1\u001b[39m"]
ERROR 2015-01-20T23:09:42.726Z ["Worker 90264 died."]
INFO 2015-01-20T23:09:43.837Z ["[Za] HTTP server listening on 8888."]
INFO 2015-01-20T23:09:43.840Z ["[Za] HTTP server listening on 8890."]
INFO 2015-01-20T23:09:43.841Z ["[Ringer] Opened \u001b[36m./data/worker0\u001b[39m database."]
INFO 2015-01-20T23:09:43.842Z ["[Ringer] Peer \u001b[36mBunny.local:8892\u001b[39m is listening."]
INFO 2015-01-20T23:09:43.842Z ["[Lighter] Connected to memcache."]
INFO 2015-01-20T23:09:43.843Z ["[Ringer] Opened \u001b[36m./data/worker2\u001b[39m database."]
INFO 2015-01-20T23:09:43.844Z ["[Ringer] Peer \u001b[36mBunny.local:8894\u001b[39m is listening."]
INFO 2015-01-20T23:09:43.848Z ["[Lighter] Models loaded. \u001b[90mx0\u001b[39m"]
INFO 2015-01-20T23:09:43.848Z ["[Lighter] Models loaded. \u001b[90mx0\u001b[39m"]
INFO 2015-01-20T23:09:43.850Z ["[Za] HTTP server listening on 8891."]
INFO 2015-01-20T23:09:43.853Z ["[Ringer] Opened \u001b[36m./data/worker3\u001b[39m database."]
INFO 2015-01-20T23:09:43.854Z ["[Ringer] Peer \u001b[36mBunny.local:8895\u001b[39m is listening."]
INFO 2015-01-20T23:09:43.854Z ["[Lighter] Connected to memcache."]
INFO 2015-01-20T23:09:43.858Z ["[Lighter] Models loaded. \u001b[90mx0\u001b[39m"]
INFO 2015-01-20T23:09:43.862Z ["[Lighter] Scripts routed to \u001b[36m/sly.js\u001b[39m. \u001b[90mx1\u001b[39m"]
INFO 2015-01-20T23:09:43.862Z ["[Lighter] Scripts routed to \u001b[36m/sly.js\u001b[39m. \u001b[90mx1\u001b[39m"]
INFO 2015-01-20T23:09:43.863Z ["[Lighter] Styles routed to \u001b[36m/sly.css\u001b[39m. \u001b[90mx1\u001b[39m"]
INFO 2015-01-20T23:09:43.863Z ["[Lighter] Styles routed to \u001b[36m/sly.css\u001b[39m. \u001b[90mx1\u001b[39m"]
INFO 2015-01-20T23:09:43.864Z ["[Za] HTTP server listening on 8889."]
INFO 2015-01-20T23:09:43.867Z ["[Lighter] Controllers loaded. \u001b[90mx2\u001b[39m"]
INFO 2015-01-20T23:09:43.867Z ["[Lighter] Controllers loaded. \u001b[90mx2\u001b[39m"]
INFO 2015-01-20T23:09:43.868Z ["[Ringer] Opened \u001b[36m./data/worker1\u001b[39m database."]
INFO 2015-01-20T23:09:43.868Z ["[Ringer] Peer \u001b[36mBunny.local:8893\u001b[39m is listening."]
INFO 2015-01-20T23:09:43.869Z ["[Lighter] Connected to memcache."]
INFO 2015-01-20T23:09:43.871Z ["[Lighter] Scripts routed to \u001b[36m/sly.js\u001b[39m. \u001b[90mx1\u001b[39m"]
INFO 2015-01-20T23:09:43.873Z ["[Lighter] Styles routed to \u001b[36m/sly.css\u001b[39m. \u001b[90mx1\u001b[39m"]
INFO 2015-01-20T23:09:43.876Z ["[Lighter] Models loaded. \u001b[90mx0\u001b[39m"]
INFO 2015-01-20T23:09:43.877Z ["[Lighter] Controllers loaded. \u001b[90mx2\u001b[39m"]
INFO 2015-01-20T23:09:43.880Z ["[Lighter] Scripts routed to \u001b[36m/a.js\u001b[39m. \u001b[90mx1\u001b[39m"]
INFO 2015-01-20T23:09:43.880Z ["[Lighter] Scripts routed to \u001b[36m/a.js\u001b[39m. \u001b[90mx1\u001b[39m"]
INFO 2015-01-20T23:09:43.911Z ["[Lighter] Styles routed to \u001b[36m/a.css\u001b[39m. \u001b[90mx1\u001b[39m"]
INFO 2015-01-20T23:09:43.921Z ["[Lighter] Styles routed to \u001b[36m/a.css\u001b[39m. \u001b[90mx1\u001b[39m"]
INFO 2015-01-20T23:09:43.925Z ["[Lighter] Scripts routed to \u001b[36m/a.js\u001b[39m. \u001b[90mx1\u001b[39m"]
INFO 2015-01-20T23:09:43.927Z ["[Lighter] Styles routed to \u001b[36m/a.css\u001b[39m. \u001b[90mx1\u001b[39m"]
INFO 2015-01-20T23:09:43.939Z ["[Lighter] Scripts routed to \u001b[36m/sly.js\u001b[39m. \u001b[90mx1\u001b[39m"]
INFO 2015-01-20T23:09:43.940Z ["[Lighter] Styles routed to \u001b[36m/sly.css\u001b[39m. \u001b[90mx1\u001b[39m"]
INFO 2015-01-20T23:09:43.944Z ["[Lighter] Controllers loaded. \u001b[90mx2\u001b[39m"]
INFO 2015-01-20T23:09:43.947Z ["[Lighter] Styles routed to \u001b[36m/a.css\u001b[39m. \u001b[90mx1\u001b[39m"]
INFO 2015-01-20T23:09:43.950Z ["[Lighter] Scripts routed to \u001b[36m/a.js\u001b[39m. \u001b[90mx1\u001b[39m"]
ERROR 2015-01-20T23:09:44.866Z ["Worker 90279 died."]
INFO 2015-01-20T23:09:46.788Z ["[Za] HTTP server listening on 8890."]
INFO 2015-01-20T23:09:46.791Z ["[Ringer] Opened \u001b[36m./data/worker2\u001b[39m database."]
INFO 2015-01-20T23:09:46.792Z ["[Ringer] Peer \u001b[36mBunny.local:8894\u001b[39m is listening."]
INFO 2015-01-20T23:09:46.792Z ["[Lighter] Connected to memcache."]
INFO 2015-01-20T23:09:46.792Z ["[Za] HTTP server listening on 8888."]
INFO 2015-01-20T23:09:46.796Z ["[Lighter] Models loaded. \u001b[90mx0\u001b[39m"]
INFO 2015-01-20T23:09:46.797Z ["[Ringer] Opened \u001b[36m./data/worker0\u001b[39m database."]
INFO 2015-01-20T23:09:46.797Z ["[Ringer] Peer \u001b[36mBunny.local:8892\u001b[39m is listening."]
INFO 2015-01-20T23:09:46.797Z ["[Lighter] Connected to memcache."]
INFO 2015-01-20T23:09:46.804Z ["[Lighter] Models loaded. \u001b[90mx0\u001b[39m"]
INFO 2015-01-20T23:09:46.805Z ["[Lighter] Scripts routed to \u001b[36m/sly.js\u001b[39m. \u001b[90mx1\u001b[39m"]
INFO 2015-01-20T23:09:46.806Z ["[Lighter] Styles routed to \u001b[36m/sly.css\u001b[39m. \u001b[90mx1\u001b[39m"]
INFO 2015-01-20T23:09:46.809Z ["[Lighter] Controllers loaded. \u001b[90mx2\u001b[39m"]
INFO 2015-01-20T23:09:46.814Z ["[Lighter] Scripts routed to \u001b[36m/sly.js\u001b[39m. \u001b[90mx1\u001b[39m"]
INFO 2015-01-20T23:09:46.815Z ["[Lighter] Styles routed to \u001b[36m/sly.css\u001b[39m. \u001b[90mx1\u001b[39m"]
INFO 2015-01-20T23:09:46.818Z ["[Lighter] Controllers loaded. \u001b[90mx2\u001b[39m"]
INFO 2015-01-20T23:09:46.823Z ["[Lighter] Scripts routed to \u001b[36m/a.js\u001b[39m. \u001b[90mx1\u001b[39m"]
INFO 2015-01-20T23:09:46.842Z ["[Lighter] Styles routed to \u001b[36m/a.css\u001b[39m. \u001b[90mx1\u001b[39m"]
INFO 2015-01-20T23:09:46.844Z ["[Za] HTTP server listening on 8889."]
INFO 2015-01-20T23:09:46.849Z ["[Ringer] Opened \u001b[36m./data/worker1\u001b[39m database."]
INFO 2015-01-20T23:09:46.850Z ["[Ringer] Peer \u001b[36mBunny.local:8893\u001b[39m is listening."]
INFO 2015-01-20T23:09:46.850Z ["[Lighter] Connected to memcache."]
INFO 2015-01-20T23:09:46.853Z ["[Za] HTTP server listening on 8891."]
INFO 2015-01-20T23:09:46.856Z ["[Lighter] Models loaded. \u001b[90mx0\u001b[39m"]
INFO 2015-01-20T23:09:46.856Z ["[Lighter] Scripts routed to \u001b[36m/a.js\u001b[39m. \u001b[90mx1\u001b[39m"]
INFO 2015-01-20T23:09:46.857Z ["[Ringer] Opened \u001b[36m./data/worker3\u001b[39m database."]
INFO 2015-01-20T23:09:46.858Z ["[Lighter] Styles routed to \u001b[36m/a.css\u001b[39m. \u001b[90mx1\u001b[39m"]
INFO 2015-01-20T23:09:46.858Z ["[Ringer] Peer \u001b[36mBunny.local:8895\u001b[39m is listening."]
INFO 2015-01-20T23:09:46.858Z ["[Lighter] Connected to memcache."]
INFO 2015-01-20T23:09:46.864Z ["[Lighter] Models loaded. \u001b[90mx0\u001b[39m"]
INFO 2015-01-20T23:09:46.868Z ["[Lighter] Scripts routed to \u001b[36m/sly.js\u001b[39m. \u001b[90mx1\u001b[39m"]
INFO 2015-01-20T23:09:46.869Z ["[Lighter] Styles routed to \u001b[36m/sly.css\u001b[39m. \u001b[90mx1\u001b[39m"]
INFO 2015-01-20T23:09:46.872Z ["[Lighter] Controllers loaded. \u001b[90mx2\u001b[39m"]
INFO 2015-01-20T23:09:46.875Z ["[Lighter] Scripts routed to \u001b[36m/sly.js\u001b[39m. \u001b[90mx1\u001b[39m"]
INFO 2015-01-20T23:09:46.875Z ["[Lighter] Styles routed to \u001b[36m/sly.css\u001b[39m. \u001b[90mx1\u001b[39m"]
INFO 2015-01-20T23:09:46.878Z ["[Lighter] Controllers loaded. \u001b[90mx2\u001b[39m"]
INFO 2015-01-20T23:09:46.884Z ["[Lighter] Scripts routed to \u001b[36m/a.js\u001b[39m. \u001b[90mx1\u001b[39m"]
INFO 2015-01-20T23:09:46.905Z ["[Lighter] Styles routed to \u001b[36m/a.css\u001b[39m. \u001b[90mx1\u001b[39m"]
INFO 2015-01-20T23:09:46.917Z ["[Lighter] Scripts routed to \u001b[36m/a.js\u001b[39m. \u001b[90mx1\u001b[39m"]
INFO 2015-01-20T23:09:46.918Z ["[Lighter] Styles routed to \u001b[36m/a.css\u001b[39m. \u001b[90mx1\u001b[39m"]
ERROR 2015-01-20T23:09:47.828Z ["Worker 90286 died."]
INFO 2015-01-20T23:09:49.805Z ["[Za] HTTP server listening on 8888."]
INFO 2015-01-20T23:09:49.808Z ["[Ringer] Opened \u001b[36m./data/worker0\u001b[39m database."]
INFO 2015-01-20T23:09:49.809Z ["[Ringer] Peer \u001b[36mBunny.local:8892\u001b[39m is listening."]
INFO 2015-01-20T23:09:49.809Z ["[Lighter] Connected to memcache."]
INFO 2015-01-20T23:09:49.815Z ["[Za] HTTP server listening on 8891."]
INFO 2015-01-20T23:09:49.816Z ["[Lighter] Models loaded. \u001b[90mx0\u001b[39m"]
INFO 2015-01-20T23:09:49.819Z ["[Ringer] Opened \u001b[36m./data/worker3\u001b[39m database."]
INFO 2015-01-20T23:09:49.820Z ["[Ringer] Peer \u001b[36mBunny.local:8895\u001b[39m is listening."]
INFO 2015-01-20T23:09:49.820Z ["[Lighter] Connected to memcache."]
INFO 2015-01-20T23:09:49.823Z ["[Za] HTTP server listening on 8890."]
INFO 2015-01-20T23:09:49.825Z ["[Za] HTTP server listening on 8889."]
INFO 2015-01-20T23:09:49.826Z ["[Ringer] Opened \u001b[36m./data/worker2\u001b[39m database."]
INFO 2015-01-20T23:09:49.826Z ["[Ringer] Peer \u001b[36mBunny.local:8894\u001b[39m is listening."]
INFO 2015-01-20T23:09:49.827Z ["[Lighter] Connected to memcache."]
INFO 2015-01-20T23:09:49.828Z ["[Lighter] Models loaded. \u001b[90mx0\u001b[39m"]
INFO 2015-01-20T23:09:49.829Z ["[Lighter] Scripts routed to \u001b[36m/sly.js\u001b[39m. \u001b[90mx1\u001b[39m"]
INFO 2015-01-20T23:09:49.830Z ["[Lighter] Styles routed to \u001b[36m/sly.css\u001b[39m. \u001b[90mx1\u001b[39m"]
INFO 2015-01-20T23:09:49.830Z ["[Ringer] Opened \u001b[36m./data/worker1\u001b[39m database."]
INFO 2015-01-20T23:09:49.830Z ["[Lighter] Models loaded. \u001b[90mx0\u001b[39m"]
INFO 2015-01-20T23:09:49.831Z ["[Ringer] Peer \u001b[36mBunny.local:8893\u001b[39m is listening."]
INFO 2015-01-20T23:09:49.831Z ["[Lighter] Connected to memcache."]
INFO 2015-01-20T23:09:49.833Z ["[Lighter] Controllers loaded. \u001b[90mx2\u001b[39m"]
INFO 2015-01-20T23:09:49.838Z ["[Lighter] Models loaded. \u001b[90mx0\u001b[39m"]
INFO 2015-01-20T23:09:49.841Z ["[Lighter] Scripts routed to \u001b[36m/sly.js\u001b[39m. \u001b[90mx1\u001b[39m"]
INFO 2015-01-20T23:09:49.842Z ["[Lighter] Styles routed to \u001b[36m/sly.css\u001b[39m. \u001b[90mx1\u001b[39m"]
INFO 2015-01-20T23:09:49.844Z ["[Lighter] Scripts routed to \u001b[36m/sly.js\u001b[39m. \u001b[90mx1\u001b[39m"]
INFO 2015-01-20T23:09:49.844Z ["[Lighter] Styles routed to \u001b[36m/sly.css\u001b[39m. \u001b[90mx1\u001b[39m"]
INFO 2015-01-20T23:09:49.845Z ["[Lighter] Controllers loaded. \u001b[90mx2\u001b[39m"]
INFO 2015-01-20T23:09:49.848Z ["[Lighter] Controllers loaded. \u001b[90mx2\u001b[39m"]
INFO 2015-01-20T23:09:49.849Z ["[Lighter] Scripts routed to \u001b[36m/a.js\u001b[39m. \u001b[90mx1\u001b[39m"]
INFO 2015-01-20T23:09:49.854Z ["[Lighter] Scripts routed to \u001b[36m/sly.js\u001b[39m. \u001b[90mx1\u001b[39m"]
INFO 2015-01-20T23:09:49.856Z ["[Lighter] Styles routed to \u001b[36m/sly.css\u001b[39m. \u001b[90mx1\u001b[39m"]
INFO 2015-01-20T23:09:49.864Z ["[Lighter] Controllers loaded. \u001b[90mx2\u001b[39m"]
INFO 2015-01-20T23:09:49.870Z ["[Lighter] Styles routed to \u001b[36m/a.css\u001b[39m. \u001b[90mx1\u001b[39m"]
INFO 2015-01-20T23:09:49.873Z ["[Lighter] Scripts routed to \u001b[36m/a.js\u001b[39m. \u001b[90mx1\u001b[39m"]
INFO 2015-01-20T23:09:49.877Z ["[Lighter] Scripts routed to \u001b[36m/a.js\u001b[39m. \u001b[90mx1\u001b[39m"]
INFO 2015-01-20T23:09:49.878Z ["[Lighter] Styles routed to \u001b[36m/a.css\u001b[39m. \u001b[90mx1\u001b[39m"]
INFO 2015-01-20T23:09:49.880Z ["[Lighter] Scripts routed to \u001b[36m/a.js\u001b[39m. \u001b[90mx1\u001b[39m"]
INFO 2015-01-20T23:09:49.883Z ["[Lighter] Styles routed to \u001b[36m/a.css\u001b[39m. \u001b[90mx1\u001b[39m"]
INFO 2015-01-20T23:09:49.895Z ["[Lighter] Styles routed to \u001b[36m/a.css\u001b[39m. \u001b[90mx1\u001b[39m"]
ERROR 2015-01-20T23:09:50.982Z ["Worker 90304 died."]
INFO 2015-01-20T23:09:53.220Z ["[Za] HTTP server listening on 8890."]
INFO 2015-01-20T23:09:53.223Z ["[Za] HTTP server listening on 8888."]
INFO 2015-01-20T23:09:53.224Z ["[Ringer] Opened \u001b[36m./data/worker2\u001b[39m database."]
INFO 2015-01-20T23:09:53.224Z ["[Ringer] Peer \u001b[36mBunny.local:8894\u001b[39m is listening."]
INFO 2015-01-20T23:09:53.224Z ["[Lighter] Connected to memcache."]
INFO 2015-01-20T23:09:53.228Z ["[Ringer] Opened \u001b[36m./data/worker0\u001b[39m database."]
INFO 2015-01-20T23:09:53.228Z ["[Ringer] Peer \u001b[36mBunny.local:8892\u001b[39m is listening."]
INFO 2015-01-20T23:09:53.229Z ["[Lighter] Connected to memcache."]
INFO 2015-01-20T23:09:53.230Z ["[Lighter] Models loaded. \u001b[90mx0\u001b[39m"]
INFO 2015-01-20T23:09:53.233Z ["[Lighter] Models loaded. \u001b[90mx0\u001b[39m"]
INFO 2015-01-20T23:09:53.236Z ["[Za] HTTP server listening on 8889."]
INFO 2015-01-20T23:09:53.239Z ["[Lighter] Scripts routed to \u001b[36m/sly.js\u001b[39m. \u001b[90mx1\u001b[39m"]
INFO 2015-01-20T23:09:53.239Z ["[Lighter] Styles routed to \u001b[36m/sly.css\u001b[39m. \u001b[90mx1\u001b[39m"]
INFO 2015-01-20T23:09:53.240Z ["[Ringer] Opened \u001b[36m./data/worker1\u001b[39m database."]
INFO 2015-01-20T23:09:53.241Z ["[Ringer] Peer \u001b[36mBunny.local:8893\u001b[39m is listening."]
INFO 2015-01-20T23:09:53.241Z ["[Lighter] Connected to memcache."]
INFO 2015-01-20T23:09:53.242Z ["[Lighter] Scripts routed to \u001b[36m/sly.js\u001b[39m. \u001b[90mx1\u001b[39m"]
INFO 2015-01-20T23:09:53.245Z ["[Lighter] Controllers loaded. \u001b[90mx2\u001b[39m"]
INFO 2015-01-20T23:09:53.246Z ["[Lighter] Styles routed to \u001b[36m/sly.css\u001b[39m. \u001b[90mx1\u001b[39m"]
INFO 2015-01-20T23:09:53.247Z ["[Lighter] Models loaded. \u001b[90mx0\u001b[39m"]
INFO 2015-01-20T23:09:53.250Z ["[Za] HTTP server listening on 8891."]
INFO 2015-01-20T23:09:53.251Z ["[Lighter] Controllers loaded. \u001b[90mx2\u001b[39m"]
INFO 2015-01-20T23:09:53.253Z ["[Ringer] Opened \u001b[36m./data/worker3\u001b[39m database."]
INFO 2015-01-20T23:09:53.254Z ["[Ringer] Peer \u001b[36mBunny.local:8895\u001b[39m is listening."]
INFO 2015-01-20T23:09:53.255Z ["[Lighter] Connected to memcache."]
INFO 2015-01-20T23:09:53.262Z ["[Lighter] Scripts routed to \u001b[36m/sly.js\u001b[39m. \u001b[90mx1\u001b[39m"]
INFO 2015-01-20T23:09:53.262Z ["[Lighter] Models loaded. \u001b[90mx0\u001b[39m"]
INFO 2015-01-20T23:09:53.263Z ["[Lighter] Scripts routed to \u001b[36m/a.js\u001b[39m. \u001b[90mx1\u001b[39m"]
INFO 2015-01-20T23:09:53.264Z ["[Lighter] Styles routed to \u001b[36m/sly.css\u001b[39m. \u001b[90mx1\u001b[39m"]
INFO 2015-01-20T23:09:53.269Z ["[Lighter] Styles routed to \u001b[36m/a.css\u001b[39m. \u001b[90mx1\u001b[39m"]
INFO 2015-01-20T23:09:53.270Z ["[Lighter] Controllers loaded. \u001b[90mx2\u001b[39m"]
INFO 2015-01-20T23:09:53.271Z ["[Lighter] Scripts routed to \u001b[36m/a.js\u001b[39m. \u001b[90mx1\u001b[39m"]
INFO 2015-01-20T23:09:53.274Z ["[Lighter] Scripts routed to \u001b[36m/sly.js\u001b[39m. \u001b[90mx1\u001b[39m"]
INFO 2015-01-20T23:09:53.276Z ["[Lighter] Styles routed to \u001b[36m/sly.css\u001b[39m. \u001b[90mx1\u001b[39m"]
INFO 2015-01-20T23:09:53.281Z ["[Lighter] Controllers loaded. \u001b[90mx2\u001b[39m"]
INFO 2015-01-20T23:09:53.286Z ["[Lighter] Scripts routed to \u001b[36m/a.js\u001b[39m. \u001b[90mx1\u001b[39m"]
INFO 2015-01-20T23:09:53.295Z ["[Lighter] Styles routed to \u001b[36m/a.css\u001b[39m. \u001b[90mx1\u001b[39m"]
INFO 2015-01-20T23:09:53.304Z ["[Lighter] Styles routed to \u001b[36m/a.css\u001b[39m. \u001b[90mx1\u001b[39m"]
INFO 2015-01-20T23:09:53.315Z ["[Lighter] Scripts routed to \u001b[36m/a.js\u001b[39m. \u001b[90mx1\u001b[39m"]
INFO 2015-01-20T23:09:53.317Z ["[Lighter] Styles routed to \u001b[36m/a.css\u001b[39m. \u001b[90mx1\u001b[39m"]
INFO 2015-01-20T23:09:54.586Z ["[Lighter] Publics loaded. \u001b[90mx48\u001b[39m"]
INFO 2015-01-20T23:09:54.658Z ["[Lighter] Publics loaded. \u001b[90mx48\u001b[39m"]
INFO 2015-01-20T23:09:55.591Z ["[Lighter] Views loaded. \u001b[90mx30\u001b[39m"]
INFO 2015-01-20T23:09:55.646Z ["[Lighter] Views loaded. \u001b[90mx30\u001b[39m"]
INFO 2015-01-20T23:09:55.663Z ["[Lighter] Publics loaded. \u001b[90mx48\u001b[39m"]
WARN 2015-01-20T23:09:55.668Z ["[Lighter] Changed \u001b[36m~/Workspace/lighter/lib/app.js\u001b[39m."]
ERROR 2015-01-20T23:09:55.687Z ["Worker 90318 died."]
INFO 2015-01-20T23:09:57.063Z ["[Za] HTTP server listening on 8888."]
INFO 2015-01-20T23:09:57.068Z ["[Ringer] Opened \u001b[36m./data/worker0\u001b[39m database."]
INFO 2015-01-20T23:09:57.068Z ["[Ringer] Peer \u001b[36mBunny.local:8892\u001b[39m is listening."]
INFO 2015-01-20T23:09:57.069Z ["[Lighter] Connected to memcache."]
INFO 2015-01-20T23:09:57.075Z ["[Za] HTTP server listening on 8891."]
INFO 2015-01-20T23:09:57.075Z ["[Lighter] Models loaded. \u001b[90mx0\u001b[39m"]
INFO 2015-01-20T23:09:57.080Z ["[Ringer] Opened \u001b[36m./data/worker3\u001b[39m database."]
INFO 2015-01-20T23:09:57.080Z ["[Ringer] Peer \u001b[36mBunny.local:8895\u001b[39m is listening."]
INFO 2015-01-20T23:09:57.081Z ["[Lighter] Connected to memcache."]
INFO 2015-01-20T23:09:57.082Z ["[Za] HTTP server listening on 8890."]
INFO 2015-01-20T23:09:57.086Z ["[Lighter] Models loaded. \u001b[90mx0\u001b[39m"]
INFO 2015-01-20T23:09:57.087Z ["[Ringer] Opened \u001b[36m./data/worker2\u001b[39m database."]
INFO 2015-01-20T23:09:57.088Z ["[Ringer] Peer \u001b[36mBunny.local:8894\u001b[39m is listening."]
INFO 2015-01-20T23:09:57.088Z ["[Lighter] Connected to memcache."]
INFO 2015-01-20T23:09:57.093Z ["[Lighter] Scripts routed to \u001b[36m/sly.js\u001b[39m. \u001b[90mx1\u001b[39m"]
INFO 2015-01-20T23:09:57.095Z ["[Lighter] Styles routed to \u001b[36m/sly.css\u001b[39m. \u001b[90mx1\u001b[39m"]
INFO 2015-01-20T23:09:57.095Z ["[Lighter] Models loaded. \u001b[90mx0\u001b[39m"]
INFO 2015-01-20T23:09:57.098Z ["[Za] HTTP server listening on 8889."]
INFO 2015-01-20T23:09:57.100Z ["[Lighter] Controllers loaded. \u001b[90mx2\u001b[39m"]
INFO 2015-01-20T23:09:57.100Z ["[Lighter] Scripts routed to \u001b[36m/sly.js\u001b[39m. \u001b[90mx1\u001b[39m"]
INFO 2015-01-20T23:09:57.101Z ["[Lighter] Styles routed to \u001b[36m/sly.css\u001b[39m. \u001b[90mx1\u001b[39m"]
INFO 2015-01-20T23:09:57.103Z ["[Ringer] Opened \u001b[36m./data/worker1\u001b[39m database."]
INFO 2015-01-20T23:09:57.105Z ["[Ringer] Peer \u001b[36mBunny.local:8893\u001b[39m is listening."]
INFO 2015-01-20T23:09:57.106Z ["[Lighter] Connected to memcache."]
INFO 2015-01-20T23:09:57.107Z ["[Lighter] Controllers loaded. \u001b[90mx2\u001b[39m"]
INFO 2015-01-20T23:09:57.110Z ["[Lighter] Scripts routed to \u001b[36m/sly.js\u001b[39m. \u001b[90mx1\u001b[39m"]
INFO 2015-01-20T23:09:57.111Z ["[Lighter] Styles routed to \u001b[36m/sly.css\u001b[39m. \u001b[90mx1\u001b[39m"]
INFO 2015-01-20T23:09:57.114Z ["[Lighter] Models loaded. \u001b[90mx0\u001b[39m"]
INFO 2015-01-20T23:09:57.123Z ["[Lighter] Controllers loaded. \u001b[90mx2\u001b[39m"]
INFO 2015-01-20T23:09:57.135Z ["[Lighter] Scripts routed to \u001b[36m/sly.js\u001b[39m. \u001b[90mx1\u001b[39m"]
INFO 2015-01-20T23:09:57.136Z ["[Lighter] Styles routed to \u001b[36m/sly.css\u001b[39m. \u001b[90mx1\u001b[39m"]
INFO 2015-01-20T23:09:57.139Z ["[Lighter] Scripts routed to \u001b[36m/a.js\u001b[39m. \u001b[90mx1\u001b[39m"]
INFO 2015-01-20T23:09:57.142Z ["[Lighter] Scripts routed to \u001b[36m/a.js\u001b[39m. \u001b[90mx1\u001b[39m"]
INFO 2015-01-20T23:09:57.142Z ["[Lighter] Scripts routed to \u001b[36m/a.js\u001b[39m. \u001b[90mx1\u001b[39m"]
INFO 2015-01-20T23:09:57.143Z ["[Lighter] Styles routed to \u001b[36m/a.css\u001b[39m. \u001b[90mx1\u001b[39m"]
INFO 2015-01-20T23:09:57.145Z ["[Lighter] Controllers loaded. \u001b[90mx2\u001b[39m"]
INFO 2015-01-20T23:09:57.147Z ["[Lighter] Styles routed to \u001b[36m/a.css\u001b[39m. \u001b[90mx1\u001b[39m"]
INFO 2015-01-20T23:09:57.162Z ["[Lighter] Scripts routed to \u001b[36m/a.js\u001b[39m. \u001b[90mx1\u001b[39m"]
INFO 2015-01-20T23:09:57.172Z ["[Lighter] Styles routed to \u001b[36m/a.css\u001b[39m. \u001b[90mx1\u001b[39m"]
INFO 2015-01-20T23:09:57.184Z ["[Lighter] Styles routed to \u001b[36m/a.css\u001b[39m. \u001b[90mx1\u001b[39m"]
INFO 2015-01-20T23:09:58.614Z ["[Lighter] Publics loaded. \u001b[90mx48\u001b[39m"]
INFO 2015-01-20T23:09:58.623Z ["[Lighter] Publics loaded. \u001b[90mx48\u001b[39m"]
INFO 2015-01-20T23:09:59.561Z ["[Lighter] Views loaded. \u001b[90mx30\u001b[39m"]
INFO 2015-01-20T23:09:59.608Z ["[Lighter] Views loaded. \u001b[90mx30\u001b[39m"]
INFO 2015-01-20T23:09:59.814Z ["[Lighter] Publics loaded. \u001b[90mx48\u001b[39m"]
INFO 2015-01-20T23:09:59.833Z ["[D6] Views routed to \u001b[36m/d6.js\u001b[39m."]
INFO 2015-01-20T23:09:59.836Z ["[Lighter] Publics loaded. \u001b[90mx48\u001b[39m"]
INFO 2015-01-20T23:09:59.841Z ["[Lighter] Views loaded. \u001b[90mx30\u001b[39m"]
INFO 2015-01-20T23:09:59.857Z ["[D6] Views routed to \u001b[36m/d6.js\u001b[39m."]
INFO 2015-01-20T23:09:59.858Z ["[D6] Views routed to \u001b[36m/d6.js\u001b[39m."]
INFO 2015-01-20T23:09:59.867Z ["[Lighter] Views loaded. \u001b[90mx30\u001b[39m"]
INFO 2015-01-20T23:09:59.872Z ["[Ringer] Peer \u001b[36mBunny.local:8893\u001b[39m\u001b[32m stabilized\u001b[39m on attempt \u001b[36m3\u001b[39m."]
INFO 2015-01-20T23:09:59.873Z ["[Ringer] Peer \u001b[36mBunny.local:8894\u001b[39m\u001b[32m stabilized\u001b[39m on attempt \u001b[36m3\u001b[39m."]
INFO 2015-01-20T23:09:59.881Z ["[D6] Views routed to \u001b[36m/d6.js\u001b[39m."]
