INFO 2014-11-25T23:11:00.034Z ["[Lighter] Views loaded. \u001b[90mx30\u001b[39m"]
INFO 2014-11-25T23:11:00.156Z ["[Lighter] Views loaded. \u001b[90mx30\u001b[39m"]
INFO 2014-11-25T23:11:00.392Z ["[Lighter] Publics loaded. \u001b[90mx48\u001b[39m"]
INFO 2014-11-25T23:11:00.412Z ["[Lighter] Views loaded. \u001b[90mx30\u001b[39m"]
INFO 2014-11-25T23:11:00.421Z ["[D6] Views routed to \"/d6.js\"."]
INFO 2014-11-25T23:11:00.465Z ["[Lighter] Views loaded. \u001b[90mx30\u001b[39m"]
INFO 2014-11-25T23:11:00.465Z ["[Lighter] Publics loaded. \u001b[90mx48\u001b[39m"]
INFO 2014-11-25T23:11:00.491Z ["[D6] Views routed to \"/d6.js\"."]
INFO 2014-11-25T23:11:00.541Z ["[Lighter] Publics loaded. \u001b[90mx48\u001b[39m"]
INFO 2014-11-25T23:11:00.549Z ["[Lighter] Publics loaded. \u001b[90mx48\u001b[39m"]
INFO 2014-11-25T23:11:00.549Z ["[Lighter] Views loaded. \u001b[90mx30\u001b[39m"]
INFO 2014-11-25T23:11:00.557Z ["[Lighter] Views loaded. \u001b[90mx30\u001b[39m"]
INFO 2014-11-25T23:11:00.575Z ["[D6] Views routed to \"/d6.js\"."]
INFO 2014-11-25T23:11:00.577Z ["[Lighter] Views loaded. \u001b[90mx30\u001b[39m"]
INFO 2014-11-25T23:11:00.581Z ["[D6] Views routed to \"/d6.js\"."]
INFO 2014-11-25T23:11:00.582Z ["[D6] Views routed to \"/d6.js\"."]
INFO 2014-11-25T23:11:00.588Z ["[D6] Views routed to \"/d6.js\"."]
INFO 2014-11-25T23:11:00.596Z ["[D6] Views routed to \"/d6.js\"."]
INFO 2014-11-25T23:11:00.607Z ["[Lighter] Views loaded. \u001b[90mx30\u001b[39m"]
INFO 2014-11-25T23:11:00.623Z ["[D6] Views routed to \"/d6.js\"."]
WARN 2014-11-25T23:11:02.336Z ["[Lighter] Exiting due to file change in \"node_modules/lighter/commands/canary.js\"."]
WARN 2014-11-25T23:11:02.336Z ["[Lighter] Exiting due to file change in \"node_modules/lighter/commands/canary.js\"."]
WARN 2014-11-25T23:11:02.336Z ["[Lighter] Exiting due to file change in \"node_modules/lighter/commands/canary.js\"."]
WARN 2014-11-25T23:11:02.336Z ["[Lighter] Exiting due to file change in \"node_modules/lighter/commands/canary.js\"."]
WARN 2014-11-25T23:11:02.336Z ["[Lighter] Exiting due to file change in \"node_modules/lighter/commands/canary.js\"."]
WARN 2014-11-25T23:11:02.336Z ["[Lighter] Exiting due to file change in \"node_modules/lighter/commands/canary.js\"."]
WARN 2014-11-25T23:11:02.336Z ["[Lighter] Exiting due to file change in \"node_modules/lighter/commands/canary.js\"."]
WARN 2014-11-25T23:11:02.337Z ["[Lighter] Exiting due to file change in \"node_modules/lighter/commands/canary.js\"."]
ERROR 2014-11-25T23:11:02.362Z ["Worker 82684 died."]
INFO 2014-11-25T23:11:03.504Z ["[Lighter] Models loaded. \u001b[90mx0\u001b[39m"]
INFO 2014-11-25T23:11:03.520Z ["[Lighter] Models loaded. \u001b[90mx0\u001b[39m"]
INFO 2014-11-25T23:11:03.524Z ["[Lighter] Models loaded. \u001b[90mx0\u001b[39m"]
INFO 2014-11-25T23:11:03.524Z ["[Lighter] Scripts routed to \"/sly.js\". \u001b[90mx1\u001b[39m"]
INFO 2014-11-25T23:11:03.529Z ["[Lighter] Models loaded. \u001b[90mx0\u001b[39m"]
INFO 2014-11-25T23:11:03.530Z ["[Lighter] Styles routed to \"/sly.css\". \u001b[90mx1\u001b[39m"]
INFO 2014-11-25T23:11:03.530Z ["[Lighter] Models loaded. \u001b[90mx0\u001b[39m"]
INFO 2014-11-25T23:11:03.535Z ["[Lighter] Controllers loaded. \u001b[90mx2\u001b[39m"]
INFO 2014-11-25T23:11:03.536Z ["[Lighter] Models loaded. \u001b[90mx0\u001b[39m"]
INFO 2014-11-25T23:11:03.543Z ["[Lighter] Scripts routed to \"/sly.js\". \u001b[90mx1\u001b[39m"]
INFO 2014-11-25T23:11:03.543Z ["[Lighter] Models loaded. \u001b[90mx0\u001b[39m"]
INFO 2014-11-25T23:11:03.544Z ["[Lighter] Styles routed to \"/sly.css\". \u001b[90mx1\u001b[39m"]
INFO 2014-11-25T23:11:03.547Z ["[Lighter] Controllers loaded. \u001b[90mx2\u001b[39m"]
INFO 2014-11-25T23:11:03.548Z ["[Lighter] Scripts routed to \"/sly.js\". \u001b[90mx1\u001b[39m"]
INFO 2014-11-25T23:11:03.548Z ["[Lighter] Scripts routed to \"/sly.js\". \u001b[90mx1\u001b[39m"]
INFO 2014-11-25T23:11:03.548Z ["[Lighter] Scripts routed to \"/sly.js\". \u001b[90mx1\u001b[39m"]
INFO 2014-11-25T23:11:03.550Z ["[Lighter] Styles routed to \"/sly.css\". \u001b[90mx1\u001b[39m"]
INFO 2014-11-25T23:11:03.551Z ["[Lighter] Styles routed to \"/sly.css\". \u001b[90mx1\u001b[39m"]
INFO 2014-11-25T23:11:03.552Z ["[Lighter] Scripts routed to \"/sly.js\". \u001b[90mx1\u001b[39m"]
INFO 2014-11-25T23:11:03.553Z ["[Lighter] Controllers loaded. \u001b[90mx2\u001b[39m"]
INFO 2014-11-25T23:11:03.553Z ["[Lighter] Styles routed to \"/sly.css\". \u001b[90mx1\u001b[39m"]
INFO 2014-11-25T23:11:03.554Z ["[Lighter] Controllers loaded. \u001b[90mx2\u001b[39m"]
INFO 2014-11-25T23:11:03.555Z ["[Lighter] Styles routed to \"/sly.css\". \u001b[90mx1\u001b[39m"]
INFO 2014-11-25T23:11:03.556Z ["[Lighter] Controllers loaded. \u001b[90mx2\u001b[39m"]
INFO 2014-11-25T23:11:03.558Z ["[Lighter] Models loaded. \u001b[90mx0\u001b[39m"]
INFO 2014-11-25T23:11:03.561Z ["[Lighter] Controllers loaded. \u001b[90mx2\u001b[39m"]
INFO 2014-11-25T23:11:03.563Z ["[Lighter] Scripts routed to \"/a.js\". \u001b[90mx1\u001b[39m"]
INFO 2014-11-25T23:11:03.564Z ["[Lighter] Scripts routed to \"/sly.js\". \u001b[90mx1\u001b[39m"]
INFO 2014-11-25T23:11:03.569Z ["[Lighter] Styles routed to \"/sly.css\". \u001b[90mx1\u001b[39m"]
INFO 2014-11-25T23:11:03.569Z ["[Lighter] Styles routed to \"/a.css\". \u001b[90mx1\u001b[39m"]
INFO 2014-11-25T23:11:03.572Z ["[Lighter] Controllers loaded. \u001b[90mx2\u001b[39m"]
INFO 2014-11-25T23:11:03.574Z ["[Lighter] Scripts routed to \"/a.js\". \u001b[90mx1\u001b[39m"]
INFO 2014-11-25T23:11:03.582Z ["[Lighter] Styles routed to \"/a.css\". \u001b[90mx1\u001b[39m"]
INFO 2014-11-25T23:11:03.582Z ["[Lighter] Scripts routed to \"/sly.js\". \u001b[90mx1\u001b[39m"]
INFO 2014-11-25T23:11:03.584Z ["[Lighter] Scripts routed to \"/a.js\". \u001b[90mx1\u001b[39m"]
INFO 2014-11-25T23:11:03.584Z ["[Lighter] Scripts routed to \"/a.js\". \u001b[90mx1\u001b[39m"]
INFO 2014-11-25T23:11:03.588Z ["[Lighter] Styles routed to \"/sly.css\". \u001b[90mx1\u001b[39m"]
INFO 2014-11-25T23:11:03.590Z ["[Lighter] Scripts routed to \"/a.js\". \u001b[90mx1\u001b[39m"]
INFO 2014-11-25T23:11:03.590Z ["[Lighter] Styles routed to \"/a.css\". \u001b[90mx1\u001b[39m"]
INFO 2014-11-25T23:11:03.594Z ["[Lighter] Styles routed to \"/a.css\". \u001b[90mx1\u001b[39m"]
INFO 2014-11-25T23:11:03.595Z ["[Lighter] Controllers loaded. \u001b[90mx2\u001b[39m"]
INFO 2014-11-25T23:11:03.598Z ["[Lighter] Styles routed to \"/a.css\". \u001b[90mx1\u001b[39m"]
INFO 2014-11-25T23:11:03.614Z ["[Lighter] Scripts routed to \"/a.js\". \u001b[90mx1\u001b[39m"]
INFO 2014-11-25T23:11:03.618Z ["[Lighter] Scripts routed to \"/a.js\". \u001b[90mx1\u001b[39m"]
INFO 2014-11-25T23:11:03.625Z ["[Lighter] Styles routed to \"/a.css\". \u001b[90mx1\u001b[39m"]
INFO 2014-11-25T23:11:03.626Z ["[Lighter] Styles routed to \"/a.css\". \u001b[90mx1\u001b[39m"]
INFO 2014-11-25T23:11:03.698Z ["[Lighter] Scripts routed to \"/a.js\". \u001b[90mx1\u001b[39m"]
INFO 2014-11-25T23:11:03.699Z ["[Lighter] Styles routed to \"/a.css\". \u001b[90mx1\u001b[39m"]
INFO 2014-11-25T23:11:05.429Z ["[Lighter] Publics loaded. \u001b[90mx48\u001b[39m"]
INFO 2014-11-25T23:11:05.435Z ["[Lighter] Publics loaded. \u001b[90mx48\u001b[39m"]
INFO 2014-11-25T23:11:05.443Z ["[Lighter] Publics loaded. \u001b[90mx48\u001b[39m"]
INFO 2014-11-25T23:11:05.468Z ["[Lighter] Publics loaded. \u001b[90mx48\u001b[39m"]
INFO 2014-11-25T23:11:05.476Z ["[Lighter] Publics loaded. \u001b[90mx48\u001b[39m"]
INFO 2014-11-25T23:11:05.598Z ["[Lighter] Publics loaded. \u001b[90mx48\u001b[39m"]
INFO 2014-11-25T23:11:06.780Z ["[Lighter] Views loaded. \u001b[90mx30\u001b[39m"]
INFO 2014-11-25T23:11:07.134Z ["[Lighter] Publics loaded. \u001b[90mx48\u001b[39m"]
INFO 2014-11-25T23:11:07.190Z ["[D6] Views routed to \"/d6.js\"."]
INFO 2014-11-25T23:11:07.217Z ["[Lighter] Views loaded. \u001b[90mx30\u001b[39m"]
INFO 2014-11-25T23:11:07.272Z ["[Lighter] Views loaded. \u001b[90mx30\u001b[39m"]
INFO 2014-11-25T23:11:07.289Z ["[Lighter] Views loaded. \u001b[90mx30\u001b[39m"]
INFO 2014-11-25T23:11:07.293Z ["[Lighter] Views loaded. \u001b[90mx30\u001b[39m"]
INFO 2014-11-25T23:11:07.310Z ["[D6] Views routed to \"/d6.js\"."]
INFO 2014-11-25T23:11:07.320Z ["[Lighter] Publics loaded. \u001b[90mx48\u001b[39m"]
INFO 2014-11-25T23:11:07.323Z ["[Lighter] Views loaded. \u001b[90mx30\u001b[39m"]
INFO 2014-11-25T23:11:07.324Z ["[D6] Views routed to \"/d6.js\"."]
INFO 2014-11-25T23:11:07.326Z ["[D6] Views routed to \"/d6.js\"."]
INFO 2014-11-25T23:11:07.332Z ["[Lighter] Views loaded. \u001b[90mx30\u001b[39m"]
INFO 2014-11-25T23:11:07.345Z ["[D6] Views routed to \"/d6.js\"."]
INFO 2014-11-25T23:11:07.348Z ["[D6] Views routed to \"/d6.js\"."]
INFO 2014-11-25T23:11:07.354Z ["[D6] Views routed to \"/d6.js\"."]
INFO 2014-11-25T23:11:07.402Z ["[Lighter] Views loaded. \u001b[90mx30\u001b[39m"]
INFO 2014-11-25T23:11:07.420Z ["[D6] Views routed to \"/d6.js\"."]
WARN 2014-11-25T23:11:07.654Z ["[Lighter] Exiting due to file change in \"node_modules/lighter/commands/canary.js\"."]
WARN 2014-11-25T23:11:07.654Z ["[Lighter] Exiting due to file change in \"node_modules/lighter/commands/canary.js\"."]
WARN 2014-11-25T23:11:07.655Z ["[Lighter] Exiting due to file change in \"node_modules/lighter/commands/canary.js\"."]
WARN 2014-11-25T23:11:07.655Z ["[Lighter] Exiting due to file change in \"node_modules/lighter/commands/canary.js\"."]
WARN 2014-11-25T23:11:07.655Z ["[Lighter] Exiting due to file change in \"node_modules/lighter/commands/canary.js\"."]
WARN 2014-11-25T23:11:07.655Z ["[Lighter] Exiting due to file change in \"node_modules/lighter/commands/canary.js\"."]
WARN 2014-11-25T23:11:07.656Z ["[Lighter] Exiting due to file change in \"node_modules/lighter/commands/canary.js\"."]
WARN 2014-11-25T23:11:07.667Z ["[Lighter] Exiting due to file change in \"node_modules/lighter/commands/canary.js\"."]
ERROR 2014-11-25T23:11:07.682Z ["Worker 82692 died."]
INFO 2014-11-25T23:11:08.797Z ["[Lighter] Models loaded. \u001b[90mx0\u001b[39m"]
INFO 2014-11-25T23:11:08.798Z ["[Lighter] Models loaded. \u001b[90mx0\u001b[39m"]
INFO 2014-11-25T23:11:08.799Z ["[Lighter] Models loaded. \u001b[90mx0\u001b[39m"]
INFO 2014-11-25T23:11:08.804Z ["[Lighter] Models loaded. \u001b[90mx0\u001b[39m"]
INFO 2014-11-25T23:11:08.804Z ["[Lighter] Models loaded. \u001b[90mx0\u001b[39m"]
INFO 2014-11-25T23:11:08.807Z ["[Lighter] Models loaded. \u001b[90mx0\u001b[39m"]
INFO 2014-11-25T23:11:08.809Z ["[Lighter] Models loaded. \u001b[90mx0\u001b[39m"]
INFO 2014-11-25T23:11:08.813Z ["[Lighter] Scripts routed to \"/sly.js\". \u001b[90mx1\u001b[39m"]
INFO 2014-11-25T23:11:08.816Z ["[Lighter] Scripts routed to \"/sly.js\". \u001b[90mx1\u001b[39m"]
INFO 2014-11-25T23:11:08.817Z ["[Lighter] Scripts routed to \"/sly.js\". \u001b[90mx1\u001b[39m"]
INFO 2014-11-25T23:11:08.817Z ["[Lighter] Styles routed to \"/sly.css\". \u001b[90mx1\u001b[39m"]
INFO 2014-11-25T23:11:08.817Z ["[Lighter] Models loaded. \u001b[90mx0\u001b[39m"]
INFO 2014-11-25T23:11:08.818Z ["[Lighter] Scripts routed to \"/sly.js\". \u001b[90mx1\u001b[39m"]
INFO 2014-11-25T23:11:08.819Z ["[Lighter] Styles routed to \"/sly.css\". \u001b[90mx1\u001b[39m"]
INFO 2014-11-25T23:11:08.820Z ["[Lighter] Controllers loaded. \u001b[90mx2\u001b[39m"]
INFO 2014-11-25T23:11:08.820Z ["[Lighter] Scripts routed to \"/sly.js\". \u001b[90mx1\u001b[39m"]
INFO 2014-11-25T23:11:08.820Z ["[Lighter] Styles routed to \"/sly.css\". \u001b[90mx1\u001b[39m"]
INFO 2014-11-25T23:11:08.821Z ["[Lighter] Styles routed to \"/sly.css\". \u001b[90mx1\u001b[39m"]
INFO 2014-11-25T23:11:08.823Z ["[Lighter] Scripts routed to \"/sly.js\". \u001b[90mx1\u001b[39m"]
INFO 2014-11-25T23:11:08.823Z ["[Lighter] Controllers loaded. \u001b[90mx2\u001b[39m"]
INFO 2014-11-25T23:11:08.823Z ["[Lighter] Controllers loaded. \u001b[90mx2\u001b[39m"]
INFO 2014-11-25T23:11:08.824Z ["[Lighter] Styles routed to \"/sly.css\". \u001b[90mx1\u001b[39m"]
INFO 2014-11-25T23:11:08.825Z ["[Lighter] Controllers loaded. \u001b[90mx2\u001b[39m"]
INFO 2014-11-25T23:11:08.826Z ["[Lighter] Scripts routed to \"/sly.js\". \u001b[90mx1\u001b[39m"]
INFO 2014-11-25T23:11:08.827Z ["[Lighter] Styles routed to \"/sly.css\". \u001b[90mx1\u001b[39m"]
INFO 2014-11-25T23:11:08.827Z ["[Lighter] Controllers loaded. \u001b[90mx2\u001b[39m"]
INFO 2014-11-25T23:11:08.828Z ["[Lighter] Styles routed to \"/sly.css\". \u001b[90mx1\u001b[39m"]
INFO 2014-11-25T23:11:08.830Z ["[Lighter] Controllers loaded. \u001b[90mx2\u001b[39m"]
INFO 2014-11-25T23:11:08.831Z ["[Lighter] Controllers loaded. \u001b[90mx2\u001b[39m"]
INFO 2014-11-25T23:11:08.831Z ["[Lighter] Scripts routed to \"/sly.js\". \u001b[90mx1\u001b[39m"]
INFO 2014-11-25T23:11:08.833Z ["[Lighter] Styles routed to \"/sly.css\". \u001b[90mx1\u001b[39m"]
INFO 2014-11-25T23:11:08.836Z ["[Lighter] Controllers loaded. \u001b[90mx2\u001b[39m"]
INFO 2014-11-25T23:11:08.844Z ["[Lighter] Scripts routed to \"/a.js\". \u001b[90mx1\u001b[39m"]
INFO 2014-11-25T23:11:08.850Z ["[Lighter] Styles routed to \"/a.css\". \u001b[90mx1\u001b[39m"]
INFO 2014-11-25T23:11:08.851Z ["[Lighter] Scripts routed to \"/a.js\". \u001b[90mx1\u001b[39m"]
INFO 2014-11-25T23:11:08.852Z ["[Lighter] Scripts routed to \"/a.js\". \u001b[90mx1\u001b[39m"]
INFO 2014-11-25T23:11:08.856Z ["[Lighter] Styles routed to \"/a.css\". \u001b[90mx1\u001b[39m"]
INFO 2014-11-25T23:11:08.856Z ["[Lighter] Scripts routed to \"/a.js\". \u001b[90mx1\u001b[39m"]
INFO 2014-11-25T23:11:08.858Z ["[Lighter] Styles routed to \"/a.css\". \u001b[90mx1\u001b[39m"]
INFO 2014-11-25T23:11:08.861Z ["[Lighter] Styles routed to \"/a.css\". \u001b[90mx1\u001b[39m"]
INFO 2014-11-25T23:11:08.864Z ["[Lighter] Scripts routed to \"/a.js\". \u001b[90mx1\u001b[39m"]
INFO 2014-11-25T23:11:08.867Z ["[Lighter] Scripts routed to \"/a.js\". \u001b[90mx1\u001b[39m"]
INFO 2014-11-25T23:11:08.870Z ["[Lighter] Styles routed to \"/a.css\". \u001b[90mx1\u001b[39m"]
INFO 2014-11-25T23:11:08.878Z ["[Lighter] Styles routed to \"/a.css\". \u001b[90mx1\u001b[39m"]
INFO 2014-11-25T23:11:08.888Z ["[Lighter] Scripts routed to \"/a.js\". \u001b[90mx1\u001b[39m"]
INFO 2014-11-25T23:11:08.892Z ["[Lighter] Styles routed to \"/a.css\". \u001b[90mx1\u001b[39m"]
INFO 2014-11-25T23:11:08.893Z ["[Lighter] Scripts routed to \"/a.js\". \u001b[90mx1\u001b[39m"]
INFO 2014-11-25T23:11:08.901Z ["[Lighter] Styles routed to \"/a.css\". \u001b[90mx1\u001b[39m"]
INFO 2014-11-25T23:11:10.705Z ["[Lighter] Publics loaded. \u001b[90mx48\u001b[39m"]
INFO 2014-11-25T23:11:10.745Z ["[Lighter] Publics loaded. \u001b[90mx48\u001b[39m"]
INFO 2014-11-25T23:11:10.787Z ["[Lighter] Publics loaded. \u001b[90mx48\u001b[39m"]
INFO 2014-11-25T23:11:10.905Z ["[Lighter] Publics loaded. \u001b[90mx48\u001b[39m"]
INFO 2014-11-25T23:11:12.181Z ["[Lighter] Views loaded. \u001b[90mx30\u001b[39m"]
INFO 2014-11-25T23:11:12.236Z ["[Lighter] Views loaded. \u001b[90mx30\u001b[39m"]
INFO 2014-11-25T23:11:12.470Z ["[Lighter] Views loaded. \u001b[90mx30\u001b[39m"]
INFO 2014-11-25T23:11:12.508Z ["[Lighter] Publics loaded. \u001b[90mx48\u001b[39m"]
INFO 2014-11-25T23:11:12.549Z ["[Lighter] Publics loaded. \u001b[90mx48\u001b[39m"]
INFO 2014-11-25T23:11:12.577Z ["[D6] Views routed to \"/d6.js\"."]
INFO 2014-11-25T23:11:12.579Z ["[Lighter] Publics loaded. \u001b[90mx48\u001b[39m"]
INFO 2014-11-25T23:11:12.582Z ["[D6] Views routed to \"/d6.js\"."]
INFO 2014-11-25T23:11:12.602Z ["[D6] Views routed to \"/d6.js\"."]
INFO 2014-11-25T23:11:12.603Z ["[Lighter] Views loaded. \u001b[90mx30\u001b[39m"]
INFO 2014-11-25T23:11:12.615Z ["[Lighter] Views loaded. \u001b[90mx30\u001b[39m"]
INFO 2014-11-25T23:11:12.618Z ["[Lighter] Views loaded. \u001b[90mx30\u001b[39m"]
INFO 2014-11-25T23:11:12.628Z ["[D6] Views routed to \"/d6.js\"."]
INFO 2014-11-25T23:11:12.637Z ["[Lighter] Views loaded. \u001b[90mx30\u001b[39m"]
INFO 2014-11-25T23:11:12.642Z ["[D6] Views routed to \"/d6.js\"."]
INFO 2014-11-25T23:11:12.656Z ["[D6] Views routed to \"/d6.js\"."]
INFO 2014-11-25T23:11:12.688Z ["[Lighter] Publics loaded. \u001b[90mx48\u001b[39m"]
INFO 2014-11-25T23:11:12.700Z ["[Lighter] Views loaded. \u001b[90mx30\u001b[39m"]
INFO 2014-11-25T23:11:12.706Z ["[D6] Views routed to \"/d6.js\"."]
INFO 2014-11-25T23:11:12.716Z ["[D6] Views routed to \"/d6.js\"."]
WARN 2014-11-25T23:11:18.043Z ["[Lighter] Exiting due to file change in \"node_modules/lighter/commands/debug.js\"."]
WARN 2014-11-25T23:11:18.044Z ["[Lighter] Exiting due to file change in \"node_modules/lighter/commands/debug.js\"."]
WARN 2014-11-25T23:11:18.044Z ["[Lighter] Exiting due to file change in \"node_modules/lighter/commands/debug.js\"."]
WARN 2014-11-25T23:11:18.044Z ["[Lighter] Exiting due to file change in \"node_modules/lighter/commands/debug.js\"."]
WARN 2014-11-25T23:11:18.044Z ["[Lighter] Exiting due to file change in \"node_modules/lighter/commands/debug.js\"."]
WARN 2014-11-25T23:11:18.044Z ["[Lighter] Exiting due to file change in \"node_modules/lighter/commands/debug.js\"."]
WARN 2014-11-25T23:11:18.044Z ["[Lighter] Exiting due to file change in \"node_modules/lighter/commands/debug.js\"."]
WARN 2014-11-25T23:11:18.044Z ["[Lighter] Exiting due to file change in \"node_modules/lighter/commands/debug.js\"."]
ERROR 2014-11-25T23:11:18.070Z ["Worker 82704 died."]
INFO 2014-11-25T23:11:19.176Z ["[Lighter] Models loaded. \u001b[90mx0\u001b[39m"]
INFO 2014-11-25T23:11:19.196Z ["[Lighter] Scripts routed to \"/sly.js\". \u001b[90mx1\u001b[39m"]
INFO 2014-11-25T23:11:19.196Z ["[Lighter] Models loaded. \u001b[90mx0\u001b[39m"]
INFO 2014-11-25T23:11:19.197Z ["[Lighter] Models loaded. \u001b[90mx0\u001b[39m"]
INFO 2014-11-25T23:11:19.199Z ["[Lighter] Styles routed to \"/sly.css\". \u001b[90mx1\u001b[39m"]
INFO 2014-11-25T23:11:19.200Z ["[Lighter] Models loaded. \u001b[90mx0\u001b[39m"]
INFO 2014-11-25T23:11:19.206Z ["[Lighter] Controllers loaded. \u001b[90mx2\u001b[39m"]
INFO 2014-11-25T23:11:19.211Z ["[Lighter] Models loaded. \u001b[90mx0\u001b[39m"]
INFO 2014-11-25T23:11:19.213Z ["[Lighter] Models loaded. \u001b[90mx0\u001b[39m"]
INFO 2014-11-25T23:11:19.213Z ["[Lighter] Models loaded. \u001b[90mx0\u001b[39m"]
INFO 2014-11-25T23:11:19.215Z ["[Lighter] Scripts routed to \"/sly.js\". \u001b[90mx1\u001b[39m"]
INFO 2014-11-25T23:11:19.218Z ["[Lighter] Styles routed to \"/sly.css\". \u001b[90mx1\u001b[39m"]
INFO 2014-11-25T23:11:19.219Z ["[Lighter] Scripts routed to \"/sly.js\". \u001b[90mx1\u001b[39m"]
INFO 2014-11-25T23:11:19.220Z ["[Lighter] Scripts routed to \"/sly.js\". \u001b[90mx1\u001b[39m"]
INFO 2014-11-25T23:11:19.220Z ["[Lighter] Controllers loaded. \u001b[90mx2\u001b[39m"]
INFO 2014-11-25T23:11:19.223Z ["[Lighter] Styles routed to \"/sly.css\". \u001b[90mx1\u001b[39m"]
INFO 2014-11-25T23:11:19.223Z ["[Lighter] Styles routed to \"/sly.css\". \u001b[90mx1\u001b[39m"]
INFO 2014-11-25T23:11:19.226Z ["[Lighter] Controllers loaded. \u001b[90mx2\u001b[39m"]
INFO 2014-11-25T23:11:19.226Z ["[Lighter] Controllers loaded. \u001b[90mx2\u001b[39m"]
INFO 2014-11-25T23:11:19.227Z ["[Lighter] Models loaded. \u001b[90mx0\u001b[39m"]
INFO 2014-11-25T23:11:19.230Z ["[Lighter] Scripts routed to \"/sly.js\". \u001b[90mx1\u001b[39m"]
INFO 2014-11-25T23:11:19.233Z ["[Lighter] Scripts routed to \"/sly.js\". \u001b[90mx1\u001b[39m"]
INFO 2014-11-25T23:11:19.234Z ["[Lighter] Styles routed to \"/sly.css\". \u001b[90mx1\u001b[39m"]
INFO 2014-11-25T23:11:19.235Z ["[Lighter] Scripts routed to \"/sly.js\". \u001b[90mx1\u001b[39m"]
INFO 2014-11-25T23:11:19.236Z ["[Lighter] Styles routed to \"/sly.css\". \u001b[90mx1\u001b[39m"]
INFO 2014-11-25T23:11:19.237Z ["[Lighter] Styles routed to \"/sly.css\". \u001b[90mx1\u001b[39m"]
INFO 2014-11-25T23:11:19.237Z ["[Lighter] Controllers loaded. \u001b[90mx2\u001b[39m"]
INFO 2014-11-25T23:11:19.239Z ["[Lighter] Controllers loaded. \u001b[90mx2\u001b[39m"]
INFO 2014-11-25T23:11:19.241Z ["[Lighter] Controllers loaded. \u001b[90mx2\u001b[39m"]
INFO 2014-11-25T23:11:19.241Z ["[Lighter] Scripts routed to \"/a.js\". \u001b[90mx1\u001b[39m"]
INFO 2014-11-25T23:11:19.241Z ["[Lighter] Scripts routed to \"/sly.js\". \u001b[90mx1\u001b[39m"]
INFO 2014-11-25T23:11:19.243Z ["[Lighter] Styles routed to \"/sly.css\". \u001b[90mx1\u001b[39m"]
INFO 2014-11-25T23:11:19.246Z ["[Lighter] Controllers loaded. \u001b[90mx2\u001b[39m"]
INFO 2014-11-25T23:11:19.247Z ["[Lighter] Styles routed to \"/a.css\". \u001b[90mx1\u001b[39m"]
INFO 2014-11-25T23:11:19.249Z ["[Lighter] Scripts routed to \"/a.js\". \u001b[90mx1\u001b[39m"]
INFO 2014-11-25T23:11:19.256Z ["[Lighter] Styles routed to \"/a.css\". \u001b[90mx1\u001b[39m"]
INFO 2014-11-25T23:11:19.256Z ["[Lighter] Scripts routed to \"/a.js\". \u001b[90mx1\u001b[39m"]
INFO 2014-11-25T23:11:19.268Z ["[Lighter] Scripts routed to \"/a.js\". \u001b[90mx1\u001b[39m"]
INFO 2014-11-25T23:11:19.274Z ["[Lighter] Styles routed to \"/a.css\". \u001b[90mx1\u001b[39m"]
INFO 2014-11-25T23:11:19.277Z ["[Lighter] Scripts routed to \"/a.js\". \u001b[90mx1\u001b[39m"]
INFO 2014-11-25T23:11:19.277Z ["[Lighter] Scripts routed to \"/a.js\". \u001b[90mx1\u001b[39m"]
INFO 2014-11-25T23:11:19.280Z ["[Lighter] Scripts routed to \"/a.js\". \u001b[90mx1\u001b[39m"]
INFO 2014-11-25T23:11:19.281Z ["[Lighter] Styles routed to \"/a.css\". \u001b[90mx1\u001b[39m"]
INFO 2014-11-25T23:11:19.285Z ["[Lighter] Styles routed to \"/a.css\". \u001b[90mx1\u001b[39m"]
INFO 2014-11-25T23:11:19.286Z ["[Lighter] Styles routed to \"/a.css\". \u001b[90mx1\u001b[39m"]
INFO 2014-11-25T23:11:19.290Z ["[Lighter] Scripts routed to \"/a.js\". \u001b[90mx1\u001b[39m"]
INFO 2014-11-25T23:11:19.291Z ["[Lighter] Styles routed to \"/a.css\". \u001b[90mx1\u001b[39m"]
INFO 2014-11-25T23:11:19.297Z ["[Lighter] Styles routed to \"/a.css\". \u001b[90mx1\u001b[39m"]
INFO 2014-11-25T23:11:20.896Z ["[Lighter] Publics loaded. \u001b[90mx48\u001b[39m"]
INFO 2014-11-25T23:11:20.945Z ["[Lighter] Publics loaded. \u001b[90mx48\u001b[39m"]
INFO 2014-11-25T23:11:21.006Z ["[Lighter] Publics loaded. \u001b[90mx48\u001b[39m"]
INFO 2014-11-25T23:11:21.016Z ["[Lighter] Publics loaded. \u001b[90mx48\u001b[39m"]
INFO 2014-11-25T23:11:21.070Z ["[Lighter] Publics loaded. \u001b[90mx48\u001b[39m"]
INFO 2014-11-25T23:11:22.538Z ["[Lighter] Views loaded. \u001b[90mx30\u001b[39m"]
INFO 2014-11-25T23:11:22.735Z ["[Lighter] Views loaded. \u001b[90mx30\u001b[39m"]
INFO 2014-11-25T23:11:22.755Z ["[Lighter] Views loaded. \u001b[90mx30\u001b[39m"]
INFO 2014-11-25T23:11:22.800Z ["[Lighter] Views loaded. \u001b[90mx30\u001b[39m"]
INFO 2014-11-25T23:11:22.839Z ["[Lighter] Views loaded. \u001b[90mx30\u001b[39m"]
INFO 2014-11-25T23:11:22.843Z ["[D6] Views routed to \"/d6.js\"."]
INFO 2014-11-25T23:11:22.849Z ["[Lighter] Publics loaded. \u001b[90mx48\u001b[39m"]
INFO 2014-11-25T23:11:22.863Z ["[Lighter] Publics loaded. \u001b[90mx48\u001b[39m"]
INFO 2014-11-25T23:11:22.873Z ["[Lighter] Publics loaded. \u001b[90mx48\u001b[39m"]
INFO 2014-11-25T23:11:22.878Z ["[D6] Views routed to \"/d6.js\"."]
INFO 2014-11-25T23:11:22.886Z ["[Lighter] Views loaded. \u001b[90mx30\u001b[39m"]
INFO 2014-11-25T23:11:22.887Z ["[D6] Views routed to \"/d6.js\"."]
INFO 2014-11-25T23:11:22.902Z ["[D6] Views routed to \"/d6.js\"."]
INFO 2014-11-25T23:11:22.907Z ["[D6] Views routed to \"/d6.js\"."]
INFO 2014-11-25T23:11:22.907Z ["[Lighter] Views loaded. \u001b[90mx30\u001b[39m"]
INFO 2014-11-25T23:11:22.915Z ["[D6] Views routed to \"/d6.js\"."]
INFO 2014-11-25T23:11:22.927Z ["[D6] Views routed to \"/d6.js\"."]
INFO 2014-11-25T23:11:22.936Z ["[Lighter] Views loaded. \u001b[90mx30\u001b[39m"]
INFO 2014-11-25T23:11:22.952Z ["[D6] Views routed to \"/d6.js\"."]
WARN 2014-11-25T23:11:29.159Z ["[Lighter] Exiting due to file change in \"node_modules/lighter/commands/dev.js\"."]
WARN 2014-11-25T23:11:29.159Z ["[Lighter] Exiting due to file change in \"node_modules/lighter/commands/dev.js\"."]
WARN 2014-11-25T23:11:29.159Z ["[Lighter] Exiting due to file change in \"node_modules/lighter/commands/dev.js\"."]
WARN 2014-11-25T23:11:29.159Z ["[Lighter] Exiting due to file change in \"node_modules/lighter/commands/dev.js\"."]
WARN 2014-11-25T23:11:29.159Z ["[Lighter] Exiting due to file change in \"node_modules/lighter/commands/dev.js\"."]
WARN 2014-11-25T23:11:29.159Z ["[Lighter] Exiting due to file change in \"node_modules/lighter/commands/dev.js\"."]
WARN 2014-11-25T23:11:29.160Z ["[Lighter] Exiting due to file change in \"node_modules/lighter/commands/dev.js\"."]
WARN 2014-11-25T23:11:29.163Z ["[Lighter] Exiting due to file change in \"node_modules/lighter/commands/dev.js\"."]
ERROR 2014-11-25T23:11:29.189Z ["Worker 82712 died."]
INFO 2014-11-25T23:11:30.305Z ["[Lighter] Models loaded. \u001b[90mx0\u001b[39m"]
INFO 2014-11-25T23:11:30.323Z ["[Lighter] Scripts routed to \"/sly.js\". \u001b[90mx1\u001b[39m"]
INFO 2014-11-25T23:11:30.324Z ["[Lighter] Styles routed to \"/sly.css\". \u001b[90mx1\u001b[39m"]
INFO 2014-11-25T23:11:30.327Z ["[Lighter] Controllers loaded. \u001b[90mx2\u001b[39m"]
INFO 2014-11-25T23:11:30.335Z ["[Lighter] Models loaded. \u001b[90mx0\u001b[39m"]
INFO 2014-11-25T23:11:30.339Z ["[Lighter] Models loaded. \u001b[90mx0\u001b[39m"]
INFO 2014-11-25T23:11:30.341Z ["[Lighter] Models loaded. \u001b[90mx0\u001b[39m"]
INFO 2014-11-25T23:11:30.344Z ["[Lighter] Models loaded. \u001b[90mx0\u001b[39m"]
INFO 2014-11-25T23:11:30.346Z ["[Lighter] Models loaded. \u001b[90mx0\u001b[39m"]
INFO 2014-11-25T23:11:30.358Z ["[Lighter] Scripts routed to \"/sly.js\". \u001b[90mx1\u001b[39m"]
INFO 2014-11-25T23:11:30.360Z ["[Lighter] Scripts routed to \"/a.js\". \u001b[90mx1\u001b[39m"]
INFO 2014-11-25T23:11:30.360Z ["[Lighter] Styles routed to \"/sly.css\". \u001b[90mx1\u001b[39m"]
INFO 2014-11-25T23:11:30.361Z ["[Lighter] Scripts routed to \"/sly.js\". \u001b[90mx1\u001b[39m"]
INFO 2014-11-25T23:11:30.361Z ["[Lighter] Scripts routed to \"/sly.js\". \u001b[90mx1\u001b[39m"]
INFO 2014-11-25T23:11:30.363Z ["[Lighter] Styles routed to \"/sly.css\". \u001b[90mx1\u001b[39m"]
INFO 2014-11-25T23:11:30.363Z ["[Lighter] Models loaded. \u001b[90mx0\u001b[39m"]
INFO 2014-11-25T23:11:30.364Z ["[Lighter] Controllers loaded. \u001b[90mx2\u001b[39m"]
INFO 2014-11-25T23:11:30.366Z ["[Lighter] Controllers loaded. \u001b[90mx2\u001b[39m"]
INFO 2014-11-25T23:11:30.366Z ["[Lighter] Styles routed to \"/a.css\". \u001b[90mx1\u001b[39m"]
INFO 2014-11-25T23:11:30.367Z ["[Lighter] Models loaded. \u001b[90mx0\u001b[39m"]
INFO 2014-11-25T23:11:30.367Z ["[Lighter] Styles routed to \"/sly.css\". \u001b[90mx1\u001b[39m"]
INFO 2014-11-25T23:11:30.369Z ["[Lighter] Scripts routed to \"/sly.js\". \u001b[90mx1\u001b[39m"]
INFO 2014-11-25T23:11:30.372Z ["[Lighter] Controllers loaded. \u001b[90mx2\u001b[39m"]
INFO 2014-11-25T23:11:30.373Z ["[Lighter] Styles routed to \"/sly.css\". \u001b[90mx1\u001b[39m"]
INFO 2014-11-25T23:11:30.373Z ["[Lighter] Scripts routed to \"/sly.js\". \u001b[90mx1\u001b[39m"]
INFO 2014-11-25T23:11:30.376Z ["[Lighter] Controllers loaded. \u001b[90mx2\u001b[39m"]
INFO 2014-11-25T23:11:30.376Z ["[Lighter] Styles routed to \"/sly.css\". \u001b[90mx1\u001b[39m"]
INFO 2014-11-25T23:11:30.379Z ["[Lighter] Controllers loaded. \u001b[90mx2\u001b[39m"]
INFO 2014-11-25T23:11:30.381Z ["[Lighter] Scripts routed to \"/sly.js\". \u001b[90mx1\u001b[39m"]
INFO 2014-11-25T23:11:30.383Z ["[Lighter] Styles routed to \"/sly.css\". \u001b[90mx1\u001b[39m"]
INFO 2014-11-25T23:11:30.384Z ["[Lighter] Scripts routed to \"/sly.js\". \u001b[90mx1\u001b[39m"]
INFO 2014-11-25T23:11:30.385Z ["[Lighter] Controllers loaded. \u001b[90mx2\u001b[39m"]
INFO 2014-11-25T23:11:30.386Z ["[Lighter] Styles routed to \"/sly.css\". \u001b[90mx1\u001b[39m"]
INFO 2014-11-25T23:11:30.390Z ["[Lighter] Controllers loaded. \u001b[90mx2\u001b[39m"]
INFO 2014-11-25T23:11:30.398Z ["[Lighter] Scripts routed to \"/a.js\". \u001b[90mx1\u001b[39m"]
INFO 2014-11-25T23:11:30.405Z ["[Lighter] Styles routed to \"/a.css\". \u001b[90mx1\u001b[39m"]
INFO 2014-11-25T23:11:30.406Z ["[Lighter] Scripts routed to \"/a.js\". \u001b[90mx1\u001b[39m"]
INFO 2014-11-25T23:11:30.409Z ["[Lighter] Scripts routed to \"/a.js\". \u001b[90mx1\u001b[39m"]
INFO 2014-11-25T23:11:30.411Z ["[Lighter] Styles routed to \"/a.css\". \u001b[90mx1\u001b[39m"]
INFO 2014-11-25T23:11:30.414Z ["[Lighter] Scripts routed to \"/a.js\". \u001b[90mx1\u001b[39m"]
INFO 2014-11-25T23:11:30.428Z ["[Lighter] Scripts routed to \"/a.js\". \u001b[90mx1\u001b[39m"]
INFO 2014-11-25T23:11:30.429Z ["[Lighter] Scripts routed to \"/a.js\". \u001b[90mx1\u001b[39m"]
INFO 2014-11-25T23:11:30.430Z ["[Lighter] Styles routed to \"/a.css\". \u001b[90mx1\u001b[39m"]
INFO 2014-11-25T23:11:30.438Z ["[Lighter] Styles routed to \"/a.css\". \u001b[90mx1\u001b[39m"]
INFO 2014-11-25T23:11:30.441Z ["[Lighter] Styles routed to \"/a.css\". \u001b[90mx1\u001b[39m"]
INFO 2014-11-25T23:11:30.453Z ["[Lighter] Styles routed to \"/a.css\". \u001b[90mx1\u001b[39m"]
INFO 2014-11-25T23:11:30.476Z ["[Lighter] Scripts routed to \"/a.js\". \u001b[90mx1\u001b[39m"]
INFO 2014-11-25T23:11:30.487Z ["[Lighter] Styles routed to \"/a.css\". \u001b[90mx1\u001b[39m"]
INFO 2014-11-25T23:11:32.221Z ["[Lighter] Publics loaded. \u001b[90mx48\u001b[39m"]
INFO 2014-11-25T23:11:32.276Z ["[Lighter] Publics loaded. \u001b[90mx48\u001b[39m"]
INFO 2014-11-25T23:11:32.291Z ["[Lighter] Publics loaded. \u001b[90mx48\u001b[39m"]
INFO 2014-11-25T23:11:32.315Z ["[Lighter] Publics loaded. \u001b[90mx48\u001b[39m"]
INFO 2014-11-25T23:11:33.750Z ["[Lighter] Views loaded. \u001b[90mx30\u001b[39m"]
INFO 2014-11-25T23:11:33.764Z ["[Lighter] Views loaded. \u001b[90mx30\u001b[39m"]
INFO 2014-11-25T23:11:33.892Z ["[Lighter] Views loaded. \u001b[90mx30\u001b[39m"]
INFO 2014-11-25T23:11:34.029Z ["[Lighter] Views loaded. \u001b[90mx30\u001b[39m"]
INFO 2014-11-25T23:11:34.095Z ["[Lighter] Publics loaded. \u001b[90mx48\u001b[39m"]
INFO 2014-11-25T23:11:34.102Z ["[Lighter] Publics loaded. \u001b[90mx48\u001b[39m"]
INFO 2014-11-25T23:11:34.137Z ["[Lighter] Publics loaded. \u001b[90mx48\u001b[39m"]
INFO 2014-11-25T23:11:34.144Z ["[Lighter] Views loaded. \u001b[90mx30\u001b[39m"]
INFO 2014-11-25T23:11:34.148Z ["[D6] Views routed to \"/d6.js\"."]
INFO 2014-11-25T23:11:34.156Z ["[D6] Views routed to \"/d6.js\"."]
INFO 2014-11-25T23:11:34.157Z ["[Lighter] Publics loaded. \u001b[90mx48\u001b[39m"]
INFO 2014-11-25T23:11:34.170Z ["[Lighter] Views loaded. \u001b[90mx30\u001b[39m"]
INFO 2014-11-25T23:11:34.180Z ["[D6] Views routed to \"/d6.js\"."]
INFO 2014-11-25T23:11:34.181Z ["[D6] Views routed to \"/d6.js\"."]
INFO 2014-11-25T23:11:34.185Z ["[D6] Views routed to \"/d6.js\"."]
INFO 2014-11-25T23:11:34.191Z ["[D6] Views routed to \"/d6.js\"."]
INFO 2014-11-25T23:11:34.198Z ["[Lighter] Views loaded. \u001b[90mx30\u001b[39m"]
INFO 2014-11-25T23:11:34.210Z ["[Lighter] Views loaded. \u001b[90mx30\u001b[39m"]
INFO 2014-11-25T23:11:34.215Z ["[D6] Views routed to \"/d6.js\"."]
INFO 2014-11-25T23:11:34.227Z ["[D6] Views routed to \"/d6.js\"."]
WARN 2014-11-25T23:11:40.307Z ["[Lighter] Exiting due to file change in \"node_modules/lighter/commands/prod.js\"."]
WARN 2014-11-25T23:11:40.308Z ["[Lighter] Exiting due to file change in \"node_modules/lighter/commands/prod.js\"."]
WARN 2014-11-25T23:11:40.308Z ["[Lighter] Exiting due to file change in \"node_modules/lighter/commands/prod.js\"."]
WARN 2014-11-25T23:11:40.308Z ["[Lighter] Exiting due to file change in \"node_modules/lighter/commands/prod.js\"."]
WARN 2014-11-25T23:11:40.308Z ["[Lighter] Exiting due to file change in \"node_modules/lighter/commands/prod.js\"."]
WARN 2014-11-25T23:11:40.308Z ["[Lighter] Exiting due to file change in \"node_modules/lighter/commands/prod.js\"."]
WARN 2014-11-25T23:11:40.314Z ["[Lighter] Exiting due to file change in \"node_modules/lighter/commands/prod.js\"."]
WARN 2014-11-25T23:11:40.317Z ["[Lighter] Exiting due to file change in \"node_modules/lighter/commands/prod.js\"."]
ERROR 2014-11-25T23:11:40.337Z ["Worker 82723 died."]
INFO 2014-11-25T23:11:41.433Z ["[Lighter] Models loaded. \u001b[90mx0\u001b[39m"]
INFO 2014-11-25T23:11:41.458Z ["[Lighter] Scripts routed to \"/sly.js\". \u001b[90mx1\u001b[39m"]
INFO 2014-11-25T23:11:41.460Z ["[Lighter] Styles routed to \"/sly.css\". \u001b[90mx1\u001b[39m"]
INFO 2014-11-25T23:11:41.462Z ["[Lighter] Models loaded. \u001b[90mx0\u001b[39m"]
INFO 2014-11-25T23:11:41.464Z ["[Lighter] Models loaded. \u001b[90mx0\u001b[39m"]
INFO 2014-11-25T23:11:41.465Z ["[Lighter] Controllers loaded. \u001b[90mx2\u001b[39m"]
INFO 2014-11-25T23:11:41.466Z ["[Lighter] Models loaded. \u001b[90mx0\u001b[39m"]
INFO 2014-11-25T23:11:41.467Z ["[Lighter] Models loaded. \u001b[90mx0\u001b[39m"]
INFO 2014-11-25T23:11:41.478Z ["[Lighter] Models loaded. \u001b[90mx0\u001b[39m"]
INFO 2014-11-25T23:11:41.480Z ["[Lighter] Scripts routed to \"/sly.js\". \u001b[90mx1\u001b[39m"]
INFO 2014-11-25T23:11:41.481Z ["[Lighter] Scripts routed to \"/sly.js\". \u001b[90mx1\u001b[39m"]
INFO 2014-11-25T23:11:41.483Z ["[Lighter] Scripts routed to \"/sly.js\". \u001b[90mx1\u001b[39m"]
INFO 2014-11-25T23:11:41.484Z ["[Lighter] Styles routed to \"/sly.css\". \u001b[90mx1\u001b[39m"]
INFO 2014-11-25T23:11:41.484Z ["[Lighter] Styles routed to \"/sly.css\". \u001b[90mx1\u001b[39m"]
INFO 2014-11-25T23:11:41.485Z ["[Lighter] Scripts routed to \"/sly.js\". \u001b[90mx1\u001b[39m"]
INFO 2014-11-25T23:11:41.486Z ["[Lighter] Styles routed to \"/sly.css\". \u001b[90mx1\u001b[39m"]
INFO 2014-11-25T23:11:41.487Z ["[Lighter] Styles routed to \"/sly.css\". \u001b[90mx1\u001b[39m"]
INFO 2014-11-25T23:11:41.489Z ["[Lighter] Controllers loaded. \u001b[90mx2\u001b[39m"]
INFO 2014-11-25T23:11:41.489Z ["[Lighter] Controllers loaded. \u001b[90mx2\u001b[39m"]
INFO 2014-11-25T23:11:41.490Z ["[Lighter] Models loaded. \u001b[90mx0\u001b[39m"]
INFO 2014-11-25T23:11:41.491Z ["[Lighter] Models loaded. \u001b[90mx0\u001b[39m"]
INFO 2014-11-25T23:11:41.494Z ["[Lighter] Controllers loaded. \u001b[90mx2\u001b[39m"]
INFO 2014-11-25T23:11:41.495Z ["[Lighter] Controllers loaded. \u001b[90mx2\u001b[39m"]
INFO 2014-11-25T23:11:41.496Z ["[Lighter] Scripts routed to \"/sly.js\". \u001b[90mx1\u001b[39m"]
INFO 2014-11-25T23:11:41.498Z ["[Lighter] Styles routed to \"/sly.css\". \u001b[90mx1\u001b[39m"]
INFO 2014-11-25T23:11:41.502Z ["[Lighter] Scripts routed to \"/a.js\". \u001b[90mx1\u001b[39m"]
INFO 2014-11-25T23:11:41.502Z ["[Lighter] Controllers loaded. \u001b[90mx2\u001b[39m"]
INFO 2014-11-25T23:11:41.506Z ["[Lighter] Styles routed to \"/a.css\". \u001b[90mx1\u001b[39m"]
INFO 2014-11-25T23:11:41.510Z ["[Lighter] Scripts routed to \"/sly.js\". \u001b[90mx1\u001b[39m"]
INFO 2014-11-25T23:11:41.513Z ["[Lighter] Styles routed to \"/sly.css\". \u001b[90mx1\u001b[39m"]
INFO 2014-11-25T23:11:41.513Z ["[Lighter] Scripts routed to \"/sly.js\". \u001b[90mx1\u001b[39m"]
INFO 2014-11-25T23:11:41.515Z ["[Lighter] Controllers loaded. \u001b[90mx2\u001b[39m"]
INFO 2014-11-25T23:11:41.516Z ["[Lighter] Styles routed to \"/sly.css\". \u001b[90mx1\u001b[39m"]
INFO 2014-11-25T23:11:41.519Z ["[Lighter] Controllers loaded. \u001b[90mx2\u001b[39m"]
INFO 2014-11-25T23:11:41.526Z ["[Lighter] Scripts routed to \"/a.js\". \u001b[90mx1\u001b[39m"]
INFO 2014-11-25T23:11:41.528Z ["[Lighter] Scripts routed to \"/a.js\". \u001b[90mx1\u001b[39m"]
INFO 2014-11-25T23:11:41.531Z ["[Lighter] Scripts routed to \"/a.js\". \u001b[90mx1\u001b[39m"]
INFO 2014-11-25T23:11:41.533Z ["[Lighter] Styles routed to \"/a.css\". \u001b[90mx1\u001b[39m"]
INFO 2014-11-25T23:11:41.535Z ["[Lighter] Styles routed to \"/a.css\". \u001b[90mx1\u001b[39m"]
INFO 2014-11-25T23:11:41.537Z ["[Lighter] Scripts routed to \"/a.js\". \u001b[90mx1\u001b[39m"]
INFO 2014-11-25T23:11:41.537Z ["[Lighter] Scripts routed to \"/a.js\". \u001b[90mx1\u001b[39m"]
INFO 2014-11-25T23:11:41.538Z ["[Lighter] Styles routed to \"/a.css\". \u001b[90mx1\u001b[39m"]
INFO 2014-11-25T23:11:41.544Z ["[Lighter] Styles routed to \"/a.css\". \u001b[90mx1\u001b[39m"]
INFO 2014-11-25T23:11:41.545Z ["[Lighter] Styles routed to \"/a.css\". \u001b[90mx1\u001b[39m"]
INFO 2014-11-25T23:11:41.558Z ["[Lighter] Scripts routed to \"/a.js\". \u001b[90mx1\u001b[39m"]
INFO 2014-11-25T23:11:41.563Z ["[Lighter] Styles routed to \"/a.css\". \u001b[90mx1\u001b[39m"]
INFO 2014-11-25T23:11:41.572Z ["[Lighter] Scripts routed to \"/a.js\". \u001b[90mx1\u001b[39m"]
INFO 2014-11-25T23:11:41.584Z ["[Lighter] Styles routed to \"/a.css\". \u001b[90mx1\u001b[39m"]
INFO 2014-11-25T23:11:43.324Z ["[Lighter] Publics loaded. \u001b[90mx48\u001b[39m"]
INFO 2014-11-25T23:11:43.395Z ["[Lighter] Publics loaded. \u001b[90mx48\u001b[39m"]
INFO 2014-11-25T23:11:43.441Z ["[Lighter] Publics loaded. \u001b[90mx48\u001b[39m"]
INFO 2014-11-25T23:11:44.818Z ["[Lighter] Views loaded. \u001b[90mx30\u001b[39m"]
INFO 2014-11-25T23:11:45.136Z ["[Lighter] Views loaded. \u001b[90mx30\u001b[39m"]
INFO 2014-11-25T23:11:45.211Z ["[Lighter] Publics loaded. \u001b[90mx48\u001b[39m"]
INFO 2014-11-25T23:11:45.224Z ["[Lighter] Views loaded. \u001b[90mx30\u001b[39m"]
INFO 2014-11-25T23:11:45.257Z ["[Lighter] Publics loaded. \u001b[90mx48\u001b[39m"]
INFO 2014-11-25T23:11:45.259Z ["[D6] Views routed to \"/d6.js\"."]
INFO 2014-11-25T23:11:45.261Z ["[D6] Views routed to \"/d6.js\"."]
INFO 2014-11-25T23:11:45.269Z ["[Lighter] Views loaded. \u001b[90mx30\u001b[39m"]
INFO 2014-11-25T23:11:45.270Z ["[Lighter] Views loaded. \u001b[90mx30\u001b[39m"]
INFO 2014-11-25T23:11:45.271Z ["[Lighter] Views loaded. \u001b[90mx30\u001b[39m"]
INFO 2014-11-25T23:11:45.281Z ["[D6] Views routed to \"/d6.js\"."]
INFO 2014-11-25T23:11:45.301Z ["[Lighter] Views loaded. \u001b[90mx30\u001b[39m"]
INFO 2014-11-25T23:11:45.322Z ["[D6] Views routed to \"/d6.js\"."]
INFO 2014-11-25T23:11:45.337Z ["[Lighter] Views loaded. \u001b[90mx30\u001b[39m"]
INFO 2014-11-25T23:11:45.351Z ["[Lighter] Publics loaded. \u001b[90mx48\u001b[39m"]
INFO 2014-11-25T23:11:45.354Z ["[Lighter] Publics loaded. \u001b[90mx48\u001b[39m"]
INFO 2014-11-25T23:11:45.359Z ["[Lighter] Publics loaded. \u001b[90mx48\u001b[39m"]
INFO 2014-11-25T23:11:45.363Z ["[D6] Views routed to \"/d6.js\"."]
INFO 2014-11-25T23:11:45.374Z ["[D6] Views routed to \"/d6.js\"."]
INFO 2014-11-25T23:11:45.377Z ["[D6] Views routed to \"/d6.js\"."]
INFO 2014-11-25T23:11:45.381Z ["[D6] Views routed to \"/d6.js\"."]
WARN 2014-11-25T23:11:50.061Z ["[Lighter] Exiting due to file change in \"node_modules/lighter/commands/stage.js\"."]
WARN 2014-11-25T23:11:50.062Z ["[Lighter] Exiting due to file change in \"node_modules/lighter/commands/stage.js\"."]
WARN 2014-11-25T23:11:50.062Z ["[Lighter] Exiting due to file change in \"node_modules/lighter/commands/stage.js\"."]
WARN 2014-11-25T23:11:50.062Z ["[Lighter] Exiting due to file change in \"node_modules/lighter/commands/stage.js\"."]
WARN 2014-11-25T23:11:50.062Z ["[Lighter] Exiting due to file change in \"node_modules/lighter/commands/stage.js\"."]
WARN 2014-11-25T23:11:50.062Z ["[Lighter] Exiting due to file change in \"node_modules/lighter/commands/stage.js\"."]
WARN 2014-11-25T23:11:50.062Z ["[Lighter] Exiting due to file change in \"node_modules/lighter/commands/stage.js\"."]
WARN 2014-11-25T23:11:50.062Z ["[Lighter] Exiting due to file change in \"node_modules/lighter/commands/stage.js\"."]
ERROR 2014-11-25T23:11:50.094Z ["Worker 82729 died."]
INFO 2014-11-25T23:11:51.223Z ["[Lighter] Models loaded. \u001b[90mx0\u001b[39m"]
INFO 2014-11-25T23:11:51.225Z ["[Lighter] Models loaded. \u001b[90mx0\u001b[39m"]
INFO 2014-11-25T23:11:51.238Z ["[Lighter] Models loaded. \u001b[90mx0\u001b[39m"]
INFO 2014-11-25T23:11:51.238Z ["[Lighter] Models loaded. \u001b[90mx0\u001b[39m"]
INFO 2014-11-25T23:11:51.244Z ["[Lighter] Scripts routed to \"/sly.js\". \u001b[90mx1\u001b[39m"]
INFO 2014-11-25T23:11:51.245Z ["[Lighter] Scripts routed to \"/sly.js\". \u001b[90mx1\u001b[39m"]
INFO 2014-11-25T23:11:51.248Z ["[Lighter] Styles routed to \"/sly.css\". \u001b[90mx1\u001b[39m"]
INFO 2014-11-25T23:11:51.253Z ["[Lighter] Models loaded. \u001b[90mx0\u001b[39m"]
INFO 2014-11-25T23:11:51.254Z ["[Lighter] Controllers loaded. \u001b[90mx2\u001b[39m"]
INFO 2014-11-25T23:11:51.254Z ["[Lighter] Styles routed to \"/sly.css\". \u001b[90mx1\u001b[39m"]
INFO 2014-11-25T23:11:51.257Z ["[Lighter] Models loaded. \u001b[90mx0\u001b[39m"]
INFO 2014-11-25T23:11:51.258Z ["[Lighter] Scripts routed to \"/sly.js\". \u001b[90mx1\u001b[39m"]
INFO 2014-11-25T23:11:51.259Z ["[Lighter] Controllers loaded. \u001b[90mx2\u001b[39m"]
INFO 2014-11-25T23:11:51.260Z ["[Lighter] Styles routed to \"/sly.css\". \u001b[90mx1\u001b[39m"]
INFO 2014-11-25T23:11:51.263Z ["[Lighter] Models loaded. \u001b[90mx0\u001b[39m"]
INFO 2014-11-25T23:11:51.264Z ["[Lighter] Controllers loaded. \u001b[90mx2\u001b[39m"]
INFO 2014-11-25T23:11:51.264Z ["[Lighter] Scripts routed to \"/sly.js\". \u001b[90mx1\u001b[39m"]
INFO 2014-11-25T23:11:51.268Z ["[Lighter] Styles routed to \"/sly.css\". \u001b[90mx1\u001b[39m"]
INFO 2014-11-25T23:11:51.271Z ["[Lighter] Controllers loaded. \u001b[90mx2\u001b[39m"]
INFO 2014-11-25T23:11:51.273Z ["[Lighter] Models loaded. \u001b[90mx0\u001b[39m"]
INFO 2014-11-25T23:11:51.275Z ["[Lighter] Scripts routed to \"/sly.js\". \u001b[90mx1\u001b[39m"]
INFO 2014-11-25T23:11:51.277Z ["[Lighter] Scripts routed to \"/sly.js\". \u001b[90mx1\u001b[39m"]
INFO 2014-11-25T23:11:51.278Z ["[Lighter] Styles routed to \"/sly.css\". \u001b[90mx1\u001b[39m"]
INFO 2014-11-25T23:11:51.280Z ["[Lighter] Controllers loaded. \u001b[90mx2\u001b[39m"]
INFO 2014-11-25T23:11:51.281Z ["[Lighter] Styles routed to \"/sly.css\". \u001b[90mx1\u001b[39m"]
INFO 2014-11-25T23:11:51.284Z ["[Lighter] Controllers loaded. \u001b[90mx2\u001b[39m"]
INFO 2014-11-25T23:11:51.284Z ["[Lighter] Scripts routed to \"/sly.js\". \u001b[90mx1\u001b[39m"]
INFO 2014-11-25T23:11:51.288Z ["[Lighter] Styles routed to \"/sly.css\". \u001b[90mx1\u001b[39m"]
INFO 2014-11-25T23:11:51.288Z ["[Lighter] Scripts routed to \"/a.js\". \u001b[90mx1\u001b[39m"]
INFO 2014-11-25T23:11:51.290Z ["[Lighter] Scripts routed to \"/sly.js\". \u001b[90mx1\u001b[39m"]
INFO 2014-11-25T23:11:51.291Z ["[Lighter] Controllers loaded. \u001b[90mx2\u001b[39m"]
INFO 2014-11-25T23:11:51.292Z ["[Lighter] Styles routed to \"/sly.css\". \u001b[90mx1\u001b[39m"]
INFO 2014-11-25T23:11:51.296Z ["[Lighter] Controllers loaded. \u001b[90mx2\u001b[39m"]
INFO 2014-11-25T23:11:51.299Z ["[Lighter] Scripts routed to \"/a.js\". \u001b[90mx1\u001b[39m"]
INFO 2014-11-25T23:11:51.299Z ["[Lighter] Styles routed to \"/a.css\". \u001b[90mx1\u001b[39m"]
INFO 2014-11-25T23:11:51.301Z ["[Lighter] Scripts routed to \"/a.js\". \u001b[90mx1\u001b[39m"]
INFO 2014-11-25T23:11:51.307Z ["[Lighter] Scripts routed to \"/a.js\". \u001b[90mx1\u001b[39m"]
INFO 2014-11-25T23:11:51.307Z ["[Lighter] Styles routed to \"/a.css\". \u001b[90mx1\u001b[39m"]
INFO 2014-11-25T23:11:51.319Z ["[Lighter] Styles routed to \"/a.css\". \u001b[90mx1\u001b[39m"]
INFO 2014-11-25T23:11:51.325Z ["[Lighter] Styles routed to \"/a.css\". \u001b[90mx1\u001b[39m"]
INFO 2014-11-25T23:11:51.333Z ["[Lighter] Scripts routed to \"/a.js\". \u001b[90mx1\u001b[39m"]
INFO 2014-11-25T23:11:51.334Z ["[Lighter] Scripts routed to \"/a.js\". \u001b[90mx1\u001b[39m"]
INFO 2014-11-25T23:11:51.337Z ["[Lighter] Styles routed to \"/a.css\". \u001b[90mx1\u001b[39m"]
INFO 2014-11-25T23:11:51.342Z ["[Lighter] Styles routed to \"/a.css\". \u001b[90mx1\u001b[39m"]
INFO 2014-11-25T23:11:51.353Z ["[Lighter] Scripts routed to \"/a.js\". \u001b[90mx1\u001b[39m"]
INFO 2014-11-25T23:11:51.354Z ["[Lighter] Styles routed to \"/a.css\". \u001b[90mx1\u001b[39m"]
INFO 2014-11-25T23:11:51.364Z ["[Lighter] Scripts routed to \"/a.js\". \u001b[90mx1\u001b[39m"]
INFO 2014-11-25T23:11:51.368Z ["[Lighter] Styles routed to \"/a.css\". \u001b[90mx1\u001b[39m"]
INFO 2014-11-25T23:11:53.241Z ["[Lighter] Publics loaded. \u001b[90mx48\u001b[39m"]
INFO 2014-11-25T23:11:53.275Z ["[Lighter] Publics loaded. \u001b[90mx48\u001b[39m"]
INFO 2014-11-25T23:11:54.530Z ["[Lighter] Views loaded. \u001b[90mx30\u001b[39m"]
INFO 2014-11-25T23:11:54.638Z ["[Lighter] Views loaded. \u001b[90mx30\u001b[39m"]
INFO 2014-11-25T23:11:54.658Z ["[Lighter] Views loaded. \u001b[90mx30\u001b[39m"]
INFO 2014-11-25T23:11:54.756Z ["[Lighter] Views loaded. \u001b[90mx30\u001b[39m"]
INFO 2014-11-25T23:11:54.906Z ["[Lighter] Views loaded. \u001b[90mx30\u001b[39m"]
INFO 2014-11-25T23:11:54.906Z ["[Lighter] Publics loaded. \u001b[90mx48\u001b[39m"]
INFO 2014-11-25T23:11:54.941Z ["[Lighter] Views loaded. \u001b[90mx30\u001b[39m"]
INFO 2014-11-25T23:11:54.947Z ["[D6] Views routed to \"/d6.js\"."]
INFO 2014-11-25T23:11:54.958Z ["[Lighter] Publics loaded. \u001b[90mx48\u001b[39m"]
INFO 2014-11-25T23:11:54.984Z ["[D6] Views routed to \"/d6.js\"."]
INFO 2014-11-25T23:11:55.002Z ["[Lighter] Publics loaded. \u001b[90mx48\u001b[39m"]
INFO 2014-11-25T23:11:55.014Z ["[Lighter] Publics loaded. \u001b[90mx48\u001b[39m"]
INFO 2014-11-25T23:11:55.031Z ["[D6] Views routed to \"/d6.js\"."]
INFO 2014-11-25T23:11:55.039Z ["[Lighter] Publics loaded. \u001b[90mx48\u001b[39m"]
INFO 2014-11-25T23:11:55.041Z ["[D6] Views routed to \"/d6.js\"."]
INFO 2014-11-25T23:11:55.061Z ["[D6] Views routed to \"/d6.js\"."]
INFO 2014-11-25T23:11:55.073Z ["[Lighter] Views loaded. \u001b[90mx30\u001b[39m"]
INFO 2014-11-25T23:11:55.079Z ["[Lighter] Publics loaded. \u001b[90mx48\u001b[39m"]
INFO 2014-11-25T23:11:55.093Z ["[D6] Views routed to \"/d6.js\"."]
INFO 2014-11-25T23:11:55.100Z ["[D6] Views routed to \"/d6.js\"."]
INFO 2014-11-25T23:11:55.113Z ["[Lighter] Views loaded. \u001b[90mx30\u001b[39m"]
INFO 2014-11-25T23:11:55.131Z ["[D6] Views routed to \"/d6.js\"."]
WARN 2014-11-25T23:11:59.992Z ["[Lighter] Exiting due to file change in \"node_modules/lighter/commands/test.js\"."]
WARN 2014-11-25T23:11:59.992Z ["[Lighter] Exiting due to file change in \"node_modules/lighter/commands/test.js\"."]
WARN 2014-11-25T23:11:59.992Z ["[Lighter] Exiting due to file change in \"node_modules/lighter/commands/test.js\"."]
WARN 2014-11-25T23:11:59.992Z ["[Lighter] Exiting due to file change in \"node_modules/lighter/commands/test.js\"."]
WARN 2014-11-25T23:11:59.992Z ["[Lighter] Exiting due to file change in \"node_modules/lighter/commands/test.js\"."]
WARN 2014-11-25T23:11:59.992Z ["[Lighter] Exiting due to file change in \"node_modules/lighter/commands/test.js\"."]
WARN 2014-11-25T23:11:59.992Z ["[Lighter] Exiting due to file change in \"node_modules/lighter/commands/test.js\"."]
WARN 2014-11-25T23:11:59.992Z ["[Lighter] Exiting due to file change in \"node_modules/lighter/commands/test.js\"."]
