WARN 2014-11-25T23:08:25.600Z ["[Lighter] Exiting due to file change in \"node_modules/lighter/commands/new.js\"."]
WARN 2014-11-25T23:08:25.600Z ["[Lighter] Exiting due to file change in \"node_modules/lighter/commands/new.js\"."]
WARN 2014-11-25T23:08:25.600Z ["[Lighter] Exiting due to file change in \"node_modules/lighter/commands/new.js\"."]
WARN 2014-11-25T23:08:25.600Z ["[Lighter] Exiting due to file change in \"node_modules/lighter/commands/new.js\"."]
WARN 2014-11-25T23:08:25.600Z ["[Lighter] Exiting due to file change in \"node_modules/lighter/commands/new.js\"."]
WARN 2014-11-25T23:08:25.601Z ["[Lighter] Exiting due to file change in \"node_modules/lighter/commands/new.js\"."]
WARN 2014-11-25T23:08:25.601Z ["[Lighter] Exiting due to file change in \"node_modules/lighter/commands/new.js\"."]
WARN 2014-11-25T23:08:25.601Z ["[Lighter] Exiting due to file change in \"node_modules/lighter/commands/new.js\"."]
ERROR 2014-11-25T23:08:25.627Z ["Worker 82589 died."]
INFO 2014-11-25T23:08:26.771Z ["[Lighter] Models loaded. \u001b[90mx0\u001b[39m"]
INFO 2014-11-25T23:08:26.777Z ["[Lighter] Models loaded. \u001b[90mx0\u001b[39m"]
INFO 2014-11-25T23:08:26.783Z ["[Lighter] Models loaded. \u001b[90mx0\u001b[39m"]
INFO 2014-11-25T23:08:26.786Z ["[Lighter] Models loaded. \u001b[90mx0\u001b[39m"]
INFO 2014-11-25T23:08:26.786Z ["[Lighter] Scripts routed to \"/sly.js\". \u001b[90mx1\u001b[39m"]
INFO 2014-11-25T23:08:26.788Z ["[Lighter] Styles routed to \"/sly.css\". \u001b[90mx1\u001b[39m"]
INFO 2014-11-25T23:08:26.791Z ["[Lighter] Controllers loaded. \u001b[90mx2\u001b[39m"]
INFO 2014-11-25T23:08:26.794Z ["[Lighter] Models loaded. \u001b[90mx0\u001b[39m"]
INFO 2014-11-25T23:08:26.798Z ["[Lighter] Models loaded. \u001b[90mx0\u001b[39m"]
INFO 2014-11-25T23:08:26.799Z ["[Lighter] Scripts routed to \"/sly.js\". \u001b[90mx1\u001b[39m"]
INFO 2014-11-25T23:08:26.800Z ["[Lighter] Models loaded. \u001b[90mx0\u001b[39m"]
INFO 2014-11-25T23:08:26.804Z ["[Lighter] Styles routed to \"/sly.css\". \u001b[90mx1\u001b[39m"]
INFO 2014-11-25T23:08:26.804Z ["[Lighter] Models loaded. \u001b[90mx0\u001b[39m"]
INFO 2014-11-25T23:08:26.806Z ["[Lighter] Controllers loaded. \u001b[90mx2\u001b[39m"]
INFO 2014-11-25T23:08:26.808Z ["[Lighter] Scripts routed to \"/sly.js\". \u001b[90mx1\u001b[39m"]
INFO 2014-11-25T23:08:26.810Z ["[Lighter] Scripts routed to \"/sly.js\". \u001b[90mx1\u001b[39m"]
INFO 2014-11-25T23:08:26.811Z ["[Lighter] Styles routed to \"/sly.css\". \u001b[90mx1\u001b[39m"]
INFO 2014-11-25T23:08:26.812Z ["[Lighter] Scripts routed to \"/sly.js\". \u001b[90mx1\u001b[39m"]
INFO 2014-11-25T23:08:26.812Z ["[Lighter] Styles routed to \"/sly.css\". \u001b[90mx1\u001b[39m"]
INFO 2014-11-25T23:08:26.814Z ["[Lighter] Controllers loaded. \u001b[90mx2\u001b[39m"]
INFO 2014-11-25T23:08:26.814Z ["[Lighter] Styles routed to \"/sly.css\". \u001b[90mx1\u001b[39m"]
INFO 2014-11-25T23:08:26.816Z ["[Lighter] Controllers loaded. \u001b[90mx2\u001b[39m"]
INFO 2014-11-25T23:08:26.817Z ["[Lighter] Controllers loaded. \u001b[90mx2\u001b[39m"]
INFO 2014-11-25T23:08:26.818Z ["[Lighter] Scripts routed to \"/sly.js\". \u001b[90mx1\u001b[39m"]
INFO 2014-11-25T23:08:26.820Z ["[Lighter] Styles routed to \"/sly.css\". \u001b[90mx1\u001b[39m"]
INFO 2014-11-25T23:08:26.821Z ["[Lighter] Scripts routed to \"/sly.js\". \u001b[90mx1\u001b[39m"]
INFO 2014-11-25T23:08:26.822Z ["[Lighter] Scripts routed to \"/sly.js\". \u001b[90mx1\u001b[39m"]
INFO 2014-11-25T23:08:26.822Z ["[Lighter] Styles routed to \"/sly.css\". \u001b[90mx1\u001b[39m"]
INFO 2014-11-25T23:08:26.823Z ["[Lighter] Controllers loaded. \u001b[90mx2\u001b[39m"]
INFO 2014-11-25T23:08:26.824Z ["[Lighter] Styles routed to \"/sly.css\". \u001b[90mx1\u001b[39m"]
INFO 2014-11-25T23:08:26.825Z ["[Lighter] Controllers loaded. \u001b[90mx2\u001b[39m"]
INFO 2014-11-25T23:08:26.827Z ["[Lighter] Scripts routed to \"/a.js\". \u001b[90mx1\u001b[39m"]
INFO 2014-11-25T23:08:26.829Z ["[Lighter] Controllers loaded. \u001b[90mx2\u001b[39m"]
INFO 2014-11-25T23:08:26.832Z ["[Lighter] Styles routed to \"/a.css\". \u001b[90mx1\u001b[39m"]
INFO 2014-11-25T23:08:26.837Z ["[Lighter] Scripts routed to \"/a.js\". \u001b[90mx1\u001b[39m"]
INFO 2014-11-25T23:08:26.844Z ["[Lighter] Styles routed to \"/a.css\". \u001b[90mx1\u001b[39m"]
INFO 2014-11-25T23:08:26.846Z ["[Lighter] Scripts routed to \"/a.js\". \u001b[90mx1\u001b[39m"]
INFO 2014-11-25T23:08:26.847Z ["[Lighter] Scripts routed to \"/a.js\". \u001b[90mx1\u001b[39m"]
INFO 2014-11-25T23:08:26.852Z ["[Lighter] Styles routed to \"/a.css\". \u001b[90mx1\u001b[39m"]
INFO 2014-11-25T23:08:26.857Z ["[Lighter] Styles routed to \"/a.css\". \u001b[90mx1\u001b[39m"]
INFO 2014-11-25T23:08:26.860Z ["[Lighter] Scripts routed to \"/a.js\". \u001b[90mx1\u001b[39m"]
INFO 2014-11-25T23:08:26.861Z ["[Lighter] Scripts routed to \"/a.js\". \u001b[90mx1\u001b[39m"]
INFO 2014-11-25T23:08:26.862Z ["[Lighter] Scripts routed to \"/a.js\". \u001b[90mx1\u001b[39m"]
INFO 2014-11-25T23:08:26.863Z ["[Lighter] Scripts routed to \"/a.js\". \u001b[90mx1\u001b[39m"]
INFO 2014-11-25T23:08:26.869Z ["[Lighter] Styles routed to \"/a.css\". \u001b[90mx1\u001b[39m"]
INFO 2014-11-25T23:08:26.869Z ["[Lighter] Styles routed to \"/a.css\". \u001b[90mx1\u001b[39m"]
INFO 2014-11-25T23:08:26.871Z ["[Lighter] Styles routed to \"/a.css\". \u001b[90mx1\u001b[39m"]
INFO 2014-11-25T23:08:26.893Z ["[Lighter] Styles routed to \"/a.css\". \u001b[90mx1\u001b[39m"]
INFO 2014-11-25T23:08:28.686Z ["[Lighter] Publics loaded. \u001b[90mx48\u001b[39m"]
INFO 2014-11-25T23:08:28.699Z ["[Lighter] Publics loaded. \u001b[90mx48\u001b[39m"]
INFO 2014-11-25T23:08:28.731Z ["[Lighter] Publics loaded. \u001b[90mx48\u001b[39m"]
INFO 2014-11-25T23:08:30.099Z ["[Lighter] Views loaded. \u001b[90mx30\u001b[39m"]
INFO 2014-11-25T23:08:30.313Z ["[Lighter] Views loaded. \u001b[90mx30\u001b[39m"]
INFO 2014-11-25T23:08:30.446Z ["[Lighter] Views loaded. \u001b[90mx30\u001b[39m"]
INFO 2014-11-25T23:08:30.461Z ["[Lighter] Views loaded. \u001b[90mx30\u001b[39m"]
INFO 2014-11-25T23:08:30.465Z ["[Lighter] Publics loaded. \u001b[90mx48\u001b[39m"]
INFO 2014-11-25T23:08:30.471Z ["[Lighter] Views loaded. \u001b[90mx30\u001b[39m"]
INFO 2014-11-25T23:08:30.516Z ["[D6] Views routed to \"/d6.js\"."]
INFO 2014-11-25T23:08:30.554Z ["[Lighter] Publics loaded. \u001b[90mx48\u001b[39m"]
INFO 2014-11-25T23:08:30.565Z ["[Lighter] Publics loaded. \u001b[90mx48\u001b[39m"]
INFO 2014-11-25T23:08:30.573Z ["[Lighter] Publics loaded. \u001b[90mx48\u001b[39m"]
INFO 2014-11-25T23:08:30.574Z ["[Lighter] Views loaded. \u001b[90mx30\u001b[39m"]
INFO 2014-11-25T23:08:30.593Z ["[D6] Views routed to \"/d6.js\"."]
INFO 2014-11-25T23:08:30.602Z ["[Lighter] Views loaded. \u001b[90mx30\u001b[39m"]
INFO 2014-11-25T23:08:30.604Z ["[D6] Views routed to \"/d6.js\"."]
INFO 2014-11-25T23:08:30.606Z ["[D6] Views routed to \"/d6.js\"."]
INFO 2014-11-25T23:08:30.606Z ["[D6] Views routed to \"/d6.js\"."]
INFO 2014-11-25T23:08:30.617Z ["[Lighter] Publics loaded. \u001b[90mx48\u001b[39m"]
INFO 2014-11-25T23:08:30.622Z ["[D6] Views routed to \"/d6.js\"."]
INFO 2014-11-25T23:08:30.635Z ["[D6] Views routed to \"/d6.js\"."]
INFO 2014-11-25T23:08:30.637Z ["[Lighter] Views loaded. \u001b[90mx30\u001b[39m"]
INFO 2014-11-25T23:08:30.653Z ["[D6] Views routed to \"/d6.js\"."]
WARN 2014-11-25T23:08:48.071Z ["[Lighter] Exiting due to file rename in \"node_modules/lighter/commands/start.js\"."]
WARN 2014-11-25T23:08:48.071Z ["[Lighter] Exiting due to file rename in \"node_modules/lighter/commands/start.js\"."]
WARN 2014-11-25T23:08:48.072Z ["[Lighter] Exiting due to file rename in \"node_modules/lighter/commands/start.js\"."]
WARN 2014-11-25T23:08:48.072Z ["[Lighter] Exiting due to file rename in \"node_modules/lighter/commands/start.js\"."]
WARN 2014-11-25T23:08:48.072Z ["[Lighter] Exiting due to file rename in \"node_modules/lighter/commands/start.js\"."]
WARN 2014-11-25T23:08:48.072Z ["[Lighter] Exiting due to file rename in \"node_modules/lighter/commands/start.js\"."]
WARN 2014-11-25T23:08:48.072Z ["[Lighter] Exiting due to file rename in \"node_modules/lighter/commands/start.js\"."]
WARN 2014-11-25T23:08:48.072Z ["[Lighter] Exiting due to file rename in \"node_modules/lighter/commands/start.js\"."]
ERROR 2014-11-25T23:08:48.093Z ["Worker 82599 died."]
INFO 2014-11-25T23:08:49.164Z ["[Lighter] Models loaded. \u001b[90mx0\u001b[39m"]
INFO 2014-11-25T23:08:49.179Z ["[Lighter] Scripts routed to \"/sly.js\". \u001b[90mx1\u001b[39m"]
INFO 2014-11-25T23:08:49.181Z ["[Lighter] Styles routed to \"/sly.css\". \u001b[90mx1\u001b[39m"]
INFO 2014-11-25T23:08:49.186Z ["[Lighter] Controllers loaded. \u001b[90mx2\u001b[39m"]
INFO 2014-11-25T23:08:49.208Z ["[Lighter] Models loaded. \u001b[90mx0\u001b[39m"]
INFO 2014-11-25T23:08:49.218Z ["[Lighter] Scripts routed to \"/a.js\". \u001b[90mx1\u001b[39m"]
INFO 2014-11-25T23:08:49.223Z ["[Lighter] Styles routed to \"/a.css\". \u001b[90mx1\u001b[39m"]
INFO 2014-11-25T23:08:49.225Z ["[Lighter] Scripts routed to \"/sly.js\". \u001b[90mx1\u001b[39m"]
INFO 2014-11-25T23:08:49.227Z ["[Lighter] Styles routed to \"/sly.css\". \u001b[90mx1\u001b[39m"]
INFO 2014-11-25T23:08:49.227Z ["[Lighter] Models loaded. \u001b[90mx0\u001b[39m"]
INFO 2014-11-25T23:08:49.228Z ["[Lighter] Models loaded. \u001b[90mx0\u001b[39m"]
INFO 2014-11-25T23:08:49.229Z ["[Lighter] Models loaded. \u001b[90mx0\u001b[39m"]
INFO 2014-11-25T23:08:49.230Z ["[Lighter] Models loaded. \u001b[90mx0\u001b[39m"]
INFO 2014-11-25T23:08:49.233Z ["[Lighter] Controllers loaded. \u001b[90mx2\u001b[39m"]
INFO 2014-11-25T23:08:49.236Z ["[Lighter] Models loaded. \u001b[90mx0\u001b[39m"]
INFO 2014-11-25T23:08:49.245Z ["[Lighter] Scripts routed to \"/sly.js\". \u001b[90mx1\u001b[39m"]
INFO 2014-11-25T23:08:49.246Z ["[Lighter] Scripts routed to \"/sly.js\". \u001b[90mx1\u001b[39m"]
INFO 2014-11-25T23:08:49.246Z ["[Lighter] Scripts routed to \"/sly.js\". \u001b[90mx1\u001b[39m"]
INFO 2014-11-25T23:08:49.248Z ["[Lighter] Scripts routed to \"/sly.js\". \u001b[90mx1\u001b[39m"]
INFO 2014-11-25T23:08:49.248Z ["[Lighter] Styles routed to \"/sly.css\". \u001b[90mx1\u001b[39m"]
INFO 2014-11-25T23:08:49.249Z ["[Lighter] Styles routed to \"/sly.css\". \u001b[90mx1\u001b[39m"]
INFO 2014-11-25T23:08:49.249Z ["[Lighter] Styles routed to \"/sly.css\". \u001b[90mx1\u001b[39m"]
INFO 2014-11-25T23:08:49.249Z ["[Lighter] Styles routed to \"/sly.css\". \u001b[90mx1\u001b[39m"]
INFO 2014-11-25T23:08:49.251Z ["[Lighter] Models loaded. \u001b[90mx0\u001b[39m"]
INFO 2014-11-25T23:08:49.251Z ["[Lighter] Controllers loaded. \u001b[90mx2\u001b[39m"]
INFO 2014-11-25T23:08:49.252Z ["[Lighter] Controllers loaded. \u001b[90mx2\u001b[39m"]
INFO 2014-11-25T23:08:49.252Z ["[Lighter] Controllers loaded. \u001b[90mx2\u001b[39m"]
INFO 2014-11-25T23:08:49.253Z ["[Lighter] Controllers loaded. \u001b[90mx2\u001b[39m"]
INFO 2014-11-25T23:08:49.257Z ["[Lighter] Scripts routed to \"/sly.js\". \u001b[90mx1\u001b[39m"]
INFO 2014-11-25T23:08:49.258Z ["[Lighter] Scripts routed to \"/a.js\". \u001b[90mx1\u001b[39m"]
INFO 2014-11-25T23:08:49.258Z ["[Lighter] Styles routed to \"/sly.css\". \u001b[90mx1\u001b[39m"]
INFO 2014-11-25T23:08:49.261Z ["[Lighter] Controllers loaded. \u001b[90mx2\u001b[39m"]
INFO 2014-11-25T23:08:49.265Z ["[Lighter] Styles routed to \"/a.css\". \u001b[90mx1\u001b[39m"]
INFO 2014-11-25T23:08:49.276Z ["[Lighter] Scripts routed to \"/sly.js\". \u001b[90mx1\u001b[39m"]
INFO 2014-11-25T23:08:49.278Z ["[Lighter] Styles routed to \"/sly.css\". \u001b[90mx1\u001b[39m"]
INFO 2014-11-25T23:08:49.282Z ["[Lighter] Scripts routed to \"/a.js\". \u001b[90mx1\u001b[39m"]
INFO 2014-11-25T23:08:49.283Z ["[Lighter] Controllers loaded. \u001b[90mx2\u001b[39m"]
INFO 2014-11-25T23:08:49.288Z ["[Lighter] Styles routed to \"/a.css\". \u001b[90mx1\u001b[39m"]
INFO 2014-11-25T23:08:49.289Z ["[Lighter] Scripts routed to \"/a.js\". \u001b[90mx1\u001b[39m"]
INFO 2014-11-25T23:08:49.291Z ["[Lighter] Scripts routed to \"/a.js\". \u001b[90mx1\u001b[39m"]
INFO 2014-11-25T23:08:49.296Z ["[Lighter] Styles routed to \"/a.css\". \u001b[90mx1\u001b[39m"]
INFO 2014-11-25T23:08:49.296Z ["[Lighter] Scripts routed to \"/a.js\". \u001b[90mx1\u001b[39m"]
INFO 2014-11-25T23:08:49.297Z ["[Lighter] Scripts routed to \"/a.js\". \u001b[90mx1\u001b[39m"]
INFO 2014-11-25T23:08:49.298Z ["[Lighter] Styles routed to \"/a.css\". \u001b[90mx1\u001b[39m"]
INFO 2014-11-25T23:08:49.309Z ["[Lighter] Styles routed to \"/a.css\". \u001b[90mx1\u001b[39m"]
INFO 2014-11-25T23:08:49.321Z ["[Lighter] Styles routed to \"/a.css\". \u001b[90mx1\u001b[39m"]
INFO 2014-11-25T23:08:49.322Z ["[Lighter] Scripts routed to \"/a.js\". \u001b[90mx1\u001b[39m"]
INFO 2014-11-25T23:08:49.330Z ["[Lighter] Styles routed to \"/a.css\". \u001b[90mx1\u001b[39m"]
INFO 2014-11-25T23:08:51.084Z ["[Lighter] Publics loaded. \u001b[90mx48\u001b[39m"]
INFO 2014-11-25T23:08:51.180Z ["[Lighter] Publics loaded. \u001b[90mx48\u001b[39m"]
INFO 2014-11-25T23:08:51.186Z ["[Lighter] Publics loaded. \u001b[90mx48\u001b[39m"]
INFO 2014-11-25T23:08:52.560Z ["[Lighter] Views loaded. \u001b[90mx30\u001b[39m"]
INFO 2014-11-25T23:08:52.623Z ["[Lighter] Views loaded. \u001b[90mx30\u001b[39m"]
INFO 2014-11-25T23:08:52.692Z ["[Lighter] Views loaded. \u001b[90mx30\u001b[39m"]
INFO 2014-11-25T23:08:52.763Z ["[Lighter] Views loaded. \u001b[90mx30\u001b[39m"]
INFO 2014-11-25T23:08:52.844Z ["[Lighter] Publics loaded. \u001b[90mx48\u001b[39m"]
INFO 2014-11-25T23:08:52.860Z ["[Lighter] Views loaded. \u001b[90mx30\u001b[39m"]
INFO 2014-11-25T23:08:52.892Z ["[D6] Views routed to \"/d6.js\"."]
INFO 2014-11-25T23:08:52.945Z ["[Lighter] Publics loaded. \u001b[90mx48\u001b[39m"]
INFO 2014-11-25T23:08:52.957Z ["[Lighter] Publics loaded. \u001b[90mx48\u001b[39m"]
INFO 2014-11-25T23:08:52.961Z ["[Lighter] Views loaded. \u001b[90mx30\u001b[39m"]
INFO 2014-11-25T23:08:52.980Z ["[D6] Views routed to \"/d6.js\"."]
INFO 2014-11-25T23:08:52.991Z ["[D6] Views routed to \"/d6.js\"."]
INFO 2014-11-25T23:08:52.993Z ["[D6] Views routed to \"/d6.js\"."]
INFO 2014-11-25T23:08:53.002Z ["[Lighter] Views loaded. \u001b[90mx30\u001b[39m"]
INFO 2014-11-25T23:08:53.004Z ["[Lighter] Publics loaded. \u001b[90mx48\u001b[39m"]
INFO 2014-11-25T23:08:53.025Z ["[Lighter] Publics loaded. \u001b[90mx48\u001b[39m"]
INFO 2014-11-25T23:08:53.025Z ["[D6] Views routed to \"/d6.js\"."]
INFO 2014-11-25T23:08:53.026Z ["[D6] Views routed to \"/d6.js\"."]
INFO 2014-11-25T23:08:53.029Z ["[Lighter] Views loaded. \u001b[90mx30\u001b[39m"]
INFO 2014-11-25T23:08:53.048Z ["[D6] Views routed to \"/d6.js\"."]
INFO 2014-11-25T23:08:53.048Z ["[D6] Views routed to \"/d6.js\"."]
