WARN 2014-11-25T15:18:31.976Z ["[Lighter] Exiting due to file change in \"node_modules/lighter/lib/app.js\"."]
WARN 2014-11-25T15:18:31.976Z ["[Lighter] Exiting due to file change in \"node_modules/lighter/lib/app.js\"."]
WARN 2014-11-25T15:18:31.976Z ["[Lighter] Exiting due to file change in \"node_modules/lighter/lib/app.js\"."]
WARN 2014-11-25T15:18:31.976Z ["[Lighter] Exiting due to file change in \"node_modules/lighter/lib/app.js\"."]
WARN 2014-11-25T15:18:31.976Z ["[Lighter] Exiting due to file change in \"node_modules/lighter/lib/app.js\"."]
WARN 2014-11-25T15:18:31.977Z ["[Lighter] Exiting due to file change in \"node_modules/lighter/lib/app.js\"."]
WARN 2014-11-25T15:18:31.977Z ["[Lighter] Exiting due to file change in \"node_modules/lighter/lib/app.js\"."]
WARN 2014-11-25T15:18:31.977Z ["[Lighter] Exiting due to file change in \"node_modules/lighter/lib/app.js\"."]
ERROR 2014-11-25T15:18:32.010Z ["Worker 79930 died."]
ALERT 2014-11-25T15:18:32.746Z ["alert"]
ERROR 2014-11-25T15:18:32.746Z ["error"]
WARN 2014-11-25T15:18:32.746Z ["warn"]
INFO 2014-11-25T15:18:32.746Z ["info"]
INFO 2014-11-25T15:18:33.115Z ["[Lighter] Models loaded. \u001b[90mx0\u001b[39m"]
INFO 2014-11-25T15:18:33.129Z ["[Lighter] Models loaded. \u001b[90mx0\u001b[39m"]
INFO 2014-11-25T15:18:33.134Z ["[Lighter] Scripts routed to \"/sly.js\". \u001b[90mx1\u001b[39m"]
INFO 2014-11-25T15:18:33.136Z ["[Lighter] Models loaded. \u001b[90mx0\u001b[39m"]
INFO 2014-11-25T15:18:33.138Z ["[Lighter] Styles routed to \"/sly.css\". \u001b[90mx1\u001b[39m"]
INFO 2014-11-25T15:18:33.138Z ["[Lighter] Models loaded. \u001b[90mx0\u001b[39m"]
INFO 2014-11-25T15:18:33.141Z ["[Lighter] Controllers loaded. \u001b[90mx2\u001b[39m"]
INFO 2014-11-25T15:18:33.143Z ["[Lighter] Models loaded. \u001b[90mx0\u001b[39m"]
INFO 2014-11-25T15:18:33.143Z ["[Lighter] Scripts routed to \"/sly.js\". \u001b[90mx1\u001b[39m"]
INFO 2014-11-25T15:18:33.147Z ["[Lighter] Styles routed to \"/sly.css\". \u001b[90mx1\u001b[39m"]
INFO 2014-11-25T15:18:33.151Z ["[Lighter] Controllers loaded. \u001b[90mx2\u001b[39m"]
INFO 2014-11-25T15:18:33.151Z ["[Lighter] Scripts routed to \"/sly.js\". \u001b[90mx1\u001b[39m"]
INFO 2014-11-25T15:18:33.154Z ["[Lighter] Scripts routed to \"/sly.js\". \u001b[90mx1\u001b[39m"]
INFO 2014-11-25T15:18:33.155Z ["[Lighter] Styles routed to \"/sly.css\". \u001b[90mx1\u001b[39m"]
INFO 2014-11-25T15:18:33.157Z ["[Lighter] Models loaded. \u001b[90mx0\u001b[39m"]
INFO 2014-11-25T15:18:33.158Z ["[Lighter] Styles routed to \"/sly.css\". \u001b[90mx1\u001b[39m"]
INFO 2014-11-25T15:18:33.158Z ["[Lighter] Controllers loaded. \u001b[90mx2\u001b[39m"]
INFO 2014-11-25T15:18:33.160Z ["[Lighter] Models loaded. \u001b[90mx0\u001b[39m"]
INFO 2014-11-25T15:18:33.161Z ["[Lighter] Controllers loaded. \u001b[90mx2\u001b[39m"]
INFO 2014-11-25T15:18:33.165Z ["[Lighter] Models loaded. \u001b[90mx0\u001b[39m"]
INFO 2014-11-25T15:18:33.167Z ["[Lighter] Scripts routed to \"/sly.js\". \u001b[90mx1\u001b[39m"]
INFO 2014-11-25T15:18:33.168Z ["[Lighter] Styles routed to \"/sly.css\". \u001b[90mx1\u001b[39m"]
INFO 2014-11-25T15:18:33.171Z ["[Lighter] Controllers loaded. \u001b[90mx2\u001b[39m"]
INFO 2014-11-25T15:18:33.174Z ["[Lighter] Scripts routed to \"/sly.js\". \u001b[90mx1\u001b[39m"]
INFO 2014-11-25T15:18:33.176Z ["[Lighter] Scripts routed to \"/a.js\". \u001b[90mx1\u001b[39m"]
INFO 2014-11-25T15:18:33.176Z ["[Lighter] Styles routed to \"/sly.css\". \u001b[90mx1\u001b[39m"]
INFO 2014-11-25T15:18:33.180Z ["[Lighter] Styles routed to \"/a.css\". \u001b[90mx1\u001b[39m"]
INFO 2014-11-25T15:18:33.182Z ["[Lighter] Scripts routed to \"/a.js\". \u001b[90mx1\u001b[39m"]
INFO 2014-11-25T15:18:33.185Z ["[Lighter] Scripts routed to \"/sly.js\". \u001b[90mx1\u001b[39m"]
INFO 2014-11-25T15:18:33.185Z ["[Lighter] Scripts routed to \"/sly.js\". \u001b[90mx1\u001b[39m"]
INFO 2014-11-25T15:18:33.191Z ["[Lighter] Styles routed to \"/sly.css\". \u001b[90mx1\u001b[39m"]
INFO 2014-11-25T15:18:33.191Z ["[Lighter] Controllers loaded. \u001b[90mx2\u001b[39m"]
INFO 2014-11-25T15:18:33.192Z ["[Lighter] Controllers loaded. \u001b[90mx2\u001b[39m"]
INFO 2014-11-25T15:18:33.198Z ["[Lighter] Styles routed to \"/sly.css\". \u001b[90mx1\u001b[39m"]
INFO 2014-11-25T15:18:33.206Z ["[Lighter] Controllers loaded. \u001b[90mx2\u001b[39m"]
INFO 2014-11-25T15:18:33.208Z ["[Lighter] Scripts routed to \"/a.js\". \u001b[90mx1\u001b[39m"]
INFO 2014-11-25T15:18:33.211Z ["[Lighter] Scripts routed to \"/a.js\". \u001b[90mx1\u001b[39m"]
INFO 2014-11-25T15:18:33.214Z ["[Lighter] Styles routed to \"/a.css\". \u001b[90mx1\u001b[39m"]
INFO 2014-11-25T15:18:33.235Z ["[Lighter] Styles routed to \"/a.css\". \u001b[90mx1\u001b[39m"]
INFO 2014-11-25T15:18:33.235Z ["[Lighter] Scripts routed to \"/a.js\". \u001b[90mx1\u001b[39m"]
INFO 2014-11-25T15:18:33.237Z ["[Lighter] Styles routed to \"/a.css\". \u001b[90mx1\u001b[39m"]
INFO 2014-11-25T15:18:33.243Z ["[Lighter] Scripts routed to \"/a.js\". \u001b[90mx1\u001b[39m"]
INFO 2014-11-25T15:18:33.244Z ["[Lighter] Scripts routed to \"/a.js\". \u001b[90mx1\u001b[39m"]
INFO 2014-11-25T15:18:33.245Z ["[Lighter] Styles routed to \"/a.css\". \u001b[90mx1\u001b[39m"]
INFO 2014-11-25T15:18:33.248Z ["[Lighter] Scripts routed to \"/a.js\". \u001b[90mx1\u001b[39m"]
INFO 2014-11-25T15:18:33.250Z ["[Lighter] Styles routed to \"/a.css\". \u001b[90mx1\u001b[39m"]
INFO 2014-11-25T15:18:33.252Z ["[Lighter] Styles routed to \"/a.css\". \u001b[90mx1\u001b[39m"]
INFO 2014-11-25T15:18:33.254Z ["[Lighter] Styles routed to \"/a.css\". \u001b[90mx1\u001b[39m"]
INFO 2014-11-25T15:18:35.013Z ["[Lighter] Publics loaded. \u001b[90mx48\u001b[39m"]
INFO 2014-11-25T15:18:35.066Z ["[Lighter] Publics loaded. \u001b[90mx48\u001b[39m"]
INFO 2014-11-25T15:18:35.084Z ["[Lighter] Publics loaded. \u001b[90mx48\u001b[39m"]
INFO 2014-11-25T15:18:35.117Z ["[Lighter] Publics loaded. \u001b[90mx48\u001b[39m"]
INFO 2014-11-25T15:18:36.435Z ["[Lighter] Views loaded. \u001b[90mx30\u001b[39m"]
INFO 2014-11-25T15:18:36.471Z ["[Lighter] Views loaded. \u001b[90mx30\u001b[39m"]
INFO 2014-11-25T15:18:36.519Z ["[Lighter] Views loaded. \u001b[90mx30\u001b[39m"]
INFO 2014-11-25T15:18:36.830Z ["[Lighter] Publics loaded. \u001b[90mx48\u001b[39m"]
INFO 2014-11-25T15:18:36.849Z ["[Lighter] Publics loaded. \u001b[90mx48\u001b[39m"]
INFO 2014-11-25T15:18:36.862Z ["[Lighter] Publics loaded. \u001b[90mx48\u001b[39m"]
INFO 2014-11-25T15:18:36.885Z ["[D6] Views routed to \"/d6.js\"."]
INFO 2014-11-25T15:18:36.896Z ["[D6] Views routed to \"/d6.js\"."]
INFO 2014-11-25T15:18:36.903Z ["[D6] Views routed to \"/d6.js\"."]
INFO 2014-11-25T15:18:36.908Z ["[Lighter] Views loaded. \u001b[90mx30\u001b[39m"]
INFO 2014-11-25T15:18:36.984Z ["[Lighter] Views loaded. \u001b[90mx30\u001b[39m"]
INFO 2014-11-25T15:18:36.987Z ["[Lighter] Publics loaded. \u001b[90mx48\u001b[39m"]
INFO 2014-11-25T15:18:37.005Z ["[D6] Views routed to \"/d6.js\"."]
INFO 2014-11-25T15:18:37.011Z ["[D6] Views routed to \"/d6.js\"."]
INFO 2014-11-25T15:18:37.016Z ["[Lighter] Views loaded. \u001b[90mx30\u001b[39m"]
INFO 2014-11-25T15:18:37.017Z ["[Lighter] Views loaded. \u001b[90mx30\u001b[39m"]
INFO 2014-11-25T15:18:37.038Z ["[D6] Views routed to \"/d6.js\"."]
INFO 2014-11-25T15:18:37.038Z ["[D6] Views routed to \"/d6.js\"."]
INFO 2014-11-25T15:18:37.039Z ["[Lighter] Views loaded. \u001b[90mx30\u001b[39m"]
INFO 2014-11-25T15:18:37.056Z ["[D6] Views routed to \"/d6.js\"."]
WARN 2014-11-25T15:18:46.371Z ["[Lighter] Exiting due to file change in \"node_modules/lighter/lib/app.js\"."]
WARN 2014-11-25T15:18:46.371Z ["[Lighter] Exiting due to file change in \"node_modules/lighter/lib/app.js\"."]
WARN 2014-11-25T15:18:46.372Z ["[Lighter] Exiting due to file change in \"node_modules/lighter/lib/app.js\"."]
WARN 2014-11-25T15:18:46.372Z ["[Lighter] Exiting due to file change in \"node_modules/lighter/lib/app.js\"."]
WARN 2014-11-25T15:18:46.372Z ["[Lighter] Exiting due to file change in \"node_modules/lighter/lib/app.js\"."]
WARN 2014-11-25T15:18:46.372Z ["[Lighter] Exiting due to file change in \"node_modules/lighter/lib/app.js\"."]
WARN 2014-11-25T15:18:46.372Z ["[Lighter] Exiting due to file change in \"node_modules/lighter/lib/app.js\"."]
WARN 2014-11-25T15:18:46.372Z ["[Lighter] Exiting due to file change in \"node_modules/lighter/lib/app.js\"."]
ERROR 2014-11-25T15:18:46.403Z ["Worker 79936 died."]
