WARN 2014-11-25T15:20:07.844Z ["[Lighter] Exiting due to file change in \"/Users/sam/Workspace/lighter.io/app.js\"."]
WARN 2014-11-25T15:20:07.844Z ["[Lighter] Exiting due to file change in \"/Users/sam/Workspace/lighter.io/app.js\"."]
WARN 2014-11-25T15:20:07.844Z ["[Lighter] Exiting due to file change in \"/Users/sam/Workspace/lighter.io/app.js\"."]
WARN 2014-11-25T15:20:07.844Z ["[Lighter] Exiting due to file change in \"/Users/sam/Workspace/lighter.io/app.js\"."]
WARN 2014-11-25T15:20:07.844Z ["[Lighter] Exiting due to file change in \"/Users/sam/Workspace/lighter.io/app.js\"."]
WARN 2014-11-25T15:20:07.844Z ["[Lighter] Exiting due to file change in \"/Users/sam/Workspace/lighter.io/app.js\"."]
WARN 2014-11-25T15:20:07.844Z ["[Lighter] Exiting due to file change in \"/Users/sam/Workspace/lighter.io/app.js\"."]
WARN 2014-11-25T15:20:07.844Z ["[Lighter] Exiting due to file change in \"/Users/sam/Workspace/lighter.io/app.js\"."]
ERROR 2014-11-25T15:20:07.871Z ["Worker 80198 died."]
INFO 2014-11-25T15:20:09.039Z ["[Lighter] Models loaded. \u001b[90mx0\u001b[39m"]
INFO 2014-11-25T15:20:09.061Z ["[Lighter] Models loaded. \u001b[90mx0\u001b[39m"]
INFO 2014-11-25T15:20:09.076Z ["[Lighter] Models loaded. \u001b[90mx0\u001b[39m"]
INFO 2014-11-25T15:20:09.076Z ["[Lighter] Scripts routed to \"/sly.js\". \u001b[90mx1\u001b[39m"]
INFO 2014-11-25T15:20:09.085Z ["[Lighter] Scripts routed to \"/sly.js\". \u001b[90mx1\u001b[39m"]
INFO 2014-11-25T15:20:09.090Z ["[Lighter] Styles routed to \"/sly.css\". \u001b[90mx1\u001b[39m"]
INFO 2014-11-25T15:20:09.092Z ["[Lighter] Styles routed to \"/sly.css\". \u001b[90mx1\u001b[39m"]
INFO 2014-11-25T15:20:09.094Z ["[Lighter] Models loaded. \u001b[90mx0\u001b[39m"]
INFO 2014-11-25T15:20:09.098Z ["[Lighter] Scripts routed to \"/sly.js\". \u001b[90mx1\u001b[39m"]
INFO 2014-11-25T15:20:09.099Z ["[Lighter] Controllers loaded. \u001b[90mx2\u001b[39m"]
INFO 2014-11-25T15:20:09.099Z ["[Lighter] Models loaded. \u001b[90mx0\u001b[39m"]
INFO 2014-11-25T15:20:09.102Z ["[Lighter] Controllers loaded. \u001b[90mx2\u001b[39m"]
INFO 2014-11-25T15:20:09.105Z ["[Lighter] Styles routed to \"/sly.css\". \u001b[90mx1\u001b[39m"]
INFO 2014-11-25T15:20:09.108Z ["[Lighter] Controllers loaded. \u001b[90mx2\u001b[39m"]
INFO 2014-11-25T15:20:09.112Z ["[Lighter] Models loaded. \u001b[90mx0\u001b[39m"]
INFO 2014-11-25T15:20:09.117Z ["[Lighter] Models loaded. \u001b[90mx0\u001b[39m"]
INFO 2014-11-25T15:20:09.122Z ["[Lighter] Scripts routed to \"/sly.js\". \u001b[90mx1\u001b[39m"]
INFO 2014-11-25T15:20:09.124Z ["[Lighter] Styles routed to \"/sly.css\". \u001b[90mx1\u001b[39m"]
INFO 2014-11-25T15:20:09.126Z ["[Lighter] Models loaded. \u001b[90mx0\u001b[39m"]
INFO 2014-11-25T15:20:09.126Z ["[Lighter] Scripts routed to \"/sly.js\". \u001b[90mx1\u001b[39m"]
INFO 2014-11-25T15:20:09.126Z ["[Lighter] Controllers loaded. \u001b[90mx2\u001b[39m"]
INFO 2014-11-25T15:20:09.128Z ["[Lighter] Styles routed to \"/sly.css\". \u001b[90mx1\u001b[39m"]
INFO 2014-11-25T15:20:09.129Z ["[Lighter] Scripts routed to \"/sly.js\". \u001b[90mx1\u001b[39m"]
INFO 2014-11-25T15:20:09.131Z ["[Lighter] Controllers loaded. \u001b[90mx2\u001b[39m"]
INFO 2014-11-25T15:20:09.131Z ["[Lighter] Styles routed to \"/sly.css\". \u001b[90mx1\u001b[39m"]
INFO 2014-11-25T15:20:09.139Z ["[Lighter] Controllers loaded. \u001b[90mx2\u001b[39m"]
INFO 2014-11-25T15:20:09.145Z ["[Lighter] Scripts routed to \"/sly.js\". \u001b[90mx1\u001b[39m"]
INFO 2014-11-25T15:20:09.149Z ["[Lighter] Scripts routed to \"/sly.js\". \u001b[90mx1\u001b[39m"]
INFO 2014-11-25T15:20:09.149Z ["[Lighter] Styles routed to \"/sly.css\". \u001b[90mx1\u001b[39m"]
INFO 2014-11-25T15:20:09.152Z ["[Lighter] Controllers loaded. \u001b[90mx2\u001b[39m"]
INFO 2014-11-25T15:20:09.154Z ["[Lighter] Styles routed to \"/sly.css\". \u001b[90mx1\u001b[39m"]
INFO 2014-11-25T15:20:09.157Z ["[Lighter] Controllers loaded. \u001b[90mx2\u001b[39m"]
INFO 2014-11-25T15:20:09.159Z ["[Lighter] Scripts routed to \"/a.js\". \u001b[90mx1\u001b[39m"]
INFO 2014-11-25T15:20:09.163Z ["[Lighter] Styles routed to \"/a.css\". \u001b[90mx1\u001b[39m"]
INFO 2014-11-25T15:20:09.170Z ["[Lighter] Scripts routed to \"/a.js\". \u001b[90mx1\u001b[39m"]
INFO 2014-11-25T15:20:09.178Z ["[Lighter] Scripts routed to \"/a.js\". \u001b[90mx1\u001b[39m"]
INFO 2014-11-25T15:20:09.181Z ["[Lighter] Styles routed to \"/a.css\". \u001b[90mx1\u001b[39m"]
INFO 2014-11-25T15:20:09.183Z ["[Lighter] Scripts routed to \"/a.js\". \u001b[90mx1\u001b[39m"]
INFO 2014-11-25T15:20:09.189Z ["[Lighter] Styles routed to \"/a.css\". \u001b[90mx1\u001b[39m"]
INFO 2014-11-25T15:20:09.193Z ["[Lighter] Scripts routed to \"/a.js\". \u001b[90mx1\u001b[39m"]
INFO 2014-11-25T15:20:09.197Z ["[Lighter] Styles routed to \"/a.css\". \u001b[90mx1\u001b[39m"]
INFO 2014-11-25T15:20:09.219Z ["[Lighter] Styles routed to \"/a.css\". \u001b[90mx1\u001b[39m"]
INFO 2014-11-25T15:20:09.223Z ["[Lighter] Scripts routed to \"/a.js\". \u001b[90mx1\u001b[39m"]
INFO 2014-11-25T15:20:09.224Z ["[Lighter] Scripts routed to \"/a.js\". \u001b[90mx1\u001b[39m"]
INFO 2014-11-25T15:20:09.225Z ["[Lighter] Styles routed to \"/a.css\". \u001b[90mx1\u001b[39m"]
INFO 2014-11-25T15:20:09.229Z ["[Lighter] Scripts routed to \"/a.js\". \u001b[90mx1\u001b[39m"]
INFO 2014-11-25T15:20:09.240Z ["[Lighter] Styles routed to \"/a.css\". \u001b[90mx1\u001b[39m"]
INFO 2014-11-25T15:20:09.246Z ["[Lighter] Styles routed to \"/a.css\". \u001b[90mx1\u001b[39m"]
INFO 2014-11-25T15:20:11.458Z ["[Lighter] Publics loaded. \u001b[90mx48\u001b[39m"]
INFO 2014-11-25T15:20:11.468Z ["[Lighter] Publics loaded. \u001b[90mx48\u001b[39m"]
INFO 2014-11-25T15:20:11.472Z ["[Lighter] Publics loaded. \u001b[90mx48\u001b[39m"]
INFO 2014-11-25T15:20:11.474Z ["[Lighter] Views loaded. \u001b[90mx30\u001b[39m"]
INFO 2014-11-25T15:20:11.581Z ["[Lighter] Publics loaded. \u001b[90mx48\u001b[39m"]
INFO 2014-11-25T15:20:13.163Z ["[Lighter] Views loaded. \u001b[90mx30\u001b[39m"]
INFO 2014-11-25T15:20:13.435Z ["[Lighter] Views loaded. \u001b[90mx30\u001b[39m"]
INFO 2014-11-25T15:20:13.511Z ["[Lighter] Views loaded. \u001b[90mx30\u001b[39m"]
INFO 2014-11-25T15:20:13.560Z ["[Lighter] Publics loaded. \u001b[90mx48\u001b[39m"]
INFO 2014-11-25T15:20:13.607Z ["[Lighter] Views loaded. \u001b[90mx30\u001b[39m"]
INFO 2014-11-25T15:20:13.615Z ["[D6] Views routed to \"/d6.js\"."]
INFO 2014-11-25T15:20:13.622Z ["[Lighter] Publics loaded. \u001b[90mx48\u001b[39m"]
INFO 2014-11-25T15:20:13.637Z ["[Lighter] Publics loaded. \u001b[90mx48\u001b[39m"]
INFO 2014-11-25T15:20:13.647Z ["[Lighter] Views loaded. \u001b[90mx30\u001b[39m"]
INFO 2014-11-25T15:20:13.652Z ["[D6] Views routed to \"/d6.js\"."]
INFO 2014-11-25T15:20:13.654Z ["[Lighter] Views loaded. \u001b[90mx30\u001b[39m"]
INFO 2014-11-25T15:20:13.660Z ["[Lighter] Publics loaded. \u001b[90mx48\u001b[39m"]
INFO 2014-11-25T15:20:13.668Z ["[D6] Views routed to \"/d6.js\"."]
INFO 2014-11-25T15:20:13.676Z ["[D6] Views routed to \"/d6.js\"."]
INFO 2014-11-25T15:20:13.683Z ["[Lighter] Views loaded. \u001b[90mx30\u001b[39m"]
INFO 2014-11-25T15:20:13.685Z ["[D6] Views routed to \"/d6.js\"."]
INFO 2014-11-25T15:20:13.691Z ["[D6] Views routed to \"/d6.js\"."]
INFO 2014-11-25T15:20:13.692Z ["[D6] Views routed to \"/d6.js\"."]
INFO 2014-11-25T15:20:13.705Z ["[D6] Views routed to \"/d6.js\"."]
WARN 2014-11-25T15:20:56.582Z ["[Lighter] Exiting due to file change in \"/Users/sam/Workspace/lighter.io/app.js\"."]
WARN 2014-11-25T15:20:56.610Z ["[Lighter] Exiting due to file change in \"/Users/sam/Workspace/lighter.io/app.js\"."]
WARN 2014-11-25T15:20:56.610Z ["[Lighter] Exiting due to file change in \"/Users/sam/Workspace/lighter.io/app.js\"."]
INFO 2014-11-25T15:20:57.763Z ["[Lighter] Models loaded. \u001b[90mx0\u001b[39m"]
INFO 2014-11-25T15:20:57.766Z ["[Lighter] Models loaded. \u001b[90mx0\u001b[39m"]
INFO 2014-11-25T15:20:57.777Z ["[Lighter] Models loaded. \u001b[90mx0\u001b[39m"]
INFO 2014-11-25T15:20:57.781Z ["[Lighter] Models loaded. \u001b[90mx0\u001b[39m"]
INFO 2014-11-25T15:20:57.781Z ["[Lighter] Models loaded. \u001b[90mx0\u001b[39m"]
INFO 2014-11-25T15:20:57.784Z ["[Lighter] Scripts routed to \"/sly.js\". \u001b[90mx1\u001b[39m"]
INFO 2014-11-25T15:20:57.785Z ["[Lighter] Models loaded. \u001b[90mx0\u001b[39m"]
INFO 2014-11-25T15:20:57.785Z ["[Lighter] Styles routed to \"/sly.css\". \u001b[90mx1\u001b[39m"]
INFO 2014-11-25T15:20:57.786Z ["[Lighter] Scripts routed to \"/sly.js\". \u001b[90mx1\u001b[39m"]
INFO 2014-11-25T15:20:57.788Z ["[Lighter] Controllers loaded. \u001b[90mx2\u001b[39m"]
INFO 2014-11-25T15:20:57.789Z ["[Lighter] Styles routed to \"/sly.css\". \u001b[90mx1\u001b[39m"]
INFO 2014-11-25T15:20:57.790Z ["[Lighter] Models loaded. \u001b[90mx0\u001b[39m"]
INFO 2014-11-25T15:20:57.791Z ["[Lighter] Models loaded. \u001b[90mx0\u001b[39m"]
INFO 2014-11-25T15:20:57.795Z ["[Lighter] Controllers loaded. \u001b[90mx2\u001b[39m"]
INFO 2014-11-25T15:20:57.796Z ["[Lighter] Scripts routed to \"/sly.js\". \u001b[90mx1\u001b[39m"]
INFO 2014-11-25T15:20:57.801Z ["[Lighter] Styles routed to \"/sly.css\". \u001b[90mx1\u001b[39m"]
INFO 2014-11-25T15:20:57.803Z ["[Lighter] Scripts routed to \"/sly.js\". \u001b[90mx1\u001b[39m"]
INFO 2014-11-25T15:20:57.804Z ["[Lighter] Scripts routed to \"/sly.js\". \u001b[90mx1\u001b[39m"]
INFO 2014-11-25T15:20:57.805Z ["[Lighter] Scripts routed to \"/sly.js\". \u001b[90mx1\u001b[39m"]
INFO 2014-11-25T15:20:57.805Z ["[Lighter] Controllers loaded. \u001b[90mx2\u001b[39m"]
INFO 2014-11-25T15:20:57.806Z ["[Lighter] Styles routed to \"/sly.css\". \u001b[90mx1\u001b[39m"]
INFO 2014-11-25T15:20:57.807Z ["[Lighter] Styles routed to \"/sly.css\". \u001b[90mx1\u001b[39m"]
INFO 2014-11-25T15:20:57.807Z ["[Lighter] Styles routed to \"/sly.css\". \u001b[90mx1\u001b[39m"]
INFO 2014-11-25T15:20:57.809Z ["[Lighter] Controllers loaded. \u001b[90mx2\u001b[39m"]
INFO 2014-11-25T15:20:57.811Z ["[Lighter] Controllers loaded. \u001b[90mx2\u001b[39m"]
INFO 2014-11-25T15:20:57.812Z ["[Lighter] Controllers loaded. \u001b[90mx2\u001b[39m"]
INFO 2014-11-25T15:20:57.815Z ["[Lighter] Scripts routed to \"/sly.js\". \u001b[90mx1\u001b[39m"]
INFO 2014-11-25T15:20:57.819Z ["[Lighter] Styles routed to \"/sly.css\". \u001b[90mx1\u001b[39m"]
INFO 2014-11-25T15:20:57.821Z ["[Lighter] Scripts routed to \"/a.js\". \u001b[90mx1\u001b[39m"]
INFO 2014-11-25T15:20:57.821Z ["[Lighter] Scripts routed to \"/sly.js\". \u001b[90mx1\u001b[39m"]
INFO 2014-11-25T15:20:57.822Z ["[Lighter] Controllers loaded. \u001b[90mx2\u001b[39m"]
INFO 2014-11-25T15:20:57.823Z ["[Lighter] Styles routed to \"/sly.css\". \u001b[90mx1\u001b[39m"]
INFO 2014-11-25T15:20:57.825Z ["[Lighter] Controllers loaded. \u001b[90mx2\u001b[39m"]
INFO 2014-11-25T15:20:57.827Z ["[Lighter] Styles routed to \"/a.css\". \u001b[90mx1\u001b[39m"]
INFO 2014-11-25T15:20:57.829Z ["[Lighter] Scripts routed to \"/a.js\". \u001b[90mx1\u001b[39m"]
INFO 2014-11-25T15:20:57.833Z ["[Lighter] Scripts routed to \"/a.js\". \u001b[90mx1\u001b[39m"]
INFO 2014-11-25T15:20:57.834Z ["[Lighter] Styles routed to \"/a.css\". \u001b[90mx1\u001b[39m"]
INFO 2014-11-25T15:20:57.843Z ["[Lighter] Styles routed to \"/a.css\". \u001b[90mx1\u001b[39m"]
INFO 2014-11-25T15:20:57.846Z ["[Lighter] Scripts routed to \"/a.js\". \u001b[90mx1\u001b[39m"]
INFO 2014-11-25T15:20:57.849Z ["[Lighter] Scripts routed to \"/a.js\". \u001b[90mx1\u001b[39m"]
INFO 2014-11-25T15:20:57.850Z ["[Lighter] Styles routed to \"/a.css\". \u001b[90mx1\u001b[39m"]
INFO 2014-11-25T15:20:57.852Z ["[Lighter] Scripts routed to \"/a.js\". \u001b[90mx1\u001b[39m"]
INFO 2014-11-25T15:20:57.854Z ["[Lighter] Styles routed to \"/a.css\". \u001b[90mx1\u001b[39m"]
INFO 2014-11-25T15:20:57.859Z ["[Lighter] Styles routed to \"/a.css\". \u001b[90mx1\u001b[39m"]
INFO 2014-11-25T15:20:57.885Z ["[Lighter] Scripts routed to \"/a.js\". \u001b[90mx1\u001b[39m"]
INFO 2014-11-25T15:20:57.893Z ["[Lighter] Styles routed to \"/a.css\". \u001b[90mx1\u001b[39m"]
INFO 2014-11-25T15:20:57.918Z ["[Lighter] Scripts routed to \"/a.js\". \u001b[90mx1\u001b[39m"]
INFO 2014-11-25T15:20:57.923Z ["[Lighter] Styles routed to \"/a.css\". \u001b[90mx1\u001b[39m"]
INFO 2014-11-25T15:20:59.707Z ["[Lighter] Publics loaded. \u001b[90mx48\u001b[39m"]
INFO 2014-11-25T15:20:59.728Z ["[Lighter] Publics loaded. \u001b[90mx48\u001b[39m"]
INFO 2014-11-25T15:20:59.751Z ["[Lighter] Publics loaded. \u001b[90mx48\u001b[39m"]
INFO 2014-11-25T15:20:59.752Z ["[Lighter] Publics loaded. \u001b[90mx48\u001b[39m"]
