INFO 2014-11-25T19:55:30.846Z ["[Lighter] Models loaded. \u001b[90mx0\u001b[39m"]
INFO 2014-11-25T19:55:30.848Z ["[Lighter] Models loaded. \u001b[90mx0\u001b[39m"]
INFO 2014-11-25T19:55:30.850Z ["[Lighter] Models loaded. \u001b[90mx0\u001b[39m"]
INFO 2014-11-25T19:55:30.850Z ["[Lighter] Models loaded. \u001b[90mx0\u001b[39m"]
INFO 2014-11-25T19:55:30.854Z ["[Lighter] Models loaded. \u001b[90mx0\u001b[39m"]
INFO 2014-11-25T19:55:30.856Z ["[Lighter] Models loaded. \u001b[90mx0\u001b[39m"]
INFO 2014-11-25T19:55:30.856Z ["[Lighter] Models loaded. \u001b[90mx0\u001b[39m"]
INFO 2014-11-25T19:55:30.865Z ["[Lighter] Scripts routed to \"/sly.js\". \u001b[90mx1\u001b[39m"]
INFO 2014-11-25T19:55:30.866Z ["[Lighter] Scripts routed to \"/sly.js\". \u001b[90mx1\u001b[39m"]
INFO 2014-11-25T19:55:30.866Z ["[Lighter] Styles routed to \"/sly.css\". \u001b[90mx1\u001b[39m"]
INFO 2014-11-25T19:55:30.867Z ["[Lighter] Styles routed to \"/sly.css\". \u001b[90mx1\u001b[39m"]
INFO 2014-11-25T19:55:30.869Z ["[Lighter] Controllers loaded. \u001b[90mx2\u001b[39m"]
INFO 2014-11-25T19:55:30.869Z ["[Lighter] Scripts routed to \"/sly.js\". \u001b[90mx1\u001b[39m"]
INFO 2014-11-25T19:55:30.869Z ["[Lighter] Models loaded. \u001b[90mx0\u001b[39m"]
INFO 2014-11-25T19:55:30.871Z ["[Lighter] Styles routed to \"/sly.css\". \u001b[90mx1\u001b[39m"]
INFO 2014-11-25T19:55:30.872Z ["[Lighter] Controllers loaded. \u001b[90mx2\u001b[39m"]
INFO 2014-11-25T19:55:30.872Z ["[Lighter] Scripts routed to \"/sly.js\". \u001b[90mx1\u001b[39m"]
INFO 2014-11-25T19:55:30.873Z ["[Lighter] Styles routed to \"/sly.css\". \u001b[90mx1\u001b[39m"]
INFO 2014-11-25T19:55:30.874Z ["[Lighter] Controllers loaded. \u001b[90mx2\u001b[39m"]
INFO 2014-11-25T19:55:30.876Z ["[Lighter] Scripts routed to \"/sly.js\". \u001b[90mx1\u001b[39m"]
INFO 2014-11-25T19:55:30.877Z ["[Lighter] Controllers loaded. \u001b[90mx2\u001b[39m"]
INFO 2014-11-25T19:55:30.878Z ["[Lighter] Scripts routed to \"/sly.js\". \u001b[90mx1\u001b[39m"]
INFO 2014-11-25T19:55:30.878Z ["[Lighter] Controllers loaded. \u001b[90mx2\u001b[39m"]
INFO 2014-11-25T19:55:30.879Z ["[Lighter] Styles routed to \"/sly.css\". \u001b[90mx1\u001b[39m"]
INFO 2014-11-25T19:55:30.879Z ["[Lighter] Styles routed to \"/sly.css\". \u001b[90mx1\u001b[39m"]
INFO 2014-11-25T19:55:30.882Z ["[Lighter] Styles routed to \"/sly.css\". \u001b[90mx1\u001b[39m"]
INFO 2014-11-25T19:55:30.882Z ["[Lighter] Controllers loaded. \u001b[90mx2\u001b[39m"]
INFO 2014-11-25T19:55:30.882Z ["[Lighter] Scripts routed to \"/sly.js\". \u001b[90mx1\u001b[39m"]
INFO 2014-11-25T19:55:30.885Z ["[Lighter] Scripts routed to \"/sly.js\". \u001b[90mx1\u001b[39m"]
INFO 2014-11-25T19:55:30.886Z ["[Lighter] Controllers loaded. \u001b[90mx2\u001b[39m"]
INFO 2014-11-25T19:55:30.887Z ["[Lighter] Styles routed to \"/sly.css\". \u001b[90mx1\u001b[39m"]
INFO 2014-11-25T19:55:30.890Z ["[Lighter] Controllers loaded. \u001b[90mx2\u001b[39m"]
INFO 2014-11-25T19:55:30.898Z ["[Lighter] Scripts routed to \"/a.js\". \u001b[90mx1\u001b[39m"]
INFO 2014-11-25T19:55:30.900Z ["[Lighter] Scripts routed to \"/a.js\". \u001b[90mx1\u001b[39m"]
INFO 2014-11-25T19:55:30.904Z ["[Lighter] Styles routed to \"/a.css\". \u001b[90mx1\u001b[39m"]
INFO 2014-11-25T19:55:30.910Z ["[Lighter] Scripts routed to \"/a.js\". \u001b[90mx1\u001b[39m"]
INFO 2014-11-25T19:55:30.911Z ["[Lighter] Scripts routed to \"/a.js\". \u001b[90mx1\u001b[39m"]
INFO 2014-11-25T19:55:30.912Z ["[Lighter] Styles routed to \"/a.css\". \u001b[90mx1\u001b[39m"]
INFO 2014-11-25T19:55:30.917Z ["[Lighter] Styles routed to \"/a.css\". \u001b[90mx1\u001b[39m"]
INFO 2014-11-25T19:55:30.918Z ["[Lighter] Scripts routed to \"/a.js\". \u001b[90mx1\u001b[39m"]
INFO 2014-11-25T19:55:30.918Z ["[Lighter] Scripts routed to \"/a.js\". \u001b[90mx1\u001b[39m"]
INFO 2014-11-25T19:55:30.926Z ["[Lighter] Styles routed to \"/a.css\". \u001b[90mx1\u001b[39m"]
INFO 2014-11-25T19:55:30.926Z ["[Lighter] Styles routed to \"/a.css\". \u001b[90mx1\u001b[39m"]
INFO 2014-11-25T19:55:30.937Z ["[Lighter] Styles routed to \"/a.css\". \u001b[90mx1\u001b[39m"]
INFO 2014-11-25T19:55:30.953Z ["[Lighter] Scripts routed to \"/a.js\". \u001b[90mx1\u001b[39m"]
INFO 2014-11-25T19:55:30.955Z ["[Lighter] Styles routed to \"/a.css\". \u001b[90mx1\u001b[39m"]
INFO 2014-11-25T19:55:30.965Z ["[Lighter] Scripts routed to \"/a.js\". \u001b[90mx1\u001b[39m"]
INFO 2014-11-25T19:55:31.056Z ["[Lighter] Styles routed to \"/a.css\". \u001b[90mx1\u001b[39m"]
INFO 2014-11-25T19:55:32.575Z ["[Lighter] Views loaded. \u001b[90mx30\u001b[39m"]
INFO 2014-11-25T19:55:32.651Z ["[Lighter] Publics loaded. \u001b[90mx48\u001b[39m"]
INFO 2014-11-25T19:55:32.676Z ["[Lighter] Publics loaded. \u001b[90mx48\u001b[39m"]
INFO 2014-11-25T19:55:33.988Z ["[Lighter] Views loaded. \u001b[90mx30\u001b[39m"]
INFO 2014-11-25T19:55:34.036Z ["[Lighter] Views loaded. \u001b[90mx30\u001b[39m"]
INFO 2014-11-25T19:55:34.121Z ["[Lighter] Views loaded. \u001b[90mx30\u001b[39m"]
INFO 2014-11-25T19:55:34.143Z ["[Lighter] Views loaded. \u001b[90mx30\u001b[39m"]
INFO 2014-11-25T19:55:34.299Z ["[Lighter] Publics loaded. \u001b[90mx48\u001b[39m"]
INFO 2014-11-25T19:55:34.319Z ["[Lighter] Views loaded. \u001b[90mx30\u001b[39m"]
INFO 2014-11-25T19:55:34.353Z ["[D6] Views routed to \"/d6.js\"."]
INFO 2014-11-25T19:55:34.384Z ["[Lighter] Publics loaded. \u001b[90mx48\u001b[39m"]
INFO 2014-11-25T19:55:34.398Z ["[Lighter] Publics loaded. \u001b[90mx48\u001b[39m"]
INFO 2014-11-25T19:55:34.413Z ["[D6] Views routed to \"/d6.js\"."]
INFO 2014-11-25T19:55:34.421Z ["[Lighter] Publics loaded. \u001b[90mx48\u001b[39m"]
INFO 2014-11-25T19:55:34.423Z ["[D6] Views routed to \"/d6.js\"."]
INFO 2014-11-25T19:55:34.445Z ["[D6] Views routed to \"/d6.js\"."]
INFO 2014-11-25T19:55:34.468Z ["[Lighter] Views loaded. \u001b[90mx30\u001b[39m"]
INFO 2014-11-25T19:55:34.469Z ["[Lighter] Publics loaded. \u001b[90mx48\u001b[39m"]
INFO 2014-11-25T19:55:34.488Z ["[D6] Views routed to \"/d6.js\"."]
INFO 2014-11-25T19:55:34.489Z ["[D6] Views routed to \"/d6.js\"."]
INFO 2014-11-25T19:55:34.492Z ["[Lighter] Publics loaded. \u001b[90mx48\u001b[39m"]
INFO 2014-11-25T19:55:34.508Z ["[Lighter] Views loaded. \u001b[90mx30\u001b[39m"]
INFO 2014-11-25T19:55:34.510Z ["[D6] Views routed to \"/d6.js\"."]
INFO 2014-11-25T19:55:34.525Z ["[D6] Views routed to \"/d6.js\"."]
