INFO 2014-11-26T18:44:00.068Z ["[Lighter] Publics loaded. \u001b[90mx48\u001b[39m"]
INFO 2014-11-26T18:44:00.139Z ["[Lighter] Publics loaded. \u001b[90mx48\u001b[39m"]
INFO 2014-11-26T18:44:01.359Z ["[Lighter] Views loaded. \u001b[90mx30\u001b[39m"]
INFO 2014-11-26T18:44:01.398Z ["[Lighter] Views loaded. \u001b[90mx30\u001b[39m"]
INFO 2014-11-26T18:44:01.418Z ["[Lighter] Views loaded. \u001b[90mx30\u001b[39m"]
INFO 2014-11-26T18:44:01.431Z ["[Lighter] Views loaded. \u001b[90mx30\u001b[39m"]
INFO 2014-11-26T18:44:01.660Z ["[Lighter] Publics loaded. \u001b[90mx48\u001b[39m"]
ERROR 2014-11-26T18:44:01.665Z ["TypeError: Object #<Object> has no method 'readStream'\n  at /Users/sam/Workspace/lighter/lib/app.js:606:28\n  at onceReadyEach (/Users/sam/Workspace/chug/lib/Waiter.js:108:9)\n  at Array.forEach (native)\n  at Function.onReady (/Users/sam/Workspace/chug/lib/Waiter.js:107:27)\n  at Function.unwait (/Users/sam/Workspace/chug/lib/Waiter.js:75:12)\n  at unwaitParents (/Users/sam/Workspace/chug/lib/waiter.js:78:14)\n  at Array.forEach (native)\n  at [object Object].unwait (/Users/sam/Workspace/chug/lib/waiter.js:77:18)\n  at unwaitParents (/Users/sam/Workspace/chug/lib/waiter.js:78:14)\n  at Array.forEach (native)\n  at init.unwait (/Users/sam/Workspace/chug/lib/waiter.js:77:18)\n  at processFile (/Users/sam/Workspace/chug/lib/file.js:43:12)\n  at fs.js:266:14\n  at Object.oncomplete (fs.js:107:15)\n"]
ERROR 2014-11-26T18:44:01.683Z ["Worker 86846 died."]
INFO 2014-11-26T18:44:02.934Z ["[Lighter] Models loaded. \u001b[90mx0\u001b[39m"]
INFO 2014-11-26T18:44:02.941Z ["[Lighter] Models loaded. \u001b[90mx0\u001b[39m"]
INFO 2014-11-26T18:44:02.953Z ["[Lighter] Scripts routed to \"/sly.js\". \u001b[90mx1\u001b[39m"]
INFO 2014-11-26T18:44:02.955Z ["[Lighter] Styles routed to \"/sly.css\". \u001b[90mx1\u001b[39m"]
INFO 2014-11-26T18:44:02.955Z ["[Lighter] Models loaded. \u001b[90mx0\u001b[39m"]
INFO 2014-11-26T18:44:02.956Z ["[Lighter] Models loaded. \u001b[90mx0\u001b[39m"]
INFO 2014-11-26T18:44:02.958Z ["[Lighter] Models loaded. \u001b[90mx0\u001b[39m"]
INFO 2014-11-26T18:44:02.959Z ["[Lighter] Controllers loaded. \u001b[90mx2\u001b[39m"]
INFO 2014-11-26T18:44:02.960Z ["[Lighter] Models loaded. \u001b[90mx0\u001b[39m"]
INFO 2014-11-26T18:44:02.960Z ["[Lighter] Scripts routed to \"/sly.js\". \u001b[90mx1\u001b[39m"]
INFO 2014-11-26T18:44:02.963Z ["[Lighter] Styles routed to \"/sly.css\". \u001b[90mx1\u001b[39m"]
INFO 2014-11-26T18:44:02.966Z ["[Lighter] Controllers loaded. \u001b[90mx2\u001b[39m"]
INFO 2014-11-26T18:44:02.966Z ["[Lighter] Models loaded. \u001b[90mx0\u001b[39m"]
INFO 2014-11-26T18:44:02.967Z ["[Lighter] Scripts routed to \"/sly.js\". \u001b[90mx1\u001b[39m"]
INFO 2014-11-26T18:44:02.969Z ["[Lighter] Models loaded. \u001b[90mx0\u001b[39m"]
INFO 2014-11-26T18:44:02.969Z ["[Lighter] Styles routed to \"/sly.css\". \u001b[90mx1\u001b[39m"]
INFO 2014-11-26T18:44:02.971Z ["[Lighter] Scripts routed to \"/sly.js\". \u001b[90mx1\u001b[39m"]
INFO 2014-11-26T18:44:02.972Z ["[Lighter] Scripts routed to \"/sly.js\". \u001b[90mx1\u001b[39m"]
INFO 2014-11-26T18:44:02.972Z ["[Lighter] Controllers loaded. \u001b[90mx2\u001b[39m"]
INFO 2014-11-26T18:44:02.974Z ["[Lighter] Styles routed to \"/sly.css\". \u001b[90mx1\u001b[39m"]
INFO 2014-11-26T18:44:02.975Z ["[Lighter] Styles routed to \"/sly.css\". \u001b[90mx1\u001b[39m"]
INFO 2014-11-26T18:44:02.976Z ["[Lighter] Scripts routed to \"/sly.js\". \u001b[90mx1\u001b[39m"]
INFO 2014-11-26T18:44:02.976Z ["[Lighter] Controllers loaded. \u001b[90mx2\u001b[39m"]
INFO 2014-11-26T18:44:02.977Z ["[Lighter] Styles routed to \"/sly.css\". \u001b[90mx1\u001b[39m"]
INFO 2014-11-26T18:44:02.979Z ["[Lighter] Scripts routed to \"/sly.js\". \u001b[90mx1\u001b[39m"]
INFO 2014-11-26T18:44:02.981Z ["[Lighter] Scripts routed to \"/a.js\". \u001b[90mx1\u001b[39m"]
INFO 2014-11-26T18:44:02.981Z ["[Lighter] Controllers loaded. \u001b[90mx2\u001b[39m"]
INFO 2014-11-26T18:44:02.981Z ["[Lighter] Controllers loaded. \u001b[90mx2\u001b[39m"]
INFO 2014-11-26T18:44:02.982Z ["[Lighter] Styles routed to \"/sly.css\". \u001b[90mx1\u001b[39m"]
INFO 2014-11-26T18:44:02.983Z ["[Lighter] Scripts routed to \"/sly.js\". \u001b[90mx1\u001b[39m"]
INFO 2014-11-26T18:44:02.985Z ["[Lighter] Styles routed to \"/a.css\". \u001b[90mx1\u001b[39m"]
INFO 2014-11-26T18:44:02.986Z ["[Lighter] Controllers loaded. \u001b[90mx2\u001b[39m"]
INFO 2014-11-26T18:44:02.987Z ["[Lighter] Styles routed to \"/sly.css\". \u001b[90mx1\u001b[39m"]
INFO 2014-11-26T18:44:02.989Z ["[Lighter] Controllers loaded. \u001b[90mx2\u001b[39m"]
INFO 2014-11-26T18:44:02.991Z ["[Lighter] Scripts routed to \"/a.js\". \u001b[90mx1\u001b[39m"]
INFO 2014-11-26T18:44:02.995Z ["[Lighter] Styles routed to \"/a.css\". \u001b[90mx1\u001b[39m"]
INFO 2014-11-26T18:44:02.998Z ["[Lighter] Scripts routed to \"/a.js\". \u001b[90mx1\u001b[39m"]
INFO 2014-11-26T18:44:03.002Z ["[Lighter] Scripts routed to \"/a.js\". \u001b[90mx1\u001b[39m"]
INFO 2014-11-26T18:44:03.002Z ["[Lighter] Styles routed to \"/a.css\". \u001b[90mx1\u001b[39m"]
INFO 2014-11-26T18:44:03.011Z ["[Lighter] Styles routed to \"/a.css\". \u001b[90mx1\u001b[39m"]
INFO 2014-11-26T18:44:03.021Z ["[Lighter] Scripts routed to \"/a.js\". \u001b[90mx1\u001b[39m"]
INFO 2014-11-26T18:44:03.033Z ["[Lighter] Styles routed to \"/a.css\". \u001b[90mx1\u001b[39m"]
INFO 2014-11-26T18:44:03.037Z ["[Lighter] Scripts routed to \"/a.js\". \u001b[90mx1\u001b[39m"]
INFO 2014-11-26T18:44:03.038Z ["[Lighter] Scripts routed to \"/a.js\". \u001b[90mx1\u001b[39m"]
INFO 2014-11-26T18:44:03.041Z ["[Lighter] Styles routed to \"/a.css\". \u001b[90mx1\u001b[39m"]
INFO 2014-11-26T18:44:03.047Z ["[Lighter] Styles routed to \"/a.css\". \u001b[90mx1\u001b[39m"]
INFO 2014-11-26T18:44:03.058Z ["[Lighter] Scripts routed to \"/a.js\". \u001b[90mx1\u001b[39m"]
INFO 2014-11-26T18:44:03.059Z ["[Lighter] Styles routed to \"/a.css\". \u001b[90mx1\u001b[39m"]
INFO 2014-11-26T18:44:04.689Z ["[Lighter] Publics loaded. \u001b[90mx48\u001b[39m"]
INFO 2014-11-26T18:44:04.716Z ["[Lighter] Publics loaded. \u001b[90mx48\u001b[39m"]
INFO 2014-11-26T18:44:04.718Z ["[Lighter] Publics loaded. \u001b[90mx48\u001b[39m"]
INFO 2014-11-26T18:44:06.236Z ["[Lighter] Views loaded. \u001b[90mx30\u001b[39m"]
INFO 2014-11-26T18:44:06.351Z ["[Lighter] Views loaded. \u001b[90mx30\u001b[39m"]
INFO 2014-11-26T18:44:06.360Z ["[Lighter] Views loaded. \u001b[90mx30\u001b[39m"]
INFO 2014-11-26T18:44:06.376Z ["[Lighter] Views loaded. \u001b[90mx30\u001b[39m"]
INFO 2014-11-26T18:44:06.424Z ["[Lighter] Views loaded. \u001b[90mx30\u001b[39m"]
INFO 2014-11-26T18:44:06.429Z ["[Lighter] Publics loaded. \u001b[90mx48\u001b[39m"]
ERROR 2014-11-26T18:44:06.435Z ["TypeError: Object #<Object> has no method 'readStream'\n  at /Users/sam/Workspace/lighter/lib/app.js:606:28\n  at onceReadyEach (/Users/sam/Workspace/chug/lib/Waiter.js:108:9)\n  at Array.forEach (native)\n  at Function.onReady (/Users/sam/Workspace/chug/lib/Waiter.js:107:27)\n  at Function.unwait (/Users/sam/Workspace/chug/lib/Waiter.js:75:12)\n  at unwaitParents (/Users/sam/Workspace/chug/lib/waiter.js:78:14)\n  at Array.forEach (native)\n  at [object Object].unwait (/Users/sam/Workspace/chug/lib/waiter.js:77:18)\n  at unwaitParents (/Users/sam/Workspace/chug/lib/waiter.js:78:14)\n  at Array.forEach (native)\n  at init.unwait (/Users/sam/Workspace/chug/lib/waiter.js:77:18)\n  at processFile (/Users/sam/Workspace/chug/lib/file.js:43:12)\n  at fs.js:266:14\n  at Object.oncomplete (fs.js:107:15)\n"]
ERROR 2014-11-26T18:44:06.452Z ["Worker 86856 died."]
INFO 2014-11-26T18:44:07.623Z ["[Lighter] Models loaded. \u001b[90mx0\u001b[39m"]
INFO 2014-11-26T18:44:07.625Z ["[Lighter] Models loaded. \u001b[90mx0\u001b[39m"]
INFO 2014-11-26T18:44:07.637Z ["[Lighter] Scripts routed to \"/sly.js\". \u001b[90mx1\u001b[39m"]
INFO 2014-11-26T18:44:07.637Z ["[Lighter] Scripts routed to \"/sly.js\". \u001b[90mx1\u001b[39m"]
INFO 2014-11-26T18:44:07.638Z ["[Lighter] Styles routed to \"/sly.css\". \u001b[90mx1\u001b[39m"]
INFO 2014-11-26T18:44:07.641Z ["[Lighter] Styles routed to \"/sly.css\". \u001b[90mx1\u001b[39m"]
INFO 2014-11-26T18:44:07.641Z ["[Lighter] Models loaded. \u001b[90mx0\u001b[39m"]
INFO 2014-11-26T18:44:07.641Z ["[Lighter] Controllers loaded. \u001b[90mx2\u001b[39m"]
INFO 2014-11-26T18:44:07.645Z ["[Lighter] Controllers loaded. \u001b[90mx2\u001b[39m"]
INFO 2014-11-26T18:44:07.649Z ["[Lighter] Models loaded. \u001b[90mx0\u001b[39m"]
INFO 2014-11-26T18:44:07.654Z ["[Lighter] Scripts routed to \"/sly.js\". \u001b[90mx1\u001b[39m"]
INFO 2014-11-26T18:44:07.658Z ["[Lighter] Styles routed to \"/sly.css\". \u001b[90mx1\u001b[39m"]
INFO 2014-11-26T18:44:07.659Z ["[Lighter] Models loaded. \u001b[90mx0\u001b[39m"]
INFO 2014-11-26T18:44:07.659Z ["[Lighter] Models loaded. \u001b[90mx0\u001b[39m"]
INFO 2014-11-26T18:44:07.662Z ["[Lighter] Controllers loaded. \u001b[90mx2\u001b[39m"]
INFO 2014-11-26T18:44:07.666Z ["[Lighter] Scripts routed to \"/sly.js\". \u001b[90mx1\u001b[39m"]
INFO 2014-11-26T18:44:07.667Z ["[Lighter] Scripts routed to \"/a.js\". \u001b[90mx1\u001b[39m"]
INFO 2014-11-26T18:44:07.667Z ["[Lighter] Models loaded. \u001b[90mx0\u001b[39m"]
INFO 2014-11-26T18:44:07.670Z ["[Lighter] Styles routed to \"/a.css\". \u001b[90mx1\u001b[39m"]
INFO 2014-11-26T18:44:07.670Z ["[Lighter] Scripts routed to \"/sly.js\". \u001b[90mx1\u001b[39m"]
INFO 2014-11-26T18:44:07.672Z ["[Lighter] Styles routed to \"/sly.css\". \u001b[90mx1\u001b[39m"]
INFO 2014-11-26T18:44:07.672Z ["[Lighter] Scripts routed to \"/a.js\". \u001b[90mx1\u001b[39m"]
INFO 2014-11-26T18:44:07.672Z ["[Lighter] Models loaded. \u001b[90mx0\u001b[39m"]
INFO 2014-11-26T18:44:07.673Z ["[Lighter] Styles routed to \"/sly.css\". \u001b[90mx1\u001b[39m"]
INFO 2014-11-26T18:44:07.675Z ["[Lighter] Styles routed to \"/a.css\". \u001b[90mx1\u001b[39m"]
INFO 2014-11-26T18:44:07.676Z ["[Lighter] Controllers loaded. \u001b[90mx2\u001b[39m"]
INFO 2014-11-26T18:44:07.679Z ["[Lighter] Controllers loaded. \u001b[90mx2\u001b[39m"]
INFO 2014-11-26T18:44:07.679Z ["[Lighter] Scripts routed to \"/sly.js\". \u001b[90mx1\u001b[39m"]
INFO 2014-11-26T18:44:07.682Z ["[Lighter] Styles routed to \"/sly.css\". \u001b[90mx1\u001b[39m"]
INFO 2014-11-26T18:44:07.685Z ["[Lighter] Controllers loaded. \u001b[90mx2\u001b[39m"]
INFO 2014-11-26T18:44:07.688Z ["[Lighter] Scripts routed to \"/sly.js\". \u001b[90mx1\u001b[39m"]
INFO 2014-11-26T18:44:07.689Z ["[Lighter] Scripts routed to \"/sly.js\". \u001b[90mx1\u001b[39m"]
INFO 2014-11-26T18:44:07.691Z ["[Lighter] Styles routed to \"/sly.css\". \u001b[90mx1\u001b[39m"]
INFO 2014-11-26T18:44:07.692Z ["[Lighter] Styles routed to \"/sly.css\". \u001b[90mx1\u001b[39m"]
INFO 2014-11-26T18:44:07.693Z ["[Lighter] Controllers loaded. \u001b[90mx2\u001b[39m"]
INFO 2014-11-26T18:44:07.695Z ["[Lighter] Controllers loaded. \u001b[90mx2\u001b[39m"]
INFO 2014-11-26T18:44:07.697Z ["[Lighter] Scripts routed to \"/a.js\". \u001b[90mx1\u001b[39m"]
INFO 2014-11-26T18:44:07.698Z ["[Lighter] Scripts routed to \"/a.js\". \u001b[90mx1\u001b[39m"]
INFO 2014-11-26T18:44:07.701Z ["[Lighter] Styles routed to \"/a.css\". \u001b[90mx1\u001b[39m"]
INFO 2014-11-26T18:44:07.702Z ["[Lighter] Scripts routed to \"/a.js\". \u001b[90mx1\u001b[39m"]
INFO 2014-11-26T18:44:07.702Z ["[Lighter] Styles routed to \"/a.css\". \u001b[90mx1\u001b[39m"]
INFO 2014-11-26T18:44:07.706Z ["[Lighter] Styles routed to \"/a.css\". \u001b[90mx1\u001b[39m"]
INFO 2014-11-26T18:44:07.711Z ["[Lighter] Scripts routed to \"/a.js\". \u001b[90mx1\u001b[39m"]
INFO 2014-11-26T18:44:07.715Z ["[Lighter] Styles routed to \"/a.css\". \u001b[90mx1\u001b[39m"]
INFO 2014-11-26T18:44:07.723Z ["[Lighter] Scripts routed to \"/a.js\". \u001b[90mx1\u001b[39m"]
INFO 2014-11-26T18:44:07.726Z ["[Lighter] Styles routed to \"/a.css\". \u001b[90mx1\u001b[39m"]
INFO 2014-11-26T18:44:07.727Z ["[Lighter] Scripts routed to \"/a.js\". \u001b[90mx1\u001b[39m"]
INFO 2014-11-26T18:44:07.732Z ["[Lighter] Styles routed to \"/a.css\". \u001b[90mx1\u001b[39m"]
INFO 2014-11-26T18:44:09.213Z ["[Lighter] Publics loaded. \u001b[90mx48\u001b[39m"]
INFO 2014-11-26T18:44:09.295Z ["[Lighter] Publics loaded. \u001b[90mx48\u001b[39m"]
INFO 2014-11-26T18:44:09.400Z ["[Lighter] Publics loaded. \u001b[90mx48\u001b[39m"]
INFO 2014-11-26T18:44:10.563Z ["[Lighter] Views loaded. \u001b[90mx30\u001b[39m"]
INFO 2014-11-26T18:44:10.615Z ["[Lighter] Views loaded. \u001b[90mx30\u001b[39m"]
INFO 2014-11-26T18:44:10.677Z ["[Lighter] Views loaded. \u001b[90mx30\u001b[39m"]
INFO 2014-11-26T18:44:10.899Z ["[Lighter] Publics loaded. \u001b[90mx48\u001b[39m"]
ERROR 2014-11-26T18:44:10.907Z ["TypeError: Object #<Object> has no method 'readStream'\n  at /Users/sam/Workspace/lighter/lib/app.js:606:28\n  at onceReadyEach (/Users/sam/Workspace/chug/lib/Waiter.js:108:9)\n  at Array.forEach (native)\n  at Function.onReady (/Users/sam/Workspace/chug/lib/Waiter.js:107:27)\n  at Function.unwait (/Users/sam/Workspace/chug/lib/Waiter.js:75:12)\n  at unwaitParents (/Users/sam/Workspace/chug/lib/waiter.js:78:14)\n  at Array.forEach (native)\n  at [object Object].unwait (/Users/sam/Workspace/chug/lib/waiter.js:77:18)\n  at unwaitParents (/Users/sam/Workspace/chug/lib/waiter.js:78:14)\n  at Array.forEach (native)\n  at init.unwait (/Users/sam/Workspace/chug/lib/waiter.js:77:18)\n  at processFile (/Users/sam/Workspace/chug/lib/file.js:43:12)\n  at fs.js:266:14\n  at Object.oncomplete (fs.js:107:15)\n"]
ERROR 2014-11-26T18:44:10.920Z ["Worker 86861 died."]
INFO 2014-11-26T18:44:12.224Z ["[Lighter] Models loaded. \u001b[90mx0\u001b[39m"]
INFO 2014-11-26T18:44:12.232Z ["[Lighter] Models loaded. \u001b[90mx0\u001b[39m"]
INFO 2014-11-26T18:44:12.233Z ["[Lighter] Models loaded. \u001b[90mx0\u001b[39m"]
INFO 2014-11-26T18:44:12.236Z ["[Lighter] Models loaded. \u001b[90mx0\u001b[39m"]
INFO 2014-11-26T18:44:12.239Z ["[Lighter] Models loaded. \u001b[90mx0\u001b[39m"]
INFO 2014-11-26T18:44:12.239Z ["[Lighter] Scripts routed to \"/sly.js\". \u001b[90mx1\u001b[39m"]
INFO 2014-11-26T18:44:12.243Z ["[Lighter] Styles routed to \"/sly.css\". \u001b[90mx1\u001b[39m"]
INFO 2014-11-26T18:44:12.246Z ["[Lighter] Controllers loaded. \u001b[90mx2\u001b[39m"]
INFO 2014-11-26T18:44:12.248Z ["[Lighter] Scripts routed to \"/sly.js\". \u001b[90mx1\u001b[39m"]
INFO 2014-11-26T18:44:12.249Z ["[Lighter] Scripts routed to \"/sly.js\". \u001b[90mx1\u001b[39m"]
INFO 2014-11-26T18:44:12.250Z ["[Lighter] Scripts routed to \"/sly.js\". \u001b[90mx1\u001b[39m"]
INFO 2014-11-26T18:44:12.250Z ["[Lighter] Styles routed to \"/sly.css\". \u001b[90mx1\u001b[39m"]
INFO 2014-11-26T18:44:12.251Z ["[Lighter] Styles routed to \"/sly.css\". \u001b[90mx1\u001b[39m"]
INFO 2014-11-26T18:44:12.251Z ["[Lighter] Models loaded. \u001b[90mx0\u001b[39m"]
INFO 2014-11-26T18:44:12.252Z ["[Lighter] Styles routed to \"/sly.css\". \u001b[90mx1\u001b[39m"]
INFO 2014-11-26T18:44:12.253Z ["[Lighter] Controllers loaded. \u001b[90mx2\u001b[39m"]
INFO 2014-11-26T18:44:12.254Z ["[Lighter] Scripts routed to \"/sly.js\". \u001b[90mx1\u001b[39m"]
INFO 2014-11-26T18:44:12.254Z ["[Lighter] Controllers loaded. \u001b[90mx2\u001b[39m"]
INFO 2014-11-26T18:44:12.255Z ["[Lighter] Controllers loaded. \u001b[90mx2\u001b[39m"]
INFO 2014-11-26T18:44:12.255Z ["[Lighter] Models loaded. \u001b[90mx0\u001b[39m"]
INFO 2014-11-26T18:44:12.256Z ["[Lighter] Styles routed to \"/sly.css\". \u001b[90mx1\u001b[39m"]
INFO 2014-11-26T18:44:12.259Z ["[Lighter] Controllers loaded. \u001b[90mx2\u001b[39m"]
INFO 2014-11-26T18:44:12.266Z ["[Lighter] Models loaded. \u001b[90mx0\u001b[39m"]
INFO 2014-11-26T18:44:12.266Z ["[Lighter] Scripts routed to \"/sly.js\". \u001b[90mx1\u001b[39m"]
INFO 2014-11-26T18:44:12.267Z ["[Lighter] Scripts routed to \"/sly.js\". \u001b[90mx1\u001b[39m"]
INFO 2014-11-26T18:44:12.269Z ["[Lighter] Scripts routed to \"/a.js\". \u001b[90mx1\u001b[39m"]
INFO 2014-11-26T18:44:12.270Z ["[Lighter] Styles routed to \"/sly.css\". \u001b[90mx1\u001b[39m"]
INFO 2014-11-26T18:44:12.271Z ["[Lighter] Styles routed to \"/sly.css\". \u001b[90mx1\u001b[39m"]
INFO 2014-11-26T18:44:12.274Z ["[Lighter] Controllers loaded. \u001b[90mx2\u001b[39m"]
INFO 2014-11-26T18:44:12.274Z ["[Lighter] Controllers loaded. \u001b[90mx2\u001b[39m"]
INFO 2014-11-26T18:44:12.275Z ["[Lighter] Styles routed to \"/a.css\". \u001b[90mx1\u001b[39m"]
INFO 2014-11-26T18:44:12.276Z ["[Lighter] Scripts routed to \"/a.js\". \u001b[90mx1\u001b[39m"]
INFO 2014-11-26T18:44:12.278Z ["[Lighter] Scripts routed to \"/a.js\". \u001b[90mx1\u001b[39m"]
INFO 2014-11-26T18:44:12.281Z ["[Lighter] Styles routed to \"/a.css\". \u001b[90mx1\u001b[39m"]
INFO 2014-11-26T18:44:12.281Z ["[Lighter] Scripts routed to \"/a.js\". \u001b[90mx1\u001b[39m"]
INFO 2014-11-26T18:44:12.283Z ["[Lighter] Scripts routed to \"/sly.js\". \u001b[90mx1\u001b[39m"]
INFO 2014-11-26T18:44:12.284Z ["[Lighter] Styles routed to \"/a.css\". \u001b[90mx1\u001b[39m"]
INFO 2014-11-26T18:44:12.287Z ["[Lighter] Styles routed to \"/sly.css\". \u001b[90mx1\u001b[39m"]
INFO 2014-11-26T18:44:12.287Z ["[Lighter] Styles routed to \"/a.css\". \u001b[90mx1\u001b[39m"]
INFO 2014-11-26T18:44:12.291Z ["[Lighter] Controllers loaded. \u001b[90mx2\u001b[39m"]
INFO 2014-11-26T18:44:12.294Z ["[Lighter] Scripts routed to \"/a.js\". \u001b[90mx1\u001b[39m"]
INFO 2014-11-26T18:44:12.298Z ["[Lighter] Styles routed to \"/a.css\". \u001b[90mx1\u001b[39m"]
INFO 2014-11-26T18:44:12.307Z ["[Lighter] Scripts routed to \"/a.js\". \u001b[90mx1\u001b[39m"]
INFO 2014-11-26T18:44:12.307Z ["[Lighter] Scripts routed to \"/a.js\". \u001b[90mx1\u001b[39m"]
INFO 2014-11-26T18:44:12.311Z ["[Lighter] Styles routed to \"/a.css\". \u001b[90mx1\u001b[39m"]
INFO 2014-11-26T18:44:12.312Z ["[Lighter] Styles routed to \"/a.css\". \u001b[90mx1\u001b[39m"]
INFO 2014-11-26T18:44:12.325Z ["[Lighter] Scripts routed to \"/a.js\". \u001b[90mx1\u001b[39m"]
INFO 2014-11-26T18:44:12.330Z ["[Lighter] Styles routed to \"/a.css\". \u001b[90mx1\u001b[39m"]
INFO 2014-11-26T18:44:13.846Z ["[Lighter] Publics loaded. \u001b[90mx48\u001b[39m"]
INFO 2014-11-26T18:44:13.867Z ["[Lighter] Publics loaded. \u001b[90mx48\u001b[39m"]
INFO 2014-11-26T18:44:15.268Z ["[Lighter] Views loaded. \u001b[90mx30\u001b[39m"]
INFO 2014-11-26T18:44:15.285Z ["[Lighter] Views loaded. \u001b[90mx30\u001b[39m"]
INFO 2014-11-26T18:44:15.358Z ["[Lighter] Views loaded. \u001b[90mx30\u001b[39m"]
INFO 2014-11-26T18:44:15.494Z ["[Lighter] Views loaded. \u001b[90mx30\u001b[39m"]
INFO 2014-11-26T18:44:15.518Z ["[Lighter] Publics loaded. \u001b[90mx48\u001b[39m"]
ERROR 2014-11-26T18:44:15.527Z ["TypeError: Object #<Object> has no method 'readStream'\n  at /Users/sam/Workspace/lighter/lib/app.js:606:28\n  at onceReadyEach (/Users/sam/Workspace/chug/lib/Waiter.js:108:9)\n  at Array.forEach (native)\n  at Function.onReady (/Users/sam/Workspace/chug/lib/Waiter.js:107:27)\n  at Function.unwait (/Users/sam/Workspace/chug/lib/Waiter.js:75:12)\n  at unwaitParents (/Users/sam/Workspace/chug/lib/waiter.js:78:14)\n  at Array.forEach (native)\n  at [object Object].unwait (/Users/sam/Workspace/chug/lib/waiter.js:77:18)\n  at unwaitParents (/Users/sam/Workspace/chug/lib/waiter.js:78:14)\n  at Array.forEach (native)\n  at init.unwait (/Users/sam/Workspace/chug/lib/waiter.js:77:18)\n  at processFile (/Users/sam/Workspace/chug/lib/file.js:43:12)\n  at fs.js:266:14\n  at Object.oncomplete (fs.js:107:15)\n"]
ERROR 2014-11-26T18:44:15.543Z ["Worker 86871 died."]
INFO 2014-11-26T18:44:16.759Z ["[Lighter] Models loaded. \u001b[90mx0\u001b[39m"]
INFO 2014-11-26T18:44:16.774Z ["[Lighter] Models loaded. \u001b[90mx0\u001b[39m"]
INFO 2014-11-26T18:44:16.775Z ["[Lighter] Models loaded. \u001b[90mx0\u001b[39m"]
INFO 2014-11-26T18:44:16.779Z ["[Lighter] Scripts routed to \"/sly.js\". \u001b[90mx1\u001b[39m"]
INFO 2014-11-26T18:44:16.780Z ["[Lighter] Models loaded. \u001b[90mx0\u001b[39m"]
INFO 2014-11-26T18:44:16.782Z ["[Lighter] Models loaded. \u001b[90mx0\u001b[39m"]
INFO 2014-11-26T18:44:16.783Z ["[Lighter] Styles routed to \"/sly.css\". \u001b[90mx1\u001b[39m"]
INFO 2014-11-26T18:44:16.784Z ["[Lighter] Models loaded. \u001b[90mx0\u001b[39m"]
INFO 2014-11-26T18:44:16.788Z ["[Lighter] Controllers loaded. \u001b[90mx2\u001b[39m"]
INFO 2014-11-26T18:44:16.792Z ["[Lighter] Models loaded. \u001b[90mx0\u001b[39m"]
INFO 2014-11-26T18:44:16.792Z ["[Lighter] Scripts routed to \"/sly.js\". \u001b[90mx1\u001b[39m"]
INFO 2014-11-26T18:44:16.792Z ["[Lighter] Models loaded. \u001b[90mx0\u001b[39m"]
INFO 2014-11-26T18:44:16.795Z ["[Lighter] Scripts routed to \"/sly.js\". \u001b[90mx1\u001b[39m"]
INFO 2014-11-26T18:44:16.796Z ["[Lighter] Styles routed to \"/sly.css\". \u001b[90mx1\u001b[39m"]
INFO 2014-11-26T18:44:16.797Z ["[Lighter] Styles routed to \"/sly.css\". \u001b[90mx1\u001b[39m"]
INFO 2014-11-26T18:44:16.798Z ["[Lighter] Scripts routed to \"/sly.js\". \u001b[90mx1\u001b[39m"]
INFO 2014-11-26T18:44:16.800Z ["[Lighter] Controllers loaded. \u001b[90mx2\u001b[39m"]
INFO 2014-11-26T18:44:16.800Z ["[Lighter] Styles routed to \"/sly.css\". \u001b[90mx1\u001b[39m"]
INFO 2014-11-26T18:44:16.800Z ["[Lighter] Scripts routed to \"/sly.js\". \u001b[90mx1\u001b[39m"]
INFO 2014-11-26T18:44:16.801Z ["[Lighter] Controllers loaded. \u001b[90mx2\u001b[39m"]
INFO 2014-11-26T18:44:16.801Z ["[Lighter] Scripts routed to \"/sly.js\". \u001b[90mx1\u001b[39m"]
INFO 2014-11-26T18:44:16.802Z ["[Lighter] Controllers loaded. \u001b[90mx2\u001b[39m"]
INFO 2014-11-26T18:44:16.803Z ["[Lighter] Styles routed to \"/sly.css\". \u001b[90mx1\u001b[39m"]
INFO 2014-11-26T18:44:16.804Z ["[Lighter] Styles routed to \"/sly.css\". \u001b[90mx1\u001b[39m"]
INFO 2014-11-26T18:44:16.806Z ["[Lighter] Controllers loaded. \u001b[90mx2\u001b[39m"]
INFO 2014-11-26T18:44:16.807Z ["[Lighter] Controllers loaded. \u001b[90mx2\u001b[39m"]
INFO 2014-11-26T18:44:16.808Z ["[Lighter] Scripts routed to \"/sly.js\". \u001b[90mx1\u001b[39m"]
INFO 2014-11-26T18:44:16.810Z ["[Lighter] Scripts routed to \"/sly.js\". \u001b[90mx1\u001b[39m"]
INFO 2014-11-26T18:44:16.810Z ["[Lighter] Styles routed to \"/sly.css\". \u001b[90mx1\u001b[39m"]
INFO 2014-11-26T18:44:16.811Z ["[Lighter] Styles routed to \"/sly.css\". \u001b[90mx1\u001b[39m"]
INFO 2014-11-26T18:44:16.814Z ["[Lighter] Controllers loaded. \u001b[90mx2\u001b[39m"]
INFO 2014-11-26T18:44:16.816Z ["[Lighter] Controllers loaded. \u001b[90mx2\u001b[39m"]
INFO 2014-11-26T18:44:16.818Z ["[Lighter] Scripts routed to \"/a.js\". \u001b[90mx1\u001b[39m"]
INFO 2014-11-26T18:44:16.822Z ["[Lighter] Styles routed to \"/a.css\". \u001b[90mx1\u001b[39m"]
INFO 2014-11-26T18:44:16.825Z ["[Lighter] Scripts routed to \"/a.js\". \u001b[90mx1\u001b[39m"]
INFO 2014-11-26T18:44:16.830Z ["[Lighter] Scripts routed to \"/a.js\". \u001b[90mx1\u001b[39m"]
INFO 2014-11-26T18:44:16.830Z ["[Lighter] Scripts routed to \"/a.js\". \u001b[90mx1\u001b[39m"]
INFO 2014-11-26T18:44:16.830Z ["[Lighter] Scripts routed to \"/a.js\". \u001b[90mx1\u001b[39m"]
INFO 2014-11-26T18:44:16.833Z ["[Lighter] Scripts routed to \"/a.js\". \u001b[90mx1\u001b[39m"]
INFO 2014-11-26T18:44:16.833Z ["[Lighter] Styles routed to \"/a.css\". \u001b[90mx1\u001b[39m"]
INFO 2014-11-26T18:44:16.837Z ["[Lighter] Styles routed to \"/a.css\". \u001b[90mx1\u001b[39m"]
INFO 2014-11-26T18:44:16.849Z ["[Lighter] Scripts routed to \"/a.js\". \u001b[90mx1\u001b[39m"]
INFO 2014-11-26T18:44:16.855Z ["[Lighter] Styles routed to \"/a.css\". \u001b[90mx1\u001b[39m"]
INFO 2014-11-26T18:44:16.862Z ["[Lighter] Scripts routed to \"/a.js\". \u001b[90mx1\u001b[39m"]
INFO 2014-11-26T18:44:16.871Z ["[Lighter] Styles routed to \"/a.css\". \u001b[90mx1\u001b[39m"]
INFO 2014-11-26T18:44:16.872Z ["[Lighter] Styles routed to \"/a.css\". \u001b[90mx1\u001b[39m"]
INFO 2014-11-26T18:44:16.876Z ["[Lighter] Styles routed to \"/a.css\". \u001b[90mx1\u001b[39m"]
INFO 2014-11-26T18:44:16.890Z ["[Lighter] Styles routed to \"/a.css\". \u001b[90mx1\u001b[39m"]
INFO 2014-11-26T18:44:18.417Z ["[Lighter] Publics loaded. \u001b[90mx48\u001b[39m"]
INFO 2014-11-26T18:44:19.780Z ["[Lighter] Views loaded. \u001b[90mx30\u001b[39m"]
INFO 2014-11-26T18:44:19.782Z ["[Lighter] Views loaded. \u001b[90mx30\u001b[39m"]
INFO 2014-11-26T18:44:19.817Z ["[Lighter] Views loaded. \u001b[90mx30\u001b[39m"]
INFO 2014-11-26T18:44:19.854Z ["[Lighter] Views loaded. \u001b[90mx30\u001b[39m"]
INFO 2014-11-26T18:44:20.045Z ["[Lighter] Views loaded. \u001b[90mx30\u001b[39m"]
INFO 2014-11-26T18:44:20.060Z ["[Lighter] Views loaded. \u001b[90mx30\u001b[39m"]
INFO 2014-11-26T18:44:20.094Z ["[Lighter] Views loaded. \u001b[90mx30\u001b[39m"]
INFO 2014-11-26T18:44:20.122Z ["[Lighter] Publics loaded. \u001b[90mx48\u001b[39m"]
ERROR 2014-11-26T18:44:20.128Z ["TypeError: Object #<Object> has no method 'readStream'\n  at /Users/sam/Workspace/lighter/lib/app.js:606:28\n  at onceReadyEach (/Users/sam/Workspace/chug/lib/Waiter.js:108:9)\n  at Array.forEach (native)\n  at Function.onReady (/Users/sam/Workspace/chug/lib/Waiter.js:107:27)\n  at Function.unwait (/Users/sam/Workspace/chug/lib/Waiter.js:75:12)\n  at unwaitParents (/Users/sam/Workspace/chug/lib/waiter.js:78:14)\n  at Array.forEach (native)\n  at [object Object].unwait (/Users/sam/Workspace/chug/lib/waiter.js:77:18)\n  at unwaitParents (/Users/sam/Workspace/chug/lib/waiter.js:78:14)\n  at Array.forEach (native)\n  at init.unwait (/Users/sam/Workspace/chug/lib/waiter.js:77:18)\n  at processFile (/Users/sam/Workspace/chug/lib/file.js:43:12)\n  at fs.js:266:14\n  at Object.oncomplete (fs.js:107:15)\n"]
INFO 2014-11-26T18:44:20.128Z ["[Lighter] Publics loaded. \u001b[90mx48\u001b[39m"]
INFO 2014-11-26T18:44:20.129Z ["[Lighter] Publics loaded. \u001b[90mx48\u001b[39m"]
ERROR 2014-11-26T18:44:20.131Z ["TypeError: Object #<Object> has no method 'readStream'\n  at /Users/sam/Workspace/lighter/lib/app.js:606:28\n  at onceReadyEach (/Users/sam/Workspace/chug/lib/Waiter.js:108:9)\n  at Array.forEach (native)\n  at Function.onReady (/Users/sam/Workspace/chug/lib/Waiter.js:107:27)\n  at Function.unwait (/Users/sam/Workspace/chug/lib/Waiter.js:75:12)\n  at unwaitParents (/Users/sam/Workspace/chug/lib/waiter.js:78:14)\n  at Array.forEach (native)\n  at [object Object].unwait (/Users/sam/Workspace/chug/lib/waiter.js:77:18)\n  at unwaitParents (/Users/sam/Workspace/chug/lib/waiter.js:78:14)\n  at Array.forEach (native)\n  at init.unwait (/Users/sam/Workspace/chug/lib/waiter.js:77:18)\n  at processFile (/Users/sam/Workspace/chug/lib/file.js:43:12)\n  at fs.js:266:14\n  at Object.oncomplete (fs.js:107:15)\n"]
ERROR 2014-11-26T18:44:20.135Z ["TypeError: Object #<Object> has no method 'readStream'\n  at /Users/sam/Workspace/lighter/lib/app.js:606:28\n  at onceReadyEach (/Users/sam/Workspace/chug/lib/Waiter.js:108:9)\n  at Array.forEach (native)\n  at Function.onReady (/Users/sam/Workspace/chug/lib/Waiter.js:107:27)\n  at Function.unwait (/Users/sam/Workspace/chug/lib/Waiter.js:75:12)\n  at unwaitParents (/Users/sam/Workspace/chug/lib/waiter.js:78:14)\n  at Array.forEach (native)\n  at [object Object].unwait (/Users/sam/Workspace/chug/lib/waiter.js:77:18)\n  at unwaitParents (/Users/sam/Workspace/chug/lib/waiter.js:78:14)\n  at Array.forEach (native)\n  at init.unwait (/Users/sam/Workspace/chug/lib/waiter.js:77:18)\n  at processFile (/Users/sam/Workspace/chug/lib/file.js:43:12)\n  at fs.js:266:14\n  at Object.oncomplete (fs.js:107:15)\n"]
ERROR 2014-11-26T18:44:20.144Z ["Worker 86879 died."]
INFO 2014-11-26T18:44:21.336Z ["[Lighter] Models loaded. \u001b[90mx0\u001b[39m"]
INFO 2014-11-26T18:44:21.348Z ["[Lighter] Models loaded. \u001b[90mx0\u001b[39m"]
INFO 2014-11-26T18:44:21.365Z ["[Lighter] Scripts routed to \"/sly.js\". \u001b[90mx1\u001b[39m"]
INFO 2014-11-26T18:44:21.367Z ["[Lighter] Scripts routed to \"/sly.js\". \u001b[90mx1\u001b[39m"]
INFO 2014-11-26T18:44:21.368Z ["[Lighter] Styles routed to \"/sly.css\". \u001b[90mx1\u001b[39m"]
INFO 2014-11-26T18:44:21.371Z ["[Lighter] Styles routed to \"/sly.css\". \u001b[90mx1\u001b[39m"]
INFO 2014-11-26T18:44:21.372Z ["[Lighter] Controllers loaded. \u001b[90mx2\u001b[39m"]
INFO 2014-11-26T18:44:21.374Z ["[Lighter] Models loaded. \u001b[90mx0\u001b[39m"]
INFO 2014-11-26T18:44:21.376Z ["[Lighter] Controllers loaded. \u001b[90mx2\u001b[39m"]
INFO 2014-11-26T18:44:21.378Z ["[Lighter] Models loaded. \u001b[90mx0\u001b[39m"]
INFO 2014-11-26T18:44:21.380Z ["[Lighter] Models loaded. \u001b[90mx0\u001b[39m"]
INFO 2014-11-26T18:44:21.380Z ["[Lighter] Models loaded. \u001b[90mx0\u001b[39m"]
INFO 2014-11-26T18:44:21.388Z ["[Lighter] Models loaded. \u001b[90mx0\u001b[39m"]
INFO 2014-11-26T18:44:21.388Z ["[Lighter] Scripts routed to \"/sly.js\". \u001b[90mx1\u001b[39m"]
INFO 2014-11-26T18:44:21.391Z ["[Lighter] Styles routed to \"/sly.css\". \u001b[90mx1\u001b[39m"]
INFO 2014-11-26T18:44:21.392Z ["[Lighter] Scripts routed to \"/sly.js\". \u001b[90mx1\u001b[39m"]
INFO 2014-11-26T18:44:21.393Z ["[Lighter] Scripts routed to \"/sly.js\". \u001b[90mx1\u001b[39m"]
INFO 2014-11-26T18:44:21.394Z ["[Lighter] Controllers loaded. \u001b[90mx2\u001b[39m"]
INFO 2014-11-26T18:44:21.395Z ["[Lighter] Styles routed to \"/sly.css\". \u001b[90mx1\u001b[39m"]
INFO 2014-11-26T18:44:21.395Z ["[Lighter] Styles routed to \"/sly.css\". \u001b[90mx1\u001b[39m"]
INFO 2014-11-26T18:44:21.397Z ["[Lighter] Scripts routed to \"/sly.js\". \u001b[90mx1\u001b[39m"]
INFO 2014-11-26T18:44:21.397Z ["[Lighter] Scripts routed to \"/a.js\". \u001b[90mx1\u001b[39m"]
INFO 2014-11-26T18:44:21.398Z ["[Lighter] Controllers loaded. \u001b[90mx2\u001b[39m"]
INFO 2014-11-26T18:44:21.398Z ["[Lighter] Controllers loaded. \u001b[90mx2\u001b[39m"]
INFO 2014-11-26T18:44:21.400Z ["[Lighter] Models loaded. \u001b[90mx0\u001b[39m"]
INFO 2014-11-26T18:44:21.400Z ["[Lighter] Styles routed to \"/sly.css\". \u001b[90mx1\u001b[39m"]
INFO 2014-11-26T18:44:21.400Z ["[Lighter] Styles routed to \"/a.css\". \u001b[90mx1\u001b[39m"]
INFO 2014-11-26T18:44:21.401Z ["[Lighter] Scripts routed to \"/sly.js\". \u001b[90mx1\u001b[39m"]
INFO 2014-11-26T18:44:21.402Z ["[Lighter] Controllers loaded. \u001b[90mx2\u001b[39m"]
INFO 2014-11-26T18:44:21.403Z ["[Lighter] Styles routed to \"/sly.css\". \u001b[90mx1\u001b[39m"]
INFO 2014-11-26T18:44:21.406Z ["[Lighter] Scripts routed to \"/a.js\". \u001b[90mx1\u001b[39m"]
INFO 2014-11-26T18:44:21.407Z ["[Lighter] Controllers loaded. \u001b[90mx2\u001b[39m"]
INFO 2014-11-26T18:44:21.411Z ["[Lighter] Styles routed to \"/a.css\". \u001b[90mx1\u001b[39m"]
INFO 2014-11-26T18:44:21.418Z ["[Lighter] Scripts routed to \"/sly.js\". \u001b[90mx1\u001b[39m"]
INFO 2014-11-26T18:44:21.419Z ["[Lighter] Styles routed to \"/sly.css\". \u001b[90mx1\u001b[39m"]
INFO 2014-11-26T18:44:21.423Z ["[Lighter] Controllers loaded. \u001b[90mx2\u001b[39m"]
INFO 2014-11-26T18:44:21.432Z ["[Lighter] Scripts routed to \"/a.js\". \u001b[90mx1\u001b[39m"]
INFO 2014-11-26T18:44:21.432Z ["[Lighter] Scripts routed to \"/a.js\". \u001b[90mx1\u001b[39m"]
INFO 2014-11-26T18:44:21.435Z ["[Lighter] Scripts routed to \"/a.js\". \u001b[90mx1\u001b[39m"]
INFO 2014-11-26T18:44:21.437Z ["[Lighter] Scripts routed to \"/a.js\". \u001b[90mx1\u001b[39m"]
INFO 2014-11-26T18:44:21.440Z ["[Lighter] Styles routed to \"/a.css\". \u001b[90mx1\u001b[39m"]
INFO 2014-11-26T18:44:21.447Z ["[Lighter] Styles routed to \"/a.css\". \u001b[90mx1\u001b[39m"]
INFO 2014-11-26T18:44:21.447Z ["[Lighter] Styles routed to \"/a.css\". \u001b[90mx1\u001b[39m"]
INFO 2014-11-26T18:44:21.447Z ["[Lighter] Scripts routed to \"/a.js\". \u001b[90mx1\u001b[39m"]
INFO 2014-11-26T18:44:21.451Z ["[Lighter] Styles routed to \"/a.css\". \u001b[90mx1\u001b[39m"]
INFO 2014-11-26T18:44:21.456Z ["[Lighter] Scripts routed to \"/a.js\". \u001b[90mx1\u001b[39m"]
INFO 2014-11-26T18:44:21.458Z ["[Lighter] Styles routed to \"/a.css\". \u001b[90mx1\u001b[39m"]
INFO 2014-11-26T18:44:21.482Z ["[Lighter] Styles routed to \"/a.css\". \u001b[90mx1\u001b[39m"]
INFO 2014-11-26T18:44:23.095Z ["[Lighter] Publics loaded. \u001b[90mx48\u001b[39m"]
INFO 2014-11-26T18:44:23.167Z ["[Lighter] Publics loaded. \u001b[90mx48\u001b[39m"]
INFO 2014-11-26T18:44:24.503Z ["[Lighter] Views loaded. \u001b[90mx30\u001b[39m"]
INFO 2014-11-26T18:44:24.534Z ["[Lighter] Views loaded. \u001b[90mx30\u001b[39m"]
INFO 2014-11-26T18:44:24.751Z ["[Lighter] Views loaded. \u001b[90mx30\u001b[39m"]
INFO 2014-11-26T18:44:24.809Z ["[Lighter] Views loaded. \u001b[90mx30\u001b[39m"]
INFO 2014-11-26T18:44:24.840Z ["[Lighter] Publics loaded. \u001b[90mx48\u001b[39m"]
ERROR 2014-11-26T18:44:24.845Z ["TypeError: Object #<Object> has no method 'readStream'\n  at /Users/sam/Workspace/lighter/lib/app.js:606:28\n  at onceReadyEach (/Users/sam/Workspace/chug/lib/Waiter.js:108:9)\n  at Array.forEach (native)\n  at Function.onReady (/Users/sam/Workspace/chug/lib/Waiter.js:107:27)\n  at Function.unwait (/Users/sam/Workspace/chug/lib/Waiter.js:75:12)\n  at unwaitParents (/Users/sam/Workspace/chug/lib/waiter.js:78:14)\n  at Array.forEach (native)\n  at [object Object].unwait (/Users/sam/Workspace/chug/lib/waiter.js:77:18)\n  at unwaitParents (/Users/sam/Workspace/chug/lib/waiter.js:78:14)\n  at Array.forEach (native)\n  at init.unwait (/Users/sam/Workspace/chug/lib/waiter.js:77:18)\n  at processFile (/Users/sam/Workspace/chug/lib/file.js:43:12)\n  at fs.js:266:14\n  at Object.oncomplete (fs.js:107:15)\n"]
INFO 2014-11-26T18:44:24.856Z ["[Lighter] Publics loaded. \u001b[90mx48\u001b[39m"]
ERROR 2014-11-26T18:44:24.861Z ["Worker 86892 died."]
INFO 2014-11-26T18:44:26.062Z ["[Lighter] Models loaded. \u001b[90mx0\u001b[39m"]
INFO 2014-11-26T18:44:26.075Z ["[Lighter] Scripts routed to \"/sly.js\". \u001b[90mx1\u001b[39m"]
INFO 2014-11-26T18:44:26.080Z ["[Lighter] Styles routed to \"/sly.css\". \u001b[90mx1\u001b[39m"]
INFO 2014-11-26T18:44:26.083Z ["[Lighter] Controllers loaded. \u001b[90mx2\u001b[39m"]
INFO 2014-11-26T18:44:26.085Z ["[Lighter] Models loaded. \u001b[90mx0\u001b[39m"]
INFO 2014-11-26T18:44:26.093Z ["[Lighter] Models loaded. \u001b[90mx0\u001b[39m"]
INFO 2014-11-26T18:44:26.095Z ["[Lighter] Models loaded. \u001b[90mx0\u001b[39m"]
INFO 2014-11-26T18:44:26.096Z ["[Lighter] Scripts routed to \"/sly.js\". \u001b[90mx1\u001b[39m"]
INFO 2014-11-26T18:44:26.100Z ["[Lighter] Styles routed to \"/sly.css\". \u001b[90mx1\u001b[39m"]
INFO 2014-11-26T18:44:26.103Z ["[Lighter] Models loaded. \u001b[90mx0\u001b[39m"]
INFO 2014-11-26T18:44:26.103Z ["[Lighter] Models loaded. \u001b[90mx0\u001b[39m"]
INFO 2014-11-26T18:44:26.103Z ["[Lighter] Controllers loaded. \u001b[90mx2\u001b[39m"]
INFO 2014-11-26T18:44:26.104Z ["[Lighter] Models loaded. \u001b[90mx0\u001b[39m"]
INFO 2014-11-26T18:44:26.111Z ["[Lighter] Scripts routed to \"/a.js\". \u001b[90mx1\u001b[39m"]
INFO 2014-11-26T18:44:26.111Z ["[Lighter] Scripts routed to \"/sly.js\". \u001b[90mx1\u001b[39m"]
INFO 2014-11-26T18:44:26.112Z ["[Lighter] Scripts routed to \"/sly.js\". \u001b[90mx1\u001b[39m"]
INFO 2014-11-26T18:44:26.113Z ["[Lighter] Styles routed to \"/sly.css\". \u001b[90mx1\u001b[39m"]
INFO 2014-11-26T18:44:26.114Z ["[Lighter] Styles routed to \"/a.css\". \u001b[90mx1\u001b[39m"]
INFO 2014-11-26T18:44:26.115Z ["[Lighter] Scripts routed to \"/sly.js\". \u001b[90mx1\u001b[39m"]
INFO 2014-11-26T18:44:26.116Z ["[Lighter] Controllers loaded. \u001b[90mx2\u001b[39m"]
INFO 2014-11-26T18:44:26.117Z ["[Lighter] Models loaded. \u001b[90mx0\u001b[39m"]
INFO 2014-11-26T18:44:26.117Z ["[Lighter] Styles routed to \"/sly.css\". \u001b[90mx1\u001b[39m"]
INFO 2014-11-26T18:44:26.119Z ["[Lighter] Styles routed to \"/sly.css\". \u001b[90mx1\u001b[39m"]
INFO 2014-11-26T18:44:26.121Z ["[Lighter] Controllers loaded. \u001b[90mx2\u001b[39m"]
INFO 2014-11-26T18:44:26.122Z ["[Lighter] Controllers loaded. \u001b[90mx2\u001b[39m"]
INFO 2014-11-26T18:44:26.122Z ["[Lighter] Scripts routed to \"/sly.js\". \u001b[90mx1\u001b[39m"]
INFO 2014-11-26T18:44:26.123Z ["[Lighter] Scripts routed to \"/sly.js\". \u001b[90mx1\u001b[39m"]
INFO 2014-11-26T18:44:26.123Z ["[Lighter] Styles routed to \"/sly.css\". \u001b[90mx1\u001b[39m"]
INFO 2014-11-26T18:44:26.125Z ["[Lighter] Styles routed to \"/sly.css\". \u001b[90mx1\u001b[39m"]
INFO 2014-11-26T18:44:26.126Z ["[Lighter] Controllers loaded. \u001b[90mx2\u001b[39m"]
INFO 2014-11-26T18:44:26.127Z ["[Lighter] Controllers loaded. \u001b[90mx2\u001b[39m"]
INFO 2014-11-26T18:44:26.130Z ["[Lighter] Scripts routed to \"/a.js\". \u001b[90mx1\u001b[39m"]
INFO 2014-11-26T18:44:26.131Z ["[Lighter] Scripts routed to \"/sly.js\". \u001b[90mx1\u001b[39m"]
INFO 2014-11-26T18:44:26.133Z ["[Lighter] Styles routed to \"/a.css\". \u001b[90mx1\u001b[39m"]
INFO 2014-11-26T18:44:26.134Z ["[Lighter] Styles routed to \"/sly.css\". \u001b[90mx1\u001b[39m"]
INFO 2014-11-26T18:44:26.137Z ["[Lighter] Controllers loaded. \u001b[90mx2\u001b[39m"]
INFO 2014-11-26T18:44:26.138Z ["[Lighter] Scripts routed to \"/a.js\". \u001b[90mx1\u001b[39m"]
INFO 2014-11-26T18:44:26.142Z ["[Lighter] Scripts routed to \"/a.js\". \u001b[90mx1\u001b[39m"]
INFO 2014-11-26T18:44:26.142Z ["[Lighter] Styles routed to \"/a.css\". \u001b[90mx1\u001b[39m"]
INFO 2014-11-26T18:44:26.145Z ["[Lighter] Styles routed to \"/a.css\". \u001b[90mx1\u001b[39m"]
INFO 2014-11-26T18:44:26.153Z ["[Lighter] Scripts routed to \"/a.js\". \u001b[90mx1\u001b[39m"]
INFO 2014-11-26T18:44:26.155Z ["[Lighter] Scripts routed to \"/a.js\". \u001b[90mx1\u001b[39m"]
INFO 2014-11-26T18:44:26.155Z ["[Lighter] Styles routed to \"/a.css\". \u001b[90mx1\u001b[39m"]
INFO 2014-11-26T18:44:26.169Z ["[Lighter] Scripts routed to \"/a.js\". \u001b[90mx1\u001b[39m"]
INFO 2014-11-26T18:44:26.171Z ["[Lighter] Styles routed to \"/a.css\". \u001b[90mx1\u001b[39m"]
INFO 2014-11-26T18:44:26.173Z ["[Lighter] Scripts routed to \"/a.js\". \u001b[90mx1\u001b[39m"]
INFO 2014-11-26T18:44:26.191Z ["[Lighter] Styles routed to \"/a.css\". \u001b[90mx1\u001b[39m"]
INFO 2014-11-26T18:44:26.202Z ["[Lighter] Styles routed to \"/a.css\". \u001b[90mx1\u001b[39m"]
INFO 2014-11-26T18:44:27.757Z ["[Lighter] Publics loaded. \u001b[90mx48\u001b[39m"]
INFO 2014-11-26T18:44:27.773Z ["[Lighter] Publics loaded. \u001b[90mx48\u001b[39m"]
INFO 2014-11-26T18:44:27.849Z ["[Lighter] Publics loaded. \u001b[90mx48\u001b[39m"]
INFO 2014-11-26T18:44:27.858Z ["[Lighter] Publics loaded. \u001b[90mx48\u001b[39m"]
INFO 2014-11-26T18:44:29.141Z ["[Lighter] Views loaded. \u001b[90mx30\u001b[39m"]
INFO 2014-11-26T18:44:29.400Z ["[Lighter] Views loaded. \u001b[90mx30\u001b[39m"]
INFO 2014-11-26T18:44:29.506Z ["[Lighter] Views loaded. \u001b[90mx30\u001b[39m"]
INFO 2014-11-26T18:44:29.508Z ["[Lighter] Publics loaded. \u001b[90mx48\u001b[39m"]
ERROR 2014-11-26T18:44:29.515Z ["TypeError: Object #<Object> has no method 'readStream'\n  at /Users/sam/Workspace/lighter/lib/app.js:606:28\n  at onceReadyEach (/Users/sam/Workspace/chug/lib/Waiter.js:108:9)\n  at Array.forEach (native)\n  at Function.onReady (/Users/sam/Workspace/chug/lib/Waiter.js:107:27)\n  at Function.unwait (/Users/sam/Workspace/chug/lib/Waiter.js:75:12)\n  at unwaitParents (/Users/sam/Workspace/chug/lib/waiter.js:78:14)\n  at Array.forEach (native)\n  at [object Object].unwait (/Users/sam/Workspace/chug/lib/waiter.js:77:18)\n  at unwaitParents (/Users/sam/Workspace/chug/lib/waiter.js:78:14)\n  at Array.forEach (native)\n  at init.unwait (/Users/sam/Workspace/chug/lib/waiter.js:77:18)\n  at processFile (/Users/sam/Workspace/chug/lib/file.js:43:12)\n  at fs.js:266:14\n  at Object.oncomplete (fs.js:107:15)\n"]
ERROR 2014-11-26T18:44:29.516Z ["TypeError: Object #<Object> has no method 'readStream'\n  at /Users/sam/Workspace/lighter/lib/app.js:606:28\n  at onceReadyEach (/Users/sam/Workspace/chug/lib/Waiter.js:108:9)\n  at Array.forEach (native)\n  at Function.onReady (/Users/sam/Workspace/chug/lib/Waiter.js:107:27)\n  at Function.unwait (/Users/sam/Workspace/chug/lib/Waiter.js:75:12)\n  at unwaitParents (/Users/sam/Workspace/chug/lib/waiter.js:78:14)\n  at Array.forEach (native)\n  at [object Object].unwait (/Users/sam/Workspace/chug/lib/waiter.js:77:18)\n  at unwaitParents (/Users/sam/Workspace/chug/lib/waiter.js:78:14)\n  at Array.forEach (native)\n  at init.unwait (/Users/sam/Workspace/chug/lib/waiter.js:77:18)\n  at processFile (/Users/sam/Workspace/chug/lib/file.js:43:12)\n  at fs.js:266:14\n  at Object.oncomplete (fs.js:107:15)\n"]
INFO 2014-11-26T18:44:29.522Z ["[Lighter] Publics loaded. \u001b[90mx48\u001b[39m"]
INFO 2014-11-26T18:44:29.525Z ["[Lighter] Views loaded. \u001b[90mx30\u001b[39m"]
ERROR 2014-11-26T18:44:29.529Z ["TypeError: Object #<Object> has no method 'readStream'\n  at /Users/sam/Workspace/lighter/lib/app.js:606:28\n  at onceReadyEach (/Users/sam/Workspace/chug/lib/Waiter.js:108:9)\n  at Array.forEach (native)\n  at Function.onReady (/Users/sam/Workspace/chug/lib/Waiter.js:107:27)\n  at Function.unwait (/Users/sam/Workspace/chug/lib/Waiter.js:75:12)\n  at unwaitParents (/Users/sam/Workspace/chug/lib/waiter.js:78:14)\n  at Array.forEach (native)\n  at [object Object].unwait (/Users/sam/Workspace/chug/lib/waiter.js:77:18)\n  at unwaitParents (/Users/sam/Workspace/chug/lib/waiter.js:78:14)\n  at Array.forEach (native)\n  at init.unwait (/Users/sam/Workspace/chug/lib/waiter.js:77:18)\n  at processFile (/Users/sam/Workspace/chug/lib/file.js:43:12)\n  at fs.js:266:14\n  at Object.oncomplete (fs.js:107:15)\n"]
ERROR 2014-11-26T18:44:29.532Z ["Worker 86899 died."]
