INFO 2014-11-26T09:56:13.973Z ["[Lighter] Models loaded. \u001b[90mx0\u001b[39m"]
INFO 2014-11-26T09:56:13.986Z ["[Lighter] Models loaded. \u001b[90mx0\u001b[39m"]
INFO 2014-11-26T09:56:13.989Z ["[Lighter] Models loaded. \u001b[90mx0\u001b[39m"]
INFO 2014-11-26T09:56:13.989Z ["[Lighter] Scripts routed to \"/sly.js\". \u001b[90mx1\u001b[39m"]
INFO 2014-11-26T09:56:13.990Z ["[Lighter] Models loaded. \u001b[90mx0\u001b[39m"]
INFO 2014-11-26T09:56:13.992Z ["[Lighter] Models loaded. \u001b[90mx0\u001b[39m"]
INFO 2014-11-26T09:56:13.993Z ["[Lighter] Styles routed to \"/sly.css\". \u001b[90mx1\u001b[39m"]
INFO 2014-11-26T09:56:13.997Z ["[Lighter] Controllers loaded. \u001b[90mx2\u001b[39m"]
INFO 2014-11-26T09:56:14.001Z ["[Lighter] Models loaded. \u001b[90mx0\u001b[39m"]
INFO 2014-11-26T09:56:14.007Z ["[Lighter] Scripts routed to \"/sly.js\". \u001b[90mx1\u001b[39m"]
INFO 2014-11-26T09:56:14.008Z ["[Lighter] Models loaded. \u001b[90mx0\u001b[39m"]
INFO 2014-11-26T09:56:14.009Z ["[Lighter] Styles routed to \"/sly.css\". \u001b[90mx1\u001b[39m"]
INFO 2014-11-26T09:56:14.010Z ["[Lighter] Scripts routed to \"/sly.js\". \u001b[90mx1\u001b[39m"]
INFO 2014-11-26T09:56:14.012Z ["[Lighter] Styles routed to \"/sly.css\". \u001b[90mx1\u001b[39m"]
INFO 2014-11-26T09:56:14.013Z ["[Lighter] Controllers loaded. \u001b[90mx2\u001b[39m"]
INFO 2014-11-26T09:56:14.014Z ["[Lighter] Controllers loaded. \u001b[90mx2\u001b[39m"]
INFO 2014-11-26T09:56:14.015Z ["[Lighter] Scripts routed to \"/sly.js\". \u001b[90mx1\u001b[39m"]
INFO 2014-11-26T09:56:14.015Z ["[Lighter] Scripts routed to \"/sly.js\". \u001b[90mx1\u001b[39m"]
INFO 2014-11-26T09:56:14.015Z ["[Lighter] Scripts routed to \"/sly.js\". \u001b[90mx1\u001b[39m"]
INFO 2014-11-26T09:56:14.018Z ["[Lighter] Styles routed to \"/sly.css\". \u001b[90mx1\u001b[39m"]
INFO 2014-11-26T09:56:14.019Z ["[Lighter] Models loaded. \u001b[90mx0\u001b[39m"]
INFO 2014-11-26T09:56:14.019Z ["[Lighter] Styles routed to \"/sly.css\". \u001b[90mx1\u001b[39m"]
INFO 2014-11-26T09:56:14.021Z ["[Lighter] Styles routed to \"/sly.css\". \u001b[90mx1\u001b[39m"]
INFO 2014-11-26T09:56:14.021Z ["[Lighter] Controllers loaded. \u001b[90mx2\u001b[39m"]
INFO 2014-11-26T09:56:14.023Z ["[Lighter] Controllers loaded. \u001b[90mx2\u001b[39m"]
INFO 2014-11-26T09:56:14.024Z ["[Lighter] Controllers loaded. \u001b[90mx2\u001b[39m"]
INFO 2014-11-26T09:56:14.025Z ["[Lighter] Scripts routed to \"/sly.js\". \u001b[90mx1\u001b[39m"]
INFO 2014-11-26T09:56:14.029Z ["[Lighter] Styles routed to \"/sly.css\". \u001b[90mx1\u001b[39m"]
INFO 2014-11-26T09:56:14.031Z ["[Lighter] Controllers loaded. \u001b[90mx2\u001b[39m"]
INFO 2014-11-26T09:56:14.034Z ["[Lighter] Scripts routed to \"/sly.js\". \u001b[90mx1\u001b[39m"]
INFO 2014-11-26T09:56:14.035Z ["[Lighter] Styles routed to \"/sly.css\". \u001b[90mx1\u001b[39m"]
INFO 2014-11-26T09:56:14.035Z ["[Lighter] Scripts routed to \"/a.js\". \u001b[90mx1\u001b[39m"]
INFO 2014-11-26T09:56:14.038Z ["[Lighter] Controllers loaded. \u001b[90mx2\u001b[39m"]
INFO 2014-11-26T09:56:14.042Z ["[Lighter] Styles routed to \"/a.css\". \u001b[90mx1\u001b[39m"]
INFO 2014-11-26T09:56:14.042Z ["[Lighter] Scripts routed to \"/a.js\". \u001b[90mx1\u001b[39m"]
INFO 2014-11-26T09:56:14.048Z ["[Lighter] Styles routed to \"/a.css\". \u001b[90mx1\u001b[39m"]
INFO 2014-11-26T09:56:14.051Z ["[Lighter] Scripts routed to \"/a.js\". \u001b[90mx1\u001b[39m"]
INFO 2014-11-26T09:56:14.056Z ["[Lighter] Scripts routed to \"/a.js\". \u001b[90mx1\u001b[39m"]
INFO 2014-11-26T09:56:14.056Z ["[Lighter] Styles routed to \"/a.css\". \u001b[90mx1\u001b[39m"]
INFO 2014-11-26T09:56:14.068Z ["[Lighter] Styles routed to \"/a.css\". \u001b[90mx1\u001b[39m"]
INFO 2014-11-26T09:56:14.069Z ["[Lighter] Scripts routed to \"/a.js\". \u001b[90mx1\u001b[39m"]
INFO 2014-11-26T09:56:14.071Z ["[Lighter] Scripts routed to \"/a.js\". \u001b[90mx1\u001b[39m"]
INFO 2014-11-26T09:56:14.074Z ["[Lighter] Styles routed to \"/a.css\". \u001b[90mx1\u001b[39m"]
INFO 2014-11-26T09:56:14.078Z ["[Lighter] Styles routed to \"/a.css\". \u001b[90mx1\u001b[39m"]
INFO 2014-11-26T09:56:14.089Z ["[Lighter] Scripts routed to \"/a.js\". \u001b[90mx1\u001b[39m"]
INFO 2014-11-26T09:56:14.098Z ["[Lighter] Scripts routed to \"/a.js\". \u001b[90mx1\u001b[39m"]
INFO 2014-11-26T09:56:14.101Z ["[Lighter] Styles routed to \"/a.css\". \u001b[90mx1\u001b[39m"]
INFO 2014-11-26T09:56:14.147Z ["[Lighter] Styles routed to \"/a.css\". \u001b[90mx1\u001b[39m"]
INFO 2014-11-26T09:56:15.866Z ["[Lighter] Publics loaded. \u001b[90mx48\u001b[39m"]
INFO 2014-11-26T09:56:52.438Z ["[Lighter] Models loaded. \u001b[90mx0\u001b[39m"]
INFO 2014-11-26T09:56:52.467Z ["[Lighter] Scripts routed to \"/sly.js\". \u001b[90mx1\u001b[39m"]
INFO 2014-11-26T09:56:52.469Z ["[Lighter] Styles routed to \"/sly.css\". \u001b[90mx1\u001b[39m"]
INFO 2014-11-26T09:56:52.472Z ["[Lighter] Controllers loaded. \u001b[90mx2\u001b[39m"]
INFO 2014-11-26T09:56:52.479Z ["[Lighter] Models loaded. \u001b[90mx0\u001b[39m"]
INFO 2014-11-26T09:56:52.488Z ["[Lighter] Models loaded. \u001b[90mx0\u001b[39m"]
INFO 2014-11-26T09:56:52.490Z ["[Lighter] Models loaded. \u001b[90mx0\u001b[39m"]
INFO 2014-11-26T09:56:52.495Z ["[Lighter] Models loaded. \u001b[90mx0\u001b[39m"]
INFO 2014-11-26T09:56:52.495Z ["[Lighter] Models loaded. \u001b[90mx0\u001b[39m"]
INFO 2014-11-26T09:56:52.495Z ["[Lighter] Scripts routed to \"/sly.js\". \u001b[90mx1\u001b[39m"]
INFO 2014-11-26T09:56:52.497Z ["[Lighter] Styles routed to \"/sly.css\". \u001b[90mx1\u001b[39m"]
INFO 2014-11-26T09:56:52.502Z ["[Lighter] Controllers loaded. \u001b[90mx2\u001b[39m"]
INFO 2014-11-26T09:56:52.502Z ["[Lighter] Models loaded. \u001b[90mx0\u001b[39m"]
INFO 2014-11-26T09:56:52.508Z ["[Lighter] Scripts routed to \"/sly.js\". \u001b[90mx1\u001b[39m"]
INFO 2014-11-26T09:56:52.509Z ["[Lighter] Scripts routed to \"/sly.js\". \u001b[90mx1\u001b[39m"]
INFO 2014-11-26T09:56:52.510Z ["[Lighter] Models loaded. \u001b[90mx0\u001b[39m"]
INFO 2014-11-26T09:56:52.510Z ["[Lighter] Scripts routed to \"/a.js\". \u001b[90mx1\u001b[39m"]
INFO 2014-11-26T09:56:52.511Z ["[Lighter] Styles routed to \"/sly.css\". \u001b[90mx1\u001b[39m"]
INFO 2014-11-26T09:56:52.511Z ["[Lighter] Styles routed to \"/sly.css\". \u001b[90mx1\u001b[39m"]
INFO 2014-11-26T09:56:52.512Z ["[Lighter] Scripts routed to \"/sly.js\". \u001b[90mx1\u001b[39m"]
INFO 2014-11-26T09:56:52.515Z ["[Lighter] Controllers loaded. \u001b[90mx2\u001b[39m"]
INFO 2014-11-26T09:56:52.515Z ["[Lighter] Controllers loaded. \u001b[90mx2\u001b[39m"]
INFO 2014-11-26T09:56:52.515Z ["[Lighter] Styles routed to \"/a.css\". \u001b[90mx1\u001b[39m"]
INFO 2014-11-26T09:56:52.518Z ["[Lighter] Styles routed to \"/sly.css\". \u001b[90mx1\u001b[39m"]
INFO 2014-11-26T09:56:52.523Z ["[Lighter] Controllers loaded. \u001b[90mx2\u001b[39m"]
INFO 2014-11-26T09:56:52.525Z ["[Lighter] Scripts routed to \"/sly.js\". \u001b[90mx1\u001b[39m"]
INFO 2014-11-26T09:56:52.526Z ["[Lighter] Scripts routed to \"/sly.js\". \u001b[90mx1\u001b[39m"]
INFO 2014-11-26T09:56:52.527Z ["[Lighter] Scripts routed to \"/sly.js\". \u001b[90mx1\u001b[39m"]
INFO 2014-11-26T09:56:52.527Z ["[Lighter] Styles routed to \"/sly.css\". \u001b[90mx1\u001b[39m"]
INFO 2014-11-26T09:56:52.528Z ["[Lighter] Styles routed to \"/sly.css\". \u001b[90mx1\u001b[39m"]
INFO 2014-11-26T09:56:52.529Z ["[Lighter] Styles routed to \"/sly.css\". \u001b[90mx1\u001b[39m"]
INFO 2014-11-26T09:56:52.531Z ["[Lighter] Controllers loaded. \u001b[90mx2\u001b[39m"]
INFO 2014-11-26T09:56:52.533Z ["[Lighter] Controllers loaded. \u001b[90mx2\u001b[39m"]
INFO 2014-11-26T09:56:52.536Z ["[Lighter] Controllers loaded. \u001b[90mx2\u001b[39m"]
INFO 2014-11-26T09:56:52.538Z ["[Lighter] Scripts routed to \"/a.js\". \u001b[90mx1\u001b[39m"]
INFO 2014-11-26T09:56:52.543Z ["[Lighter] Styles routed to \"/a.css\". \u001b[90mx1\u001b[39m"]
INFO 2014-11-26T09:56:52.548Z ["[Lighter] Scripts routed to \"/a.js\". \u001b[90mx1\u001b[39m"]
INFO 2014-11-26T09:56:52.550Z ["[Lighter] Scripts routed to \"/a.js\". \u001b[90mx1\u001b[39m"]
INFO 2014-11-26T09:56:52.553Z ["[Lighter] Styles routed to \"/a.css\". \u001b[90mx1\u001b[39m"]
INFO 2014-11-26T09:56:52.559Z ["[Lighter] Scripts routed to \"/a.js\". \u001b[90mx1\u001b[39m"]
INFO 2014-11-26T09:56:52.562Z ["[Lighter] Styles routed to \"/a.css\". \u001b[90mx1\u001b[39m"]
INFO 2014-11-26T09:56:52.582Z ["[Lighter] Scripts routed to \"/a.js\". \u001b[90mx1\u001b[39m"]
INFO 2014-11-26T09:56:52.585Z ["[Lighter] Styles routed to \"/a.css\". \u001b[90mx1\u001b[39m"]
INFO 2014-11-26T09:56:52.590Z ["[Lighter] Scripts routed to \"/a.js\". \u001b[90mx1\u001b[39m"]
INFO 2014-11-26T09:56:52.592Z ["[Lighter] Styles routed to \"/a.css\". \u001b[90mx1\u001b[39m"]
INFO 2014-11-26T09:56:52.599Z ["[Lighter] Styles routed to \"/a.css\". \u001b[90mx1\u001b[39m"]
INFO 2014-11-26T09:56:52.603Z ["[Lighter] Scripts routed to \"/a.js\". \u001b[90mx1\u001b[39m"]
INFO 2014-11-26T09:56:52.607Z ["[Lighter] Styles routed to \"/a.css\". \u001b[90mx1\u001b[39m"]
