INFO 2014-11-26T12:17:37.110Z ["[Lighter] Models loaded. \u001b[90mx0\u001b[39m"]
INFO 2014-11-26T12:17:37.114Z ["[Lighter] Models loaded. \u001b[90mx0\u001b[39m"]
INFO 2014-11-26T12:17:37.118Z ["[Lighter] Models loaded. \u001b[90mx0\u001b[39m"]
INFO 2014-11-26T12:17:37.118Z ["[Lighter] Models loaded. \u001b[90mx0\u001b[39m"]
INFO 2014-11-26T12:17:37.121Z ["[Lighter] Models loaded. \u001b[90mx0\u001b[39m"]
INFO 2014-11-26T12:17:37.130Z ["[Lighter] Models loaded. \u001b[90mx0\u001b[39m"]
INFO 2014-11-26T12:17:37.135Z ["[Lighter] Models loaded. \u001b[90mx0\u001b[39m"]
INFO 2014-11-26T12:17:37.137Z ["[Lighter] Models loaded. \u001b[90mx0\u001b[39m"]
INFO 2014-11-26T12:17:37.140Z ["[Lighter] Scripts routed to \"/sly.js\". \u001b[90mx1\u001b[39m"]
INFO 2014-11-26T12:17:37.140Z ["[Lighter] Scripts routed to \"/sly.js\". \u001b[90mx1\u001b[39m"]
INFO 2014-11-26T12:17:37.142Z ["[Lighter] Styles routed to \"/sly.css\". \u001b[90mx1\u001b[39m"]
INFO 2014-11-26T12:17:37.143Z ["[Lighter] Scripts routed to \"/sly.js\". \u001b[90mx1\u001b[39m"]
INFO 2014-11-26T12:17:37.143Z ["[Lighter] Scripts routed to \"/sly.js\". \u001b[90mx1\u001b[39m"]
INFO 2014-11-26T12:17:37.144Z ["[Lighter] Scripts routed to \"/sly.js\". \u001b[90mx1\u001b[39m"]
INFO 2014-11-26T12:17:37.144Z ["[Lighter] Styles routed to \"/sly.css\". \u001b[90mx1\u001b[39m"]
INFO 2014-11-26T12:17:37.145Z ["[Lighter] Styles routed to \"/sly.css\". \u001b[90mx1\u001b[39m"]
INFO 2014-11-26T12:17:37.145Z ["[Lighter] Styles routed to \"/sly.css\". \u001b[90mx1\u001b[39m"]
INFO 2014-11-26T12:17:37.146Z ["[Lighter] Controllers loaded. \u001b[90mx2\u001b[39m"]
INFO 2014-11-26T12:17:37.147Z ["[Lighter] Controllers loaded. \u001b[90mx2\u001b[39m"]
INFO 2014-11-26T12:17:37.149Z ["[Lighter] Scripts routed to \"/sly.js\". \u001b[90mx1\u001b[39m"]
INFO 2014-11-26T12:17:37.149Z ["[Lighter] Controllers loaded. \u001b[90mx2\u001b[39m"]
INFO 2014-11-26T12:17:37.151Z ["[Lighter] Controllers loaded. \u001b[90mx2\u001b[39m"]
INFO 2014-11-26T12:17:37.151Z ["[Lighter] Styles routed to \"/sly.css\". \u001b[90mx1\u001b[39m"]
INFO 2014-11-26T12:17:37.152Z ["[Lighter] Scripts routed to \"/sly.js\". \u001b[90mx1\u001b[39m"]
INFO 2014-11-26T12:17:37.154Z ["[Lighter] Controllers loaded. \u001b[90mx2\u001b[39m"]
INFO 2014-11-26T12:17:37.154Z ["[Lighter] Styles routed to \"/sly.css\". \u001b[90mx1\u001b[39m"]
INFO 2014-11-26T12:17:37.154Z ["[Lighter] Styles routed to \"/sly.css\". \u001b[90mx1\u001b[39m"]
INFO 2014-11-26T12:17:37.154Z ["[Lighter] Controllers loaded. \u001b[90mx2\u001b[39m"]
INFO 2014-11-26T12:17:37.156Z ["[Lighter] Controllers loaded. \u001b[90mx2\u001b[39m"]
INFO 2014-11-26T12:17:37.159Z ["[Lighter] Scripts routed to \"/sly.js\". \u001b[90mx1\u001b[39m"]
INFO 2014-11-26T12:17:37.161Z ["[Lighter] Styles routed to \"/sly.css\". \u001b[90mx1\u001b[39m"]
INFO 2014-11-26T12:17:37.164Z ["[Lighter] Controllers loaded. \u001b[90mx2\u001b[39m"]
INFO 2014-11-26T12:17:37.175Z ["[Lighter] Scripts routed to \"/a.js\". \u001b[90mx1\u001b[39m"]
INFO 2014-11-26T12:17:37.179Z ["[Lighter] Scripts routed to \"/a.js\". \u001b[90mx1\u001b[39m"]
INFO 2014-11-26T12:17:37.182Z ["[Lighter] Styles routed to \"/a.css\". \u001b[90mx1\u001b[39m"]
INFO 2014-11-26T12:17:37.187Z ["[Lighter] Scripts routed to \"/a.js\". \u001b[90mx1\u001b[39m"]
INFO 2014-11-26T12:17:37.188Z ["[Lighter] Scripts routed to \"/a.js\". \u001b[90mx1\u001b[39m"]
INFO 2014-11-26T12:17:37.200Z ["[Lighter] Scripts routed to \"/a.js\". \u001b[90mx1\u001b[39m"]
INFO 2014-11-26T12:17:37.218Z ["[Lighter] Scripts routed to \"/a.js\". \u001b[90mx1\u001b[39m"]
INFO 2014-11-26T12:17:37.231Z ["[Lighter] Styles routed to \"/a.css\". \u001b[90mx1\u001b[39m"]
INFO 2014-11-26T12:17:37.232Z ["[Lighter] Styles routed to \"/a.css\". \u001b[90mx1\u001b[39m"]
INFO 2014-11-26T12:17:37.234Z ["[Lighter] Scripts routed to \"/a.js\". \u001b[90mx1\u001b[39m"]
INFO 2014-11-26T12:17:37.236Z ["[Lighter] Styles routed to \"/a.css\". \u001b[90mx1\u001b[39m"]
INFO 2014-11-26T12:17:37.239Z ["[Lighter] Styles routed to \"/a.css\". \u001b[90mx1\u001b[39m"]
INFO 2014-11-26T12:17:37.243Z ["[Lighter] Styles routed to \"/a.css\". \u001b[90mx1\u001b[39m"]
INFO 2014-11-26T12:17:37.254Z ["[Lighter] Styles routed to \"/a.css\". \u001b[90mx1\u001b[39m"]
INFO 2014-11-26T12:17:37.254Z ["[Lighter] Scripts routed to \"/a.js\". \u001b[90mx1\u001b[39m"]
INFO 2014-11-26T12:17:37.263Z ["[Lighter] Styles routed to \"/a.css\". \u001b[90mx1\u001b[39m"]
INFO 2014-11-26T12:17:38.915Z ["[Lighter] Publics loaded. \u001b[90mx48\u001b[39m"]
INFO 2014-11-26T12:17:39.028Z ["[Lighter] Publics loaded. \u001b[90mx48\u001b[39m"]
INFO 2014-11-26T12:17:39.030Z ["[Lighter] Publics loaded. \u001b[90mx48\u001b[39m"]
INFO 2014-11-26T12:17:39.096Z ["[Lighter] Publics loaded. \u001b[90mx48\u001b[39m"]
INFO 2014-11-26T12:17:40.344Z ["[Lighter] Views loaded. \u001b[90mx30\u001b[39m"]
INFO 2014-11-26T12:17:40.442Z ["[Lighter] Views loaded. \u001b[90mx30\u001b[39m"]
INFO 2014-11-26T12:17:40.701Z ["[Lighter] Views loaded. \u001b[90mx30\u001b[39m"]
INFO 2014-11-26T12:17:40.733Z ["[Lighter] Publics loaded. \u001b[90mx48\u001b[39m"]
INFO 2014-11-26T12:17:40.737Z ["[Lighter] Views loaded. \u001b[90mx30\u001b[39m"]
INFO 2014-11-26T12:17:40.766Z ["[Lighter] Publics loaded. \u001b[90mx48\u001b[39m"]
INFO 2014-11-26T12:17:40.788Z ["[D6] Views routed to \"/d6.js\"."]
INFO 2014-11-26T12:17:40.795Z ["[D6] Views routed to \"/d6.js\"."]
INFO 2014-11-26T12:17:40.796Z ["[D6] Views routed to \"/d6.js\"."]
INFO 2014-11-26T12:17:40.805Z ["[Lighter] Views loaded. \u001b[90mx30\u001b[39m"]
INFO 2014-11-26T12:17:40.808Z ["[Lighter] Publics loaded. \u001b[90mx48\u001b[39m"]
INFO 2014-11-26T12:17:40.822Z ["[Lighter] Views loaded. \u001b[90mx30\u001b[39m"]
INFO 2014-11-26T12:17:40.827Z ["[D6] Views routed to \"/d6.js\"."]
INFO 2014-11-26T12:17:40.843Z ["[D6] Views routed to \"/d6.js\"."]
INFO 2014-11-26T12:17:40.873Z ["[Lighter] Views loaded. \u001b[90mx30\u001b[39m"]
INFO 2014-11-26T12:17:40.882Z ["[Lighter] Publics loaded. \u001b[90mx48\u001b[39m"]
INFO 2014-11-26T12:17:40.890Z ["[D6] Views routed to \"/d6.js\"."]
INFO 2014-11-26T12:17:40.900Z ["[D6] Views routed to \"/d6.js\"."]
INFO 2014-11-26T12:17:40.921Z ["[Lighter] Views loaded. \u001b[90mx30\u001b[39m"]
INFO 2014-11-26T12:17:40.936Z ["[D6] Views routed to \"/d6.js\"."]
