INFO 2014-11-26T10:42:41.801Z ["[Lighter] Models loaded. \u001b[90mx0\u001b[39m"]
INFO 2014-11-26T10:42:41.802Z ["[Lighter] Models loaded. \u001b[90mx0\u001b[39m"]
INFO 2014-11-26T10:42:41.811Z ["[Lighter] Models loaded. \u001b[90mx0\u001b[39m"]
INFO 2014-11-26T10:42:41.811Z ["[Lighter] Models loaded. \u001b[90mx0\u001b[39m"]
INFO 2014-11-26T10:42:41.813Z ["[Lighter] Models loaded. \u001b[90mx0\u001b[39m"]
INFO 2014-11-26T10:42:41.815Z ["[Lighter] Scripts routed to \"/sly.js\". \u001b[90mx1\u001b[39m"]
INFO 2014-11-26T10:42:41.817Z ["[Lighter] Models loaded. \u001b[90mx0\u001b[39m"]
INFO 2014-11-26T10:42:41.817Z ["[Lighter] Models loaded. \u001b[90mx0\u001b[39m"]
INFO 2014-11-26T10:42:41.819Z ["[Lighter] Styles routed to \"/sly.css\". \u001b[90mx1\u001b[39m"]
INFO 2014-11-26T10:42:41.819Z ["[Lighter] Scripts routed to \"/sly.js\". \u001b[90mx1\u001b[39m"]
INFO 2014-11-26T10:42:41.821Z ["[Lighter] Controllers loaded. \u001b[90mx2\u001b[39m"]
INFO 2014-11-26T10:42:41.821Z ["[Lighter] Styles routed to \"/sly.css\". \u001b[90mx1\u001b[39m"]
INFO 2014-11-26T10:42:41.824Z ["[Lighter] Controllers loaded. \u001b[90mx2\u001b[39m"]
INFO 2014-11-26T10:42:41.825Z ["[Lighter] Scripts routed to \"/sly.js\". \u001b[90mx1\u001b[39m"]
INFO 2014-11-26T10:42:41.825Z ["[Lighter] Scripts routed to \"/sly.js\". \u001b[90mx1\u001b[39m"]
INFO 2014-11-26T10:42:41.827Z ["[Lighter] Styles routed to \"/sly.css\". \u001b[90mx1\u001b[39m"]
INFO 2014-11-26T10:42:41.828Z ["[Lighter] Scripts routed to \"/sly.js\". \u001b[90mx1\u001b[39m"]
INFO 2014-11-26T10:42:41.829Z ["[Lighter] Styles routed to \"/sly.css\". \u001b[90mx1\u001b[39m"]
INFO 2014-11-26T10:42:41.831Z ["[Lighter] Controllers loaded. \u001b[90mx2\u001b[39m"]
INFO 2014-11-26T10:42:41.831Z ["[Lighter] Styles routed to \"/sly.css\". \u001b[90mx1\u001b[39m"]
INFO 2014-11-26T10:42:41.832Z ["[Lighter] Models loaded. \u001b[90mx0\u001b[39m"]
INFO 2014-11-26T10:42:41.832Z ["[Lighter] Controllers loaded. \u001b[90mx2\u001b[39m"]
INFO 2014-11-26T10:42:41.833Z ["[Lighter] Controllers loaded. \u001b[90mx2\u001b[39m"]
INFO 2014-11-26T10:42:41.834Z ["[Lighter] Scripts routed to \"/sly.js\". \u001b[90mx1\u001b[39m"]
INFO 2014-11-26T10:42:41.835Z ["[Lighter] Styles routed to \"/sly.css\". \u001b[90mx1\u001b[39m"]
INFO 2014-11-26T10:42:41.836Z ["[Lighter] Scripts routed to \"/sly.js\". \u001b[90mx1\u001b[39m"]
INFO 2014-11-26T10:42:41.838Z ["[Lighter] Controllers loaded. \u001b[90mx2\u001b[39m"]
INFO 2014-11-26T10:42:41.840Z ["[Lighter] Styles routed to \"/sly.css\". \u001b[90mx1\u001b[39m"]
INFO 2014-11-26T10:42:41.843Z ["[Lighter] Controllers loaded. \u001b[90mx2\u001b[39m"]
INFO 2014-11-26T10:42:41.844Z ["[Lighter] Scripts routed to \"/sly.js\". \u001b[90mx1\u001b[39m"]
INFO 2014-11-26T10:42:41.846Z ["[Lighter] Styles routed to \"/sly.css\". \u001b[90mx1\u001b[39m"]
INFO 2014-11-26T10:42:41.850Z ["[Lighter] Controllers loaded. \u001b[90mx2\u001b[39m"]
INFO 2014-11-26T10:42:41.850Z ["[Lighter] Scripts routed to \"/a.js\". \u001b[90mx1\u001b[39m"]
INFO 2014-11-26T10:42:41.853Z ["[Lighter] Styles routed to \"/a.css\". \u001b[90mx1\u001b[39m"]
INFO 2014-11-26T10:42:41.860Z ["[Lighter] Scripts routed to \"/a.js\". \u001b[90mx1\u001b[39m"]
INFO 2014-11-26T10:42:41.869Z ["[Lighter] Styles routed to \"/a.css\". \u001b[90mx1\u001b[39m"]
INFO 2014-11-26T10:42:41.871Z ["[Lighter] Scripts routed to \"/a.js\". \u001b[90mx1\u001b[39m"]
INFO 2014-11-26T10:42:41.872Z ["[Lighter] Scripts routed to \"/a.js\". \u001b[90mx1\u001b[39m"]
INFO 2014-11-26T10:42:41.874Z ["[Lighter] Scripts routed to \"/a.js\". \u001b[90mx1\u001b[39m"]
INFO 2014-11-26T10:42:41.878Z ["[Lighter] Styles routed to \"/a.css\". \u001b[90mx1\u001b[39m"]
INFO 2014-11-26T10:42:41.878Z ["[Lighter] Styles routed to \"/a.css\". \u001b[90mx1\u001b[39m"]
INFO 2014-11-26T10:42:41.886Z ["[Lighter] Styles routed to \"/a.css\". \u001b[90mx1\u001b[39m"]
INFO 2014-11-26T10:42:41.886Z ["[Lighter] Scripts routed to \"/a.js\". \u001b[90mx1\u001b[39m"]
INFO 2014-11-26T10:42:41.890Z ["[Lighter] Scripts routed to \"/a.js\". \u001b[90mx1\u001b[39m"]
INFO 2014-11-26T10:42:41.894Z ["[Lighter] Styles routed to \"/a.css\". \u001b[90mx1\u001b[39m"]
INFO 2014-11-26T10:42:41.901Z ["[Lighter] Scripts routed to \"/a.js\". \u001b[90mx1\u001b[39m"]
INFO 2014-11-26T10:42:41.903Z ["[Lighter] Styles routed to \"/a.css\". \u001b[90mx1\u001b[39m"]
INFO 2014-11-26T10:42:41.936Z ["[Lighter] Styles routed to \"/a.css\". \u001b[90mx1\u001b[39m"]
INFO 2014-11-26T10:42:43.632Z ["[Lighter] Publics loaded. \u001b[90mx48\u001b[39m"]
INFO 2014-11-26T10:42:43.684Z ["[Lighter] Publics loaded. \u001b[90mx48\u001b[39m"]
INFO 2014-11-26T10:42:45.088Z ["[Lighter] Views loaded. \u001b[90mx30\u001b[39m"]
INFO 2014-11-26T10:42:45.113Z ["[Lighter] Views loaded. \u001b[90mx30\u001b[39m"]
INFO 2014-11-26T10:42:45.333Z ["[Lighter] Views loaded. \u001b[90mx30\u001b[39m"]
INFO 2014-11-26T10:42:45.370Z ["[Lighter] Views loaded. \u001b[90mx30\u001b[39m"]
INFO 2014-11-26T10:42:45.395Z ["[Lighter] Views loaded. \u001b[90mx30\u001b[39m"]
INFO 2014-11-26T10:42:45.402Z ["[Lighter] Publics loaded. \u001b[90mx48\u001b[39m"]
INFO 2014-11-26T10:42:45.419Z ["[Lighter] Views loaded. \u001b[90mx30\u001b[39m"]
INFO 2014-11-26T10:42:45.474Z ["[D6] Views routed to \"/d6.js\"."]
INFO 2014-11-26T10:42:45.477Z ["[Lighter] Publics loaded. \u001b[90mx48\u001b[39m"]
INFO 2014-11-26T10:42:45.485Z ["[Lighter] Publics loaded. \u001b[90mx48\u001b[39m"]
INFO 2014-11-26T10:42:45.503Z ["[Lighter] Publics loaded. \u001b[90mx48\u001b[39m"]
INFO 2014-11-26T10:42:45.505Z ["[D6] Views routed to \"/d6.js\"."]
INFO 2014-11-26T10:42:45.518Z ["[D6] Views routed to \"/d6.js\"."]
INFO 2014-11-26T10:42:45.524Z ["[D6] Views routed to \"/d6.js\"."]
INFO 2014-11-26T10:42:45.536Z ["[Lighter] Views loaded. \u001b[90mx30\u001b[39m"]
INFO 2014-11-26T10:42:45.544Z ["[Lighter] Views loaded. \u001b[90mx30\u001b[39m"]
INFO 2014-11-26T10:42:45.554Z ["[D6] Views routed to \"/d6.js\"."]
INFO 2014-11-26T10:42:45.561Z ["[D6] Views routed to \"/d6.js\"."]
INFO 2014-11-26T10:42:45.570Z ["[Lighter] Publics loaded. \u001b[90mx48\u001b[39m"]
INFO 2014-11-26T10:42:45.574Z ["[Lighter] Publics loaded. \u001b[90mx48\u001b[39m"]
INFO 2014-11-26T10:42:45.585Z ["[D6] Views routed to \"/d6.js\"."]
INFO 2014-11-26T10:42:45.594Z ["[D6] Views routed to \"/d6.js\"."]
