INFO 2014-11-29T22:36:00.751Z ["[Lighter] Models loaded. \u001b[90mx0\u001b[39m"]
INFO 2014-11-29T22:36:00.759Z ["[Lighter] Scripts routed to \"/sly.js\". \u001b[90mx1\u001b[39m"]
INFO 2014-11-29T22:36:00.760Z ["[Lighter] Styles routed to \"/sly.css\". \u001b[90mx1\u001b[39m"]
INFO 2014-11-29T22:36:00.761Z ["[Lighter] Controllers loaded. \u001b[90mx2\u001b[39m"]
INFO 2014-11-29T22:36:00.775Z ["[Lighter] Scripts routed to \"/a.js\". \u001b[90mx1\u001b[39m"]
INFO 2014-11-29T22:36:00.778Z ["[Lighter] Styles routed to \"/a.css\". \u001b[90mx1\u001b[39m"]
INFO 2014-11-29T22:36:02.646Z ["[Lighter] Views loaded. \u001b[90mx30\u001b[39m"]
INFO 2014-11-29T22:36:02.709Z ["[Lighter] Publics loaded. \u001b[90mx48\u001b[39m"]
INFO 2014-11-29T22:36:02.724Z ["[D6] Views routed to \"/d6.js\"."]
WARN 2014-11-29T22:36:05.655Z ["[Lighter] Changed: \"./package.json\"."]
INFO 2014-11-29T22:36:06.413Z ["[Lighter] Models loaded. \u001b[90mx0\u001b[39m"]
INFO 2014-11-29T22:36:06.422Z ["[Lighter] Scripts routed to \"/sly.js\". \u001b[90mx1\u001b[39m"]
INFO 2014-11-29T22:36:06.422Z ["[Lighter] Styles routed to \"/sly.css\". \u001b[90mx1\u001b[39m"]
INFO 2014-11-29T22:36:06.424Z ["[Lighter] Controllers loaded. \u001b[90mx2\u001b[39m"]
INFO 2014-11-29T22:36:06.436Z ["[Lighter] Scripts routed to \"/a.js\". \u001b[90mx1\u001b[39m"]
INFO 2014-11-29T22:36:06.438Z ["[Lighter] Styles routed to \"/a.css\". \u001b[90mx1\u001b[39m"]
INFO 2014-11-29T22:36:07.289Z ["[Lighter] Views loaded. \u001b[90mx30\u001b[39m"]
INFO 2014-11-29T22:36:08.424Z ["[Lighter] Publics loaded. \u001b[90mx48\u001b[39m"]
INFO 2014-11-29T22:36:08.438Z ["[D6] Views routed to \"/d6.js\"."]
WARN 2014-11-29T22:36:11.430Z ["[Lighter] Changed: \"./package.json\"."]
INFO 2014-11-29T22:36:12.183Z ["[Lighter] Models loaded. \u001b[90mx0\u001b[39m"]
INFO 2014-11-29T22:36:12.192Z ["[Lighter] Scripts routed to \"/sly.js\". \u001b[90mx1\u001b[39m"]
INFO 2014-11-29T22:36:12.192Z ["[Lighter] Styles routed to \"/sly.css\". \u001b[90mx1\u001b[39m"]
INFO 2014-11-29T22:36:12.194Z ["[Lighter] Controllers loaded. \u001b[90mx2\u001b[39m"]
INFO 2014-11-29T22:36:12.206Z ["[Lighter] Scripts routed to \"/a.js\". \u001b[90mx1\u001b[39m"]
INFO 2014-11-29T22:36:12.210Z ["[Lighter] Styles routed to \"/a.css\". \u001b[90mx1\u001b[39m"]
INFO 2014-11-29T22:36:13.946Z ["[Lighter] Views loaded. \u001b[90mx30\u001b[39m"]
INFO 2014-11-29T22:36:14.171Z ["[Lighter] Publics loaded. \u001b[90mx48\u001b[39m"]
INFO 2014-11-29T22:36:14.184Z ["[D6] Views routed to \"/d6.js\"."]
WARN 2014-11-29T22:36:17.136Z ["[Lighter] Changed: \"./package.json\"."]
INFO 2014-11-29T22:36:17.896Z ["[Lighter] Models loaded. \u001b[90mx0\u001b[39m"]
INFO 2014-11-29T22:36:17.904Z ["[Lighter] Scripts routed to \"/sly.js\". \u001b[90mx1\u001b[39m"]
INFO 2014-11-29T22:36:17.905Z ["[Lighter] Styles routed to \"/sly.css\". \u001b[90mx1\u001b[39m"]
INFO 2014-11-29T22:36:17.906Z ["[Lighter] Controllers loaded. \u001b[90mx2\u001b[39m"]
INFO 2014-11-29T22:36:17.919Z ["[Lighter] Scripts routed to \"/a.js\". \u001b[90mx1\u001b[39m"]
INFO 2014-11-29T22:36:17.921Z ["[Lighter] Styles routed to \"/a.css\". \u001b[90mx1\u001b[39m"]
INFO 2014-11-29T22:36:19.807Z ["[Lighter] Views loaded. \u001b[90mx30\u001b[39m"]
INFO 2014-11-29T22:36:19.875Z ["[Lighter] Publics loaded. \u001b[90mx48\u001b[39m"]
INFO 2014-11-29T22:36:19.889Z ["[D6] Views routed to \"/d6.js\"."]
WARN 2014-11-29T22:36:22.963Z ["[Lighter] Changed: \"./package.json\"."]
INFO 2014-11-29T22:36:23.732Z ["[Lighter] Models loaded. \u001b[90mx0\u001b[39m"]
INFO 2014-11-29T22:36:23.742Z ["[Lighter] Scripts routed to \"/sly.js\". \u001b[90mx1\u001b[39m"]
INFO 2014-11-29T22:36:23.743Z ["[Lighter] Styles routed to \"/sly.css\". \u001b[90mx1\u001b[39m"]
INFO 2014-11-29T22:36:23.745Z ["[Lighter] Controllers loaded. \u001b[90mx2\u001b[39m"]
INFO 2014-11-29T22:36:23.757Z ["[Lighter] Scripts routed to \"/a.js\". \u001b[90mx1\u001b[39m"]
INFO 2014-11-29T22:36:23.759Z ["[Lighter] Styles routed to \"/a.css\". \u001b[90mx1\u001b[39m"]
INFO 2014-11-29T22:36:24.685Z ["[Lighter] Views loaded. \u001b[90mx30\u001b[39m"]
INFO 2014-11-29T22:36:25.757Z ["[Lighter] Publics loaded. \u001b[90mx48\u001b[39m"]
INFO 2014-11-29T22:36:25.771Z ["[D6] Views routed to \"/d6.js\"."]
WARN 2014-11-29T22:36:28.757Z ["[Lighter] Changed: \"./package.json\"."]
INFO 2014-11-29T22:36:29.523Z ["[Lighter] Models loaded. \u001b[90mx0\u001b[39m"]
INFO 2014-11-29T22:36:29.531Z ["[Lighter] Scripts routed to \"/sly.js\". \u001b[90mx1\u001b[39m"]
INFO 2014-11-29T22:36:29.532Z ["[Lighter] Styles routed to \"/sly.css\". \u001b[90mx1\u001b[39m"]
INFO 2014-11-29T22:36:29.534Z ["[Lighter] Controllers loaded. \u001b[90mx2\u001b[39m"]
INFO 2014-11-29T22:36:29.551Z ["[Lighter] Scripts routed to \"/a.js\". \u001b[90mx1\u001b[39m"]
INFO 2014-11-29T22:36:29.555Z ["[Lighter] Styles routed to \"/a.css\". \u001b[90mx1\u001b[39m"]
INFO 2014-11-29T22:36:31.376Z ["[Lighter] Views loaded. \u001b[90mx30\u001b[39m"]
INFO 2014-11-29T22:36:31.545Z ["[Lighter] Publics loaded. \u001b[90mx48\u001b[39m"]
INFO 2014-11-29T22:36:32.311Z ["[Lighter] Models loaded. \u001b[90mx0\u001b[39m"]
INFO 2014-11-29T22:36:32.321Z ["[Lighter] Scripts routed to \"/sly.js\". \u001b[90mx1\u001b[39m"]
INFO 2014-11-29T22:36:32.323Z ["[Lighter] Styles routed to \"/sly.css\". \u001b[90mx1\u001b[39m"]
INFO 2014-11-29T22:36:32.325Z ["[Lighter] Controllers loaded. \u001b[90mx2\u001b[39m"]
INFO 2014-11-29T22:36:32.338Z ["[Lighter] Scripts routed to \"/a.js\". \u001b[90mx1\u001b[39m"]
INFO 2014-11-29T22:36:32.339Z ["[Lighter] Styles routed to \"/a.css\". \u001b[90mx1\u001b[39m"]
INFO 2014-11-29T22:36:34.543Z ["[Lighter] Views loaded. \u001b[90mx30\u001b[39m"]
INFO 2014-11-29T22:36:34.612Z ["[Lighter] Publics loaded. \u001b[90mx48\u001b[39m"]
INFO 2014-11-29T22:36:34.629Z ["[D6] Views routed to \"/d6.js\"."]
WARN 2014-11-29T22:36:35.002Z ["[Lighter] Changed: \"./package.json\"."]
INFO 2014-11-29T22:36:35.751Z ["[Lighter] Models loaded. \u001b[90mx0\u001b[39m"]
INFO 2014-11-29T22:36:35.764Z ["[Lighter] Scripts routed to \"/sly.js\". \u001b[90mx1\u001b[39m"]
INFO 2014-11-29T22:36:35.765Z ["[Lighter] Styles routed to \"/sly.css\". \u001b[90mx1\u001b[39m"]
INFO 2014-11-29T22:36:35.768Z ["[Lighter] Controllers loaded. \u001b[90mx2\u001b[39m"]
INFO 2014-11-29T22:36:35.780Z ["[Lighter] Scripts routed to \"/a.js\". \u001b[90mx1\u001b[39m"]
INFO 2014-11-29T22:36:35.782Z ["[Lighter] Styles routed to \"/a.css\". \u001b[90mx1\u001b[39m"]
INFO 2014-11-29T22:36:36.658Z ["[Lighter] Views loaded. \u001b[90mx30\u001b[39m"]
INFO 2014-11-29T22:36:37.743Z ["[Lighter] Publics loaded. \u001b[90mx48\u001b[39m"]
INFO 2014-11-29T22:36:37.758Z ["[D6] Views routed to \"/d6.js\"."]
WARN 2014-11-29T22:36:40.792Z ["[Lighter] Changed: \"~/Workspace/chug/package.json\"."]
INFO 2014-11-29T22:36:41.558Z ["[Lighter] Models loaded. \u001b[90mx0\u001b[39m"]
INFO 2014-11-29T22:36:41.567Z ["[Lighter] Scripts routed to \"/sly.js\". \u001b[90mx1\u001b[39m"]
INFO 2014-11-29T22:36:41.567Z ["[Lighter] Styles routed to \"/sly.css\". \u001b[90mx1\u001b[39m"]
INFO 2014-11-29T22:36:41.569Z ["[Lighter] Controllers loaded. \u001b[90mx2\u001b[39m"]
INFO 2014-11-29T22:36:41.581Z ["[Lighter] Scripts routed to \"/a.js\". \u001b[90mx1\u001b[39m"]
INFO 2014-11-29T22:36:41.583Z ["[Lighter] Styles routed to \"/a.css\". \u001b[90mx1\u001b[39m"]
INFO 2014-11-29T22:36:42.557Z ["[Lighter] Views loaded. \u001b[90mx30\u001b[39m"]
INFO 2014-11-29T22:36:43.611Z ["[Lighter] Publics loaded. \u001b[90mx48\u001b[39m"]
INFO 2014-11-29T22:36:43.625Z ["[D6] Views routed to \"/d6.js\"."]
WARN 2014-11-29T22:36:46.479Z ["[Lighter] Changed: \"./package.json\"."]
INFO 2014-11-29T22:36:47.248Z ["[Lighter] Models loaded. \u001b[90mx0\u001b[39m"]
INFO 2014-11-29T22:36:47.257Z ["[Lighter] Scripts routed to \"/sly.js\". \u001b[90mx1\u001b[39m"]
INFO 2014-11-29T22:36:47.258Z ["[Lighter] Styles routed to \"/sly.css\". \u001b[90mx1\u001b[39m"]
INFO 2014-11-29T22:36:47.260Z ["[Lighter] Controllers loaded. \u001b[90mx2\u001b[39m"]
INFO 2014-11-29T22:36:47.274Z ["[Lighter] Scripts routed to \"/a.js\". \u001b[90mx1\u001b[39m"]
INFO 2014-11-29T22:36:47.278Z ["[Lighter] Styles routed to \"/a.css\". \u001b[90mx1\u001b[39m"]
INFO 2014-11-29T22:36:48.896Z ["[Lighter] Views loaded. \u001b[90mx30\u001b[39m"]
INFO 2014-11-29T22:36:49.119Z ["[Lighter] Publics loaded. \u001b[90mx48\u001b[39m"]
WARN 2014-11-29T22:36:49.124Z ["[Lighter] Changed: \"~/Workspace/seattle/package.json\"."]
INFO 2014-11-29T22:36:49.883Z ["[Lighter] Models loaded. \u001b[90mx0\u001b[39m"]
INFO 2014-11-29T22:36:49.894Z ["[Lighter] Scripts routed to \"/sly.js\". \u001b[90mx1\u001b[39m"]
INFO 2014-11-29T22:36:49.895Z ["[Lighter] Styles routed to \"/sly.css\". \u001b[90mx1\u001b[39m"]
INFO 2014-11-29T22:36:49.897Z ["[Lighter] Controllers loaded. \u001b[90mx2\u001b[39m"]
INFO 2014-11-29T22:36:49.909Z ["[Lighter] Scripts routed to \"/a.js\". \u001b[90mx1\u001b[39m"]
INFO 2014-11-29T22:36:49.911Z ["[Lighter] Styles routed to \"/a.css\". \u001b[90mx1\u001b[39m"]
INFO 2014-11-29T22:36:50.724Z ["[Lighter] Views loaded. \u001b[90mx30\u001b[39m"]
INFO 2014-11-29T22:36:51.890Z ["[Lighter] Publics loaded. \u001b[90mx48\u001b[39m"]
INFO 2014-11-29T22:36:51.908Z ["[D6] Views routed to \"/d6.js\"."]
WARN 2014-11-29T22:36:52.526Z ["[Lighter] Changed: \"./package.json\"."]
INFO 2014-11-29T22:36:53.285Z ["[Lighter] Models loaded. \u001b[90mx0\u001b[39m"]
INFO 2014-11-29T22:36:53.295Z ["[Lighter] Scripts routed to \"/sly.js\". \u001b[90mx1\u001b[39m"]
INFO 2014-11-29T22:36:53.295Z ["[Lighter] Styles routed to \"/sly.css\". \u001b[90mx1\u001b[39m"]
INFO 2014-11-29T22:36:53.299Z ["[Lighter] Controllers loaded. \u001b[90mx2\u001b[39m"]
INFO 2014-11-29T22:36:53.315Z ["[Lighter] Scripts routed to \"/a.js\". \u001b[90mx1\u001b[39m"]
INFO 2014-11-29T22:36:53.317Z ["[Lighter] Styles routed to \"/a.css\". \u001b[90mx1\u001b[39m"]
INFO 2014-11-29T22:36:54.160Z ["[Lighter] Views loaded. \u001b[90mx30\u001b[39m"]
INFO 2014-11-29T22:36:55.196Z ["[Lighter] Publics loaded. \u001b[90mx48\u001b[39m"]
INFO 2014-11-29T22:36:55.210Z ["[D6] Views routed to \"/d6.js\"."]
WARN 2014-11-29T22:36:58.203Z ["[Lighter] Changed: \"./package.json\"."]
INFO 2014-11-29T22:36:58.951Z ["[Lighter] Models loaded. \u001b[90mx0\u001b[39m"]
INFO 2014-11-29T22:36:58.959Z ["[Lighter] Scripts routed to \"/sly.js\". \u001b[90mx1\u001b[39m"]
INFO 2014-11-29T22:36:58.960Z ["[Lighter] Styles routed to \"/sly.css\". \u001b[90mx1\u001b[39m"]
INFO 2014-11-29T22:36:58.962Z ["[Lighter] Controllers loaded. \u001b[90mx2\u001b[39m"]
INFO 2014-11-29T22:36:58.973Z ["[Lighter] Scripts routed to \"/a.js\". \u001b[90mx1\u001b[39m"]
INFO 2014-11-29T22:36:58.975Z ["[Lighter] Styles routed to \"/a.css\". \u001b[90mx1\u001b[39m"]
INFO 2014-11-29T22:36:59.829Z ["[Lighter] Views loaded. \u001b[90mx30\u001b[39m"]
