WARN 2014-11-29T22:52:02.956Z ["[Lighter] Changed: \"./package.json\"."]
INFO 2014-11-29T22:52:03.722Z ["[Lighter] Models loaded. \u001b[90mx0\u001b[39m"]
INFO 2014-11-29T22:52:03.730Z ["[Lighter] Scripts routed to \"/sly.js\". \u001b[90mx1\u001b[39m"]
INFO 2014-11-29T22:52:03.731Z ["[Lighter] Styles routed to \"/sly.css\". \u001b[90mx1\u001b[39m"]
INFO 2014-11-29T22:52:03.733Z ["[Lighter] Controllers loaded. \u001b[90mx2\u001b[39m"]
INFO 2014-11-29T22:52:03.748Z ["[Lighter] Scripts routed to \"/a.js\". \u001b[90mx1\u001b[39m"]
INFO 2014-11-29T22:52:03.750Z ["[Lighter] Styles routed to \"/a.css\". \u001b[90mx1\u001b[39m"]
INFO 2014-11-29T22:52:05.630Z ["[Lighter] Views loaded. \u001b[90mx30\u001b[39m"]
INFO 2014-11-29T22:52:05.800Z ["[Lighter] Publics loaded. \u001b[90mx48\u001b[39m"]
INFO 2014-11-29T22:52:05.815Z ["[D6] Views routed to \"/d6.js\"."]
WARN 2014-11-29T22:52:08.924Z ["[Lighter] Changed: \"./package.json\"."]
INFO 2014-11-29T22:52:09.684Z ["[Lighter] Models loaded. \u001b[90mx0\u001b[39m"]
INFO 2014-11-29T22:52:09.693Z ["[Lighter] Scripts routed to \"/sly.js\". \u001b[90mx1\u001b[39m"]
INFO 2014-11-29T22:52:09.693Z ["[Lighter] Styles routed to \"/sly.css\". \u001b[90mx1\u001b[39m"]
INFO 2014-11-29T22:52:09.696Z ["[Lighter] Controllers loaded. \u001b[90mx2\u001b[39m"]
INFO 2014-11-29T22:52:09.708Z ["[Lighter] Scripts routed to \"/a.js\". \u001b[90mx1\u001b[39m"]
INFO 2014-11-29T22:52:09.711Z ["[Lighter] Styles routed to \"/a.css\". \u001b[90mx1\u001b[39m"]
INFO 2014-11-29T22:52:10.592Z ["[Lighter] Views loaded. \u001b[90mx30\u001b[39m"]
INFO 2014-11-29T22:52:11.665Z ["[Lighter] Publics loaded. \u001b[90mx48\u001b[39m"]
INFO 2014-11-29T22:52:11.678Z ["[D6] Views routed to \"/d6.js\"."]
WARN 2014-11-29T22:52:14.741Z ["[Lighter] Changed: \"~/Workspace/chug/package.json\"."]
INFO 2014-11-29T22:52:15.505Z ["[Lighter] Models loaded. \u001b[90mx0\u001b[39m"]
INFO 2014-11-29T22:52:15.514Z ["[Lighter] Scripts routed to \"/sly.js\". \u001b[90mx1\u001b[39m"]
INFO 2014-11-29T22:52:15.515Z ["[Lighter] Styles routed to \"/sly.css\". \u001b[90mx1\u001b[39m"]
INFO 2014-11-29T22:52:15.517Z ["[Lighter] Controllers loaded. \u001b[90mx2\u001b[39m"]
INFO 2014-11-29T22:52:15.529Z ["[Lighter] Scripts routed to \"/a.js\". \u001b[90mx1\u001b[39m"]
INFO 2014-11-29T22:52:15.532Z ["[Lighter] Styles routed to \"/a.css\". \u001b[90mx1\u001b[39m"]
INFO 2014-11-29T22:52:17.336Z ["[Lighter] Views loaded. \u001b[90mx30\u001b[39m"]
INFO 2014-11-29T22:52:17.561Z ["[Lighter] Publics loaded. \u001b[90mx48\u001b[39m"]
INFO 2014-11-29T22:52:17.576Z ["[D6] Views routed to \"/d6.js\"."]
WARN 2014-11-29T22:52:20.726Z ["[Lighter] Changed: \"./package.json\"."]
INFO 2014-11-29T22:52:21.489Z ["[Lighter] Models loaded. \u001b[90mx0\u001b[39m"]
INFO 2014-11-29T22:52:21.498Z ["[Lighter] Scripts routed to \"/sly.js\". \u001b[90mx1\u001b[39m"]
INFO 2014-11-29T22:52:21.499Z ["[Lighter] Styles routed to \"/sly.css\". \u001b[90mx1\u001b[39m"]
INFO 2014-11-29T22:52:21.501Z ["[Lighter] Controllers loaded. \u001b[90mx2\u001b[39m"]
INFO 2014-11-29T22:52:21.518Z ["[Lighter] Scripts routed to \"/a.js\". \u001b[90mx1\u001b[39m"]
INFO 2014-11-29T22:52:21.520Z ["[Lighter] Styles routed to \"/a.css\". \u001b[90mx1\u001b[39m"]
INFO 2014-11-29T22:52:23.301Z ["[Lighter] Views loaded. \u001b[90mx30\u001b[39m"]
INFO 2014-11-29T22:52:23.504Z ["[Lighter] Publics loaded. \u001b[90mx48\u001b[39m"]
INFO 2014-11-29T22:52:23.517Z ["[D6] Views routed to \"/d6.js\"."]
WARN 2014-11-29T22:52:26.524Z ["[Lighter] Changed: \"./package.json\"."]
INFO 2014-11-29T22:52:27.285Z ["[Lighter] Models loaded. \u001b[90mx0\u001b[39m"]
INFO 2014-11-29T22:52:27.297Z ["[Lighter] Scripts routed to \"/sly.js\". \u001b[90mx1\u001b[39m"]
INFO 2014-11-29T22:52:27.298Z ["[Lighter] Styles routed to \"/sly.css\". \u001b[90mx1\u001b[39m"]
INFO 2014-11-29T22:52:27.300Z ["[Lighter] Controllers loaded. \u001b[90mx2\u001b[39m"]
INFO 2014-11-29T22:52:27.313Z ["[Lighter] Scripts routed to \"/a.js\". \u001b[90mx1\u001b[39m"]
INFO 2014-11-29T22:52:27.315Z ["[Lighter] Styles routed to \"/a.css\". \u001b[90mx1\u001b[39m"]
INFO 2014-11-29T22:52:28.235Z ["[Lighter] Views loaded. \u001b[90mx30\u001b[39m"]
INFO 2014-11-29T22:52:29.325Z ["[Lighter] Publics loaded. \u001b[90mx48\u001b[39m"]
INFO 2014-11-29T22:52:29.339Z ["[D6] Views routed to \"/d6.js\"."]
WARN 2014-11-29T22:52:32.557Z ["[Lighter] Changed: \"./package.json\"."]
INFO 2014-11-29T22:52:33.325Z ["[Lighter] Models loaded. \u001b[90mx0\u001b[39m"]
INFO 2014-11-29T22:52:33.337Z ["[Lighter] Scripts routed to \"/sly.js\". \u001b[90mx1\u001b[39m"]
INFO 2014-11-29T22:52:33.338Z ["[Lighter] Styles routed to \"/sly.css\". \u001b[90mx1\u001b[39m"]
INFO 2014-11-29T22:52:33.340Z ["[Lighter] Controllers loaded. \u001b[90mx2\u001b[39m"]
INFO 2014-11-29T22:52:33.354Z ["[Lighter] Scripts routed to \"/a.js\". \u001b[90mx1\u001b[39m"]
INFO 2014-11-29T22:52:33.356Z ["[Lighter] Styles routed to \"/a.css\". \u001b[90mx1\u001b[39m"]
INFO 2014-11-29T22:52:34.247Z ["[Lighter] Views loaded. \u001b[90mx30\u001b[39m"]
INFO 2014-11-29T22:52:35.311Z ["[Lighter] Publics loaded. \u001b[90mx48\u001b[39m"]
INFO 2014-11-29T22:52:35.325Z ["[D6] Views routed to \"/d6.js\"."]
WARN 2014-11-29T22:52:38.351Z ["[Lighter] Changed: \"./package.json\"."]
INFO 2014-11-29T22:52:39.099Z ["[Lighter] Models loaded. \u001b[90mx0\u001b[39m"]
INFO 2014-11-29T22:52:39.107Z ["[Lighter] Scripts routed to \"/sly.js\". \u001b[90mx1\u001b[39m"]
INFO 2014-11-29T22:52:39.108Z ["[Lighter] Styles routed to \"/sly.css\". \u001b[90mx1\u001b[39m"]
INFO 2014-11-29T22:52:39.110Z ["[Lighter] Controllers loaded. \u001b[90mx2\u001b[39m"]
INFO 2014-11-29T22:52:39.122Z ["[Lighter] Scripts routed to \"/a.js\". \u001b[90mx1\u001b[39m"]
INFO 2014-11-29T22:52:39.125Z ["[Lighter] Styles routed to \"/a.css\". \u001b[90mx1\u001b[39m"]
INFO 2014-11-29T22:52:39.967Z ["[Lighter] Views loaded. \u001b[90mx30\u001b[39m"]
INFO 2014-11-29T22:52:41.006Z ["[Lighter] Publics loaded. \u001b[90mx48\u001b[39m"]
WARN 2014-11-29T22:52:41.011Z ["[Lighter] Changed: \"~/Workspace/jymin/package.json\"."]
INFO 2014-11-29T22:52:41.763Z ["[Lighter] Models loaded. \u001b[90mx0\u001b[39m"]
INFO 2014-11-29T22:52:41.771Z ["[Lighter] Scripts routed to \"/sly.js\". \u001b[90mx1\u001b[39m"]
INFO 2014-11-29T22:52:41.772Z ["[Lighter] Styles routed to \"/sly.css\". \u001b[90mx1\u001b[39m"]
INFO 2014-11-29T22:52:41.774Z ["[Lighter] Controllers loaded. \u001b[90mx2\u001b[39m"]
INFO 2014-11-29T22:52:41.785Z ["[Lighter] Scripts routed to \"/a.js\". \u001b[90mx1\u001b[39m"]
INFO 2014-11-29T22:52:41.787Z ["[Lighter] Styles routed to \"/a.css\". \u001b[90mx1\u001b[39m"]
INFO 2014-11-29T22:52:42.603Z ["[Lighter] Views loaded. \u001b[90mx30\u001b[39m"]
INFO 2014-11-29T22:52:43.699Z ["[Lighter] Publics loaded. \u001b[90mx48\u001b[39m"]
INFO 2014-11-29T22:52:43.716Z ["[D6] Views routed to \"/d6.js\"."]
WARN 2014-11-29T22:52:43.931Z ["[Lighter] Changed: \"./package.json\"."]
INFO 2014-11-29T22:52:44.690Z ["[Lighter] Models loaded. \u001b[90mx0\u001b[39m"]
INFO 2014-11-29T22:52:44.698Z ["[Lighter] Scripts routed to \"/sly.js\". \u001b[90mx1\u001b[39m"]
INFO 2014-11-29T22:52:44.699Z ["[Lighter] Styles routed to \"/sly.css\". \u001b[90mx1\u001b[39m"]
INFO 2014-11-29T22:52:44.701Z ["[Lighter] Controllers loaded. \u001b[90mx2\u001b[39m"]
INFO 2014-11-29T22:52:44.713Z ["[Lighter] Scripts routed to \"/a.js\". \u001b[90mx1\u001b[39m"]
INFO 2014-11-29T22:52:44.714Z ["[Lighter] Styles routed to \"/a.css\". \u001b[90mx1\u001b[39m"]
INFO 2014-11-29T22:52:46.420Z ["[Lighter] Views loaded. \u001b[90mx30\u001b[39m"]
INFO 2014-11-29T22:52:46.640Z ["[Lighter] Publics loaded. \u001b[90mx48\u001b[39m"]
INFO 2014-11-29T22:52:47.388Z ["[Lighter] Models loaded. \u001b[90mx0\u001b[39m"]
INFO 2014-11-29T22:52:47.396Z ["[Lighter] Scripts routed to \"/sly.js\". \u001b[90mx1\u001b[39m"]
INFO 2014-11-29T22:52:47.397Z ["[Lighter] Styles routed to \"/sly.css\". \u001b[90mx1\u001b[39m"]
INFO 2014-11-29T22:52:47.399Z ["[Lighter] Controllers loaded. \u001b[90mx2\u001b[39m"]
INFO 2014-11-29T22:52:47.410Z ["[Lighter] Scripts routed to \"/a.js\". \u001b[90mx1\u001b[39m"]
INFO 2014-11-29T22:52:47.412Z ["[Lighter] Styles routed to \"/a.css\". \u001b[90mx1\u001b[39m"]
INFO 2014-11-29T22:52:48.549Z ["[Lighter] Publics loaded. \u001b[90mx48\u001b[39m"]
INFO 2014-11-29T22:52:49.386Z ["[Lighter] Views loaded. \u001b[90mx30\u001b[39m"]
INFO 2014-11-29T22:52:49.400Z ["[D6] Views routed to \"/d6.js\"."]
WARN 2014-11-29T22:52:49.656Z ["[Lighter] Changed: \"./package.json\"."]
INFO 2014-11-29T22:52:50.399Z ["[Lighter] Models loaded. \u001b[90mx0\u001b[39m"]
INFO 2014-11-29T22:52:50.408Z ["[Lighter] Scripts routed to \"/sly.js\". \u001b[90mx1\u001b[39m"]
INFO 2014-11-29T22:52:50.409Z ["[Lighter] Styles routed to \"/sly.css\". \u001b[90mx1\u001b[39m"]
INFO 2014-11-29T22:52:50.412Z ["[Lighter] Controllers loaded. \u001b[90mx2\u001b[39m"]
INFO 2014-11-29T22:52:50.424Z ["[Lighter] Scripts routed to \"/a.js\". \u001b[90mx1\u001b[39m"]
INFO 2014-11-29T22:52:50.426Z ["[Lighter] Styles routed to \"/a.css\". \u001b[90mx1\u001b[39m"]
INFO 2014-11-29T22:52:52.287Z ["[Lighter] Views loaded. \u001b[90mx30\u001b[39m"]
INFO 2014-11-29T22:52:52.507Z ["[Lighter] Publics loaded. \u001b[90mx48\u001b[39m"]
INFO 2014-11-29T22:52:53.262Z ["[Lighter] Models loaded. \u001b[90mx0\u001b[39m"]
INFO 2014-11-29T22:52:53.271Z ["[Lighter] Scripts routed to \"/sly.js\". \u001b[90mx1\u001b[39m"]
INFO 2014-11-29T22:52:53.272Z ["[Lighter] Styles routed to \"/sly.css\". \u001b[90mx1\u001b[39m"]
INFO 2014-11-29T22:52:53.274Z ["[Lighter] Controllers loaded. \u001b[90mx2\u001b[39m"]
INFO 2014-11-29T22:52:53.286Z ["[Lighter] Scripts routed to \"/a.js\". \u001b[90mx1\u001b[39m"]
INFO 2014-11-29T22:52:53.287Z ["[Lighter] Styles routed to \"/a.css\". \u001b[90mx1\u001b[39m"]
INFO 2014-11-29T22:52:55.129Z ["[Lighter] Views loaded. \u001b[90mx30\u001b[39m"]
INFO 2014-11-29T22:52:55.298Z ["[Lighter] Publics loaded. \u001b[90mx48\u001b[39m"]
INFO 2014-11-29T22:52:55.313Z ["[D6] Views routed to \"/d6.js\"."]
WARN 2014-11-29T22:52:55.689Z ["[Lighter] Changed: \"./package.json\"."]
INFO 2014-11-29T22:52:56.437Z ["[Lighter] Models loaded. \u001b[90mx0\u001b[39m"]
INFO 2014-11-29T22:52:56.445Z ["[Lighter] Scripts routed to \"/sly.js\". \u001b[90mx1\u001b[39m"]
INFO 2014-11-29T22:52:56.446Z ["[Lighter] Styles routed to \"/sly.css\". \u001b[90mx1\u001b[39m"]
INFO 2014-11-29T22:52:56.448Z ["[Lighter] Controllers loaded. \u001b[90mx2\u001b[39m"]
INFO 2014-11-29T22:52:56.459Z ["[Lighter] Scripts routed to \"/a.js\". \u001b[90mx1\u001b[39m"]
INFO 2014-11-29T22:52:56.461Z ["[Lighter] Styles routed to \"/a.css\". \u001b[90mx1\u001b[39m"]
INFO 2014-11-29T22:52:57.286Z ["[Lighter] Views loaded. \u001b[90mx30\u001b[39m"]
INFO 2014-11-29T22:52:58.318Z ["[Lighter] Publics loaded. \u001b[90mx48\u001b[39m"]
INFO 2014-11-29T22:52:58.332Z ["[D6] Views routed to \"/d6.js\"."]
