INFO 2014-11-29T22:50:00.487Z ["[D6] Views routed to \"/d6.js\"."]
WARN 2014-11-29T22:50:03.637Z ["[Lighter] Changed: \"./package.json\"."]
INFO 2014-11-29T22:50:04.404Z ["[Lighter] Models loaded. \u001b[90mx0\u001b[39m"]
INFO 2014-11-29T22:50:04.415Z ["[Lighter] Scripts routed to \"/sly.js\". \u001b[90mx1\u001b[39m"]
INFO 2014-11-29T22:50:04.415Z ["[Lighter] Styles routed to \"/sly.css\". \u001b[90mx1\u001b[39m"]
INFO 2014-11-29T22:50:04.417Z ["[Lighter] Controllers loaded. \u001b[90mx2\u001b[39m"]
INFO 2014-11-29T22:50:04.434Z ["[Lighter] Scripts routed to \"/a.js\". \u001b[90mx1\u001b[39m"]
INFO 2014-11-29T22:50:04.436Z ["[Lighter] Styles routed to \"/a.css\". \u001b[90mx1\u001b[39m"]
INFO 2014-11-29T22:50:05.326Z ["[Lighter] Views loaded. \u001b[90mx30\u001b[39m"]
INFO 2014-11-29T22:50:06.374Z ["[Lighter] Publics loaded. \u001b[90mx48\u001b[39m"]
INFO 2014-11-29T22:50:06.388Z ["[D6] Views routed to \"/d6.js\"."]
WARN 2014-11-29T22:50:09.652Z ["[Lighter] Changed: \"./package.json\"."]
INFO 2014-11-29T22:50:10.419Z ["[Lighter] Models loaded. \u001b[90mx0\u001b[39m"]
INFO 2014-11-29T22:50:10.428Z ["[Lighter] Scripts routed to \"/sly.js\". \u001b[90mx1\u001b[39m"]
INFO 2014-11-29T22:50:10.428Z ["[Lighter] Styles routed to \"/sly.css\". \u001b[90mx1\u001b[39m"]
INFO 2014-11-29T22:50:10.431Z ["[Lighter] Controllers loaded. \u001b[90mx2\u001b[39m"]
INFO 2014-11-29T22:50:10.443Z ["[Lighter] Scripts routed to \"/a.js\". \u001b[90mx1\u001b[39m"]
INFO 2014-11-29T22:50:10.445Z ["[Lighter] Styles routed to \"/a.css\". \u001b[90mx1\u001b[39m"]
INFO 2014-11-29T22:50:11.337Z ["[Lighter] Views loaded. \u001b[90mx30\u001b[39m"]
INFO 2014-11-29T22:50:12.412Z ["[Lighter] Publics loaded. \u001b[90mx48\u001b[39m"]
INFO 2014-11-29T22:50:12.427Z ["[D6] Views routed to \"/d6.js\"."]
WARN 2014-11-29T22:50:15.606Z ["[Lighter] Changed: \"./package.json\"."]
INFO 2014-11-29T22:50:16.362Z ["[Lighter] Models loaded. \u001b[90mx0\u001b[39m"]
INFO 2014-11-29T22:50:16.373Z ["[Lighter] Scripts routed to \"/sly.js\". \u001b[90mx1\u001b[39m"]
INFO 2014-11-29T22:50:16.374Z ["[Lighter] Styles routed to \"/sly.css\". \u001b[90mx1\u001b[39m"]
INFO 2014-11-29T22:50:16.376Z ["[Lighter] Controllers loaded. \u001b[90mx2\u001b[39m"]
INFO 2014-11-29T22:50:16.388Z ["[Lighter] Scripts routed to \"/a.js\". \u001b[90mx1\u001b[39m"]
INFO 2014-11-29T22:50:16.389Z ["[Lighter] Styles routed to \"/a.css\". \u001b[90mx1\u001b[39m"]
INFO 2014-11-29T22:50:17.277Z ["[Lighter] Views loaded. \u001b[90mx30\u001b[39m"]
INFO 2014-11-29T22:50:18.340Z ["[Lighter] Publics loaded. \u001b[90mx48\u001b[39m"]
INFO 2014-11-29T22:50:18.354Z ["[D6] Views routed to \"/d6.js\"."]
WARN 2014-11-29T22:50:21.612Z ["[Lighter] Changed: \"./package.json\"."]
INFO 2014-11-29T22:50:22.371Z ["[Lighter] Models loaded. \u001b[90mx0\u001b[39m"]
INFO 2014-11-29T22:50:22.381Z ["[Lighter] Scripts routed to \"/sly.js\". \u001b[90mx1\u001b[39m"]
INFO 2014-11-29T22:50:22.382Z ["[Lighter] Styles routed to \"/sly.css\". \u001b[90mx1\u001b[39m"]
INFO 2014-11-29T22:50:22.384Z ["[Lighter] Controllers loaded. \u001b[90mx2\u001b[39m"]
INFO 2014-11-29T22:50:22.395Z ["[Lighter] Scripts routed to \"/a.js\". \u001b[90mx1\u001b[39m"]
INFO 2014-11-29T22:50:22.396Z ["[Lighter] Styles routed to \"/a.css\". \u001b[90mx1\u001b[39m"]
INFO 2014-11-29T22:50:23.489Z ["[Lighter] Publics loaded. \u001b[90mx48\u001b[39m"]
INFO 2014-11-29T22:50:24.365Z ["[Lighter] Views loaded. \u001b[90mx30\u001b[39m"]
INFO 2014-11-29T22:50:24.380Z ["[D6] Views routed to \"/d6.js\"."]
WARN 2014-11-29T22:50:27.464Z ["[Lighter] Changed: \"./package.json\"."]
INFO 2014-11-29T22:50:28.223Z ["[Lighter] Models loaded. \u001b[90mx0\u001b[39m"]
INFO 2014-11-29T22:50:28.233Z ["[Lighter] Scripts routed to \"/sly.js\". \u001b[90mx1\u001b[39m"]
INFO 2014-11-29T22:50:28.234Z ["[Lighter] Styles routed to \"/sly.css\". \u001b[90mx1\u001b[39m"]
INFO 2014-11-29T22:50:28.235Z ["[Lighter] Controllers loaded. \u001b[90mx2\u001b[39m"]
INFO 2014-11-29T22:50:28.246Z ["[Lighter] Scripts routed to \"/a.js\". \u001b[90mx1\u001b[39m"]
INFO 2014-11-29T22:50:28.249Z ["[Lighter] Styles routed to \"/a.css\". \u001b[90mx1\u001b[39m"]
INFO 2014-11-29T22:50:30.157Z ["[Lighter] Views loaded. \u001b[90mx30\u001b[39m"]
INFO 2014-11-29T22:50:30.221Z ["[Lighter] Publics loaded. \u001b[90mx48\u001b[39m"]
INFO 2014-11-29T22:50:30.235Z ["[D6] Views routed to \"/d6.js\"."]
WARN 2014-11-29T22:50:33.438Z ["[Lighter] Changed: \"./package.json\"."]
INFO 2014-11-29T22:50:34.202Z ["[Lighter] Models loaded. \u001b[90mx0\u001b[39m"]
INFO 2014-11-29T22:50:34.211Z ["[Lighter] Scripts routed to \"/sly.js\". \u001b[90mx1\u001b[39m"]
INFO 2014-11-29T22:50:34.212Z ["[Lighter] Styles routed to \"/sly.css\". \u001b[90mx1\u001b[39m"]
INFO 2014-11-29T22:50:34.215Z ["[Lighter] Controllers loaded. \u001b[90mx2\u001b[39m"]
INFO 2014-11-29T22:50:34.227Z ["[Lighter] Scripts routed to \"/a.js\". \u001b[90mx1\u001b[39m"]
INFO 2014-11-29T22:50:34.229Z ["[Lighter] Styles routed to \"/a.css\". \u001b[90mx1\u001b[39m"]
INFO 2014-11-29T22:50:35.123Z ["[Lighter] Views loaded. \u001b[90mx30\u001b[39m"]
INFO 2014-11-29T22:50:36.211Z ["[Lighter] Publics loaded. \u001b[90mx48\u001b[39m"]
INFO 2014-11-29T22:50:36.225Z ["[D6] Views routed to \"/d6.js\"."]
WARN 2014-11-29T22:50:39.448Z ["[Lighter] Changed: \"~/Workspace/chug/package.json\"."]
INFO 2014-11-29T22:50:40.217Z ["[Lighter] Models loaded. \u001b[90mx0\u001b[39m"]
INFO 2014-11-29T22:50:40.224Z ["[Lighter] Scripts routed to \"/sly.js\". \u001b[90mx1\u001b[39m"]
INFO 2014-11-29T22:50:40.225Z ["[Lighter] Styles routed to \"/sly.css\". \u001b[90mx1\u001b[39m"]
INFO 2014-11-29T22:50:40.227Z ["[Lighter] Controllers loaded. \u001b[90mx2\u001b[39m"]
INFO 2014-11-29T22:50:40.240Z ["[Lighter] Scripts routed to \"/a.js\". \u001b[90mx1\u001b[39m"]
INFO 2014-11-29T22:50:40.242Z ["[Lighter] Styles routed to \"/a.css\". \u001b[90mx1\u001b[39m"]
INFO 2014-11-29T22:50:41.993Z ["[Lighter] Views loaded. \u001b[90mx30\u001b[39m"]
INFO 2014-11-29T22:50:42.220Z ["[Lighter] Publics loaded. \u001b[90mx48\u001b[39m"]
INFO 2014-11-29T22:50:42.235Z ["[D6] Views routed to \"/d6.js\"."]
WARN 2014-11-29T22:50:45.356Z ["[Lighter] Changed: \"./package.json\"."]
INFO 2014-11-29T22:50:46.113Z ["[Lighter] Models loaded. \u001b[90mx0\u001b[39m"]
INFO 2014-11-29T22:50:46.120Z ["[Lighter] Scripts routed to \"/sly.js\". \u001b[90mx1\u001b[39m"]
INFO 2014-11-29T22:50:46.121Z ["[Lighter] Styles routed to \"/sly.css\". \u001b[90mx1\u001b[39m"]
INFO 2014-11-29T22:50:46.123Z ["[Lighter] Controllers loaded. \u001b[90mx2\u001b[39m"]
INFO 2014-11-29T22:50:46.135Z ["[Lighter] Scripts routed to \"/a.js\". \u001b[90mx1\u001b[39m"]
INFO 2014-11-29T22:50:46.137Z ["[Lighter] Styles routed to \"/a.css\". \u001b[90mx1\u001b[39m"]
INFO 2014-11-29T22:50:47.291Z ["[Lighter] Publics loaded. \u001b[90mx48\u001b[39m"]
INFO 2014-11-29T22:50:48.162Z ["[Lighter] Views loaded. \u001b[90mx30\u001b[39m"]
INFO 2014-11-29T22:50:48.177Z ["[D6] Views routed to \"/d6.js\"."]
WARN 2014-11-29T22:50:51.425Z ["[Lighter] Changed: \"./package.json\"."]
INFO 2014-11-29T22:50:52.197Z ["[Lighter] Models loaded. \u001b[90mx0\u001b[39m"]
INFO 2014-11-29T22:50:52.206Z ["[Lighter] Scripts routed to \"/sly.js\". \u001b[90mx1\u001b[39m"]
INFO 2014-11-29T22:50:52.207Z ["[Lighter] Styles routed to \"/sly.css\". \u001b[90mx1\u001b[39m"]
INFO 2014-11-29T22:50:52.208Z ["[Lighter] Controllers loaded. \u001b[90mx2\u001b[39m"]
INFO 2014-11-29T22:50:52.220Z ["[Lighter] Scripts routed to \"/a.js\". \u001b[90mx1\u001b[39m"]
INFO 2014-11-29T22:50:52.222Z ["[Lighter] Styles routed to \"/a.css\". \u001b[90mx1\u001b[39m"]
INFO 2014-11-29T22:50:53.961Z ["[Lighter] Views loaded. \u001b[90mx30\u001b[39m"]
INFO 2014-11-29T22:50:54.187Z ["[Lighter] Publics loaded. \u001b[90mx48\u001b[39m"]
INFO 2014-11-29T22:50:54.202Z ["[D6] Views routed to \"/d6.js\"."]
WARN 2014-11-29T22:50:57.349Z ["[Lighter] Changed: \"./package.json\"."]
INFO 2014-11-29T22:50:58.120Z ["[Lighter] Models loaded. \u001b[90mx0\u001b[39m"]
INFO 2014-11-29T22:50:58.129Z ["[Lighter] Scripts routed to \"/sly.js\". \u001b[90mx1\u001b[39m"]
INFO 2014-11-29T22:50:58.130Z ["[Lighter] Styles routed to \"/sly.css\". \u001b[90mx1\u001b[39m"]
INFO 2014-11-29T22:50:58.131Z ["[Lighter] Controllers loaded. \u001b[90mx2\u001b[39m"]
INFO 2014-11-29T22:50:58.143Z ["[Lighter] Scripts routed to \"/a.js\". \u001b[90mx1\u001b[39m"]
INFO 2014-11-29T22:50:58.144Z ["[Lighter] Styles routed to \"/a.css\". \u001b[90mx1\u001b[39m"]
INFO 2014-11-29T22:50:59.952Z ["[Lighter] Views loaded. \u001b[90mx30\u001b[39m"]
INFO 2014-11-29T22:51:00.122Z ["[Lighter] Publics loaded. \u001b[90mx48\u001b[39m"]
