INFO 2014-11-29T22:34:00.407Z ["[Lighter] Models loaded. \u001b[90mx0\u001b[39m"]
INFO 2014-11-29T22:34:00.416Z ["[Lighter] Scripts routed to \"/sly.js\". \u001b[90mx1\u001b[39m"]
INFO 2014-11-29T22:34:00.417Z ["[Lighter] Styles routed to \"/sly.css\". \u001b[90mx1\u001b[39m"]
INFO 2014-11-29T22:34:00.420Z ["[Lighter] Controllers loaded. \u001b[90mx2\u001b[39m"]
INFO 2014-11-29T22:34:00.433Z ["[Lighter] Scripts routed to \"/a.js\". \u001b[90mx1\u001b[39m"]
INFO 2014-11-29T22:34:00.435Z ["[Lighter] Styles routed to \"/a.css\". \u001b[90mx1\u001b[39m"]
INFO 2014-11-29T22:34:02.188Z ["[Lighter] Views loaded. \u001b[90mx30\u001b[39m"]
INFO 2014-11-29T22:34:02.361Z ["[Lighter] Publics loaded. \u001b[90mx48\u001b[39m"]
INFO 2014-11-29T22:34:02.374Z ["[D6] Views routed to \"/d6.js\"."]
WARN 2014-11-29T22:34:05.159Z ["[Lighter] Changed: \"./package.json\"."]
INFO 2014-11-29T22:34:05.932Z ["[Lighter] Models loaded. \u001b[90mx0\u001b[39m"]
INFO 2014-11-29T22:34:05.941Z ["[Lighter] Scripts routed to \"/sly.js\". \u001b[90mx1\u001b[39m"]
INFO 2014-11-29T22:34:05.942Z ["[Lighter] Styles routed to \"/sly.css\". \u001b[90mx1\u001b[39m"]
INFO 2014-11-29T22:34:05.944Z ["[Lighter] Controllers loaded. \u001b[90mx2\u001b[39m"]
INFO 2014-11-29T22:34:05.959Z ["[Lighter] Scripts routed to \"/a.js\". \u001b[90mx1\u001b[39m"]
INFO 2014-11-29T22:34:05.962Z ["[Lighter] Styles routed to \"/a.css\". \u001b[90mx1\u001b[39m"]
INFO 2014-11-29T22:34:07.826Z ["[Lighter] Views loaded. \u001b[90mx30\u001b[39m"]
INFO 2014-11-29T22:34:07.890Z ["[Lighter] Publics loaded. \u001b[90mx48\u001b[39m"]
WARN 2014-11-29T22:34:07.895Z ["[Lighter] Changed: \"~/Workspace/ringer/package.json\"."]
INFO 2014-11-29T22:34:08.645Z ["[Lighter] Models loaded. \u001b[90mx0\u001b[39m"]
INFO 2014-11-29T22:34:08.654Z ["[Lighter] Scripts routed to \"/sly.js\". \u001b[90mx1\u001b[39m"]
INFO 2014-11-29T22:34:08.655Z ["[Lighter] Styles routed to \"/sly.css\". \u001b[90mx1\u001b[39m"]
INFO 2014-11-29T22:34:08.657Z ["[Lighter] Controllers loaded. \u001b[90mx2\u001b[39m"]
INFO 2014-11-29T22:34:08.668Z ["[Lighter] Scripts routed to \"/a.js\". \u001b[90mx1\u001b[39m"]
INFO 2014-11-29T22:34:08.670Z ["[Lighter] Styles routed to \"/a.css\". \u001b[90mx1\u001b[39m"]
INFO 2014-11-29T22:34:09.628Z ["[Lighter] Views loaded. \u001b[90mx30\u001b[39m"]
INFO 2014-11-29T22:34:10.807Z ["[Lighter] Publics loaded. \u001b[90mx48\u001b[39m"]
INFO 2014-11-29T22:34:10.823Z ["[D6] Views routed to \"/d6.js\"."]
WARN 2014-11-29T22:34:11.164Z ["[Lighter] Changed: \"./package.json\"."]
INFO 2014-11-29T22:34:11.919Z ["[Lighter] Models loaded. \u001b[90mx0\u001b[39m"]
INFO 2014-11-29T22:34:11.927Z ["[Lighter] Scripts routed to \"/sly.js\". \u001b[90mx1\u001b[39m"]
INFO 2014-11-29T22:34:11.928Z ["[Lighter] Styles routed to \"/sly.css\". \u001b[90mx1\u001b[39m"]
INFO 2014-11-29T22:34:11.930Z ["[Lighter] Controllers loaded. \u001b[90mx2\u001b[39m"]
INFO 2014-11-29T22:34:11.945Z ["[Lighter] Scripts routed to \"/a.js\". \u001b[90mx1\u001b[39m"]
INFO 2014-11-29T22:34:11.947Z ["[Lighter] Styles routed to \"/a.css\". \u001b[90mx1\u001b[39m"]
INFO 2014-11-29T22:34:13.098Z ["[Lighter] Publics loaded. \u001b[90mx48\u001b[39m"]
INFO 2014-11-29T22:34:13.932Z ["[Lighter] Views loaded. \u001b[90mx30\u001b[39m"]
INFO 2014-11-29T22:34:13.946Z ["[D6] Views routed to \"/d6.js\"."]
WARN 2014-11-29T22:34:16.814Z ["[Lighter] Changed: \"./package.json\"."]
INFO 2014-11-29T22:34:17.558Z ["[Lighter] Models loaded. \u001b[90mx0\u001b[39m"]
INFO 2014-11-29T22:34:17.567Z ["[Lighter] Scripts routed to \"/sly.js\". \u001b[90mx1\u001b[39m"]
INFO 2014-11-29T22:34:17.568Z ["[Lighter] Styles routed to \"/sly.css\". \u001b[90mx1\u001b[39m"]
INFO 2014-11-29T22:34:17.571Z ["[Lighter] Controllers loaded. \u001b[90mx2\u001b[39m"]
INFO 2014-11-29T22:34:17.583Z ["[Lighter] Scripts routed to \"/a.js\". \u001b[90mx1\u001b[39m"]
INFO 2014-11-29T22:34:17.586Z ["[Lighter] Styles routed to \"/a.css\". \u001b[90mx1\u001b[39m"]
INFO 2014-11-29T22:34:19.235Z ["[Lighter] Views loaded. \u001b[90mx30\u001b[39m"]
INFO 2014-11-29T22:34:19.432Z ["[Lighter] Publics loaded. \u001b[90mx48\u001b[39m"]
INFO 2014-11-29T22:34:19.445Z ["[D6] Views routed to \"/d6.js\"."]
WARN 2014-11-29T22:34:22.498Z ["[Lighter] Changed: \"./package.json\"."]
INFO 2014-11-29T22:34:23.251Z ["[Lighter] Models loaded. \u001b[90mx0\u001b[39m"]
INFO 2014-11-29T22:34:23.259Z ["[Lighter] Scripts routed to \"/sly.js\". \u001b[90mx1\u001b[39m"]
INFO 2014-11-29T22:34:23.260Z ["[Lighter] Styles routed to \"/sly.css\". \u001b[90mx1\u001b[39m"]
INFO 2014-11-29T22:34:23.261Z ["[Lighter] Controllers loaded. \u001b[90mx2\u001b[39m"]
INFO 2014-11-29T22:34:23.291Z ["[Lighter] Scripts routed to \"/a.js\". \u001b[90mx1\u001b[39m"]
INFO 2014-11-29T22:34:23.292Z ["[Lighter] Styles routed to \"/a.css\". \u001b[90mx1\u001b[39m"]
INFO 2014-11-29T22:34:25.131Z ["[Lighter] Views loaded. \u001b[90mx30\u001b[39m"]
INFO 2014-11-29T22:34:25.224Z ["[Lighter] Publics loaded. \u001b[90mx48\u001b[39m"]
INFO 2014-11-29T22:34:25.238Z ["[D6] Views routed to \"/d6.js\"."]
WARN 2014-11-29T22:34:28.320Z ["[Lighter] Changed: \"./package.json\"."]
INFO 2014-11-29T22:34:29.080Z ["[Lighter] Models loaded. \u001b[90mx0\u001b[39m"]
INFO 2014-11-29T22:34:29.088Z ["[Lighter] Scripts routed to \"/sly.js\". \u001b[90mx1\u001b[39m"]
INFO 2014-11-29T22:34:29.089Z ["[Lighter] Styles routed to \"/sly.css\". \u001b[90mx1\u001b[39m"]
INFO 2014-11-29T22:34:29.090Z ["[Lighter] Controllers loaded. \u001b[90mx2\u001b[39m"]
INFO 2014-11-29T22:34:29.102Z ["[Lighter] Scripts routed to \"/a.js\". \u001b[90mx1\u001b[39m"]
INFO 2014-11-29T22:34:29.104Z ["[Lighter] Styles routed to \"/a.css\". \u001b[90mx1\u001b[39m"]
INFO 2014-11-29T22:34:30.992Z ["[Lighter] Views loaded. \u001b[90mx30\u001b[39m"]
INFO 2014-11-29T22:34:31.055Z ["[Lighter] Publics loaded. \u001b[90mx48\u001b[39m"]
INFO 2014-11-29T22:34:31.068Z ["[D6] Views routed to \"/d6.js\"."]
WARN 2014-11-29T22:34:34.055Z ["[Lighter] Changed: \"./package.json\"."]
INFO 2014-11-29T22:34:34.827Z ["[Lighter] Models loaded. \u001b[90mx0\u001b[39m"]
INFO 2014-11-29T22:34:34.838Z ["[Lighter] Scripts routed to \"/sly.js\". \u001b[90mx1\u001b[39m"]
INFO 2014-11-29T22:34:34.839Z ["[Lighter] Styles routed to \"/sly.css\". \u001b[90mx1\u001b[39m"]
INFO 2014-11-29T22:34:34.842Z ["[Lighter] Controllers loaded. \u001b[90mx2\u001b[39m"]
INFO 2014-11-29T22:34:34.854Z ["[Lighter] Scripts routed to \"/a.js\". \u001b[90mx1\u001b[39m"]
INFO 2014-11-29T22:34:34.856Z ["[Lighter] Styles routed to \"/a.css\". \u001b[90mx1\u001b[39m"]
INFO 2014-11-29T22:34:36.654Z ["[Lighter] Views loaded. \u001b[90mx30\u001b[39m"]
INFO 2014-11-29T22:34:36.822Z ["[Lighter] Publics loaded. \u001b[90mx48\u001b[39m"]
INFO 2014-11-29T22:34:36.836Z ["[D6] Views routed to \"/d6.js\"."]
WARN 2014-11-29T22:34:39.827Z ["[Lighter] Changed: \"./package.json\"."]
INFO 2014-11-29T22:34:40.579Z ["[Lighter] Models loaded. \u001b[90mx0\u001b[39m"]
INFO 2014-11-29T22:34:40.587Z ["[Lighter] Scripts routed to \"/sly.js\". \u001b[90mx1\u001b[39m"]
INFO 2014-11-29T22:34:40.588Z ["[Lighter] Styles routed to \"/sly.css\". \u001b[90mx1\u001b[39m"]
INFO 2014-11-29T22:34:40.590Z ["[Lighter] Controllers loaded. \u001b[90mx2\u001b[39m"]
INFO 2014-11-29T22:34:40.602Z ["[Lighter] Scripts routed to \"/a.js\". \u001b[90mx1\u001b[39m"]
INFO 2014-11-29T22:34:40.604Z ["[Lighter] Styles routed to \"/a.css\". \u001b[90mx1\u001b[39m"]
INFO 2014-11-29T22:34:42.293Z ["[Lighter] Views loaded. \u001b[90mx30\u001b[39m"]
INFO 2014-11-29T22:34:42.516Z ["[Lighter] Publics loaded. \u001b[90mx48\u001b[39m"]
INFO 2014-11-29T22:34:42.533Z ["[D6] Views routed to \"/d6.js\"."]
WARN 2014-11-29T22:34:45.479Z ["[Lighter] Changed: \"./package.json\"."]
INFO 2014-11-29T22:34:46.277Z ["[Lighter] Models loaded. \u001b[90mx0\u001b[39m"]
INFO 2014-11-29T22:34:46.288Z ["[Lighter] Scripts routed to \"/sly.js\". \u001b[90mx1\u001b[39m"]
INFO 2014-11-29T22:34:46.288Z ["[Lighter] Styles routed to \"/sly.css\". \u001b[90mx1\u001b[39m"]
INFO 2014-11-29T22:34:46.291Z ["[Lighter] Controllers loaded. \u001b[90mx2\u001b[39m"]
INFO 2014-11-29T22:34:46.306Z ["[Lighter] Scripts routed to \"/a.js\". \u001b[90mx1\u001b[39m"]
INFO 2014-11-29T22:34:46.309Z ["[Lighter] Styles routed to \"/a.css\". \u001b[90mx1\u001b[39m"]
INFO 2014-11-29T22:34:47.442Z ["[Lighter] Publics loaded. \u001b[90mx48\u001b[39m"]
INFO 2014-11-29T22:34:48.265Z ["[Lighter] Views loaded. \u001b[90mx30\u001b[39m"]
WARN 2014-11-29T22:34:48.270Z ["[Lighter] Changed: \"~/Workspace/ringer/package.json\"."]
INFO 2014-11-29T22:34:49.025Z ["[Lighter] Models loaded. \u001b[90mx0\u001b[39m"]
INFO 2014-11-29T22:34:49.035Z ["[Lighter] Scripts routed to \"/sly.js\". \u001b[90mx1\u001b[39m"]
INFO 2014-11-29T22:34:49.037Z ["[Lighter] Styles routed to \"/sly.css\". \u001b[90mx1\u001b[39m"]
INFO 2014-11-29T22:34:49.040Z ["[Lighter] Controllers loaded. \u001b[90mx2\u001b[39m"]
INFO 2014-11-29T22:34:49.056Z ["[Lighter] Scripts routed to \"/a.js\". \u001b[90mx1\u001b[39m"]
INFO 2014-11-29T22:34:49.058Z ["[Lighter] Styles routed to \"/a.css\". \u001b[90mx1\u001b[39m"]
INFO 2014-11-29T22:34:49.912Z ["[Lighter] Views loaded. \u001b[90mx30\u001b[39m"]
INFO 2014-11-29T22:34:51.073Z ["[Lighter] Publics loaded. \u001b[90mx48\u001b[39m"]
INFO 2014-11-29T22:34:51.088Z ["[D6] Views routed to \"/d6.js\"."]
WARN 2014-11-29T22:34:51.563Z ["[Lighter] Changed: \"./package.json\"."]
INFO 2014-11-29T22:34:52.317Z ["[Lighter] Models loaded. \u001b[90mx0\u001b[39m"]
INFO 2014-11-29T22:34:52.326Z ["[Lighter] Scripts routed to \"/sly.js\". \u001b[90mx1\u001b[39m"]
INFO 2014-11-29T22:34:52.326Z ["[Lighter] Styles routed to \"/sly.css\". \u001b[90mx1\u001b[39m"]
INFO 2014-11-29T22:34:52.328Z ["[Lighter] Controllers loaded. \u001b[90mx2\u001b[39m"]
INFO 2014-11-29T22:34:52.340Z ["[Lighter] Scripts routed to \"/a.js\". \u001b[90mx1\u001b[39m"]
INFO 2014-11-29T22:34:52.342Z ["[Lighter] Styles routed to \"/a.css\". \u001b[90mx1\u001b[39m"]
INFO 2014-11-29T22:34:54.238Z ["[Lighter] Views loaded. \u001b[90mx30\u001b[39m"]
INFO 2014-11-29T22:34:54.301Z ["[Lighter] Publics loaded. \u001b[90mx48\u001b[39m"]
INFO 2014-11-29T22:34:54.314Z ["[D6] Views routed to \"/d6.js\"."]
WARN 2014-11-29T22:34:57.144Z ["[Lighter] Changed: \"./package.json\"."]
INFO 2014-11-29T22:34:57.895Z ["[Lighter] Models loaded. \u001b[90mx0\u001b[39m"]
INFO 2014-11-29T22:34:57.903Z ["[Lighter] Scripts routed to \"/sly.js\". \u001b[90mx1\u001b[39m"]
INFO 2014-11-29T22:34:57.904Z ["[Lighter] Styles routed to \"/sly.css\". \u001b[90mx1\u001b[39m"]
INFO 2014-11-29T22:34:57.906Z ["[Lighter] Controllers loaded. \u001b[90mx2\u001b[39m"]
INFO 2014-11-29T22:34:57.918Z ["[Lighter] Scripts routed to \"/a.js\". \u001b[90mx1\u001b[39m"]
INFO 2014-11-29T22:34:57.919Z ["[Lighter] Styles routed to \"/a.css\". \u001b[90mx1\u001b[39m"]
INFO 2014-11-29T22:34:59.698Z ["[Lighter] Views loaded. \u001b[90mx30\u001b[39m"]
INFO 2014-11-29T22:34:59.847Z ["[Lighter] Publics loaded. \u001b[90mx48\u001b[39m"]
INFO 2014-11-29T22:34:59.860Z ["[D6] Views routed to \"/d6.js\"."]
