INFO 2014-11-29T22:58:01.401Z ["[Lighter] Models loaded. \u001b[90mx0\u001b[39m"]
INFO 2014-11-29T22:58:01.411Z ["[Lighter] Scripts routed to \"/sly.js\". \u001b[90mx1\u001b[39m"]
INFO 2014-11-29T22:58:01.412Z ["[Lighter] Styles routed to \"/sly.css\". \u001b[90mx1\u001b[39m"]
INFO 2014-11-29T22:58:01.414Z ["[Lighter] Controllers loaded. \u001b[90mx2\u001b[39m"]
INFO 2014-11-29T22:58:01.428Z ["[Lighter] Scripts routed to \"/a.js\". \u001b[90mx1\u001b[39m"]
INFO 2014-11-29T22:58:01.430Z ["[Lighter] Styles routed to \"/a.css\". \u001b[90mx1\u001b[39m"]
INFO 2014-11-29T22:58:02.747Z ["[Lighter] Publics loaded. \u001b[90mx48\u001b[39m"]
INFO 2014-11-29T22:58:03.901Z ["[Lighter] Views loaded. \u001b[90mx30\u001b[39m"]
INFO 2014-11-29T22:58:03.919Z ["[D6] Views routed to \"/d6.js\"."]
WARN 2014-11-29T22:58:04.243Z ["[Lighter] Changed: \"./package.json\"."]
INFO 2014-11-29T22:58:05.028Z ["[Lighter] Models loaded. \u001b[90mx0\u001b[39m"]
INFO 2014-11-29T22:58:05.041Z ["[Lighter] Scripts routed to \"/sly.js\". \u001b[90mx1\u001b[39m"]
INFO 2014-11-29T22:58:05.042Z ["[Lighter] Styles routed to \"/sly.css\". \u001b[90mx1\u001b[39m"]
INFO 2014-11-29T22:58:05.045Z ["[Lighter] Controllers loaded. \u001b[90mx2\u001b[39m"]
INFO 2014-11-29T22:58:05.061Z ["[Lighter] Scripts routed to \"/a.js\". \u001b[90mx1\u001b[39m"]
INFO 2014-11-29T22:58:05.063Z ["[Lighter] Styles routed to \"/a.css\". \u001b[90mx1\u001b[39m"]
INFO 2014-11-29T22:58:07.141Z ["[Lighter] Views loaded. \u001b[90mx30\u001b[39m"]
INFO 2014-11-29T22:58:07.208Z ["[Lighter] Publics loaded. \u001b[90mx48\u001b[39m"]
INFO 2014-11-29T22:58:07.223Z ["[D6] Views routed to \"/d6.js\"."]
WARN 2014-11-29T22:58:10.596Z ["[Lighter] Changed: \"./package.json\"."]
INFO 2014-11-29T22:58:11.354Z ["[Lighter] Models loaded. \u001b[90mx0\u001b[39m"]
INFO 2014-11-29T22:58:11.367Z ["[Lighter] Scripts routed to \"/sly.js\". \u001b[90mx1\u001b[39m"]
INFO 2014-11-29T22:58:11.368Z ["[Lighter] Styles routed to \"/sly.css\". \u001b[90mx1\u001b[39m"]
INFO 2014-11-29T22:58:11.370Z ["[Lighter] Controllers loaded. \u001b[90mx2\u001b[39m"]
INFO 2014-11-29T22:58:11.383Z ["[Lighter] Scripts routed to \"/a.js\". \u001b[90mx1\u001b[39m"]
INFO 2014-11-29T22:58:11.385Z ["[Lighter] Styles routed to \"/a.css\". \u001b[90mx1\u001b[39m"]
INFO 2014-11-29T22:58:12.659Z ["[Lighter] Publics loaded. \u001b[90mx48\u001b[39m"]
INFO 2014-11-29T22:58:13.659Z ["[Lighter] Views loaded. \u001b[90mx30\u001b[39m"]
INFO 2014-11-29T22:58:13.679Z ["[D6] Views routed to \"/d6.js\"."]
WARN 2014-11-29T22:58:17.001Z ["[Lighter] Changed: \"./package.json\"."]
INFO 2014-11-29T22:58:17.774Z ["[Lighter] Models loaded. \u001b[90mx0\u001b[39m"]
INFO 2014-11-29T22:58:17.785Z ["[Lighter] Scripts routed to \"/sly.js\". \u001b[90mx1\u001b[39m"]
INFO 2014-11-29T22:58:17.786Z ["[Lighter] Styles routed to \"/sly.css\". \u001b[90mx1\u001b[39m"]
INFO 2014-11-29T22:58:17.787Z ["[Lighter] Controllers loaded. \u001b[90mx2\u001b[39m"]
INFO 2014-11-29T22:58:17.799Z ["[Lighter] Scripts routed to \"/a.js\". \u001b[90mx1\u001b[39m"]
INFO 2014-11-29T22:58:17.800Z ["[Lighter] Styles routed to \"/a.css\". \u001b[90mx1\u001b[39m"]
INFO 2014-11-29T22:58:18.755Z ["[Lighter] Views loaded. \u001b[90mx30\u001b[39m"]
INFO 2014-11-29T22:58:19.890Z ["[Lighter] Publics loaded. \u001b[90mx48\u001b[39m"]
INFO 2014-11-29T22:58:19.906Z ["[D6] Views routed to \"/d6.js\"."]
WARN 2014-11-29T22:58:23.262Z ["[Lighter] Changed: \"./package.json\"."]
INFO 2014-11-29T22:58:24.121Z ["[Lighter] Models loaded. \u001b[90mx0\u001b[39m"]
INFO 2014-11-29T22:58:24.132Z ["[Lighter] Scripts routed to \"/sly.js\". \u001b[90mx1\u001b[39m"]
INFO 2014-11-29T22:58:24.133Z ["[Lighter] Styles routed to \"/sly.css\". \u001b[90mx1\u001b[39m"]
INFO 2014-11-29T22:58:24.135Z ["[Lighter] Controllers loaded. \u001b[90mx2\u001b[39m"]
INFO 2014-11-29T22:58:24.153Z ["[Lighter] Scripts routed to \"/a.js\". \u001b[90mx1\u001b[39m"]
INFO 2014-11-29T22:58:24.173Z ["[Lighter] Styles routed to \"/a.css\". \u001b[90mx1\u001b[39m"]
INFO 2014-11-29T22:58:26.115Z ["[Lighter] Views loaded. \u001b[90mx30\u001b[39m"]
INFO 2014-11-29T22:58:26.324Z ["[Lighter] Publics loaded. \u001b[90mx48\u001b[39m"]
INFO 2014-11-29T22:58:27.097Z ["[Lighter] Models loaded. \u001b[90mx0\u001b[39m"]
INFO 2014-11-29T22:58:27.106Z ["[Lighter] Scripts routed to \"/sly.js\". \u001b[90mx1\u001b[39m"]
INFO 2014-11-29T22:58:27.106Z ["[Lighter] Styles routed to \"/sly.css\". \u001b[90mx1\u001b[39m"]
INFO 2014-11-29T22:58:27.108Z ["[Lighter] Controllers loaded. \u001b[90mx2\u001b[39m"]
INFO 2014-11-29T22:58:27.121Z ["[Lighter] Scripts routed to \"/a.js\". \u001b[90mx1\u001b[39m"]
INFO 2014-11-29T22:58:27.122Z ["[Lighter] Styles routed to \"/a.css\". \u001b[90mx1\u001b[39m"]
INFO 2014-11-29T22:58:29.222Z ["[Lighter] Views loaded. \u001b[90mx30\u001b[39m"]
INFO 2014-11-29T22:58:29.499Z ["[Lighter] Publics loaded. \u001b[90mx48\u001b[39m"]
INFO 2014-11-29T22:58:29.516Z ["[D6] Views routed to \"/d6.js\"."]
WARN 2014-11-29T22:58:30.022Z ["[Lighter] Changed: \"./package.json\"."]
INFO 2014-11-29T22:58:30.796Z ["[Lighter] Models loaded. \u001b[90mx0\u001b[39m"]
INFO 2014-11-29T22:58:30.807Z ["[Lighter] Scripts routed to \"/sly.js\". \u001b[90mx1\u001b[39m"]
INFO 2014-11-29T22:58:30.807Z ["[Lighter] Styles routed to \"/sly.css\". \u001b[90mx1\u001b[39m"]
INFO 2014-11-29T22:58:30.810Z ["[Lighter] Controllers loaded. \u001b[90mx2\u001b[39m"]
INFO 2014-11-29T22:58:30.822Z ["[Lighter] Scripts routed to \"/a.js\". \u001b[90mx1\u001b[39m"]
INFO 2014-11-29T22:58:30.823Z ["[Lighter] Styles routed to \"/a.css\". \u001b[90mx1\u001b[39m"]
INFO 2014-11-29T22:58:32.678Z ["[Lighter] Views loaded. \u001b[90mx30\u001b[39m"]
INFO 2014-11-29T22:58:32.843Z ["[Lighter] Publics loaded. \u001b[90mx48\u001b[39m"]
INFO 2014-11-29T22:58:32.863Z ["[D6] Views routed to \"/d6.js\"."]
WARN 2014-11-29T22:58:36.385Z ["[Lighter] Changed: \"./package.json\"."]
INFO 2014-11-29T22:58:37.189Z ["[Lighter] Models loaded. \u001b[90mx0\u001b[39m"]
INFO 2014-11-29T22:58:37.198Z ["[Lighter] Scripts routed to \"/sly.js\". \u001b[90mx1\u001b[39m"]
INFO 2014-11-29T22:58:37.199Z ["[Lighter] Styles routed to \"/sly.css\". \u001b[90mx1\u001b[39m"]
INFO 2014-11-29T22:58:37.201Z ["[Lighter] Controllers loaded. \u001b[90mx2\u001b[39m"]
INFO 2014-11-29T22:58:37.217Z ["[Lighter] Scripts routed to \"/a.js\". \u001b[90mx1\u001b[39m"]
INFO 2014-11-29T22:58:37.220Z ["[Lighter] Styles routed to \"/a.css\". \u001b[90mx1\u001b[39m"]
INFO 2014-11-29T22:58:39.275Z ["[Lighter] Views loaded. \u001b[90mx30\u001b[39m"]
INFO 2014-11-29T22:58:39.345Z ["[Lighter] Publics loaded. \u001b[90mx48\u001b[39m"]
WARN 2014-11-29T22:58:39.352Z ["[Lighter] Changed: \"~/Workspace/requiry/package.json\"."]
INFO 2014-11-29T22:58:40.120Z ["[Lighter] Models loaded. \u001b[90mx0\u001b[39m"]
INFO 2014-11-29T22:58:40.133Z ["[Lighter] Scripts routed to \"/sly.js\". \u001b[90mx1\u001b[39m"]
INFO 2014-11-29T22:58:40.133Z ["[Lighter] Styles routed to \"/sly.css\". \u001b[90mx1\u001b[39m"]
INFO 2014-11-29T22:58:40.135Z ["[Lighter] Controllers loaded. \u001b[90mx2\u001b[39m"]
INFO 2014-11-29T22:58:40.143Z ["[Lighter] Scripts routed to \"/a.js\". \u001b[90mx1\u001b[39m"]
INFO 2014-11-29T22:58:40.146Z ["[Lighter] Styles routed to \"/a.css\". \u001b[90mx1\u001b[39m"]
INFO 2014-11-29T22:58:42.298Z ["[Lighter] Views loaded. \u001b[90mx30\u001b[39m"]
INFO 2014-11-29T22:58:42.547Z ["[Lighter] Publics loaded. \u001b[90mx48\u001b[39m"]
INFO 2014-11-29T22:58:42.565Z ["[D6] Views routed to \"/d6.js\"."]
WARN 2014-11-29T22:58:42.760Z ["[Lighter] Changed: \"./package.json\"."]
INFO 2014-11-29T22:58:43.522Z ["[Lighter] Models loaded. \u001b[90mx0\u001b[39m"]
INFO 2014-11-29T22:58:43.530Z ["[Lighter] Scripts routed to \"/sly.js\". \u001b[90mx1\u001b[39m"]
INFO 2014-11-29T22:58:43.531Z ["[Lighter] Styles routed to \"/sly.css\". \u001b[90mx1\u001b[39m"]
INFO 2014-11-29T22:58:43.533Z ["[Lighter] Controllers loaded. \u001b[90mx2\u001b[39m"]
INFO 2014-11-29T22:58:43.545Z ["[Lighter] Scripts routed to \"/a.js\". \u001b[90mx1\u001b[39m"]
INFO 2014-11-29T22:58:43.546Z ["[Lighter] Styles routed to \"/a.css\". \u001b[90mx1\u001b[39m"]
INFO 2014-11-29T22:58:45.245Z ["[Lighter] Views loaded. \u001b[90mx30\u001b[39m"]
INFO 2014-11-29T22:58:45.445Z ["[Lighter] Publics loaded. \u001b[90mx48\u001b[39m"]
WARN 2014-11-29T22:58:45.450Z ["[Lighter] Changed: \"~/Workspace/jymin/package.json\"."]
INFO 2014-11-29T22:58:46.202Z ["[Lighter] Models loaded. \u001b[90mx0\u001b[39m"]
INFO 2014-11-29T22:58:46.211Z ["[Lighter] Scripts routed to \"/sly.js\". \u001b[90mx1\u001b[39m"]
INFO 2014-11-29T22:58:46.212Z ["[Lighter] Styles routed to \"/sly.css\". \u001b[90mx1\u001b[39m"]
INFO 2014-11-29T22:58:46.215Z ["[Lighter] Controllers loaded. \u001b[90mx2\u001b[39m"]
INFO 2014-11-29T22:58:46.228Z ["[Lighter] Scripts routed to \"/a.js\". \u001b[90mx1\u001b[39m"]
INFO 2014-11-29T22:58:46.230Z ["[Lighter] Styles routed to \"/a.css\". \u001b[90mx1\u001b[39m"]
INFO 2014-11-29T22:58:47.180Z ["[Lighter] Views loaded. \u001b[90mx30\u001b[39m"]
INFO 2014-11-29T22:58:48.425Z ["[Lighter] Publics loaded. \u001b[90mx48\u001b[39m"]
INFO 2014-11-29T22:58:48.441Z ["[D6] Views routed to \"/d6.js\"."]
WARN 2014-11-29T22:58:48.819Z ["[Lighter] Changed: \"./package.json\"."]
INFO 2014-11-29T22:58:49.577Z ["[Lighter] Models loaded. \u001b[90mx0\u001b[39m"]
INFO 2014-11-29T22:58:49.585Z ["[Lighter] Scripts routed to \"/sly.js\". \u001b[90mx1\u001b[39m"]
INFO 2014-11-29T22:58:49.586Z ["[Lighter] Styles routed to \"/sly.css\". \u001b[90mx1\u001b[39m"]
INFO 2014-11-29T22:58:49.587Z ["[Lighter] Controllers loaded. \u001b[90mx2\u001b[39m"]
INFO 2014-11-29T22:58:49.599Z ["[Lighter] Scripts routed to \"/a.js\". \u001b[90mx1\u001b[39m"]
INFO 2014-11-29T22:58:49.600Z ["[Lighter] Styles routed to \"/a.css\". \u001b[90mx1\u001b[39m"]
INFO 2014-11-29T22:58:51.462Z ["[Lighter] Views loaded. \u001b[90mx30\u001b[39m"]
INFO 2014-11-29T22:58:51.674Z ["[Lighter] Publics loaded. \u001b[90mx48\u001b[39m"]
INFO 2014-11-29T22:58:51.695Z ["[D6] Views routed to \"/d6.js\"."]
WARN 2014-11-29T22:58:55.256Z ["[Lighter] Changed: \"./package.json\"."]
INFO 2014-11-29T22:58:56.114Z ["[Lighter] Models loaded. \u001b[90mx0\u001b[39m"]
INFO 2014-11-29T22:58:56.124Z ["[Lighter] Scripts routed to \"/sly.js\". \u001b[90mx1\u001b[39m"]
INFO 2014-11-29T22:58:56.124Z ["[Lighter] Styles routed to \"/sly.css\". \u001b[90mx1\u001b[39m"]
INFO 2014-11-29T22:58:56.127Z ["[Lighter] Controllers loaded. \u001b[90mx2\u001b[39m"]
INFO 2014-11-29T22:58:56.142Z ["[Lighter] Scripts routed to \"/a.js\". \u001b[90mx1\u001b[39m"]
INFO 2014-11-29T22:58:56.144Z ["[Lighter] Styles routed to \"/a.css\". \u001b[90mx1\u001b[39m"]
INFO 2014-11-29T22:58:57.214Z ["[Lighter] Views loaded. \u001b[90mx30\u001b[39m"]
INFO 2014-11-29T22:58:58.467Z ["[Lighter] Publics loaded. \u001b[90mx48\u001b[39m"]
WARN 2014-11-29T22:58:58.473Z ["[Lighter] Changed: \"~/Workspace/seattle/package.json\"."]
INFO 2014-11-29T22:58:59.268Z ["[Lighter] Models loaded. \u001b[90mx0\u001b[39m"]
INFO 2014-11-29T22:58:59.277Z ["[Lighter] Scripts routed to \"/sly.js\". \u001b[90mx1\u001b[39m"]
INFO 2014-11-29T22:58:59.277Z ["[Lighter] Styles routed to \"/sly.css\". \u001b[90mx1\u001b[39m"]
INFO 2014-11-29T22:58:59.280Z ["[Lighter] Controllers loaded. \u001b[90mx2\u001b[39m"]
INFO 2014-11-29T22:58:59.295Z ["[Lighter] Scripts routed to \"/a.js\". \u001b[90mx1\u001b[39m"]
INFO 2014-11-29T22:58:59.298Z ["[Lighter] Styles routed to \"/a.css\". \u001b[90mx1\u001b[39m"]
