WARN 2014-11-14T23:13:00.594Z ["[Lighter] Exiting due to file change in \"node_modules/cedar/common/json/colorize.js\"."]
WARN 2014-11-14T23:13:00.594Z ["[Lighter] Exiting due to file change in \"node_modules/cedar/common/json/colorize.js\"."]
WARN 2014-11-14T23:13:00.594Z ["[Lighter] Exiting due to file change in \"node_modules/cedar/common/json/colorize.js\"."]
WARN 2014-11-14T23:13:00.594Z ["[Lighter] Exiting due to file change in \"node_modules/cedar/common/json/colorize.js\"."]
WARN 2014-11-14T23:13:00.594Z ["[Lighter] Exiting due to file change in \"node_modules/cedar/common/json/colorize.js\"."]
WARN 2014-11-14T23:13:00.594Z ["[Lighter] Exiting due to file change in \"node_modules/cedar/common/json/colorize.js\"."]
WARN 2014-11-14T23:13:00.595Z ["[Lighter] Exiting due to file change in \"node_modules/cedar/common/json/colorize.js\"."]
WARN 2014-11-14T23:13:00.595Z ["[Lighter] Exiting due to file change in \"node_modules/cedar/common/json/colorize.js\"."]
ERROR 2014-11-14T23:13:00.633Z ["Worker 89790 died."]
INFO 2014-11-14T23:13:01.854Z ["[Lighter] Models loaded. \u001b[90mx0\u001b[39m"]
INFO 2014-11-14T23:13:01.857Z ["[Lighter] Models loaded. \u001b[90mx0\u001b[39m"]
INFO 2014-11-14T23:13:01.861Z ["[Lighter] Models loaded. \u001b[90mx0\u001b[39m"]
INFO 2014-11-14T23:13:01.864Z ["[Lighter] Models loaded. \u001b[90mx0\u001b[39m"]
INFO 2014-11-14T23:13:01.864Z ["[Lighter] Models loaded. \u001b[90mx0\u001b[39m"]
INFO 2014-11-14T23:13:01.869Z ["[Lighter] Models loaded. \u001b[90mx0\u001b[39m"]
INFO 2014-11-14T23:13:01.872Z ["[Lighter] Models loaded. \u001b[90mx0\u001b[39m"]
INFO 2014-11-14T23:13:01.874Z ["[Lighter] Scripts routed to \"/sly.js\". \u001b[90mx1\u001b[39m"]
INFO 2014-11-14T23:13:01.875Z ["[Lighter] Styles routed to \"/sly.css\". \u001b[90mx1\u001b[39m"]
INFO 2014-11-14T23:13:01.876Z ["[Lighter] Models loaded. \u001b[90mx0\u001b[39m"]
INFO 2014-11-14T23:13:01.878Z ["[Lighter] Controllers loaded. \u001b[90mx2\u001b[39m"]
INFO 2014-11-14T23:13:01.882Z ["[Lighter] Scripts routed to \"/sly.js\". \u001b[90mx1\u001b[39m"]
INFO 2014-11-14T23:13:01.883Z ["[Lighter] Styles routed to \"/sly.css\". \u001b[90mx1\u001b[39m"]
INFO 2014-11-14T23:13:01.883Z ["[Lighter] Scripts routed to \"/sly.js\". \u001b[90mx1\u001b[39m"]
INFO 2014-11-14T23:13:01.883Z ["[Lighter] Styles routed to \"/sly.css\". \u001b[90mx1\u001b[39m"]
INFO 2014-11-14T23:13:01.884Z ["[Lighter] Scripts routed to \"/sly.js\". \u001b[90mx1\u001b[39m"]
INFO 2014-11-14T23:13:01.885Z ["[Lighter] Styles routed to \"/sly.css\". \u001b[90mx1\u001b[39m"]
INFO 2014-11-14T23:13:01.886Z ["[Lighter] Controllers loaded. \u001b[90mx2\u001b[39m"]
INFO 2014-11-14T23:13:01.887Z ["[Lighter] Scripts routed to \"/sly.js\". \u001b[90mx1\u001b[39m"]
INFO 2014-11-14T23:13:01.888Z ["[Lighter] Styles routed to \"/sly.css\". \u001b[90mx1\u001b[39m"]
INFO 2014-11-14T23:13:01.888Z ["[Lighter] Controllers loaded. \u001b[90mx2\u001b[39m"]
INFO 2014-11-14T23:13:01.888Z ["[Lighter] Scripts routed to \"/sly.js\". \u001b[90mx1\u001b[39m"]
INFO 2014-11-14T23:13:01.888Z ["[Lighter] Scripts routed to \"/sly.js\". \u001b[90mx1\u001b[39m"]
INFO 2014-11-14T23:13:01.889Z ["[Lighter] Styles routed to \"/sly.css\". \u001b[90mx1\u001b[39m"]
INFO 2014-11-14T23:13:01.889Z ["[Lighter] Styles routed to \"/sly.css\". \u001b[90mx1\u001b[39m"]
INFO 2014-11-14T23:13:01.889Z ["[Lighter] Controllers loaded. \u001b[90mx2\u001b[39m"]
INFO 2014-11-14T23:13:01.891Z ["[Lighter] Controllers loaded. \u001b[90mx2\u001b[39m"]
INFO 2014-11-14T23:13:01.892Z ["[Lighter] Controllers loaded. \u001b[90mx2\u001b[39m"]
INFO 2014-11-14T23:13:01.893Z ["[Lighter] Controllers loaded. \u001b[90mx2\u001b[39m"]
INFO 2014-11-14T23:13:01.896Z ["[Lighter] Scripts routed to \"/sly.js\". \u001b[90mx1\u001b[39m"]
INFO 2014-11-14T23:13:01.896Z ["[Lighter] Styles routed to \"/sly.css\". \u001b[90mx1\u001b[39m"]
INFO 2014-11-14T23:13:01.899Z ["[Lighter] Controllers loaded. \u001b[90mx2\u001b[39m"]
INFO 2014-11-14T23:13:01.912Z ["[Lighter] Scripts routed to \"/a.js\". \u001b[90mx1\u001b[39m"]
INFO 2014-11-14T23:13:01.918Z ["[Lighter] Scripts routed to \"/a.js\". \u001b[90mx1\u001b[39m"]
INFO 2014-11-14T23:13:01.918Z ["[Lighter] Scripts routed to \"/a.js\". \u001b[90mx1\u001b[39m"]
INFO 2014-11-14T23:13:01.931Z ["[Lighter] Styles routed to \"/a.css\". \u001b[90mx1\u001b[39m"]
INFO 2014-11-14T23:13:01.931Z ["[Lighter] Scripts routed to \"/a.js\". \u001b[90mx1\u001b[39m"]
INFO 2014-11-14T23:13:01.933Z ["[Lighter] Scripts routed to \"/a.js\". \u001b[90mx1\u001b[39m"]
INFO 2014-11-14T23:13:01.933Z ["[Lighter] Scripts routed to \"/a.js\". \u001b[90mx1\u001b[39m"]
INFO 2014-11-14T23:13:01.938Z ["[Lighter] Styles routed to \"/a.css\". \u001b[90mx1\u001b[39m"]
INFO 2014-11-14T23:13:01.946Z ["[Lighter] Styles routed to \"/a.css\". \u001b[90mx1\u001b[39m"]
INFO 2014-11-14T23:13:01.948Z ["[Lighter] Scripts routed to \"/a.js\". \u001b[90mx1\u001b[39m"]
INFO 2014-11-14T23:13:01.964Z ["[Lighter] Scripts routed to \"/a.js\". \u001b[90mx1\u001b[39m"]
INFO 2014-11-14T23:13:01.967Z ["[Lighter] Styles routed to \"/a.css\". \u001b[90mx1\u001b[39m"]
INFO 2014-11-14T23:13:01.969Z ["[Lighter] Styles routed to \"/a.css\". \u001b[90mx1\u001b[39m"]
INFO 2014-11-14T23:13:01.972Z ["[Lighter] Styles routed to \"/a.css\". \u001b[90mx1\u001b[39m"]
INFO 2014-11-14T23:13:01.990Z ["[Lighter] Styles routed to \"/a.css\". \u001b[90mx1\u001b[39m"]
INFO 2014-11-14T23:13:01.991Z ["[Lighter] Styles routed to \"/a.css\". \u001b[90mx1\u001b[39m"]
INFO 2014-11-14T23:13:03.822Z ["[Lighter] Publics loaded. \u001b[90mx48\u001b[39m"]
INFO 2014-11-14T23:13:03.871Z ["[Lighter] Publics loaded. \u001b[90mx48\u001b[39m"]
INFO 2014-11-14T23:13:03.872Z ["[Lighter] Publics loaded. \u001b[90mx48\u001b[39m"]
INFO 2014-11-14T23:13:04.008Z ["[Lighter] Publics loaded. \u001b[90mx48\u001b[39m"]
INFO 2014-11-14T23:13:05.600Z ["[Lighter] Views loaded. \u001b[90mx30\u001b[39m"]
INFO 2014-11-14T23:13:05.723Z ["[Lighter] Views loaded. \u001b[90mx30\u001b[39m"]
INFO 2014-11-14T23:13:05.735Z ["[Lighter] Views loaded. \u001b[90mx30\u001b[39m"]
INFO 2014-11-14T23:13:05.741Z ["[Lighter] Views loaded. \u001b[90mx30\u001b[39m"]
INFO 2014-11-14T23:13:05.840Z ["[Lighter] Publics loaded. \u001b[90mx48\u001b[39m"]
INFO 2014-11-14T23:13:05.854Z ["[Lighter] Publics loaded. \u001b[90mx48\u001b[39m"]
INFO 2014-11-14T23:13:05.873Z ["[Lighter] Views loaded. \u001b[90mx30\u001b[39m"]
INFO 2014-11-14T23:13:05.875Z ["[Lighter] Publics loaded. \u001b[90mx48\u001b[39m"]
INFO 2014-11-14T23:13:05.893Z ["[Lighter] Publics loaded. \u001b[90mx48\u001b[39m"]
INFO 2014-11-14T23:13:05.919Z ["[Lighter] Views loaded. \u001b[90mx30\u001b[39m"]
INFO 2014-11-14T23:13:05.920Z ["[Lighter] Views loaded. \u001b[90mx30\u001b[39m"]
INFO 2014-11-14T23:13:05.938Z ["[D6] Views routed to \"/d6.js\"."]
INFO 2014-11-14T23:13:05.940Z ["[D6] Views routed to \"/d6.js\"."]
INFO 2014-11-14T23:13:05.945Z ["[D6] Views routed to \"/d6.js\"."]
INFO 2014-11-14T23:13:05.946Z ["[D6] Views routed to \"/d6.js\"."]
INFO 2014-11-14T23:13:05.955Z ["[D6] Views routed to \"/d6.js\"."]
INFO 2014-11-14T23:13:05.955Z ["[D6] Views routed to \"/d6.js\"."]
INFO 2014-11-14T23:13:05.959Z ["[D6] Views routed to \"/d6.js\"."]
INFO 2014-11-14T23:13:06.042Z ["[Lighter] Views loaded. \u001b[90mx30\u001b[39m"]
INFO 2014-11-14T23:13:06.059Z ["[D6] Views routed to \"/d6.js\"."]
WARN 2014-11-14T23:13:07.033Z ["[Lighter] Exiting due to file change in \"node_modules/cedar/common/json/colorize.js\"."]
WARN 2014-11-14T23:13:07.034Z ["[Lighter] Exiting due to file change in \"node_modules/cedar/common/json/colorize.js\"."]
WARN 2014-11-14T23:13:07.034Z ["[Lighter] Exiting due to file change in \"node_modules/cedar/common/json/colorize.js\"."]
WARN 2014-11-14T23:13:07.034Z ["[Lighter] Exiting due to file change in \"node_modules/cedar/common/json/colorize.js\"."]
WARN 2014-11-14T23:13:07.034Z ["[Lighter] Exiting due to file change in \"node_modules/cedar/common/json/colorize.js\"."]
WARN 2014-11-14T23:13:07.034Z ["[Lighter] Exiting due to file change in \"node_modules/cedar/common/json/colorize.js\"."]
WARN 2014-11-14T23:13:07.034Z ["[Lighter] Exiting due to file change in \"node_modules/cedar/common/json/colorize.js\"."]
WARN 2014-11-14T23:13:07.035Z ["[Lighter] Exiting due to file change in \"node_modules/cedar/common/json/colorize.js\"."]
ERROR 2014-11-14T23:13:07.066Z ["Worker 89797 died."]
INFO 2014-11-14T23:13:08.236Z ["[Lighter] Models loaded. \u001b[90mx0\u001b[39m"]
INFO 2014-11-14T23:13:08.244Z ["[Lighter] Models loaded. \u001b[90mx0\u001b[39m"]
INFO 2014-11-14T23:13:08.249Z ["[Lighter] Models loaded. \u001b[90mx0\u001b[39m"]
INFO 2014-11-14T23:13:08.250Z ["[Lighter] Models loaded. \u001b[90mx0\u001b[39m"]
INFO 2014-11-14T23:13:08.251Z ["[Lighter] Models loaded. \u001b[90mx0\u001b[39m"]
INFO 2014-11-14T23:13:08.256Z ["[Lighter] Models loaded. \u001b[90mx0\u001b[39m"]
INFO 2014-11-14T23:13:08.258Z ["[Lighter] Scripts routed to \"/sly.js\". \u001b[90mx1\u001b[39m"]
INFO 2014-11-14T23:13:08.259Z ["[Lighter] Styles routed to \"/sly.css\". \u001b[90mx1\u001b[39m"]
INFO 2014-11-14T23:13:08.263Z ["[Lighter] Controllers loaded. \u001b[90mx2\u001b[39m"]
INFO 2014-11-14T23:13:08.265Z ["[Lighter] Scripts routed to \"/sly.js\". \u001b[90mx1\u001b[39m"]
INFO 2014-11-14T23:13:08.266Z ["[Lighter] Scripts routed to \"/sly.js\". \u001b[90mx1\u001b[39m"]
INFO 2014-11-14T23:13:08.267Z ["[Lighter] Styles routed to \"/sly.css\". \u001b[90mx1\u001b[39m"]
INFO 2014-11-14T23:13:08.268Z ["[Lighter] Scripts routed to \"/sly.js\". \u001b[90mx1\u001b[39m"]
INFO 2014-11-14T23:13:08.269Z ["[Lighter] Styles routed to \"/sly.css\". \u001b[90mx1\u001b[39m"]
INFO 2014-11-14T23:13:08.270Z ["[Lighter] Controllers loaded. \u001b[90mx2\u001b[39m"]
INFO 2014-11-14T23:13:08.271Z ["[Lighter] Styles routed to \"/sly.css\". \u001b[90mx1\u001b[39m"]
INFO 2014-11-14T23:13:08.273Z ["[Lighter] Scripts routed to \"/sly.js\". \u001b[90mx1\u001b[39m"]
INFO 2014-11-14T23:13:08.274Z ["[Lighter] Controllers loaded. \u001b[90mx2\u001b[39m"]
INFO 2014-11-14T23:13:08.274Z ["[Lighter] Controllers loaded. \u001b[90mx2\u001b[39m"]
INFO 2014-11-14T23:13:08.275Z ["[Lighter] Models loaded. \u001b[90mx0\u001b[39m"]
INFO 2014-11-14T23:13:08.276Z ["[Lighter] Styles routed to \"/sly.css\". \u001b[90mx1\u001b[39m"]
INFO 2014-11-14T23:13:08.281Z ["[Lighter] Scripts routed to \"/sly.js\". \u001b[90mx1\u001b[39m"]
INFO 2014-11-14T23:13:08.282Z ["[Lighter] Controllers loaded. \u001b[90mx2\u001b[39m"]
INFO 2014-11-14T23:13:08.282Z ["[Lighter] Styles routed to \"/sly.css\". \u001b[90mx1\u001b[39m"]
INFO 2014-11-14T23:13:08.287Z ["[Lighter] Models loaded. \u001b[90mx0\u001b[39m"]
INFO 2014-11-14T23:13:08.288Z ["[Lighter] Scripts routed to \"/sly.js\". \u001b[90mx1\u001b[39m"]
INFO 2014-11-14T23:13:08.288Z ["[Lighter] Styles routed to \"/sly.css\". \u001b[90mx1\u001b[39m"]
INFO 2014-11-14T23:13:08.289Z ["[Lighter] Controllers loaded. \u001b[90mx2\u001b[39m"]
INFO 2014-11-14T23:13:08.291Z ["[Lighter] Controllers loaded. \u001b[90mx2\u001b[39m"]
INFO 2014-11-14T23:13:08.300Z ["[Lighter] Scripts routed to \"/a.js\". \u001b[90mx1\u001b[39m"]
INFO 2014-11-14T23:13:08.303Z ["[Lighter] Scripts routed to \"/a.js\". \u001b[90mx1\u001b[39m"]
INFO 2014-11-14T23:13:08.304Z ["[Lighter] Styles routed to \"/a.css\". \u001b[90mx1\u001b[39m"]
INFO 2014-11-14T23:13:08.308Z ["[Lighter] Scripts routed to \"/a.js\". \u001b[90mx1\u001b[39m"]
INFO 2014-11-14T23:13:08.310Z ["[Lighter] Scripts routed to \"/sly.js\". \u001b[90mx1\u001b[39m"]
INFO 2014-11-14T23:13:08.310Z ["[Lighter] Scripts routed to \"/a.js\". \u001b[90mx1\u001b[39m"]
INFO 2014-11-14T23:13:08.311Z ["[Lighter] Styles routed to \"/a.css\". \u001b[90mx1\u001b[39m"]
INFO 2014-11-14T23:13:08.313Z ["[Lighter] Scripts routed to \"/a.js\". \u001b[90mx1\u001b[39m"]
INFO 2014-11-14T23:13:08.317Z ["[Lighter] Styles routed to \"/sly.css\". \u001b[90mx1\u001b[39m"]
INFO 2014-11-14T23:13:08.319Z ["[Lighter] Controllers loaded. \u001b[90mx2\u001b[39m"]
INFO 2014-11-14T23:13:08.322Z ["[Lighter] Styles routed to \"/a.css\". \u001b[90mx1\u001b[39m"]
INFO 2014-11-14T23:13:08.326Z ["[Lighter] Scripts routed to \"/a.js\". \u001b[90mx1\u001b[39m"]
INFO 2014-11-14T23:13:08.339Z ["[Lighter] Styles routed to \"/a.css\". \u001b[90mx1\u001b[39m"]
INFO 2014-11-14T23:13:08.339Z ["[Lighter] Styles routed to \"/a.css\". \u001b[90mx1\u001b[39m"]
INFO 2014-11-14T23:13:08.357Z ["[Lighter] Styles routed to \"/a.css\". \u001b[90mx1\u001b[39m"]
INFO 2014-11-14T23:13:08.384Z ["[Lighter] Scripts routed to \"/a.js\". \u001b[90mx1\u001b[39m"]
INFO 2014-11-14T23:13:08.387Z ["[Lighter] Styles routed to \"/a.css\". \u001b[90mx1\u001b[39m"]
INFO 2014-11-14T23:13:08.394Z ["[Lighter] Scripts routed to \"/a.js\". \u001b[90mx1\u001b[39m"]
INFO 2014-11-14T23:13:08.398Z ["[Lighter] Styles routed to \"/a.css\". \u001b[90mx1\u001b[39m"]
INFO 2014-11-14T23:13:10.185Z ["[Lighter] Publics loaded. \u001b[90mx48\u001b[39m"]
INFO 2014-11-14T23:13:10.211Z ["[Lighter] Publics loaded. \u001b[90mx48\u001b[39m"]
INFO 2014-11-14T23:13:10.241Z ["[Lighter] Publics loaded. \u001b[90mx48\u001b[39m"]
INFO 2014-11-14T23:13:10.437Z ["[Lighter] Publics loaded. \u001b[90mx48\u001b[39m"]
INFO 2014-11-14T23:13:11.784Z ["[Lighter] Views loaded. \u001b[90mx30\u001b[39m"]
INFO 2014-11-14T23:13:12.060Z ["[Lighter] Views loaded. \u001b[90mx30\u001b[39m"]
INFO 2014-11-14T23:13:12.092Z ["[Lighter] Views loaded. \u001b[90mx30\u001b[39m"]
INFO 2014-11-14T23:13:12.099Z ["[Lighter] Publics loaded. \u001b[90mx48\u001b[39m"]
INFO 2014-11-14T23:13:12.126Z ["[D6] Views routed to \"/d6.js\"."]
INFO 2014-11-14T23:13:12.186Z ["[Lighter] Views loaded. \u001b[90mx30\u001b[39m"]
INFO 2014-11-14T23:13:12.209Z ["[D6] Views routed to \"/d6.js\"."]
INFO 2014-11-14T23:13:12.212Z ["[Lighter] Views loaded. \u001b[90mx30\u001b[39m"]
INFO 2014-11-14T23:13:12.218Z ["[Lighter] Views loaded. \u001b[90mx30\u001b[39m"]
INFO 2014-11-14T23:13:12.225Z ["[Lighter] Views loaded. \u001b[90mx30\u001b[39m"]
INFO 2014-11-14T23:13:12.236Z ["[D6] Views routed to \"/d6.js\"."]
INFO 2014-11-14T23:13:12.237Z ["[Lighter] Publics loaded. \u001b[90mx48\u001b[39m"]
INFO 2014-11-14T23:13:12.255Z ["[D6] Views routed to \"/d6.js\"."]
INFO 2014-11-14T23:13:12.264Z ["[D6] Views routed to \"/d6.js\"."]
INFO 2014-11-14T23:13:12.301Z ["[Lighter] Publics loaded. \u001b[90mx48\u001b[39m"]
INFO 2014-11-14T23:13:12.321Z ["[D6] Views routed to \"/d6.js\"."]
INFO 2014-11-14T23:13:12.332Z ["[Lighter] Publics loaded. \u001b[90mx48\u001b[39m"]
INFO 2014-11-14T23:13:12.358Z ["[D6] Views routed to \"/d6.js\"."]
INFO 2014-11-14T23:13:12.401Z ["[Lighter] Views loaded. \u001b[90mx30\u001b[39m"]
INFO 2014-11-14T23:13:12.418Z ["[D6] Views routed to \"/d6.js\"."]
WARN 2014-11-14T23:13:37.717Z ["[Lighter] Exiting due to file change in \"node_modules/cedar/common/json/colorize.js\"."]
WARN 2014-11-14T23:13:37.717Z ["[Lighter] Exiting due to file change in \"node_modules/cedar/common/json/colorize.js\"."]
WARN 2014-11-14T23:13:37.717Z ["[Lighter] Exiting due to file change in \"node_modules/cedar/common/json/colorize.js\"."]
WARN 2014-11-14T23:13:37.717Z ["[Lighter] Exiting due to file change in \"node_modules/cedar/common/json/colorize.js\"."]
WARN 2014-11-14T23:13:37.717Z ["[Lighter] Exiting due to file change in \"node_modules/cedar/common/json/colorize.js\"."]
WARN 2014-11-14T23:13:37.718Z ["[Lighter] Exiting due to file change in \"node_modules/cedar/common/json/colorize.js\"."]
WARN 2014-11-14T23:13:37.718Z ["[Lighter] Exiting due to file change in \"node_modules/cedar/common/json/colorize.js\"."]
WARN 2014-11-14T23:13:37.718Z ["[Lighter] Exiting due to file change in \"node_modules/cedar/common/json/colorize.js\"."]
ERROR 2014-11-14T23:13:37.751Z ["Worker 89811 died."]
INFO 2014-11-14T23:13:39.023Z ["[Lighter] Models loaded. \u001b[90mx0\u001b[39m"]
INFO 2014-11-14T23:13:39.027Z ["[Lighter] Models loaded. \u001b[90mx0\u001b[39m"]
INFO 2014-11-14T23:13:39.032Z ["[Lighter] Models loaded. \u001b[90mx0\u001b[39m"]
INFO 2014-11-14T23:13:39.047Z ["[Lighter] Scripts routed to \"/sly.js\". \u001b[90mx1\u001b[39m"]
INFO 2014-11-14T23:13:39.047Z ["[Lighter] Models loaded. \u001b[90mx0\u001b[39m"]
INFO 2014-11-14T23:13:39.047Z ["[Lighter] Styles routed to \"/sly.css\". \u001b[90mx1\u001b[39m"]
INFO 2014-11-14T23:13:39.048Z ["[Lighter] Models loaded. \u001b[90mx0\u001b[39m"]
INFO 2014-11-14T23:13:39.050Z ["[Lighter] Controllers loaded. \u001b[90mx2\u001b[39m"]
INFO 2014-11-14T23:13:39.050Z ["[Lighter] Models loaded. \u001b[90mx0\u001b[39m"]
INFO 2014-11-14T23:13:39.053Z ["[Lighter] Models loaded. \u001b[90mx0\u001b[39m"]
INFO 2014-11-14T23:13:39.056Z ["[Lighter] Models loaded. \u001b[90mx0\u001b[39m"]
INFO 2014-11-14T23:13:39.058Z ["[Lighter] Scripts routed to \"/sly.js\". \u001b[90mx1\u001b[39m"]
INFO 2014-11-14T23:13:39.060Z ["[Lighter] Scripts routed to \"/sly.js\". \u001b[90mx1\u001b[39m"]
INFO 2014-11-14T23:13:39.062Z ["[Lighter] Styles routed to \"/sly.css\". \u001b[90mx1\u001b[39m"]
INFO 2014-11-14T23:13:39.062Z ["[Lighter] Styles routed to \"/sly.css\". \u001b[90mx1\u001b[39m"]
INFO 2014-11-14T23:13:39.064Z ["[Lighter] Controllers loaded. \u001b[90mx2\u001b[39m"]
INFO 2014-11-14T23:13:39.066Z ["[Lighter] Scripts routed to \"/sly.js\". \u001b[90mx1\u001b[39m"]
INFO 2014-11-14T23:13:39.066Z ["[Lighter] Styles routed to \"/sly.css\". \u001b[90mx1\u001b[39m"]
INFO 2014-11-14T23:13:39.066Z ["[Lighter] Scripts routed to \"/sly.js\". \u001b[90mx1\u001b[39m"]
INFO 2014-11-14T23:13:39.067Z ["[Lighter] Scripts routed to \"/sly.js\". \u001b[90mx1\u001b[39m"]
INFO 2014-11-14T23:13:39.068Z ["[Lighter] Controllers loaded. \u001b[90mx2\u001b[39m"]
INFO 2014-11-14T23:13:39.069Z ["[Lighter] Styles routed to \"/sly.css\". \u001b[90mx1\u001b[39m"]
INFO 2014-11-14T23:13:39.069Z ["[Lighter] Controllers loaded. \u001b[90mx2\u001b[39m"]
INFO 2014-11-14T23:13:39.070Z ["[Lighter] Scripts routed to \"/sly.js\". \u001b[90mx1\u001b[39m"]
INFO 2014-11-14T23:13:39.070Z ["[Lighter] Styles routed to \"/sly.css\". \u001b[90mx1\u001b[39m"]
INFO 2014-11-14T23:13:39.071Z ["[Lighter] Styles routed to \"/sly.css\". \u001b[90mx1\u001b[39m"]
INFO 2014-11-14T23:13:39.072Z ["[Lighter] Controllers loaded. \u001b[90mx2\u001b[39m"]
INFO 2014-11-14T23:13:39.073Z ["[Lighter] Controllers loaded. \u001b[90mx2\u001b[39m"]
INFO 2014-11-14T23:13:39.075Z ["[Lighter] Controllers loaded. \u001b[90mx2\u001b[39m"]
INFO 2014-11-14T23:13:39.082Z ["[Lighter] Scripts routed to \"/sly.js\". \u001b[90mx1\u001b[39m"]
INFO 2014-11-14T23:13:39.083Z ["[Lighter] Styles routed to \"/sly.css\". \u001b[90mx1\u001b[39m"]
INFO 2014-11-14T23:13:39.086Z ["[Lighter] Controllers loaded. \u001b[90mx2\u001b[39m"]
INFO 2014-11-14T23:13:39.095Z ["[Lighter] Scripts routed to \"/a.js\". \u001b[90mx1\u001b[39m"]
INFO 2014-11-14T23:13:39.101Z ["[Lighter] Styles routed to \"/a.css\". \u001b[90mx1\u001b[39m"]
INFO 2014-11-14T23:13:39.111Z ["[Lighter] Scripts routed to \"/a.js\". \u001b[90mx1\u001b[39m"]
INFO 2014-11-14T23:13:39.122Z ["[Lighter] Scripts routed to \"/a.js\". \u001b[90mx1\u001b[39m"]
INFO 2014-11-14T23:13:39.125Z ["[Lighter] Scripts routed to \"/a.js\". \u001b[90mx1\u001b[39m"]
INFO 2014-11-14T23:13:39.128Z ["[Lighter] Styles routed to \"/a.css\". \u001b[90mx1\u001b[39m"]
INFO 2014-11-14T23:13:39.128Z ["[Lighter] Styles routed to \"/a.css\". \u001b[90mx1\u001b[39m"]
INFO 2014-11-14T23:13:39.134Z ["[Lighter] Scripts routed to \"/a.js\". \u001b[90mx1\u001b[39m"]
INFO 2014-11-14T23:13:39.137Z ["[Lighter] Scripts routed to \"/a.js\". \u001b[90mx1\u001b[39m"]
INFO 2014-11-14T23:13:39.138Z ["[Lighter] Scripts routed to \"/a.js\". \u001b[90mx1\u001b[39m"]
INFO 2014-11-14T23:13:39.138Z ["[Lighter] Styles routed to \"/a.css\". \u001b[90mx1\u001b[39m"]
INFO 2014-11-14T23:13:39.141Z ["[Lighter] Styles routed to \"/a.css\". \u001b[90mx1\u001b[39m"]
INFO 2014-11-14T23:13:39.150Z ["[Lighter] Styles routed to \"/a.css\". \u001b[90mx1\u001b[39m"]
INFO 2014-11-14T23:13:39.155Z ["[Lighter] Styles routed to \"/a.css\". \u001b[90mx1\u001b[39m"]
INFO 2014-11-14T23:13:39.183Z ["[Lighter] Scripts routed to \"/a.js\". \u001b[90mx1\u001b[39m"]
INFO 2014-11-14T23:13:39.188Z ["[Lighter] Styles routed to \"/a.css\". \u001b[90mx1\u001b[39m"]
INFO 2014-11-14T23:13:41.074Z ["[Lighter] Publics loaded. \u001b[90mx48\u001b[39m"]
INFO 2014-11-14T23:13:41.152Z ["[Lighter] Publics loaded. \u001b[90mx48\u001b[39m"]
INFO 2014-11-14T23:13:41.155Z ["[Lighter] Publics loaded. \u001b[90mx48\u001b[39m"]
INFO 2014-11-14T23:13:41.178Z ["[Lighter] Publics loaded. \u001b[90mx48\u001b[39m"]
INFO 2014-11-14T23:13:43.086Z ["[Lighter] Views loaded. \u001b[90mx30\u001b[39m"]
INFO 2014-11-14T23:13:43.121Z ["[Lighter] Views loaded. \u001b[90mx30\u001b[39m"]
INFO 2014-11-14T23:13:43.121Z ["[Lighter] Views loaded. \u001b[90mx30\u001b[39m"]
INFO 2014-11-14T23:13:43.188Z ["[Lighter] Publics loaded. \u001b[90mx48\u001b[39m"]
INFO 2014-11-14T23:13:43.196Z ["[Lighter] Views loaded. \u001b[90mx30\u001b[39m"]
INFO 2014-11-14T23:13:43.209Z ["[Lighter] Publics loaded. \u001b[90mx48\u001b[39m"]
INFO 2014-11-14T23:13:43.213Z ["[Lighter] Views loaded. \u001b[90mx30\u001b[39m"]
INFO 2014-11-14T23:13:43.217Z ["[D6] Views routed to \"/d6.js\"."]
INFO 2014-11-14T23:13:43.222Z ["[Lighter] Publics loaded. \u001b[90mx48\u001b[39m"]
INFO 2014-11-14T23:13:43.231Z ["[Lighter] Views loaded. \u001b[90mx30\u001b[39m"]
INFO 2014-11-14T23:13:43.231Z ["[D6] Views routed to \"/d6.js\"."]
INFO 2014-11-14T23:13:43.240Z ["[D6] Views routed to \"/d6.js\"."]
INFO 2014-11-14T23:13:43.248Z ["[D6] Views routed to \"/d6.js\"."]
INFO 2014-11-14T23:13:43.256Z ["[D6] Views routed to \"/d6.js\"."]
INFO 2014-11-14T23:13:43.262Z ["[Lighter] Views loaded. \u001b[90mx30\u001b[39m"]
INFO 2014-11-14T23:13:43.270Z ["[Lighter] Views loaded. \u001b[90mx30\u001b[39m"]
INFO 2014-11-14T23:13:43.280Z ["[D6] Views routed to \"/d6.js\"."]
INFO 2014-11-14T23:13:43.287Z ["[D6] Views routed to \"/d6.js\"."]
INFO 2014-11-14T23:13:43.295Z ["[Lighter] Publics loaded. \u001b[90mx48\u001b[39m"]
INFO 2014-11-14T23:13:43.318Z ["[D6] Views routed to \"/d6.js\"."]
