WARN 2014-11-14T23:43:40.135Z ["[Lighter] Exiting due to file change in \"node_modules/cedar/common/json/colorize.js\"."]
WARN 2014-11-14T23:43:40.136Z ["[Lighter] Exiting due to file change in \"node_modules/cedar/common/json/colorize.js\"."]
WARN 2014-11-14T23:43:40.136Z ["[Lighter] Exiting due to file change in \"node_modules/cedar/common/json/colorize.js\"."]
WARN 2014-11-14T23:43:40.136Z ["[Lighter] Exiting due to file change in \"node_modules/cedar/common/json/colorize.js\"."]
WARN 2014-11-14T23:43:40.136Z ["[Lighter] Exiting due to file change in \"node_modules/cedar/common/json/colorize.js\"."]
WARN 2014-11-14T23:43:40.136Z ["[Lighter] Exiting due to file change in \"node_modules/cedar/common/json/colorize.js\"."]
WARN 2014-11-14T23:43:40.136Z ["[Lighter] Exiting due to file change in \"node_modules/cedar/common/json/colorize.js\"."]
WARN 2014-11-14T23:43:40.136Z ["[Lighter] Exiting due to file change in \"node_modules/cedar/common/json/colorize.js\"."]
ERROR 2014-11-14T23:43:40.193Z ["Worker 90155 died."]
INFO 2014-11-14T23:43:41.442Z ["[Lighter] Models loaded. \u001b[90mx0\u001b[39m"]
INFO 2014-11-14T23:43:41.445Z ["[Lighter] Models loaded. \u001b[90mx0\u001b[39m"]
INFO 2014-11-14T23:43:41.445Z ["[Lighter] Models loaded. \u001b[90mx0\u001b[39m"]
INFO 2014-11-14T23:43:41.446Z ["[Lighter] Models loaded. \u001b[90mx0\u001b[39m"]
INFO 2014-11-14T23:43:41.448Z ["[Lighter] Models loaded. \u001b[90mx0\u001b[39m"]
INFO 2014-11-14T23:43:41.451Z ["[Lighter] Models loaded. \u001b[90mx0\u001b[39m"]
INFO 2014-11-14T23:43:41.464Z ["[Lighter] Models loaded. \u001b[90mx0\u001b[39m"]
INFO 2014-11-14T23:43:41.464Z ["[Lighter] Scripts routed to \"/sly.js\". \u001b[90mx1\u001b[39m"]
INFO 2014-11-14T23:43:41.464Z ["[Lighter] Styles routed to \"/sly.css\". \u001b[90mx1\u001b[39m"]
INFO 2014-11-14T23:43:41.464Z ["[Lighter] Controllers loaded. \u001b[90mx2\u001b[39m"]
INFO 2014-11-14T23:43:41.464Z ["[Lighter] Scripts routed to \"/sly.js\". \u001b[90mx1\u001b[39m"]
INFO 2014-11-14T23:43:41.465Z ["[Lighter] Models loaded. \u001b[90mx0\u001b[39m"]
INFO 2014-11-14T23:43:41.465Z ["[Lighter] Styles routed to \"/sly.css\". \u001b[90mx1\u001b[39m"]
INFO 2014-11-14T23:43:41.465Z ["[Lighter] Scripts routed to \"/sly.js\". \u001b[90mx1\u001b[39m"]
INFO 2014-11-14T23:43:41.466Z ["[Lighter] Scripts routed to \"/sly.js\". \u001b[90mx1\u001b[39m"]
INFO 2014-11-14T23:43:41.467Z ["[Lighter] Styles routed to \"/sly.css\". \u001b[90mx1\u001b[39m"]
INFO 2014-11-14T23:43:41.468Z ["[Lighter] Styles routed to \"/sly.css\". \u001b[90mx1\u001b[39m"]
INFO 2014-11-14T23:43:41.469Z ["[Lighter] Controllers loaded. \u001b[90mx2\u001b[39m"]
INFO 2014-11-14T23:43:41.470Z ["[Lighter] Controllers loaded. \u001b[90mx2\u001b[39m"]
INFO 2014-11-14T23:43:41.472Z ["[Lighter] Scripts routed to \"/sly.js\". \u001b[90mx1\u001b[39m"]
INFO 2014-11-14T23:43:41.472Z ["[Lighter] Controllers loaded. \u001b[90mx2\u001b[39m"]
INFO 2014-11-14T23:43:41.472Z ["[Lighter] Scripts routed to \"/sly.js\". \u001b[90mx1\u001b[39m"]
INFO 2014-11-14T23:43:41.472Z ["[Lighter] Styles routed to \"/sly.css\". \u001b[90mx1\u001b[39m"]
INFO 2014-11-14T23:43:41.473Z ["[Lighter] Styles routed to \"/sly.css\". \u001b[90mx1\u001b[39m"]
INFO 2014-11-14T23:43:41.475Z ["[Lighter] Controllers loaded. \u001b[90mx2\u001b[39m"]
INFO 2014-11-14T23:43:41.475Z ["[Lighter] Controllers loaded. \u001b[90mx2\u001b[39m"]
INFO 2014-11-14T23:43:41.481Z ["[Lighter] Scripts routed to \"/sly.js\". \u001b[90mx1\u001b[39m"]
INFO 2014-11-14T23:43:41.481Z ["[Lighter] Styles routed to \"/sly.css\". \u001b[90mx1\u001b[39m"]
INFO 2014-11-14T23:43:41.481Z ["[Lighter] Scripts routed to \"/sly.js\". \u001b[90mx1\u001b[39m"]
INFO 2014-11-14T23:43:41.482Z ["[Lighter] Styles routed to \"/sly.css\". \u001b[90mx1\u001b[39m"]
INFO 2014-11-14T23:43:41.484Z ["[Lighter] Controllers loaded. \u001b[90mx2\u001b[39m"]
INFO 2014-11-14T23:43:41.486Z ["[Lighter] Controllers loaded. \u001b[90mx2\u001b[39m"]
INFO 2014-11-14T23:43:41.497Z ["[Lighter] Scripts routed to \"/a.js\". \u001b[90mx1\u001b[39m"]
INFO 2014-11-14T23:43:41.502Z ["[Lighter] Scripts routed to \"/a.js\". \u001b[90mx1\u001b[39m"]
INFO 2014-11-14T23:43:41.507Z ["[Lighter] Styles routed to \"/a.css\". \u001b[90mx1\u001b[39m"]
INFO 2014-11-14T23:43:41.508Z ["[Lighter] Scripts routed to \"/a.js\". \u001b[90mx1\u001b[39m"]
INFO 2014-11-14T23:43:41.509Z ["[Lighter] Scripts routed to \"/a.js\". \u001b[90mx1\u001b[39m"]
INFO 2014-11-14T23:43:41.512Z ["[Lighter] Scripts routed to \"/a.js\". \u001b[90mx1\u001b[39m"]
INFO 2014-11-14T23:43:41.512Z ["[Lighter] Styles routed to \"/a.css\". \u001b[90mx1\u001b[39m"]
INFO 2014-11-14T23:43:41.512Z ["[Lighter] Styles routed to \"/a.css\". \u001b[90mx1\u001b[39m"]
INFO 2014-11-14T23:43:41.530Z ["[Lighter] Scripts routed to \"/a.js\". \u001b[90mx1\u001b[39m"]
INFO 2014-11-14T23:43:41.533Z ["[Lighter] Scripts routed to \"/a.js\". \u001b[90mx1\u001b[39m"]
INFO 2014-11-14T23:43:41.534Z ["[Lighter] Styles routed to \"/a.css\". \u001b[90mx1\u001b[39m"]
INFO 2014-11-14T23:43:41.538Z ["[Lighter] Styles routed to \"/a.css\". \u001b[90mx1\u001b[39m"]
INFO 2014-11-14T23:43:41.541Z ["[Lighter] Styles routed to \"/a.css\". \u001b[90mx1\u001b[39m"]
INFO 2014-11-14T23:43:41.548Z ["[Lighter] Scripts routed to \"/a.js\". \u001b[90mx1\u001b[39m"]
INFO 2014-11-14T23:43:41.548Z ["[Lighter] Styles routed to \"/a.css\". \u001b[90mx1\u001b[39m"]
INFO 2014-11-14T23:43:41.553Z ["[Lighter] Styles routed to \"/a.css\". \u001b[90mx1\u001b[39m"]
INFO 2014-11-14T23:43:43.288Z ["[Lighter] Publics loaded. \u001b[90mx48\u001b[39m"]
INFO 2014-11-14T23:43:43.340Z ["[Lighter] Publics loaded. \u001b[90mx48\u001b[39m"]
INFO 2014-11-14T23:43:43.429Z ["[Lighter] Publics loaded. \u001b[90mx48\u001b[39m"]
INFO 2014-11-14T23:43:43.474Z ["[Lighter] Publics loaded. \u001b[90mx48\u001b[39m"]
INFO 2014-11-14T23:43:43.586Z ["[Lighter] Publics loaded. \u001b[90mx48\u001b[39m"]
INFO 2014-11-14T23:43:45.108Z ["[Lighter] Views loaded. \u001b[90mx30\u001b[39m"]
INFO 2014-11-14T23:43:45.169Z ["[Lighter] Views loaded. \u001b[90mx30\u001b[39m"]
INFO 2014-11-14T23:43:45.471Z ["[Lighter] Views loaded. \u001b[90mx30\u001b[39m"]
INFO 2014-11-14T23:43:45.501Z ["[Lighter] Publics loaded. \u001b[90mx48\u001b[39m"]
INFO 2014-11-14T23:43:45.518Z ["[Lighter] Publics loaded. \u001b[90mx48\u001b[39m"]
INFO 2014-11-14T23:43:45.538Z ["[D6] Views routed to \"/d6.js\"."]
INFO 2014-11-14T23:43:45.551Z ["[D6] Views routed to \"/d6.js\"."]
INFO 2014-11-14T23:43:45.560Z ["[Lighter] Views loaded. \u001b[90mx30\u001b[39m"]
INFO 2014-11-14T23:43:45.563Z ["[Lighter] Views loaded. \u001b[90mx30\u001b[39m"]
INFO 2014-11-14T23:43:45.585Z ["[Lighter] Publics loaded. \u001b[90mx48\u001b[39m"]
INFO 2014-11-14T23:43:45.586Z ["[D6] Views routed to \"/d6.js\"."]
INFO 2014-11-14T23:43:45.587Z ["[D6] Views routed to \"/d6.js\"."]
INFO 2014-11-14T23:43:45.605Z ["[D6] Views routed to \"/d6.js\"."]
INFO 2014-11-14T23:43:45.621Z ["[Lighter] Views loaded. \u001b[90mx30\u001b[39m"]
INFO 2014-11-14T23:43:45.635Z ["[Lighter] Views loaded. \u001b[90mx30\u001b[39m"]
INFO 2014-11-14T23:43:45.643Z ["[D6] Views routed to \"/d6.js\"."]
INFO 2014-11-14T23:43:45.651Z ["[D6] Views routed to \"/d6.js\"."]
INFO 2014-11-14T23:43:45.687Z ["[Lighter] Views loaded. \u001b[90mx30\u001b[39m"]
INFO 2014-11-14T23:43:45.703Z ["[D6] Views routed to \"/d6.js\"."]
