WARN 2014-11-14T23:52:32.102Z ["[Lighter] Exiting due to file change in \"node_modules/cedar/common/json/colorize.js\"."]
WARN 2014-11-14T23:52:32.103Z ["[Lighter] Exiting due to file change in \"node_modules/cedar/common/json/colorize.js\"."]
WARN 2014-11-14T23:52:32.103Z ["[Lighter] Exiting due to file change in \"node_modules/cedar/common/json/colorize.js\"."]
WARN 2014-11-14T23:52:32.103Z ["[Lighter] Exiting due to file change in \"node_modules/cedar/common/json/colorize.js\"."]
WARN 2014-11-14T23:52:32.103Z ["[Lighter] Exiting due to file change in \"node_modules/cedar/common/json/colorize.js\"."]
WARN 2014-11-14T23:52:32.103Z ["[Lighter] Exiting due to file change in \"node_modules/cedar/common/json/colorize.js\"."]
WARN 2014-11-14T23:52:32.103Z ["[Lighter] Exiting due to file change in \"node_modules/cedar/common/json/colorize.js\"."]
WARN 2014-11-14T23:52:32.103Z ["[Lighter] Exiting due to file change in \"node_modules/cedar/common/json/colorize.js\"."]
ERROR 2014-11-14T23:52:32.158Z ["Worker 90285 died."]
INFO 2014-11-14T23:52:33.409Z ["[Lighter] Models loaded. \u001b[90mx0\u001b[39m"]
INFO 2014-11-14T23:52:33.411Z ["[Lighter] Models loaded. \u001b[90mx0\u001b[39m"]
INFO 2014-11-14T23:52:33.412Z ["[Lighter] Models loaded. \u001b[90mx0\u001b[39m"]
INFO 2014-11-14T23:52:33.414Z ["[Lighter] Models loaded. \u001b[90mx0\u001b[39m"]
INFO 2014-11-14T23:52:33.419Z ["[Lighter] Models loaded. \u001b[90mx0\u001b[39m"]
INFO 2014-11-14T23:52:33.420Z ["[Lighter] Models loaded. \u001b[90mx0\u001b[39m"]
INFO 2014-11-14T23:52:33.424Z ["[Lighter] Models loaded. \u001b[90mx0\u001b[39m"]
INFO 2014-11-14T23:52:33.433Z ["[Lighter] Scripts routed to \"/sly.js\". \u001b[90mx1\u001b[39m"]
INFO 2014-11-14T23:52:33.433Z ["[Lighter] Scripts routed to \"/sly.js\". \u001b[90mx1\u001b[39m"]
INFO 2014-11-14T23:52:33.434Z ["[Lighter] Scripts routed to \"/sly.js\". \u001b[90mx1\u001b[39m"]
INFO 2014-11-14T23:52:33.435Z ["[Lighter] Styles routed to \"/sly.css\". \u001b[90mx1\u001b[39m"]
INFO 2014-11-14T23:52:33.435Z ["[Lighter] Styles routed to \"/sly.css\". \u001b[90mx1\u001b[39m"]
INFO 2014-11-14T23:52:33.436Z ["[Lighter] Scripts routed to \"/sly.js\". \u001b[90mx1\u001b[39m"]
INFO 2014-11-14T23:52:33.436Z ["[Lighter] Styles routed to \"/sly.css\". \u001b[90mx1\u001b[39m"]
INFO 2014-11-14T23:52:33.437Z ["[Lighter] Scripts routed to \"/sly.js\". \u001b[90mx1\u001b[39m"]
INFO 2014-11-14T23:52:33.438Z ["[Lighter] Styles routed to \"/sly.css\". \u001b[90mx1\u001b[39m"]
INFO 2014-11-14T23:52:33.438Z ["[Lighter] Styles routed to \"/sly.css\". \u001b[90mx1\u001b[39m"]
INFO 2014-11-14T23:52:33.439Z ["[Lighter] Controllers loaded. \u001b[90mx2\u001b[39m"]
INFO 2014-11-14T23:52:33.439Z ["[Lighter] Controllers loaded. \u001b[90mx2\u001b[39m"]
INFO 2014-11-14T23:52:33.440Z ["[Lighter] Scripts routed to \"/sly.js\". \u001b[90mx1\u001b[39m"]
INFO 2014-11-14T23:52:33.441Z ["[Lighter] Models loaded. \u001b[90mx0\u001b[39m"]
INFO 2014-11-14T23:52:33.441Z ["[Lighter] Controllers loaded. \u001b[90mx2\u001b[39m"]
INFO 2014-11-14T23:52:33.442Z ["[Lighter] Styles routed to \"/sly.css\". \u001b[90mx1\u001b[39m"]
INFO 2014-11-14T23:52:33.442Z ["[Lighter] Controllers loaded. \u001b[90mx2\u001b[39m"]
INFO 2014-11-14T23:52:33.445Z ["[Lighter] Scripts routed to \"/sly.js\". \u001b[90mx1\u001b[39m"]
INFO 2014-11-14T23:52:33.446Z ["[Lighter] Styles routed to \"/sly.css\". \u001b[90mx1\u001b[39m"]
INFO 2014-11-14T23:52:33.446Z ["[Lighter] Controllers loaded. \u001b[90mx2\u001b[39m"]
INFO 2014-11-14T23:52:33.449Z ["[Lighter] Controllers loaded. \u001b[90mx2\u001b[39m"]
INFO 2014-11-14T23:52:33.450Z ["[Lighter] Controllers loaded. \u001b[90mx2\u001b[39m"]
INFO 2014-11-14T23:52:33.458Z ["[Lighter] Scripts routed to \"/sly.js\". \u001b[90mx1\u001b[39m"]
INFO 2014-11-14T23:52:33.459Z ["[Lighter] Styles routed to \"/sly.css\". \u001b[90mx1\u001b[39m"]
INFO 2014-11-14T23:52:33.461Z ["[Lighter] Controllers loaded. \u001b[90mx2\u001b[39m"]
INFO 2014-11-14T23:52:33.468Z ["[Lighter] Scripts routed to \"/a.js\". \u001b[90mx1\u001b[39m"]
INFO 2014-11-14T23:52:33.470Z ["[Lighter] Scripts routed to \"/a.js\". \u001b[90mx1\u001b[39m"]
INFO 2014-11-14T23:52:33.471Z ["[Lighter] Scripts routed to \"/a.js\". \u001b[90mx1\u001b[39m"]
INFO 2014-11-14T23:52:33.473Z ["[Lighter] Scripts routed to \"/a.js\". \u001b[90mx1\u001b[39m"]
INFO 2014-11-14T23:52:33.478Z ["[Lighter] Scripts routed to \"/a.js\". \u001b[90mx1\u001b[39m"]
INFO 2014-11-14T23:52:33.479Z ["[Lighter] Styles routed to \"/a.css\". \u001b[90mx1\u001b[39m"]
INFO 2014-11-14T23:52:33.479Z ["[Lighter] Scripts routed to \"/a.js\". \u001b[90mx1\u001b[39m"]
INFO 2014-11-14T23:52:33.485Z ["[Lighter] Styles routed to \"/a.css\". \u001b[90mx1\u001b[39m"]
INFO 2014-11-14T23:52:33.485Z ["[Lighter] Styles routed to \"/a.css\". \u001b[90mx1\u001b[39m"]
INFO 2014-11-14T23:52:33.495Z ["[Lighter] Styles routed to \"/a.css\". \u001b[90mx1\u001b[39m"]
INFO 2014-11-14T23:52:33.501Z ["[Lighter] Scripts routed to \"/a.js\". \u001b[90mx1\u001b[39m"]
INFO 2014-11-14T23:52:33.506Z ["[Lighter] Styles routed to \"/a.css\". \u001b[90mx1\u001b[39m"]
INFO 2014-11-14T23:52:33.509Z ["[Lighter] Styles routed to \"/a.css\". \u001b[90mx1\u001b[39m"]
INFO 2014-11-14T23:52:33.517Z ["[Lighter] Styles routed to \"/a.css\". \u001b[90mx1\u001b[39m"]
INFO 2014-11-14T23:52:33.536Z ["[Lighter] Scripts routed to \"/a.js\". \u001b[90mx1\u001b[39m"]
INFO 2014-11-14T23:52:33.545Z ["[Lighter] Styles routed to \"/a.css\". \u001b[90mx1\u001b[39m"]
INFO 2014-11-14T23:52:35.386Z ["[Lighter] Views loaded. \u001b[90mx30\u001b[39m"]
INFO 2014-11-14T23:52:35.630Z ["[Lighter] Publics loaded. \u001b[90mx48\u001b[39m"]
INFO 2014-11-14T23:52:36.833Z ["[Lighter] Views loaded. \u001b[90mx30\u001b[39m"]
INFO 2014-11-14T23:52:37.001Z ["[Lighter] Views loaded. \u001b[90mx30\u001b[39m"]
INFO 2014-11-14T23:52:37.022Z ["[Lighter] Views loaded. \u001b[90mx30\u001b[39m"]
INFO 2014-11-14T23:52:37.100Z ["[Lighter] Views loaded. \u001b[90mx30\u001b[39m"]
INFO 2014-11-14T23:52:37.157Z ["[Lighter] Publics loaded. \u001b[90mx48\u001b[39m"]
INFO 2014-11-14T23:52:37.185Z ["[D6] Views routed to \"/d6.js\"."]
INFO 2014-11-14T23:52:37.189Z ["[Lighter] Publics loaded. \u001b[90mx48\u001b[39m"]
INFO 2014-11-14T23:52:37.195Z ["[Lighter] Views loaded. \u001b[90mx30\u001b[39m"]
INFO 2014-11-14T23:52:37.209Z ["[D6] Views routed to \"/d6.js\"."]
INFO 2014-11-14T23:52:37.233Z ["[Lighter] Publics loaded. \u001b[90mx48\u001b[39m"]
INFO 2014-11-14T23:52:37.253Z ["[Lighter] Publics loaded. \u001b[90mx48\u001b[39m"]
INFO 2014-11-14T23:52:37.257Z ["[D6] Views routed to \"/d6.js\"."]
INFO 2014-11-14T23:52:37.259Z ["[Lighter] Publics loaded. \u001b[90mx48\u001b[39m"]
INFO 2014-11-14T23:52:37.276Z ["[D6] Views routed to \"/d6.js\"."]
INFO 2014-11-14T23:52:37.280Z ["[D6] Views routed to \"/d6.js\"."]
INFO 2014-11-14T23:52:37.281Z ["[Lighter] Views loaded. \u001b[90mx30\u001b[39m"]
INFO 2014-11-14T23:52:37.325Z ["[Lighter] Publics loaded. \u001b[90mx48\u001b[39m"]
INFO 2014-11-14T23:52:37.342Z ["[D6] Views routed to \"/d6.js\"."]
INFO 2014-11-14T23:52:37.350Z ["[Lighter] Publics loaded. \u001b[90mx48\u001b[39m"]
INFO 2014-11-14T23:52:37.366Z ["[D6] Views routed to \"/d6.js\"."]
INFO 2014-11-14T23:52:37.407Z ["[Lighter] Views loaded. \u001b[90mx30\u001b[39m"]
INFO 2014-11-14T23:52:37.426Z ["[D6] Views routed to \"/d6.js\"."]
WARN 2014-11-14T23:52:51.917Z ["[Lighter] Exiting due to file change in \"node_modules/cedar/common/json/colorize.js\"."]
WARN 2014-11-14T23:52:51.917Z ["[Lighter] Exiting due to file change in \"node_modules/cedar/common/json/colorize.js\"."]
WARN 2014-11-14T23:52:51.917Z ["[Lighter] Exiting due to file change in \"node_modules/cedar/common/json/colorize.js\"."]
INFO 2014-11-14T23:52:53.188Z ["[Lighter] Models loaded. \u001b[90mx0\u001b[39m"]
INFO 2014-11-14T23:52:53.189Z ["[Lighter] Models loaded. \u001b[90mx0\u001b[39m"]
INFO 2014-11-14T23:52:53.189Z ["[Lighter] Models loaded. \u001b[90mx0\u001b[39m"]
INFO 2014-11-14T23:52:53.192Z ["[Lighter] Models loaded. \u001b[90mx0\u001b[39m"]
INFO 2014-11-14T23:52:53.195Z ["[Lighter] Models loaded. \u001b[90mx0\u001b[39m"]
INFO 2014-11-14T23:52:53.196Z ["[Lighter] Models loaded. \u001b[90mx0\u001b[39m"]
INFO 2014-11-14T23:52:53.202Z ["[Lighter] Models loaded. \u001b[90mx0\u001b[39m"]
INFO 2014-11-14T23:52:53.209Z ["[Lighter] Scripts routed to \"/sly.js\". \u001b[90mx1\u001b[39m"]
INFO 2014-11-14T23:52:53.210Z ["[Lighter] Scripts routed to \"/sly.js\". \u001b[90mx1\u001b[39m"]
INFO 2014-11-14T23:52:53.210Z ["[Lighter] Styles routed to \"/sly.css\". \u001b[90mx1\u001b[39m"]
INFO 2014-11-14T23:52:53.210Z ["[Lighter] Scripts routed to \"/sly.js\". \u001b[90mx1\u001b[39m"]
INFO 2014-11-14T23:52:53.210Z ["[Lighter] Scripts routed to \"/sly.js\". \u001b[90mx1\u001b[39m"]
INFO 2014-11-14T23:52:53.210Z ["[Lighter] Styles routed to \"/sly.css\". \u001b[90mx1\u001b[39m"]
INFO 2014-11-14T23:52:53.211Z ["[Lighter] Models loaded. \u001b[90mx0\u001b[39m"]
INFO 2014-11-14T23:52:53.211Z ["[Lighter] Scripts routed to \"/sly.js\". \u001b[90mx1\u001b[39m"]
INFO 2014-11-14T23:52:53.212Z ["[Lighter] Styles routed to \"/sly.css\". \u001b[90mx1\u001b[39m"]
INFO 2014-11-14T23:52:53.213Z ["[Lighter] Styles routed to \"/sly.css\". \u001b[90mx1\u001b[39m"]
INFO 2014-11-14T23:52:53.214Z ["[Lighter] Controllers loaded. \u001b[90mx2\u001b[39m"]
INFO 2014-11-14T23:52:53.215Z ["[Lighter] Styles routed to \"/sly.css\". \u001b[90mx1\u001b[39m"]
INFO 2014-11-14T23:52:53.216Z ["[Lighter] Controllers loaded. \u001b[90mx2\u001b[39m"]
INFO 2014-11-14T23:52:53.217Z ["[Lighter] Controllers loaded. \u001b[90mx2\u001b[39m"]
INFO 2014-11-14T23:52:53.217Z ["[Lighter] Controllers loaded. \u001b[90mx2\u001b[39m"]
INFO 2014-11-14T23:52:53.219Z ["[Lighter] Scripts routed to \"/sly.js\". \u001b[90mx1\u001b[39m"]
INFO 2014-11-14T23:52:53.220Z ["[Lighter] Styles routed to \"/sly.css\". \u001b[90mx1\u001b[39m"]
INFO 2014-11-14T23:52:53.221Z ["[Lighter] Controllers loaded. \u001b[90mx2\u001b[39m"]
INFO 2014-11-14T23:52:53.222Z ["[Lighter] Scripts routed to \"/sly.js\". \u001b[90mx1\u001b[39m"]
INFO 2014-11-14T23:52:53.222Z ["[Lighter] Controllers loaded. \u001b[90mx2\u001b[39m"]
INFO 2014-11-14T23:52:53.223Z ["[Lighter] Styles routed to \"/sly.css\". \u001b[90mx1\u001b[39m"]
INFO 2014-11-14T23:52:53.226Z ["[Lighter] Scripts routed to \"/sly.js\". \u001b[90mx1\u001b[39m"]
INFO 2014-11-14T23:52:53.227Z ["[Lighter] Controllers loaded. \u001b[90mx2\u001b[39m"]
INFO 2014-11-14T23:52:53.228Z ["[Lighter] Styles routed to \"/sly.css\". \u001b[90mx1\u001b[39m"]
INFO 2014-11-14T23:52:53.230Z ["[Lighter] Controllers loaded. \u001b[90mx2\u001b[39m"]
INFO 2014-11-14T23:52:53.241Z ["[Lighter] Scripts routed to \"/a.js\". \u001b[90mx1\u001b[39m"]
INFO 2014-11-14T23:52:53.245Z ["[Lighter] Scripts routed to \"/a.js\". \u001b[90mx1\u001b[39m"]
INFO 2014-11-14T23:52:53.248Z ["[Lighter] Scripts routed to \"/a.js\". \u001b[90mx1\u001b[39m"]
INFO 2014-11-14T23:52:53.251Z ["[Lighter] Scripts routed to \"/a.js\". \u001b[90mx1\u001b[39m"]
INFO 2014-11-14T23:52:53.251Z ["[Lighter] Styles routed to \"/a.css\". \u001b[90mx1\u001b[39m"]
INFO 2014-11-14T23:52:53.254Z ["[Lighter] Styles routed to \"/a.css\". \u001b[90mx1\u001b[39m"]
INFO 2014-11-14T23:52:53.258Z ["[Lighter] Styles routed to \"/a.css\". \u001b[90mx1\u001b[39m"]
INFO 2014-11-14T23:52:53.258Z ["[Lighter] Scripts routed to \"/a.js\". \u001b[90mx1\u001b[39m"]
INFO 2014-11-14T23:52:53.258Z ["[Lighter] Scripts routed to \"/a.js\". \u001b[90mx1\u001b[39m"]
INFO 2014-11-14T23:52:53.267Z ["[Lighter] Scripts routed to \"/a.js\". \u001b[90mx1\u001b[39m"]
INFO 2014-11-14T23:52:53.272Z ["[Lighter] Styles routed to \"/a.css\". \u001b[90mx1\u001b[39m"]
INFO 2014-11-14T23:52:53.302Z ["[Lighter] Styles routed to \"/a.css\". \u001b[90mx1\u001b[39m"]
INFO 2014-11-14T23:52:53.305Z ["[Lighter] Styles routed to \"/a.css\". \u001b[90mx1\u001b[39m"]
INFO 2014-11-14T23:52:53.307Z ["[Lighter] Scripts routed to \"/a.js\". \u001b[90mx1\u001b[39m"]
INFO 2014-11-14T23:52:53.310Z ["[Lighter] Styles routed to \"/a.css\". \u001b[90mx1\u001b[39m"]
INFO 2014-11-14T23:52:53.314Z ["[Lighter] Styles routed to \"/a.css\". \u001b[90mx1\u001b[39m"]
INFO 2014-11-14T23:52:55.079Z ["[Lighter] Publics loaded. \u001b[90mx48\u001b[39m"]
INFO 2014-11-14T23:52:55.136Z ["[Lighter] Publics loaded. \u001b[90mx48\u001b[39m"]
INFO 2014-11-14T23:52:55.247Z ["[Lighter] Publics loaded. \u001b[90mx48\u001b[39m"]
INFO 2014-11-14T23:52:56.605Z ["[Lighter] Views loaded. \u001b[90mx30\u001b[39m"]
INFO 2014-11-14T23:52:56.667Z ["[Lighter] Views loaded. \u001b[90mx30\u001b[39m"]
INFO 2014-11-14T23:52:56.919Z ["[Lighter] Publics loaded. \u001b[90mx48\u001b[39m"]
INFO 2014-11-14T23:52:56.990Z ["[D6] Views routed to \"/d6.js\"."]
INFO 2014-11-14T23:52:57.030Z ["[Lighter] Views loaded. \u001b[90mx30\u001b[39m"]
INFO 2014-11-14T23:52:57.032Z ["[Lighter] Views loaded. \u001b[90mx30\u001b[39m"]
INFO 2014-11-14T23:52:57.042Z ["[Lighter] Views loaded. \u001b[90mx30\u001b[39m"]
INFO 2014-11-14T23:52:57.045Z ["[Lighter] Publics loaded. \u001b[90mx48\u001b[39m"]
INFO 2014-11-14T23:52:57.065Z ["[Lighter] Views loaded. \u001b[90mx30\u001b[39m"]
INFO 2014-11-14T23:52:57.077Z ["[D6] Views routed to \"/d6.js\"."]
INFO 2014-11-14T23:52:57.080Z ["[Lighter] Views loaded. \u001b[90mx30\u001b[39m"]
INFO 2014-11-14T23:52:57.080Z ["[D6] Views routed to \"/d6.js\"."]
INFO 2014-11-14T23:52:57.102Z ["[D6] Views routed to \"/d6.js\"."]
INFO 2014-11-14T23:52:57.122Z ["[Lighter] Publics loaded. \u001b[90mx48\u001b[39m"]
INFO 2014-11-14T23:52:57.126Z ["[Lighter] Publics loaded. \u001b[90mx48\u001b[39m"]
INFO 2014-11-14T23:52:57.144Z ["[D6] Views routed to \"/d6.js\"."]
INFO 2014-11-14T23:52:57.148Z ["[D6] Views routed to \"/d6.js\"."]
INFO 2014-11-14T23:52:57.163Z ["[Lighter] Views loaded. \u001b[90mx30\u001b[39m"]
INFO 2014-11-14T23:52:57.179Z ["[D6] Views routed to \"/d6.js\"."]
INFO 2014-11-14T23:52:57.181Z ["[Lighter] Publics loaded. \u001b[90mx48\u001b[39m"]
INFO 2014-11-14T23:52:57.200Z ["[D6] Views routed to \"/d6.js\"."]
