WARN 2014-11-14T22:59:07.941Z ["[Lighter] Exiting due to file change in \"node_modules/cedar/common/string/colors.js\"."]
WARN 2014-11-14T22:59:07.941Z ["[Lighter] Exiting due to file change in \"node_modules/cedar/common/string/colors.js\"."]
WARN 2014-11-14T22:59:07.941Z ["[Lighter] Exiting due to file change in \"node_modules/cedar/common/string/colors.js\"."]
WARN 2014-11-14T22:59:07.941Z ["[Lighter] Exiting due to file change in \"node_modules/cedar/common/string/colors.js\"."]
WARN 2014-11-14T22:59:07.941Z ["[Lighter] Exiting due to file change in \"node_modules/cedar/common/string/colors.js\"."]
WARN 2014-11-14T22:59:07.941Z ["[Lighter] Exiting due to file change in \"node_modules/cedar/common/string/colors.js\"."]
WARN 2014-11-14T22:59:07.941Z ["[Lighter] Exiting due to file change in \"node_modules/cedar/common/string/colors.js\"."]
WARN 2014-11-14T22:59:07.941Z ["[Lighter] Exiting due to file change in \"node_modules/cedar/common/string/colors.js\"."]
ERROR 2014-11-14T22:59:07.997Z ["Worker 89605 died."]
INFO 2014-11-14T22:59:09.270Z ["[Lighter] Models loaded. \u001b[90mx0\u001b[39m"]
INFO 2014-11-14T22:59:09.278Z ["[Lighter] Models loaded. \u001b[90mx0\u001b[39m"]
INFO 2014-11-14T22:59:09.279Z ["[Lighter] Models loaded. \u001b[90mx0\u001b[39m"]
INFO 2014-11-14T22:59:09.286Z ["[Lighter] Models loaded. \u001b[90mx0\u001b[39m"]
INFO 2014-11-14T22:59:09.289Z ["[Lighter] Models loaded. \u001b[90mx0\u001b[39m"]
INFO 2014-11-14T22:59:09.290Z ["[Lighter] Models loaded. \u001b[90mx0\u001b[39m"]
INFO 2014-11-14T22:59:09.293Z ["[Lighter] Models loaded. \u001b[90mx0\u001b[39m"]
INFO 2014-11-14T22:59:09.303Z ["[Lighter] Scripts routed to \"/sly.js\". \u001b[90mx1\u001b[39m"]
INFO 2014-11-14T22:59:09.304Z ["[Lighter] Styles routed to \"/sly.css\". \u001b[90mx1\u001b[39m"]
INFO 2014-11-14T22:59:09.305Z ["[Lighter] Scripts routed to \"/sly.js\". \u001b[90mx1\u001b[39m"]
INFO 2014-11-14T22:59:09.307Z ["[Lighter] Models loaded. \u001b[90mx0\u001b[39m"]
INFO 2014-11-14T22:59:09.308Z ["[Lighter] Controllers loaded. \u001b[90mx2\u001b[39m"]
INFO 2014-11-14T22:59:09.310Z ["[Lighter] Styles routed to \"/sly.css\". \u001b[90mx1\u001b[39m"]
INFO 2014-11-14T22:59:09.311Z ["[Lighter] Scripts routed to \"/sly.js\". \u001b[90mx1\u001b[39m"]
INFO 2014-11-14T22:59:09.312Z ["[Lighter] Scripts routed to \"/sly.js\". \u001b[90mx1\u001b[39m"]
INFO 2014-11-14T22:59:09.312Z ["[Lighter] Styles routed to \"/sly.css\". \u001b[90mx1\u001b[39m"]
INFO 2014-11-14T22:59:09.316Z ["[Lighter] Scripts routed to \"/sly.js\". \u001b[90mx1\u001b[39m"]
INFO 2014-11-14T22:59:09.316Z ["[Lighter] Styles routed to \"/sly.css\". \u001b[90mx1\u001b[39m"]
INFO 2014-11-14T22:59:09.316Z ["[Lighter] Controllers loaded. \u001b[90mx2\u001b[39m"]
INFO 2014-11-14T22:59:09.317Z ["[Lighter] Styles routed to \"/sly.css\". \u001b[90mx1\u001b[39m"]
INFO 2014-11-14T22:59:09.318Z ["[Lighter] Scripts routed to \"/sly.js\". \u001b[90mx1\u001b[39m"]
INFO 2014-11-14T22:59:09.320Z ["[Lighter] Controllers loaded. \u001b[90mx2\u001b[39m"]
INFO 2014-11-14T22:59:09.321Z ["[Lighter] Controllers loaded. \u001b[90mx2\u001b[39m"]
INFO 2014-11-14T22:59:09.321Z ["[Lighter] Controllers loaded. \u001b[90mx2\u001b[39m"]
INFO 2014-11-14T22:59:09.322Z ["[Lighter] Styles routed to \"/sly.css\". \u001b[90mx1\u001b[39m"]
INFO 2014-11-14T22:59:09.324Z ["[Lighter] Scripts routed to \"/sly.js\". \u001b[90mx1\u001b[39m"]
INFO 2014-11-14T22:59:09.325Z ["[Lighter] Styles routed to \"/sly.css\". \u001b[90mx1\u001b[39m"]
INFO 2014-11-14T22:59:09.325Z ["[Lighter] Controllers loaded. \u001b[90mx2\u001b[39m"]
INFO 2014-11-14T22:59:09.328Z ["[Lighter] Controllers loaded. \u001b[90mx2\u001b[39m"]
INFO 2014-11-14T22:59:09.332Z ["[Lighter] Scripts routed to \"/sly.js\". \u001b[90mx1\u001b[39m"]
INFO 2014-11-14T22:59:09.332Z ["[Lighter] Styles routed to \"/sly.css\". \u001b[90mx1\u001b[39m"]
INFO 2014-11-14T22:59:09.337Z ["[Lighter] Controllers loaded. \u001b[90mx2\u001b[39m"]
INFO 2014-11-14T22:59:09.349Z ["[Lighter] Scripts routed to \"/a.js\". \u001b[90mx1\u001b[39m"]
INFO 2014-11-14T22:59:09.353Z ["[Lighter] Scripts routed to \"/a.js\". \u001b[90mx1\u001b[39m"]
INFO 2014-11-14T22:59:09.354Z ["[Lighter] Scripts routed to \"/a.js\". \u001b[90mx1\u001b[39m"]
INFO 2014-11-14T22:59:09.355Z ["[Lighter] Scripts routed to \"/a.js\". \u001b[90mx1\u001b[39m"]
INFO 2014-11-14T22:59:09.362Z ["[Lighter] Styles routed to \"/a.css\". \u001b[90mx1\u001b[39m"]
INFO 2014-11-14T22:59:09.362Z ["[Lighter] Styles routed to \"/a.css\". \u001b[90mx1\u001b[39m"]
INFO 2014-11-14T22:59:09.367Z ["[Lighter] Scripts routed to \"/a.js\". \u001b[90mx1\u001b[39m"]
INFO 2014-11-14T22:59:09.367Z ["[Lighter] Styles routed to \"/a.css\". \u001b[90mx1\u001b[39m"]
INFO 2014-11-14T22:59:09.370Z ["[Lighter] Scripts routed to \"/a.js\". \u001b[90mx1\u001b[39m"]
INFO 2014-11-14T22:59:09.371Z ["[Lighter] Styles routed to \"/a.css\". \u001b[90mx1\u001b[39m"]
INFO 2014-11-14T22:59:09.377Z ["[Lighter] Scripts routed to \"/a.js\". \u001b[90mx1\u001b[39m"]
INFO 2014-11-14T22:59:09.379Z ["[Lighter] Styles routed to \"/a.css\". \u001b[90mx1\u001b[39m"]
INFO 2014-11-14T22:59:09.404Z ["[Lighter] Scripts routed to \"/a.js\". \u001b[90mx1\u001b[39m"]
INFO 2014-11-14T22:59:09.408Z ["[Lighter] Styles routed to \"/a.css\". \u001b[90mx1\u001b[39m"]
INFO 2014-11-14T22:59:09.431Z ["[Lighter] Styles routed to \"/a.css\". \u001b[90mx1\u001b[39m"]
INFO 2014-11-14T22:59:09.435Z ["[Lighter] Styles routed to \"/a.css\". \u001b[90mx1\u001b[39m"]
INFO 2014-11-14T22:59:11.345Z ["[Lighter] Publics loaded. \u001b[90mx48\u001b[39m"]
INFO 2014-11-14T22:59:11.388Z ["[Lighter] Publics loaded. \u001b[90mx48\u001b[39m"]
INFO 2014-11-14T22:59:11.389Z ["[Lighter] Publics loaded. \u001b[90mx48\u001b[39m"]
INFO 2014-11-14T22:59:11.580Z ["[Lighter] Publics loaded. \u001b[90mx48\u001b[39m"]
INFO 2014-11-14T22:59:12.946Z ["[Lighter] Views loaded. \u001b[90mx30\u001b[39m"]
INFO 2014-11-14T22:59:13.036Z ["[Lighter] Views loaded. \u001b[90mx30\u001b[39m"]
INFO 2014-11-14T22:59:13.115Z ["[Lighter] Publics loaded. \u001b[90mx48\u001b[39m"]
INFO 2014-11-14T22:59:13.138Z ["[Lighter] Publics loaded. \u001b[90mx48\u001b[39m"]
INFO 2014-11-14T22:59:13.154Z ["[Lighter] Views loaded. \u001b[90mx30\u001b[39m"]
INFO 2014-11-14T22:59:13.156Z ["[D6] Views routed to \"/d6.js\"."]
INFO 2014-11-14T22:59:13.169Z ["[D6] Views routed to \"/d6.js\"."]
INFO 2014-11-14T22:59:13.260Z ["[Lighter] Views loaded. \u001b[90mx30\u001b[39m"]
INFO 2014-11-14T22:59:13.268Z ["[Lighter] Publics loaded. \u001b[90mx48\u001b[39m"]
INFO 2014-11-14T22:59:13.269Z ["[Lighter] Views loaded. \u001b[90mx30\u001b[39m"]
INFO 2014-11-14T22:59:13.291Z ["[D6] Views routed to \"/d6.js\"."]
INFO 2014-11-14T22:59:13.303Z ["[D6] Views routed to \"/d6.js\"."]
INFO 2014-11-14T22:59:13.307Z ["[Lighter] Views loaded. \u001b[90mx30\u001b[39m"]
INFO 2014-11-14T22:59:13.329Z ["[D6] Views routed to \"/d6.js\"."]
INFO 2014-11-14T22:59:13.340Z ["[Lighter] Publics loaded. \u001b[90mx48\u001b[39m"]
INFO 2014-11-14T22:59:13.341Z ["[Lighter] Views loaded. \u001b[90mx30\u001b[39m"]
INFO 2014-11-14T22:59:13.361Z ["[D6] Views routed to \"/d6.js\"."]
INFO 2014-11-14T22:59:13.362Z ["[D6] Views routed to \"/d6.js\"."]
INFO 2014-11-14T22:59:13.422Z ["[Lighter] Views loaded. \u001b[90mx30\u001b[39m"]
INFO 2014-11-14T22:59:13.438Z ["[D6] Views routed to \"/d6.js\"."]
