WARN 2014-11-14T23:23:36.538Z ["[Lighter] Exiting due to file change in \"node_modules/cedar/common/json/colorize.js\"."]
WARN 2014-11-14T23:23:36.538Z ["[Lighter] Exiting due to file change in \"node_modules/cedar/common/json/colorize.js\"."]
WARN 2014-11-14T23:23:36.538Z ["[Lighter] Exiting due to file change in \"node_modules/cedar/common/json/colorize.js\"."]
WARN 2014-11-14T23:23:36.538Z ["[Lighter] Exiting due to file change in \"node_modules/cedar/common/json/colorize.js\"."]
WARN 2014-11-14T23:23:36.538Z ["[Lighter] Exiting due to file change in \"node_modules/cedar/common/json/colorize.js\"."]
WARN 2014-11-14T23:23:36.539Z ["[Lighter] Exiting due to file change in \"node_modules/cedar/common/json/colorize.js\"."]
WARN 2014-11-14T23:23:36.539Z ["[Lighter] Exiting due to file change in \"node_modules/cedar/common/json/colorize.js\"."]
WARN 2014-11-14T23:23:36.556Z ["[Lighter] Exiting due to file change in \"node_modules/cedar/common/json/colorize.js\"."]
ERROR 2014-11-14T23:23:36.571Z ["Worker 89933 died."]
INFO 2014-11-14T23:23:37.802Z ["[Lighter] Models loaded. \u001b[90mx0\u001b[39m"]
INFO 2014-11-14T23:23:37.804Z ["[Lighter] Models loaded. \u001b[90mx0\u001b[39m"]
INFO 2014-11-14T23:23:37.804Z ["[Lighter] Models loaded. \u001b[90mx0\u001b[39m"]
INFO 2014-11-14T23:23:37.808Z ["[Lighter] Models loaded. \u001b[90mx0\u001b[39m"]
INFO 2014-11-14T23:23:37.814Z ["[Lighter] Models loaded. \u001b[90mx0\u001b[39m"]
INFO 2014-11-14T23:23:37.814Z ["[Lighter] Models loaded. \u001b[90mx0\u001b[39m"]
INFO 2014-11-14T23:23:37.825Z ["[Lighter] Models loaded. \u001b[90mx0\u001b[39m"]
INFO 2014-11-14T23:23:37.825Z ["[Lighter] Scripts routed to \"/sly.js\". \u001b[90mx1\u001b[39m"]
INFO 2014-11-14T23:23:37.825Z ["[Lighter] Scripts routed to \"/sly.js\". \u001b[90mx1\u001b[39m"]
INFO 2014-11-14T23:23:37.826Z ["[Lighter] Models loaded. \u001b[90mx0\u001b[39m"]
INFO 2014-11-14T23:23:37.827Z ["[Lighter] Styles routed to \"/sly.css\". \u001b[90mx1\u001b[39m"]
INFO 2014-11-14T23:23:37.827Z ["[Lighter] Styles routed to \"/sly.css\". \u001b[90mx1\u001b[39m"]
INFO 2014-11-14T23:23:37.827Z ["[Lighter] Scripts routed to \"/sly.js\". \u001b[90mx1\u001b[39m"]
INFO 2014-11-14T23:23:37.828Z ["[Lighter] Scripts routed to \"/sly.js\". \u001b[90mx1\u001b[39m"]
INFO 2014-11-14T23:23:37.829Z ["[Lighter] Styles routed to \"/sly.css\". \u001b[90mx1\u001b[39m"]
INFO 2014-11-14T23:23:37.830Z ["[Lighter] Controllers loaded. \u001b[90mx2\u001b[39m"]
INFO 2014-11-14T23:23:37.831Z ["[Lighter] Styles routed to \"/sly.css\". \u001b[90mx1\u001b[39m"]
INFO 2014-11-14T23:23:37.832Z ["[Lighter] Controllers loaded. \u001b[90mx2\u001b[39m"]
INFO 2014-11-14T23:23:37.832Z ["[Lighter] Controllers loaded. \u001b[90mx2\u001b[39m"]
INFO 2014-11-14T23:23:37.833Z ["[Lighter] Scripts routed to \"/sly.js\". \u001b[90mx1\u001b[39m"]
INFO 2014-11-14T23:23:37.833Z ["[Lighter] Styles routed to \"/sly.css\". \u001b[90mx1\u001b[39m"]
INFO 2014-11-14T23:23:37.837Z ["[Lighter] Controllers loaded. \u001b[90mx2\u001b[39m"]
INFO 2014-11-14T23:23:37.837Z ["[Lighter] Controllers loaded. \u001b[90mx2\u001b[39m"]
INFO 2014-11-14T23:23:37.837Z ["[Lighter] Scripts routed to \"/sly.js\". \u001b[90mx1\u001b[39m"]
INFO 2014-11-14T23:23:37.838Z ["[Lighter] Styles routed to \"/sly.css\". \u001b[90mx1\u001b[39m"]
INFO 2014-11-14T23:23:37.841Z ["[Lighter] Controllers loaded. \u001b[90mx2\u001b[39m"]
INFO 2014-11-14T23:23:37.842Z ["[Lighter] Scripts routed to \"/sly.js\". \u001b[90mx1\u001b[39m"]
INFO 2014-11-14T23:23:37.844Z ["[Lighter] Styles routed to \"/sly.css\". \u001b[90mx1\u001b[39m"]
INFO 2014-11-14T23:23:37.846Z ["[Lighter] Scripts routed to \"/sly.js\". \u001b[90mx1\u001b[39m"]
INFO 2014-11-14T23:23:37.847Z ["[Lighter] Controllers loaded. \u001b[90mx2\u001b[39m"]
INFO 2014-11-14T23:23:37.848Z ["[Lighter] Styles routed to \"/sly.css\". \u001b[90mx1\u001b[39m"]
INFO 2014-11-14T23:23:37.851Z ["[Lighter] Controllers loaded. \u001b[90mx2\u001b[39m"]
INFO 2014-11-14T23:23:37.859Z ["[Lighter] Scripts routed to \"/a.js\". \u001b[90mx1\u001b[39m"]
INFO 2014-11-14T23:23:37.865Z ["[Lighter] Scripts routed to \"/a.js\". \u001b[90mx1\u001b[39m"]
INFO 2014-11-14T23:23:37.871Z ["[Lighter] Scripts routed to \"/a.js\". \u001b[90mx1\u001b[39m"]
INFO 2014-11-14T23:23:37.875Z ["[Lighter] Scripts routed to \"/a.js\". \u001b[90mx1\u001b[39m"]
INFO 2014-11-14T23:23:37.877Z ["[Lighter] Styles routed to \"/a.css\". \u001b[90mx1\u001b[39m"]
INFO 2014-11-14T23:23:37.878Z ["[Lighter] Styles routed to \"/a.css\". \u001b[90mx1\u001b[39m"]
INFO 2014-11-14T23:23:37.879Z ["[Lighter] Styles routed to \"/a.css\". \u001b[90mx1\u001b[39m"]
INFO 2014-11-14T23:23:37.882Z ["[Lighter] Styles routed to \"/a.css\". \u001b[90mx1\u001b[39m"]
INFO 2014-11-14T23:23:37.884Z ["[Lighter] Scripts routed to \"/a.js\". \u001b[90mx1\u001b[39m"]
INFO 2014-11-14T23:23:37.903Z ["[Lighter] Scripts routed to \"/a.js\". \u001b[90mx1\u001b[39m"]
INFO 2014-11-14T23:23:37.906Z ["[Lighter] Styles routed to \"/a.css\". \u001b[90mx1\u001b[39m"]
INFO 2014-11-14T23:23:37.907Z ["[Lighter] Styles routed to \"/a.css\". \u001b[90mx1\u001b[39m"]
INFO 2014-11-14T23:23:37.909Z ["[Lighter] Scripts routed to \"/a.js\". \u001b[90mx1\u001b[39m"]
INFO 2014-11-14T23:23:37.913Z ["[Lighter] Styles routed to \"/a.css\". \u001b[90mx1\u001b[39m"]
INFO 2014-11-14T23:23:37.947Z ["[Lighter] Scripts routed to \"/a.js\". \u001b[90mx1\u001b[39m"]
INFO 2014-11-14T23:23:37.949Z ["[Lighter] Styles routed to \"/a.css\". \u001b[90mx1\u001b[39m"]
INFO 2014-11-14T23:23:39.731Z ["[Lighter] Views loaded. \u001b[90mx30\u001b[39m"]
INFO 2014-11-14T23:23:39.742Z ["[Lighter] Publics loaded. \u001b[90mx48\u001b[39m"]
INFO 2014-11-14T23:23:39.888Z ["[Lighter] Publics loaded. \u001b[90mx48\u001b[39m"]
INFO 2014-11-14T23:23:41.299Z ["[Lighter] Views loaded. \u001b[90mx30\u001b[39m"]
INFO 2014-11-14T23:23:41.446Z ["[Lighter] Views loaded. \u001b[90mx30\u001b[39m"]
INFO 2014-11-14T23:23:41.501Z ["[Lighter] Publics loaded. \u001b[90mx48\u001b[39m"]
INFO 2014-11-14T23:23:41.541Z ["[D6] Views routed to \"/d6.js\"."]
INFO 2014-11-14T23:23:41.581Z ["[Lighter] Views loaded. \u001b[90mx30\u001b[39m"]
INFO 2014-11-14T23:23:41.639Z ["[Lighter] Publics loaded. \u001b[90mx48\u001b[39m"]
INFO 2014-11-14T23:23:41.663Z ["[D6] Views routed to \"/d6.js\"."]
INFO 2014-11-14T23:23:41.697Z ["[Lighter] Views loaded. \u001b[90mx30\u001b[39m"]
INFO 2014-11-14T23:23:41.710Z ["[Lighter] Views loaded. \u001b[90mx30\u001b[39m"]
INFO 2014-11-14T23:23:41.731Z ["[Lighter] Publics loaded. \u001b[90mx48\u001b[39m"]
INFO 2014-11-14T23:23:41.750Z ["[D6] Views routed to \"/d6.js\"."]
INFO 2014-11-14T23:23:41.776Z ["[Lighter] Views loaded. \u001b[90mx30\u001b[39m"]
INFO 2014-11-14T23:23:41.783Z ["[Lighter] Publics loaded. \u001b[90mx48\u001b[39m"]
INFO 2014-11-14T23:23:41.798Z ["[Lighter] Publics loaded. \u001b[90mx48\u001b[39m"]
INFO 2014-11-14T23:23:41.814Z ["[D6] Views routed to \"/d6.js\"."]
INFO 2014-11-14T23:23:41.820Z ["[Lighter] Publics loaded. \u001b[90mx48\u001b[39m"]
INFO 2014-11-14T23:23:41.824Z ["[D6] Views routed to \"/d6.js\"."]
INFO 2014-11-14T23:23:41.830Z ["[D6] Views routed to \"/d6.js\"."]
INFO 2014-11-14T23:23:41.844Z ["[D6] Views routed to \"/d6.js\"."]
INFO 2014-11-14T23:23:41.873Z ["[Lighter] Views loaded. \u001b[90mx30\u001b[39m"]
INFO 2014-11-14T23:23:41.894Z ["[D6] Views routed to \"/d6.js\"."]
