INFO 2014-11-18T20:59:01.722Z ["[D6] Views routed to \"/d6.js\"."]
INFO 2014-11-18T20:59:01.725Z ["[D6] Views routed to \"/d6.js\"."]
INFO 2014-11-18T20:59:01.735Z ["[D6] Views routed to \"/d6.js\"."]
INFO 2014-11-18T20:59:01.737Z ["[D6] Views routed to \"/d6.js\"."]
INFO 2014-11-18T20:59:01.744Z ["[D6] Views routed to \"/d6.js\"."]
INFO 2014-11-18T20:59:01.747Z ["[D6] Views routed to \"/d6.js\"."]
INFO 2014-11-18T20:59:01.754Z ["[D6] Views routed to \"/d6.js\"."]
INFO 2014-11-18T20:59:01.778Z ["[D6] Views routed to \"/d6.js\"."]
WARN 2014-11-18T20:59:02.433Z ["[Lighter] Exiting due to file change in \"node_modules/aloha/package.json\"."]
WARN 2014-11-18T20:59:02.433Z ["[Lighter] Exiting due to file change in \"node_modules/aloha/package.json\"."]
WARN 2014-11-18T20:59:02.433Z ["[Lighter] Exiting due to file change in \"node_modules/aloha/package.json\"."]
WARN 2014-11-18T20:59:02.433Z ["[Lighter] Exiting due to file change in \"node_modules/aloha/package.json\"."]
WARN 2014-11-18T20:59:02.434Z ["[Lighter] Exiting due to file change in \"node_modules/aloha/package.json\"."]
WARN 2014-11-18T20:59:02.435Z ["[Lighter] Exiting due to file change in \"node_modules/aloha/package.json\"."]
WARN 2014-11-18T20:59:02.446Z ["[Lighter] Exiting due to file change in \"node_modules/aloha/package.json\"."]
WARN 2014-11-18T20:59:02.450Z ["[Lighter] Exiting due to file change in \"node_modules/aloha/package.json\"."]
ERROR 2014-11-18T20:59:02.492Z ["Worker 9889 died."]
INFO 2014-11-18T20:59:06.195Z ["[Lighter] Models loaded. \u001b[90mx0\u001b[39m"]
INFO 2014-11-18T20:59:06.202Z ["[Lighter] Models loaded. \u001b[90mx0\u001b[39m"]
INFO 2014-11-18T20:59:06.228Z ["[Lighter] Models loaded. \u001b[90mx0\u001b[39m"]
INFO 2014-11-18T20:59:06.245Z ["[Lighter] Models loaded. \u001b[90mx0\u001b[39m"]
INFO 2014-11-18T20:59:06.250Z ["[Lighter] Models loaded. \u001b[90mx0\u001b[39m"]
INFO 2014-11-18T20:59:06.281Z ["[Lighter] Models loaded. \u001b[90mx0\u001b[39m"]
INFO 2014-11-18T20:59:06.285Z ["[Lighter] Scripts routed to \"/sly.js\". \u001b[90mx1\u001b[39m"]
INFO 2014-11-18T20:59:06.287Z ["[Lighter] Styles routed to \"/sly.css\". \u001b[90mx1\u001b[39m"]
INFO 2014-11-18T20:59:06.295Z ["[Lighter] Models loaded. \u001b[90mx0\u001b[39m"]
INFO 2014-11-18T20:59:06.297Z ["[Lighter] Scripts routed to \"/sly.js\". \u001b[90mx1\u001b[39m"]
INFO 2014-11-18T20:59:06.306Z ["[Lighter] Models loaded. \u001b[90mx0\u001b[39m"]
INFO 2014-11-18T20:59:06.316Z ["[Lighter] Styles routed to \"/sly.css\". \u001b[90mx1\u001b[39m"]
INFO 2014-11-18T20:59:06.334Z ["[Lighter] Controllers loaded. \u001b[90mx2\u001b[39m"]
INFO 2014-11-18T20:59:06.345Z ["[Lighter] Controllers loaded. \u001b[90mx2\u001b[39m"]
INFO 2014-11-18T20:59:06.357Z ["[Lighter] Scripts routed to \"/sly.js\". \u001b[90mx1\u001b[39m"]
INFO 2014-11-18T20:59:06.357Z ["[Lighter] Scripts routed to \"/sly.js\". \u001b[90mx1\u001b[39m"]
INFO 2014-11-18T20:59:06.359Z ["[Lighter] Styles routed to \"/sly.css\". \u001b[90mx1\u001b[39m"]
INFO 2014-11-18T20:59:06.361Z ["[Lighter] Styles routed to \"/sly.css\". \u001b[90mx1\u001b[39m"]
INFO 2014-11-18T20:59:06.371Z ["[Lighter] Scripts routed to \"/sly.js\". \u001b[90mx1\u001b[39m"]
INFO 2014-11-18T20:59:06.374Z ["[Lighter] Styles routed to \"/sly.css\". \u001b[90mx1\u001b[39m"]
INFO 2014-11-18T20:59:06.374Z ["[Lighter] Scripts routed to \"/sly.js\". \u001b[90mx1\u001b[39m"]
INFO 2014-11-18T20:59:06.378Z ["[Lighter] Styles routed to \"/sly.css\". \u001b[90mx1\u001b[39m"]
INFO 2014-11-18T20:59:06.394Z ["[Lighter] Controllers loaded. \u001b[90mx2\u001b[39m"]
INFO 2014-11-18T20:59:06.396Z ["[Lighter] Controllers loaded. \u001b[90mx2\u001b[39m"]
INFO 2014-11-18T20:59:06.409Z ["[Lighter] Controllers loaded. \u001b[90mx2\u001b[39m"]
INFO 2014-11-18T20:59:06.414Z ["[Lighter] Controllers loaded. \u001b[90mx2\u001b[39m"]
INFO 2014-11-18T20:59:06.416Z ["[Lighter] Scripts routed to \"/sly.js\". \u001b[90mx1\u001b[39m"]
INFO 2014-11-18T20:59:06.423Z ["[Lighter] Scripts routed to \"/sly.js\". \u001b[90mx1\u001b[39m"]
INFO 2014-11-18T20:59:06.426Z ["[Lighter] Styles routed to \"/sly.css\". \u001b[90mx1\u001b[39m"]
INFO 2014-11-18T20:59:06.426Z ["[Lighter] Styles routed to \"/sly.css\". \u001b[90mx1\u001b[39m"]
INFO 2014-11-18T20:59:06.450Z ["[Lighter] Controllers loaded. \u001b[90mx2\u001b[39m"]
INFO 2014-11-18T20:59:06.452Z ["[Lighter] Controllers loaded. \u001b[90mx2\u001b[39m"]
INFO 2014-11-18T20:59:06.483Z ["[Lighter] Scripts routed to \"/a.js\". \u001b[90mx1\u001b[39m"]
INFO 2014-11-18T20:59:06.495Z ["[Lighter] Styles routed to \"/a.css\". \u001b[90mx1\u001b[39m"]
INFO 2014-11-18T20:59:06.523Z ["[Lighter] Scripts routed to \"/a.js\". \u001b[90mx1\u001b[39m"]
INFO 2014-11-18T20:59:06.527Z ["[Lighter] Scripts routed to \"/a.js\". \u001b[90mx1\u001b[39m"]
INFO 2014-11-18T20:59:06.541Z ["[Lighter] Styles routed to \"/a.css\". \u001b[90mx1\u001b[39m"]
INFO 2014-11-18T20:59:06.561Z ["[Lighter] Scripts routed to \"/a.js\". \u001b[90mx1\u001b[39m"]
INFO 2014-11-18T20:59:06.562Z ["[Lighter] Scripts routed to \"/a.js\". \u001b[90mx1\u001b[39m"]
INFO 2014-11-18T20:59:06.576Z ["[Lighter] Styles routed to \"/a.css\". \u001b[90mx1\u001b[39m"]
INFO 2014-11-18T20:59:06.578Z ["[Lighter] Scripts routed to \"/a.js\". \u001b[90mx1\u001b[39m"]
INFO 2014-11-18T20:59:06.604Z ["[Lighter] Scripts routed to \"/a.js\". \u001b[90mx1\u001b[39m"]
INFO 2014-11-18T20:59:06.609Z ["[Lighter] Scripts routed to \"/a.js\". \u001b[90mx1\u001b[39m"]
INFO 2014-11-18T20:59:06.629Z ["[Lighter] Styles routed to \"/a.css\". \u001b[90mx1\u001b[39m"]
INFO 2014-11-18T20:59:06.635Z ["[Lighter] Styles routed to \"/a.css\". \u001b[90mx1\u001b[39m"]
INFO 2014-11-18T20:59:06.661Z ["[Lighter] Styles routed to \"/a.css\". \u001b[90mx1\u001b[39m"]
INFO 2014-11-18T20:59:06.679Z ["[Lighter] Styles routed to \"/a.css\". \u001b[90mx1\u001b[39m"]
INFO 2014-11-18T20:59:06.687Z ["[Lighter] Styles routed to \"/a.css\". \u001b[90mx1\u001b[39m"]
INFO 2014-11-18T20:59:14.895Z ["[Lighter] Publics loaded. \u001b[90mx48\u001b[39m"]
INFO 2014-11-18T20:59:14.963Z ["[Lighter] Publics loaded. \u001b[90mx48\u001b[39m"]
INFO 2014-11-18T20:59:15.493Z ["[Lighter] Publics loaded. \u001b[90mx48\u001b[39m"]
INFO 2014-11-18T20:59:21.281Z ["[Lighter] Views loaded. \u001b[90mx30\u001b[39m"]
INFO 2014-11-18T20:59:21.404Z ["[Lighter] Views loaded. \u001b[90mx30\u001b[39m"]
INFO 2014-11-18T20:59:22.694Z ["[Lighter] Views loaded. \u001b[90mx30\u001b[39m"]
INFO 2014-11-18T20:59:22.750Z ["[Lighter] Views loaded. \u001b[90mx30\u001b[39m"]
INFO 2014-11-18T20:59:22.850Z ["[Lighter] Views loaded. \u001b[90mx30\u001b[39m"]
INFO 2014-11-18T20:59:22.885Z ["[Lighter] Publics loaded. \u001b[90mx48\u001b[39m"]
INFO 2014-11-18T20:59:22.907Z ["[Lighter] Views loaded. \u001b[90mx30\u001b[39m"]
INFO 2014-11-18T20:59:22.916Z ["[Lighter] Views loaded. \u001b[90mx30\u001b[39m"]
INFO 2014-11-18T20:59:22.981Z ["[Lighter] Publics loaded. \u001b[90mx48\u001b[39m"]
INFO 2014-11-18T20:59:23.030Z ["[D6] Views routed to \"/d6.js\"."]
INFO 2014-11-18T20:59:23.048Z ["[D6] Views routed to \"/d6.js\"."]
INFO 2014-11-18T20:59:23.063Z ["[D6] Views routed to \"/d6.js\"."]
INFO 2014-11-18T20:59:23.090Z ["[D6] Views routed to \"/d6.js\"."]
INFO 2014-11-18T20:59:23.139Z ["[Lighter] Publics loaded. \u001b[90mx48\u001b[39m"]
INFO 2014-11-18T20:59:23.172Z ["[Lighter] Publics loaded. \u001b[90mx48\u001b[39m"]
INFO 2014-11-18T20:59:23.221Z ["[D6] Views routed to \"/d6.js\"."]
INFO 2014-11-18T20:59:23.249Z ["[D6] Views routed to \"/d6.js\"."]
INFO 2014-11-18T20:59:23.252Z ["[Lighter] Publics loaded. \u001b[90mx48\u001b[39m"]
INFO 2014-11-18T20:59:23.324Z ["[D6] Views routed to \"/d6.js\"."]
INFO 2014-11-18T20:59:23.343Z ["[Lighter] Views loaded. \u001b[90mx30\u001b[39m"]
INFO 2014-11-18T20:59:23.406Z ["[D6] Views routed to \"/d6.js\"."]
INFO 2014-11-18T20:59:31.219Z ["[D6] Views routed to \"/d6.js\"."]
INFO 2014-11-18T20:59:31.235Z ["[D6] Views routed to \"/d6.js\"."]
INFO 2014-11-18T20:59:31.238Z ["[D6] Views routed to \"/d6.js\"."]
INFO 2014-11-18T20:59:31.245Z ["[D6] Views routed to \"/d6.js\"."]
INFO 2014-11-18T20:59:31.250Z ["[D6] Views routed to \"/d6.js\"."]
INFO 2014-11-18T20:59:31.268Z ["[D6] Views routed to \"/d6.js\"."]
INFO 2014-11-18T20:59:31.277Z ["[D6] Views routed to \"/d6.js\"."]
INFO 2014-11-18T20:59:31.283Z ["[D6] Views routed to \"/d6.js\"."]
WARN 2014-11-18T20:59:31.977Z ["[Lighter] Exiting due to file change in \"node_modules/aloha/package.json\"."]
WARN 2014-11-18T20:59:31.977Z ["[Lighter] Exiting due to file change in \"node_modules/aloha/package.json\"."]
WARN 2014-11-18T20:59:31.977Z ["[Lighter] Exiting due to file change in \"node_modules/aloha/package.json\"."]
WARN 2014-11-18T20:59:31.978Z ["[Lighter] Exiting due to file change in \"node_modules/aloha/package.json\"."]
WARN 2014-11-18T20:59:31.978Z ["[Lighter] Exiting due to file change in \"node_modules/aloha/package.json\"."]
WARN 2014-11-18T20:59:31.979Z ["[Lighter] Exiting due to file change in \"node_modules/aloha/package.json\"."]
WARN 2014-11-18T20:59:31.991Z ["[Lighter] Exiting due to file change in \"node_modules/aloha/package.json\"."]
WARN 2014-11-18T20:59:32.016Z ["[Lighter] Exiting due to file change in \"node_modules/aloha/package.json\"."]
ERROR 2014-11-18T20:59:32.047Z ["Worker 10524 died."]
INFO 2014-11-18T20:59:35.961Z ["[Lighter] Models loaded. \u001b[90mx0\u001b[39m"]
INFO 2014-11-18T20:59:35.979Z ["[Lighter] Models loaded. \u001b[90mx0\u001b[39m"]
INFO 2014-11-18T20:59:35.994Z ["[Lighter] Models loaded. \u001b[90mx0\u001b[39m"]
INFO 2014-11-18T20:59:36.014Z ["[Lighter] Models loaded. \u001b[90mx0\u001b[39m"]
INFO 2014-11-18T20:59:36.051Z ["[Lighter] Models loaded. \u001b[90mx0\u001b[39m"]
INFO 2014-11-18T20:59:36.072Z ["[Lighter] Scripts routed to \"/sly.js\". \u001b[90mx1\u001b[39m"]
INFO 2014-11-18T20:59:36.076Z ["[Lighter] Styles routed to \"/sly.css\". \u001b[90mx1\u001b[39m"]
INFO 2014-11-18T20:59:36.100Z ["[Lighter] Models loaded. \u001b[90mx0\u001b[39m"]
INFO 2014-11-18T20:59:36.105Z ["[Lighter] Controllers loaded. \u001b[90mx2\u001b[39m"]
INFO 2014-11-18T20:59:36.109Z ["[Lighter] Scripts routed to \"/sly.js\". \u001b[90mx1\u001b[39m"]
INFO 2014-11-18T20:59:36.117Z ["[Lighter] Styles routed to \"/sly.css\". \u001b[90mx1\u001b[39m"]
INFO 2014-11-18T20:59:36.123Z ["[Lighter] Scripts routed to \"/sly.js\". \u001b[90mx1\u001b[39m"]
INFO 2014-11-18T20:59:36.125Z ["[Lighter] Styles routed to \"/sly.css\". \u001b[90mx1\u001b[39m"]
INFO 2014-11-18T20:59:36.133Z ["[Lighter] Scripts routed to \"/sly.js\". \u001b[90mx1\u001b[39m"]
INFO 2014-11-18T20:59:36.138Z ["[Lighter] Styles routed to \"/sly.css\". \u001b[90mx1\u001b[39m"]
INFO 2014-11-18T20:59:36.139Z ["[Lighter] Controllers loaded. \u001b[90mx2\u001b[39m"]
INFO 2014-11-18T20:59:36.148Z ["[Lighter] Scripts routed to \"/sly.js\". \u001b[90mx1\u001b[39m"]
INFO 2014-11-18T20:59:36.155Z ["[Lighter] Models loaded. \u001b[90mx0\u001b[39m"]
INFO 2014-11-18T20:59:36.156Z ["[Lighter] Controllers loaded. \u001b[90mx2\u001b[39m"]
INFO 2014-11-18T20:59:36.169Z ["[Lighter] Styles routed to \"/sly.css\". \u001b[90mx1\u001b[39m"]
INFO 2014-11-18T20:59:36.171Z ["[Lighter] Controllers loaded. \u001b[90mx2\u001b[39m"]
INFO 2014-11-18T20:59:36.186Z ["[Lighter] Models loaded. \u001b[90mx0\u001b[39m"]
INFO 2014-11-18T20:59:36.198Z ["[Lighter] Controllers loaded. \u001b[90mx2\u001b[39m"]
INFO 2014-11-18T20:59:36.209Z ["[Lighter] Scripts routed to \"/sly.js\". \u001b[90mx1\u001b[39m"]
INFO 2014-11-18T20:59:36.222Z ["[Lighter] Styles routed to \"/sly.css\". \u001b[90mx1\u001b[39m"]
INFO 2014-11-18T20:59:36.242Z ["[Lighter] Controllers loaded. \u001b[90mx2\u001b[39m"]
INFO 2014-11-18T20:59:36.243Z ["[Lighter] Scripts routed to \"/sly.js\". \u001b[90mx1\u001b[39m"]
INFO 2014-11-18T20:59:36.255Z ["[Lighter] Styles routed to \"/sly.css\". \u001b[90mx1\u001b[39m"]
INFO 2014-11-18T20:59:36.275Z ["[Lighter] Controllers loaded. \u001b[90mx2\u001b[39m"]
INFO 2014-11-18T20:59:36.277Z ["[Lighter] Scripts routed to \"/a.js\". \u001b[90mx1\u001b[39m"]
INFO 2014-11-18T20:59:36.278Z ["[Lighter] Scripts routed to \"/a.js\". \u001b[90mx1\u001b[39m"]
INFO 2014-11-18T20:59:36.285Z ["[Lighter] Scripts routed to \"/sly.js\". \u001b[90mx1\u001b[39m"]
INFO 2014-11-18T20:59:36.289Z ["[Lighter] Styles routed to \"/sly.css\". \u001b[90mx1\u001b[39m"]
INFO 2014-11-18T20:59:36.299Z ["[Lighter] Styles routed to \"/a.css\". \u001b[90mx1\u001b[39m"]
INFO 2014-11-18T20:59:36.316Z ["[Lighter] Scripts routed to \"/a.js\". \u001b[90mx1\u001b[39m"]
INFO 2014-11-18T20:59:36.321Z ["[Lighter] Styles routed to \"/a.css\". \u001b[90mx1\u001b[39m"]
INFO 2014-11-18T20:59:36.324Z ["[Lighter] Controllers loaded. \u001b[90mx2\u001b[39m"]
INFO 2014-11-18T20:59:36.336Z ["[Lighter] Scripts routed to \"/a.js\". \u001b[90mx1\u001b[39m"]
INFO 2014-11-18T20:59:36.354Z ["[Lighter] Styles routed to \"/a.css\". \u001b[90mx1\u001b[39m"]
INFO 2014-11-18T20:59:36.362Z ["[Lighter] Styles routed to \"/a.css\". \u001b[90mx1\u001b[39m"]
INFO 2014-11-18T20:59:36.366Z ["[Lighter] Scripts routed to \"/a.js\". \u001b[90mx1\u001b[39m"]
INFO 2014-11-18T20:59:36.392Z ["[Lighter] Scripts routed to \"/a.js\". \u001b[90mx1\u001b[39m"]
INFO 2014-11-18T20:59:36.392Z ["[Lighter] Styles routed to \"/a.css\". \u001b[90mx1\u001b[39m"]
INFO 2014-11-18T20:59:36.423Z ["[Lighter] Styles routed to \"/a.css\". \u001b[90mx1\u001b[39m"]
INFO 2014-11-18T20:59:36.447Z ["[Lighter] Scripts routed to \"/a.js\". \u001b[90mx1\u001b[39m"]
INFO 2014-11-18T20:59:36.458Z ["[Lighter] Styles routed to \"/a.css\". \u001b[90mx1\u001b[39m"]
INFO 2014-11-18T20:59:36.488Z ["[Lighter] Scripts routed to \"/a.js\". \u001b[90mx1\u001b[39m"]
INFO 2014-11-18T20:59:36.503Z ["[Lighter] Styles routed to \"/a.css\". \u001b[90mx1\u001b[39m"]
INFO 2014-11-18T20:59:44.972Z ["[Lighter] Views loaded. \u001b[90mx30\u001b[39m"]
INFO 2014-11-18T20:59:45.083Z ["[Lighter] Publics loaded. \u001b[90mx48\u001b[39m"]
INFO 2014-11-18T20:59:45.294Z ["[Lighter] Publics loaded. \u001b[90mx48\u001b[39m"]
INFO 2014-11-18T20:59:45.486Z ["[Lighter] Publics loaded. \u001b[90mx48\u001b[39m"]
INFO 2014-11-18T20:59:45.492Z ["[Lighter] Publics loaded. \u001b[90mx48\u001b[39m"]
INFO 2014-11-18T20:59:52.007Z ["[Lighter] Views loaded. \u001b[90mx30\u001b[39m"]
INFO 2014-11-18T20:59:52.685Z ["[Lighter] Views loaded. \u001b[90mx30\u001b[39m"]
INFO 2014-11-18T20:59:52.861Z ["[Lighter] Publics loaded. \u001b[90mx48\u001b[39m"]
INFO 2014-11-18T20:59:52.895Z ["[Lighter] Views loaded. \u001b[90mx30\u001b[39m"]
INFO 2014-11-18T20:59:53.037Z ["[D6] Views routed to \"/d6.js\"."]
INFO 2014-11-18T20:59:53.152Z ["[Lighter] Publics loaded. \u001b[90mx48\u001b[39m"]
INFO 2014-11-18T20:59:53.268Z ["[Lighter] Publics loaded. \u001b[90mx48\u001b[39m"]
INFO 2014-11-18T20:59:53.285Z ["[D6] Views routed to \"/d6.js\"."]
INFO 2014-11-18T20:59:53.362Z ["[Lighter] Publics loaded. \u001b[90mx48\u001b[39m"]
INFO 2014-11-18T20:59:53.375Z ["[D6] Views routed to \"/d6.js\"."]
INFO 2014-11-18T20:59:53.396Z ["[Lighter] Views loaded. \u001b[90mx30\u001b[39m"]
INFO 2014-11-18T20:59:53.459Z ["[D6] Views routed to \"/d6.js\"."]
INFO 2014-11-18T20:59:53.474Z ["[Lighter] Views loaded. \u001b[90mx30\u001b[39m"]
INFO 2014-11-18T20:59:53.505Z ["[D6] Views routed to \"/d6.js\"."]
INFO 2014-11-18T20:59:53.556Z ["[D6] Views routed to \"/d6.js\"."]
INFO 2014-11-18T20:59:53.584Z ["[Lighter] Views loaded. \u001b[90mx30\u001b[39m"]
INFO 2014-11-18T20:59:53.627Z ["[Lighter] Views loaded. \u001b[90mx30\u001b[39m"]
INFO 2014-11-18T20:59:53.651Z ["[D6] Views routed to \"/d6.js\"."]
INFO 2014-11-18T20:59:53.690Z ["[D6] Views routed to \"/d6.js\"."]
INFO 2014-11-18T20:59:56.699Z ["[D6] Views routed to \"/d6.js\"."]
INFO 2014-11-18T20:59:56.704Z ["[D6] Views routed to \"/d6.js\"."]
INFO 2014-11-18T20:59:56.708Z ["[D6] Views routed to \"/d6.js\"."]
INFO 2014-11-18T20:59:56.715Z ["[D6] Views routed to \"/d6.js\"."]
INFO 2014-11-18T20:59:56.720Z ["[D6] Views routed to \"/d6.js\"."]
INFO 2014-11-18T20:59:56.726Z ["[D6] Views routed to \"/d6.js\"."]
INFO 2014-11-18T20:59:56.731Z ["[D6] Views routed to \"/d6.js\"."]
INFO 2014-11-18T20:59:56.747Z ["[D6] Views routed to \"/d6.js\"."]
WARN 2014-11-18T20:59:57.918Z ["[Lighter] Exiting due to file change in \"node_modules/aloha/package.json\"."]
WARN 2014-11-18T20:59:57.918Z ["[Lighter] Exiting due to file change in \"node_modules/aloha/package.json\"."]
WARN 2014-11-18T20:59:57.918Z ["[Lighter] Exiting due to file change in \"node_modules/aloha/package.json\"."]
WARN 2014-11-18T20:59:57.919Z ["[Lighter] Exiting due to file change in \"node_modules/aloha/package.json\"."]
WARN 2014-11-18T20:59:57.919Z ["[Lighter] Exiting due to file change in \"node_modules/aloha/package.json\"."]
WARN 2014-11-18T20:59:57.920Z ["[Lighter] Exiting due to file change in \"node_modules/aloha/package.json\"."]
WARN 2014-11-18T20:59:57.921Z ["[Lighter] Exiting due to file change in \"node_modules/aloha/package.json\"."]
WARN 2014-11-18T20:59:57.944Z ["[Lighter] Exiting due to file change in \"node_modules/aloha/package.json\"."]
ERROR 2014-11-18T20:59:57.991Z ["Worker 11199 died."]
