INFO 2014-11-18T20:54:55.918Z ["[Lighter] Models loaded. \u001b[90mx0\u001b[39m"]
INFO 2014-11-18T20:54:55.920Z ["[Lighter] Models loaded. \u001b[90mx0\u001b[39m"]
INFO 2014-11-18T20:54:55.921Z ["[Lighter] Models loaded. \u001b[90mx0\u001b[39m"]
INFO 2014-11-18T20:54:55.923Z ["[Lighter] Models loaded. \u001b[90mx0\u001b[39m"]
INFO 2014-11-18T20:54:55.925Z ["[Lighter] Models loaded. \u001b[90mx0\u001b[39m"]
INFO 2014-11-18T20:54:55.927Z ["[Lighter] Models loaded. \u001b[90mx0\u001b[39m"]
INFO 2014-11-18T20:54:55.930Z ["[Lighter] Models loaded. \u001b[90mx0\u001b[39m"]
INFO 2014-11-18T20:54:55.931Z ["[Lighter] Models loaded. \u001b[90mx0\u001b[39m"]
INFO 2014-11-18T20:54:55.935Z ["[Lighter] Scripts routed to \"/sly.js\". \u001b[90mx1\u001b[39m"]
INFO 2014-11-18T20:54:55.936Z ["[Lighter] Styles routed to \"/sly.css\". \u001b[90mx1\u001b[39m"]
INFO 2014-11-18T20:54:55.936Z ["[Lighter] Scripts routed to \"/sly.js\". \u001b[90mx1\u001b[39m"]
INFO 2014-11-18T20:54:55.936Z ["[Lighter] Styles routed to \"/sly.css\". \u001b[90mx1\u001b[39m"]
INFO 2014-11-18T20:54:55.937Z ["[Lighter] Scripts routed to \"/sly.js\". \u001b[90mx1\u001b[39m"]
INFO 2014-11-18T20:54:55.938Z ["[Lighter] Styles routed to \"/sly.css\". \u001b[90mx1\u001b[39m"]
INFO 2014-11-18T20:54:55.938Z ["[Lighter] Scripts routed to \"/sly.js\". \u001b[90mx1\u001b[39m"]
INFO 2014-11-18T20:54:55.939Z ["[Lighter] Controllers loaded. \u001b[90mx2\u001b[39m"]
INFO 2014-11-18T20:54:55.939Z ["[Lighter] Styles routed to \"/sly.css\". \u001b[90mx1\u001b[39m"]
INFO 2014-11-18T20:54:55.940Z ["[Lighter] Scripts routed to \"/sly.js\". \u001b[90mx1\u001b[39m"]
INFO 2014-11-18T20:54:55.940Z ["[Lighter] Controllers loaded. \u001b[90mx2\u001b[39m"]
INFO 2014-11-18T20:54:55.941Z ["[Lighter] Styles routed to \"/sly.css\". \u001b[90mx1\u001b[39m"]
INFO 2014-11-18T20:54:55.941Z ["[Lighter] Controllers loaded. \u001b[90mx2\u001b[39m"]
INFO 2014-11-18T20:54:55.943Z ["[Lighter] Scripts routed to \"/sly.js\". \u001b[90mx1\u001b[39m"]
INFO 2014-11-18T20:54:55.943Z ["[Lighter] Controllers loaded. \u001b[90mx2\u001b[39m"]
INFO 2014-11-18T20:54:55.944Z ["[Lighter] Styles routed to \"/sly.css\". \u001b[90mx1\u001b[39m"]
INFO 2014-11-18T20:54:55.945Z ["[Lighter] Controllers loaded. \u001b[90mx2\u001b[39m"]
INFO 2014-11-18T20:54:55.945Z ["[Lighter] Scripts routed to \"/sly.js\". \u001b[90mx1\u001b[39m"]
INFO 2014-11-18T20:54:55.945Z ["[Lighter] Scripts routed to \"/sly.js\". \u001b[90mx1\u001b[39m"]
INFO 2014-11-18T20:54:55.946Z ["[Lighter] Styles routed to \"/sly.css\". \u001b[90mx1\u001b[39m"]
INFO 2014-11-18T20:54:55.946Z ["[Lighter] Controllers loaded. \u001b[90mx2\u001b[39m"]
INFO 2014-11-18T20:54:55.947Z ["[Lighter] Styles routed to \"/sly.css\". \u001b[90mx1\u001b[39m"]
INFO 2014-11-18T20:54:55.948Z ["[Lighter] Controllers loaded. \u001b[90mx2\u001b[39m"]
INFO 2014-11-18T20:54:55.950Z ["[Lighter] Controllers loaded. \u001b[90mx2\u001b[39m"]
INFO 2014-11-18T20:54:55.963Z ["[Lighter] Scripts routed to \"/a.js\". \u001b[90mx1\u001b[39m"]
INFO 2014-11-18T20:54:55.963Z ["[Lighter] Scripts routed to \"/a.js\". \u001b[90mx1\u001b[39m"]
INFO 2014-11-18T20:54:55.966Z ["[Lighter] Scripts routed to \"/a.js\". \u001b[90mx1\u001b[39m"]
INFO 2014-11-18T20:54:55.967Z ["[Lighter] Styles routed to \"/a.css\". \u001b[90mx1\u001b[39m"]
INFO 2014-11-18T20:54:55.967Z ["[Lighter] Scripts routed to \"/a.js\". \u001b[90mx1\u001b[39m"]
INFO 2014-11-18T20:54:55.971Z ["[Lighter] Scripts routed to \"/a.js\". \u001b[90mx1\u001b[39m"]
INFO 2014-11-18T20:54:55.972Z ["[Lighter] Styles routed to \"/a.css\". \u001b[90mx1\u001b[39m"]
INFO 2014-11-18T20:54:55.974Z ["[Lighter] Styles routed to \"/a.css\". \u001b[90mx1\u001b[39m"]
INFO 2014-11-18T20:54:55.978Z ["[Lighter] Scripts routed to \"/a.js\". \u001b[90mx1\u001b[39m"]
INFO 2014-11-18T20:54:55.985Z ["[Lighter] Scripts routed to \"/a.js\". \u001b[90mx1\u001b[39m"]
INFO 2014-11-18T20:54:55.995Z ["[Lighter] Scripts routed to \"/a.js\". \u001b[90mx1\u001b[39m"]
INFO 2014-11-18T20:54:56.001Z ["[Lighter] Styles routed to \"/a.css\". \u001b[90mx1\u001b[39m"]
INFO 2014-11-18T20:54:56.014Z ["[Lighter] Styles routed to \"/a.css\". \u001b[90mx1\u001b[39m"]
INFO 2014-11-18T20:54:56.017Z ["[Lighter] Styles routed to \"/a.css\". \u001b[90mx1\u001b[39m"]
INFO 2014-11-18T20:54:56.018Z ["[Lighter] Styles routed to \"/a.css\". \u001b[90mx1\u001b[39m"]
INFO 2014-11-18T20:54:56.025Z ["[Lighter] Styles routed to \"/a.css\". \u001b[90mx1\u001b[39m"]
INFO 2014-11-18T20:54:57.575Z ["[Lighter] Views loaded. \u001b[90mx30\u001b[39m"]
INFO 2014-11-18T20:54:57.581Z ["[Lighter] Views loaded. \u001b[90mx30\u001b[39m"]
INFO 2014-11-18T20:54:57.722Z ["[Lighter] Publics loaded. \u001b[90mx48\u001b[39m"]
INFO 2014-11-18T20:54:58.955Z ["[Lighter] Views loaded. \u001b[90mx30\u001b[39m"]
INFO 2014-11-18T20:54:59.038Z ["[Lighter] Views loaded. \u001b[90mx30\u001b[39m"]
INFO 2014-11-18T20:54:59.167Z ["[Lighter] Views loaded. \u001b[90mx30\u001b[39m"]
INFO 2014-11-18T20:54:59.168Z ["[Lighter] Publics loaded. \u001b[90mx48\u001b[39m"]
INFO 2014-11-18T20:54:59.203Z ["[D6] Views routed to \"/d6.js\"."]
INFO 2014-11-18T20:54:59.207Z ["[Lighter] Publics loaded. \u001b[90mx48\u001b[39m"]
INFO 2014-11-18T20:54:59.208Z ["[Lighter] Publics loaded. \u001b[90mx48\u001b[39m"]
INFO 2014-11-18T20:54:59.226Z ["[Lighter] Views loaded. \u001b[90mx30\u001b[39m"]
INFO 2014-11-18T20:54:59.231Z ["[D6] Views routed to \"/d6.js\"."]
INFO 2014-11-18T20:54:59.235Z ["[D6] Views routed to \"/d6.js\"."]
INFO 2014-11-18T20:54:59.293Z ["[Lighter] Publics loaded. \u001b[90mx48\u001b[39m"]
INFO 2014-11-18T20:54:59.314Z ["[D6] Views routed to \"/d6.js\"."]
INFO 2014-11-18T20:54:59.317Z ["[Lighter] Views loaded. \u001b[90mx30\u001b[39m"]
INFO 2014-11-18T20:54:59.321Z ["[Lighter] Publics loaded. \u001b[90mx48\u001b[39m"]
INFO 2014-11-18T20:54:59.336Z ["[Lighter] Publics loaded. \u001b[90mx48\u001b[39m"]
INFO 2014-11-18T20:54:59.340Z ["[D6] Views routed to \"/d6.js\"."]
INFO 2014-11-18T20:54:59.358Z ["[D6] Views routed to \"/d6.js\"."]
INFO 2014-11-18T20:54:59.363Z ["[Lighter] Views loaded. \u001b[90mx30\u001b[39m"]
INFO 2014-11-18T20:54:59.379Z ["[D6] Views routed to \"/d6.js\"."]
INFO 2014-11-18T20:54:59.393Z ["[Lighter] Publics loaded. \u001b[90mx48\u001b[39m"]
INFO 2014-11-18T20:54:59.407Z ["[D6] Views routed to \"/d6.js\"."]
