WARN 2014-12-03T17:18:03.842Z ["[Lighter] Changed \u001b[36m~/Workspace/za/test/middleware-test.js\u001b[39m."]
INFO 2014-12-03T17:18:04.643Z ["[Lighter] Models loaded. \u001b[90mx0\u001b[39m"]
INFO 2014-12-03T17:18:04.654Z ["[Lighter] Scripts routed to \u001b[36m/sly.js\u001b[39m. \u001b[90mx1\u001b[39m"]
INFO 2014-12-03T17:18:04.655Z ["[Lighter] Styles routed to \u001b[36m/sly.css\u001b[39m. \u001b[90mx1\u001b[39m"]
INFO 2014-12-03T17:18:04.659Z ["[Lighter] Controllers loaded. \u001b[90mx2\u001b[39m"]
INFO 2014-12-03T17:18:04.696Z ["[Lighter] Scripts routed to \u001b[36m/a.js\u001b[39m. \u001b[90mx1\u001b[39m"]
INFO 2014-12-03T17:18:04.697Z ["[Lighter] Styles routed to \u001b[36m/a.css\u001b[39m. \u001b[90mx1\u001b[39m"]
INFO 2014-12-03T17:18:06.689Z ["[Lighter] Views loaded. \u001b[90mx30\u001b[39m"]
INFO 2014-12-03T17:18:06.894Z ["[Lighter] Publics loaded. \u001b[90mx48\u001b[39m"]
INFO 2014-12-03T17:18:06.909Z ["[D6] Views routed to \u001b[36m/d6.js\u001b[39m."]
WARN 2014-12-03T17:18:23.928Z ["[Lighter] Changed \u001b[36m~/Workspace/za/test/middleware-test.js\u001b[39m."]
INFO 2014-12-03T17:18:24.720Z ["[Lighter] Models loaded. \u001b[90mx0\u001b[39m"]
INFO 2014-12-03T17:18:24.729Z ["[Lighter] Scripts routed to \u001b[36m/sly.js\u001b[39m. \u001b[90mx1\u001b[39m"]
INFO 2014-12-03T17:18:24.730Z ["[Lighter] Styles routed to \u001b[36m/sly.css\u001b[39m. \u001b[90mx1\u001b[39m"]
INFO 2014-12-03T17:18:24.733Z ["[Lighter] Controllers loaded. \u001b[90mx2\u001b[39m"]
INFO 2014-12-03T17:18:24.752Z ["[Lighter] Scripts routed to \u001b[36m/a.js\u001b[39m. \u001b[90mx1\u001b[39m"]
INFO 2014-12-03T17:18:24.756Z ["[Lighter] Styles routed to \u001b[36m/a.css\u001b[39m. \u001b[90mx1\u001b[39m"]
INFO 2014-12-03T17:18:26.999Z ["[Lighter] Views loaded. \u001b[90mx30\u001b[39m"]
INFO 2014-12-03T17:18:27.063Z ["[Lighter] Publics loaded. \u001b[90mx48\u001b[39m"]
INFO 2014-12-03T17:18:27.081Z ["[D6] Views routed to \u001b[36m/d6.js\u001b[39m."]
WARN 2014-12-03T17:18:33.778Z ["[Lighter] Changed \u001b[36m~/Workspace/za/test/middleware-test.js\u001b[39m."]
INFO 2014-12-03T17:18:34.573Z ["[Lighter] Models loaded. \u001b[90mx0\u001b[39m"]
INFO 2014-12-03T17:18:34.585Z ["[Lighter] Scripts routed to \u001b[36m/sly.js\u001b[39m. \u001b[90mx1\u001b[39m"]
INFO 2014-12-03T17:18:34.585Z ["[Lighter] Styles routed to \u001b[36m/sly.css\u001b[39m. \u001b[90mx1\u001b[39m"]
INFO 2014-12-03T17:18:34.589Z ["[Lighter] Controllers loaded. \u001b[90mx2\u001b[39m"]
INFO 2014-12-03T17:18:34.603Z ["[Lighter] Scripts routed to \u001b[36m/a.js\u001b[39m. \u001b[90mx1\u001b[39m"]
INFO 2014-12-03T17:18:34.606Z ["[Lighter] Styles routed to \u001b[36m/a.css\u001b[39m. \u001b[90mx1\u001b[39m"]
INFO 2014-12-03T17:18:35.862Z ["[Lighter] Publics loaded. \u001b[90mx48\u001b[39m"]
INFO 2014-12-03T17:18:36.847Z ["[Lighter] Views loaded. \u001b[90mx30\u001b[39m"]
INFO 2014-12-03T17:18:37.605Z ["[Lighter] Models loaded. \u001b[90mx0\u001b[39m"]
INFO 2014-12-03T17:18:37.615Z ["[Lighter] Scripts routed to \u001b[36m/sly.js\u001b[39m. \u001b[90mx1\u001b[39m"]
INFO 2014-12-03T17:18:37.616Z ["[Lighter] Styles routed to \u001b[36m/sly.css\u001b[39m. \u001b[90mx1\u001b[39m"]
INFO 2014-12-03T17:18:37.618Z ["[Lighter] Controllers loaded. \u001b[90mx2\u001b[39m"]
INFO 2014-12-03T17:18:37.630Z ["[Lighter] Scripts routed to \u001b[36m/a.js\u001b[39m. \u001b[90mx1\u001b[39m"]
INFO 2014-12-03T17:18:37.632Z ["[Lighter] Styles routed to \u001b[36m/a.css\u001b[39m. \u001b[90mx1\u001b[39m"]
INFO 2014-12-03T17:18:39.466Z ["[Lighter] Views loaded. \u001b[90mx30\u001b[39m"]
INFO 2014-12-03T17:18:39.640Z ["[Lighter] Publics loaded. \u001b[90mx48\u001b[39m"]
INFO 2014-12-03T17:18:39.653Z ["[D6] Views routed to \u001b[36m/d6.js\u001b[39m."]
WARN 2014-12-03T17:18:45.201Z ["[Lighter] Changed \u001b[36m~/Workspace/za/test/middleware-test.js\u001b[39m."]
INFO 2014-12-03T17:18:45.957Z ["[Lighter] Models loaded. \u001b[90mx0\u001b[39m"]
INFO 2014-12-03T17:18:45.965Z ["[Lighter] Scripts routed to \u001b[36m/sly.js\u001b[39m. \u001b[90mx1\u001b[39m"]
INFO 2014-12-03T17:18:45.966Z ["[Lighter] Styles routed to \u001b[36m/sly.css\u001b[39m. \u001b[90mx1\u001b[39m"]
INFO 2014-12-03T17:18:45.968Z ["[Lighter] Controllers loaded. \u001b[90mx2\u001b[39m"]
INFO 2014-12-03T17:18:45.979Z ["[Lighter] Scripts routed to \u001b[36m/a.js\u001b[39m. \u001b[90mx1\u001b[39m"]
INFO 2014-12-03T17:18:45.981Z ["[Lighter] Styles routed to \u001b[36m/a.css\u001b[39m. \u001b[90mx1\u001b[39m"]
INFO 2014-12-03T17:18:47.231Z ["[Lighter] Publics loaded. \u001b[90mx48\u001b[39m"]
INFO 2014-12-03T17:18:48.295Z ["[Lighter] Views loaded. \u001b[90mx30\u001b[39m"]
INFO 2014-12-03T17:18:48.311Z ["[D6] Views routed to \u001b[36m/d6.js\u001b[39m."]
WARN 2014-12-03T17:18:58.601Z ["[Lighter] Changed \u001b[36m~/Workspace/za/test/middleware-test.js\u001b[39m."]
INFO 2014-12-03T17:18:59.415Z ["[Lighter] Models loaded. \u001b[90mx0\u001b[39m"]
INFO 2014-12-03T17:18:59.425Z ["[Lighter] Scripts routed to \u001b[36m/sly.js\u001b[39m. \u001b[90mx1\u001b[39m"]
INFO 2014-12-03T17:18:59.425Z ["[Lighter] Styles routed to \u001b[36m/sly.css\u001b[39m. \u001b[90mx1\u001b[39m"]
INFO 2014-12-03T17:18:59.428Z ["[Lighter] Controllers loaded. \u001b[90mx2\u001b[39m"]
INFO 2014-12-03T17:18:59.444Z ["[Lighter] Scripts routed to \u001b[36m/a.js\u001b[39m. \u001b[90mx1\u001b[39m"]
INFO 2014-12-03T17:18:59.447Z ["[Lighter] Styles routed to \u001b[36m/a.css\u001b[39m. \u001b[90mx1\u001b[39m"]
INFO 2014-12-03T17:19:00.633Z ["[Lighter] Views loaded. \u001b[90mx30\u001b[39m"]
