INFO 2014-12-03T17:19:01.796Z ["[Lighter] Publics loaded. \u001b[90mx48\u001b[39m"]
INFO 2014-12-03T17:19:01.810Z ["[D6] Views routed to \u001b[36m/d6.js\u001b[39m."]
WARN 2014-12-03T17:19:11.996Z ["[Lighter] Changed \u001b[36m~/Workspace/za/test/middleware-test.js\u001b[39m."]
INFO 2014-12-03T17:19:12.803Z ["[Lighter] Models loaded. \u001b[90mx0\u001b[39m"]
INFO 2014-12-03T17:19:12.814Z ["[Lighter] Scripts routed to \u001b[36m/sly.js\u001b[39m. \u001b[90mx1\u001b[39m"]
INFO 2014-12-03T17:19:12.815Z ["[Lighter] Styles routed to \u001b[36m/sly.css\u001b[39m. \u001b[90mx1\u001b[39m"]
INFO 2014-12-03T17:19:12.819Z ["[Lighter] Controllers loaded. \u001b[90mx2\u001b[39m"]
INFO 2014-12-03T17:19:12.839Z ["[Lighter] Scripts routed to \u001b[36m/a.js\u001b[39m. \u001b[90mx1\u001b[39m"]
INFO 2014-12-03T17:19:12.842Z ["[Lighter] Styles routed to \u001b[36m/a.css\u001b[39m. \u001b[90mx1\u001b[39m"]
INFO 2014-12-03T17:19:15.050Z ["[Lighter] Views loaded. \u001b[90mx30\u001b[39m"]
INFO 2014-12-03T17:19:15.113Z ["[Lighter] Publics loaded. \u001b[90mx48\u001b[39m"]
INFO 2014-12-03T17:19:15.128Z ["[D6] Views routed to \u001b[36m/d6.js\u001b[39m."]
WARN 2014-12-03T17:19:23.879Z ["[Lighter] Changed \u001b[36m~/Workspace/za/test/middleware-test.js\u001b[39m."]
INFO 2014-12-03T17:19:24.688Z ["[Lighter] Models loaded. \u001b[90mx0\u001b[39m"]
INFO 2014-12-03T17:19:24.696Z ["[Lighter] Scripts routed to \u001b[36m/sly.js\u001b[39m. \u001b[90mx1\u001b[39m"]
INFO 2014-12-03T17:19:24.697Z ["[Lighter] Styles routed to \u001b[36m/sly.css\u001b[39m. \u001b[90mx1\u001b[39m"]
INFO 2014-12-03T17:19:24.700Z ["[Lighter] Controllers loaded. \u001b[90mx2\u001b[39m"]
INFO 2014-12-03T17:19:24.717Z ["[Lighter] Scripts routed to \u001b[36m/a.js\u001b[39m. \u001b[90mx1\u001b[39m"]
INFO 2014-12-03T17:19:24.720Z ["[Lighter] Styles routed to \u001b[36m/a.css\u001b[39m. \u001b[90mx1\u001b[39m"]
INFO 2014-12-03T17:19:26.901Z ["[Lighter] Views loaded. \u001b[90mx30\u001b[39m"]
INFO 2014-12-03T17:19:27.008Z ["[Lighter] Publics loaded. \u001b[90mx48\u001b[39m"]
INFO 2014-12-03T17:19:27.023Z ["[D6] Views routed to \u001b[36m/d6.js\u001b[39m."]
WARN 2014-12-03T17:19:47.337Z ["[Lighter] Changed \u001b[36m~/Workspace/za/test/middleware-test.js\u001b[39m."]
INFO 2014-12-03T17:19:48.160Z ["[Lighter] Models loaded. \u001b[90mx0\u001b[39m"]
INFO 2014-12-03T17:19:48.173Z ["[Lighter] Scripts routed to \u001b[36m/sly.js\u001b[39m. \u001b[90mx1\u001b[39m"]
INFO 2014-12-03T17:19:48.174Z ["[Lighter] Styles routed to \u001b[36m/sly.css\u001b[39m. \u001b[90mx1\u001b[39m"]
INFO 2014-12-03T17:19:48.180Z ["[Lighter] Controllers loaded. \u001b[90mx2\u001b[39m"]
INFO 2014-12-03T17:19:48.195Z ["[Lighter] Scripts routed to \u001b[36m/a.js\u001b[39m. \u001b[90mx1\u001b[39m"]
INFO 2014-12-03T17:19:48.198Z ["[Lighter] Styles routed to \u001b[36m/a.css\u001b[39m. \u001b[90mx1\u001b[39m"]
INFO 2014-12-03T17:19:50.380Z ["[Lighter] Views loaded. \u001b[90mx30\u001b[39m"]
INFO 2014-12-03T17:19:50.447Z ["[Lighter] Publics loaded. \u001b[90mx48\u001b[39m"]
INFO 2014-12-03T17:19:50.463Z ["[D6] Views routed to \u001b[36m/d6.js\u001b[39m."]
WARN 2014-12-03T17:19:56.044Z ["[Lighter] Changed \u001b[36m~/Workspace/za/test/middleware-test.js\u001b[39m."]
INFO 2014-12-03T17:19:56.852Z ["[Lighter] Models loaded. \u001b[90mx0\u001b[39m"]
INFO 2014-12-03T17:19:56.865Z ["[Lighter] Scripts routed to \u001b[36m/sly.js\u001b[39m. \u001b[90mx1\u001b[39m"]
INFO 2014-12-03T17:19:56.866Z ["[Lighter] Styles routed to \u001b[36m/sly.css\u001b[39m. \u001b[90mx1\u001b[39m"]
INFO 2014-12-03T17:19:56.869Z ["[Lighter] Controllers loaded. \u001b[90mx2\u001b[39m"]
INFO 2014-12-03T17:19:56.886Z ["[Lighter] Scripts routed to \u001b[36m/a.js\u001b[39m. \u001b[90mx1\u001b[39m"]
INFO 2014-12-03T17:19:56.889Z ["[Lighter] Styles routed to \u001b[36m/a.css\u001b[39m. \u001b[90mx1\u001b[39m"]
INFO 2014-12-03T17:19:59.101Z ["[Lighter] Views loaded. \u001b[90mx30\u001b[39m"]
INFO 2014-12-03T17:19:59.167Z ["[Lighter] Publics loaded. \u001b[90mx48\u001b[39m"]
INFO 2014-12-03T17:19:59.183Z ["[D6] Views routed to \u001b[36m/d6.js\u001b[39m."]
