INFO 2014-12-03T16:58:18.259Z ["[Lighter] Models loaded. \u001b[90mx0\u001b[39m"]
INFO 2014-12-03T16:58:18.268Z ["[Lighter] Scripts routed to \u001b[36m/sly.js\u001b[39m. \u001b[90mx1\u001b[39m"]
INFO 2014-12-03T16:58:18.269Z ["[Lighter] Styles routed to \u001b[36m/sly.css\u001b[39m. \u001b[90mx1\u001b[39m"]
INFO 2014-12-03T16:58:18.271Z ["[Lighter] Controllers loaded. \u001b[90mx2\u001b[39m"]
INFO 2014-12-03T16:58:18.285Z ["[Lighter] Scripts routed to \u001b[36m/a.js\u001b[39m. \u001b[90mx1\u001b[39m"]
INFO 2014-12-03T16:58:18.287Z ["[Lighter] Styles routed to \u001b[36m/a.css\u001b[39m. \u001b[90mx1\u001b[39m"]
INFO 2014-12-03T16:58:20.402Z ["[Lighter] Views loaded. \u001b[90mx30\u001b[39m"]
INFO 2014-12-03T16:58:20.475Z ["[Lighter] Publics loaded. \u001b[90mx48\u001b[39m"]
WARN 2014-12-03T16:58:20.483Z ["[Lighter] Changed \u001b[36m~/Workspace/za/lib/server.js\u001b[39m."]
INFO 2014-12-03T16:58:21.255Z ["[Lighter] Models loaded. \u001b[90mx0\u001b[39m"]
INFO 2014-12-03T16:58:21.263Z ["[Lighter] Scripts routed to \u001b[36m/sly.js\u001b[39m. \u001b[90mx1\u001b[39m"]
INFO 2014-12-03T16:58:21.264Z ["[Lighter] Styles routed to \u001b[36m/sly.css\u001b[39m. \u001b[90mx1\u001b[39m"]
INFO 2014-12-03T16:58:21.266Z ["[Lighter] Controllers loaded. \u001b[90mx2\u001b[39m"]
INFO 2014-12-03T16:58:21.280Z ["[Lighter] Scripts routed to \u001b[36m/a.js\u001b[39m. \u001b[90mx1\u001b[39m"]
INFO 2014-12-03T16:58:21.282Z ["[Lighter] Styles routed to \u001b[36m/a.css\u001b[39m. \u001b[90mx1\u001b[39m"]
INFO 2014-12-03T16:58:22.184Z ["[Lighter] Views loaded. \u001b[90mx30\u001b[39m"]
INFO 2014-12-03T16:58:23.254Z ["[Lighter] Publics loaded. \u001b[90mx48\u001b[39m"]
INFO 2014-12-03T16:58:23.271Z ["[D6] Views routed to \u001b[36m/d6.js\u001b[39m."]
WARN 2014-12-03T16:58:43.394Z ["[Lighter] Changed \u001b[36m~/Workspace/za/lib/server.js\u001b[39m."]
INFO 2014-12-03T16:58:44.177Z ["[Lighter] Models loaded. \u001b[90mx0\u001b[39m"]
INFO 2014-12-03T16:58:44.186Z ["[Lighter] Scripts routed to \u001b[36m/sly.js\u001b[39m. \u001b[90mx1\u001b[39m"]
INFO 2014-12-03T16:58:44.186Z ["[Lighter] Styles routed to \u001b[36m/sly.css\u001b[39m. \u001b[90mx1\u001b[39m"]
INFO 2014-12-03T16:58:44.189Z ["[Lighter] Controllers loaded. \u001b[90mx2\u001b[39m"]
INFO 2014-12-03T16:58:44.205Z ["[Lighter] Scripts routed to \u001b[36m/a.js\u001b[39m. \u001b[90mx1\u001b[39m"]
INFO 2014-12-03T16:58:44.208Z ["[Lighter] Styles routed to \u001b[36m/a.css\u001b[39m. \u001b[90mx1\u001b[39m"]
INFO 2014-12-03T16:58:46.279Z ["[Lighter] Views loaded. \u001b[90mx30\u001b[39m"]
INFO 2014-12-03T16:58:46.344Z ["[Lighter] Publics loaded. \u001b[90mx48\u001b[39m"]
INFO 2014-12-03T16:58:46.359Z ["[D6] Views routed to \u001b[36m/d6.js\u001b[39m."]
