WARN 2014-12-03T16:49:07.121Z ["[Lighter] Changed \u001b[36m~/Workspace/za/lib/router.js\u001b[39m."]
INFO 2014-12-03T16:49:23.083Z ["[Lighter] Models loaded. \u001b[90mx0\u001b[39m"]
INFO 2014-12-03T16:49:23.091Z ["[Lighter] Scripts routed to \u001b[36m/sly.js\u001b[39m. \u001b[90mx1\u001b[39m"]
INFO 2014-12-03T16:49:23.092Z ["[Lighter] Styles routed to \u001b[36m/sly.css\u001b[39m. \u001b[90mx1\u001b[39m"]
INFO 2014-12-03T16:49:23.095Z ["[Lighter] Controllers loaded. \u001b[90mx2\u001b[39m"]
INFO 2014-12-03T16:49:23.111Z ["[Lighter] Scripts routed to \u001b[36m/a.js\u001b[39m. \u001b[90mx1\u001b[39m"]
INFO 2014-12-03T16:49:23.113Z ["[Lighter] Styles routed to \u001b[36m/a.css\u001b[39m. \u001b[90mx1\u001b[39m"]
INFO 2014-12-03T16:49:24.169Z ["[Lighter] Views loaded. \u001b[90mx30\u001b[39m"]
INFO 2014-12-03T16:49:25.339Z ["[Lighter] Publics loaded. \u001b[90mx48\u001b[39m"]
WARN 2014-12-03T16:49:25.344Z ["[Lighter] Changed \u001b[36m~/Workspace/za/lib/router.js\u001b[39m."]
INFO 2014-12-03T16:49:26.109Z ["[Lighter] Models loaded. \u001b[90mx0\u001b[39m"]
INFO 2014-12-03T16:49:26.117Z ["[Lighter] Scripts routed to \u001b[36m/sly.js\u001b[39m. \u001b[90mx1\u001b[39m"]
INFO 2014-12-03T16:49:26.118Z ["[Lighter] Styles routed to \u001b[36m/sly.css\u001b[39m. \u001b[90mx1\u001b[39m"]
INFO 2014-12-03T16:49:26.120Z ["[Lighter] Controllers loaded. \u001b[90mx2\u001b[39m"]
INFO 2014-12-03T16:49:26.132Z ["[Lighter] Scripts routed to \u001b[36m/a.js\u001b[39m. \u001b[90mx1\u001b[39m"]
INFO 2014-12-03T16:49:26.133Z ["[Lighter] Styles routed to \u001b[36m/a.css\u001b[39m. \u001b[90mx1\u001b[39m"]
INFO 2014-12-03T16:49:28.100Z ["[Lighter] Views loaded. \u001b[90mx30\u001b[39m"]
INFO 2014-12-03T16:49:28.166Z ["[Lighter] Publics loaded. \u001b[90mx48\u001b[39m"]
INFO 2014-12-03T16:49:28.180Z ["[D6] Views routed to \u001b[36m/d6.js\u001b[39m."]
WARN 2014-12-03T16:49:46.394Z ["[Lighter] Changed \u001b[36m~/Workspace/za/lib/router.js\u001b[39m."]
INFO 2014-12-03T16:49:47.183Z ["[Lighter] Models loaded. \u001b[90mx0\u001b[39m"]
INFO 2014-12-03T16:49:47.192Z ["[Lighter] Scripts routed to \u001b[36m/sly.js\u001b[39m. \u001b[90mx1\u001b[39m"]
INFO 2014-12-03T16:49:47.193Z ["[Lighter] Styles routed to \u001b[36m/sly.css\u001b[39m. \u001b[90mx1\u001b[39m"]
INFO 2014-12-03T16:49:47.195Z ["[Lighter] Controllers loaded. \u001b[90mx2\u001b[39m"]
INFO 2014-12-03T16:49:47.208Z ["[Lighter] Scripts routed to \u001b[36m/a.js\u001b[39m. \u001b[90mx1\u001b[39m"]
INFO 2014-12-03T16:49:47.210Z ["[Lighter] Styles routed to \u001b[36m/a.css\u001b[39m. \u001b[90mx1\u001b[39m"]
INFO 2014-12-03T16:49:49.160Z ["[Lighter] Views loaded. \u001b[90mx30\u001b[39m"]
INFO 2014-12-03T16:49:49.399Z ["[Lighter] Publics loaded. \u001b[90mx48\u001b[39m"]
INFO 2014-12-03T16:49:49.414Z ["[D6] Views routed to \u001b[36m/d6.js\u001b[39m."]
