WARN 2014-12-17T03:23:18.528Z ["[Lighter] Changed \u001b[36m~/Workspace/ormy/lib/sqlite-database.js\u001b[39m."]
INFO 2014-12-17T03:23:19.312Z ["[Lighter] Models loaded. \u001b[90mx0\u001b[39m"]
INFO 2014-12-17T03:23:19.321Z ["[Lighter] Scripts routed to \u001b[36m/sly.js\u001b[39m. \u001b[90mx1\u001b[39m"]
INFO 2014-12-17T03:23:19.322Z ["[Lighter] Styles routed to \u001b[36m/sly.css\u001b[39m. \u001b[90mx1\u001b[39m"]
INFO 2014-12-17T03:23:19.324Z ["[Lighter] Controllers loaded. \u001b[90mx2\u001b[39m"]
INFO 2014-12-17T03:23:19.340Z ["[Lighter] Scripts routed to \u001b[36m/a.js\u001b[39m. \u001b[90mx1\u001b[39m"]
INFO 2014-12-17T03:23:19.342Z ["[Lighter] Styles routed to \u001b[36m/a.css\u001b[39m. \u001b[90mx1\u001b[39m"]
INFO 2014-12-17T03:23:20.247Z ["[Lighter] Views loaded. \u001b[90mx30\u001b[39m"]
INFO 2014-12-17T03:23:21.362Z ["[Lighter] Publics loaded. \u001b[90mx48\u001b[39m"]
INFO 2014-12-17T03:23:21.379Z ["[D6] Views routed to \u001b[36m/d6.js\u001b[39m."]
WARN 2014-12-17T03:23:33.075Z ["[Lighter] Changed \u001b[36m~/Workspace/ormy/lib/mysql-database.js\u001b[39m."]
INFO 2014-12-17T03:23:33.876Z ["[Lighter] Models loaded. \u001b[90mx0\u001b[39m"]
INFO 2014-12-17T03:23:33.885Z ["[Lighter] Scripts routed to \u001b[36m/sly.js\u001b[39m. \u001b[90mx1\u001b[39m"]
INFO 2014-12-17T03:23:33.885Z ["[Lighter] Styles routed to \u001b[36m/sly.css\u001b[39m. \u001b[90mx1\u001b[39m"]
INFO 2014-12-17T03:23:33.889Z ["[Lighter] Controllers loaded. \u001b[90mx2\u001b[39m"]
INFO 2014-12-17T03:23:33.903Z ["[Lighter] Scripts routed to \u001b[36m/a.js\u001b[39m. \u001b[90mx1\u001b[39m"]
INFO 2014-12-17T03:23:33.905Z ["[Lighter] Styles routed to \u001b[36m/a.css\u001b[39m. \u001b[90mx1\u001b[39m"]
INFO 2014-12-17T03:23:34.867Z ["[Lighter] Views loaded. \u001b[90mx30\u001b[39m"]
INFO 2014-12-17T03:23:36.030Z ["[Lighter] Publics loaded. \u001b[90mx48\u001b[39m"]
INFO 2014-12-17T03:23:36.045Z ["[D6] Views routed to \u001b[36m/d6.js\u001b[39m."]
WARN 2014-12-17T03:23:52.037Z ["[Lighter] Changed \u001b[36m~/Workspace/ormy/lib/mysql-database.js\u001b[39m."]
INFO 2014-12-17T03:23:52.818Z ["[Lighter] Models loaded. \u001b[90mx0\u001b[39m"]
INFO 2014-12-17T03:23:52.826Z ["[Lighter] Scripts routed to \u001b[36m/sly.js\u001b[39m. \u001b[90mx1\u001b[39m"]
INFO 2014-12-17T03:23:52.827Z ["[Lighter] Styles routed to \u001b[36m/sly.css\u001b[39m. \u001b[90mx1\u001b[39m"]
INFO 2014-12-17T03:23:52.829Z ["[Lighter] Controllers loaded. \u001b[90mx2\u001b[39m"]
INFO 2014-12-17T03:23:52.842Z ["[Lighter] Scripts routed to \u001b[36m/a.js\u001b[39m. \u001b[90mx1\u001b[39m"]
INFO 2014-12-17T03:23:52.845Z ["[Lighter] Styles routed to \u001b[36m/a.css\u001b[39m. \u001b[90mx1\u001b[39m"]
INFO 2014-12-17T03:23:54.880Z ["[Lighter] Views loaded. \u001b[90mx30\u001b[39m"]
INFO 2014-12-17T03:23:54.945Z ["[Lighter] Publics loaded. \u001b[90mx48\u001b[39m"]
INFO 2014-12-17T03:23:54.960Z ["[D6] Views routed to \u001b[36m/d6.js\u001b[39m."]
