WARN 2014-12-17T15:44:19.440Z ["[Lighter] Changed \u001b[36m~/Workspace/ormy/lib/database.js\u001b[39m."]
INFO 2014-12-17T15:44:20.207Z ["[Lighter] Models loaded. \u001b[90mx0\u001b[39m"]
INFO 2014-12-17T15:44:20.215Z ["[Lighter] Scripts routed to \u001b[36m/sly.js\u001b[39m. \u001b[90mx1\u001b[39m"]
INFO 2014-12-17T15:44:20.216Z ["[Lighter] Styles routed to \u001b[36m/sly.css\u001b[39m. \u001b[90mx1\u001b[39m"]
INFO 2014-12-17T15:44:20.219Z ["[Lighter] Controllers loaded. \u001b[90mx2\u001b[39m"]
INFO 2014-12-17T15:44:20.231Z ["[Lighter] Scripts routed to \u001b[36m/a.js\u001b[39m. \u001b[90mx1\u001b[39m"]
INFO 2014-12-17T15:44:20.233Z ["[Lighter] Styles routed to \u001b[36m/a.css\u001b[39m. \u001b[90mx1\u001b[39m"]
INFO 2014-12-17T15:44:22.159Z ["[Lighter] Views loaded. \u001b[90mx30\u001b[39m"]
INFO 2014-12-17T15:44:22.221Z ["[Lighter] Publics loaded. \u001b[90mx48\u001b[39m"]
INFO 2014-12-17T15:44:22.236Z ["[D6] Views routed to \u001b[36m/d6.js\u001b[39m."]
WARN 2014-12-17T15:44:38.576Z ["[Lighter] Changed \u001b[36m~/Workspace/ormy/lib/mysql-database.js\u001b[39m."]
INFO 2014-12-17T15:44:39.330Z ["[Lighter] Models loaded. \u001b[90mx0\u001b[39m"]
INFO 2014-12-17T15:44:39.339Z ["[Lighter] Scripts routed to \u001b[36m/sly.js\u001b[39m. \u001b[90mx1\u001b[39m"]
INFO 2014-12-17T15:44:39.340Z ["[Lighter] Styles routed to \u001b[36m/sly.css\u001b[39m. \u001b[90mx1\u001b[39m"]
INFO 2014-12-17T15:44:39.342Z ["[Lighter] Controllers loaded. \u001b[90mx2\u001b[39m"]
INFO 2014-12-17T15:44:39.355Z ["[Lighter] Scripts routed to \u001b[36m/a.js\u001b[39m. \u001b[90mx1\u001b[39m"]
INFO 2014-12-17T15:44:39.357Z ["[Lighter] Styles routed to \u001b[36m/a.css\u001b[39m. \u001b[90mx1\u001b[39m"]
INFO 2014-12-17T15:44:40.458Z ["[Lighter] Publics loaded. \u001b[90mx48\u001b[39m"]
INFO 2014-12-17T15:44:41.343Z ["[Lighter] Views loaded. \u001b[90mx30\u001b[39m"]
INFO 2014-12-17T15:44:41.357Z ["[D6] Views routed to \u001b[36m/d6.js\u001b[39m."]
