WARN 2014-12-16T20:26:00.635Z ["[Lighter] Changed \u001b[36m~/Workspace/seattle/README.md\u001b[39m."]
INFO 2014-12-16T20:26:01.380Z ["[Lighter] Models loaded. \u001b[90mx0\u001b[39m"]
INFO 2014-12-16T20:26:01.388Z ["[Lighter] Scripts routed to \u001b[36m/sly.js\u001b[39m. \u001b[90mx1\u001b[39m"]
INFO 2014-12-16T20:26:01.389Z ["[Lighter] Styles routed to \u001b[36m/sly.css\u001b[39m. \u001b[90mx1\u001b[39m"]
INFO 2014-12-16T20:26:01.392Z ["[Lighter] Controllers loaded. \u001b[90mx2\u001b[39m"]
INFO 2014-12-16T20:26:01.403Z ["[Lighter] Scripts routed to \u001b[36m/a.js\u001b[39m. \u001b[90mx1\u001b[39m"]
INFO 2014-12-16T20:26:01.406Z ["[Lighter] Styles routed to \u001b[36m/a.css\u001b[39m. \u001b[90mx1\u001b[39m"]
INFO 2014-12-16T20:26:03.243Z ["[Lighter] Views loaded. \u001b[90mx30\u001b[39m"]
INFO 2014-12-16T20:26:03.306Z ["[Lighter] Publics loaded. \u001b[90mx48\u001b[39m"]
INFO 2014-12-16T20:26:03.319Z ["[D6] Views routed to \u001b[36m/d6.js\u001b[39m."]
WARN 2014-12-16T20:26:12.587Z ["[Lighter] Changed \u001b[36m./views/shellify.ltl\u001b[39m."]
INFO 2014-12-16T20:26:12.626Z ["[D6] Views routed to \u001b[36m/d6.js\u001b[39m."]
INFO 2014-12-16T20:26:12.630Z ["[D6] Views routed to \u001b[36m/d6.js\u001b[39m."]
WARN 2014-12-16T20:26:13.199Z ["[Lighter] Changed \u001b[36m~/Workspace/shellify/README.md\u001b[39m."]
INFO 2014-12-16T20:26:13.953Z ["[Lighter] Models loaded. \u001b[90mx0\u001b[39m"]
INFO 2014-12-16T20:26:13.961Z ["[Lighter] Scripts routed to \u001b[36m/sly.js\u001b[39m. \u001b[90mx1\u001b[39m"]
INFO 2014-12-16T20:26:13.961Z ["[Lighter] Styles routed to \u001b[36m/sly.css\u001b[39m. \u001b[90mx1\u001b[39m"]
INFO 2014-12-16T20:26:13.964Z ["[Lighter] Controllers loaded. \u001b[90mx2\u001b[39m"]
INFO 2014-12-16T20:26:13.976Z ["[Lighter] Scripts routed to \u001b[36m/a.js\u001b[39m. \u001b[90mx1\u001b[39m"]
INFO 2014-12-16T20:26:13.979Z ["[Lighter] Styles routed to \u001b[36m/a.css\u001b[39m. \u001b[90mx1\u001b[39m"]
INFO 2014-12-16T20:26:15.029Z ["[Lighter] Publics loaded. \u001b[90mx48\u001b[39m"]
INFO 2014-12-16T20:26:15.879Z ["[Lighter] Views loaded. \u001b[90mx30\u001b[39m"]
INFO 2014-12-16T20:26:15.892Z ["[D6] Views routed to \u001b[36m/d6.js\u001b[39m."]
WARN 2014-12-16T20:26:44.104Z ["[Lighter] Changed \u001b[36m~/Workspace/sly/README.md\u001b[39m."]
INFO 2014-12-16T20:26:44.854Z ["[Lighter] Models loaded. \u001b[90mx0\u001b[39m"]
INFO 2014-12-16T20:26:44.862Z ["[Lighter] Scripts routed to \u001b[36m/sly.js\u001b[39m. \u001b[90mx1\u001b[39m"]
INFO 2014-12-16T20:26:44.863Z ["[Lighter] Styles routed to \u001b[36m/sly.css\u001b[39m. \u001b[90mx1\u001b[39m"]
INFO 2014-12-16T20:26:44.867Z ["[Lighter] Controllers loaded. \u001b[90mx2\u001b[39m"]
INFO 2014-12-16T20:26:44.879Z ["[Lighter] Scripts routed to \u001b[36m/a.js\u001b[39m. \u001b[90mx1\u001b[39m"]
INFO 2014-12-16T20:26:44.881Z ["[Lighter] Styles routed to \u001b[36m/a.css\u001b[39m. \u001b[90mx1\u001b[39m"]
INFO 2014-12-16T20:26:46.705Z ["[Lighter] Views loaded. \u001b[90mx30\u001b[39m"]
INFO 2014-12-16T20:26:46.769Z ["[Lighter] Publics loaded. \u001b[90mx48\u001b[39m"]
WARN 2014-12-16T20:26:46.776Z ["[Lighter] Changed \u001b[36m./views/sly.ltl\u001b[39m."]
INFO 2014-12-16T20:26:46.789Z ["[D6] Views routed to \u001b[36m/d6.js\u001b[39m."]
INFO 2014-12-16T20:26:46.790Z ["[D6] Views routed to \u001b[36m/d6.js\u001b[39m."]
INFO 2014-12-16T20:26:46.791Z ["[D6] Views routed to \u001b[36m/d6.js\u001b[39m."]
WARN 2014-12-16T20:26:53.905Z ["[Lighter] Changed \u001b[36m~/Workspace/splode/README.md\u001b[39m."]
INFO 2014-12-16T20:26:54.655Z ["[Lighter] Models loaded. \u001b[90mx0\u001b[39m"]
INFO 2014-12-16T20:26:54.664Z ["[Lighter] Scripts routed to \u001b[36m/sly.js\u001b[39m. \u001b[90mx1\u001b[39m"]
INFO 2014-12-16T20:26:54.664Z ["[Lighter] Styles routed to \u001b[36m/sly.css\u001b[39m. \u001b[90mx1\u001b[39m"]
INFO 2014-12-16T20:26:54.667Z ["[Lighter] Controllers loaded. \u001b[90mx2\u001b[39m"]
INFO 2014-12-16T20:26:54.680Z ["[Lighter] Scripts routed to \u001b[36m/a.js\u001b[39m. \u001b[90mx1\u001b[39m"]
INFO 2014-12-16T20:26:54.682Z ["[Lighter] Styles routed to \u001b[36m/a.css\u001b[39m. \u001b[90mx1\u001b[39m"]
INFO 2014-12-16T20:26:55.727Z ["[Lighter] Publics loaded. \u001b[90mx48\u001b[39m"]
INFO 2014-12-16T20:26:56.575Z ["[Lighter] Views loaded. \u001b[90mx30\u001b[39m"]
INFO 2014-12-16T20:26:56.589Z ["[D6] Views routed to \u001b[36m/d6.js\u001b[39m."]
