WARN 2014-12-16T15:20:19.858Z ["[Lighter] Changed \u001b[36m~/Workspace/ormy/lib/model.js\u001b[39m."]
INFO 2014-12-16T15:20:20.609Z ["[Lighter] Models loaded. \u001b[90mx0\u001b[39m"]
INFO 2014-12-16T15:20:20.620Z ["[Lighter] Scripts routed to \u001b[36m/sly.js\u001b[39m. \u001b[90mx1\u001b[39m"]
INFO 2014-12-16T15:20:20.620Z ["[Lighter] Styles routed to \u001b[36m/sly.css\u001b[39m. \u001b[90mx1\u001b[39m"]
INFO 2014-12-16T15:20:20.624Z ["[Lighter] Controllers loaded. \u001b[90mx2\u001b[39m"]
INFO 2014-12-16T15:20:20.636Z ["[Lighter] Scripts routed to \u001b[36m/a.js\u001b[39m. \u001b[90mx1\u001b[39m"]
INFO 2014-12-16T15:20:20.638Z ["[Lighter] Styles routed to \u001b[36m/a.css\u001b[39m. \u001b[90mx1\u001b[39m"]
INFO 2014-12-16T15:20:21.746Z ["[Lighter] Publics loaded. \u001b[90mx48\u001b[39m"]
INFO 2014-12-16T15:20:22.608Z ["[Lighter] Views loaded. \u001b[90mx30\u001b[39m"]
INFO 2014-12-16T15:20:22.623Z ["[D6] Views routed to \u001b[36m/d6.js\u001b[39m."]
WARN 2014-12-16T15:20:42.785Z ["[Lighter] Changed \u001b[36m~/Workspace/ormy/lib/model.js\u001b[39m."]
INFO 2014-12-16T15:20:43.542Z ["[Lighter] Models loaded. \u001b[90mx0\u001b[39m"]
INFO 2014-12-16T15:20:43.553Z ["[Lighter] Scripts routed to \u001b[36m/sly.js\u001b[39m. \u001b[90mx1\u001b[39m"]
INFO 2014-12-16T15:20:43.553Z ["[Lighter] Styles routed to \u001b[36m/sly.css\u001b[39m. \u001b[90mx1\u001b[39m"]
INFO 2014-12-16T15:20:43.557Z ["[Lighter] Controllers loaded. \u001b[90mx2\u001b[39m"]
INFO 2014-12-16T15:20:43.571Z ["[Lighter] Scripts routed to \u001b[36m/a.js\u001b[39m. \u001b[90mx1\u001b[39m"]
INFO 2014-12-16T15:20:43.572Z ["[Lighter] Styles routed to \u001b[36m/a.css\u001b[39m. \u001b[90mx1\u001b[39m"]
INFO 2014-12-16T15:20:45.337Z ["[Lighter] Views loaded. \u001b[90mx30\u001b[39m"]
INFO 2014-12-16T15:20:45.565Z ["[Lighter] Publics loaded. \u001b[90mx48\u001b[39m"]
INFO 2014-12-16T15:20:45.580Z ["[D6] Views routed to \u001b[36m/d6.js\u001b[39m."]
