WARN 2014-12-16T20:23:12.793Z ["[Lighter] Changed \u001b[36m~/Workspace/plans/README.md\u001b[39m."]
INFO 2014-12-16T20:23:13.541Z ["[Lighter] Models loaded. \u001b[90mx0\u001b[39m"]
INFO 2014-12-16T20:23:13.549Z ["[Lighter] Scripts routed to \u001b[36m/sly.js\u001b[39m. \u001b[90mx1\u001b[39m"]
INFO 2014-12-16T20:23:13.549Z ["[Lighter] Styles routed to \u001b[36m/sly.css\u001b[39m. \u001b[90mx1\u001b[39m"]
INFO 2014-12-16T20:23:13.552Z ["[Lighter] Controllers loaded. \u001b[90mx2\u001b[39m"]
INFO 2014-12-16T20:23:13.565Z ["[Lighter] Scripts routed to \u001b[36m/a.js\u001b[39m. \u001b[90mx1\u001b[39m"]
INFO 2014-12-16T20:23:13.567Z ["[Lighter] Styles routed to \u001b[36m/a.css\u001b[39m. \u001b[90mx1\u001b[39m"]
INFO 2014-12-16T20:23:15.264Z ["[Lighter] Views loaded. \u001b[90mx30\u001b[39m"]
INFO 2014-12-16T20:23:15.485Z ["[Lighter] Publics loaded. \u001b[90mx48\u001b[39m"]
INFO 2014-12-16T20:23:15.499Z ["[D6] Views routed to \u001b[36m/d6.js\u001b[39m."]
WARN 2014-12-16T20:23:20.316Z ["[Lighter] Changed \u001b[36m./views/plans.ltl\u001b[39m."]
INFO 2014-12-16T20:23:20.420Z ["[D6] Views routed to \u001b[36m/d6.js\u001b[39m."]
INFO 2014-12-16T20:23:20.421Z ["[D6] Views routed to \u001b[36m/d6.js\u001b[39m."]
WARN 2014-12-16T20:23:24.716Z ["[Lighter] Changed \u001b[36m./views/aloha.ltl\u001b[39m."]
INFO 2014-12-16T20:23:24.733Z ["[D6] Views routed to \u001b[36m/d6.js\u001b[39m."]
INFO 2014-12-16T20:23:24.733Z ["[D6] Views routed to \u001b[36m/d6.js\u001b[39m."]
WARN 2014-12-16T20:23:24.734Z ["[Lighter] Changed \u001b[36m~/Workspace/aloha/README.md\u001b[39m."]
INFO 2014-12-16T20:23:25.482Z ["[Lighter] Models loaded. \u001b[90mx0\u001b[39m"]
INFO 2014-12-16T20:23:25.489Z ["[Lighter] Scripts routed to \u001b[36m/sly.js\u001b[39m. \u001b[90mx1\u001b[39m"]
INFO 2014-12-16T20:23:25.490Z ["[Lighter] Styles routed to \u001b[36m/sly.css\u001b[39m. \u001b[90mx1\u001b[39m"]
INFO 2014-12-16T20:23:25.493Z ["[Lighter] Controllers loaded. \u001b[90mx2\u001b[39m"]
INFO 2014-12-16T20:23:25.505Z ["[Lighter] Scripts routed to \u001b[36m/a.js\u001b[39m. \u001b[90mx1\u001b[39m"]
INFO 2014-12-16T20:23:25.507Z ["[Lighter] Styles routed to \u001b[36m/a.css\u001b[39m. \u001b[90mx1\u001b[39m"]
INFO 2014-12-16T20:23:26.605Z ["[Lighter] Publics loaded. \u001b[90mx48\u001b[39m"]
INFO 2014-12-16T20:23:27.417Z ["[Lighter] Views loaded. \u001b[90mx30\u001b[39m"]
INFO 2014-12-16T20:23:27.431Z ["[D6] Views routed to \u001b[36m/d6.js\u001b[39m."]
WARN 2014-12-16T20:23:32.667Z ["[Lighter] Changed \u001b[36m./views/beams.ltl\u001b[39m."]
INFO 2014-12-16T20:23:32.702Z ["[D6] Views routed to \u001b[36m/d6.js\u001b[39m."]
INFO 2014-12-16T20:23:32.703Z ["[D6] Views routed to \u001b[36m/d6.js\u001b[39m."]
WARN 2014-12-16T20:23:33.789Z ["[Lighter] Changed \u001b[36m~/Workspace/beams/README.md\u001b[39m."]
INFO 2014-12-16T20:23:34.542Z ["[Lighter] Models loaded. \u001b[90mx0\u001b[39m"]
INFO 2014-12-16T20:23:34.553Z ["[Lighter] Scripts routed to \u001b[36m/sly.js\u001b[39m. \u001b[90mx1\u001b[39m"]
INFO 2014-12-16T20:23:34.553Z ["[Lighter] Styles routed to \u001b[36m/sly.css\u001b[39m. \u001b[90mx1\u001b[39m"]
INFO 2014-12-16T20:23:34.557Z ["[Lighter] Controllers loaded. \u001b[90mx2\u001b[39m"]
INFO 2014-12-16T20:23:34.571Z ["[Lighter] Scripts routed to \u001b[36m/a.js\u001b[39m. \u001b[90mx1\u001b[39m"]
INFO 2014-12-16T20:23:34.574Z ["[Lighter] Styles routed to \u001b[36m/a.css\u001b[39m. \u001b[90mx1\u001b[39m"]
INFO 2014-12-16T20:23:35.666Z ["[Lighter] Publics loaded. \u001b[90mx48\u001b[39m"]
INFO 2014-12-16T20:23:36.484Z ["[Lighter] Views loaded. \u001b[90mx30\u001b[39m"]
INFO 2014-12-16T20:23:36.498Z ["[D6] Views routed to \u001b[36m/d6.js\u001b[39m."]
WARN 2014-12-16T20:23:42.572Z ["[Lighter] Changed \u001b[36m~/Workspace/cedar/README.md\u001b[39m."]
INFO 2014-12-16T20:23:43.320Z ["[Lighter] Models loaded. \u001b[90mx0\u001b[39m"]
INFO 2014-12-16T20:23:43.329Z ["[Lighter] Scripts routed to \u001b[36m/sly.js\u001b[39m. \u001b[90mx1\u001b[39m"]
INFO 2014-12-16T20:23:43.330Z ["[Lighter] Styles routed to \u001b[36m/sly.css\u001b[39m. \u001b[90mx1\u001b[39m"]
INFO 2014-12-16T20:23:43.332Z ["[Lighter] Controllers loaded. \u001b[90mx2\u001b[39m"]
INFO 2014-12-16T20:23:43.346Z ["[Lighter] Scripts routed to \u001b[36m/a.js\u001b[39m. \u001b[90mx1\u001b[39m"]
INFO 2014-12-16T20:23:43.348Z ["[Lighter] Styles routed to \u001b[36m/a.css\u001b[39m. \u001b[90mx1\u001b[39m"]
INFO 2014-12-16T20:23:44.992Z ["[Lighter] Views loaded. \u001b[90mx30\u001b[39m"]
INFO 2014-12-16T20:23:45.216Z ["[Lighter] Publics loaded. \u001b[90mx48\u001b[39m"]
INFO 2014-12-16T20:23:45.229Z ["[D6] Views routed to \u001b[36m/d6.js\u001b[39m."]
WARN 2014-12-16T20:23:53.203Z ["[Lighter] Changed \u001b[36m./views/chug.ltl\u001b[39m."]
INFO 2014-12-16T20:23:53.266Z ["[D6] Views routed to \u001b[36m/d6.js\u001b[39m."]
INFO 2014-12-16T20:23:53.267Z ["[D6] Views routed to \u001b[36m/d6.js\u001b[39m."]
WARN 2014-12-16T20:23:53.382Z ["[Lighter] Changed \u001b[36m~/Workspace/chug/README.md\u001b[39m."]
INFO 2014-12-16T20:23:54.127Z ["[Lighter] Models loaded. \u001b[90mx0\u001b[39m"]
INFO 2014-12-16T20:23:54.135Z ["[Lighter] Scripts routed to \u001b[36m/sly.js\u001b[39m. \u001b[90mx1\u001b[39m"]
INFO 2014-12-16T20:23:54.136Z ["[Lighter] Styles routed to \u001b[36m/sly.css\u001b[39m. \u001b[90mx1\u001b[39m"]
INFO 2014-12-16T20:23:54.138Z ["[Lighter] Controllers loaded. \u001b[90mx2\u001b[39m"]
INFO 2014-12-16T20:23:54.151Z ["[Lighter] Scripts routed to \u001b[36m/a.js\u001b[39m. \u001b[90mx1\u001b[39m"]
INFO 2014-12-16T20:23:54.153Z ["[Lighter] Styles routed to \u001b[36m/a.css\u001b[39m. \u001b[90mx1\u001b[39m"]
INFO 2014-12-16T20:23:55.996Z ["[Lighter] Views loaded. \u001b[90mx30\u001b[39m"]
INFO 2014-12-16T20:23:56.060Z ["[Lighter] Publics loaded. \u001b[90mx48\u001b[39m"]
INFO 2014-12-16T20:23:56.075Z ["[D6] Views routed to \u001b[36m/d6.js\u001b[39m."]
