WARN 2014-12-16T17:06:08.973Z ["[Lighter] Changed \u001b[36m~/Workspace/lighter/lib/model.js\u001b[39m."]
INFO 2014-12-16T17:06:09.918Z ["[Lighter] Models loaded. \u001b[90mx0\u001b[39m"]
INFO 2014-12-16T17:06:09.931Z ["[Lighter] Scripts routed to \u001b[36m/sly.js\u001b[39m. \u001b[90mx1\u001b[39m"]
INFO 2014-12-16T17:06:09.931Z ["[Lighter] Styles routed to \u001b[36m/sly.css\u001b[39m. \u001b[90mx1\u001b[39m"]
INFO 2014-12-16T17:06:09.936Z ["[Lighter] Controllers loaded. \u001b[90mx2\u001b[39m"]
INFO 2014-12-16T17:06:10.000Z ["[Lighter] Scripts routed to \u001b[36m/a.js\u001b[39m. \u001b[90mx1\u001b[39m"]
INFO 2014-12-16T17:06:10.001Z ["[Lighter] Styles routed to \u001b[36m/a.css\u001b[39m. \u001b[90mx1\u001b[39m"]
INFO 2014-12-16T17:06:11.277Z ["[Lighter] Publics loaded. \u001b[90mx48\u001b[39m"]
INFO 2014-12-16T17:06:12.283Z ["[Lighter] Views loaded. \u001b[90mx30\u001b[39m"]
INFO 2014-12-16T17:06:12.298Z ["[D6] Views routed to \u001b[36m/d6.js\u001b[39m."]
WARN 2014-12-16T17:06:53.281Z ["[Lighter] Changed \u001b[36m~/Workspace/lighter/lib/controller.js\u001b[39m."]
INFO 2014-12-16T17:06:54.068Z ["[Lighter] Models loaded. \u001b[90mx0\u001b[39m"]
INFO 2014-12-16T17:06:54.076Z ["[Lighter] Scripts routed to \u001b[36m/sly.js\u001b[39m. \u001b[90mx1\u001b[39m"]
INFO 2014-12-16T17:06:54.077Z ["[Lighter] Styles routed to \u001b[36m/sly.css\u001b[39m. \u001b[90mx1\u001b[39m"]
ERROR 2014-12-16T17:06:54.081Z ["TypeError: Cannot read property 'location' of undefined\n    at module.exports.Flagger.extend.init (/Users/sam/Workspace/lighter/lib/controller.js:16:22)\n    at new type (/Users/sam/Workspace/lighter/common/object/type.js:20:17)\n    at init.self.(anonymous function).chug.require.each.instance (/Users/sam/Workspace/lighter/lib/app.js:516:42)\n    at init.module.exports.Waiter.extend.require (/Users/sam/Workspace/chug/lib/asset.js:366:16)\n    at /Users/sam/Workspace/chug/lib/Load.js:467:21\n    at Array.forEach (native)\n    at /Users/sam/Workspace/chug/lib/Load.js:192:21\n    at onceReadyEach (/Users/sam/Workspace/chug/lib/waiter.js:108:9)\n    at Array.forEach (native)\n    at onReady (/Users/sam/Workspace/chug/lib/waiter.js:107:27)"]
INFO 2014-12-16T17:06:54.881Z ["[Lighter] Models loaded. \u001b[90mx0\u001b[39m"]
INFO 2014-12-16T17:06:54.891Z ["[Lighter] Scripts routed to \u001b[36m/sly.js\u001b[39m. \u001b[90mx1\u001b[39m"]
INFO 2014-12-16T17:06:54.892Z ["[Lighter] Styles routed to \u001b[36m/sly.css\u001b[39m. \u001b[90mx1\u001b[39m"]
ERROR 2014-12-16T17:06:54.897Z ["TypeError: Cannot read property 'location' of undefined\n    at module.exports.Flagger.extend.init (/Users/sam/Workspace/lighter/lib/controller.js:16:22)\n    at new type (/Users/sam/Workspace/lighter/common/object/type.js:20:17)\n    at init.self.(anonymous function).chug.require.each.instance (/Users/sam/Workspace/lighter/lib/app.js:516:42)\n    at init.module.exports.Waiter.extend.require (/Users/sam/Workspace/chug/lib/asset.js:366:16)\n    at /Users/sam/Workspace/chug/lib/Load.js:467:21\n    at Array.forEach (native)\n    at /Users/sam/Workspace/chug/lib/Load.js:192:21\n    at onceReadyEach (/Users/sam/Workspace/chug/lib/waiter.js:108:9)\n    at Array.forEach (native)\n    at onReady (/Users/sam/Workspace/chug/lib/waiter.js:107:27)"]
INFO 2014-12-16T17:06:55.679Z ["[Lighter] Models loaded. \u001b[90mx0\u001b[39m"]
INFO 2014-12-16T17:06:55.690Z ["[Lighter] Scripts routed to \u001b[36m/sly.js\u001b[39m. \u001b[90mx1\u001b[39m"]
INFO 2014-12-16T17:06:55.691Z ["[Lighter] Styles routed to \u001b[36m/sly.css\u001b[39m. \u001b[90mx1\u001b[39m"]
ERROR 2014-12-16T17:06:55.696Z ["TypeError: Cannot read property 'location' of undefined\n    at module.exports.Flagger.extend.init (/Users/sam/Workspace/lighter/lib/controller.js:16:22)\n    at new type (/Users/sam/Workspace/lighter/common/object/type.js:20:17)\n    at init.self.(anonymous function).chug.require.each.instance (/Users/sam/Workspace/lighter/lib/app.js:516:42)\n    at init.module.exports.Waiter.extend.require (/Users/sam/Workspace/chug/lib/asset.js:366:16)\n    at /Users/sam/Workspace/chug/lib/Load.js:467:21\n    at Array.forEach (native)\n    at /Users/sam/Workspace/chug/lib/Load.js:192:21\n    at onceReadyEach (/Users/sam/Workspace/chug/lib/waiter.js:108:9)\n    at Array.forEach (native)\n    at onReady (/Users/sam/Workspace/chug/lib/waiter.js:107:27)"]
INFO 2014-12-16T17:06:56.494Z ["[Lighter] Models loaded. \u001b[90mx0\u001b[39m"]
INFO 2014-12-16T17:06:56.507Z ["[Lighter] Scripts routed to \u001b[36m/sly.js\u001b[39m. \u001b[90mx1\u001b[39m"]
INFO 2014-12-16T17:06:56.508Z ["[Lighter] Styles routed to \u001b[36m/sly.css\u001b[39m. \u001b[90mx1\u001b[39m"]
ERROR 2014-12-16T17:06:56.513Z ["TypeError: Cannot read property 'location' of undefined\n    at module.exports.Flagger.extend.init (/Users/sam/Workspace/lighter/lib/controller.js:16:22)\n    at new type (/Users/sam/Workspace/lighter/common/object/type.js:20:17)\n    at init.self.(anonymous function).chug.require.each.instance (/Users/sam/Workspace/lighter/lib/app.js:516:42)\n    at init.module.exports.Waiter.extend.require (/Users/sam/Workspace/chug/lib/asset.js:366:16)\n    at /Users/sam/Workspace/chug/lib/Load.js:467:21\n    at Array.forEach (native)\n    at /Users/sam/Workspace/chug/lib/Load.js:192:21\n    at onceReadyEach (/Users/sam/Workspace/chug/lib/waiter.js:108:9)\n    at Array.forEach (native)\n    at onReady (/Users/sam/Workspace/chug/lib/waiter.js:107:27)"]
INFO 2014-12-16T17:06:57.300Z ["[Lighter] Models loaded. \u001b[90mx0\u001b[39m"]
INFO 2014-12-16T17:06:57.309Z ["[Lighter] Scripts routed to \u001b[36m/sly.js\u001b[39m. \u001b[90mx1\u001b[39m"]
INFO 2014-12-16T17:06:57.309Z ["[Lighter] Styles routed to \u001b[36m/sly.css\u001b[39m. \u001b[90mx1\u001b[39m"]
ERROR 2014-12-16T17:06:57.314Z ["TypeError: Cannot read property 'location' of undefined\n    at module.exports.Flagger.extend.init (/Users/sam/Workspace/lighter/lib/controller.js:16:22)\n    at new type (/Users/sam/Workspace/lighter/common/object/type.js:20:17)\n    at init.self.(anonymous function).chug.require.each.instance (/Users/sam/Workspace/lighter/lib/app.js:516:42)\n    at init.module.exports.Waiter.extend.require (/Users/sam/Workspace/chug/lib/asset.js:366:16)\n    at /Users/sam/Workspace/chug/lib/Load.js:467:21\n    at Array.forEach (native)\n    at /Users/sam/Workspace/chug/lib/Load.js:192:21\n    at onceReadyEach (/Users/sam/Workspace/chug/lib/waiter.js:108:9)\n    at Array.forEach (native)\n    at onReady (/Users/sam/Workspace/chug/lib/waiter.js:107:27)"]
INFO 2014-12-16T17:06:58.115Z ["[Lighter] Models loaded. \u001b[90mx0\u001b[39m"]
INFO 2014-12-16T17:06:58.127Z ["[Lighter] Scripts routed to \u001b[36m/sly.js\u001b[39m. \u001b[90mx1\u001b[39m"]
INFO 2014-12-16T17:06:58.128Z ["[Lighter] Styles routed to \u001b[36m/sly.css\u001b[39m. \u001b[90mx1\u001b[39m"]
ERROR 2014-12-16T17:06:58.132Z ["TypeError: Cannot read property 'location' of undefined\n    at module.exports.Flagger.extend.init (/Users/sam/Workspace/lighter/lib/controller.js:16:22)\n    at new type (/Users/sam/Workspace/lighter/common/object/type.js:20:17)\n    at init.self.(anonymous function).chug.require.each.instance (/Users/sam/Workspace/lighter/lib/app.js:516:42)\n    at init.module.exports.Waiter.extend.require (/Users/sam/Workspace/chug/lib/asset.js:366:16)\n    at /Users/sam/Workspace/chug/lib/Load.js:467:21\n    at Array.forEach (native)\n    at /Users/sam/Workspace/chug/lib/Load.js:192:21\n    at onceReadyEach (/Users/sam/Workspace/chug/lib/waiter.js:108:9)\n    at Array.forEach (native)\n    at onReady (/Users/sam/Workspace/chug/lib/waiter.js:107:27)"]
INFO 2014-12-16T17:06:58.917Z ["[Lighter] Models loaded. \u001b[90mx0\u001b[39m"]
INFO 2014-12-16T17:06:58.927Z ["[Lighter] Scripts routed to \u001b[36m/sly.js\u001b[39m. \u001b[90mx1\u001b[39m"]
INFO 2014-12-16T17:06:58.927Z ["[Lighter] Styles routed to \u001b[36m/sly.css\u001b[39m. \u001b[90mx1\u001b[39m"]
ERROR 2014-12-16T17:06:58.933Z ["TypeError: Cannot read property 'location' of undefined\n    at module.exports.Flagger.extend.init (/Users/sam/Workspace/lighter/lib/controller.js:16:22)\n    at new type (/Users/sam/Workspace/lighter/common/object/type.js:20:17)\n    at init.self.(anonymous function).chug.require.each.instance (/Users/sam/Workspace/lighter/lib/app.js:516:42)\n    at init.module.exports.Waiter.extend.require (/Users/sam/Workspace/chug/lib/asset.js:366:16)\n    at /Users/sam/Workspace/chug/lib/Load.js:467:21\n    at Array.forEach (native)\n    at /Users/sam/Workspace/chug/lib/Load.js:192:21\n    at onceReadyEach (/Users/sam/Workspace/chug/lib/waiter.js:108:9)\n    at Array.forEach (native)\n    at onReady (/Users/sam/Workspace/chug/lib/waiter.js:107:27)"]
INFO 2014-12-16T17:06:59.734Z ["[Lighter] Models loaded. \u001b[90mx0\u001b[39m"]
INFO 2014-12-16T17:06:59.744Z ["[Lighter] Scripts routed to \u001b[36m/sly.js\u001b[39m. \u001b[90mx1\u001b[39m"]
INFO 2014-12-16T17:06:59.745Z ["[Lighter] Styles routed to \u001b[36m/sly.css\u001b[39m. \u001b[90mx1\u001b[39m"]
ERROR 2014-12-16T17:06:59.749Z ["TypeError: Cannot read property 'location' of undefined\n    at module.exports.Flagger.extend.init (/Users/sam/Workspace/lighter/lib/controller.js:16:22)\n    at new type (/Users/sam/Workspace/lighter/common/object/type.js:20:17)\n    at init.self.(anonymous function).chug.require.each.instance (/Users/sam/Workspace/lighter/lib/app.js:516:42)\n    at init.module.exports.Waiter.extend.require (/Users/sam/Workspace/chug/lib/asset.js:366:16)\n    at /Users/sam/Workspace/chug/lib/Load.js:467:21\n    at Array.forEach (native)\n    at /Users/sam/Workspace/chug/lib/Load.js:192:21\n    at onceReadyEach (/Users/sam/Workspace/chug/lib/waiter.js:108:9)\n    at Array.forEach (native)\n    at onReady (/Users/sam/Workspace/chug/lib/waiter.js:107:27)"]
