WARN 2014-12-16T20:43:20.244Z ["[Lighter] Changed \u001b[36m~/Workspace/lighter/lib/model.js\u001b[39m."]
INFO 2014-12-16T20:43:20.996Z ["[Lighter] Models loaded. \u001b[90mx0\u001b[39m"]
INFO 2014-12-16T20:43:21.004Z ["[Lighter] Scripts routed to \u001b[36m/sly.js\u001b[39m. \u001b[90mx1\u001b[39m"]
INFO 2014-12-16T20:43:21.005Z ["[Lighter] Styles routed to \u001b[36m/sly.css\u001b[39m. \u001b[90mx1\u001b[39m"]
INFO 2014-12-16T20:43:21.007Z ["[Lighter] Controllers loaded. \u001b[90mx2\u001b[39m"]
INFO 2014-12-16T20:43:21.018Z ["[Lighter] Scripts routed to \u001b[36m/a.js\u001b[39m. \u001b[90mx1\u001b[39m"]
INFO 2014-12-16T20:43:21.020Z ["[Lighter] Styles routed to \u001b[36m/a.css\u001b[39m. \u001b[90mx1\u001b[39m"]
INFO 2014-12-16T20:43:21.862Z ["[Lighter] Views loaded. \u001b[90mx30\u001b[39m"]
INFO 2014-12-16T20:43:22.998Z ["[Lighter] Publics loaded. \u001b[90mx48\u001b[39m"]
INFO 2014-12-16T20:43:23.012Z ["[D6] Views routed to \u001b[36m/d6.js\u001b[39m."]
WARN 2014-12-16T20:43:48.428Z ["[Lighter] Changed \u001b[36m~/Workspace/lighter/lib/model.js\u001b[39m."]
INFO 2014-12-16T20:43:49.197Z ["[Lighter] Models loaded. \u001b[90mx0\u001b[39m"]
INFO 2014-12-16T20:43:49.205Z ["[Lighter] Scripts routed to \u001b[36m/sly.js\u001b[39m. \u001b[90mx1\u001b[39m"]
INFO 2014-12-16T20:43:49.206Z ["[Lighter] Styles routed to \u001b[36m/sly.css\u001b[39m. \u001b[90mx1\u001b[39m"]
INFO 2014-12-16T20:43:49.209Z ["[Lighter] Controllers loaded. \u001b[90mx2\u001b[39m"]
INFO 2014-12-16T20:43:49.221Z ["[Lighter] Scripts routed to \u001b[36m/a.js\u001b[39m. \u001b[90mx1\u001b[39m"]
INFO 2014-12-16T20:43:49.223Z ["[Lighter] Styles routed to \u001b[36m/a.css\u001b[39m. \u001b[90mx1\u001b[39m"]
INFO 2014-12-16T20:43:50.040Z ["[Lighter] Views loaded. \u001b[90mx30\u001b[39m"]
INFO 2014-12-16T20:43:51.232Z ["[Lighter] Publics loaded. \u001b[90mx48\u001b[39m"]
INFO 2014-12-16T20:43:51.245Z ["[D6] Views routed to \u001b[36m/d6.js\u001b[39m."]
