INFO 2014-12-16T17:07:00.540Z ["[Lighter] Models loaded. \u001b[90mx0\u001b[39m"]
INFO 2014-12-16T17:07:00.555Z ["[Lighter] Scripts routed to \u001b[36m/sly.js\u001b[39m. \u001b[90mx1\u001b[39m"]
INFO 2014-12-16T17:07:00.557Z ["[Lighter] Styles routed to \u001b[36m/sly.css\u001b[39m. \u001b[90mx1\u001b[39m"]
ERROR 2014-12-16T17:07:00.562Z ["TypeError: Cannot read property 'location' of undefined\n    at module.exports.Flagger.extend.init (/Users/sam/Workspace/lighter/lib/controller.js:16:22)\n    at new type (/Users/sam/Workspace/lighter/common/object/type.js:20:17)\n    at init.self.(anonymous function).chug.require.each.instance (/Users/sam/Workspace/lighter/lib/app.js:516:42)\n    at init.module.exports.Waiter.extend.require (/Users/sam/Workspace/chug/lib/asset.js:366:16)\n    at /Users/sam/Workspace/chug/lib/Load.js:467:21\n    at Array.forEach (native)\n    at /Users/sam/Workspace/chug/lib/Load.js:192:21\n    at onceReadyEach (/Users/sam/Workspace/chug/lib/waiter.js:108:9)\n    at Array.forEach (native)\n    at onReady (/Users/sam/Workspace/chug/lib/waiter.js:107:27)"]
INFO 2014-12-16T17:07:01.340Z ["[Lighter] Models loaded. \u001b[90mx0\u001b[39m"]
INFO 2014-12-16T17:07:01.351Z ["[Lighter] Scripts routed to \u001b[36m/sly.js\u001b[39m. \u001b[90mx1\u001b[39m"]
INFO 2014-12-16T17:07:01.351Z ["[Lighter] Styles routed to \u001b[36m/sly.css\u001b[39m. \u001b[90mx1\u001b[39m"]
ERROR 2014-12-16T17:07:01.357Z ["TypeError: Cannot read property 'location' of undefined\n    at module.exports.Flagger.extend.init (/Users/sam/Workspace/lighter/lib/controller.js:16:22)\n    at new type (/Users/sam/Workspace/lighter/common/object/type.js:20:17)\n    at init.self.(anonymous function).chug.require.each.instance (/Users/sam/Workspace/lighter/lib/app.js:516:42)\n    at init.module.exports.Waiter.extend.require (/Users/sam/Workspace/chug/lib/asset.js:366:16)\n    at /Users/sam/Workspace/chug/lib/Load.js:467:21\n    at Array.forEach (native)\n    at /Users/sam/Workspace/chug/lib/Load.js:192:21\n    at onceReadyEach (/Users/sam/Workspace/chug/lib/waiter.js:108:9)\n    at Array.forEach (native)\n    at onReady (/Users/sam/Workspace/chug/lib/waiter.js:107:27)"]
INFO 2014-12-16T17:07:02.164Z ["[Lighter] Models loaded. \u001b[90mx0\u001b[39m"]
INFO 2014-12-16T17:07:02.174Z ["[Lighter] Scripts routed to \u001b[36m/sly.js\u001b[39m. \u001b[90mx1\u001b[39m"]
INFO 2014-12-16T17:07:02.175Z ["[Lighter] Styles routed to \u001b[36m/sly.css\u001b[39m. \u001b[90mx1\u001b[39m"]
ERROR 2014-12-16T17:07:02.180Z ["TypeError: Cannot read property 'location' of undefined\n    at module.exports.Flagger.extend.init (/Users/sam/Workspace/lighter/lib/controller.js:16:22)\n    at new type (/Users/sam/Workspace/lighter/common/object/type.js:20:17)\n    at init.self.(anonymous function).chug.require.each.instance (/Users/sam/Workspace/lighter/lib/app.js:516:42)\n    at init.module.exports.Waiter.extend.require (/Users/sam/Workspace/chug/lib/asset.js:366:16)\n    at /Users/sam/Workspace/chug/lib/Load.js:467:21\n    at Array.forEach (native)\n    at /Users/sam/Workspace/chug/lib/Load.js:192:21\n    at onceReadyEach (/Users/sam/Workspace/chug/lib/waiter.js:108:9)\n    at Array.forEach (native)\n    at onReady (/Users/sam/Workspace/chug/lib/waiter.js:107:27)"]
INFO 2014-12-16T17:07:02.981Z ["[Lighter] Models loaded. \u001b[90mx0\u001b[39m"]
INFO 2014-12-16T17:07:02.992Z ["[Lighter] Scripts routed to \u001b[36m/sly.js\u001b[39m. \u001b[90mx1\u001b[39m"]
INFO 2014-12-16T17:07:02.993Z ["[Lighter] Styles routed to \u001b[36m/sly.css\u001b[39m. \u001b[90mx1\u001b[39m"]
ERROR 2014-12-16T17:07:02.997Z ["TypeError: Cannot read property 'location' of undefined\n    at module.exports.Flagger.extend.init (/Users/sam/Workspace/lighter/lib/controller.js:16:22)\n    at new type (/Users/sam/Workspace/lighter/common/object/type.js:20:17)\n    at init.self.(anonymous function).chug.require.each.instance (/Users/sam/Workspace/lighter/lib/app.js:516:42)\n    at init.module.exports.Waiter.extend.require (/Users/sam/Workspace/chug/lib/asset.js:366:16)\n    at /Users/sam/Workspace/chug/lib/Load.js:467:21\n    at Array.forEach (native)\n    at /Users/sam/Workspace/chug/lib/Load.js:192:21\n    at onceReadyEach (/Users/sam/Workspace/chug/lib/waiter.js:108:9)\n    at Array.forEach (native)\n    at onReady (/Users/sam/Workspace/chug/lib/waiter.js:107:27)"]
INFO 2014-12-16T17:07:03.782Z ["[Lighter] Models loaded. \u001b[90mx0\u001b[39m"]
INFO 2014-12-16T17:07:03.792Z ["[Lighter] Scripts routed to \u001b[36m/sly.js\u001b[39m. \u001b[90mx1\u001b[39m"]
INFO 2014-12-16T17:07:03.793Z ["[Lighter] Styles routed to \u001b[36m/sly.css\u001b[39m. \u001b[90mx1\u001b[39m"]
ERROR 2014-12-16T17:07:03.798Z ["TypeError: Cannot read property 'location' of undefined\n    at module.exports.Flagger.extend.init (/Users/sam/Workspace/lighter/lib/controller.js:16:22)\n    at new type (/Users/sam/Workspace/lighter/common/object/type.js:20:17)\n    at init.self.(anonymous function).chug.require.each.instance (/Users/sam/Workspace/lighter/lib/app.js:516:42)\n    at init.module.exports.Waiter.extend.require (/Users/sam/Workspace/chug/lib/asset.js:366:16)\n    at /Users/sam/Workspace/chug/lib/Load.js:467:21\n    at Array.forEach (native)\n    at /Users/sam/Workspace/chug/lib/Load.js:192:21\n    at onceReadyEach (/Users/sam/Workspace/chug/lib/waiter.js:108:9)\n    at Array.forEach (native)\n    at onReady (/Users/sam/Workspace/chug/lib/waiter.js:107:27)"]
INFO 2014-12-16T17:07:04.601Z ["[Lighter] Models loaded. \u001b[90mx0\u001b[39m"]
INFO 2014-12-16T17:07:04.613Z ["[Lighter] Scripts routed to \u001b[36m/sly.js\u001b[39m. \u001b[90mx1\u001b[39m"]
INFO 2014-12-16T17:07:04.613Z ["[Lighter] Styles routed to \u001b[36m/sly.css\u001b[39m. \u001b[90mx1\u001b[39m"]
ERROR 2014-12-16T17:07:04.618Z ["TypeError: Cannot read property 'location' of undefined\n    at module.exports.Flagger.extend.init (/Users/sam/Workspace/lighter/lib/controller.js:16:22)\n    at new type (/Users/sam/Workspace/lighter/common/object/type.js:20:17)\n    at init.self.(anonymous function).chug.require.each.instance (/Users/sam/Workspace/lighter/lib/app.js:516:42)\n    at init.module.exports.Waiter.extend.require (/Users/sam/Workspace/chug/lib/asset.js:366:16)\n    at /Users/sam/Workspace/chug/lib/Load.js:467:21\n    at Array.forEach (native)\n    at /Users/sam/Workspace/chug/lib/Load.js:192:21\n    at onceReadyEach (/Users/sam/Workspace/chug/lib/waiter.js:108:9)\n    at Array.forEach (native)\n    at onReady (/Users/sam/Workspace/chug/lib/waiter.js:107:27)"]
INFO 2014-12-16T17:07:05.411Z ["[Lighter] Models loaded. \u001b[90mx0\u001b[39m"]
INFO 2014-12-16T17:07:05.421Z ["[Lighter] Scripts routed to \u001b[36m/sly.js\u001b[39m. \u001b[90mx1\u001b[39m"]
INFO 2014-12-16T17:07:05.422Z ["[Lighter] Styles routed to \u001b[36m/sly.css\u001b[39m. \u001b[90mx1\u001b[39m"]
ERROR 2014-12-16T17:07:05.427Z ["TypeError: Cannot read property 'location' of undefined\n    at module.exports.Flagger.extend.init (/Users/sam/Workspace/lighter/lib/controller.js:16:22)\n    at new type (/Users/sam/Workspace/lighter/common/object/type.js:20:17)\n    at init.self.(anonymous function).chug.require.each.instance (/Users/sam/Workspace/lighter/lib/app.js:516:42)\n    at init.module.exports.Waiter.extend.require (/Users/sam/Workspace/chug/lib/asset.js:366:16)\n    at /Users/sam/Workspace/chug/lib/Load.js:467:21\n    at Array.forEach (native)\n    at /Users/sam/Workspace/chug/lib/Load.js:192:21\n    at onceReadyEach (/Users/sam/Workspace/chug/lib/waiter.js:108:9)\n    at Array.forEach (native)\n    at onReady (/Users/sam/Workspace/chug/lib/waiter.js:107:27)"]
INFO 2014-12-16T17:07:06.223Z ["[Lighter] Models loaded. \u001b[90mx0\u001b[39m"]
INFO 2014-12-16T17:07:06.233Z ["[Lighter] Scripts routed to \u001b[36m/sly.js\u001b[39m. \u001b[90mx1\u001b[39m"]
INFO 2014-12-16T17:07:06.233Z ["[Lighter] Styles routed to \u001b[36m/sly.css\u001b[39m. \u001b[90mx1\u001b[39m"]
ERROR 2014-12-16T17:07:06.239Z ["TypeError: Cannot read property 'location' of undefined\n    at module.exports.Flagger.extend.init (/Users/sam/Workspace/lighter/lib/controller.js:16:22)\n    at new type (/Users/sam/Workspace/lighter/common/object/type.js:20:17)\n    at init.self.(anonymous function).chug.require.each.instance (/Users/sam/Workspace/lighter/lib/app.js:516:42)\n    at init.module.exports.Waiter.extend.require (/Users/sam/Workspace/chug/lib/asset.js:366:16)\n    at /Users/sam/Workspace/chug/lib/Load.js:467:21\n    at Array.forEach (native)\n    at /Users/sam/Workspace/chug/lib/Load.js:192:21\n    at onceReadyEach (/Users/sam/Workspace/chug/lib/waiter.js:108:9)\n    at Array.forEach (native)\n    at onReady (/Users/sam/Workspace/chug/lib/waiter.js:107:27)"]
INFO 2014-12-16T17:07:07.021Z ["[Lighter] Models loaded. \u001b[90mx0\u001b[39m"]
INFO 2014-12-16T17:07:07.030Z ["[Lighter] Scripts routed to \u001b[36m/sly.js\u001b[39m. \u001b[90mx1\u001b[39m"]
INFO 2014-12-16T17:07:07.031Z ["[Lighter] Styles routed to \u001b[36m/sly.css\u001b[39m. \u001b[90mx1\u001b[39m"]
ERROR 2014-12-16T17:07:07.036Z ["TypeError: Cannot read property 'location' of undefined\n    at module.exports.Flagger.extend.init (/Users/sam/Workspace/lighter/lib/controller.js:16:22)\n    at new type (/Users/sam/Workspace/lighter/common/object/type.js:20:17)\n    at init.self.(anonymous function).chug.require.each.instance (/Users/sam/Workspace/lighter/lib/app.js:516:42)\n    at init.module.exports.Waiter.extend.require (/Users/sam/Workspace/chug/lib/asset.js:366:16)\n    at /Users/sam/Workspace/chug/lib/Load.js:467:21\n    at Array.forEach (native)\n    at /Users/sam/Workspace/chug/lib/Load.js:192:21\n    at onceReadyEach (/Users/sam/Workspace/chug/lib/waiter.js:108:9)\n    at Array.forEach (native)\n    at onReady (/Users/sam/Workspace/chug/lib/waiter.js:107:27)"]
INFO 2014-12-16T17:07:07.835Z ["[Lighter] Models loaded. \u001b[90mx0\u001b[39m"]
INFO 2014-12-16T17:07:07.845Z ["[Lighter] Scripts routed to \u001b[36m/sly.js\u001b[39m. \u001b[90mx1\u001b[39m"]
INFO 2014-12-16T17:07:07.846Z ["[Lighter] Styles routed to \u001b[36m/sly.css\u001b[39m. \u001b[90mx1\u001b[39m"]
ERROR 2014-12-16T17:07:07.852Z ["TypeError: Cannot read property 'location' of undefined\n    at module.exports.Flagger.extend.init (/Users/sam/Workspace/lighter/lib/controller.js:16:22)\n    at new type (/Users/sam/Workspace/lighter/common/object/type.js:20:17)\n    at init.self.(anonymous function).chug.require.each.instance (/Users/sam/Workspace/lighter/lib/app.js:516:42)\n    at init.module.exports.Waiter.extend.require (/Users/sam/Workspace/chug/lib/asset.js:366:16)\n    at /Users/sam/Workspace/chug/lib/Load.js:467:21\n    at Array.forEach (native)\n    at /Users/sam/Workspace/chug/lib/Load.js:192:21\n    at onceReadyEach (/Users/sam/Workspace/chug/lib/waiter.js:108:9)\n    at Array.forEach (native)\n    at onReady (/Users/sam/Workspace/chug/lib/waiter.js:107:27)"]
INFO 2014-12-16T17:07:08.646Z ["[Lighter] Models loaded. \u001b[90mx0\u001b[39m"]
INFO 2014-12-16T17:07:08.657Z ["[Lighter] Scripts routed to \u001b[36m/sly.js\u001b[39m. \u001b[90mx1\u001b[39m"]
INFO 2014-12-16T17:07:08.659Z ["[Lighter] Styles routed to \u001b[36m/sly.css\u001b[39m. \u001b[90mx1\u001b[39m"]
ERROR 2014-12-16T17:07:08.665Z ["TypeError: Cannot read property 'location' of undefined\n    at module.exports.Flagger.extend.init (/Users/sam/Workspace/lighter/lib/controller.js:16:22)\n    at new type (/Users/sam/Workspace/lighter/common/object/type.js:20:17)\n    at init.self.(anonymous function).chug.require.each.instance (/Users/sam/Workspace/lighter/lib/app.js:516:42)\n    at init.module.exports.Waiter.extend.require (/Users/sam/Workspace/chug/lib/asset.js:366:16)\n    at /Users/sam/Workspace/chug/lib/Load.js:467:21\n    at Array.forEach (native)\n    at /Users/sam/Workspace/chug/lib/Load.js:192:21\n    at onceReadyEach (/Users/sam/Workspace/chug/lib/waiter.js:108:9)\n    at Array.forEach (native)\n    at onReady (/Users/sam/Workspace/chug/lib/waiter.js:107:27)"]
INFO 2014-12-16T17:07:09.446Z ["[Lighter] Models loaded. \u001b[90mx0\u001b[39m"]
INFO 2014-12-16T17:07:09.456Z ["[Lighter] Scripts routed to \u001b[36m/sly.js\u001b[39m. \u001b[90mx1\u001b[39m"]
INFO 2014-12-16T17:07:09.456Z ["[Lighter] Styles routed to \u001b[36m/sly.css\u001b[39m. \u001b[90mx1\u001b[39m"]
ERROR 2014-12-16T17:07:09.461Z ["TypeError: Cannot read property 'location' of undefined\n    at module.exports.Flagger.extend.init (/Users/sam/Workspace/lighter/lib/controller.js:16:22)\n    at new type (/Users/sam/Workspace/lighter/common/object/type.js:20:17)\n    at init.self.(anonymous function).chug.require.each.instance (/Users/sam/Workspace/lighter/lib/app.js:516:42)\n    at init.module.exports.Waiter.extend.require (/Users/sam/Workspace/chug/lib/asset.js:366:16)\n    at /Users/sam/Workspace/chug/lib/Load.js:467:21\n    at Array.forEach (native)\n    at /Users/sam/Workspace/chug/lib/Load.js:192:21\n    at onceReadyEach (/Users/sam/Workspace/chug/lib/waiter.js:108:9)\n    at Array.forEach (native)\n    at onReady (/Users/sam/Workspace/chug/lib/waiter.js:107:27)"]
INFO 2014-12-16T17:07:10.234Z ["[Lighter] Models loaded. \u001b[90mx0\u001b[39m"]
INFO 2014-12-16T17:07:10.244Z ["[Lighter] Scripts routed to \u001b[36m/sly.js\u001b[39m. \u001b[90mx1\u001b[39m"]
INFO 2014-12-16T17:07:10.245Z ["[Lighter] Styles routed to \u001b[36m/sly.css\u001b[39m. \u001b[90mx1\u001b[39m"]
ERROR 2014-12-16T17:07:10.250Z ["TypeError: Cannot read property 'location' of undefined\n    at module.exports.Flagger.extend.init (/Users/sam/Workspace/lighter/lib/controller.js:16:22)\n    at new type (/Users/sam/Workspace/lighter/common/object/type.js:20:17)\n    at init.self.(anonymous function).chug.require.each.instance (/Users/sam/Workspace/lighter/lib/app.js:516:42)\n    at init.module.exports.Waiter.extend.require (/Users/sam/Workspace/chug/lib/asset.js:366:16)\n    at /Users/sam/Workspace/chug/lib/Load.js:467:21\n    at Array.forEach (native)\n    at /Users/sam/Workspace/chug/lib/Load.js:192:21\n    at onceReadyEach (/Users/sam/Workspace/chug/lib/waiter.js:108:9)\n    at Array.forEach (native)\n    at onReady (/Users/sam/Workspace/chug/lib/waiter.js:107:27)"]
INFO 2014-12-16T17:07:11.047Z ["[Lighter] Models loaded. \u001b[90mx0\u001b[39m"]
INFO 2014-12-16T17:07:11.056Z ["[Lighter] Scripts routed to \u001b[36m/sly.js\u001b[39m. \u001b[90mx1\u001b[39m"]
INFO 2014-12-16T17:07:11.057Z ["[Lighter] Styles routed to \u001b[36m/sly.css\u001b[39m. \u001b[90mx1\u001b[39m"]
ERROR 2014-12-16T17:07:11.062Z ["TypeError: Cannot read property 'location' of undefined\n    at module.exports.Flagger.extend.init (/Users/sam/Workspace/lighter/lib/controller.js:16:22)\n    at new type (/Users/sam/Workspace/lighter/common/object/type.js:20:17)\n    at init.self.(anonymous function).chug.require.each.instance (/Users/sam/Workspace/lighter/lib/app.js:516:42)\n    at init.module.exports.Waiter.extend.require (/Users/sam/Workspace/chug/lib/asset.js:366:16)\n    at /Users/sam/Workspace/chug/lib/Load.js:467:21\n    at Array.forEach (native)\n    at /Users/sam/Workspace/chug/lib/Load.js:192:21\n    at onceReadyEach (/Users/sam/Workspace/chug/lib/waiter.js:108:9)\n    at Array.forEach (native)\n    at onReady (/Users/sam/Workspace/chug/lib/waiter.js:107:27)"]
INFO 2014-12-16T17:07:11.861Z ["[Lighter] Models loaded. \u001b[90mx0\u001b[39m"]
INFO 2014-12-16T17:07:11.870Z ["[Lighter] Scripts routed to \u001b[36m/sly.js\u001b[39m. \u001b[90mx1\u001b[39m"]
INFO 2014-12-16T17:07:11.870Z ["[Lighter] Styles routed to \u001b[36m/sly.css\u001b[39m. \u001b[90mx1\u001b[39m"]
ERROR 2014-12-16T17:07:11.876Z ["TypeError: Cannot read property 'location' of undefined\n    at module.exports.Flagger.extend.init (/Users/sam/Workspace/lighter/lib/controller.js:16:22)\n    at new type (/Users/sam/Workspace/lighter/common/object/type.js:20:17)\n    at init.self.(anonymous function).chug.require.each.instance (/Users/sam/Workspace/lighter/lib/app.js:516:42)\n    at init.module.exports.Waiter.extend.require (/Users/sam/Workspace/chug/lib/asset.js:366:16)\n    at /Users/sam/Workspace/chug/lib/Load.js:467:21\n    at Array.forEach (native)\n    at /Users/sam/Workspace/chug/lib/Load.js:192:21\n    at onceReadyEach (/Users/sam/Workspace/chug/lib/waiter.js:108:9)\n    at Array.forEach (native)\n    at onReady (/Users/sam/Workspace/chug/lib/waiter.js:107:27)"]
INFO 2014-12-16T17:07:12.654Z ["[Lighter] Models loaded. \u001b[90mx0\u001b[39m"]
INFO 2014-12-16T17:07:12.666Z ["[Lighter] Scripts routed to \u001b[36m/sly.js\u001b[39m. \u001b[90mx1\u001b[39m"]
INFO 2014-12-16T17:07:12.667Z ["[Lighter] Styles routed to \u001b[36m/sly.css\u001b[39m. \u001b[90mx1\u001b[39m"]
ERROR 2014-12-16T17:07:12.674Z ["TypeError: Cannot read property 'location' of undefined\n    at module.exports.Flagger.extend.init (/Users/sam/Workspace/lighter/lib/controller.js:16:22)\n    at new type (/Users/sam/Workspace/lighter/common/object/type.js:20:17)\n    at init.self.(anonymous function).chug.require.each.instance (/Users/sam/Workspace/lighter/lib/app.js:516:42)\n    at init.module.exports.Waiter.extend.require (/Users/sam/Workspace/chug/lib/asset.js:366:16)\n    at /Users/sam/Workspace/chug/lib/Load.js:467:21\n    at Array.forEach (native)\n    at /Users/sam/Workspace/chug/lib/Load.js:192:21\n    at onceReadyEach (/Users/sam/Workspace/chug/lib/waiter.js:108:9)\n    at Array.forEach (native)\n    at onReady (/Users/sam/Workspace/chug/lib/waiter.js:107:27)"]
INFO 2014-12-16T17:07:13.465Z ["[Lighter] Models loaded. \u001b[90mx0\u001b[39m"]
INFO 2014-12-16T17:07:13.475Z ["[Lighter] Scripts routed to \u001b[36m/sly.js\u001b[39m. \u001b[90mx1\u001b[39m"]
INFO 2014-12-16T17:07:13.476Z ["[Lighter] Styles routed to \u001b[36m/sly.css\u001b[39m. \u001b[90mx1\u001b[39m"]
ERROR 2014-12-16T17:07:13.480Z ["TypeError: Cannot read property 'location' of undefined\n    at module.exports.Flagger.extend.init (/Users/sam/Workspace/lighter/lib/controller.js:16:22)\n    at new type (/Users/sam/Workspace/lighter/common/object/type.js:20:17)\n    at init.self.(anonymous function).chug.require.each.instance (/Users/sam/Workspace/lighter/lib/app.js:516:42)\n    at init.module.exports.Waiter.extend.require (/Users/sam/Workspace/chug/lib/asset.js:366:16)\n    at /Users/sam/Workspace/chug/lib/Load.js:467:21\n    at Array.forEach (native)\n    at /Users/sam/Workspace/chug/lib/Load.js:192:21\n    at onceReadyEach (/Users/sam/Workspace/chug/lib/waiter.js:108:9)\n    at Array.forEach (native)\n    at onReady (/Users/sam/Workspace/chug/lib/waiter.js:107:27)"]
INFO 2014-12-16T17:07:14.297Z ["[Lighter] Models loaded. \u001b[90mx0\u001b[39m"]
INFO 2014-12-16T17:07:14.315Z ["[Lighter] Scripts routed to \u001b[36m/sly.js\u001b[39m. \u001b[90mx1\u001b[39m"]
INFO 2014-12-16T17:07:14.316Z ["[Lighter] Styles routed to \u001b[36m/sly.css\u001b[39m. \u001b[90mx1\u001b[39m"]
ERROR 2014-12-16T17:07:14.321Z ["TypeError: Cannot read property 'location' of undefined\n    at module.exports.Flagger.extend.init (/Users/sam/Workspace/lighter/lib/controller.js:16:22)\n    at new type (/Users/sam/Workspace/lighter/common/object/type.js:20:17)\n    at init.self.(anonymous function).chug.require.each.instance (/Users/sam/Workspace/lighter/lib/app.js:516:42)\n    at init.module.exports.Waiter.extend.require (/Users/sam/Workspace/chug/lib/asset.js:366:16)\n    at /Users/sam/Workspace/chug/lib/Load.js:467:21\n    at Array.forEach (native)\n    at /Users/sam/Workspace/chug/lib/Load.js:192:21\n    at onceReadyEach (/Users/sam/Workspace/chug/lib/waiter.js:108:9)\n    at Array.forEach (native)\n    at onReady (/Users/sam/Workspace/chug/lib/waiter.js:107:27)"]
INFO 2014-12-16T17:07:15.105Z ["[Lighter] Models loaded. \u001b[90mx0\u001b[39m"]
INFO 2014-12-16T17:07:15.113Z ["[Lighter] Scripts routed to \u001b[36m/sly.js\u001b[39m. \u001b[90mx1\u001b[39m"]
INFO 2014-12-16T17:07:15.114Z ["[Lighter] Styles routed to \u001b[36m/sly.css\u001b[39m. \u001b[90mx1\u001b[39m"]
ERROR 2014-12-16T17:07:15.119Z ["TypeError: Cannot read property 'location' of undefined\n    at module.exports.Flagger.extend.init (/Users/sam/Workspace/lighter/lib/controller.js:16:22)\n    at new type (/Users/sam/Workspace/lighter/common/object/type.js:20:17)\n    at init.self.(anonymous function).chug.require.each.instance (/Users/sam/Workspace/lighter/lib/app.js:516:42)\n    at init.module.exports.Waiter.extend.require (/Users/sam/Workspace/chug/lib/asset.js:366:16)\n    at /Users/sam/Workspace/chug/lib/Load.js:467:21\n    at Array.forEach (native)\n    at /Users/sam/Workspace/chug/lib/Load.js:192:21\n    at onceReadyEach (/Users/sam/Workspace/chug/lib/waiter.js:108:9)\n    at Array.forEach (native)\n    at onReady (/Users/sam/Workspace/chug/lib/waiter.js:107:27)"]
INFO 2014-12-16T17:07:15.923Z ["[Lighter] Models loaded. \u001b[90mx0\u001b[39m"]
INFO 2014-12-16T17:07:15.932Z ["[Lighter] Scripts routed to \u001b[36m/sly.js\u001b[39m. \u001b[90mx1\u001b[39m"]
INFO 2014-12-16T17:07:15.933Z ["[Lighter] Styles routed to \u001b[36m/sly.css\u001b[39m. \u001b[90mx1\u001b[39m"]
ERROR 2014-12-16T17:07:15.937Z ["TypeError: Cannot read property 'location' of undefined\n    at module.exports.Flagger.extend.init (/Users/sam/Workspace/lighter/lib/controller.js:16:22)\n    at new type (/Users/sam/Workspace/lighter/common/object/type.js:20:17)\n    at init.self.(anonymous function).chug.require.each.instance (/Users/sam/Workspace/lighter/lib/app.js:516:42)\n    at init.module.exports.Waiter.extend.require (/Users/sam/Workspace/chug/lib/asset.js:366:16)\n    at /Users/sam/Workspace/chug/lib/Load.js:467:21\n    at Array.forEach (native)\n    at /Users/sam/Workspace/chug/lib/Load.js:192:21\n    at onceReadyEach (/Users/sam/Workspace/chug/lib/waiter.js:108:9)\n    at Array.forEach (native)\n    at onReady (/Users/sam/Workspace/chug/lib/waiter.js:107:27)"]
INFO 2014-12-16T17:07:16.728Z ["[Lighter] Models loaded. \u001b[90mx0\u001b[39m"]
INFO 2014-12-16T17:07:16.739Z ["[Lighter] Scripts routed to \u001b[36m/sly.js\u001b[39m. \u001b[90mx1\u001b[39m"]
INFO 2014-12-16T17:07:16.740Z ["[Lighter] Styles routed to \u001b[36m/sly.css\u001b[39m. \u001b[90mx1\u001b[39m"]
ERROR 2014-12-16T17:07:16.744Z ["TypeError: Cannot read property 'location' of undefined\n    at module.exports.Flagger.extend.init (/Users/sam/Workspace/lighter/lib/controller.js:16:22)\n    at new type (/Users/sam/Workspace/lighter/common/object/type.js:20:17)\n    at init.self.(anonymous function).chug.require.each.instance (/Users/sam/Workspace/lighter/lib/app.js:516:42)\n    at init.module.exports.Waiter.extend.require (/Users/sam/Workspace/chug/lib/asset.js:366:16)\n    at /Users/sam/Workspace/chug/lib/Load.js:467:21\n    at Array.forEach (native)\n    at /Users/sam/Workspace/chug/lib/Load.js:192:21\n    at onceReadyEach (/Users/sam/Workspace/chug/lib/waiter.js:108:9)\n    at Array.forEach (native)\n    at onReady (/Users/sam/Workspace/chug/lib/waiter.js:107:27)"]
INFO 2014-12-16T17:07:17.536Z ["[Lighter] Models loaded. \u001b[90mx0\u001b[39m"]
INFO 2014-12-16T17:07:17.550Z ["[Lighter] Scripts routed to \u001b[36m/sly.js\u001b[39m. \u001b[90mx1\u001b[39m"]
INFO 2014-12-16T17:07:17.552Z ["[Lighter] Styles routed to \u001b[36m/sly.css\u001b[39m. \u001b[90mx1\u001b[39m"]
ERROR 2014-12-16T17:07:17.557Z ["TypeError: Cannot read property 'location' of undefined\n    at module.exports.Flagger.extend.init (/Users/sam/Workspace/lighter/lib/controller.js:16:22)\n    at new type (/Users/sam/Workspace/lighter/common/object/type.js:20:17)\n    at init.self.(anonymous function).chug.require.each.instance (/Users/sam/Workspace/lighter/lib/app.js:516:42)\n    at init.module.exports.Waiter.extend.require (/Users/sam/Workspace/chug/lib/asset.js:366:16)\n    at /Users/sam/Workspace/chug/lib/Load.js:467:21\n    at Array.forEach (native)\n    at /Users/sam/Workspace/chug/lib/Load.js:192:21\n    at onceReadyEach (/Users/sam/Workspace/chug/lib/waiter.js:108:9)\n    at Array.forEach (native)\n    at onReady (/Users/sam/Workspace/chug/lib/waiter.js:107:27)"]
INFO 2014-12-16T17:07:18.346Z ["[Lighter] Models loaded. \u001b[90mx0\u001b[39m"]
INFO 2014-12-16T17:07:18.356Z ["[Lighter] Scripts routed to \u001b[36m/sly.js\u001b[39m. \u001b[90mx1\u001b[39m"]
INFO 2014-12-16T17:07:18.357Z ["[Lighter] Styles routed to \u001b[36m/sly.css\u001b[39m. \u001b[90mx1\u001b[39m"]
ERROR 2014-12-16T17:07:18.363Z ["TypeError: Cannot read property 'location' of undefined\n    at module.exports.Flagger.extend.init (/Users/sam/Workspace/lighter/lib/controller.js:16:22)\n    at new type (/Users/sam/Workspace/lighter/common/object/type.js:20:17)\n    at init.self.(anonymous function).chug.require.each.instance (/Users/sam/Workspace/lighter/lib/app.js:516:42)\n    at init.module.exports.Waiter.extend.require (/Users/sam/Workspace/chug/lib/asset.js:366:16)\n    at /Users/sam/Workspace/chug/lib/Load.js:467:21\n    at Array.forEach (native)\n    at /Users/sam/Workspace/chug/lib/Load.js:192:21\n    at onceReadyEach (/Users/sam/Workspace/chug/lib/waiter.js:108:9)\n    at Array.forEach (native)\n    at onReady (/Users/sam/Workspace/chug/lib/waiter.js:107:27)"]
INFO 2014-12-16T17:07:19.143Z ["[Lighter] Models loaded. \u001b[90mx0\u001b[39m"]
INFO 2014-12-16T17:07:19.154Z ["[Lighter] Scripts routed to \u001b[36m/sly.js\u001b[39m. \u001b[90mx1\u001b[39m"]
INFO 2014-12-16T17:07:19.155Z ["[Lighter] Styles routed to \u001b[36m/sly.css\u001b[39m. \u001b[90mx1\u001b[39m"]
ERROR 2014-12-16T17:07:19.161Z ["TypeError: Cannot read property 'location' of undefined\n    at module.exports.Flagger.extend.init (/Users/sam/Workspace/lighter/lib/controller.js:16:22)\n    at new type (/Users/sam/Workspace/lighter/common/object/type.js:20:17)\n    at init.self.(anonymous function).chug.require.each.instance (/Users/sam/Workspace/lighter/lib/app.js:516:42)\n    at init.module.exports.Waiter.extend.require (/Users/sam/Workspace/chug/lib/asset.js:366:16)\n    at /Users/sam/Workspace/chug/lib/Load.js:467:21\n    at Array.forEach (native)\n    at /Users/sam/Workspace/chug/lib/Load.js:192:21\n    at onceReadyEach (/Users/sam/Workspace/chug/lib/waiter.js:108:9)\n    at Array.forEach (native)\n    at onReady (/Users/sam/Workspace/chug/lib/waiter.js:107:27)"]
INFO 2014-12-16T17:07:19.949Z ["[Lighter] Models loaded. \u001b[90mx0\u001b[39m"]
INFO 2014-12-16T17:07:19.959Z ["[Lighter] Scripts routed to \u001b[36m/sly.js\u001b[39m. \u001b[90mx1\u001b[39m"]
INFO 2014-12-16T17:07:19.960Z ["[Lighter] Styles routed to \u001b[36m/sly.css\u001b[39m. \u001b[90mx1\u001b[39m"]
ERROR 2014-12-16T17:07:19.965Z ["TypeError: Cannot read property 'location' of undefined\n    at module.exports.Flagger.extend.init (/Users/sam/Workspace/lighter/lib/controller.js:16:22)\n    at new type (/Users/sam/Workspace/lighter/common/object/type.js:20:17)\n    at init.self.(anonymous function).chug.require.each.instance (/Users/sam/Workspace/lighter/lib/app.js:516:42)\n    at init.module.exports.Waiter.extend.require (/Users/sam/Workspace/chug/lib/asset.js:366:16)\n    at /Users/sam/Workspace/chug/lib/Load.js:467:21\n    at Array.forEach (native)\n    at /Users/sam/Workspace/chug/lib/Load.js:192:21\n    at onceReadyEach (/Users/sam/Workspace/chug/lib/waiter.js:108:9)\n    at Array.forEach (native)\n    at onReady (/Users/sam/Workspace/chug/lib/waiter.js:107:27)"]
INFO 2014-12-16T17:07:20.771Z ["[Lighter] Models loaded. \u001b[90mx0\u001b[39m"]
INFO 2014-12-16T17:07:20.781Z ["[Lighter] Scripts routed to \u001b[36m/sly.js\u001b[39m. \u001b[90mx1\u001b[39m"]
INFO 2014-12-16T17:07:20.782Z ["[Lighter] Styles routed to \u001b[36m/sly.css\u001b[39m. \u001b[90mx1\u001b[39m"]
ERROR 2014-12-16T17:07:20.787Z ["TypeError: Cannot read property 'location' of undefined\n    at module.exports.Flagger.extend.init (/Users/sam/Workspace/lighter/lib/controller.js:16:22)\n    at new type (/Users/sam/Workspace/lighter/common/object/type.js:20:17)\n    at init.self.(anonymous function).chug.require.each.instance (/Users/sam/Workspace/lighter/lib/app.js:516:42)\n    at init.module.exports.Waiter.extend.require (/Users/sam/Workspace/chug/lib/asset.js:366:16)\n    at /Users/sam/Workspace/chug/lib/Load.js:467:21\n    at Array.forEach (native)\n    at /Users/sam/Workspace/chug/lib/Load.js:192:21\n    at onceReadyEach (/Users/sam/Workspace/chug/lib/waiter.js:108:9)\n    at Array.forEach (native)\n    at onReady (/Users/sam/Workspace/chug/lib/waiter.js:107:27)"]
INFO 2014-12-16T17:07:21.579Z ["[Lighter] Models loaded. \u001b[90mx0\u001b[39m"]
INFO 2014-12-16T17:07:21.589Z ["[Lighter] Scripts routed to \u001b[36m/sly.js\u001b[39m. \u001b[90mx1\u001b[39m"]
INFO 2014-12-16T17:07:21.590Z ["[Lighter] Styles routed to \u001b[36m/sly.css\u001b[39m. \u001b[90mx1\u001b[39m"]
ERROR 2014-12-16T17:07:21.595Z ["TypeError: Cannot read property 'location' of undefined\n    at module.exports.Flagger.extend.init (/Users/sam/Workspace/lighter/lib/controller.js:16:22)\n    at new type (/Users/sam/Workspace/lighter/common/object/type.js:20:17)\n    at init.self.(anonymous function).chug.require.each.instance (/Users/sam/Workspace/lighter/lib/app.js:516:42)\n    at init.module.exports.Waiter.extend.require (/Users/sam/Workspace/chug/lib/asset.js:366:16)\n    at /Users/sam/Workspace/chug/lib/Load.js:467:21\n    at Array.forEach (native)\n    at /Users/sam/Workspace/chug/lib/Load.js:192:21\n    at onceReadyEach (/Users/sam/Workspace/chug/lib/waiter.js:108:9)\n    at Array.forEach (native)\n    at onReady (/Users/sam/Workspace/chug/lib/waiter.js:107:27)"]
INFO 2014-12-16T17:07:22.373Z ["[Lighter] Models loaded. \u001b[90mx0\u001b[39m"]
INFO 2014-12-16T17:07:22.383Z ["[Lighter] Scripts routed to \u001b[36m/sly.js\u001b[39m. \u001b[90mx1\u001b[39m"]
INFO 2014-12-16T17:07:22.384Z ["[Lighter] Styles routed to \u001b[36m/sly.css\u001b[39m. \u001b[90mx1\u001b[39m"]
ERROR 2014-12-16T17:07:22.390Z ["TypeError: Cannot read property 'location' of undefined\n    at module.exports.Flagger.extend.init (/Users/sam/Workspace/lighter/lib/controller.js:16:22)\n    at new type (/Users/sam/Workspace/lighter/common/object/type.js:20:17)\n    at init.self.(anonymous function).chug.require.each.instance (/Users/sam/Workspace/lighter/lib/app.js:516:42)\n    at init.module.exports.Waiter.extend.require (/Users/sam/Workspace/chug/lib/asset.js:366:16)\n    at /Users/sam/Workspace/chug/lib/Load.js:467:21\n    at Array.forEach (native)\n    at /Users/sam/Workspace/chug/lib/Load.js:192:21\n    at onceReadyEach (/Users/sam/Workspace/chug/lib/waiter.js:108:9)\n    at Array.forEach (native)\n    at onReady (/Users/sam/Workspace/chug/lib/waiter.js:107:27)"]
INFO 2014-12-16T17:07:23.178Z ["[Lighter] Models loaded. \u001b[90mx0\u001b[39m"]
INFO 2014-12-16T17:07:23.187Z ["[Lighter] Scripts routed to \u001b[36m/sly.js\u001b[39m. \u001b[90mx1\u001b[39m"]
INFO 2014-12-16T17:07:23.187Z ["[Lighter] Styles routed to \u001b[36m/sly.css\u001b[39m. \u001b[90mx1\u001b[39m"]
ERROR 2014-12-16T17:07:23.192Z ["TypeError: Cannot read property 'location' of undefined\n    at module.exports.Flagger.extend.init (/Users/sam/Workspace/lighter/lib/controller.js:16:22)\n    at new type (/Users/sam/Workspace/lighter/common/object/type.js:20:17)\n    at init.self.(anonymous function).chug.require.each.instance (/Users/sam/Workspace/lighter/lib/app.js:516:42)\n    at init.module.exports.Waiter.extend.require (/Users/sam/Workspace/chug/lib/asset.js:366:16)\n    at /Users/sam/Workspace/chug/lib/Load.js:467:21\n    at Array.forEach (native)\n    at /Users/sam/Workspace/chug/lib/Load.js:192:21\n    at onceReadyEach (/Users/sam/Workspace/chug/lib/waiter.js:108:9)\n    at Array.forEach (native)\n    at onReady (/Users/sam/Workspace/chug/lib/waiter.js:107:27)"]
INFO 2014-12-16T17:07:23.995Z ["[Lighter] Models loaded. \u001b[90mx0\u001b[39m"]
INFO 2014-12-16T17:07:24.005Z ["[Lighter] Scripts routed to \u001b[36m/sly.js\u001b[39m. \u001b[90mx1\u001b[39m"]
INFO 2014-12-16T17:07:24.005Z ["[Lighter] Styles routed to \u001b[36m/sly.css\u001b[39m. \u001b[90mx1\u001b[39m"]
ERROR 2014-12-16T17:07:24.010Z ["TypeError: Cannot read property 'location' of undefined\n    at module.exports.Flagger.extend.init (/Users/sam/Workspace/lighter/lib/controller.js:16:22)\n    at new type (/Users/sam/Workspace/lighter/common/object/type.js:20:17)\n    at init.self.(anonymous function).chug.require.each.instance (/Users/sam/Workspace/lighter/lib/app.js:516:42)\n    at init.module.exports.Waiter.extend.require (/Users/sam/Workspace/chug/lib/asset.js:366:16)\n    at /Users/sam/Workspace/chug/lib/Load.js:467:21\n    at Array.forEach (native)\n    at /Users/sam/Workspace/chug/lib/Load.js:192:21\n    at onceReadyEach (/Users/sam/Workspace/chug/lib/waiter.js:108:9)\n    at Array.forEach (native)\n    at onReady (/Users/sam/Workspace/chug/lib/waiter.js:107:27)"]
INFO 2014-12-16T17:07:24.800Z ["[Lighter] Models loaded. \u001b[90mx0\u001b[39m"]
INFO 2014-12-16T17:07:24.809Z ["[Lighter] Scripts routed to \u001b[36m/sly.js\u001b[39m. \u001b[90mx1\u001b[39m"]
INFO 2014-12-16T17:07:24.809Z ["[Lighter] Styles routed to \u001b[36m/sly.css\u001b[39m. \u001b[90mx1\u001b[39m"]
ERROR 2014-12-16T17:07:24.815Z ["TypeError: Cannot read property 'location' of undefined\n    at module.exports.Flagger.extend.init (/Users/sam/Workspace/lighter/lib/controller.js:16:22)\n    at new type (/Users/sam/Workspace/lighter/common/object/type.js:20:17)\n    at init.self.(anonymous function).chug.require.each.instance (/Users/sam/Workspace/lighter/lib/app.js:516:42)\n    at init.module.exports.Waiter.extend.require (/Users/sam/Workspace/chug/lib/asset.js:366:16)\n    at /Users/sam/Workspace/chug/lib/Load.js:467:21\n    at Array.forEach (native)\n    at /Users/sam/Workspace/chug/lib/Load.js:192:21\n    at onceReadyEach (/Users/sam/Workspace/chug/lib/waiter.js:108:9)\n    at Array.forEach (native)\n    at onReady (/Users/sam/Workspace/chug/lib/waiter.js:107:27)"]
INFO 2014-12-16T17:07:25.609Z ["[Lighter] Models loaded. \u001b[90mx0\u001b[39m"]
INFO 2014-12-16T17:07:25.621Z ["[Lighter] Scripts routed to \u001b[36m/sly.js\u001b[39m. \u001b[90mx1\u001b[39m"]
INFO 2014-12-16T17:07:25.623Z ["[Lighter] Styles routed to \u001b[36m/sly.css\u001b[39m. \u001b[90mx1\u001b[39m"]
ERROR 2014-12-16T17:07:25.628Z ["TypeError: Cannot read property 'location' of undefined\n    at module.exports.Flagger.extend.init (/Users/sam/Workspace/lighter/lib/controller.js:16:22)\n    at new type (/Users/sam/Workspace/lighter/common/object/type.js:20:17)\n    at init.self.(anonymous function).chug.require.each.instance (/Users/sam/Workspace/lighter/lib/app.js:516:42)\n    at init.module.exports.Waiter.extend.require (/Users/sam/Workspace/chug/lib/asset.js:366:16)\n    at /Users/sam/Workspace/chug/lib/Load.js:467:21\n    at Array.forEach (native)\n    at /Users/sam/Workspace/chug/lib/Load.js:192:21\n    at onceReadyEach (/Users/sam/Workspace/chug/lib/waiter.js:108:9)\n    at Array.forEach (native)\n    at onReady (/Users/sam/Workspace/chug/lib/waiter.js:107:27)"]
INFO 2014-12-16T17:07:26.418Z ["[Lighter] Models loaded. \u001b[90mx0\u001b[39m"]
INFO 2014-12-16T17:07:26.429Z ["[Lighter] Scripts routed to \u001b[36m/sly.js\u001b[39m. \u001b[90mx1\u001b[39m"]
INFO 2014-12-16T17:07:26.429Z ["[Lighter] Styles routed to \u001b[36m/sly.css\u001b[39m. \u001b[90mx1\u001b[39m"]
ERROR 2014-12-16T17:07:26.434Z ["TypeError: Cannot read property 'location' of undefined\n    at module.exports.Flagger.extend.init (/Users/sam/Workspace/lighter/lib/controller.js:16:22)\n    at new type (/Users/sam/Workspace/lighter/common/object/type.js:20:17)\n    at init.self.(anonymous function).chug.require.each.instance (/Users/sam/Workspace/lighter/lib/app.js:516:42)\n    at init.module.exports.Waiter.extend.require (/Users/sam/Workspace/chug/lib/asset.js:366:16)\n    at /Users/sam/Workspace/chug/lib/Load.js:467:21\n    at Array.forEach (native)\n    at /Users/sam/Workspace/chug/lib/Load.js:192:21\n    at onceReadyEach (/Users/sam/Workspace/chug/lib/waiter.js:108:9)\n    at Array.forEach (native)\n    at onReady (/Users/sam/Workspace/chug/lib/waiter.js:107:27)"]
INFO 2014-12-16T17:07:27.209Z ["[Lighter] Models loaded. \u001b[90mx0\u001b[39m"]
INFO 2014-12-16T17:07:27.219Z ["[Lighter] Scripts routed to \u001b[36m/sly.js\u001b[39m. \u001b[90mx1\u001b[39m"]
INFO 2014-12-16T17:07:27.220Z ["[Lighter] Styles routed to \u001b[36m/sly.css\u001b[39m. \u001b[90mx1\u001b[39m"]
ERROR 2014-12-16T17:07:27.226Z ["TypeError: Cannot read property 'location' of undefined\n    at module.exports.Flagger.extend.init (/Users/sam/Workspace/lighter/lib/controller.js:16:22)\n    at new type (/Users/sam/Workspace/lighter/common/object/type.js:20:17)\n    at init.self.(anonymous function).chug.require.each.instance (/Users/sam/Workspace/lighter/lib/app.js:516:42)\n    at init.module.exports.Waiter.extend.require (/Users/sam/Workspace/chug/lib/asset.js:366:16)\n    at /Users/sam/Workspace/chug/lib/Load.js:467:21\n    at Array.forEach (native)\n    at /Users/sam/Workspace/chug/lib/Load.js:192:21\n    at onceReadyEach (/Users/sam/Workspace/chug/lib/waiter.js:108:9)\n    at Array.forEach (native)\n    at onReady (/Users/sam/Workspace/chug/lib/waiter.js:107:27)"]
INFO 2014-12-16T17:07:28.033Z ["[Lighter] Models loaded. \u001b[90mx0\u001b[39m"]
INFO 2014-12-16T17:07:28.044Z ["[Lighter] Scripts routed to \u001b[36m/sly.js\u001b[39m. \u001b[90mx1\u001b[39m"]
INFO 2014-12-16T17:07:28.045Z ["[Lighter] Styles routed to \u001b[36m/sly.css\u001b[39m. \u001b[90mx1\u001b[39m"]
ERROR 2014-12-16T17:07:28.049Z ["TypeError: Cannot read property 'location' of undefined\n    at module.exports.Flagger.extend.init (/Users/sam/Workspace/lighter/lib/controller.js:16:22)\n    at new type (/Users/sam/Workspace/lighter/common/object/type.js:20:17)\n    at init.self.(anonymous function).chug.require.each.instance (/Users/sam/Workspace/lighter/lib/app.js:516:42)\n    at init.module.exports.Waiter.extend.require (/Users/sam/Workspace/chug/lib/asset.js:366:16)\n    at /Users/sam/Workspace/chug/lib/Load.js:467:21\n    at Array.forEach (native)\n    at /Users/sam/Workspace/chug/lib/Load.js:192:21\n    at onceReadyEach (/Users/sam/Workspace/chug/lib/waiter.js:108:9)\n    at Array.forEach (native)\n    at onReady (/Users/sam/Workspace/chug/lib/waiter.js:107:27)"]
INFO 2014-12-16T17:07:28.819Z ["[Lighter] Models loaded. \u001b[90mx0\u001b[39m"]
INFO 2014-12-16T17:07:28.830Z ["[Lighter] Scripts routed to \u001b[36m/sly.js\u001b[39m. \u001b[90mx1\u001b[39m"]
INFO 2014-12-16T17:07:28.830Z ["[Lighter] Styles routed to \u001b[36m/sly.css\u001b[39m. \u001b[90mx1\u001b[39m"]
ERROR 2014-12-16T17:07:28.836Z ["TypeError: Cannot read property 'location' of undefined\n    at module.exports.Flagger.extend.init (/Users/sam/Workspace/lighter/lib/controller.js:16:22)\n    at new type (/Users/sam/Workspace/lighter/common/object/type.js:20:17)\n    at init.self.(anonymous function).chug.require.each.instance (/Users/sam/Workspace/lighter/lib/app.js:516:42)\n    at init.module.exports.Waiter.extend.require (/Users/sam/Workspace/chug/lib/asset.js:366:16)\n    at /Users/sam/Workspace/chug/lib/Load.js:467:21\n    at Array.forEach (native)\n    at /Users/sam/Workspace/chug/lib/Load.js:192:21\n    at onceReadyEach (/Users/sam/Workspace/chug/lib/waiter.js:108:9)\n    at Array.forEach (native)\n    at onReady (/Users/sam/Workspace/chug/lib/waiter.js:107:27)"]
INFO 2014-12-16T17:07:29.630Z ["[Lighter] Models loaded. \u001b[90mx0\u001b[39m"]
INFO 2014-12-16T17:07:29.644Z ["[Lighter] Scripts routed to \u001b[36m/sly.js\u001b[39m. \u001b[90mx1\u001b[39m"]
INFO 2014-12-16T17:07:29.645Z ["[Lighter] Styles routed to \u001b[36m/sly.css\u001b[39m. \u001b[90mx1\u001b[39m"]
ERROR 2014-12-16T17:07:29.651Z ["TypeError: Cannot read property 'location' of undefined\n    at module.exports.Flagger.extend.init (/Users/sam/Workspace/lighter/lib/controller.js:16:22)\n    at new type (/Users/sam/Workspace/lighter/common/object/type.js:20:17)\n    at init.self.(anonymous function).chug.require.each.instance (/Users/sam/Workspace/lighter/lib/app.js:516:42)\n    at init.module.exports.Waiter.extend.require (/Users/sam/Workspace/chug/lib/asset.js:366:16)\n    at /Users/sam/Workspace/chug/lib/Load.js:467:21\n    at Array.forEach (native)\n    at /Users/sam/Workspace/chug/lib/Load.js:192:21\n    at onceReadyEach (/Users/sam/Workspace/chug/lib/waiter.js:108:9)\n    at Array.forEach (native)\n    at onReady (/Users/sam/Workspace/chug/lib/waiter.js:107:27)"]
INFO 2014-12-16T17:07:30.454Z ["[Lighter] Models loaded. \u001b[90mx0\u001b[39m"]
INFO 2014-12-16T17:07:30.463Z ["[Lighter] Scripts routed to \u001b[36m/sly.js\u001b[39m. \u001b[90mx1\u001b[39m"]
INFO 2014-12-16T17:07:30.464Z ["[Lighter] Styles routed to \u001b[36m/sly.css\u001b[39m. \u001b[90mx1\u001b[39m"]
ERROR 2014-12-16T17:07:30.469Z ["TypeError: Cannot read property 'location' of undefined\n    at module.exports.Flagger.extend.init (/Users/sam/Workspace/lighter/lib/controller.js:16:22)\n    at new type (/Users/sam/Workspace/lighter/common/object/type.js:20:17)\n    at init.self.(anonymous function).chug.require.each.instance (/Users/sam/Workspace/lighter/lib/app.js:516:42)\n    at init.module.exports.Waiter.extend.require (/Users/sam/Workspace/chug/lib/asset.js:366:16)\n    at /Users/sam/Workspace/chug/lib/Load.js:467:21\n    at Array.forEach (native)\n    at /Users/sam/Workspace/chug/lib/Load.js:192:21\n    at onceReadyEach (/Users/sam/Workspace/chug/lib/waiter.js:108:9)\n    at Array.forEach (native)\n    at onReady (/Users/sam/Workspace/chug/lib/waiter.js:107:27)"]
INFO 2014-12-16T17:07:31.266Z ["[Lighter] Models loaded. \u001b[90mx0\u001b[39m"]
INFO 2014-12-16T17:07:31.275Z ["[Lighter] Scripts routed to \u001b[36m/sly.js\u001b[39m. \u001b[90mx1\u001b[39m"]
INFO 2014-12-16T17:07:31.276Z ["[Lighter] Styles routed to \u001b[36m/sly.css\u001b[39m. \u001b[90mx1\u001b[39m"]
ERROR 2014-12-16T17:07:31.280Z ["TypeError: Cannot read property 'location' of undefined\n    at module.exports.Flagger.extend.init (/Users/sam/Workspace/lighter/lib/controller.js:16:22)\n    at new type (/Users/sam/Workspace/lighter/common/object/type.js:20:17)\n    at init.self.(anonymous function).chug.require.each.instance (/Users/sam/Workspace/lighter/lib/app.js:516:42)\n    at init.module.exports.Waiter.extend.require (/Users/sam/Workspace/chug/lib/asset.js:366:16)\n    at /Users/sam/Workspace/chug/lib/Load.js:467:21\n    at Array.forEach (native)\n    at /Users/sam/Workspace/chug/lib/Load.js:192:21\n    at onceReadyEach (/Users/sam/Workspace/chug/lib/waiter.js:108:9)\n    at Array.forEach (native)\n    at onReady (/Users/sam/Workspace/chug/lib/waiter.js:107:27)"]
INFO 2014-12-16T17:07:32.071Z ["[Lighter] Models loaded. \u001b[90mx0\u001b[39m"]
INFO 2014-12-16T17:07:32.081Z ["[Lighter] Scripts routed to \u001b[36m/sly.js\u001b[39m. \u001b[90mx1\u001b[39m"]
INFO 2014-12-16T17:07:32.082Z ["[Lighter] Styles routed to \u001b[36m/sly.css\u001b[39m. \u001b[90mx1\u001b[39m"]
ERROR 2014-12-16T17:07:32.086Z ["TypeError: Cannot read property 'location' of undefined\n    at module.exports.Flagger.extend.init (/Users/sam/Workspace/lighter/lib/controller.js:16:22)\n    at new type (/Users/sam/Workspace/lighter/common/object/type.js:20:17)\n    at init.self.(anonymous function).chug.require.each.instance (/Users/sam/Workspace/lighter/lib/app.js:516:42)\n    at init.module.exports.Waiter.extend.require (/Users/sam/Workspace/chug/lib/asset.js:366:16)\n    at /Users/sam/Workspace/chug/lib/Load.js:467:21\n    at Array.forEach (native)\n    at /Users/sam/Workspace/chug/lib/Load.js:192:21\n    at onceReadyEach (/Users/sam/Workspace/chug/lib/waiter.js:108:9)\n    at Array.forEach (native)\n    at onReady (/Users/sam/Workspace/chug/lib/waiter.js:107:27)"]
INFO 2014-12-16T17:07:32.875Z ["[Lighter] Models loaded. \u001b[90mx0\u001b[39m"]
INFO 2014-12-16T17:07:32.885Z ["[Lighter] Scripts routed to \u001b[36m/sly.js\u001b[39m. \u001b[90mx1\u001b[39m"]
INFO 2014-12-16T17:07:32.886Z ["[Lighter] Styles routed to \u001b[36m/sly.css\u001b[39m. \u001b[90mx1\u001b[39m"]
ERROR 2014-12-16T17:07:32.891Z ["TypeError: Cannot read property 'location' of undefined\n    at module.exports.Flagger.extend.init (/Users/sam/Workspace/lighter/lib/controller.js:16:22)\n    at new type (/Users/sam/Workspace/lighter/common/object/type.js:20:17)\n    at init.self.(anonymous function).chug.require.each.instance (/Users/sam/Workspace/lighter/lib/app.js:516:42)\n    at init.module.exports.Waiter.extend.require (/Users/sam/Workspace/chug/lib/asset.js:366:16)\n    at /Users/sam/Workspace/chug/lib/Load.js:467:21\n    at Array.forEach (native)\n    at /Users/sam/Workspace/chug/lib/Load.js:192:21\n    at onceReadyEach (/Users/sam/Workspace/chug/lib/waiter.js:108:9)\n    at Array.forEach (native)\n    at onReady (/Users/sam/Workspace/chug/lib/waiter.js:107:27)"]
INFO 2014-12-16T17:07:33.683Z ["[Lighter] Models loaded. \u001b[90mx0\u001b[39m"]
INFO 2014-12-16T17:07:33.693Z ["[Lighter] Scripts routed to \u001b[36m/sly.js\u001b[39m. \u001b[90mx1\u001b[39m"]
INFO 2014-12-16T17:07:33.693Z ["[Lighter] Styles routed to \u001b[36m/sly.css\u001b[39m. \u001b[90mx1\u001b[39m"]
ERROR 2014-12-16T17:07:33.698Z ["TypeError: Cannot read property 'location' of undefined\n    at module.exports.Flagger.extend.init (/Users/sam/Workspace/lighter/lib/controller.js:16:22)\n    at new type (/Users/sam/Workspace/lighter/common/object/type.js:20:17)\n    at init.self.(anonymous function).chug.require.each.instance (/Users/sam/Workspace/lighter/lib/app.js:516:42)\n    at init.module.exports.Waiter.extend.require (/Users/sam/Workspace/chug/lib/asset.js:366:16)\n    at /Users/sam/Workspace/chug/lib/Load.js:467:21\n    at Array.forEach (native)\n    at /Users/sam/Workspace/chug/lib/Load.js:192:21\n    at onceReadyEach (/Users/sam/Workspace/chug/lib/waiter.js:108:9)\n    at Array.forEach (native)\n    at onReady (/Users/sam/Workspace/chug/lib/waiter.js:107:27)"]
INFO 2014-12-16T17:07:34.475Z ["[Lighter] Models loaded. \u001b[90mx0\u001b[39m"]
INFO 2014-12-16T17:07:34.485Z ["[Lighter] Scripts routed to \u001b[36m/sly.js\u001b[39m. \u001b[90mx1\u001b[39m"]
INFO 2014-12-16T17:07:34.486Z ["[Lighter] Styles routed to \u001b[36m/sly.css\u001b[39m. \u001b[90mx1\u001b[39m"]
ERROR 2014-12-16T17:07:34.491Z ["TypeError: Cannot read property 'location' of undefined\n    at module.exports.Flagger.extend.init (/Users/sam/Workspace/lighter/lib/controller.js:16:22)\n    at new type (/Users/sam/Workspace/lighter/common/object/type.js:20:17)\n    at init.self.(anonymous function).chug.require.each.instance (/Users/sam/Workspace/lighter/lib/app.js:516:42)\n    at init.module.exports.Waiter.extend.require (/Users/sam/Workspace/chug/lib/asset.js:366:16)\n    at /Users/sam/Workspace/chug/lib/Load.js:467:21\n    at Array.forEach (native)\n    at /Users/sam/Workspace/chug/lib/Load.js:192:21\n    at onceReadyEach (/Users/sam/Workspace/chug/lib/waiter.js:108:9)\n    at Array.forEach (native)\n    at onReady (/Users/sam/Workspace/chug/lib/waiter.js:107:27)"]
INFO 2014-12-16T17:07:35.290Z ["[Lighter] Models loaded. \u001b[90mx0\u001b[39m"]
INFO 2014-12-16T17:07:35.304Z ["[Lighter] Scripts routed to \u001b[36m/sly.js\u001b[39m. \u001b[90mx1\u001b[39m"]
INFO 2014-12-16T17:07:35.305Z ["[Lighter] Styles routed to \u001b[36m/sly.css\u001b[39m. \u001b[90mx1\u001b[39m"]
ERROR 2014-12-16T17:07:35.310Z ["TypeError: Cannot read property 'location' of undefined\n    at module.exports.Flagger.extend.init (/Users/sam/Workspace/lighter/lib/controller.js:16:22)\n    at new type (/Users/sam/Workspace/lighter/common/object/type.js:20:17)\n    at init.self.(anonymous function).chug.require.each.instance (/Users/sam/Workspace/lighter/lib/app.js:516:42)\n    at init.module.exports.Waiter.extend.require (/Users/sam/Workspace/chug/lib/asset.js:366:16)\n    at /Users/sam/Workspace/chug/lib/Load.js:467:21\n    at Array.forEach (native)\n    at /Users/sam/Workspace/chug/lib/Load.js:192:21\n    at onceReadyEach (/Users/sam/Workspace/chug/lib/waiter.js:108:9)\n    at Array.forEach (native)\n    at onReady (/Users/sam/Workspace/chug/lib/waiter.js:107:27)"]
INFO 2014-12-16T17:07:36.097Z ["[Lighter] Models loaded. \u001b[90mx0\u001b[39m"]
INFO 2014-12-16T17:07:36.107Z ["[Lighter] Scripts routed to \u001b[36m/sly.js\u001b[39m. \u001b[90mx1\u001b[39m"]
INFO 2014-12-16T17:07:36.108Z ["[Lighter] Styles routed to \u001b[36m/sly.css\u001b[39m. \u001b[90mx1\u001b[39m"]
ERROR 2014-12-16T17:07:36.113Z ["TypeError: Cannot read property 'location' of undefined\n    at module.exports.Flagger.extend.init (/Users/sam/Workspace/lighter/lib/controller.js:16:22)\n    at new type (/Users/sam/Workspace/lighter/common/object/type.js:20:17)\n    at init.self.(anonymous function).chug.require.each.instance (/Users/sam/Workspace/lighter/lib/app.js:516:42)\n    at init.module.exports.Waiter.extend.require (/Users/sam/Workspace/chug/lib/asset.js:366:16)\n    at /Users/sam/Workspace/chug/lib/Load.js:467:21\n    at Array.forEach (native)\n    at /Users/sam/Workspace/chug/lib/Load.js:192:21\n    at onceReadyEach (/Users/sam/Workspace/chug/lib/waiter.js:108:9)\n    at Array.forEach (native)\n    at onReady (/Users/sam/Workspace/chug/lib/waiter.js:107:27)"]
INFO 2014-12-16T17:07:36.909Z ["[Lighter] Models loaded. \u001b[90mx0\u001b[39m"]
INFO 2014-12-16T17:07:36.925Z ["[Lighter] Scripts routed to \u001b[36m/sly.js\u001b[39m. \u001b[90mx1\u001b[39m"]
INFO 2014-12-16T17:07:36.926Z ["[Lighter] Styles routed to \u001b[36m/sly.css\u001b[39m. \u001b[90mx1\u001b[39m"]
ERROR 2014-12-16T17:07:36.932Z ["TypeError: Cannot read property 'location' of undefined\n    at module.exports.Flagger.extend.init (/Users/sam/Workspace/lighter/lib/controller.js:16:22)\n    at new type (/Users/sam/Workspace/lighter/common/object/type.js:20:17)\n    at init.self.(anonymous function).chug.require.each.instance (/Users/sam/Workspace/lighter/lib/app.js:516:42)\n    at init.module.exports.Waiter.extend.require (/Users/sam/Workspace/chug/lib/asset.js:366:16)\n    at /Users/sam/Workspace/chug/lib/Load.js:467:21\n    at Array.forEach (native)\n    at /Users/sam/Workspace/chug/lib/Load.js:192:21\n    at onceReadyEach (/Users/sam/Workspace/chug/lib/waiter.js:108:9)\n    at Array.forEach (native)\n    at onReady (/Users/sam/Workspace/chug/lib/waiter.js:107:27)"]
INFO 2014-12-16T17:07:37.730Z ["[Lighter] Models loaded. \u001b[90mx0\u001b[39m"]
INFO 2014-12-16T17:07:37.740Z ["[Lighter] Scripts routed to \u001b[36m/sly.js\u001b[39m. \u001b[90mx1\u001b[39m"]
INFO 2014-12-16T17:07:37.741Z ["[Lighter] Styles routed to \u001b[36m/sly.css\u001b[39m. \u001b[90mx1\u001b[39m"]
ERROR 2014-12-16T17:07:37.746Z ["TypeError: Cannot read property 'location' of undefined\n    at module.exports.Flagger.extend.init (/Users/sam/Workspace/lighter/lib/controller.js:16:22)\n    at new type (/Users/sam/Workspace/lighter/common/object/type.js:20:17)\n    at init.self.(anonymous function).chug.require.each.instance (/Users/sam/Workspace/lighter/lib/app.js:516:42)\n    at init.module.exports.Waiter.extend.require (/Users/sam/Workspace/chug/lib/asset.js:366:16)\n    at /Users/sam/Workspace/chug/lib/Load.js:467:21\n    at Array.forEach (native)\n    at /Users/sam/Workspace/chug/lib/Load.js:192:21\n    at onceReadyEach (/Users/sam/Workspace/chug/lib/waiter.js:108:9)\n    at Array.forEach (native)\n    at onReady (/Users/sam/Workspace/chug/lib/waiter.js:107:27)"]
INFO 2014-12-16T17:07:38.551Z ["[Lighter] Models loaded. \u001b[90mx0\u001b[39m"]
INFO 2014-12-16T17:07:38.562Z ["[Lighter] Scripts routed to \u001b[36m/sly.js\u001b[39m. \u001b[90mx1\u001b[39m"]
INFO 2014-12-16T17:07:38.563Z ["[Lighter] Styles routed to \u001b[36m/sly.css\u001b[39m. \u001b[90mx1\u001b[39m"]
ERROR 2014-12-16T17:07:38.569Z ["TypeError: Cannot read property 'location' of undefined\n    at module.exports.Flagger.extend.init (/Users/sam/Workspace/lighter/lib/controller.js:16:22)\n    at new type (/Users/sam/Workspace/lighter/common/object/type.js:20:17)\n    at init.self.(anonymous function).chug.require.each.instance (/Users/sam/Workspace/lighter/lib/app.js:516:42)\n    at init.module.exports.Waiter.extend.require (/Users/sam/Workspace/chug/lib/asset.js:366:16)\n    at /Users/sam/Workspace/chug/lib/Load.js:467:21\n    at Array.forEach (native)\n    at /Users/sam/Workspace/chug/lib/Load.js:192:21\n    at onceReadyEach (/Users/sam/Workspace/chug/lib/waiter.js:108:9)\n    at Array.forEach (native)\n    at onReady (/Users/sam/Workspace/chug/lib/waiter.js:107:27)"]
INFO 2014-12-16T17:07:39.367Z ["[Lighter] Models loaded. \u001b[90mx0\u001b[39m"]
INFO 2014-12-16T17:07:39.376Z ["[Lighter] Scripts routed to \u001b[36m/sly.js\u001b[39m. \u001b[90mx1\u001b[39m"]
INFO 2014-12-16T17:07:39.377Z ["[Lighter] Styles routed to \u001b[36m/sly.css\u001b[39m. \u001b[90mx1\u001b[39m"]
ERROR 2014-12-16T17:07:39.381Z ["TypeError: Cannot read property 'location' of undefined\n    at module.exports.Flagger.extend.init (/Users/sam/Workspace/lighter/lib/controller.js:16:22)\n    at new type (/Users/sam/Workspace/lighter/common/object/type.js:20:17)\n    at init.self.(anonymous function).chug.require.each.instance (/Users/sam/Workspace/lighter/lib/app.js:516:42)\n    at init.module.exports.Waiter.extend.require (/Users/sam/Workspace/chug/lib/asset.js:366:16)\n    at /Users/sam/Workspace/chug/lib/Load.js:467:21\n    at Array.forEach (native)\n    at /Users/sam/Workspace/chug/lib/Load.js:192:21\n    at onceReadyEach (/Users/sam/Workspace/chug/lib/waiter.js:108:9)\n    at Array.forEach (native)\n    at onReady (/Users/sam/Workspace/chug/lib/waiter.js:107:27)"]
INFO 2014-12-16T17:07:40.175Z ["[Lighter] Models loaded. \u001b[90mx0\u001b[39m"]
INFO 2014-12-16T17:07:40.185Z ["[Lighter] Scripts routed to \u001b[36m/sly.js\u001b[39m. \u001b[90mx1\u001b[39m"]
INFO 2014-12-16T17:07:40.185Z ["[Lighter] Styles routed to \u001b[36m/sly.css\u001b[39m. \u001b[90mx1\u001b[39m"]
ERROR 2014-12-16T17:07:40.190Z ["TypeError: Cannot read property 'location' of undefined\n    at module.exports.Flagger.extend.init (/Users/sam/Workspace/lighter/lib/controller.js:16:22)\n    at new type (/Users/sam/Workspace/lighter/common/object/type.js:20:17)\n    at init.self.(anonymous function).chug.require.each.instance (/Users/sam/Workspace/lighter/lib/app.js:516:42)\n    at init.module.exports.Waiter.extend.require (/Users/sam/Workspace/chug/lib/asset.js:366:16)\n    at /Users/sam/Workspace/chug/lib/Load.js:467:21\n    at Array.forEach (native)\n    at /Users/sam/Workspace/chug/lib/Load.js:192:21\n    at onceReadyEach (/Users/sam/Workspace/chug/lib/waiter.js:108:9)\n    at Array.forEach (native)\n    at onReady (/Users/sam/Workspace/chug/lib/waiter.js:107:27)"]
INFO 2014-12-16T17:07:40.994Z ["[Lighter] Models loaded. \u001b[90mx0\u001b[39m"]
INFO 2014-12-16T17:07:41.003Z ["[Lighter] Scripts routed to \u001b[36m/sly.js\u001b[39m. \u001b[90mx1\u001b[39m"]
INFO 2014-12-16T17:07:41.003Z ["[Lighter] Styles routed to \u001b[36m/sly.css\u001b[39m. \u001b[90mx1\u001b[39m"]
ERROR 2014-12-16T17:07:41.008Z ["TypeError: Cannot read property 'location' of undefined\n    at module.exports.Flagger.extend.init (/Users/sam/Workspace/lighter/lib/controller.js:16:22)\n    at new type (/Users/sam/Workspace/lighter/common/object/type.js:20:17)\n    at init.self.(anonymous function).chug.require.each.instance (/Users/sam/Workspace/lighter/lib/app.js:516:42)\n    at init.module.exports.Waiter.extend.require (/Users/sam/Workspace/chug/lib/asset.js:366:16)\n    at /Users/sam/Workspace/chug/lib/Load.js:467:21\n    at Array.forEach (native)\n    at /Users/sam/Workspace/chug/lib/Load.js:192:21\n    at onceReadyEach (/Users/sam/Workspace/chug/lib/waiter.js:108:9)\n    at Array.forEach (native)\n    at onReady (/Users/sam/Workspace/chug/lib/waiter.js:107:27)"]
INFO 2014-12-16T17:07:41.816Z ["[Lighter] Models loaded. \u001b[90mx0\u001b[39m"]
INFO 2014-12-16T17:07:41.826Z ["[Lighter] Scripts routed to \u001b[36m/sly.js\u001b[39m. \u001b[90mx1\u001b[39m"]
INFO 2014-12-16T17:07:41.827Z ["[Lighter] Styles routed to \u001b[36m/sly.css\u001b[39m. \u001b[90mx1\u001b[39m"]
ERROR 2014-12-16T17:07:41.832Z ["TypeError: Cannot read property 'location' of undefined\n    at module.exports.Flagger.extend.init (/Users/sam/Workspace/lighter/lib/controller.js:16:22)\n    at new type (/Users/sam/Workspace/lighter/common/object/type.js:20:17)\n    at init.self.(anonymous function).chug.require.each.instance (/Users/sam/Workspace/lighter/lib/app.js:516:42)\n    at init.module.exports.Waiter.extend.require (/Users/sam/Workspace/chug/lib/asset.js:366:16)\n    at /Users/sam/Workspace/chug/lib/Load.js:467:21\n    at Array.forEach (native)\n    at /Users/sam/Workspace/chug/lib/Load.js:192:21\n    at onceReadyEach (/Users/sam/Workspace/chug/lib/waiter.js:108:9)\n    at Array.forEach (native)\n    at onReady (/Users/sam/Workspace/chug/lib/waiter.js:107:27)"]
INFO 2014-12-16T17:07:42.627Z ["[Lighter] Models loaded. \u001b[90mx0\u001b[39m"]
INFO 2014-12-16T17:07:42.637Z ["[Lighter] Scripts routed to \u001b[36m/sly.js\u001b[39m. \u001b[90mx1\u001b[39m"]
INFO 2014-12-16T17:07:42.637Z ["[Lighter] Styles routed to \u001b[36m/sly.css\u001b[39m. \u001b[90mx1\u001b[39m"]
ERROR 2014-12-16T17:07:42.642Z ["TypeError: Cannot read property 'location' of undefined\n    at module.exports.Flagger.extend.init (/Users/sam/Workspace/lighter/lib/controller.js:16:22)\n    at new type (/Users/sam/Workspace/lighter/common/object/type.js:20:17)\n    at init.self.(anonymous function).chug.require.each.instance (/Users/sam/Workspace/lighter/lib/app.js:516:42)\n    at init.module.exports.Waiter.extend.require (/Users/sam/Workspace/chug/lib/asset.js:366:16)\n    at /Users/sam/Workspace/chug/lib/Load.js:467:21\n    at Array.forEach (native)\n    at /Users/sam/Workspace/chug/lib/Load.js:192:21\n    at onceReadyEach (/Users/sam/Workspace/chug/lib/waiter.js:108:9)\n    at Array.forEach (native)\n    at onReady (/Users/sam/Workspace/chug/lib/waiter.js:107:27)"]
INFO 2014-12-16T17:07:43.415Z ["[Lighter] Models loaded. \u001b[90mx0\u001b[39m"]
INFO 2014-12-16T17:07:43.426Z ["[Lighter] Scripts routed to \u001b[36m/sly.js\u001b[39m. \u001b[90mx1\u001b[39m"]
INFO 2014-12-16T17:07:43.427Z ["[Lighter] Styles routed to \u001b[36m/sly.css\u001b[39m. \u001b[90mx1\u001b[39m"]
ERROR 2014-12-16T17:07:43.433Z ["TypeError: Cannot read property 'location' of undefined\n    at module.exports.Flagger.extend.init (/Users/sam/Workspace/lighter/lib/controller.js:16:22)\n    at new type (/Users/sam/Workspace/lighter/common/object/type.js:20:17)\n    at init.self.(anonymous function).chug.require.each.instance (/Users/sam/Workspace/lighter/lib/app.js:516:42)\n    at init.module.exports.Waiter.extend.require (/Users/sam/Workspace/chug/lib/asset.js:366:16)\n    at /Users/sam/Workspace/chug/lib/Load.js:467:21\n    at Array.forEach (native)\n    at /Users/sam/Workspace/chug/lib/Load.js:192:21\n    at onceReadyEach (/Users/sam/Workspace/chug/lib/waiter.js:108:9)\n    at Array.forEach (native)\n    at onReady (/Users/sam/Workspace/chug/lib/waiter.js:107:27)"]
INFO 2014-12-16T17:07:44.231Z ["[Lighter] Models loaded. \u001b[90mx0\u001b[39m"]
INFO 2014-12-16T17:07:44.241Z ["[Lighter] Scripts routed to \u001b[36m/sly.js\u001b[39m. \u001b[90mx1\u001b[39m"]
INFO 2014-12-16T17:07:44.242Z ["[Lighter] Styles routed to \u001b[36m/sly.css\u001b[39m. \u001b[90mx1\u001b[39m"]
ERROR 2014-12-16T17:07:44.246Z ["TypeError: Cannot read property 'location' of undefined\n    at module.exports.Flagger.extend.init (/Users/sam/Workspace/lighter/lib/controller.js:16:22)\n    at new type (/Users/sam/Workspace/lighter/common/object/type.js:20:17)\n    at init.self.(anonymous function).chug.require.each.instance (/Users/sam/Workspace/lighter/lib/app.js:516:42)\n    at init.module.exports.Waiter.extend.require (/Users/sam/Workspace/chug/lib/asset.js:366:16)\n    at /Users/sam/Workspace/chug/lib/Load.js:467:21\n    at Array.forEach (native)\n    at /Users/sam/Workspace/chug/lib/Load.js:192:21\n    at onceReadyEach (/Users/sam/Workspace/chug/lib/waiter.js:108:9)\n    at Array.forEach (native)\n    at onReady (/Users/sam/Workspace/chug/lib/waiter.js:107:27)"]
INFO 2014-12-16T17:07:45.039Z ["[Lighter] Models loaded. \u001b[90mx0\u001b[39m"]
INFO 2014-12-16T17:07:45.050Z ["[Lighter] Scripts routed to \u001b[36m/sly.js\u001b[39m. \u001b[90mx1\u001b[39m"]
INFO 2014-12-16T17:07:45.050Z ["[Lighter] Styles routed to \u001b[36m/sly.css\u001b[39m. \u001b[90mx1\u001b[39m"]
ERROR 2014-12-16T17:07:45.055Z ["TypeError: Cannot read property 'location' of undefined\n    at module.exports.Flagger.extend.init (/Users/sam/Workspace/lighter/lib/controller.js:16:22)\n    at new type (/Users/sam/Workspace/lighter/common/object/type.js:20:17)\n    at init.self.(anonymous function).chug.require.each.instance (/Users/sam/Workspace/lighter/lib/app.js:516:42)\n    at init.module.exports.Waiter.extend.require (/Users/sam/Workspace/chug/lib/asset.js:366:16)\n    at /Users/sam/Workspace/chug/lib/Load.js:467:21\n    at Array.forEach (native)\n    at /Users/sam/Workspace/chug/lib/Load.js:192:21\n    at onceReadyEach (/Users/sam/Workspace/chug/lib/waiter.js:108:9)\n    at Array.forEach (native)\n    at onReady (/Users/sam/Workspace/chug/lib/waiter.js:107:27)"]
INFO 2014-12-16T17:07:45.840Z ["[Lighter] Models loaded. \u001b[90mx0\u001b[39m"]
INFO 2014-12-16T17:07:45.851Z ["[Lighter] Scripts routed to \u001b[36m/sly.js\u001b[39m. \u001b[90mx1\u001b[39m"]
INFO 2014-12-16T17:07:45.852Z ["[Lighter] Styles routed to \u001b[36m/sly.css\u001b[39m. \u001b[90mx1\u001b[39m"]
ERROR 2014-12-16T17:07:45.857Z ["TypeError: Cannot read property 'location' of undefined\n    at module.exports.Flagger.extend.init (/Users/sam/Workspace/lighter/lib/controller.js:16:22)\n    at new type (/Users/sam/Workspace/lighter/common/object/type.js:20:17)\n    at init.self.(anonymous function).chug.require.each.instance (/Users/sam/Workspace/lighter/lib/app.js:516:42)\n    at init.module.exports.Waiter.extend.require (/Users/sam/Workspace/chug/lib/asset.js:366:16)\n    at /Users/sam/Workspace/chug/lib/Load.js:467:21\n    at Array.forEach (native)\n    at /Users/sam/Workspace/chug/lib/Load.js:192:21\n    at onceReadyEach (/Users/sam/Workspace/chug/lib/waiter.js:108:9)\n    at Array.forEach (native)\n    at onReady (/Users/sam/Workspace/chug/lib/waiter.js:107:27)"]
INFO 2014-12-16T17:07:46.651Z ["[Lighter] Models loaded. \u001b[90mx0\u001b[39m"]
INFO 2014-12-16T17:07:46.659Z ["[Lighter] Scripts routed to \u001b[36m/sly.js\u001b[39m. \u001b[90mx1\u001b[39m"]
INFO 2014-12-16T17:07:46.660Z ["[Lighter] Styles routed to \u001b[36m/sly.css\u001b[39m. \u001b[90mx1\u001b[39m"]
ERROR 2014-12-16T17:07:46.664Z ["TypeError: Cannot read property 'location' of undefined\n    at module.exports.Flagger.extend.init (/Users/sam/Workspace/lighter/lib/controller.js:16:22)\n    at new type (/Users/sam/Workspace/lighter/common/object/type.js:20:17)\n    at init.self.(anonymous function).chug.require.each.instance (/Users/sam/Workspace/lighter/lib/app.js:516:42)\n    at init.module.exports.Waiter.extend.require (/Users/sam/Workspace/chug/lib/asset.js:366:16)\n    at /Users/sam/Workspace/chug/lib/Load.js:467:21\n    at Array.forEach (native)\n    at /Users/sam/Workspace/chug/lib/Load.js:192:21\n    at onceReadyEach (/Users/sam/Workspace/chug/lib/waiter.js:108:9)\n    at Array.forEach (native)\n    at onReady (/Users/sam/Workspace/chug/lib/waiter.js:107:27)"]
INFO 2014-12-16T17:07:47.457Z ["[Lighter] Models loaded. \u001b[90mx0\u001b[39m"]
INFO 2014-12-16T17:07:47.466Z ["[Lighter] Scripts routed to \u001b[36m/sly.js\u001b[39m. \u001b[90mx1\u001b[39m"]
INFO 2014-12-16T17:07:47.467Z ["[Lighter] Styles routed to \u001b[36m/sly.css\u001b[39m. \u001b[90mx1\u001b[39m"]
ERROR 2014-12-16T17:07:47.471Z ["TypeError: Cannot read property 'location' of undefined\n    at module.exports.Flagger.extend.init (/Users/sam/Workspace/lighter/lib/controller.js:16:22)\n    at new type (/Users/sam/Workspace/lighter/common/object/type.js:20:17)\n    at init.self.(anonymous function).chug.require.each.instance (/Users/sam/Workspace/lighter/lib/app.js:516:42)\n    at init.module.exports.Waiter.extend.require (/Users/sam/Workspace/chug/lib/asset.js:366:16)\n    at /Users/sam/Workspace/chug/lib/Load.js:467:21\n    at Array.forEach (native)\n    at /Users/sam/Workspace/chug/lib/Load.js:192:21\n    at onceReadyEach (/Users/sam/Workspace/chug/lib/waiter.js:108:9)\n    at Array.forEach (native)\n    at onReady (/Users/sam/Workspace/chug/lib/waiter.js:107:27)"]
INFO 2014-12-16T17:07:48.251Z ["[Lighter] Models loaded. \u001b[90mx0\u001b[39m"]
INFO 2014-12-16T17:07:48.259Z ["[Lighter] Scripts routed to \u001b[36m/sly.js\u001b[39m. \u001b[90mx1\u001b[39m"]
INFO 2014-12-16T17:07:48.260Z ["[Lighter] Styles routed to \u001b[36m/sly.css\u001b[39m. \u001b[90mx1\u001b[39m"]
ERROR 2014-12-16T17:07:48.264Z ["TypeError: Cannot read property 'location' of undefined\n    at module.exports.Flagger.extend.init (/Users/sam/Workspace/lighter/lib/controller.js:16:22)\n    at new type (/Users/sam/Workspace/lighter/common/object/type.js:20:17)\n    at init.self.(anonymous function).chug.require.each.instance (/Users/sam/Workspace/lighter/lib/app.js:516:42)\n    at init.module.exports.Waiter.extend.require (/Users/sam/Workspace/chug/lib/asset.js:366:16)\n    at /Users/sam/Workspace/chug/lib/Load.js:467:21\n    at Array.forEach (native)\n    at /Users/sam/Workspace/chug/lib/Load.js:192:21\n    at onceReadyEach (/Users/sam/Workspace/chug/lib/waiter.js:108:9)\n    at Array.forEach (native)\n    at onReady (/Users/sam/Workspace/chug/lib/waiter.js:107:27)"]
INFO 2014-12-16T17:07:49.045Z ["[Lighter] Models loaded. \u001b[90mx0\u001b[39m"]
INFO 2014-12-16T17:07:49.055Z ["[Lighter] Scripts routed to \u001b[36m/sly.js\u001b[39m. \u001b[90mx1\u001b[39m"]
INFO 2014-12-16T17:07:49.055Z ["[Lighter] Styles routed to \u001b[36m/sly.css\u001b[39m. \u001b[90mx1\u001b[39m"]
ERROR 2014-12-16T17:07:49.060Z ["ReferenceError: self is not defined\n    at module.exports.Flagger.extend.init (/Users/sam/Workspace/lighter/lib/controller.js:23:5)\n    at new type (/Users/sam/Workspace/lighter/common/object/type.js:20:17)\n    at init.self.(anonymous function).chug.require.each.instance (/Users/sam/Workspace/lighter/lib/app.js:516:42)\n    at init.module.exports.Waiter.extend.require (/Users/sam/Workspace/chug/lib/asset.js:366:16)\n    at /Users/sam/Workspace/chug/lib/Load.js:467:21\n    at Array.forEach (native)\n    at /Users/sam/Workspace/chug/lib/Load.js:192:21\n    at onceReadyEach (/Users/sam/Workspace/chug/lib/waiter.js:108:9)\n    at Array.forEach (native)\n    at onReady (/Users/sam/Workspace/chug/lib/waiter.js:107:27)"]
INFO 2014-12-16T17:07:49.851Z ["[Lighter] Models loaded. \u001b[90mx0\u001b[39m"]
INFO 2014-12-16T17:07:49.861Z ["[Lighter] Scripts routed to \u001b[36m/sly.js\u001b[39m. \u001b[90mx1\u001b[39m"]
INFO 2014-12-16T17:07:49.862Z ["[Lighter] Styles routed to \u001b[36m/sly.css\u001b[39m. \u001b[90mx1\u001b[39m"]
ERROR 2014-12-16T17:07:49.867Z ["ReferenceError: self is not defined\n    at module.exports.Flagger.extend.init (/Users/sam/Workspace/lighter/lib/controller.js:23:5)\n    at new type (/Users/sam/Workspace/lighter/common/object/type.js:20:17)\n    at init.self.(anonymous function).chug.require.each.instance (/Users/sam/Workspace/lighter/lib/app.js:516:42)\n    at init.module.exports.Waiter.extend.require (/Users/sam/Workspace/chug/lib/asset.js:366:16)\n    at /Users/sam/Workspace/chug/lib/Load.js:467:21\n    at Array.forEach (native)\n    at /Users/sam/Workspace/chug/lib/Load.js:192:21\n    at onceReadyEach (/Users/sam/Workspace/chug/lib/waiter.js:108:9)\n    at Array.forEach (native)\n    at onReady (/Users/sam/Workspace/chug/lib/waiter.js:107:27)"]
INFO 2014-12-16T17:07:50.664Z ["[Lighter] Models loaded. \u001b[90mx0\u001b[39m"]
INFO 2014-12-16T17:07:50.674Z ["[Lighter] Scripts routed to \u001b[36m/sly.js\u001b[39m. \u001b[90mx1\u001b[39m"]
INFO 2014-12-16T17:07:50.674Z ["[Lighter] Styles routed to \u001b[36m/sly.css\u001b[39m. \u001b[90mx1\u001b[39m"]
ERROR 2014-12-16T17:07:50.679Z ["ReferenceError: self is not defined\n    at module.exports.Flagger.extend.init (/Users/sam/Workspace/lighter/lib/controller.js:23:5)\n    at new type (/Users/sam/Workspace/lighter/common/object/type.js:20:17)\n    at init.self.(anonymous function).chug.require.each.instance (/Users/sam/Workspace/lighter/lib/app.js:516:42)\n    at init.module.exports.Waiter.extend.require (/Users/sam/Workspace/chug/lib/asset.js:366:16)\n    at /Users/sam/Workspace/chug/lib/Load.js:467:21\n    at Array.forEach (native)\n    at /Users/sam/Workspace/chug/lib/Load.js:192:21\n    at onceReadyEach (/Users/sam/Workspace/chug/lib/waiter.js:108:9)\n    at Array.forEach (native)\n    at onReady (/Users/sam/Workspace/chug/lib/waiter.js:107:27)"]
INFO 2014-12-16T17:07:51.473Z ["[Lighter] Models loaded. \u001b[90mx0\u001b[39m"]
INFO 2014-12-16T17:07:51.483Z ["[Lighter] Scripts routed to \u001b[36m/sly.js\u001b[39m. \u001b[90mx1\u001b[39m"]
INFO 2014-12-16T17:07:51.484Z ["[Lighter] Styles routed to \u001b[36m/sly.css\u001b[39m. \u001b[90mx1\u001b[39m"]
ERROR 2014-12-16T17:07:51.489Z ["ReferenceError: self is not defined\n    at module.exports.Flagger.extend.init (/Users/sam/Workspace/lighter/lib/controller.js:23:5)\n    at new type (/Users/sam/Workspace/lighter/common/object/type.js:20:17)\n    at init.self.(anonymous function).chug.require.each.instance (/Users/sam/Workspace/lighter/lib/app.js:516:42)\n    at init.module.exports.Waiter.extend.require (/Users/sam/Workspace/chug/lib/asset.js:366:16)\n    at /Users/sam/Workspace/chug/lib/Load.js:467:21\n    at Array.forEach (native)\n    at /Users/sam/Workspace/chug/lib/Load.js:192:21\n    at onceReadyEach (/Users/sam/Workspace/chug/lib/waiter.js:108:9)\n    at Array.forEach (native)\n    at onReady (/Users/sam/Workspace/chug/lib/waiter.js:107:27)"]
INFO 2014-12-16T17:07:52.265Z ["[Lighter] Models loaded. \u001b[90mx0\u001b[39m"]
INFO 2014-12-16T17:07:52.275Z ["[Lighter] Scripts routed to \u001b[36m/sly.js\u001b[39m. \u001b[90mx1\u001b[39m"]
INFO 2014-12-16T17:07:52.276Z ["[Lighter] Styles routed to \u001b[36m/sly.css\u001b[39m. \u001b[90mx1\u001b[39m"]
ERROR 2014-12-16T17:07:52.281Z ["ReferenceError: self is not defined\n    at module.exports.Flagger.extend.init (/Users/sam/Workspace/lighter/lib/controller.js:23:5)\n    at new type (/Users/sam/Workspace/lighter/common/object/type.js:20:17)\n    at init.self.(anonymous function).chug.require.each.instance (/Users/sam/Workspace/lighter/lib/app.js:516:42)\n    at init.module.exports.Waiter.extend.require (/Users/sam/Workspace/chug/lib/asset.js:366:16)\n    at /Users/sam/Workspace/chug/lib/Load.js:467:21\n    at Array.forEach (native)\n    at /Users/sam/Workspace/chug/lib/Load.js:192:21\n    at onceReadyEach (/Users/sam/Workspace/chug/lib/waiter.js:108:9)\n    at Array.forEach (native)\n    at onReady (/Users/sam/Workspace/chug/lib/waiter.js:107:27)"]
INFO 2014-12-16T17:07:53.081Z ["[Lighter] Models loaded. \u001b[90mx0\u001b[39m"]
INFO 2014-12-16T17:07:53.091Z ["[Lighter] Scripts routed to \u001b[36m/sly.js\u001b[39m. \u001b[90mx1\u001b[39m"]
INFO 2014-12-16T17:07:53.092Z ["[Lighter] Styles routed to \u001b[36m/sly.css\u001b[39m. \u001b[90mx1\u001b[39m"]
ERROR 2014-12-16T17:07:53.098Z ["ReferenceError: self is not defined\n    at module.exports.Flagger.extend.init (/Users/sam/Workspace/lighter/lib/controller.js:23:5)\n    at new type (/Users/sam/Workspace/lighter/common/object/type.js:20:17)\n    at init.self.(anonymous function).chug.require.each.instance (/Users/sam/Workspace/lighter/lib/app.js:516:42)\n    at init.module.exports.Waiter.extend.require (/Users/sam/Workspace/chug/lib/asset.js:366:16)\n    at /Users/sam/Workspace/chug/lib/Load.js:467:21\n    at Array.forEach (native)\n    at /Users/sam/Workspace/chug/lib/Load.js:192:21\n    at onceReadyEach (/Users/sam/Workspace/chug/lib/waiter.js:108:9)\n    at Array.forEach (native)\n    at onReady (/Users/sam/Workspace/chug/lib/waiter.js:107:27)"]
INFO 2014-12-16T17:07:53.885Z ["[Lighter] Models loaded. \u001b[90mx0\u001b[39m"]
INFO 2014-12-16T17:07:53.900Z ["[Lighter] Scripts routed to \u001b[36m/sly.js\u001b[39m. \u001b[90mx1\u001b[39m"]
INFO 2014-12-16T17:07:53.901Z ["[Lighter] Styles routed to \u001b[36m/sly.css\u001b[39m. \u001b[90mx1\u001b[39m"]
ERROR 2014-12-16T17:07:53.906Z ["ReferenceError: self is not defined\n    at module.exports.Flagger.extend.init (/Users/sam/Workspace/lighter/lib/controller.js:23:5)\n    at new type (/Users/sam/Workspace/lighter/common/object/type.js:20:17)\n    at init.self.(anonymous function).chug.require.each.instance (/Users/sam/Workspace/lighter/lib/app.js:516:42)\n    at init.module.exports.Waiter.extend.require (/Users/sam/Workspace/chug/lib/asset.js:366:16)\n    at /Users/sam/Workspace/chug/lib/Load.js:467:21\n    at Array.forEach (native)\n    at /Users/sam/Workspace/chug/lib/Load.js:192:21\n    at onceReadyEach (/Users/sam/Workspace/chug/lib/waiter.js:108:9)\n    at Array.forEach (native)\n    at onReady (/Users/sam/Workspace/chug/lib/waiter.js:107:27)"]
INFO 2014-12-16T17:07:54.714Z ["[Lighter] Models loaded. \u001b[90mx0\u001b[39m"]
INFO 2014-12-16T17:07:54.724Z ["[Lighter] Scripts routed to \u001b[36m/sly.js\u001b[39m. \u001b[90mx1\u001b[39m"]
INFO 2014-12-16T17:07:54.724Z ["[Lighter] Styles routed to \u001b[36m/sly.css\u001b[39m. \u001b[90mx1\u001b[39m"]
ERROR 2014-12-16T17:07:54.730Z ["ReferenceError: self is not defined\n    at module.exports.Flagger.extend.init (/Users/sam/Workspace/lighter/lib/controller.js:23:5)\n    at new type (/Users/sam/Workspace/lighter/common/object/type.js:20:17)\n    at init.self.(anonymous function).chug.require.each.instance (/Users/sam/Workspace/lighter/lib/app.js:516:42)\n    at init.module.exports.Waiter.extend.require (/Users/sam/Workspace/chug/lib/asset.js:366:16)\n    at /Users/sam/Workspace/chug/lib/Load.js:467:21\n    at Array.forEach (native)\n    at /Users/sam/Workspace/chug/lib/Load.js:192:21\n    at onceReadyEach (/Users/sam/Workspace/chug/lib/waiter.js:108:9)\n    at Array.forEach (native)\n    at onReady (/Users/sam/Workspace/chug/lib/waiter.js:107:27)"]
INFO 2014-12-16T17:07:55.519Z ["[Lighter] Models loaded. \u001b[90mx0\u001b[39m"]
INFO 2014-12-16T17:07:55.528Z ["[Lighter] Scripts routed to \u001b[36m/sly.js\u001b[39m. \u001b[90mx1\u001b[39m"]
INFO 2014-12-16T17:07:55.529Z ["[Lighter] Styles routed to \u001b[36m/sly.css\u001b[39m. \u001b[90mx1\u001b[39m"]
ERROR 2014-12-16T17:07:55.534Z ["ReferenceError: self is not defined\n    at module.exports.Flagger.extend.init (/Users/sam/Workspace/lighter/lib/controller.js:23:5)\n    at new type (/Users/sam/Workspace/lighter/common/object/type.js:20:17)\n    at init.self.(anonymous function).chug.require.each.instance (/Users/sam/Workspace/lighter/lib/app.js:516:42)\n    at init.module.exports.Waiter.extend.require (/Users/sam/Workspace/chug/lib/asset.js:366:16)\n    at /Users/sam/Workspace/chug/lib/Load.js:467:21\n    at Array.forEach (native)\n    at /Users/sam/Workspace/chug/lib/Load.js:192:21\n    at onceReadyEach (/Users/sam/Workspace/chug/lib/waiter.js:108:9)\n    at Array.forEach (native)\n    at onReady (/Users/sam/Workspace/chug/lib/waiter.js:107:27)"]
INFO 2014-12-16T17:07:56.343Z ["[Lighter] Models loaded. \u001b[90mx0\u001b[39m"]
INFO 2014-12-16T17:07:56.353Z ["[Lighter] Scripts routed to \u001b[36m/sly.js\u001b[39m. \u001b[90mx1\u001b[39m"]
INFO 2014-12-16T17:07:56.353Z ["[Lighter] Styles routed to \u001b[36m/sly.css\u001b[39m. \u001b[90mx1\u001b[39m"]
ERROR 2014-12-16T17:07:56.359Z ["ReferenceError: self is not defined\n    at module.exports.Flagger.extend.init (/Users/sam/Workspace/lighter/lib/controller.js:23:5)\n    at new type (/Users/sam/Workspace/lighter/common/object/type.js:20:17)\n    at init.self.(anonymous function).chug.require.each.instance (/Users/sam/Workspace/lighter/lib/app.js:516:42)\n    at init.module.exports.Waiter.extend.require (/Users/sam/Workspace/chug/lib/asset.js:366:16)\n    at /Users/sam/Workspace/chug/lib/Load.js:467:21\n    at Array.forEach (native)\n    at /Users/sam/Workspace/chug/lib/Load.js:192:21\n    at onceReadyEach (/Users/sam/Workspace/chug/lib/waiter.js:108:9)\n    at Array.forEach (native)\n    at onReady (/Users/sam/Workspace/chug/lib/waiter.js:107:27)"]
INFO 2014-12-16T17:07:57.171Z ["[Lighter] Models loaded. \u001b[90mx0\u001b[39m"]
INFO 2014-12-16T17:07:57.182Z ["[Lighter] Scripts routed to \u001b[36m/sly.js\u001b[39m. \u001b[90mx1\u001b[39m"]
INFO 2014-12-16T17:07:57.183Z ["[Lighter] Styles routed to \u001b[36m/sly.css\u001b[39m. \u001b[90mx1\u001b[39m"]
ERROR 2014-12-16T17:07:57.189Z ["ReferenceError: self is not defined\n    at module.exports.Flagger.extend.init (/Users/sam/Workspace/lighter/lib/controller.js:23:5)\n    at new type (/Users/sam/Workspace/lighter/common/object/type.js:20:17)\n    at init.self.(anonymous function).chug.require.each.instance (/Users/sam/Workspace/lighter/lib/app.js:516:42)\n    at init.module.exports.Waiter.extend.require (/Users/sam/Workspace/chug/lib/asset.js:366:16)\n    at /Users/sam/Workspace/chug/lib/Load.js:467:21\n    at Array.forEach (native)\n    at /Users/sam/Workspace/chug/lib/Load.js:192:21\n    at onceReadyEach (/Users/sam/Workspace/chug/lib/waiter.js:108:9)\n    at Array.forEach (native)\n    at onReady (/Users/sam/Workspace/chug/lib/waiter.js:107:27)"]
INFO 2014-12-16T17:07:57.961Z ["[Lighter] Models loaded. \u001b[90mx0\u001b[39m"]
INFO 2014-12-16T17:07:57.970Z ["[Lighter] Scripts routed to \u001b[36m/sly.js\u001b[39m. \u001b[90mx1\u001b[39m"]
INFO 2014-12-16T17:07:57.970Z ["[Lighter] Styles routed to \u001b[36m/sly.css\u001b[39m. \u001b[90mx1\u001b[39m"]
ERROR 2014-12-16T17:07:57.975Z ["ReferenceError: self is not defined\n    at module.exports.Flagger.extend.init (/Users/sam/Workspace/lighter/lib/controller.js:23:5)\n    at new type (/Users/sam/Workspace/lighter/common/object/type.js:20:17)\n    at init.self.(anonymous function).chug.require.each.instance (/Users/sam/Workspace/lighter/lib/app.js:516:42)\n    at init.module.exports.Waiter.extend.require (/Users/sam/Workspace/chug/lib/asset.js:366:16)\n    at /Users/sam/Workspace/chug/lib/Load.js:467:21\n    at Array.forEach (native)\n    at /Users/sam/Workspace/chug/lib/Load.js:192:21\n    at onceReadyEach (/Users/sam/Workspace/chug/lib/waiter.js:108:9)\n    at Array.forEach (native)\n    at onReady (/Users/sam/Workspace/chug/lib/waiter.js:107:27)"]
INFO 2014-12-16T17:07:58.785Z ["[Lighter] Models loaded. \u001b[90mx0\u001b[39m"]
INFO 2014-12-16T17:07:58.795Z ["[Lighter] Scripts routed to \u001b[36m/sly.js\u001b[39m. \u001b[90mx1\u001b[39m"]
INFO 2014-12-16T17:07:58.796Z ["[Lighter] Styles routed to \u001b[36m/sly.css\u001b[39m. \u001b[90mx1\u001b[39m"]
ERROR 2014-12-16T17:07:58.801Z ["ReferenceError: self is not defined\n    at module.exports.Flagger.extend.init (/Users/sam/Workspace/lighter/lib/controller.js:23:5)\n    at new type (/Users/sam/Workspace/lighter/common/object/type.js:20:17)\n    at init.self.(anonymous function).chug.require.each.instance (/Users/sam/Workspace/lighter/lib/app.js:516:42)\n    at init.module.exports.Waiter.extend.require (/Users/sam/Workspace/chug/lib/asset.js:366:16)\n    at /Users/sam/Workspace/chug/lib/Load.js:467:21\n    at Array.forEach (native)\n    at /Users/sam/Workspace/chug/lib/Load.js:192:21\n    at onceReadyEach (/Users/sam/Workspace/chug/lib/waiter.js:108:9)\n    at Array.forEach (native)\n    at onReady (/Users/sam/Workspace/chug/lib/waiter.js:107:27)"]
INFO 2014-12-16T17:07:59.590Z ["[Lighter] Models loaded. \u001b[90mx0\u001b[39m"]
INFO 2014-12-16T17:07:59.605Z ["[Lighter] Scripts routed to \u001b[36m/sly.js\u001b[39m. \u001b[90mx1\u001b[39m"]
INFO 2014-12-16T17:07:59.605Z ["[Lighter] Styles routed to \u001b[36m/sly.css\u001b[39m. \u001b[90mx1\u001b[39m"]
ERROR 2014-12-16T17:07:59.611Z ["ReferenceError: self is not defined\n    at module.exports.Flagger.extend.init (/Users/sam/Workspace/lighter/lib/controller.js:23:5)\n    at new type (/Users/sam/Workspace/lighter/common/object/type.js:20:17)\n    at init.self.(anonymous function).chug.require.each.instance (/Users/sam/Workspace/lighter/lib/app.js:516:42)\n    at init.module.exports.Waiter.extend.require (/Users/sam/Workspace/chug/lib/asset.js:366:16)\n    at /Users/sam/Workspace/chug/lib/Load.js:467:21\n    at Array.forEach (native)\n    at /Users/sam/Workspace/chug/lib/Load.js:192:21\n    at onceReadyEach (/Users/sam/Workspace/chug/lib/waiter.js:108:9)\n    at Array.forEach (native)\n    at onReady (/Users/sam/Workspace/chug/lib/waiter.js:107:27)"]
