WARN 2014-12-11T15:17:23.392Z ["[Lighter] Changed \u001b[36m~/Workspace/ltl/ltl.js\u001b[39m."]
INFO 2014-12-11T15:17:24.147Z ["[Lighter] Models loaded. \u001b[90mx0\u001b[39m"]
INFO 2014-12-11T15:17:24.155Z ["[Lighter] Scripts routed to \u001b[36m/sly.js\u001b[39m. \u001b[90mx1\u001b[39m"]
INFO 2014-12-11T15:17:24.156Z ["[Lighter] Styles routed to \u001b[36m/sly.css\u001b[39m. \u001b[90mx1\u001b[39m"]
INFO 2014-12-11T15:17:24.158Z ["[Lighter] Controllers loaded. \u001b[90mx2\u001b[39m"]
INFO 2014-12-11T15:17:24.170Z ["[Lighter] Scripts routed to \u001b[36m/a.js\u001b[39m. \u001b[90mx1\u001b[39m"]
INFO 2014-12-11T15:17:24.172Z ["[Lighter] Styles routed to \u001b[36m/a.css\u001b[39m. \u001b[90mx1\u001b[39m"]
INFO 2014-12-11T15:17:25.042Z ["[Lighter] Views loaded. \u001b[90mx30\u001b[39m"]
INFO 2014-12-11T15:17:26.084Z ["[Lighter] Publics loaded. \u001b[90mx48\u001b[39m"]
INFO 2014-12-11T15:17:26.097Z ["[D6] Views routed to \u001b[36m/d6.js\u001b[39m."]
WARN 2014-12-11T15:17:36.197Z ["[Lighter] Changed \u001b[36m~/Workspace/ltl/ltl.js\u001b[39m."]
INFO 2014-12-11T15:17:36.957Z ["[Lighter] Models loaded. \u001b[90mx0\u001b[39m"]
INFO 2014-12-11T15:17:36.964Z ["[Lighter] Scripts routed to \u001b[36m/sly.js\u001b[39m. \u001b[90mx1\u001b[39m"]
INFO 2014-12-11T15:17:36.964Z ["[Lighter] Styles routed to \u001b[36m/sly.css\u001b[39m. \u001b[90mx1\u001b[39m"]
INFO 2014-12-11T15:17:36.967Z ["[Lighter] Controllers loaded. \u001b[90mx2\u001b[39m"]
INFO 2014-12-11T15:17:36.979Z ["[Lighter] Scripts routed to \u001b[36m/a.js\u001b[39m. \u001b[90mx1\u001b[39m"]
INFO 2014-12-11T15:17:36.981Z ["[Lighter] Styles routed to \u001b[36m/a.css\u001b[39m. \u001b[90mx1\u001b[39m"]
INFO 2014-12-11T15:17:38.122Z ["[Lighter] Publics loaded. \u001b[90mx48\u001b[39m"]
INFO 2014-12-11T15:17:38.963Z ["[Lighter] Views loaded. \u001b[90mx30\u001b[39m"]
INFO 2014-12-11T15:17:38.977Z ["[D6] Views routed to \u001b[36m/d6.js\u001b[39m."]
