WARN 2014-12-11T19:25:55.462Z ["[Lighter] Changed \u001b[36m~/Workspace/lighter/lib/controller.js\u001b[39m."]
INFO 2014-12-11T19:25:56.207Z ["[Lighter] Models loaded. \u001b[90mx0\u001b[39m"]
INFO 2014-12-11T19:25:56.215Z ["[Lighter] Scripts routed to \u001b[36m/sly.js\u001b[39m. \u001b[90mx1\u001b[39m"]
INFO 2014-12-11T19:25:56.216Z ["[Lighter] Styles routed to \u001b[36m/sly.css\u001b[39m. \u001b[90mx1\u001b[39m"]
ERROR 2014-12-11T19:25:56.219Z ["TypeError: Cannot read property 'location' of undefined\n    at module.exports.Flagger.extend._events.init (/Users/sam/Workspace/lighter/lib/controller.js:16:24)\n    at module.exports.Type.extend.emit (/Users/sam/Workspace/lighter/common/event/emitter.js:106:23)\n    at init.self.(anonymous function).chug.require.each.instance (/Users/sam/Workspace/lighter/lib/app.js:517:20)\n    at init.module.exports.Waiter.extend.require (/Users/sam/Workspace/chug/lib/asset.js:366:16)\n    at /Users/sam/Workspace/chug/lib/Load.js:467:21\n    at Array.forEach (native)\n    at /Users/sam/Workspace/chug/lib/Load.js:192:21\n    at onceReadyEach (/Users/sam/Workspace/chug/lib/waiter.js:108:9)\n    at Array.forEach (native)\n    at onReady (/Users/sam/Workspace/chug/lib/waiter.js:107:27)"]
INFO 2014-12-11T19:25:56.968Z ["[Lighter] Models loaded. \u001b[90mx0\u001b[39m"]
INFO 2014-12-11T19:25:56.976Z ["[Lighter] Scripts routed to \u001b[36m/sly.js\u001b[39m. \u001b[90mx1\u001b[39m"]
INFO 2014-12-11T19:25:56.977Z ["[Lighter] Styles routed to \u001b[36m/sly.css\u001b[39m. \u001b[90mx1\u001b[39m"]
ERROR 2014-12-11T19:25:56.981Z ["TypeError: Cannot read property 'location' of undefined\n    at module.exports.Flagger.extend._events.init (/Users/sam/Workspace/lighter/lib/controller.js:16:24)\n    at module.exports.Type.extend.emit (/Users/sam/Workspace/lighter/common/event/emitter.js:106:23)\n    at init.self.(anonymous function).chug.require.each.instance (/Users/sam/Workspace/lighter/lib/app.js:517:20)\n    at init.module.exports.Waiter.extend.require (/Users/sam/Workspace/chug/lib/asset.js:366:16)\n    at /Users/sam/Workspace/chug/lib/Load.js:467:21\n    at Array.forEach (native)\n    at /Users/sam/Workspace/chug/lib/Load.js:192:21\n    at onceReadyEach (/Users/sam/Workspace/chug/lib/waiter.js:108:9)\n    at Array.forEach (native)\n    at onReady (/Users/sam/Workspace/chug/lib/waiter.js:107:27)"]
INFO 2014-12-11T19:25:57.726Z ["[Lighter] Models loaded. \u001b[90mx0\u001b[39m"]
INFO 2014-12-11T19:25:57.735Z ["[Lighter] Scripts routed to \u001b[36m/sly.js\u001b[39m. \u001b[90mx1\u001b[39m"]
INFO 2014-12-11T19:25:57.735Z ["[Lighter] Styles routed to \u001b[36m/sly.css\u001b[39m. \u001b[90mx1\u001b[39m"]
ERROR 2014-12-11T19:25:57.739Z ["TypeError: Cannot read property 'location' of undefined\n    at module.exports.Flagger.extend._events.init (/Users/sam/Workspace/lighter/lib/controller.js:16:24)\n    at module.exports.Type.extend.emit (/Users/sam/Workspace/lighter/common/event/emitter.js:106:23)\n    at init.self.(anonymous function).chug.require.each.instance (/Users/sam/Workspace/lighter/lib/app.js:517:20)\n    at init.module.exports.Waiter.extend.require (/Users/sam/Workspace/chug/lib/asset.js:366:16)\n    at /Users/sam/Workspace/chug/lib/Load.js:467:21\n    at Array.forEach (native)\n    at /Users/sam/Workspace/chug/lib/Load.js:192:21\n    at onceReadyEach (/Users/sam/Workspace/chug/lib/waiter.js:108:9)\n    at Array.forEach (native)\n    at onReady (/Users/sam/Workspace/chug/lib/waiter.js:107:27)"]
INFO 2014-12-11T19:25:58.483Z ["[Lighter] Models loaded. \u001b[90mx0\u001b[39m"]
INFO 2014-12-11T19:25:58.492Z ["[Lighter] Scripts routed to \u001b[36m/sly.js\u001b[39m. \u001b[90mx1\u001b[39m"]
INFO 2014-12-11T19:25:58.492Z ["[Lighter] Styles routed to \u001b[36m/sly.css\u001b[39m. \u001b[90mx1\u001b[39m"]
ERROR 2014-12-11T19:25:58.496Z ["TypeError: Cannot read property 'location' of undefined\n    at module.exports.Flagger.extend._events.init (/Users/sam/Workspace/lighter/lib/controller.js:16:24)\n    at module.exports.Type.extend.emit (/Users/sam/Workspace/lighter/common/event/emitter.js:106:23)\n    at init.self.(anonymous function).chug.require.each.instance (/Users/sam/Workspace/lighter/lib/app.js:517:20)\n    at init.module.exports.Waiter.extend.require (/Users/sam/Workspace/chug/lib/asset.js:366:16)\n    at /Users/sam/Workspace/chug/lib/Load.js:467:21\n    at Array.forEach (native)\n    at /Users/sam/Workspace/chug/lib/Load.js:192:21\n    at onceReadyEach (/Users/sam/Workspace/chug/lib/waiter.js:108:9)\n    at Array.forEach (native)\n    at onReady (/Users/sam/Workspace/chug/lib/waiter.js:107:27)"]
INFO 2014-12-11T19:25:59.241Z ["[Lighter] Models loaded. \u001b[90mx0\u001b[39m"]
INFO 2014-12-11T19:25:59.248Z ["[Lighter] Scripts routed to \u001b[36m/sly.js\u001b[39m. \u001b[90mx1\u001b[39m"]
INFO 2014-12-11T19:25:59.249Z ["[Lighter] Styles routed to \u001b[36m/sly.css\u001b[39m. \u001b[90mx1\u001b[39m"]
ERROR 2014-12-11T19:25:59.253Z ["TypeError: Cannot read property 'location' of undefined\n    at module.exports.Flagger.extend._events.init (/Users/sam/Workspace/lighter/lib/controller.js:16:24)\n    at module.exports.Type.extend.emit (/Users/sam/Workspace/lighter/common/event/emitter.js:106:23)\n    at init.self.(anonymous function).chug.require.each.instance (/Users/sam/Workspace/lighter/lib/app.js:517:20)\n    at init.module.exports.Waiter.extend.require (/Users/sam/Workspace/chug/lib/asset.js:366:16)\n    at /Users/sam/Workspace/chug/lib/Load.js:467:21\n    at Array.forEach (native)\n    at /Users/sam/Workspace/chug/lib/Load.js:192:21\n    at onceReadyEach (/Users/sam/Workspace/chug/lib/waiter.js:108:9)\n    at Array.forEach (native)\n    at onReady (/Users/sam/Workspace/chug/lib/waiter.js:107:27)"]
INFO 2014-12-11T19:25:59.997Z ["[Lighter] Models loaded. \u001b[90mx0\u001b[39m"]
