INFO 2014-12-11T19:29:00.410Z ["[Lighter] Models loaded. \u001b[90mx0\u001b[39m"]
INFO 2014-12-11T19:29:00.418Z ["[Lighter] Scripts routed to \u001b[36m/sly.js\u001b[39m. \u001b[90mx1\u001b[39m"]
INFO 2014-12-11T19:29:00.419Z ["[Lighter] Styles routed to \u001b[36m/sly.css\u001b[39m. \u001b[90mx1\u001b[39m"]
ERROR 2014-12-11T19:29:00.423Z ["ReferenceError: asset is not defined\n    at init.self.(anonymous function).chug.require.each.instance (/Users/sam/Workspace/lighter/lib/app.js:517:39)\n    at init.module.exports.Waiter.extend.require (/Users/sam/Workspace/chug/lib/asset.js:366:16)\n    at /Users/sam/Workspace/chug/lib/Load.js:467:21\n    at Array.forEach (native)\n    at /Users/sam/Workspace/chug/lib/Load.js:192:21\n    at onceReadyEach (/Users/sam/Workspace/chug/lib/waiter.js:108:9)\n    at Array.forEach (native)\n    at onReady (/Users/sam/Workspace/chug/lib/waiter.js:107:27)\n    at unwait (/Users/sam/Workspace/chug/lib/waiter.js:75:12)\n    at unwaitParents (/Users/sam/Workspace/chug/lib/waiter.js:78:14)"]
INFO 2014-12-11T19:29:01.167Z ["[Lighter] Models loaded. \u001b[90mx0\u001b[39m"]
INFO 2014-12-11T19:29:01.175Z ["[Lighter] Scripts routed to \u001b[36m/sly.js\u001b[39m. \u001b[90mx1\u001b[39m"]
INFO 2014-12-11T19:29:01.176Z ["[Lighter] Styles routed to \u001b[36m/sly.css\u001b[39m. \u001b[90mx1\u001b[39m"]
ERROR 2014-12-11T19:29:01.180Z ["ReferenceError: asset is not defined\n    at init.self.(anonymous function).chug.require.each.instance (/Users/sam/Workspace/lighter/lib/app.js:517:39)\n    at init.module.exports.Waiter.extend.require (/Users/sam/Workspace/chug/lib/asset.js:366:16)\n    at /Users/sam/Workspace/chug/lib/Load.js:467:21\n    at Array.forEach (native)\n    at /Users/sam/Workspace/chug/lib/Load.js:192:21\n    at onceReadyEach (/Users/sam/Workspace/chug/lib/waiter.js:108:9)\n    at Array.forEach (native)\n    at onReady (/Users/sam/Workspace/chug/lib/waiter.js:107:27)\n    at unwait (/Users/sam/Workspace/chug/lib/waiter.js:75:12)\n    at unwaitParents (/Users/sam/Workspace/chug/lib/waiter.js:78:14)"]
INFO 2014-12-11T19:29:01.925Z ["[Lighter] Models loaded. \u001b[90mx0\u001b[39m"]
INFO 2014-12-11T19:29:01.932Z ["[Lighter] Scripts routed to \u001b[36m/sly.js\u001b[39m. \u001b[90mx1\u001b[39m"]
INFO 2014-12-11T19:29:01.933Z ["[Lighter] Styles routed to \u001b[36m/sly.css\u001b[39m. \u001b[90mx1\u001b[39m"]
ERROR 2014-12-11T19:29:01.937Z ["ReferenceError: asset is not defined\n    at init.self.(anonymous function).chug.require.each.instance (/Users/sam/Workspace/lighter/lib/app.js:517:39)\n    at init.module.exports.Waiter.extend.require (/Users/sam/Workspace/chug/lib/asset.js:366:16)\n    at /Users/sam/Workspace/chug/lib/Load.js:467:21\n    at Array.forEach (native)\n    at /Users/sam/Workspace/chug/lib/Load.js:192:21\n    at onceReadyEach (/Users/sam/Workspace/chug/lib/waiter.js:108:9)\n    at Array.forEach (native)\n    at onReady (/Users/sam/Workspace/chug/lib/waiter.js:107:27)\n    at unwait (/Users/sam/Workspace/chug/lib/waiter.js:75:12)\n    at unwaitParents (/Users/sam/Workspace/chug/lib/waiter.js:78:14)"]
INFO 2014-12-11T19:29:02.682Z ["[Lighter] Models loaded. \u001b[90mx0\u001b[39m"]
INFO 2014-12-11T19:29:02.691Z ["[Lighter] Scripts routed to \u001b[36m/sly.js\u001b[39m. \u001b[90mx1\u001b[39m"]
INFO 2014-12-11T19:29:02.691Z ["[Lighter] Styles routed to \u001b[36m/sly.css\u001b[39m. \u001b[90mx1\u001b[39m"]
ERROR 2014-12-11T19:29:02.696Z ["ReferenceError: asset is not defined\n    at init.self.(anonymous function).chug.require.each.instance (/Users/sam/Workspace/lighter/lib/app.js:517:39)\n    at init.module.exports.Waiter.extend.require (/Users/sam/Workspace/chug/lib/asset.js:366:16)\n    at /Users/sam/Workspace/chug/lib/Load.js:467:21\n    at Array.forEach (native)\n    at /Users/sam/Workspace/chug/lib/Load.js:192:21\n    at onceReadyEach (/Users/sam/Workspace/chug/lib/waiter.js:108:9)\n    at Array.forEach (native)\n    at onReady (/Users/sam/Workspace/chug/lib/waiter.js:107:27)\n    at unwait (/Users/sam/Workspace/chug/lib/waiter.js:75:12)\n    at unwaitParents (/Users/sam/Workspace/chug/lib/waiter.js:78:14)"]
INFO 2014-12-11T19:29:03.440Z ["[Lighter] Models loaded. \u001b[90mx0\u001b[39m"]
INFO 2014-12-11T19:29:03.449Z ["[Lighter] Scripts routed to \u001b[36m/sly.js\u001b[39m. \u001b[90mx1\u001b[39m"]
INFO 2014-12-11T19:29:03.449Z ["[Lighter] Styles routed to \u001b[36m/sly.css\u001b[39m. \u001b[90mx1\u001b[39m"]
ERROR 2014-12-11T19:29:03.453Z ["ReferenceError: asset is not defined\n    at init.self.(anonymous function).chug.require.each.instance (/Users/sam/Workspace/lighter/lib/app.js:517:39)\n    at init.module.exports.Waiter.extend.require (/Users/sam/Workspace/chug/lib/asset.js:366:16)\n    at /Users/sam/Workspace/chug/lib/Load.js:467:21\n    at Array.forEach (native)\n    at /Users/sam/Workspace/chug/lib/Load.js:192:21\n    at onceReadyEach (/Users/sam/Workspace/chug/lib/waiter.js:108:9)\n    at Array.forEach (native)\n    at onReady (/Users/sam/Workspace/chug/lib/waiter.js:107:27)\n    at unwait (/Users/sam/Workspace/chug/lib/waiter.js:75:12)\n    at unwaitParents (/Users/sam/Workspace/chug/lib/waiter.js:78:14)"]
INFO 2014-12-11T19:29:04.204Z ["[Lighter] Models loaded. \u001b[90mx0\u001b[39m"]
INFO 2014-12-11T19:29:04.212Z ["[Lighter] Scripts routed to \u001b[36m/sly.js\u001b[39m. \u001b[90mx1\u001b[39m"]
INFO 2014-12-11T19:29:04.212Z ["[Lighter] Styles routed to \u001b[36m/sly.css\u001b[39m. \u001b[90mx1\u001b[39m"]
ERROR 2014-12-11T19:29:04.216Z ["ReferenceError: asset is not defined\n    at init.self.(anonymous function).chug.require.each.instance (/Users/sam/Workspace/lighter/lib/app.js:517:39)\n    at init.module.exports.Waiter.extend.require (/Users/sam/Workspace/chug/lib/asset.js:366:16)\n    at /Users/sam/Workspace/chug/lib/Load.js:467:21\n    at Array.forEach (native)\n    at /Users/sam/Workspace/chug/lib/Load.js:192:21\n    at onceReadyEach (/Users/sam/Workspace/chug/lib/waiter.js:108:9)\n    at Array.forEach (native)\n    at onReady (/Users/sam/Workspace/chug/lib/waiter.js:107:27)\n    at unwait (/Users/sam/Workspace/chug/lib/waiter.js:75:12)\n    at unwaitParents (/Users/sam/Workspace/chug/lib/waiter.js:78:14)"]
INFO 2014-12-11T19:29:04.961Z ["[Lighter] Models loaded. \u001b[90mx0\u001b[39m"]
INFO 2014-12-11T19:29:04.969Z ["[Lighter] Scripts routed to \u001b[36m/sly.js\u001b[39m. \u001b[90mx1\u001b[39m"]
INFO 2014-12-11T19:29:04.969Z ["[Lighter] Styles routed to \u001b[36m/sly.css\u001b[39m. \u001b[90mx1\u001b[39m"]
INFO 2014-12-11T19:29:05.719Z ["[Lighter] Models loaded. \u001b[90mx0\u001b[39m"]
INFO 2014-12-11T19:29:05.727Z ["[Lighter] Scripts routed to \u001b[36m/sly.js\u001b[39m. \u001b[90mx1\u001b[39m"]
INFO 2014-12-11T19:29:05.728Z ["[Lighter] Styles routed to \u001b[36m/sly.css\u001b[39m. \u001b[90mx1\u001b[39m"]
ERROR 2014-12-11T19:29:05.732Z ["ReferenceError: asset is not defined\n    at init.self.(anonymous function).chug.require.each.instance (/Users/sam/Workspace/lighter/lib/app.js:517:39)\n    at init.module.exports.Waiter.extend.require (/Users/sam/Workspace/chug/lib/asset.js:366:16)\n    at /Users/sam/Workspace/chug/lib/Load.js:467:21\n    at Array.forEach (native)\n    at /Users/sam/Workspace/chug/lib/Load.js:192:21\n    at onceReadyEach (/Users/sam/Workspace/chug/lib/waiter.js:108:9)\n    at Array.forEach (native)\n    at onReady (/Users/sam/Workspace/chug/lib/waiter.js:107:27)\n    at unwait (/Users/sam/Workspace/chug/lib/waiter.js:75:12)\n    at unwaitParents (/Users/sam/Workspace/chug/lib/waiter.js:78:14)"]
INFO 2014-12-11T19:29:06.478Z ["[Lighter] Models loaded. \u001b[90mx0\u001b[39m"]
INFO 2014-12-11T19:29:06.487Z ["[Lighter] Scripts routed to \u001b[36m/sly.js\u001b[39m. \u001b[90mx1\u001b[39m"]
INFO 2014-12-11T19:29:06.487Z ["[Lighter] Styles routed to \u001b[36m/sly.css\u001b[39m. \u001b[90mx1\u001b[39m"]
ERROR 2014-12-11T19:29:06.491Z ["ReferenceError: asset is not defined\n    at init.self.(anonymous function).chug.require.each.instance (/Users/sam/Workspace/lighter/lib/app.js:517:39)\n    at init.module.exports.Waiter.extend.require (/Users/sam/Workspace/chug/lib/asset.js:366:16)\n    at /Users/sam/Workspace/chug/lib/Load.js:467:21\n    at Array.forEach (native)\n    at /Users/sam/Workspace/chug/lib/Load.js:192:21\n    at onceReadyEach (/Users/sam/Workspace/chug/lib/waiter.js:108:9)\n    at Array.forEach (native)\n    at onReady (/Users/sam/Workspace/chug/lib/waiter.js:107:27)\n    at unwait (/Users/sam/Workspace/chug/lib/waiter.js:75:12)\n    at unwaitParents (/Users/sam/Workspace/chug/lib/waiter.js:78:14)"]
INFO 2014-12-11T19:29:07.241Z ["[Lighter] Models loaded. \u001b[90mx0\u001b[39m"]
INFO 2014-12-11T19:29:07.249Z ["[Lighter] Scripts routed to \u001b[36m/sly.js\u001b[39m. \u001b[90mx1\u001b[39m"]
INFO 2014-12-11T19:29:07.250Z ["[Lighter] Styles routed to \u001b[36m/sly.css\u001b[39m. \u001b[90mx1\u001b[39m"]
ERROR 2014-12-11T19:29:07.254Z ["ReferenceError: asset is not defined\n    at init.self.(anonymous function).chug.require.each.instance (/Users/sam/Workspace/lighter/lib/app.js:517:39)\n    at init.module.exports.Waiter.extend.require (/Users/sam/Workspace/chug/lib/asset.js:366:16)\n    at /Users/sam/Workspace/chug/lib/Load.js:467:21\n    at Array.forEach (native)\n    at /Users/sam/Workspace/chug/lib/Load.js:192:21\n    at onceReadyEach (/Users/sam/Workspace/chug/lib/waiter.js:108:9)\n    at Array.forEach (native)\n    at onReady (/Users/sam/Workspace/chug/lib/waiter.js:107:27)\n    at unwait (/Users/sam/Workspace/chug/lib/waiter.js:75:12)\n    at unwaitParents (/Users/sam/Workspace/chug/lib/waiter.js:78:14)"]
INFO 2014-12-11T19:29:08.005Z ["[Lighter] Models loaded. \u001b[90mx0\u001b[39m"]
INFO 2014-12-11T19:29:08.014Z ["[Lighter] Scripts routed to \u001b[36m/sly.js\u001b[39m. \u001b[90mx1\u001b[39m"]
INFO 2014-12-11T19:29:08.014Z ["[Lighter] Styles routed to \u001b[36m/sly.css\u001b[39m. \u001b[90mx1\u001b[39m"]
ERROR 2014-12-11T19:29:08.018Z ["ReferenceError: asset is not defined\n    at init.self.(anonymous function).chug.require.each.instance (/Users/sam/Workspace/lighter/lib/app.js:517:39)\n    at init.module.exports.Waiter.extend.require (/Users/sam/Workspace/chug/lib/asset.js:366:16)\n    at /Users/sam/Workspace/chug/lib/Load.js:467:21\n    at Array.forEach (native)\n    at /Users/sam/Workspace/chug/lib/Load.js:192:21\n    at onceReadyEach (/Users/sam/Workspace/chug/lib/waiter.js:108:9)\n    at Array.forEach (native)\n    at onReady (/Users/sam/Workspace/chug/lib/waiter.js:107:27)\n    at unwait (/Users/sam/Workspace/chug/lib/waiter.js:75:12)\n    at unwaitParents (/Users/sam/Workspace/chug/lib/waiter.js:78:14)"]
INFO 2014-12-11T19:29:08.766Z ["[Lighter] Models loaded. \u001b[90mx0\u001b[39m"]
INFO 2014-12-11T19:29:08.774Z ["[Lighter] Scripts routed to \u001b[36m/sly.js\u001b[39m. \u001b[90mx1\u001b[39m"]
INFO 2014-12-11T19:29:08.775Z ["[Lighter] Styles routed to \u001b[36m/sly.css\u001b[39m. \u001b[90mx1\u001b[39m"]
ERROR 2014-12-11T19:29:08.779Z ["ReferenceError: asset is not defined\n    at init.self.(anonymous function).chug.require.each.instance (/Users/sam/Workspace/lighter/lib/app.js:517:39)\n    at init.module.exports.Waiter.extend.require (/Users/sam/Workspace/chug/lib/asset.js:366:16)\n    at /Users/sam/Workspace/chug/lib/Load.js:467:21\n    at Array.forEach (native)\n    at /Users/sam/Workspace/chug/lib/Load.js:192:21\n    at onceReadyEach (/Users/sam/Workspace/chug/lib/waiter.js:108:9)\n    at Array.forEach (native)\n    at onReady (/Users/sam/Workspace/chug/lib/waiter.js:107:27)\n    at unwait (/Users/sam/Workspace/chug/lib/waiter.js:75:12)\n    at unwaitParents (/Users/sam/Workspace/chug/lib/waiter.js:78:14)"]
INFO 2014-12-11T19:29:09.523Z ["[Lighter] Models loaded. \u001b[90mx0\u001b[39m"]
INFO 2014-12-11T19:29:09.531Z ["[Lighter] Scripts routed to \u001b[36m/sly.js\u001b[39m. \u001b[90mx1\u001b[39m"]
INFO 2014-12-11T19:29:09.532Z ["[Lighter] Styles routed to \u001b[36m/sly.css\u001b[39m. \u001b[90mx1\u001b[39m"]
ERROR 2014-12-11T19:29:09.535Z ["ReferenceError: asset is not defined\n    at init.self.(anonymous function).chug.require.each.instance (/Users/sam/Workspace/lighter/lib/app.js:517:39)\n    at init.module.exports.Waiter.extend.require (/Users/sam/Workspace/chug/lib/asset.js:366:16)\n    at /Users/sam/Workspace/chug/lib/Load.js:467:21\n    at Array.forEach (native)\n    at /Users/sam/Workspace/chug/lib/Load.js:192:21\n    at onceReadyEach (/Users/sam/Workspace/chug/lib/waiter.js:108:9)\n    at Array.forEach (native)\n    at onReady (/Users/sam/Workspace/chug/lib/waiter.js:107:27)\n    at unwait (/Users/sam/Workspace/chug/lib/waiter.js:75:12)\n    at unwaitParents (/Users/sam/Workspace/chug/lib/waiter.js:78:14)"]
INFO 2014-12-11T19:29:10.281Z ["[Lighter] Models loaded. \u001b[90mx0\u001b[39m"]
INFO 2014-12-11T19:29:10.294Z ["[Lighter] Scripts routed to \u001b[36m/sly.js\u001b[39m. \u001b[90mx1\u001b[39m"]
INFO 2014-12-11T19:29:10.295Z ["[Lighter] Styles routed to \u001b[36m/sly.css\u001b[39m. \u001b[90mx1\u001b[39m"]
ERROR 2014-12-11T19:29:10.300Z ["ReferenceError: asset is not defined\n    at init.self.(anonymous function).chug.require.each.instance (/Users/sam/Workspace/lighter/lib/app.js:517:39)\n    at init.module.exports.Waiter.extend.require (/Users/sam/Workspace/chug/lib/asset.js:366:16)\n    at /Users/sam/Workspace/chug/lib/Load.js:467:21\n    at Array.forEach (native)\n    at /Users/sam/Workspace/chug/lib/Load.js:192:21\n    at onceReadyEach (/Users/sam/Workspace/chug/lib/waiter.js:108:9)\n    at Array.forEach (native)\n    at onReady (/Users/sam/Workspace/chug/lib/waiter.js:107:27)\n    at unwait (/Users/sam/Workspace/chug/lib/waiter.js:75:12)\n    at unwaitParents (/Users/sam/Workspace/chug/lib/waiter.js:78:14)"]
INFO 2014-12-11T19:29:11.049Z ["[Lighter] Models loaded. \u001b[90mx0\u001b[39m"]
INFO 2014-12-11T19:29:11.057Z ["[Lighter] Scripts routed to \u001b[36m/sly.js\u001b[39m. \u001b[90mx1\u001b[39m"]
INFO 2014-12-11T19:29:11.058Z ["[Lighter] Styles routed to \u001b[36m/sly.css\u001b[39m. \u001b[90mx1\u001b[39m"]
ERROR 2014-12-11T19:29:11.062Z ["ReferenceError: asset is not defined\n    at init.self.(anonymous function).chug.require.each.instance (/Users/sam/Workspace/lighter/lib/app.js:517:39)\n    at init.module.exports.Waiter.extend.require (/Users/sam/Workspace/chug/lib/asset.js:366:16)\n    at /Users/sam/Workspace/chug/lib/Load.js:467:21\n    at Array.forEach (native)\n    at /Users/sam/Workspace/chug/lib/Load.js:192:21\n    at onceReadyEach (/Users/sam/Workspace/chug/lib/waiter.js:108:9)\n    at Array.forEach (native)\n    at onReady (/Users/sam/Workspace/chug/lib/waiter.js:107:27)\n    at unwait (/Users/sam/Workspace/chug/lib/waiter.js:75:12)\n    at unwaitParents (/Users/sam/Workspace/chug/lib/waiter.js:78:14)"]
INFO 2014-12-11T19:29:11.805Z ["[Lighter] Models loaded. \u001b[90mx0\u001b[39m"]
INFO 2014-12-11T19:29:11.817Z ["[Lighter] Scripts routed to \u001b[36m/sly.js\u001b[39m. \u001b[90mx1\u001b[39m"]
INFO 2014-12-11T19:29:11.817Z ["[Lighter] Styles routed to \u001b[36m/sly.css\u001b[39m. \u001b[90mx1\u001b[39m"]
ERROR 2014-12-11T19:29:11.822Z ["ReferenceError: asset is not defined\n    at init.self.(anonymous function).chug.require.each.instance (/Users/sam/Workspace/lighter/lib/app.js:517:39)\n    at init.module.exports.Waiter.extend.require (/Users/sam/Workspace/chug/lib/asset.js:366:16)\n    at /Users/sam/Workspace/chug/lib/Load.js:467:21\n    at Array.forEach (native)\n    at /Users/sam/Workspace/chug/lib/Load.js:192:21\n    at onceReadyEach (/Users/sam/Workspace/chug/lib/waiter.js:108:9)\n    at Array.forEach (native)\n    at onReady (/Users/sam/Workspace/chug/lib/waiter.js:107:27)\n    at unwait (/Users/sam/Workspace/chug/lib/waiter.js:75:12)\n    at unwaitParents (/Users/sam/Workspace/chug/lib/waiter.js:78:14)"]
INFO 2014-12-11T19:29:12.562Z ["[Lighter] Models loaded. \u001b[90mx0\u001b[39m"]
INFO 2014-12-11T19:29:12.570Z ["[Lighter] Scripts routed to \u001b[36m/sly.js\u001b[39m. \u001b[90mx1\u001b[39m"]
INFO 2014-12-11T19:29:12.571Z ["[Lighter] Styles routed to \u001b[36m/sly.css\u001b[39m. \u001b[90mx1\u001b[39m"]
ERROR 2014-12-11T19:29:12.575Z ["ReferenceError: asset is not defined\n    at init.self.(anonymous function).chug.require.each.instance (/Users/sam/Workspace/lighter/lib/app.js:517:39)\n    at init.module.exports.Waiter.extend.require (/Users/sam/Workspace/chug/lib/asset.js:366:16)\n    at /Users/sam/Workspace/chug/lib/Load.js:467:21\n    at Array.forEach (native)\n    at /Users/sam/Workspace/chug/lib/Load.js:192:21\n    at onceReadyEach (/Users/sam/Workspace/chug/lib/waiter.js:108:9)\n    at Array.forEach (native)\n    at onReady (/Users/sam/Workspace/chug/lib/waiter.js:107:27)\n    at unwait (/Users/sam/Workspace/chug/lib/waiter.js:75:12)\n    at unwaitParents (/Users/sam/Workspace/chug/lib/waiter.js:78:14)"]
INFO 2014-12-11T19:29:13.319Z ["[Lighter] Models loaded. \u001b[90mx0\u001b[39m"]
INFO 2014-12-11T19:29:13.327Z ["[Lighter] Scripts routed to \u001b[36m/sly.js\u001b[39m. \u001b[90mx1\u001b[39m"]
INFO 2014-12-11T19:29:13.328Z ["[Lighter] Styles routed to \u001b[36m/sly.css\u001b[39m. \u001b[90mx1\u001b[39m"]
ERROR 2014-12-11T19:29:13.331Z ["ReferenceError: asset is not defined\n    at init.self.(anonymous function).chug.require.each.instance (/Users/sam/Workspace/lighter/lib/app.js:517:39)\n    at init.module.exports.Waiter.extend.require (/Users/sam/Workspace/chug/lib/asset.js:366:16)\n    at /Users/sam/Workspace/chug/lib/Load.js:467:21\n    at Array.forEach (native)\n    at /Users/sam/Workspace/chug/lib/Load.js:192:21\n    at onceReadyEach (/Users/sam/Workspace/chug/lib/waiter.js:108:9)\n    at Array.forEach (native)\n    at onReady (/Users/sam/Workspace/chug/lib/waiter.js:107:27)\n    at unwait (/Users/sam/Workspace/chug/lib/waiter.js:75:12)\n    at unwaitParents (/Users/sam/Workspace/chug/lib/waiter.js:78:14)"]
INFO 2014-12-11T19:29:14.077Z ["[Lighter] Models loaded. \u001b[90mx0\u001b[39m"]
INFO 2014-12-11T19:29:14.085Z ["[Lighter] Scripts routed to \u001b[36m/sly.js\u001b[39m. \u001b[90mx1\u001b[39m"]
INFO 2014-12-11T19:29:14.086Z ["[Lighter] Styles routed to \u001b[36m/sly.css\u001b[39m. \u001b[90mx1\u001b[39m"]
ERROR 2014-12-11T19:29:14.090Z ["ReferenceError: asset is not defined\n    at init.self.(anonymous function).chug.require.each.instance (/Users/sam/Workspace/lighter/lib/app.js:517:39)\n    at init.module.exports.Waiter.extend.require (/Users/sam/Workspace/chug/lib/asset.js:366:16)\n    at /Users/sam/Workspace/chug/lib/Load.js:467:21\n    at Array.forEach (native)\n    at /Users/sam/Workspace/chug/lib/Load.js:192:21\n    at onceReadyEach (/Users/sam/Workspace/chug/lib/waiter.js:108:9)\n    at Array.forEach (native)\n    at onReady (/Users/sam/Workspace/chug/lib/waiter.js:107:27)\n    at unwait (/Users/sam/Workspace/chug/lib/waiter.js:75:12)\n    at unwaitParents (/Users/sam/Workspace/chug/lib/waiter.js:78:14)"]
INFO 2014-12-11T19:29:14.836Z ["[Lighter] Models loaded. \u001b[90mx0\u001b[39m"]
INFO 2014-12-11T19:29:14.844Z ["[Lighter] Scripts routed to \u001b[36m/sly.js\u001b[39m. \u001b[90mx1\u001b[39m"]
INFO 2014-12-11T19:29:14.845Z ["[Lighter] Styles routed to \u001b[36m/sly.css\u001b[39m. \u001b[90mx1\u001b[39m"]
ERROR 2014-12-11T19:29:14.849Z ["ReferenceError: asset is not defined\n    at init.self.(anonymous function).chug.require.each.instance (/Users/sam/Workspace/lighter/lib/app.js:517:39)\n    at init.module.exports.Waiter.extend.require (/Users/sam/Workspace/chug/lib/asset.js:366:16)\n    at /Users/sam/Workspace/chug/lib/Load.js:467:21\n    at Array.forEach (native)\n    at /Users/sam/Workspace/chug/lib/Load.js:192:21\n    at onceReadyEach (/Users/sam/Workspace/chug/lib/waiter.js:108:9)\n    at Array.forEach (native)\n    at onReady (/Users/sam/Workspace/chug/lib/waiter.js:107:27)\n    at unwait (/Users/sam/Workspace/chug/lib/waiter.js:75:12)\n    at unwaitParents (/Users/sam/Workspace/chug/lib/waiter.js:78:14)"]
INFO 2014-12-11T19:29:15.594Z ["[Lighter] Models loaded. \u001b[90mx0\u001b[39m"]
INFO 2014-12-11T19:29:15.602Z ["[Lighter] Scripts routed to \u001b[36m/sly.js\u001b[39m. \u001b[90mx1\u001b[39m"]
INFO 2014-12-11T19:29:15.602Z ["[Lighter] Styles routed to \u001b[36m/sly.css\u001b[39m. \u001b[90mx1\u001b[39m"]
ERROR 2014-12-11T19:29:15.606Z ["ReferenceError: asset is not defined\n    at init.self.(anonymous function).chug.require.each.instance (/Users/sam/Workspace/lighter/lib/app.js:517:39)\n    at init.module.exports.Waiter.extend.require (/Users/sam/Workspace/chug/lib/asset.js:366:16)\n    at /Users/sam/Workspace/chug/lib/Load.js:467:21\n    at Array.forEach (native)\n    at /Users/sam/Workspace/chug/lib/Load.js:192:21\n    at onceReadyEach (/Users/sam/Workspace/chug/lib/waiter.js:108:9)\n    at Array.forEach (native)\n    at onReady (/Users/sam/Workspace/chug/lib/waiter.js:107:27)\n    at unwait (/Users/sam/Workspace/chug/lib/waiter.js:75:12)\n    at unwaitParents (/Users/sam/Workspace/chug/lib/waiter.js:78:14)"]
INFO 2014-12-11T19:29:16.354Z ["[Lighter] Models loaded. \u001b[90mx0\u001b[39m"]
INFO 2014-12-11T19:29:16.365Z ["[Lighter] Scripts routed to \u001b[36m/sly.js\u001b[39m. \u001b[90mx1\u001b[39m"]
INFO 2014-12-11T19:29:16.366Z ["[Lighter] Styles routed to \u001b[36m/sly.css\u001b[39m. \u001b[90mx1\u001b[39m"]
ERROR 2014-12-11T19:29:16.370Z ["ReferenceError: asset is not defined\n    at init.self.(anonymous function).chug.require.each.instance (/Users/sam/Workspace/lighter/lib/app.js:517:39)\n    at init.module.exports.Waiter.extend.require (/Users/sam/Workspace/chug/lib/asset.js:366:16)\n    at /Users/sam/Workspace/chug/lib/Load.js:467:21\n    at Array.forEach (native)\n    at /Users/sam/Workspace/chug/lib/Load.js:192:21\n    at onceReadyEach (/Users/sam/Workspace/chug/lib/waiter.js:108:9)\n    at Array.forEach (native)\n    at onReady (/Users/sam/Workspace/chug/lib/waiter.js:107:27)\n    at unwait (/Users/sam/Workspace/chug/lib/waiter.js:75:12)\n    at unwaitParents (/Users/sam/Workspace/chug/lib/waiter.js:78:14)"]
INFO 2014-12-11T19:29:17.114Z ["[Lighter] Models loaded. \u001b[90mx0\u001b[39m"]
INFO 2014-12-11T19:29:17.122Z ["[Lighter] Scripts routed to \u001b[36m/sly.js\u001b[39m. \u001b[90mx1\u001b[39m"]
INFO 2014-12-11T19:29:17.122Z ["[Lighter] Styles routed to \u001b[36m/sly.css\u001b[39m. \u001b[90mx1\u001b[39m"]
ERROR 2014-12-11T19:29:17.126Z ["ReferenceError: asset is not defined\n    at init.self.(anonymous function).chug.require.each.instance (/Users/sam/Workspace/lighter/lib/app.js:517:39)\n    at init.module.exports.Waiter.extend.require (/Users/sam/Workspace/chug/lib/asset.js:366:16)\n    at /Users/sam/Workspace/chug/lib/Load.js:467:21\n    at Array.forEach (native)\n    at /Users/sam/Workspace/chug/lib/Load.js:192:21\n    at onceReadyEach (/Users/sam/Workspace/chug/lib/waiter.js:108:9)\n    at Array.forEach (native)\n    at onReady (/Users/sam/Workspace/chug/lib/waiter.js:107:27)\n    at unwait (/Users/sam/Workspace/chug/lib/waiter.js:75:12)\n    at unwaitParents (/Users/sam/Workspace/chug/lib/waiter.js:78:14)"]
INFO 2014-12-11T19:29:17.877Z ["[Lighter] Models loaded. \u001b[90mx0\u001b[39m"]
INFO 2014-12-11T19:29:17.889Z ["[Lighter] Scripts routed to \u001b[36m/sly.js\u001b[39m. \u001b[90mx1\u001b[39m"]
INFO 2014-12-11T19:29:17.890Z ["[Lighter] Styles routed to \u001b[36m/sly.css\u001b[39m. \u001b[90mx1\u001b[39m"]
ERROR 2014-12-11T19:29:17.894Z ["ReferenceError: asset is not defined\n    at init.self.(anonymous function).chug.require.each.instance (/Users/sam/Workspace/lighter/lib/app.js:517:39)\n    at init.module.exports.Waiter.extend.require (/Users/sam/Workspace/chug/lib/asset.js:366:16)\n    at /Users/sam/Workspace/chug/lib/Load.js:467:21\n    at Array.forEach (native)\n    at /Users/sam/Workspace/chug/lib/Load.js:192:21\n    at onceReadyEach (/Users/sam/Workspace/chug/lib/waiter.js:108:9)\n    at Array.forEach (native)\n    at onReady (/Users/sam/Workspace/chug/lib/waiter.js:107:27)\n    at unwait (/Users/sam/Workspace/chug/lib/waiter.js:75:12)\n    at unwaitParents (/Users/sam/Workspace/chug/lib/waiter.js:78:14)"]
INFO 2014-12-11T19:29:18.643Z ["[Lighter] Models loaded. \u001b[90mx0\u001b[39m"]
INFO 2014-12-11T19:29:18.655Z ["[Lighter] Scripts routed to \u001b[36m/sly.js\u001b[39m. \u001b[90mx1\u001b[39m"]
INFO 2014-12-11T19:29:18.656Z ["[Lighter] Styles routed to \u001b[36m/sly.css\u001b[39m. \u001b[90mx1\u001b[39m"]
ERROR 2014-12-11T19:29:18.661Z ["ReferenceError: asset is not defined\n    at init.self.(anonymous function).chug.require.each.instance (/Users/sam/Workspace/lighter/lib/app.js:517:39)\n    at init.module.exports.Waiter.extend.require (/Users/sam/Workspace/chug/lib/asset.js:366:16)\n    at /Users/sam/Workspace/chug/lib/Load.js:467:21\n    at Array.forEach (native)\n    at /Users/sam/Workspace/chug/lib/Load.js:192:21\n    at onceReadyEach (/Users/sam/Workspace/chug/lib/waiter.js:108:9)\n    at Array.forEach (native)\n    at onReady (/Users/sam/Workspace/chug/lib/waiter.js:107:27)\n    at unwait (/Users/sam/Workspace/chug/lib/waiter.js:75:12)\n    at unwaitParents (/Users/sam/Workspace/chug/lib/waiter.js:78:14)"]
INFO 2014-12-11T19:29:19.408Z ["[Lighter] Models loaded. \u001b[90mx0\u001b[39m"]
INFO 2014-12-11T19:29:19.415Z ["[Lighter] Scripts routed to \u001b[36m/sly.js\u001b[39m. \u001b[90mx1\u001b[39m"]
INFO 2014-12-11T19:29:19.416Z ["[Lighter] Styles routed to \u001b[36m/sly.css\u001b[39m. \u001b[90mx1\u001b[39m"]
ERROR 2014-12-11T19:29:19.420Z ["ReferenceError: asset is not defined\n    at init.self.(anonymous function).chug.require.each.instance (/Users/sam/Workspace/lighter/lib/app.js:517:39)\n    at init.module.exports.Waiter.extend.require (/Users/sam/Workspace/chug/lib/asset.js:366:16)\n    at /Users/sam/Workspace/chug/lib/Load.js:467:21\n    at Array.forEach (native)\n    at /Users/sam/Workspace/chug/lib/Load.js:192:21\n    at onceReadyEach (/Users/sam/Workspace/chug/lib/waiter.js:108:9)\n    at Array.forEach (native)\n    at onReady (/Users/sam/Workspace/chug/lib/waiter.js:107:27)\n    at unwait (/Users/sam/Workspace/chug/lib/waiter.js:75:12)\n    at unwaitParents (/Users/sam/Workspace/chug/lib/waiter.js:78:14)"]
INFO 2014-12-11T19:29:20.166Z ["[Lighter] Models loaded. \u001b[90mx0\u001b[39m"]
INFO 2014-12-11T19:29:20.174Z ["[Lighter] Scripts routed to \u001b[36m/sly.js\u001b[39m. \u001b[90mx1\u001b[39m"]
INFO 2014-12-11T19:29:20.175Z ["[Lighter] Styles routed to \u001b[36m/sly.css\u001b[39m. \u001b[90mx1\u001b[39m"]
INFO 2014-12-11T19:29:20.928Z ["[Lighter] Models loaded. \u001b[90mx0\u001b[39m"]
INFO 2014-12-11T19:29:20.936Z ["[Lighter] Scripts routed to \u001b[36m/sly.js\u001b[39m. \u001b[90mx1\u001b[39m"]
INFO 2014-12-11T19:29:20.937Z ["[Lighter] Styles routed to \u001b[36m/sly.css\u001b[39m. \u001b[90mx1\u001b[39m"]
ERROR 2014-12-11T19:29:20.941Z ["ReferenceError: asset is not defined\n    at init.self.(anonymous function).chug.require.each.instance (/Users/sam/Workspace/lighter/lib/app.js:517:39)\n    at init.module.exports.Waiter.extend.require (/Users/sam/Workspace/chug/lib/asset.js:366:16)\n    at /Users/sam/Workspace/chug/lib/Load.js:467:21\n    at Array.forEach (native)\n    at /Users/sam/Workspace/chug/lib/Load.js:192:21\n    at onceReadyEach (/Users/sam/Workspace/chug/lib/waiter.js:108:9)\n    at Array.forEach (native)\n    at onReady (/Users/sam/Workspace/chug/lib/waiter.js:107:27)\n    at unwait (/Users/sam/Workspace/chug/lib/waiter.js:75:12)\n    at unwaitParents (/Users/sam/Workspace/chug/lib/waiter.js:78:14)"]
INFO 2014-12-11T19:29:21.690Z ["[Lighter] Models loaded. \u001b[90mx0\u001b[39m"]
INFO 2014-12-11T19:29:21.698Z ["[Lighter] Scripts routed to \u001b[36m/sly.js\u001b[39m. \u001b[90mx1\u001b[39m"]
INFO 2014-12-11T19:29:21.698Z ["[Lighter] Styles routed to \u001b[36m/sly.css\u001b[39m. \u001b[90mx1\u001b[39m"]
ERROR 2014-12-11T19:29:21.702Z ["ReferenceError: asset is not defined\n    at init.self.(anonymous function).chug.require.each.instance (/Users/sam/Workspace/lighter/lib/app.js:517:39)\n    at init.module.exports.Waiter.extend.require (/Users/sam/Workspace/chug/lib/asset.js:366:16)\n    at /Users/sam/Workspace/chug/lib/Load.js:467:21\n    at Array.forEach (native)\n    at /Users/sam/Workspace/chug/lib/Load.js:192:21\n    at onceReadyEach (/Users/sam/Workspace/chug/lib/waiter.js:108:9)\n    at Array.forEach (native)\n    at onReady (/Users/sam/Workspace/chug/lib/waiter.js:107:27)\n    at unwait (/Users/sam/Workspace/chug/lib/waiter.js:75:12)\n    at unwaitParents (/Users/sam/Workspace/chug/lib/waiter.js:78:14)"]
INFO 2014-12-11T19:29:22.454Z ["[Lighter] Models loaded. \u001b[90mx0\u001b[39m"]
INFO 2014-12-11T19:29:22.462Z ["[Lighter] Scripts routed to \u001b[36m/sly.js\u001b[39m. \u001b[90mx1\u001b[39m"]
INFO 2014-12-11T19:29:22.462Z ["[Lighter] Styles routed to \u001b[36m/sly.css\u001b[39m. \u001b[90mx1\u001b[39m"]
INFO 2014-12-11T19:29:23.212Z ["[Lighter] Models loaded. \u001b[90mx0\u001b[39m"]
INFO 2014-12-11T19:29:23.220Z ["[Lighter] Scripts routed to \u001b[36m/sly.js\u001b[39m. \u001b[90mx1\u001b[39m"]
INFO 2014-12-11T19:29:23.220Z ["[Lighter] Styles routed to \u001b[36m/sly.css\u001b[39m. \u001b[90mx1\u001b[39m"]
ERROR 2014-12-11T19:29:23.224Z ["ReferenceError: asset is not defined\n    at init.self.(anonymous function).chug.require.each.instance (/Users/sam/Workspace/lighter/lib/app.js:517:39)\n    at init.module.exports.Waiter.extend.require (/Users/sam/Workspace/chug/lib/asset.js:366:16)\n    at /Users/sam/Workspace/chug/lib/Load.js:467:21\n    at Array.forEach (native)\n    at /Users/sam/Workspace/chug/lib/Load.js:192:21\n    at onceReadyEach (/Users/sam/Workspace/chug/lib/waiter.js:108:9)\n    at Array.forEach (native)\n    at onReady (/Users/sam/Workspace/chug/lib/waiter.js:107:27)\n    at unwait (/Users/sam/Workspace/chug/lib/waiter.js:75:12)\n    at unwaitParents (/Users/sam/Workspace/chug/lib/waiter.js:78:14)"]
INFO 2014-12-11T19:29:23.966Z ["[Lighter] Models loaded. \u001b[90mx0\u001b[39m"]
INFO 2014-12-11T19:29:23.974Z ["[Lighter] Scripts routed to \u001b[36m/sly.js\u001b[39m. \u001b[90mx1\u001b[39m"]
INFO 2014-12-11T19:29:23.975Z ["[Lighter] Styles routed to \u001b[36m/sly.css\u001b[39m. \u001b[90mx1\u001b[39m"]
ERROR 2014-12-11T19:29:23.979Z ["ReferenceError: asset is not defined\n    at init.self.(anonymous function).chug.require.each.instance (/Users/sam/Workspace/lighter/lib/app.js:517:39)\n    at init.module.exports.Waiter.extend.require (/Users/sam/Workspace/chug/lib/asset.js:366:16)\n    at /Users/sam/Workspace/chug/lib/Load.js:467:21\n    at Array.forEach (native)\n    at /Users/sam/Workspace/chug/lib/Load.js:192:21\n    at onceReadyEach (/Users/sam/Workspace/chug/lib/waiter.js:108:9)\n    at Array.forEach (native)\n    at onReady (/Users/sam/Workspace/chug/lib/waiter.js:107:27)\n    at unwait (/Users/sam/Workspace/chug/lib/waiter.js:75:12)\n    at unwaitParents (/Users/sam/Workspace/chug/lib/waiter.js:78:14)"]
INFO 2014-12-11T19:29:24.724Z ["[Lighter] Models loaded. \u001b[90mx0\u001b[39m"]
INFO 2014-12-11T19:29:24.732Z ["[Lighter] Scripts routed to \u001b[36m/sly.js\u001b[39m. \u001b[90mx1\u001b[39m"]
INFO 2014-12-11T19:29:24.733Z ["[Lighter] Styles routed to \u001b[36m/sly.css\u001b[39m. \u001b[90mx1\u001b[39m"]
ERROR 2014-12-11T19:29:24.736Z ["ReferenceError: asset is not defined\n    at init.self.(anonymous function).chug.require.each.instance (/Users/sam/Workspace/lighter/lib/app.js:517:39)\n    at init.module.exports.Waiter.extend.require (/Users/sam/Workspace/chug/lib/asset.js:366:16)\n    at /Users/sam/Workspace/chug/lib/Load.js:467:21\n    at Array.forEach (native)\n    at /Users/sam/Workspace/chug/lib/Load.js:192:21\n    at onceReadyEach (/Users/sam/Workspace/chug/lib/waiter.js:108:9)\n    at Array.forEach (native)\n    at onReady (/Users/sam/Workspace/chug/lib/waiter.js:107:27)\n    at unwait (/Users/sam/Workspace/chug/lib/waiter.js:75:12)\n    at unwaitParents (/Users/sam/Workspace/chug/lib/waiter.js:78:14)"]
INFO 2014-12-11T19:29:25.493Z ["[Lighter] Models loaded. \u001b[90mx0\u001b[39m"]
INFO 2014-12-11T19:29:25.501Z ["[Lighter] Scripts routed to \u001b[36m/sly.js\u001b[39m. \u001b[90mx1\u001b[39m"]
INFO 2014-12-11T19:29:25.501Z ["[Lighter] Styles routed to \u001b[36m/sly.css\u001b[39m. \u001b[90mx1\u001b[39m"]
ERROR 2014-12-11T19:29:25.506Z ["ReferenceError: asset is not defined\n    at init.self.(anonymous function).chug.require.each.instance (/Users/sam/Workspace/lighter/lib/app.js:517:39)\n    at init.module.exports.Waiter.extend.require (/Users/sam/Workspace/chug/lib/asset.js:366:16)\n    at /Users/sam/Workspace/chug/lib/Load.js:467:21\n    at Array.forEach (native)\n    at /Users/sam/Workspace/chug/lib/Load.js:192:21\n    at onceReadyEach (/Users/sam/Workspace/chug/lib/waiter.js:108:9)\n    at Array.forEach (native)\n    at onReady (/Users/sam/Workspace/chug/lib/waiter.js:107:27)\n    at unwait (/Users/sam/Workspace/chug/lib/waiter.js:75:12)\n    at unwaitParents (/Users/sam/Workspace/chug/lib/waiter.js:78:14)"]
INFO 2014-12-11T19:29:26.256Z ["[Lighter] Models loaded. \u001b[90mx0\u001b[39m"]
INFO 2014-12-11T19:29:26.264Z ["[Lighter] Scripts routed to \u001b[36m/sly.js\u001b[39m. \u001b[90mx1\u001b[39m"]
INFO 2014-12-11T19:29:26.264Z ["[Lighter] Styles routed to \u001b[36m/sly.css\u001b[39m. \u001b[90mx1\u001b[39m"]
ERROR 2014-12-11T19:29:26.268Z ["ReferenceError: asset is not defined\n    at init.self.(anonymous function).chug.require.each.instance (/Users/sam/Workspace/lighter/lib/app.js:517:39)\n    at init.module.exports.Waiter.extend.require (/Users/sam/Workspace/chug/lib/asset.js:366:16)\n    at /Users/sam/Workspace/chug/lib/Load.js:467:21\n    at Array.forEach (native)\n    at /Users/sam/Workspace/chug/lib/Load.js:192:21\n    at onceReadyEach (/Users/sam/Workspace/chug/lib/waiter.js:108:9)\n    at Array.forEach (native)\n    at onReady (/Users/sam/Workspace/chug/lib/waiter.js:107:27)\n    at unwait (/Users/sam/Workspace/chug/lib/waiter.js:75:12)\n    at unwaitParents (/Users/sam/Workspace/chug/lib/waiter.js:78:14)"]
INFO 2014-12-11T19:29:27.007Z ["[Lighter] Models loaded. \u001b[90mx0\u001b[39m"]
INFO 2014-12-11T19:29:27.015Z ["[Lighter] Scripts routed to \u001b[36m/sly.js\u001b[39m. \u001b[90mx1\u001b[39m"]
INFO 2014-12-11T19:29:27.016Z ["[Lighter] Styles routed to \u001b[36m/sly.css\u001b[39m. \u001b[90mx1\u001b[39m"]
ERROR 2014-12-11T19:29:27.020Z ["ReferenceError: asset is not defined\n    at init.self.(anonymous function).chug.require.each.instance (/Users/sam/Workspace/lighter/lib/app.js:517:39)\n    at init.module.exports.Waiter.extend.require (/Users/sam/Workspace/chug/lib/asset.js:366:16)\n    at /Users/sam/Workspace/chug/lib/Load.js:467:21\n    at Array.forEach (native)\n    at /Users/sam/Workspace/chug/lib/Load.js:192:21\n    at onceReadyEach (/Users/sam/Workspace/chug/lib/waiter.js:108:9)\n    at Array.forEach (native)\n    at onReady (/Users/sam/Workspace/chug/lib/waiter.js:107:27)\n    at unwait (/Users/sam/Workspace/chug/lib/waiter.js:75:12)\n    at unwaitParents (/Users/sam/Workspace/chug/lib/waiter.js:78:14)"]
INFO 2014-12-11T19:29:27.764Z ["[Lighter] Models loaded. \u001b[90mx0\u001b[39m"]
INFO 2014-12-11T19:29:27.772Z ["[Lighter] Scripts routed to \u001b[36m/sly.js\u001b[39m. \u001b[90mx1\u001b[39m"]
INFO 2014-12-11T19:29:27.773Z ["[Lighter] Styles routed to \u001b[36m/sly.css\u001b[39m. \u001b[90mx1\u001b[39m"]
ERROR 2014-12-11T19:29:27.777Z ["ReferenceError: asset is not defined\n    at init.self.(anonymous function).chug.require.each.instance (/Users/sam/Workspace/lighter/lib/app.js:517:39)\n    at init.module.exports.Waiter.extend.require (/Users/sam/Workspace/chug/lib/asset.js:366:16)\n    at /Users/sam/Workspace/chug/lib/Load.js:467:21\n    at Array.forEach (native)\n    at /Users/sam/Workspace/chug/lib/Load.js:192:21\n    at onceReadyEach (/Users/sam/Workspace/chug/lib/waiter.js:108:9)\n    at Array.forEach (native)\n    at onReady (/Users/sam/Workspace/chug/lib/waiter.js:107:27)\n    at unwait (/Users/sam/Workspace/chug/lib/waiter.js:75:12)\n    at unwaitParents (/Users/sam/Workspace/chug/lib/waiter.js:78:14)"]
INFO 2014-12-11T19:29:28.512Z ["[Lighter] Models loaded. \u001b[90mx0\u001b[39m"]
INFO 2014-12-11T19:29:28.520Z ["[Lighter] Scripts routed to \u001b[36m/sly.js\u001b[39m. \u001b[90mx1\u001b[39m"]
INFO 2014-12-11T19:29:28.521Z ["[Lighter] Styles routed to \u001b[36m/sly.css\u001b[39m. \u001b[90mx1\u001b[39m"]
ERROR 2014-12-11T19:29:28.525Z ["ReferenceError: asset is not defined\n    at init.self.(anonymous function).chug.require.each.instance (/Users/sam/Workspace/lighter/lib/app.js:517:39)\n    at init.module.exports.Waiter.extend.require (/Users/sam/Workspace/chug/lib/asset.js:366:16)\n    at /Users/sam/Workspace/chug/lib/Load.js:467:21\n    at Array.forEach (native)\n    at /Users/sam/Workspace/chug/lib/Load.js:192:21\n    at onceReadyEach (/Users/sam/Workspace/chug/lib/waiter.js:108:9)\n    at Array.forEach (native)\n    at onReady (/Users/sam/Workspace/chug/lib/waiter.js:107:27)\n    at unwait (/Users/sam/Workspace/chug/lib/waiter.js:75:12)\n    at unwaitParents (/Users/sam/Workspace/chug/lib/waiter.js:78:14)"]
INFO 2014-12-11T19:29:29.267Z ["[Lighter] Models loaded. \u001b[90mx0\u001b[39m"]
INFO 2014-12-11T19:29:29.275Z ["[Lighter] Scripts routed to \u001b[36m/sly.js\u001b[39m. \u001b[90mx1\u001b[39m"]
INFO 2014-12-11T19:29:29.276Z ["[Lighter] Styles routed to \u001b[36m/sly.css\u001b[39m. \u001b[90mx1\u001b[39m"]
ERROR 2014-12-11T19:29:29.280Z ["ReferenceError: asset is not defined\n    at init.self.(anonymous function).chug.require.each.instance (/Users/sam/Workspace/lighter/lib/app.js:517:39)\n    at init.module.exports.Waiter.extend.require (/Users/sam/Workspace/chug/lib/asset.js:366:16)\n    at /Users/sam/Workspace/chug/lib/Load.js:467:21\n    at Array.forEach (native)\n    at /Users/sam/Workspace/chug/lib/Load.js:192:21\n    at onceReadyEach (/Users/sam/Workspace/chug/lib/waiter.js:108:9)\n    at Array.forEach (native)\n    at onReady (/Users/sam/Workspace/chug/lib/waiter.js:107:27)\n    at unwait (/Users/sam/Workspace/chug/lib/waiter.js:75:12)\n    at unwaitParents (/Users/sam/Workspace/chug/lib/waiter.js:78:14)"]
INFO 2014-12-11T19:29:30.023Z ["[Lighter] Models loaded. \u001b[90mx0\u001b[39m"]
INFO 2014-12-11T19:29:30.032Z ["[Lighter] Scripts routed to \u001b[36m/sly.js\u001b[39m. \u001b[90mx1\u001b[39m"]
INFO 2014-12-11T19:29:30.033Z ["[Lighter] Styles routed to \u001b[36m/sly.css\u001b[39m. \u001b[90mx1\u001b[39m"]
ERROR 2014-12-11T19:29:30.037Z ["ReferenceError: asset is not defined\n    at init.self.(anonymous function).chug.require.each.instance (/Users/sam/Workspace/lighter/lib/app.js:517:39)\n    at init.module.exports.Waiter.extend.require (/Users/sam/Workspace/chug/lib/asset.js:366:16)\n    at /Users/sam/Workspace/chug/lib/Load.js:467:21\n    at Array.forEach (native)\n    at /Users/sam/Workspace/chug/lib/Load.js:192:21\n    at onceReadyEach (/Users/sam/Workspace/chug/lib/waiter.js:108:9)\n    at Array.forEach (native)\n    at onReady (/Users/sam/Workspace/chug/lib/waiter.js:107:27)\n    at unwait (/Users/sam/Workspace/chug/lib/waiter.js:75:12)\n    at unwaitParents (/Users/sam/Workspace/chug/lib/waiter.js:78:14)"]
INFO 2014-12-11T19:29:30.794Z ["[Lighter] Models loaded. \u001b[90mx0\u001b[39m"]
INFO 2014-12-11T19:29:30.805Z ["[Lighter] Scripts routed to \u001b[36m/sly.js\u001b[39m. \u001b[90mx1\u001b[39m"]
INFO 2014-12-11T19:29:30.805Z ["[Lighter] Styles routed to \u001b[36m/sly.css\u001b[39m. \u001b[90mx1\u001b[39m"]
ERROR 2014-12-11T19:29:30.810Z ["ReferenceError: asset is not defined\n    at init.self.(anonymous function).chug.require.each.instance (/Users/sam/Workspace/lighter/lib/app.js:517:39)\n    at init.module.exports.Waiter.extend.require (/Users/sam/Workspace/chug/lib/asset.js:366:16)\n    at /Users/sam/Workspace/chug/lib/Load.js:467:21\n    at Array.forEach (native)\n    at /Users/sam/Workspace/chug/lib/Load.js:192:21\n    at onceReadyEach (/Users/sam/Workspace/chug/lib/waiter.js:108:9)\n    at Array.forEach (native)\n    at onReady (/Users/sam/Workspace/chug/lib/waiter.js:107:27)\n    at unwait (/Users/sam/Workspace/chug/lib/waiter.js:75:12)\n    at unwaitParents (/Users/sam/Workspace/chug/lib/waiter.js:78:14)"]
INFO 2014-12-11T19:29:31.552Z ["[Lighter] Models loaded. \u001b[90mx0\u001b[39m"]
INFO 2014-12-11T19:29:31.560Z ["[Lighter] Scripts routed to \u001b[36m/sly.js\u001b[39m. \u001b[90mx1\u001b[39m"]
INFO 2014-12-11T19:29:31.561Z ["[Lighter] Styles routed to \u001b[36m/sly.css\u001b[39m. \u001b[90mx1\u001b[39m"]
ERROR 2014-12-11T19:29:31.565Z ["ReferenceError: asset is not defined\n    at init.self.(anonymous function).chug.require.each.instance (/Users/sam/Workspace/lighter/lib/app.js:517:39)\n    at init.module.exports.Waiter.extend.require (/Users/sam/Workspace/chug/lib/asset.js:366:16)\n    at /Users/sam/Workspace/chug/lib/Load.js:467:21\n    at Array.forEach (native)\n    at /Users/sam/Workspace/chug/lib/Load.js:192:21\n    at onceReadyEach (/Users/sam/Workspace/chug/lib/waiter.js:108:9)\n    at Array.forEach (native)\n    at onReady (/Users/sam/Workspace/chug/lib/waiter.js:107:27)\n    at unwait (/Users/sam/Workspace/chug/lib/waiter.js:75:12)\n    at unwaitParents (/Users/sam/Workspace/chug/lib/waiter.js:78:14)"]
INFO 2014-12-11T19:29:32.309Z ["[Lighter] Models loaded. \u001b[90mx0\u001b[39m"]
INFO 2014-12-11T19:29:32.317Z ["[Lighter] Scripts routed to \u001b[36m/sly.js\u001b[39m. \u001b[90mx1\u001b[39m"]
INFO 2014-12-11T19:29:32.318Z ["[Lighter] Styles routed to \u001b[36m/sly.css\u001b[39m. \u001b[90mx1\u001b[39m"]
ERROR 2014-12-11T19:29:32.322Z ["ReferenceError: asset is not defined\n    at init.self.(anonymous function).chug.require.each.instance (/Users/sam/Workspace/lighter/lib/app.js:517:39)\n    at init.module.exports.Waiter.extend.require (/Users/sam/Workspace/chug/lib/asset.js:366:16)\n    at /Users/sam/Workspace/chug/lib/Load.js:467:21\n    at Array.forEach (native)\n    at /Users/sam/Workspace/chug/lib/Load.js:192:21\n    at onceReadyEach (/Users/sam/Workspace/chug/lib/waiter.js:108:9)\n    at Array.forEach (native)\n    at onReady (/Users/sam/Workspace/chug/lib/waiter.js:107:27)\n    at unwait (/Users/sam/Workspace/chug/lib/waiter.js:75:12)\n    at unwaitParents (/Users/sam/Workspace/chug/lib/waiter.js:78:14)"]
INFO 2014-12-11T19:29:33.073Z ["[Lighter] Models loaded. \u001b[90mx0\u001b[39m"]
INFO 2014-12-11T19:29:33.082Z ["[Lighter] Scripts routed to \u001b[36m/sly.js\u001b[39m. \u001b[90mx1\u001b[39m"]
INFO 2014-12-11T19:29:33.083Z ["[Lighter] Styles routed to \u001b[36m/sly.css\u001b[39m. \u001b[90mx1\u001b[39m"]
ERROR 2014-12-11T19:29:33.087Z ["ReferenceError: asset is not defined\n    at init.self.(anonymous function).chug.require.each.instance (/Users/sam/Workspace/lighter/lib/app.js:517:39)\n    at init.module.exports.Waiter.extend.require (/Users/sam/Workspace/chug/lib/asset.js:366:16)\n    at /Users/sam/Workspace/chug/lib/Load.js:467:21\n    at Array.forEach (native)\n    at /Users/sam/Workspace/chug/lib/Load.js:192:21\n    at onceReadyEach (/Users/sam/Workspace/chug/lib/waiter.js:108:9)\n    at Array.forEach (native)\n    at onReady (/Users/sam/Workspace/chug/lib/waiter.js:107:27)\n    at unwait (/Users/sam/Workspace/chug/lib/waiter.js:75:12)\n    at unwaitParents (/Users/sam/Workspace/chug/lib/waiter.js:78:14)"]
INFO 2014-12-11T19:29:33.836Z ["[Lighter] Models loaded. \u001b[90mx0\u001b[39m"]
INFO 2014-12-11T19:29:33.844Z ["[Lighter] Scripts routed to \u001b[36m/sly.js\u001b[39m. \u001b[90mx1\u001b[39m"]
INFO 2014-12-11T19:29:33.845Z ["[Lighter] Styles routed to \u001b[36m/sly.css\u001b[39m. \u001b[90mx1\u001b[39m"]
ERROR 2014-12-11T19:29:33.849Z ["ReferenceError: asset is not defined\n    at init.self.(anonymous function).chug.require.each.instance (/Users/sam/Workspace/lighter/lib/app.js:517:39)\n    at init.module.exports.Waiter.extend.require (/Users/sam/Workspace/chug/lib/asset.js:366:16)\n    at /Users/sam/Workspace/chug/lib/Load.js:467:21\n    at Array.forEach (native)\n    at /Users/sam/Workspace/chug/lib/Load.js:192:21\n    at onceReadyEach (/Users/sam/Workspace/chug/lib/waiter.js:108:9)\n    at Array.forEach (native)\n    at onReady (/Users/sam/Workspace/chug/lib/waiter.js:107:27)\n    at unwait (/Users/sam/Workspace/chug/lib/waiter.js:75:12)\n    at unwaitParents (/Users/sam/Workspace/chug/lib/waiter.js:78:14)"]
INFO 2014-12-11T19:29:34.586Z ["[Lighter] Models loaded. \u001b[90mx0\u001b[39m"]
INFO 2014-12-11T19:29:34.593Z ["[Lighter] Scripts routed to \u001b[36m/sly.js\u001b[39m. \u001b[90mx1\u001b[39m"]
INFO 2014-12-11T19:29:34.594Z ["[Lighter] Styles routed to \u001b[36m/sly.css\u001b[39m. \u001b[90mx1\u001b[39m"]
ERROR 2014-12-11T19:29:34.598Z ["ReferenceError: asset is not defined\n    at init.self.(anonymous function).chug.require.each.instance (/Users/sam/Workspace/lighter/lib/app.js:517:39)\n    at init.module.exports.Waiter.extend.require (/Users/sam/Workspace/chug/lib/asset.js:366:16)\n    at /Users/sam/Workspace/chug/lib/Load.js:467:21\n    at Array.forEach (native)\n    at /Users/sam/Workspace/chug/lib/Load.js:192:21\n    at onceReadyEach (/Users/sam/Workspace/chug/lib/waiter.js:108:9)\n    at Array.forEach (native)\n    at onReady (/Users/sam/Workspace/chug/lib/waiter.js:107:27)\n    at unwait (/Users/sam/Workspace/chug/lib/waiter.js:75:12)\n    at unwaitParents (/Users/sam/Workspace/chug/lib/waiter.js:78:14)"]
INFO 2014-12-11T19:29:35.343Z ["[Lighter] Models loaded. \u001b[90mx0\u001b[39m"]
INFO 2014-12-11T19:29:35.351Z ["[Lighter] Scripts routed to \u001b[36m/sly.js\u001b[39m. \u001b[90mx1\u001b[39m"]
INFO 2014-12-11T19:29:35.352Z ["[Lighter] Styles routed to \u001b[36m/sly.css\u001b[39m. \u001b[90mx1\u001b[39m"]
ERROR 2014-12-11T19:29:35.356Z ["ReferenceError: asset is not defined\n    at init.self.(anonymous function).chug.require.each.instance (/Users/sam/Workspace/lighter/lib/app.js:517:39)\n    at init.module.exports.Waiter.extend.require (/Users/sam/Workspace/chug/lib/asset.js:366:16)\n    at /Users/sam/Workspace/chug/lib/Load.js:467:21\n    at Array.forEach (native)\n    at /Users/sam/Workspace/chug/lib/Load.js:192:21\n    at onceReadyEach (/Users/sam/Workspace/chug/lib/waiter.js:108:9)\n    at Array.forEach (native)\n    at onReady (/Users/sam/Workspace/chug/lib/waiter.js:107:27)\n    at unwait (/Users/sam/Workspace/chug/lib/waiter.js:75:12)\n    at unwaitParents (/Users/sam/Workspace/chug/lib/waiter.js:78:14)"]
INFO 2014-12-11T19:29:36.113Z ["[Lighter] Models loaded. \u001b[90mx0\u001b[39m"]
INFO 2014-12-11T19:29:36.122Z ["[Lighter] Scripts routed to \u001b[36m/sly.js\u001b[39m. \u001b[90mx1\u001b[39m"]
INFO 2014-12-11T19:29:36.122Z ["[Lighter] Styles routed to \u001b[36m/sly.css\u001b[39m. \u001b[90mx1\u001b[39m"]
ERROR 2014-12-11T19:29:36.127Z ["ReferenceError: asset is not defined\n    at init.self.(anonymous function).chug.require.each.instance (/Users/sam/Workspace/lighter/lib/app.js:517:39)\n    at init.module.exports.Waiter.extend.require (/Users/sam/Workspace/chug/lib/asset.js:366:16)\n    at /Users/sam/Workspace/chug/lib/Load.js:467:21\n    at Array.forEach (native)\n    at /Users/sam/Workspace/chug/lib/Load.js:192:21\n    at onceReadyEach (/Users/sam/Workspace/chug/lib/waiter.js:108:9)\n    at Array.forEach (native)\n    at onReady (/Users/sam/Workspace/chug/lib/waiter.js:107:27)\n    at unwait (/Users/sam/Workspace/chug/lib/waiter.js:75:12)\n    at unwaitParents (/Users/sam/Workspace/chug/lib/waiter.js:78:14)"]
INFO 2014-12-11T19:29:36.869Z ["[Lighter] Models loaded. \u001b[90mx0\u001b[39m"]
INFO 2014-12-11T19:29:36.881Z ["[Lighter] Scripts routed to \u001b[36m/sly.js\u001b[39m. \u001b[90mx1\u001b[39m"]
INFO 2014-12-11T19:29:36.882Z ["[Lighter] Styles routed to \u001b[36m/sly.css\u001b[39m. \u001b[90mx1\u001b[39m"]
ERROR 2014-12-11T19:29:36.886Z ["ReferenceError: asset is not defined\n    at init.self.(anonymous function).chug.require.each.instance (/Users/sam/Workspace/lighter/lib/app.js:517:39)\n    at init.module.exports.Waiter.extend.require (/Users/sam/Workspace/chug/lib/asset.js:366:16)\n    at /Users/sam/Workspace/chug/lib/Load.js:467:21\n    at Array.forEach (native)\n    at /Users/sam/Workspace/chug/lib/Load.js:192:21\n    at onceReadyEach (/Users/sam/Workspace/chug/lib/waiter.js:108:9)\n    at Array.forEach (native)\n    at onReady (/Users/sam/Workspace/chug/lib/waiter.js:107:27)\n    at unwait (/Users/sam/Workspace/chug/lib/waiter.js:75:12)\n    at unwaitParents (/Users/sam/Workspace/chug/lib/waiter.js:78:14)"]
INFO 2014-12-11T19:29:37.630Z ["[Lighter] Models loaded. \u001b[90mx0\u001b[39m"]
INFO 2014-12-11T19:29:37.638Z ["[Lighter] Scripts routed to \u001b[36m/sly.js\u001b[39m. \u001b[90mx1\u001b[39m"]
INFO 2014-12-11T19:29:37.639Z ["[Lighter] Styles routed to \u001b[36m/sly.css\u001b[39m. \u001b[90mx1\u001b[39m"]
ERROR 2014-12-11T19:29:37.643Z ["ReferenceError: asset is not defined\n    at init.self.(anonymous function).chug.require.each.instance (/Users/sam/Workspace/lighter/lib/app.js:517:39)\n    at init.module.exports.Waiter.extend.require (/Users/sam/Workspace/chug/lib/asset.js:366:16)\n    at /Users/sam/Workspace/chug/lib/Load.js:467:21\n    at Array.forEach (native)\n    at /Users/sam/Workspace/chug/lib/Load.js:192:21\n    at onceReadyEach (/Users/sam/Workspace/chug/lib/waiter.js:108:9)\n    at Array.forEach (native)\n    at onReady (/Users/sam/Workspace/chug/lib/waiter.js:107:27)\n    at unwait (/Users/sam/Workspace/chug/lib/waiter.js:75:12)\n    at unwaitParents (/Users/sam/Workspace/chug/lib/waiter.js:78:14)"]
INFO 2014-12-11T19:29:38.395Z ["[Lighter] Models loaded. \u001b[90mx0\u001b[39m"]
INFO 2014-12-11T19:29:38.403Z ["[Lighter] Scripts routed to \u001b[36m/sly.js\u001b[39m. \u001b[90mx1\u001b[39m"]
INFO 2014-12-11T19:29:38.403Z ["[Lighter] Styles routed to \u001b[36m/sly.css\u001b[39m. \u001b[90mx1\u001b[39m"]
ERROR 2014-12-11T19:29:38.407Z ["ReferenceError: asset is not defined\n    at init.self.(anonymous function).chug.require.each.instance (/Users/sam/Workspace/lighter/lib/app.js:517:39)\n    at init.module.exports.Waiter.extend.require (/Users/sam/Workspace/chug/lib/asset.js:366:16)\n    at /Users/sam/Workspace/chug/lib/Load.js:467:21\n    at Array.forEach (native)\n    at /Users/sam/Workspace/chug/lib/Load.js:192:21\n    at onceReadyEach (/Users/sam/Workspace/chug/lib/waiter.js:108:9)\n    at Array.forEach (native)\n    at onReady (/Users/sam/Workspace/chug/lib/waiter.js:107:27)\n    at unwait (/Users/sam/Workspace/chug/lib/waiter.js:75:12)\n    at unwaitParents (/Users/sam/Workspace/chug/lib/waiter.js:78:14)"]
INFO 2014-12-11T19:29:39.147Z ["[Lighter] Models loaded. \u001b[90mx0\u001b[39m"]
INFO 2014-12-11T19:29:39.155Z ["[Lighter] Scripts routed to \u001b[36m/sly.js\u001b[39m. \u001b[90mx1\u001b[39m"]
INFO 2014-12-11T19:29:39.156Z ["[Lighter] Styles routed to \u001b[36m/sly.css\u001b[39m. \u001b[90mx1\u001b[39m"]
ERROR 2014-12-11T19:29:39.160Z ["ReferenceError: asset is not defined\n    at init.self.(anonymous function).chug.require.each.instance (/Users/sam/Workspace/lighter/lib/app.js:517:39)\n    at init.module.exports.Waiter.extend.require (/Users/sam/Workspace/chug/lib/asset.js:366:16)\n    at /Users/sam/Workspace/chug/lib/Load.js:467:21\n    at Array.forEach (native)\n    at /Users/sam/Workspace/chug/lib/Load.js:192:21\n    at onceReadyEach (/Users/sam/Workspace/chug/lib/waiter.js:108:9)\n    at Array.forEach (native)\n    at onReady (/Users/sam/Workspace/chug/lib/waiter.js:107:27)\n    at unwait (/Users/sam/Workspace/chug/lib/waiter.js:75:12)\n    at unwaitParents (/Users/sam/Workspace/chug/lib/waiter.js:78:14)"]
INFO 2014-12-11T19:29:39.910Z ["[Lighter] Models loaded. \u001b[90mx0\u001b[39m"]
INFO 2014-12-11T19:29:39.922Z ["[Lighter] Scripts routed to \u001b[36m/sly.js\u001b[39m. \u001b[90mx1\u001b[39m"]
INFO 2014-12-11T19:29:39.922Z ["[Lighter] Styles routed to \u001b[36m/sly.css\u001b[39m. \u001b[90mx1\u001b[39m"]
ERROR 2014-12-11T19:29:39.927Z ["ReferenceError: asset is not defined\n    at init.self.(anonymous function).chug.require.each.instance (/Users/sam/Workspace/lighter/lib/app.js:517:39)\n    at init.module.exports.Waiter.extend.require (/Users/sam/Workspace/chug/lib/asset.js:366:16)\n    at /Users/sam/Workspace/chug/lib/Load.js:467:21\n    at Array.forEach (native)\n    at /Users/sam/Workspace/chug/lib/Load.js:192:21\n    at onceReadyEach (/Users/sam/Workspace/chug/lib/waiter.js:108:9)\n    at Array.forEach (native)\n    at onReady (/Users/sam/Workspace/chug/lib/waiter.js:107:27)\n    at unwait (/Users/sam/Workspace/chug/lib/waiter.js:75:12)\n    at unwaitParents (/Users/sam/Workspace/chug/lib/waiter.js:78:14)"]
INFO 2014-12-11T19:29:40.670Z ["[Lighter] Models loaded. \u001b[90mx0\u001b[39m"]
INFO 2014-12-11T19:29:40.679Z ["[Lighter] Scripts routed to \u001b[36m/sly.js\u001b[39m. \u001b[90mx1\u001b[39m"]
INFO 2014-12-11T19:29:40.679Z ["[Lighter] Styles routed to \u001b[36m/sly.css\u001b[39m. \u001b[90mx1\u001b[39m"]
ERROR 2014-12-11T19:29:40.684Z ["ReferenceError: asset is not defined\n    at init.self.(anonymous function).chug.require.each.instance (/Users/sam/Workspace/lighter/lib/app.js:517:39)\n    at init.module.exports.Waiter.extend.require (/Users/sam/Workspace/chug/lib/asset.js:366:16)\n    at /Users/sam/Workspace/chug/lib/Load.js:467:21\n    at Array.forEach (native)\n    at /Users/sam/Workspace/chug/lib/Load.js:192:21\n    at onceReadyEach (/Users/sam/Workspace/chug/lib/waiter.js:108:9)\n    at Array.forEach (native)\n    at onReady (/Users/sam/Workspace/chug/lib/waiter.js:107:27)\n    at unwait (/Users/sam/Workspace/chug/lib/waiter.js:75:12)\n    at unwaitParents (/Users/sam/Workspace/chug/lib/waiter.js:78:14)"]
INFO 2014-12-11T19:29:41.430Z ["[Lighter] Models loaded. \u001b[90mx0\u001b[39m"]
INFO 2014-12-11T19:29:41.438Z ["[Lighter] Scripts routed to \u001b[36m/sly.js\u001b[39m. \u001b[90mx1\u001b[39m"]
INFO 2014-12-11T19:29:41.439Z ["[Lighter] Styles routed to \u001b[36m/sly.css\u001b[39m. \u001b[90mx1\u001b[39m"]
ERROR 2014-12-11T19:29:41.443Z ["ReferenceError: asset is not defined\n    at init.self.(anonymous function).chug.require.each.instance (/Users/sam/Workspace/lighter/lib/app.js:517:39)\n    at init.module.exports.Waiter.extend.require (/Users/sam/Workspace/chug/lib/asset.js:366:16)\n    at /Users/sam/Workspace/chug/lib/Load.js:467:21\n    at Array.forEach (native)\n    at /Users/sam/Workspace/chug/lib/Load.js:192:21\n    at onceReadyEach (/Users/sam/Workspace/chug/lib/waiter.js:108:9)\n    at Array.forEach (native)\n    at onReady (/Users/sam/Workspace/chug/lib/waiter.js:107:27)\n    at unwait (/Users/sam/Workspace/chug/lib/waiter.js:75:12)\n    at unwaitParents (/Users/sam/Workspace/chug/lib/waiter.js:78:14)"]
INFO 2014-12-11T19:29:42.192Z ["[Lighter] Models loaded. \u001b[90mx0\u001b[39m"]
INFO 2014-12-11T19:29:42.200Z ["[Lighter] Scripts routed to \u001b[36m/sly.js\u001b[39m. \u001b[90mx1\u001b[39m"]
INFO 2014-12-11T19:29:42.201Z ["[Lighter] Styles routed to \u001b[36m/sly.css\u001b[39m. \u001b[90mx1\u001b[39m"]
ERROR 2014-12-11T19:29:42.205Z ["ReferenceError: asset is not defined\n    at init.self.(anonymous function).chug.require.each.instance (/Users/sam/Workspace/lighter/lib/app.js:517:39)\n    at init.module.exports.Waiter.extend.require (/Users/sam/Workspace/chug/lib/asset.js:366:16)\n    at /Users/sam/Workspace/chug/lib/Load.js:467:21\n    at Array.forEach (native)\n    at /Users/sam/Workspace/chug/lib/Load.js:192:21\n    at onceReadyEach (/Users/sam/Workspace/chug/lib/waiter.js:108:9)\n    at Array.forEach (native)\n    at onReady (/Users/sam/Workspace/chug/lib/waiter.js:107:27)\n    at unwait (/Users/sam/Workspace/chug/lib/waiter.js:75:12)\n    at unwaitParents (/Users/sam/Workspace/chug/lib/waiter.js:78:14)"]
INFO 2014-12-11T19:29:42.946Z ["[Lighter] Models loaded. \u001b[90mx0\u001b[39m"]
INFO 2014-12-11T19:29:42.954Z ["[Lighter] Scripts routed to \u001b[36m/sly.js\u001b[39m. \u001b[90mx1\u001b[39m"]
INFO 2014-12-11T19:29:42.955Z ["[Lighter] Styles routed to \u001b[36m/sly.css\u001b[39m. \u001b[90mx1\u001b[39m"]
ERROR 2014-12-11T19:29:42.959Z ["ReferenceError: asset is not defined\n    at init.self.(anonymous function).chug.require.each.instance (/Users/sam/Workspace/lighter/lib/app.js:517:39)\n    at init.module.exports.Waiter.extend.require (/Users/sam/Workspace/chug/lib/asset.js:366:16)\n    at /Users/sam/Workspace/chug/lib/Load.js:467:21\n    at Array.forEach (native)\n    at /Users/sam/Workspace/chug/lib/Load.js:192:21\n    at onceReadyEach (/Users/sam/Workspace/chug/lib/waiter.js:108:9)\n    at Array.forEach (native)\n    at onReady (/Users/sam/Workspace/chug/lib/waiter.js:107:27)\n    at unwait (/Users/sam/Workspace/chug/lib/waiter.js:75:12)\n    at unwaitParents (/Users/sam/Workspace/chug/lib/waiter.js:78:14)"]
INFO 2014-12-11T19:29:43.706Z ["[Lighter] Models loaded. \u001b[90mx0\u001b[39m"]
INFO 2014-12-11T19:29:43.714Z ["[Lighter] Scripts routed to \u001b[36m/sly.js\u001b[39m. \u001b[90mx1\u001b[39m"]
INFO 2014-12-11T19:29:43.715Z ["[Lighter] Styles routed to \u001b[36m/sly.css\u001b[39m. \u001b[90mx1\u001b[39m"]
ERROR 2014-12-11T19:29:43.719Z ["ReferenceError: asset is not defined\n    at init.self.(anonymous function).chug.require.each.instance (/Users/sam/Workspace/lighter/lib/app.js:517:39)\n    at init.module.exports.Waiter.extend.require (/Users/sam/Workspace/chug/lib/asset.js:366:16)\n    at /Users/sam/Workspace/chug/lib/Load.js:467:21\n    at Array.forEach (native)\n    at /Users/sam/Workspace/chug/lib/Load.js:192:21\n    at onceReadyEach (/Users/sam/Workspace/chug/lib/waiter.js:108:9)\n    at Array.forEach (native)\n    at onReady (/Users/sam/Workspace/chug/lib/waiter.js:107:27)\n    at unwait (/Users/sam/Workspace/chug/lib/waiter.js:75:12)\n    at unwaitParents (/Users/sam/Workspace/chug/lib/waiter.js:78:14)"]
INFO 2014-12-11T19:29:44.464Z ["[Lighter] Models loaded. \u001b[90mx0\u001b[39m"]
INFO 2014-12-11T19:29:44.471Z ["[Lighter] Scripts routed to \u001b[36m/sly.js\u001b[39m. \u001b[90mx1\u001b[39m"]
INFO 2014-12-11T19:29:44.472Z ["[Lighter] Styles routed to \u001b[36m/sly.css\u001b[39m. \u001b[90mx1\u001b[39m"]
ERROR 2014-12-11T19:29:44.476Z ["ReferenceError: asset is not defined\n    at init.self.(anonymous function).chug.require.each.instance (/Users/sam/Workspace/lighter/lib/app.js:517:39)\n    at init.module.exports.Waiter.extend.require (/Users/sam/Workspace/chug/lib/asset.js:366:16)\n    at /Users/sam/Workspace/chug/lib/Load.js:467:21\n    at Array.forEach (native)\n    at /Users/sam/Workspace/chug/lib/Load.js:192:21\n    at onceReadyEach (/Users/sam/Workspace/chug/lib/waiter.js:108:9)\n    at Array.forEach (native)\n    at onReady (/Users/sam/Workspace/chug/lib/waiter.js:107:27)\n    at unwait (/Users/sam/Workspace/chug/lib/waiter.js:75:12)\n    at unwaitParents (/Users/sam/Workspace/chug/lib/waiter.js:78:14)"]
INFO 2014-12-11T19:29:45.225Z ["[Lighter] Models loaded. \u001b[90mx0\u001b[39m"]
INFO 2014-12-11T19:29:45.234Z ["[Lighter] Scripts routed to \u001b[36m/sly.js\u001b[39m. \u001b[90mx1\u001b[39m"]
INFO 2014-12-11T19:29:45.234Z ["[Lighter] Styles routed to \u001b[36m/sly.css\u001b[39m. \u001b[90mx1\u001b[39m"]
ERROR 2014-12-11T19:29:45.238Z ["ReferenceError: asset is not defined\n    at init.self.(anonymous function).chug.require.each.instance (/Users/sam/Workspace/lighter/lib/app.js:517:39)\n    at init.module.exports.Waiter.extend.require (/Users/sam/Workspace/chug/lib/asset.js:366:16)\n    at /Users/sam/Workspace/chug/lib/Load.js:467:21\n    at Array.forEach (native)\n    at /Users/sam/Workspace/chug/lib/Load.js:192:21\n    at onceReadyEach (/Users/sam/Workspace/chug/lib/waiter.js:108:9)\n    at Array.forEach (native)\n    at onReady (/Users/sam/Workspace/chug/lib/waiter.js:107:27)\n    at unwait (/Users/sam/Workspace/chug/lib/waiter.js:75:12)\n    at unwaitParents (/Users/sam/Workspace/chug/lib/waiter.js:78:14)"]
INFO 2014-12-11T19:29:45.986Z ["[Lighter] Models loaded. \u001b[90mx0\u001b[39m"]
INFO 2014-12-11T19:29:45.994Z ["[Lighter] Scripts routed to \u001b[36m/sly.js\u001b[39m. \u001b[90mx1\u001b[39m"]
INFO 2014-12-11T19:29:45.995Z ["[Lighter] Styles routed to \u001b[36m/sly.css\u001b[39m. \u001b[90mx1\u001b[39m"]
ERROR 2014-12-11T19:29:45.999Z ["ReferenceError: asset is not defined\n    at init.self.(anonymous function).chug.require.each.instance (/Users/sam/Workspace/lighter/lib/app.js:517:39)\n    at init.module.exports.Waiter.extend.require (/Users/sam/Workspace/chug/lib/asset.js:366:16)\n    at /Users/sam/Workspace/chug/lib/Load.js:467:21\n    at Array.forEach (native)\n    at /Users/sam/Workspace/chug/lib/Load.js:192:21\n    at onceReadyEach (/Users/sam/Workspace/chug/lib/waiter.js:108:9)\n    at Array.forEach (native)\n    at onReady (/Users/sam/Workspace/chug/lib/waiter.js:107:27)\n    at unwait (/Users/sam/Workspace/chug/lib/waiter.js:75:12)\n    at unwaitParents (/Users/sam/Workspace/chug/lib/waiter.js:78:14)"]
INFO 2014-12-11T19:29:46.751Z ["[Lighter] Models loaded. \u001b[90mx0\u001b[39m"]
INFO 2014-12-11T19:29:46.763Z ["[Lighter] Scripts routed to \u001b[36m/sly.js\u001b[39m. \u001b[90mx1\u001b[39m"]
INFO 2014-12-11T19:29:46.763Z ["[Lighter] Styles routed to \u001b[36m/sly.css\u001b[39m. \u001b[90mx1\u001b[39m"]
ERROR 2014-12-11T19:29:46.768Z ["ReferenceError: asset is not defined\n    at init.self.(anonymous function).chug.require.each.instance (/Users/sam/Workspace/lighter/lib/app.js:517:39)\n    at init.module.exports.Waiter.extend.require (/Users/sam/Workspace/chug/lib/asset.js:366:16)\n    at /Users/sam/Workspace/chug/lib/Load.js:467:21\n    at Array.forEach (native)\n    at /Users/sam/Workspace/chug/lib/Load.js:192:21\n    at onceReadyEach (/Users/sam/Workspace/chug/lib/waiter.js:108:9)\n    at Array.forEach (native)\n    at onReady (/Users/sam/Workspace/chug/lib/waiter.js:107:27)\n    at unwait (/Users/sam/Workspace/chug/lib/waiter.js:75:12)\n    at unwaitParents (/Users/sam/Workspace/chug/lib/waiter.js:78:14)"]
INFO 2014-12-11T19:29:47.516Z ["[Lighter] Models loaded. \u001b[90mx0\u001b[39m"]
INFO 2014-12-11T19:29:47.524Z ["[Lighter] Scripts routed to \u001b[36m/sly.js\u001b[39m. \u001b[90mx1\u001b[39m"]
INFO 2014-12-11T19:29:47.525Z ["[Lighter] Styles routed to \u001b[36m/sly.css\u001b[39m. \u001b[90mx1\u001b[39m"]
ERROR 2014-12-11T19:29:47.528Z ["ReferenceError: asset is not defined\n    at init.self.(anonymous function).chug.require.each.instance (/Users/sam/Workspace/lighter/lib/app.js:517:39)\n    at init.module.exports.Waiter.extend.require (/Users/sam/Workspace/chug/lib/asset.js:366:16)\n    at /Users/sam/Workspace/chug/lib/Load.js:467:21\n    at Array.forEach (native)\n    at /Users/sam/Workspace/chug/lib/Load.js:192:21\n    at onceReadyEach (/Users/sam/Workspace/chug/lib/waiter.js:108:9)\n    at Array.forEach (native)\n    at onReady (/Users/sam/Workspace/chug/lib/waiter.js:107:27)\n    at unwait (/Users/sam/Workspace/chug/lib/waiter.js:75:12)\n    at unwaitParents (/Users/sam/Workspace/chug/lib/waiter.js:78:14)"]
INFO 2014-12-11T19:29:48.274Z ["[Lighter] Models loaded. \u001b[90mx0\u001b[39m"]
INFO 2014-12-11T19:29:48.285Z ["[Lighter] Scripts routed to \u001b[36m/sly.js\u001b[39m. \u001b[90mx1\u001b[39m"]
INFO 2014-12-11T19:29:48.286Z ["[Lighter] Styles routed to \u001b[36m/sly.css\u001b[39m. \u001b[90mx1\u001b[39m"]
ERROR 2014-12-11T19:29:48.291Z ["ReferenceError: asset is not defined\n    at init.self.(anonymous function).chug.require.each.instance (/Users/sam/Workspace/lighter/lib/app.js:517:39)\n    at init.module.exports.Waiter.extend.require (/Users/sam/Workspace/chug/lib/asset.js:366:16)\n    at /Users/sam/Workspace/chug/lib/Load.js:467:21\n    at Array.forEach (native)\n    at /Users/sam/Workspace/chug/lib/Load.js:192:21\n    at onceReadyEach (/Users/sam/Workspace/chug/lib/waiter.js:108:9)\n    at Array.forEach (native)\n    at onReady (/Users/sam/Workspace/chug/lib/waiter.js:107:27)\n    at unwait (/Users/sam/Workspace/chug/lib/waiter.js:75:12)\n    at unwaitParents (/Users/sam/Workspace/chug/lib/waiter.js:78:14)"]
INFO 2014-12-11T19:29:49.034Z ["[Lighter] Models loaded. \u001b[90mx0\u001b[39m"]
INFO 2014-12-11T19:29:49.043Z ["[Lighter] Scripts routed to \u001b[36m/sly.js\u001b[39m. \u001b[90mx1\u001b[39m"]
INFO 2014-12-11T19:29:49.043Z ["[Lighter] Styles routed to \u001b[36m/sly.css\u001b[39m. \u001b[90mx1\u001b[39m"]
ERROR 2014-12-11T19:29:49.048Z ["ReferenceError: asset is not defined\n    at init.self.(anonymous function).chug.require.each.instance (/Users/sam/Workspace/lighter/lib/app.js:517:39)\n    at init.module.exports.Waiter.extend.require (/Users/sam/Workspace/chug/lib/asset.js:366:16)\n    at /Users/sam/Workspace/chug/lib/Load.js:467:21\n    at Array.forEach (native)\n    at /Users/sam/Workspace/chug/lib/Load.js:192:21\n    at onceReadyEach (/Users/sam/Workspace/chug/lib/waiter.js:108:9)\n    at Array.forEach (native)\n    at onReady (/Users/sam/Workspace/chug/lib/waiter.js:107:27)\n    at unwait (/Users/sam/Workspace/chug/lib/waiter.js:75:12)\n    at unwaitParents (/Users/sam/Workspace/chug/lib/waiter.js:78:14)"]
INFO 2014-12-11T19:29:49.797Z ["[Lighter] Models loaded. \u001b[90mx0\u001b[39m"]
INFO 2014-12-11T19:29:49.806Z ["[Lighter] Scripts routed to \u001b[36m/sly.js\u001b[39m. \u001b[90mx1\u001b[39m"]
INFO 2014-12-11T19:29:49.806Z ["[Lighter] Styles routed to \u001b[36m/sly.css\u001b[39m. \u001b[90mx1\u001b[39m"]
ERROR 2014-12-11T19:29:49.811Z ["ReferenceError: asset is not defined\n    at init.self.(anonymous function).chug.require.each.instance (/Users/sam/Workspace/lighter/lib/app.js:517:39)\n    at init.module.exports.Waiter.extend.require (/Users/sam/Workspace/chug/lib/asset.js:366:16)\n    at /Users/sam/Workspace/chug/lib/Load.js:467:21\n    at Array.forEach (native)\n    at /Users/sam/Workspace/chug/lib/Load.js:192:21\n    at onceReadyEach (/Users/sam/Workspace/chug/lib/waiter.js:108:9)\n    at Array.forEach (native)\n    at onReady (/Users/sam/Workspace/chug/lib/waiter.js:107:27)\n    at unwait (/Users/sam/Workspace/chug/lib/waiter.js:75:12)\n    at unwaitParents (/Users/sam/Workspace/chug/lib/waiter.js:78:14)"]
INFO 2014-12-11T19:29:50.563Z ["[Lighter] Models loaded. \u001b[90mx0\u001b[39m"]
INFO 2014-12-11T19:29:50.572Z ["[Lighter] Scripts routed to \u001b[36m/sly.js\u001b[39m. \u001b[90mx1\u001b[39m"]
INFO 2014-12-11T19:29:50.572Z ["[Lighter] Styles routed to \u001b[36m/sly.css\u001b[39m. \u001b[90mx1\u001b[39m"]
ERROR 2014-12-11T19:29:50.576Z ["ReferenceError: asset is not defined\n    at init.self.(anonymous function).chug.require.each.instance (/Users/sam/Workspace/lighter/lib/app.js:517:39)\n    at init.module.exports.Waiter.extend.require (/Users/sam/Workspace/chug/lib/asset.js:366:16)\n    at /Users/sam/Workspace/chug/lib/Load.js:467:21\n    at Array.forEach (native)\n    at /Users/sam/Workspace/chug/lib/Load.js:192:21\n    at onceReadyEach (/Users/sam/Workspace/chug/lib/waiter.js:108:9)\n    at Array.forEach (native)\n    at onReady (/Users/sam/Workspace/chug/lib/waiter.js:107:27)\n    at unwait (/Users/sam/Workspace/chug/lib/waiter.js:75:12)\n    at unwaitParents (/Users/sam/Workspace/chug/lib/waiter.js:78:14)"]
INFO 2014-12-11T19:29:51.322Z ["[Lighter] Models loaded. \u001b[90mx0\u001b[39m"]
INFO 2014-12-11T19:29:51.330Z ["[Lighter] Scripts routed to \u001b[36m/sly.js\u001b[39m. \u001b[90mx1\u001b[39m"]
INFO 2014-12-11T19:29:51.330Z ["[Lighter] Styles routed to \u001b[36m/sly.css\u001b[39m. \u001b[90mx1\u001b[39m"]
ERROR 2014-12-11T19:29:51.335Z ["ReferenceError: asset is not defined\n    at init.self.(anonymous function).chug.require.each.instance (/Users/sam/Workspace/lighter/lib/app.js:517:39)\n    at init.module.exports.Waiter.extend.require (/Users/sam/Workspace/chug/lib/asset.js:366:16)\n    at /Users/sam/Workspace/chug/lib/Load.js:467:21\n    at Array.forEach (native)\n    at /Users/sam/Workspace/chug/lib/Load.js:192:21\n    at onceReadyEach (/Users/sam/Workspace/chug/lib/waiter.js:108:9)\n    at Array.forEach (native)\n    at onReady (/Users/sam/Workspace/chug/lib/waiter.js:107:27)\n    at unwait (/Users/sam/Workspace/chug/lib/waiter.js:75:12)\n    at unwaitParents (/Users/sam/Workspace/chug/lib/waiter.js:78:14)"]
INFO 2014-12-11T19:29:52.080Z ["[Lighter] Models loaded. \u001b[90mx0\u001b[39m"]
INFO 2014-12-11T19:29:52.088Z ["[Lighter] Scripts routed to \u001b[36m/sly.js\u001b[39m. \u001b[90mx1\u001b[39m"]
INFO 2014-12-11T19:29:52.088Z ["[Lighter] Styles routed to \u001b[36m/sly.css\u001b[39m. \u001b[90mx1\u001b[39m"]
ERROR 2014-12-11T19:29:52.092Z ["ReferenceError: asset is not defined\n    at init.self.(anonymous function).chug.require.each.instance (/Users/sam/Workspace/lighter/lib/app.js:517:39)\n    at init.module.exports.Waiter.extend.require (/Users/sam/Workspace/chug/lib/asset.js:366:16)\n    at /Users/sam/Workspace/chug/lib/Load.js:467:21\n    at Array.forEach (native)\n    at /Users/sam/Workspace/chug/lib/Load.js:192:21\n    at onceReadyEach (/Users/sam/Workspace/chug/lib/waiter.js:108:9)\n    at Array.forEach (native)\n    at onReady (/Users/sam/Workspace/chug/lib/waiter.js:107:27)\n    at unwait (/Users/sam/Workspace/chug/lib/waiter.js:75:12)\n    at unwaitParents (/Users/sam/Workspace/chug/lib/waiter.js:78:14)"]
INFO 2014-12-11T19:29:52.840Z ["[Lighter] Models loaded. \u001b[90mx0\u001b[39m"]
INFO 2014-12-11T19:29:52.848Z ["[Lighter] Scripts routed to \u001b[36m/sly.js\u001b[39m. \u001b[90mx1\u001b[39m"]
INFO 2014-12-11T19:29:52.849Z ["[Lighter] Styles routed to \u001b[36m/sly.css\u001b[39m. \u001b[90mx1\u001b[39m"]
ERROR 2014-12-11T19:29:52.853Z ["ReferenceError: asset is not defined\n    at init.self.(anonymous function).chug.require.each.instance (/Users/sam/Workspace/lighter/lib/app.js:517:39)\n    at init.module.exports.Waiter.extend.require (/Users/sam/Workspace/chug/lib/asset.js:366:16)\n    at /Users/sam/Workspace/chug/lib/Load.js:467:21\n    at Array.forEach (native)\n    at /Users/sam/Workspace/chug/lib/Load.js:192:21\n    at onceReadyEach (/Users/sam/Workspace/chug/lib/waiter.js:108:9)\n    at Array.forEach (native)\n    at onReady (/Users/sam/Workspace/chug/lib/waiter.js:107:27)\n    at unwait (/Users/sam/Workspace/chug/lib/waiter.js:75:12)\n    at unwaitParents (/Users/sam/Workspace/chug/lib/waiter.js:78:14)"]
INFO 2014-12-11T19:29:53.600Z ["[Lighter] Models loaded. \u001b[90mx0\u001b[39m"]
INFO 2014-12-11T19:29:53.608Z ["[Lighter] Scripts routed to \u001b[36m/sly.js\u001b[39m. \u001b[90mx1\u001b[39m"]
INFO 2014-12-11T19:29:53.609Z ["[Lighter] Styles routed to \u001b[36m/sly.css\u001b[39m. \u001b[90mx1\u001b[39m"]
ERROR 2014-12-11T19:29:53.613Z ["ReferenceError: asset is not defined\n    at init.self.(anonymous function).chug.require.each.instance (/Users/sam/Workspace/lighter/lib/app.js:517:39)\n    at init.module.exports.Waiter.extend.require (/Users/sam/Workspace/chug/lib/asset.js:366:16)\n    at /Users/sam/Workspace/chug/lib/Load.js:467:21\n    at Array.forEach (native)\n    at /Users/sam/Workspace/chug/lib/Load.js:192:21\n    at onceReadyEach (/Users/sam/Workspace/chug/lib/waiter.js:108:9)\n    at Array.forEach (native)\n    at onReady (/Users/sam/Workspace/chug/lib/waiter.js:107:27)\n    at unwait (/Users/sam/Workspace/chug/lib/waiter.js:75:12)\n    at unwaitParents (/Users/sam/Workspace/chug/lib/waiter.js:78:14)"]
INFO 2014-12-11T19:29:54.361Z ["[Lighter] Models loaded. \u001b[90mx0\u001b[39m"]
INFO 2014-12-11T19:29:54.372Z ["[Lighter] Scripts routed to \u001b[36m/sly.js\u001b[39m. \u001b[90mx1\u001b[39m"]
INFO 2014-12-11T19:29:54.373Z ["[Lighter] Styles routed to \u001b[36m/sly.css\u001b[39m. \u001b[90mx1\u001b[39m"]
ERROR 2014-12-11T19:29:54.378Z ["ReferenceError: asset is not defined\n    at init.self.(anonymous function).chug.require.each.instance (/Users/sam/Workspace/lighter/lib/app.js:517:39)\n    at init.module.exports.Waiter.extend.require (/Users/sam/Workspace/chug/lib/asset.js:366:16)\n    at /Users/sam/Workspace/chug/lib/Load.js:467:21\n    at Array.forEach (native)\n    at /Users/sam/Workspace/chug/lib/Load.js:192:21\n    at onceReadyEach (/Users/sam/Workspace/chug/lib/waiter.js:108:9)\n    at Array.forEach (native)\n    at onReady (/Users/sam/Workspace/chug/lib/waiter.js:107:27)\n    at unwait (/Users/sam/Workspace/chug/lib/waiter.js:75:12)\n    at unwaitParents (/Users/sam/Workspace/chug/lib/waiter.js:78:14)"]
INFO 2014-12-11T19:29:55.124Z ["[Lighter] Models loaded. \u001b[90mx0\u001b[39m"]
INFO 2014-12-11T19:29:55.132Z ["[Lighter] Scripts routed to \u001b[36m/sly.js\u001b[39m. \u001b[90mx1\u001b[39m"]
INFO 2014-12-11T19:29:55.133Z ["[Lighter] Styles routed to \u001b[36m/sly.css\u001b[39m. \u001b[90mx1\u001b[39m"]
ERROR 2014-12-11T19:29:55.137Z ["ReferenceError: asset is not defined\n    at init.self.(anonymous function).chug.require.each.instance (/Users/sam/Workspace/lighter/lib/app.js:517:39)\n    at init.module.exports.Waiter.extend.require (/Users/sam/Workspace/chug/lib/asset.js:366:16)\n    at /Users/sam/Workspace/chug/lib/Load.js:467:21\n    at Array.forEach (native)\n    at /Users/sam/Workspace/chug/lib/Load.js:192:21\n    at onceReadyEach (/Users/sam/Workspace/chug/lib/waiter.js:108:9)\n    at Array.forEach (native)\n    at onReady (/Users/sam/Workspace/chug/lib/waiter.js:107:27)\n    at unwait (/Users/sam/Workspace/chug/lib/waiter.js:75:12)\n    at unwaitParents (/Users/sam/Workspace/chug/lib/waiter.js:78:14)"]
INFO 2014-12-11T19:29:55.882Z ["[Lighter] Models loaded. \u001b[90mx0\u001b[39m"]
INFO 2014-12-11T19:29:55.894Z ["[Lighter] Scripts routed to \u001b[36m/sly.js\u001b[39m. \u001b[90mx1\u001b[39m"]
INFO 2014-12-11T19:29:55.894Z ["[Lighter] Styles routed to \u001b[36m/sly.css\u001b[39m. \u001b[90mx1\u001b[39m"]
ERROR 2014-12-11T19:29:55.899Z ["ReferenceError: asset is not defined\n    at init.self.(anonymous function).chug.require.each.instance (/Users/sam/Workspace/lighter/lib/app.js:517:39)\n    at init.module.exports.Waiter.extend.require (/Users/sam/Workspace/chug/lib/asset.js:366:16)\n    at /Users/sam/Workspace/chug/lib/Load.js:467:21\n    at Array.forEach (native)\n    at /Users/sam/Workspace/chug/lib/Load.js:192:21\n    at onceReadyEach (/Users/sam/Workspace/chug/lib/waiter.js:108:9)\n    at Array.forEach (native)\n    at onReady (/Users/sam/Workspace/chug/lib/waiter.js:107:27)\n    at unwait (/Users/sam/Workspace/chug/lib/waiter.js:75:12)\n    at unwaitParents (/Users/sam/Workspace/chug/lib/waiter.js:78:14)"]
INFO 2014-12-11T19:29:56.645Z ["[Lighter] Models loaded. \u001b[90mx0\u001b[39m"]
INFO 2014-12-11T19:29:56.654Z ["[Lighter] Scripts routed to \u001b[36m/sly.js\u001b[39m. \u001b[90mx1\u001b[39m"]
INFO 2014-12-11T19:29:56.655Z ["[Lighter] Styles routed to \u001b[36m/sly.css\u001b[39m. \u001b[90mx1\u001b[39m"]
ERROR 2014-12-11T19:29:56.659Z ["ReferenceError: asset is not defined\n    at init.self.(anonymous function).chug.require.each.instance (/Users/sam/Workspace/lighter/lib/app.js:517:39)\n    at init.module.exports.Waiter.extend.require (/Users/sam/Workspace/chug/lib/asset.js:366:16)\n    at /Users/sam/Workspace/chug/lib/Load.js:467:21\n    at Array.forEach (native)\n    at /Users/sam/Workspace/chug/lib/Load.js:192:21\n    at onceReadyEach (/Users/sam/Workspace/chug/lib/waiter.js:108:9)\n    at Array.forEach (native)\n    at onReady (/Users/sam/Workspace/chug/lib/waiter.js:107:27)\n    at unwait (/Users/sam/Workspace/chug/lib/waiter.js:75:12)\n    at unwaitParents (/Users/sam/Workspace/chug/lib/waiter.js:78:14)"]
INFO 2014-12-11T19:29:57.401Z ["[Lighter] Models loaded. \u001b[90mx0\u001b[39m"]
INFO 2014-12-11T19:29:57.409Z ["[Lighter] Scripts routed to \u001b[36m/sly.js\u001b[39m. \u001b[90mx1\u001b[39m"]
INFO 2014-12-11T19:29:57.409Z ["[Lighter] Styles routed to \u001b[36m/sly.css\u001b[39m. \u001b[90mx1\u001b[39m"]
ERROR 2014-12-11T19:29:57.413Z ["ReferenceError: asset is not defined\n    at init.self.(anonymous function).chug.require.each.instance (/Users/sam/Workspace/lighter/lib/app.js:517:39)\n    at init.module.exports.Waiter.extend.require (/Users/sam/Workspace/chug/lib/asset.js:366:16)\n    at /Users/sam/Workspace/chug/lib/Load.js:467:21\n    at Array.forEach (native)\n    at /Users/sam/Workspace/chug/lib/Load.js:192:21\n    at onceReadyEach (/Users/sam/Workspace/chug/lib/waiter.js:108:9)\n    at Array.forEach (native)\n    at onReady (/Users/sam/Workspace/chug/lib/waiter.js:107:27)\n    at unwait (/Users/sam/Workspace/chug/lib/waiter.js:75:12)\n    at unwaitParents (/Users/sam/Workspace/chug/lib/waiter.js:78:14)"]
INFO 2014-12-11T19:29:58.157Z ["[Lighter] Models loaded. \u001b[90mx0\u001b[39m"]
INFO 2014-12-11T19:29:58.165Z ["[Lighter] Scripts routed to \u001b[36m/sly.js\u001b[39m. \u001b[90mx1\u001b[39m"]
INFO 2014-12-11T19:29:58.166Z ["[Lighter] Styles routed to \u001b[36m/sly.css\u001b[39m. \u001b[90mx1\u001b[39m"]
ERROR 2014-12-11T19:29:58.170Z ["ReferenceError: asset is not defined\n    at init.self.(anonymous function).chug.require.each.instance (/Users/sam/Workspace/lighter/lib/app.js:517:39)\n    at init.module.exports.Waiter.extend.require (/Users/sam/Workspace/chug/lib/asset.js:366:16)\n    at /Users/sam/Workspace/chug/lib/Load.js:467:21\n    at Array.forEach (native)\n    at /Users/sam/Workspace/chug/lib/Load.js:192:21\n    at onceReadyEach (/Users/sam/Workspace/chug/lib/waiter.js:108:9)\n    at Array.forEach (native)\n    at onReady (/Users/sam/Workspace/chug/lib/waiter.js:107:27)\n    at unwait (/Users/sam/Workspace/chug/lib/waiter.js:75:12)\n    at unwaitParents (/Users/sam/Workspace/chug/lib/waiter.js:78:14)"]
INFO 2014-12-11T19:29:58.915Z ["[Lighter] Models loaded. \u001b[90mx0\u001b[39m"]
INFO 2014-12-11T19:29:58.924Z ["[Lighter] Scripts routed to \u001b[36m/sly.js\u001b[39m. \u001b[90mx1\u001b[39m"]
INFO 2014-12-11T19:29:58.924Z ["[Lighter] Styles routed to \u001b[36m/sly.css\u001b[39m. \u001b[90mx1\u001b[39m"]
ERROR 2014-12-11T19:29:58.928Z ["ReferenceError: asset is not defined\n    at init.self.(anonymous function).chug.require.each.instance (/Users/sam/Workspace/lighter/lib/app.js:517:39)\n    at init.module.exports.Waiter.extend.require (/Users/sam/Workspace/chug/lib/asset.js:366:16)\n    at /Users/sam/Workspace/chug/lib/Load.js:467:21\n    at Array.forEach (native)\n    at /Users/sam/Workspace/chug/lib/Load.js:192:21\n    at onceReadyEach (/Users/sam/Workspace/chug/lib/waiter.js:108:9)\n    at Array.forEach (native)\n    at onReady (/Users/sam/Workspace/chug/lib/waiter.js:107:27)\n    at unwait (/Users/sam/Workspace/chug/lib/waiter.js:75:12)\n    at unwaitParents (/Users/sam/Workspace/chug/lib/waiter.js:78:14)"]
INFO 2014-12-11T19:29:59.671Z ["[Lighter] Models loaded. \u001b[90mx0\u001b[39m"]
INFO 2014-12-11T19:29:59.679Z ["[Lighter] Scripts routed to \u001b[36m/sly.js\u001b[39m. \u001b[90mx1\u001b[39m"]
INFO 2014-12-11T19:29:59.679Z ["[Lighter] Styles routed to \u001b[36m/sly.css\u001b[39m. \u001b[90mx1\u001b[39m"]
ERROR 2014-12-11T19:29:59.683Z ["ReferenceError: asset is not defined\n    at init.self.(anonymous function).chug.require.each.instance (/Users/sam/Workspace/lighter/lib/app.js:517:39)\n    at init.module.exports.Waiter.extend.require (/Users/sam/Workspace/chug/lib/asset.js:366:16)\n    at /Users/sam/Workspace/chug/lib/Load.js:467:21\n    at Array.forEach (native)\n    at /Users/sam/Workspace/chug/lib/Load.js:192:21\n    at onceReadyEach (/Users/sam/Workspace/chug/lib/waiter.js:108:9)\n    at Array.forEach (native)\n    at onReady (/Users/sam/Workspace/chug/lib/waiter.js:107:27)\n    at unwait (/Users/sam/Workspace/chug/lib/waiter.js:75:12)\n    at unwaitParents (/Users/sam/Workspace/chug/lib/waiter.js:78:14)"]
