INFO 2014-11-13T20:45:36.705Z ["[D6] Views routed to \"/d6.js\"."]
INFO 2014-11-13T20:45:36.705Z ["[D6] Views routed to \"/d6.js\"."]
INFO 2014-11-13T20:45:36.705Z ["[D6] Views routed to \"/d6.js\"."]
INFO 2014-11-13T20:45:36.705Z ["[D6] Views routed to \"/d6.js\"."]
INFO 2014-11-13T20:45:36.706Z ["[D6] Views routed to \"/d6.js\"."]
INFO 2014-11-13T20:45:36.707Z ["[D6] Views routed to \"/d6.js\"."]
INFO 2014-11-13T20:45:36.707Z ["[D6] Views routed to \"/d6.js\"."]
INFO 2014-11-13T20:45:36.707Z ["[D6] Views routed to \"/d6.js\"."]
WARN 2014-11-13T20:45:37.723Z ["[Lighter] Exiting due to file change in \"node_modules/beams/package.json\"."]
WARN 2014-11-13T20:45:37.723Z ["[Lighter] Exiting due to file change in \"node_modules/beams/package.json\"."]
WARN 2014-11-13T20:45:37.723Z ["[Lighter] Exiting due to file change in \"node_modules/beams/package.json\"."]
WARN 2014-11-13T20:45:37.723Z ["[Lighter] Exiting due to file change in \"node_modules/beams/package.json\"."]
INFO 2014-11-13T20:45:39.022Z ["[Lighter] Models loaded. \u001b[90mx0\u001b[39m"]
INFO 2014-11-13T20:45:39.026Z ["[Lighter] Models loaded. \u001b[90mx0\u001b[39m"]
INFO 2014-11-13T20:45:39.029Z ["[Lighter] Models loaded. \u001b[90mx0\u001b[39m"]
INFO 2014-11-13T20:45:39.036Z ["[Lighter] Models loaded. \u001b[90mx0\u001b[39m"]
INFO 2014-11-13T20:45:39.036Z ["[Lighter] Models loaded. \u001b[90mx0\u001b[39m"]
INFO 2014-11-13T20:45:39.036Z ["[Lighter] Models loaded. \u001b[90mx0\u001b[39m"]
INFO 2014-11-13T20:45:39.037Z ["[Lighter] Models loaded. \u001b[90mx0\u001b[39m"]
INFO 2014-11-13T20:45:39.037Z ["[Lighter] Models loaded. \u001b[90mx0\u001b[39m"]
INFO 2014-11-13T20:45:39.043Z ["[Lighter] Scripts routed to \"/sly.js\". \u001b[90mx1\u001b[39m"]
INFO 2014-11-13T20:45:39.046Z ["[Lighter] Styles routed to \"/sly.css\". \u001b[90mx1\u001b[39m"]
INFO 2014-11-13T20:45:39.047Z ["[Lighter] Scripts routed to \"/sly.js\". \u001b[90mx1\u001b[39m"]
INFO 2014-11-13T20:45:39.048Z ["[Lighter] Styles routed to \"/sly.css\". \u001b[90mx1\u001b[39m"]
INFO 2014-11-13T20:45:39.048Z ["[Lighter] Scripts routed to \"/sly.js\". \u001b[90mx1\u001b[39m"]
INFO 2014-11-13T20:45:39.049Z ["[Lighter] Styles routed to \"/sly.css\". \u001b[90mx1\u001b[39m"]
INFO 2014-11-13T20:45:39.049Z ["[Lighter] Controllers loaded. \u001b[90mx2\u001b[39m"]
INFO 2014-11-13T20:45:39.050Z ["[Lighter] Scripts routed to \"/sly.js\". \u001b[90mx1\u001b[39m"]
INFO 2014-11-13T20:45:39.051Z ["[Lighter] Controllers loaded. \u001b[90mx2\u001b[39m"]
INFO 2014-11-13T20:45:39.052Z ["[Lighter] Styles routed to \"/sly.css\". \u001b[90mx1\u001b[39m"]
INFO 2014-11-13T20:45:39.052Z ["[Lighter] Controllers loaded. \u001b[90mx2\u001b[39m"]
INFO 2014-11-13T20:45:39.053Z ["[Lighter] Scripts routed to \"/sly.js\". \u001b[90mx1\u001b[39m"]
INFO 2014-11-13T20:45:39.054Z ["[Lighter] Scripts routed to \"/sly.js\". \u001b[90mx1\u001b[39m"]
INFO 2014-11-13T20:45:39.054Z ["[Lighter] Scripts routed to \"/sly.js\". \u001b[90mx1\u001b[39m"]
INFO 2014-11-13T20:45:39.054Z ["[Lighter] Styles routed to \"/sly.css\". \u001b[90mx1\u001b[39m"]
INFO 2014-11-13T20:45:39.055Z ["[Lighter] Controllers loaded. \u001b[90mx2\u001b[39m"]
INFO 2014-11-13T20:45:39.055Z ["[Lighter] Styles routed to \"/sly.css\". \u001b[90mx1\u001b[39m"]
INFO 2014-11-13T20:45:39.055Z ["[Lighter] Styles routed to \"/sly.css\". \u001b[90mx1\u001b[39m"]
INFO 2014-11-13T20:45:39.055Z ["[Lighter] Scripts routed to \"/sly.js\". \u001b[90mx1\u001b[39m"]
INFO 2014-11-13T20:45:39.057Z ["[Lighter] Controllers loaded. \u001b[90mx2\u001b[39m"]
INFO 2014-11-13T20:45:39.057Z ["[Lighter] Styles routed to \"/sly.css\". \u001b[90mx1\u001b[39m"]
INFO 2014-11-13T20:45:39.057Z ["[Lighter] Controllers loaded. \u001b[90mx2\u001b[39m"]
INFO 2014-11-13T20:45:39.058Z ["[Lighter] Controllers loaded. \u001b[90mx2\u001b[39m"]
INFO 2014-11-13T20:45:39.060Z ["[Lighter] Controllers loaded. \u001b[90mx2\u001b[39m"]
INFO 2014-11-13T20:45:39.072Z ["[Lighter] Scripts routed to \"/a.js\". \u001b[90mx1\u001b[39m"]
INFO 2014-11-13T20:45:39.073Z ["[Lighter] Scripts routed to \"/a.js\". \u001b[90mx1\u001b[39m"]
INFO 2014-11-13T20:45:39.078Z ["[Lighter] Styles routed to \"/a.css\". \u001b[90mx1\u001b[39m"]
INFO 2014-11-13T20:45:39.079Z ["[Lighter] Scripts routed to \"/a.js\". \u001b[90mx1\u001b[39m"]
INFO 2014-11-13T20:45:39.080Z ["[Lighter] Styles routed to \"/a.css\". \u001b[90mx1\u001b[39m"]
INFO 2014-11-13T20:45:39.081Z ["[Lighter] Scripts routed to \"/a.js\". \u001b[90mx1\u001b[39m"]
INFO 2014-11-13T20:45:39.087Z ["[Lighter] Styles routed to \"/a.css\". \u001b[90mx1\u001b[39m"]
INFO 2014-11-13T20:45:39.089Z ["[Lighter] Scripts routed to \"/a.js\". \u001b[90mx1\u001b[39m"]
INFO 2014-11-13T20:45:39.093Z ["[Lighter] Styles routed to \"/a.css\". \u001b[90mx1\u001b[39m"]
INFO 2014-11-13T20:45:39.093Z ["[Lighter] Scripts routed to \"/a.js\". \u001b[90mx1\u001b[39m"]
INFO 2014-11-13T20:45:39.096Z ["[Lighter] Scripts routed to \"/a.js\". \u001b[90mx1\u001b[39m"]
INFO 2014-11-13T20:45:39.107Z ["[Lighter] Scripts routed to \"/a.js\". \u001b[90mx1\u001b[39m"]
INFO 2014-11-13T20:45:39.112Z ["[Lighter] Styles routed to \"/a.css\". \u001b[90mx1\u001b[39m"]
INFO 2014-11-13T20:45:39.113Z ["[Lighter] Styles routed to \"/a.css\". \u001b[90mx1\u001b[39m"]
INFO 2014-11-13T20:45:39.128Z ["[Lighter] Styles routed to \"/a.css\". \u001b[90mx1\u001b[39m"]
INFO 2014-11-13T20:45:39.133Z ["[Lighter] Styles routed to \"/a.css\". \u001b[90mx1\u001b[39m"]
INFO 2014-11-13T20:45:41.092Z ["[Lighter] Publics loaded. \u001b[90mx48\u001b[39m"]
INFO 2014-11-13T20:45:41.159Z ["[Lighter] Publics loaded. \u001b[90mx48\u001b[39m"]
INFO 2014-11-13T20:45:41.184Z ["[Lighter] Publics loaded. \u001b[90mx48\u001b[39m"]
INFO 2014-11-13T20:45:41.398Z ["[Lighter] Publics loaded. \u001b[90mx48\u001b[39m"]
INFO 2014-11-13T20:45:42.599Z ["[Lighter] Views loaded. \u001b[90mx30\u001b[39m"]
INFO 2014-11-13T20:45:42.981Z ["[Lighter] Views loaded. \u001b[90mx30\u001b[39m"]
INFO 2014-11-13T20:45:42.995Z ["[Lighter] Views loaded. \u001b[90mx30\u001b[39m"]
INFO 2014-11-13T20:45:43.006Z ["[Lighter] Publics loaded. \u001b[90mx48\u001b[39m"]
INFO 2014-11-13T20:45:43.039Z ["[Lighter] Views loaded. \u001b[90mx30\u001b[39m"]
INFO 2014-11-13T20:45:43.043Z ["[D6] Views routed to \"/d6.js\"."]
INFO 2014-11-13T20:45:43.076Z ["[Lighter] Views loaded. \u001b[90mx30\u001b[39m"]
INFO 2014-11-13T20:45:43.090Z ["[Lighter] Publics loaded. \u001b[90mx48\u001b[39m"]
INFO 2014-11-13T20:45:43.096Z ["[Lighter] Publics loaded. \u001b[90mx48\u001b[39m"]
INFO 2014-11-13T20:45:43.108Z ["[D6] Views routed to \"/d6.js\"."]
INFO 2014-11-13T20:45:43.122Z ["[D6] Views routed to \"/d6.js\"."]
INFO 2014-11-13T20:45:43.123Z ["[D6] Views routed to \"/d6.js\"."]
INFO 2014-11-13T20:45:43.131Z ["[Lighter] Views loaded. \u001b[90mx30\u001b[39m"]
INFO 2014-11-13T20:45:43.135Z ["[Lighter] Publics loaded. \u001b[90mx48\u001b[39m"]
INFO 2014-11-13T20:45:43.154Z ["[D6] Views routed to \"/d6.js\"."]
INFO 2014-11-13T20:45:43.156Z ["[D6] Views routed to \"/d6.js\"."]
INFO 2014-11-13T20:45:43.171Z ["[Lighter] Views loaded. \u001b[90mx30\u001b[39m"]
INFO 2014-11-13T20:45:43.190Z ["[D6] Views routed to \"/d6.js\"."]
INFO 2014-11-13T20:45:43.283Z ["[Lighter] Views loaded. \u001b[90mx30\u001b[39m"]
INFO 2014-11-13T20:45:43.301Z ["[D6] Views routed to \"/d6.js\"."]
INFO 2014-11-13T20:45:47.924Z ["[D6] Views routed to \"/d6.js\"."]
INFO 2014-11-13T20:45:47.924Z ["[D6] Views routed to \"/d6.js\"."]
INFO 2014-11-13T20:45:47.924Z ["[D6] Views routed to \"/d6.js\"."]
INFO 2014-11-13T20:45:47.925Z ["[D6] Views routed to \"/d6.js\"."]
INFO 2014-11-13T20:45:47.927Z ["[D6] Views routed to \"/d6.js\"."]
INFO 2014-11-13T20:45:47.927Z ["[D6] Views routed to \"/d6.js\"."]
INFO 2014-11-13T20:45:47.927Z ["[D6] Views routed to \"/d6.js\"."]
INFO 2014-11-13T20:45:47.930Z ["[D6] Views routed to \"/d6.js\"."]
WARN 2014-11-13T20:45:48.934Z ["[Lighter] Exiting due to file change in \"node_modules/aloha/package.json\"."]
WARN 2014-11-13T20:45:48.934Z ["[Lighter] Exiting due to file change in \"node_modules/aloha/package.json\"."]
WARN 2014-11-13T20:45:48.934Z ["[Lighter] Exiting due to file change in \"node_modules/aloha/package.json\"."]
WARN 2014-11-13T20:45:48.934Z ["[Lighter] Exiting due to file change in \"node_modules/aloha/package.json\"."]
INFO 2014-11-13T20:45:50.161Z ["[Lighter] Models loaded. \u001b[90mx0\u001b[39m"]
INFO 2014-11-13T20:45:50.170Z ["[Lighter] Models loaded. \u001b[90mx0\u001b[39m"]
INFO 2014-11-13T20:45:50.170Z ["[Lighter] Models loaded. \u001b[90mx0\u001b[39m"]
INFO 2014-11-13T20:45:50.187Z ["[Lighter] Scripts routed to \"/sly.js\". \u001b[90mx1\u001b[39m"]
INFO 2014-11-13T20:45:50.188Z ["[Lighter] Styles routed to \"/sly.css\". \u001b[90mx1\u001b[39m"]
INFO 2014-11-13T20:45:50.188Z ["[Lighter] Models loaded. \u001b[90mx0\u001b[39m"]
INFO 2014-11-13T20:45:50.193Z ["[Lighter] Models loaded. \u001b[90mx0\u001b[39m"]
INFO 2014-11-13T20:45:50.194Z ["[Lighter] Scripts routed to \"/sly.js\". \u001b[90mx1\u001b[39m"]
INFO 2014-11-13T20:45:50.195Z ["[Lighter] Scripts routed to \"/sly.js\". \u001b[90mx1\u001b[39m"]
INFO 2014-11-13T20:45:50.196Z ["[Lighter] Styles routed to \"/sly.css\". \u001b[90mx1\u001b[39m"]
INFO 2014-11-13T20:45:50.197Z ["[Lighter] Controllers loaded. \u001b[90mx2\u001b[39m"]
INFO 2014-11-13T20:45:50.198Z ["[Lighter] Controllers loaded. \u001b[90mx2\u001b[39m"]
INFO 2014-11-13T20:45:50.199Z ["[Lighter] Styles routed to \"/sly.css\". \u001b[90mx1\u001b[39m"]
INFO 2014-11-13T20:45:50.203Z ["[Lighter] Models loaded. \u001b[90mx0\u001b[39m"]
INFO 2014-11-13T20:45:50.204Z ["[Lighter] Models loaded. \u001b[90mx0\u001b[39m"]
INFO 2014-11-13T20:45:50.207Z ["[Lighter] Controllers loaded. \u001b[90mx2\u001b[39m"]
INFO 2014-11-13T20:45:50.212Z ["[Lighter] Models loaded. \u001b[90mx0\u001b[39m"]
INFO 2014-11-13T20:45:50.213Z ["[Lighter] Scripts routed to \"/sly.js\". \u001b[90mx1\u001b[39m"]
INFO 2014-11-13T20:45:50.214Z ["[Lighter] Styles routed to \"/sly.css\". \u001b[90mx1\u001b[39m"]
INFO 2014-11-13T20:45:50.218Z ["[Lighter] Scripts routed to \"/sly.js\". \u001b[90mx1\u001b[39m"]
INFO 2014-11-13T20:45:50.218Z ["[Lighter] Controllers loaded. \u001b[90mx2\u001b[39m"]
INFO 2014-11-13T20:45:50.219Z ["[Lighter] Scripts routed to \"/sly.js\". \u001b[90mx1\u001b[39m"]
INFO 2014-11-13T20:45:50.221Z ["[Lighter] Styles routed to \"/sly.css\". \u001b[90mx1\u001b[39m"]
INFO 2014-11-13T20:45:50.222Z ["[Lighter] Styles routed to \"/sly.css\". \u001b[90mx1\u001b[39m"]
INFO 2014-11-13T20:45:50.223Z ["[Lighter] Scripts routed to \"/sly.js\". \u001b[90mx1\u001b[39m"]
INFO 2014-11-13T20:45:50.224Z ["[Lighter] Styles routed to \"/sly.css\". \u001b[90mx1\u001b[39m"]
INFO 2014-11-13T20:45:50.224Z ["[Lighter] Controllers loaded. \u001b[90mx2\u001b[39m"]
INFO 2014-11-13T20:45:50.226Z ["[Lighter] Controllers loaded. \u001b[90mx2\u001b[39m"]
INFO 2014-11-13T20:45:50.227Z ["[Lighter] Controllers loaded. \u001b[90mx2\u001b[39m"]
INFO 2014-11-13T20:45:50.235Z ["[Lighter] Scripts routed to \"/a.js\". \u001b[90mx1\u001b[39m"]
INFO 2014-11-13T20:45:50.240Z ["[Lighter] Scripts routed to \"/sly.js\". \u001b[90mx1\u001b[39m"]
INFO 2014-11-13T20:45:50.248Z ["[Lighter] Scripts routed to \"/a.js\". \u001b[90mx1\u001b[39m"]
INFO 2014-11-13T20:45:50.257Z ["[Lighter] Styles routed to \"/a.css\". \u001b[90mx1\u001b[39m"]
INFO 2014-11-13T20:45:50.258Z ["[Lighter] Scripts routed to \"/a.js\". \u001b[90mx1\u001b[39m"]
INFO 2014-11-13T20:45:50.270Z ["[Lighter] Styles routed to \"/a.css\". \u001b[90mx1\u001b[39m"]
INFO 2014-11-13T20:45:50.274Z ["[Lighter] Styles routed to \"/sly.css\". \u001b[90mx1\u001b[39m"]
INFO 2014-11-13T20:45:50.286Z ["[Lighter] Scripts routed to \"/a.js\". \u001b[90mx1\u001b[39m"]
INFO 2014-11-13T20:45:50.289Z ["[Lighter] Styles routed to \"/a.css\". \u001b[90mx1\u001b[39m"]
INFO 2014-11-13T20:45:50.292Z ["[Lighter] Styles routed to \"/a.css\". \u001b[90mx1\u001b[39m"]
INFO 2014-11-13T20:45:50.296Z ["[Lighter] Scripts routed to \"/a.js\". \u001b[90mx1\u001b[39m"]
INFO 2014-11-13T20:45:50.298Z ["[Lighter] Styles routed to \"/a.css\". \u001b[90mx1\u001b[39m"]
INFO 2014-11-13T20:45:50.300Z ["[Lighter] Controllers loaded. \u001b[90mx2\u001b[39m"]
INFO 2014-11-13T20:45:50.301Z ["[Lighter] Scripts routed to \"/a.js\". \u001b[90mx1\u001b[39m"]
INFO 2014-11-13T20:45:50.308Z ["[Lighter] Scripts routed to \"/a.js\". \u001b[90mx1\u001b[39m"]
INFO 2014-11-13T20:45:50.317Z ["[Lighter] Styles routed to \"/a.css\". \u001b[90mx1\u001b[39m"]
INFO 2014-11-13T20:45:50.331Z ["[Lighter] Scripts routed to \"/a.js\". \u001b[90mx1\u001b[39m"]
INFO 2014-11-13T20:45:50.333Z ["[Lighter] Styles routed to \"/a.css\". \u001b[90mx1\u001b[39m"]
INFO 2014-11-13T20:45:50.351Z ["[Lighter] Styles routed to \"/a.css\". \u001b[90mx1\u001b[39m"]
INFO 2014-11-13T20:45:52.332Z ["[Lighter] Publics loaded. \u001b[90mx48\u001b[39m"]
INFO 2014-11-13T20:45:52.338Z ["[Lighter] Publics loaded. \u001b[90mx48\u001b[39m"]
INFO 2014-11-13T20:45:52.382Z ["[Lighter] Publics loaded. \u001b[90mx48\u001b[39m"]
INFO 2014-11-13T20:45:54.101Z ["[Lighter] Views loaded. \u001b[90mx30\u001b[39m"]
INFO 2014-11-13T20:45:54.106Z ["[Lighter] Views loaded. \u001b[90mx30\u001b[39m"]
INFO 2014-11-13T20:45:54.234Z ["[Lighter] Views loaded. \u001b[90mx30\u001b[39m"]
INFO 2014-11-13T20:45:54.250Z ["[Lighter] Views loaded. \u001b[90mx30\u001b[39m"]
INFO 2014-11-13T20:45:54.331Z ["[Lighter] Views loaded. \u001b[90mx30\u001b[39m"]
INFO 2014-11-13T20:45:54.364Z ["[Lighter] Publics loaded. \u001b[90mx48\u001b[39m"]
INFO 2014-11-13T20:45:54.366Z ["[Lighter] Views loaded. \u001b[90mx30\u001b[39m"]
INFO 2014-11-13T20:45:54.400Z ["[Lighter] Publics loaded. \u001b[90mx48\u001b[39m"]
INFO 2014-11-13T20:45:54.410Z ["[Lighter] Publics loaded. \u001b[90mx48\u001b[39m"]
INFO 2014-11-13T20:45:54.425Z ["[D6] Views routed to \"/d6.js\"."]
INFO 2014-11-13T20:45:54.426Z ["[D6] Views routed to \"/d6.js\"."]
INFO 2014-11-13T20:45:54.427Z ["[Lighter] Views loaded. \u001b[90mx30\u001b[39m"]
INFO 2014-11-13T20:45:54.443Z ["[D6] Views routed to \"/d6.js\"."]
INFO 2014-11-13T20:45:54.448Z ["[Lighter] Publics loaded. \u001b[90mx48\u001b[39m"]
INFO 2014-11-13T20:45:54.449Z ["[D6] Views routed to \"/d6.js\"."]
INFO 2014-11-13T20:45:54.457Z ["[D6] Views routed to \"/d6.js\"."]
INFO 2014-11-13T20:45:54.466Z ["[Lighter] Publics loaded. \u001b[90mx48\u001b[39m"]
INFO 2014-11-13T20:45:54.470Z ["[D6] Views routed to \"/d6.js\"."]
INFO 2014-11-13T20:45:54.486Z ["[D6] Views routed to \"/d6.js\"."]
INFO 2014-11-13T20:45:54.490Z ["[Lighter] Views loaded. \u001b[90mx30\u001b[39m"]
INFO 2014-11-13T20:45:54.508Z ["[D6] Views routed to \"/d6.js\"."]
