INFO 2014-11-13T20:36:00.088Z ["[Lighter] Publics loaded. \u001b[90mx48\u001b[39m"]
INFO 2014-11-13T20:36:00.112Z ["[Lighter] Publics loaded. \u001b[90mx48\u001b[39m"]
INFO 2014-11-13T20:36:00.128Z ["[Lighter] Publics loaded. \u001b[90mx48\u001b[39m"]
INFO 2014-11-13T20:36:00.227Z ["[Lighter] Publics loaded. \u001b[90mx48\u001b[39m"]
INFO 2014-11-13T20:36:00.297Z ["[Lighter] Publics loaded. \u001b[90mx48\u001b[39m"]
INFO 2014-11-13T20:36:01.528Z ["[Lighter] Views loaded. \u001b[90mx30\u001b[39m"]
INFO 2014-11-13T20:36:01.870Z ["[Lighter] Publics loaded. \u001b[90mx48\u001b[39m"]
INFO 2014-11-13T20:36:01.922Z ["[Lighter] Views loaded. \u001b[90mx30\u001b[39m"]
INFO 2014-11-13T20:36:01.964Z ["[D6] Views routed to \"/d6.js\"."]
INFO 2014-11-13T20:36:01.981Z ["[Lighter] Views loaded. \u001b[90mx30\u001b[39m"]
INFO 2014-11-13T20:36:02.045Z ["[Lighter] Views loaded. \u001b[90mx30\u001b[39m"]
INFO 2014-11-13T20:36:02.047Z ["[Lighter] Publics loaded. \u001b[90mx48\u001b[39m"]
INFO 2014-11-13T20:36:02.077Z ["[D6] Views routed to \"/d6.js\"."]
INFO 2014-11-13T20:36:02.084Z ["[D6] Views routed to \"/d6.js\"."]
INFO 2014-11-13T20:36:02.100Z ["[Lighter] Publics loaded. \u001b[90mx48\u001b[39m"]
INFO 2014-11-13T20:36:02.102Z ["[Lighter] Views loaded. \u001b[90mx30\u001b[39m"]
INFO 2014-11-13T20:36:02.107Z ["[Lighter] Views loaded. \u001b[90mx30\u001b[39m"]
INFO 2014-11-13T20:36:02.134Z ["[D6] Views routed to \"/d6.js\"."]
INFO 2014-11-13T20:36:02.137Z ["[D6] Views routed to \"/d6.js\"."]
INFO 2014-11-13T20:36:02.139Z ["[D6] Views routed to \"/d6.js\"."]
INFO 2014-11-13T20:36:02.146Z ["[Lighter] Views loaded. \u001b[90mx30\u001b[39m"]
INFO 2014-11-13T20:36:02.163Z ["[D6] Views routed to \"/d6.js\"."]
INFO 2014-11-13T20:36:02.179Z ["[Lighter] Views loaded. \u001b[90mx30\u001b[39m"]
INFO 2014-11-13T20:36:02.199Z ["[D6] Views routed to \"/d6.js\"."]
INFO 2014-11-13T20:36:18.299Z ["[D6] Views routed to \"/d6.js\"."]
INFO 2014-11-13T20:36:18.300Z ["[D6] Views routed to \"/d6.js\"."]
INFO 2014-11-13T20:36:18.301Z ["[D6] Views routed to \"/d6.js\"."]
INFO 2014-11-13T20:36:18.302Z ["[D6] Views routed to \"/d6.js\"."]
INFO 2014-11-13T20:36:18.303Z ["[D6] Views routed to \"/d6.js\"."]
INFO 2014-11-13T20:36:18.304Z ["[D6] Views routed to \"/d6.js\"."]
INFO 2014-11-13T20:36:18.312Z ["[D6] Views routed to \"/d6.js\"."]
INFO 2014-11-13T20:36:18.313Z ["[D6] Views routed to \"/d6.js\"."]
WARN 2014-11-13T20:36:19.534Z ["[Lighter] Exiting due to file change in \"node_modules/beams/package.json\"."]
WARN 2014-11-13T20:36:19.534Z ["[Lighter] Exiting due to file change in \"node_modules/beams/package.json\"."]
WARN 2014-11-13T20:36:19.534Z ["[Lighter] Exiting due to file change in \"node_modules/beams/package.json\"."]
WARN 2014-11-13T20:36:19.534Z ["[Lighter] Exiting due to file change in \"node_modules/beams/package.json\"."]
WARN 2014-11-13T20:36:19.534Z ["[Lighter] Exiting due to file change in \"node_modules/beams/package.json\"."]
WARN 2014-11-13T20:36:19.534Z ["[Lighter] Exiting due to file change in \"node_modules/beams/package.json\"."]
WARN 2014-11-13T20:36:19.534Z ["[Lighter] Exiting due to file change in \"node_modules/beams/package.json\"."]
WARN 2014-11-13T20:36:19.534Z ["[Lighter] Exiting due to file change in \"node_modules/beams/package.json\"."]
ERROR 2014-11-13T20:36:19.560Z ["Worker 61131 died."]
INFO 2014-11-13T20:36:20.748Z ["[Lighter] Models loaded. \u001b[90mx0\u001b[39m"]
INFO 2014-11-13T20:36:20.764Z ["[Lighter] Scripts routed to \"/sly.js\". \u001b[90mx1\u001b[39m"]
INFO 2014-11-13T20:36:20.770Z ["[Lighter] Styles routed to \"/sly.css\". \u001b[90mx1\u001b[39m"]
INFO 2014-11-13T20:36:20.774Z ["[Lighter] Controllers loaded. \u001b[90mx2\u001b[39m"]
INFO 2014-11-13T20:36:20.791Z ["[Lighter] Models loaded. \u001b[90mx0\u001b[39m"]
INFO 2014-11-13T20:36:20.792Z ["[Lighter] Models loaded. \u001b[90mx0\u001b[39m"]
INFO 2014-11-13T20:36:20.803Z ["[Lighter] Models loaded. \u001b[90mx0\u001b[39m"]
INFO 2014-11-13T20:36:20.804Z ["[Lighter] Models loaded. \u001b[90mx0\u001b[39m"]
INFO 2014-11-13T20:36:20.809Z ["[Lighter] Models loaded. \u001b[90mx0\u001b[39m"]
INFO 2014-11-13T20:36:20.810Z ["[Lighter] Models loaded. \u001b[90mx0\u001b[39m"]
INFO 2014-11-13T20:36:20.810Z ["[Lighter] Scripts routed to \"/sly.js\". \u001b[90mx1\u001b[39m"]
INFO 2014-11-13T20:36:20.811Z ["[Lighter] Styles routed to \"/sly.css\". \u001b[90mx1\u001b[39m"]
INFO 2014-11-13T20:36:20.811Z ["[Lighter] Scripts routed to \"/sly.js\". \u001b[90mx1\u001b[39m"]
INFO 2014-11-13T20:36:20.812Z ["[Lighter] Styles routed to \"/sly.css\". \u001b[90mx1\u001b[39m"]
INFO 2014-11-13T20:36:20.813Z ["[Lighter] Controllers loaded. \u001b[90mx2\u001b[39m"]
INFO 2014-11-13T20:36:20.814Z ["[Lighter] Controllers loaded. \u001b[90mx2\u001b[39m"]
INFO 2014-11-13T20:36:20.816Z ["[Lighter] Scripts routed to \"/a.js\". \u001b[90mx1\u001b[39m"]
INFO 2014-11-13T20:36:20.820Z ["[Lighter] Models loaded. \u001b[90mx0\u001b[39m"]
INFO 2014-11-13T20:36:20.826Z ["[Lighter] Styles routed to \"/a.css\". \u001b[90mx1\u001b[39m"]
INFO 2014-11-13T20:36:20.827Z ["[Lighter] Scripts routed to \"/sly.js\". \u001b[90mx1\u001b[39m"]
INFO 2014-11-13T20:36:20.830Z ["[Lighter] Scripts routed to \"/sly.js\". \u001b[90mx1\u001b[39m"]
INFO 2014-11-13T20:36:20.830Z ["[Lighter] Styles routed to \"/sly.css\". \u001b[90mx1\u001b[39m"]
INFO 2014-11-13T20:36:20.833Z ["[Lighter] Styles routed to \"/sly.css\". \u001b[90mx1\u001b[39m"]
INFO 2014-11-13T20:36:20.836Z ["[Lighter] Scripts routed to \"/sly.js\". \u001b[90mx1\u001b[39m"]
INFO 2014-11-13T20:36:20.836Z ["[Lighter] Controllers loaded. \u001b[90mx2\u001b[39m"]
INFO 2014-11-13T20:36:20.837Z ["[Lighter] Controllers loaded. \u001b[90mx2\u001b[39m"]
INFO 2014-11-13T20:36:20.837Z ["[Lighter] Styles routed to \"/sly.css\". \u001b[90mx1\u001b[39m"]
INFO 2014-11-13T20:36:20.840Z ["[Lighter] Controllers loaded. \u001b[90mx2\u001b[39m"]
INFO 2014-11-13T20:36:20.840Z ["[Lighter] Scripts routed to \"/sly.js\". \u001b[90mx1\u001b[39m"]
INFO 2014-11-13T20:36:20.841Z ["[Lighter] Styles routed to \"/sly.css\". \u001b[90mx1\u001b[39m"]
INFO 2014-11-13T20:36:20.844Z ["[Lighter] Controllers loaded. \u001b[90mx2\u001b[39m"]
INFO 2014-11-13T20:36:20.844Z ["[Lighter] Scripts routed to \"/sly.js\". \u001b[90mx1\u001b[39m"]
INFO 2014-11-13T20:36:20.845Z ["[Lighter] Styles routed to \"/sly.css\". \u001b[90mx1\u001b[39m"]
INFO 2014-11-13T20:36:20.849Z ["[Lighter] Controllers loaded. \u001b[90mx2\u001b[39m"]
INFO 2014-11-13T20:36:20.854Z ["[Lighter] Scripts routed to \"/a.js\". \u001b[90mx1\u001b[39m"]
INFO 2014-11-13T20:36:20.863Z ["[Lighter] Styles routed to \"/a.css\". \u001b[90mx1\u001b[39m"]
INFO 2014-11-13T20:36:20.868Z ["[Lighter] Scripts routed to \"/a.js\". \u001b[90mx1\u001b[39m"]
INFO 2014-11-13T20:36:20.871Z ["[Lighter] Scripts routed to \"/a.js\". \u001b[90mx1\u001b[39m"]
INFO 2014-11-13T20:36:20.872Z ["[Lighter] Scripts routed to \"/a.js\". \u001b[90mx1\u001b[39m"]
INFO 2014-11-13T20:36:20.873Z ["[Lighter] Styles routed to \"/a.css\". \u001b[90mx1\u001b[39m"]
INFO 2014-11-13T20:36:20.877Z ["[Lighter] Styles routed to \"/a.css\". \u001b[90mx1\u001b[39m"]
INFO 2014-11-13T20:36:20.880Z ["[Lighter] Scripts routed to \"/a.js\". \u001b[90mx1\u001b[39m"]
INFO 2014-11-13T20:36:20.888Z ["[Lighter] Scripts routed to \"/a.js\". \u001b[90mx1\u001b[39m"]
INFO 2014-11-13T20:36:20.894Z ["[Lighter] Scripts routed to \"/a.js\". \u001b[90mx1\u001b[39m"]
INFO 2014-11-13T20:36:20.896Z ["[Lighter] Styles routed to \"/a.css\". \u001b[90mx1\u001b[39m"]
INFO 2014-11-13T20:36:20.898Z ["[Lighter] Styles routed to \"/a.css\". \u001b[90mx1\u001b[39m"]
INFO 2014-11-13T20:36:20.905Z ["[Lighter] Styles routed to \"/a.css\". \u001b[90mx1\u001b[39m"]
INFO 2014-11-13T20:36:20.929Z ["[Lighter] Styles routed to \"/a.css\". \u001b[90mx1\u001b[39m"]
INFO 2014-11-13T20:36:22.880Z ["[Lighter] Views loaded. \u001b[90mx30\u001b[39m"]
INFO 2014-11-13T20:36:22.907Z ["[Lighter] Publics loaded. \u001b[90mx48\u001b[39m"]
INFO 2014-11-13T20:36:22.966Z ["[Lighter] Publics loaded. \u001b[90mx48\u001b[39m"]
INFO 2014-11-13T20:36:23.012Z ["[Lighter] Publics loaded. \u001b[90mx48\u001b[39m"]
INFO 2014-11-13T20:36:23.015Z ["[Lighter] Publics loaded. \u001b[90mx48\u001b[39m"]
INFO 2014-11-13T20:36:23.018Z ["[Lighter] Publics loaded. \u001b[90mx48\u001b[39m"]
INFO 2014-11-13T20:36:24.645Z ["[Lighter] Views loaded. \u001b[90mx30\u001b[39m"]
INFO 2014-11-13T20:36:24.806Z ["[Lighter] Views loaded. \u001b[90mx30\u001b[39m"]
INFO 2014-11-13T20:36:24.895Z ["[Lighter] Publics loaded. \u001b[90mx48\u001b[39m"]
INFO 2014-11-13T20:36:24.919Z ["[Lighter] Publics loaded. \u001b[90mx48\u001b[39m"]
INFO 2014-11-13T20:36:24.962Z ["[D6] Views routed to \"/d6.js\"."]
INFO 2014-11-13T20:36:24.977Z ["[D6] Views routed to \"/d6.js\"."]
INFO 2014-11-13T20:36:24.993Z ["[Lighter] Views loaded. \u001b[90mx30\u001b[39m"]
INFO 2014-11-13T20:36:24.997Z ["[Lighter] Views loaded. \u001b[90mx30\u001b[39m"]
INFO 2014-11-13T20:36:25.033Z ["[Lighter] Publics loaded. \u001b[90mx48\u001b[39m"]
INFO 2014-11-13T20:36:25.035Z ["[D6] Views routed to \"/d6.js\"."]
INFO 2014-11-13T20:36:25.036Z ["[D6] Views routed to \"/d6.js\"."]
INFO 2014-11-13T20:36:25.049Z ["[Lighter] Views loaded. \u001b[90mx30\u001b[39m"]
INFO 2014-11-13T20:36:25.056Z ["[D6] Views routed to \"/d6.js\"."]
INFO 2014-11-13T20:36:25.071Z ["[Lighter] Views loaded. \u001b[90mx30\u001b[39m"]
INFO 2014-11-13T20:36:25.071Z ["[D6] Views routed to \"/d6.js\"."]
INFO 2014-11-13T20:36:25.080Z ["[Lighter] Views loaded. \u001b[90mx30\u001b[39m"]
INFO 2014-11-13T20:36:25.090Z ["[D6] Views routed to \"/d6.js\"."]
INFO 2014-11-13T20:36:25.101Z ["[D6] Views routed to \"/d6.js\"."]
INFO 2014-11-13T20:36:40.752Z ["[D6] Views routed to \"/d6.js\"."]
INFO 2014-11-13T20:36:40.752Z ["[D6] Views routed to \"/d6.js\"."]
INFO 2014-11-13T20:36:40.752Z ["[D6] Views routed to \"/d6.js\"."]
INFO 2014-11-13T20:36:40.752Z ["[D6] Views routed to \"/d6.js\"."]
INFO 2014-11-13T20:36:40.753Z ["[D6] Views routed to \"/d6.js\"."]
INFO 2014-11-13T20:36:40.753Z ["[D6] Views routed to \"/d6.js\"."]
INFO 2014-11-13T20:36:40.758Z ["[D6] Views routed to \"/d6.js\"."]
INFO 2014-11-13T20:36:40.762Z ["[D6] Views routed to \"/d6.js\"."]
WARN 2014-11-13T20:36:41.848Z ["[Lighter] Exiting due to file change in \"node_modules/beams/package.json\"."]
WARN 2014-11-13T20:36:41.848Z ["[Lighter] Exiting due to file change in \"node_modules/beams/package.json\"."]
WARN 2014-11-13T20:36:41.848Z ["[Lighter] Exiting due to file change in \"node_modules/beams/package.json\"."]
WARN 2014-11-13T20:36:41.849Z ["[Lighter] Exiting due to file change in \"node_modules/beams/package.json\"."]
WARN 2014-11-13T20:36:41.849Z ["[Lighter] Exiting due to file change in \"node_modules/beams/package.json\"."]
WARN 2014-11-13T20:36:41.849Z ["[Lighter] Exiting due to file change in \"node_modules/beams/package.json\"."]
WARN 2014-11-13T20:36:41.849Z ["[Lighter] Exiting due to file change in \"node_modules/beams/package.json\"."]
WARN 2014-11-13T20:36:41.849Z ["[Lighter] Exiting due to file change in \"node_modules/beams/package.json\"."]
INFO 2014-11-13T20:36:43.063Z ["[Lighter] Models loaded. \u001b[90mx0\u001b[39m"]
INFO 2014-11-13T20:36:43.064Z ["[Lighter] Models loaded. \u001b[90mx0\u001b[39m"]
INFO 2014-11-13T20:36:43.065Z ["[Lighter] Models loaded. \u001b[90mx0\u001b[39m"]
INFO 2014-11-13T20:36:43.071Z ["[Lighter] Models loaded. \u001b[90mx0\u001b[39m"]
INFO 2014-11-13T20:36:43.072Z ["[Lighter] Models loaded. \u001b[90mx0\u001b[39m"]
INFO 2014-11-13T20:36:43.072Z ["[Lighter] Models loaded. \u001b[90mx0\u001b[39m"]
INFO 2014-11-13T20:36:43.072Z ["[Lighter] Models loaded. \u001b[90mx0\u001b[39m"]
INFO 2014-11-13T20:36:43.080Z ["[Lighter] Scripts routed to \"/sly.js\". \u001b[90mx1\u001b[39m"]
INFO 2014-11-13T20:36:43.080Z ["[Lighter] Models loaded. \u001b[90mx0\u001b[39m"]
INFO 2014-11-13T20:36:43.081Z ["[Lighter] Styles routed to \"/sly.css\". \u001b[90mx1\u001b[39m"]
INFO 2014-11-13T20:36:43.083Z ["[Lighter] Scripts routed to \"/sly.js\". \u001b[90mx1\u001b[39m"]
INFO 2014-11-13T20:36:43.083Z ["[Lighter] Scripts routed to \"/sly.js\". \u001b[90mx1\u001b[39m"]
INFO 2014-11-13T20:36:43.083Z ["[Lighter] Controllers loaded. \u001b[90mx2\u001b[39m"]
INFO 2014-11-13T20:36:43.084Z ["[Lighter] Styles routed to \"/sly.css\". \u001b[90mx1\u001b[39m"]
INFO 2014-11-13T20:36:43.084Z ["[Lighter] Styles routed to \"/sly.css\". \u001b[90mx1\u001b[39m"]
INFO 2014-11-13T20:36:43.088Z ["[Lighter] Controllers loaded. \u001b[90mx2\u001b[39m"]
INFO 2014-11-13T20:36:43.088Z ["[Lighter] Controllers loaded. \u001b[90mx2\u001b[39m"]
INFO 2014-11-13T20:36:43.090Z ["[Lighter] Scripts routed to \"/sly.js\". \u001b[90mx1\u001b[39m"]
INFO 2014-11-13T20:36:43.090Z ["[Lighter] Scripts routed to \"/sly.js\". \u001b[90mx1\u001b[39m"]
INFO 2014-11-13T20:36:43.090Z ["[Lighter] Scripts routed to \"/sly.js\". \u001b[90mx1\u001b[39m"]
INFO 2014-11-13T20:36:43.091Z ["[Lighter] Styles routed to \"/sly.css\". \u001b[90mx1\u001b[39m"]
INFO 2014-11-13T20:36:43.092Z ["[Lighter] Styles routed to \"/sly.css\". \u001b[90mx1\u001b[39m"]
INFO 2014-11-13T20:36:43.093Z ["[Lighter] Scripts routed to \"/sly.js\". \u001b[90mx1\u001b[39m"]
INFO 2014-11-13T20:36:43.093Z ["[Lighter] Styles routed to \"/sly.css\". \u001b[90mx1\u001b[39m"]
INFO 2014-11-13T20:36:43.093Z ["[Lighter] Styles routed to \"/sly.css\". \u001b[90mx1\u001b[39m"]
INFO 2014-11-13T20:36:43.094Z ["[Lighter] Controllers loaded. \u001b[90mx2\u001b[39m"]
INFO 2014-11-13T20:36:43.094Z ["[Lighter] Scripts routed to \"/sly.js\". \u001b[90mx1\u001b[39m"]
INFO 2014-11-13T20:36:43.095Z ["[Lighter] Styles routed to \"/sly.css\". \u001b[90mx1\u001b[39m"]
INFO 2014-11-13T20:36:43.095Z ["[Lighter] Controllers loaded. \u001b[90mx2\u001b[39m"]
INFO 2014-11-13T20:36:43.096Z ["[Lighter] Controllers loaded. \u001b[90mx2\u001b[39m"]
INFO 2014-11-13T20:36:43.098Z ["[Lighter] Controllers loaded. \u001b[90mx2\u001b[39m"]
INFO 2014-11-13T20:36:43.099Z ["[Lighter] Controllers loaded. \u001b[90mx2\u001b[39m"]
INFO 2014-11-13T20:36:43.113Z ["[Lighter] Scripts routed to \"/a.js\". \u001b[90mx1\u001b[39m"]
INFO 2014-11-13T20:36:43.117Z ["[Lighter] Scripts routed to \"/a.js\". \u001b[90mx1\u001b[39m"]
INFO 2014-11-13T20:36:43.117Z ["[Lighter] Scripts routed to \"/a.js\". \u001b[90mx1\u001b[39m"]
INFO 2014-11-13T20:36:43.119Z ["[Lighter] Styles routed to \"/a.css\". \u001b[90mx1\u001b[39m"]
INFO 2014-11-13T20:36:43.121Z ["[Lighter] Scripts routed to \"/a.js\". \u001b[90mx1\u001b[39m"]
INFO 2014-11-13T20:36:43.124Z ["[Lighter] Styles routed to \"/a.css\". \u001b[90mx1\u001b[39m"]
INFO 2014-11-13T20:36:43.127Z ["[Lighter] Styles routed to \"/a.css\". \u001b[90mx1\u001b[39m"]
INFO 2014-11-13T20:36:43.127Z ["[Lighter] Scripts routed to \"/a.js\". \u001b[90mx1\u001b[39m"]
INFO 2014-11-13T20:36:43.130Z ["[Lighter] Scripts routed to \"/a.js\". \u001b[90mx1\u001b[39m"]
INFO 2014-11-13T20:36:43.136Z ["[Lighter] Styles routed to \"/a.css\". \u001b[90mx1\u001b[39m"]
INFO 2014-11-13T20:36:43.139Z ["[Lighter] Styles routed to \"/a.css\". \u001b[90mx1\u001b[39m"]
INFO 2014-11-13T20:36:43.141Z ["[Lighter] Scripts routed to \"/a.js\". \u001b[90mx1\u001b[39m"]
INFO 2014-11-13T20:36:43.144Z ["[Lighter] Scripts routed to \"/a.js\". \u001b[90mx1\u001b[39m"]
INFO 2014-11-13T20:36:43.144Z ["[Lighter] Styles routed to \"/a.css\". \u001b[90mx1\u001b[39m"]
INFO 2014-11-13T20:36:43.154Z ["[Lighter] Styles routed to \"/a.css\". \u001b[90mx1\u001b[39m"]
INFO 2014-11-13T20:36:43.158Z ["[Lighter] Styles routed to \"/a.css\". \u001b[90mx1\u001b[39m"]
INFO 2014-11-13T20:36:45.158Z ["[Lighter] Views loaded. \u001b[90mx30\u001b[39m"]
INFO 2014-11-13T20:36:45.184Z ["[Lighter] Publics loaded. \u001b[90mx48\u001b[39m"]
INFO 2014-11-13T20:36:45.212Z ["[Lighter] Views loaded. \u001b[90mx30\u001b[39m"]
INFO 2014-11-13T20:36:45.249Z ["[Lighter] Publics loaded. \u001b[90mx48\u001b[39m"]
INFO 2014-11-13T20:36:45.295Z ["[Lighter] Publics loaded. \u001b[90mx48\u001b[39m"]
INFO 2014-11-13T20:36:45.303Z ["[Lighter] Publics loaded. \u001b[90mx48\u001b[39m"]
INFO 2014-11-13T20:36:46.824Z ["[Lighter] Views loaded. \u001b[90mx30\u001b[39m"]
INFO 2014-11-13T20:36:46.915Z ["[Lighter] Views loaded. \u001b[90mx30\u001b[39m"]
INFO 2014-11-13T20:36:47.163Z ["[Lighter] Publics loaded. \u001b[90mx48\u001b[39m"]
INFO 2014-11-13T20:36:47.207Z ["[Lighter] Publics loaded. \u001b[90mx48\u001b[39m"]
INFO 2014-11-13T20:36:47.217Z ["[Lighter] Publics loaded. \u001b[90mx48\u001b[39m"]
INFO 2014-11-13T20:36:47.221Z ["[D6] Views routed to \"/d6.js\"."]
INFO 2014-11-13T20:36:47.254Z ["[D6] Views routed to \"/d6.js\"."]
INFO 2014-11-13T20:36:47.255Z ["[D6] Views routed to \"/d6.js\"."]
INFO 2014-11-13T20:36:47.279Z ["[Lighter] Publics loaded. \u001b[90mx48\u001b[39m"]
INFO 2014-11-13T20:36:47.305Z ["[Lighter] Views loaded. \u001b[90mx30\u001b[39m"]
INFO 2014-11-13T20:36:47.310Z ["[D6] Views routed to \"/d6.js\"."]
INFO 2014-11-13T20:36:47.329Z ["[D6] Views routed to \"/d6.js\"."]
INFO 2014-11-13T20:36:47.351Z ["[Lighter] Views loaded. \u001b[90mx30\u001b[39m"]
INFO 2014-11-13T20:36:47.377Z ["[D6] Views routed to \"/d6.js\"."]
INFO 2014-11-13T20:36:47.378Z ["[Lighter] Views loaded. \u001b[90mx30\u001b[39m"]
INFO 2014-11-13T20:36:47.397Z ["[Lighter] Views loaded. \u001b[90mx30\u001b[39m"]
INFO 2014-11-13T20:36:47.397Z ["[D6] Views routed to \"/d6.js\"."]
INFO 2014-11-13T20:36:47.415Z ["[D6] Views routed to \"/d6.js\"."]
