INFO 2014-11-13T14:50:00.347Z ["[Lighter] Views loaded. \u001b[90mx30\u001b[39m"]
INFO 2014-11-13T14:50:00.371Z ["[Lighter] Views loaded. \u001b[90mx30\u001b[39m"]
INFO 2014-11-13T14:50:00.392Z ["[Lighter] Views loaded. \u001b[90mx30\u001b[39m"]
INFO 2014-11-13T14:50:00.435Z ["[Lighter] Views loaded. \u001b[90mx30\u001b[39m"]
INFO 2014-11-13T14:50:00.445Z ["[Lighter] Views loaded. \u001b[90mx30\u001b[39m"]
INFO 2014-11-13T14:50:00.457Z ["[Lighter] Publics loaded. \u001b[90mx48\u001b[39m"]
INFO 2014-11-13T14:50:00.473Z ["[Lighter] Publics loaded. \u001b[90mx48\u001b[39m"]
INFO 2014-11-13T14:50:00.500Z ["[Lighter] Publics loaded. \u001b[90mx48\u001b[39m"]
INFO 2014-11-13T14:50:00.503Z ["[D6] Views routed to \"/d6.js\"."]
INFO 2014-11-13T14:50:00.507Z ["[D6] Views routed to \"/d6.js\"."]
INFO 2014-11-13T14:50:00.508Z ["[Lighter] Views loaded. \u001b[90mx30\u001b[39m"]
INFO 2014-11-13T14:50:00.526Z ["[D6] Views routed to \"/d6.js\"."]
INFO 2014-11-13T14:50:00.542Z ["[D6] Views routed to \"/d6.js\"."]
INFO 2014-11-13T14:50:00.549Z ["[Lighter] Publics loaded. \u001b[90mx48\u001b[39m"]
INFO 2014-11-13T14:50:00.554Z ["[Lighter] Publics loaded. \u001b[90mx48\u001b[39m"]
INFO 2014-11-13T14:50:00.567Z ["[Lighter] Publics loaded. \u001b[90mx48\u001b[39m"]
INFO 2014-11-13T14:50:00.574Z ["[D6] Views routed to \"/d6.js\"."]
INFO 2014-11-13T14:50:00.575Z ["[D6] Views routed to \"/d6.js\"."]
INFO 2014-11-13T14:50:00.587Z ["[D6] Views routed to \"/d6.js\"."]
INFO 2014-11-13T14:50:00.604Z ["[Lighter] Views loaded. \u001b[90mx30\u001b[39m"]
INFO 2014-11-13T14:50:00.620Z ["[D6] Views routed to \"/d6.js\"."]
INFO 2014-11-13T14:50:02.420Z ["[D6] Views routed to \"/d6.js\"."]
INFO 2014-11-13T14:50:02.422Z ["[D6] Views routed to \"/d6.js\"."]
INFO 2014-11-13T14:50:02.422Z ["[D6] Views routed to \"/d6.js\"."]
INFO 2014-11-13T14:50:02.423Z ["[D6] Views routed to \"/d6.js\"."]
INFO 2014-11-13T14:50:02.424Z ["[D6] Views routed to \"/d6.js\"."]
INFO 2014-11-13T14:50:02.425Z ["[D6] Views routed to \"/d6.js\"."]
INFO 2014-11-13T14:50:02.427Z ["[D6] Views routed to \"/d6.js\"."]
INFO 2014-11-13T14:50:02.427Z ["[D6] Views routed to \"/d6.js\"."]
INFO 2014-11-13T14:50:02.428Z ["[D6] Views routed to \"/d6.js\"."]
INFO 2014-11-13T14:50:02.428Z ["[D6] Views routed to \"/d6.js\"."]
INFO 2014-11-13T14:50:02.428Z ["[D6] Views routed to \"/d6.js\"."]
INFO 2014-11-13T14:50:02.428Z ["[D6] Views routed to \"/d6.js\"."]
INFO 2014-11-13T14:50:02.428Z ["[D6] Views routed to \"/d6.js\"."]
INFO 2014-11-13T14:50:02.432Z ["[D6] Views routed to \"/d6.js\"."]
INFO 2014-11-13T14:50:02.434Z ["[D6] Views routed to \"/d6.js\"."]
INFO 2014-11-13T14:50:02.439Z ["[D6] Views routed to \"/d6.js\"."]
WARN 2014-11-13T14:50:03.391Z ["[Lighter] Exiting due to file change in \"node_modules/aloha/package.json\"."]
WARN 2014-11-13T14:50:03.391Z ["[Lighter] Exiting due to file change in \"node_modules/aloha/package.json\"."]
WARN 2014-11-13T14:50:03.391Z ["[Lighter] Exiting due to file change in \"node_modules/aloha/package.json\"."]
WARN 2014-11-13T14:50:03.391Z ["[Lighter] Exiting due to file change in \"node_modules/aloha/package.json\"."]
WARN 2014-11-13T14:50:03.391Z ["[Lighter] Exiting due to file change in \"node_modules/aloha/package.json\"."]
WARN 2014-11-13T14:50:03.391Z ["[Lighter] Exiting due to file change in \"node_modules/aloha/package.json\"."]
WARN 2014-11-13T14:50:03.391Z ["[Lighter] Exiting due to file change in \"node_modules/aloha/package.json\"."]
WARN 2014-11-13T14:50:03.391Z ["[Lighter] Exiting due to file change in \"node_modules/aloha/package.json\"."]
ERROR 2014-11-13T14:50:03.418Z ["Worker 51134 died."]
INFO 2014-11-13T14:50:04.630Z ["[Lighter] Models loaded. \u001b[90mx0\u001b[39m"]
INFO 2014-11-13T14:50:04.635Z ["[Lighter] Models loaded. \u001b[90mx0\u001b[39m"]
INFO 2014-11-13T14:50:04.644Z ["[Lighter] Models loaded. \u001b[90mx0\u001b[39m"]
INFO 2014-11-13T14:50:04.650Z ["[Lighter] Scripts routed to \"/sly.js\". \u001b[90mx1\u001b[39m"]
INFO 2014-11-13T14:50:04.650Z ["[Lighter] Models loaded. \u001b[90mx0\u001b[39m"]
INFO 2014-11-13T14:50:04.651Z ["[Lighter] Styles routed to \"/sly.css\". \u001b[90mx1\u001b[39m"]
INFO 2014-11-13T14:50:04.652Z ["[Lighter] Models loaded. \u001b[90mx0\u001b[39m"]
INFO 2014-11-13T14:50:04.654Z ["[Lighter] Controllers loaded. \u001b[90mx2\u001b[39m"]
INFO 2014-11-13T14:50:04.657Z ["[Lighter] Models loaded. \u001b[90mx0\u001b[39m"]
INFO 2014-11-13T14:50:04.659Z ["[Lighter] Scripts routed to \"/sly.js\". \u001b[90mx1\u001b[39m"]
INFO 2014-11-13T14:50:04.660Z ["[Lighter] Styles routed to \"/sly.css\". \u001b[90mx1\u001b[39m"]
INFO 2014-11-13T14:50:04.661Z ["[Lighter] Scripts routed to \"/sly.js\". \u001b[90mx1\u001b[39m"]
INFO 2014-11-13T14:50:04.661Z ["[Lighter] Models loaded. \u001b[90mx0\u001b[39m"]
INFO 2014-11-13T14:50:04.663Z ["[Lighter] Styles routed to \"/sly.css\". \u001b[90mx1\u001b[39m"]
INFO 2014-11-13T14:50:04.665Z ["[Lighter] Controllers loaded. \u001b[90mx2\u001b[39m"]
INFO 2014-11-13T14:50:04.667Z ["[Lighter] Controllers loaded. \u001b[90mx2\u001b[39m"]
INFO 2014-11-13T14:50:04.671Z ["[Lighter] Scripts routed to \"/sly.js\". \u001b[90mx1\u001b[39m"]
INFO 2014-11-13T14:50:04.671Z ["[Lighter] Styles routed to \"/sly.css\". \u001b[90mx1\u001b[39m"]
INFO 2014-11-13T14:50:04.672Z ["[Lighter] Scripts routed to \"/sly.js\". \u001b[90mx1\u001b[39m"]
INFO 2014-11-13T14:50:04.674Z ["[Lighter] Styles routed to \"/sly.css\". \u001b[90mx1\u001b[39m"]
INFO 2014-11-13T14:50:04.675Z ["[Lighter] Controllers loaded. \u001b[90mx2\u001b[39m"]
INFO 2014-11-13T14:50:04.676Z ["[Lighter] Scripts routed to \"/sly.js\". \u001b[90mx1\u001b[39m"]
INFO 2014-11-13T14:50:04.676Z ["[Lighter] Scripts routed to \"/sly.js\". \u001b[90mx1\u001b[39m"]
INFO 2014-11-13T14:50:04.676Z ["[Lighter] Styles routed to \"/sly.css\". \u001b[90mx1\u001b[39m"]
INFO 2014-11-13T14:50:04.677Z ["[Lighter] Styles routed to \"/sly.css\". \u001b[90mx1\u001b[39m"]
INFO 2014-11-13T14:50:04.677Z ["[Lighter] Controllers loaded. \u001b[90mx2\u001b[39m"]
INFO 2014-11-13T14:50:04.679Z ["[Lighter] Controllers loaded. \u001b[90mx2\u001b[39m"]
INFO 2014-11-13T14:50:04.680Z ["[Lighter] Controllers loaded. \u001b[90mx2\u001b[39m"]
INFO 2014-11-13T14:50:04.681Z ["[Lighter] Models loaded. \u001b[90mx0\u001b[39m"]
INFO 2014-11-13T14:50:04.682Z ["[Lighter] Scripts routed to \"/a.js\". \u001b[90mx1\u001b[39m"]
INFO 2014-11-13T14:50:04.686Z ["[Lighter] Styles routed to \"/a.css\". \u001b[90mx1\u001b[39m"]
INFO 2014-11-13T14:50:04.695Z ["[Lighter] Scripts routed to \"/a.js\". \u001b[90mx1\u001b[39m"]
INFO 2014-11-13T14:50:04.700Z ["[Lighter] Scripts routed to \"/a.js\". \u001b[90mx1\u001b[39m"]
INFO 2014-11-13T14:50:04.704Z ["[Lighter] Styles routed to \"/a.css\". \u001b[90mx1\u001b[39m"]
INFO 2014-11-13T14:50:04.704Z ["[Lighter] Scripts routed to \"/a.js\". \u001b[90mx1\u001b[39m"]
INFO 2014-11-13T14:50:04.706Z ["[Lighter] Styles routed to \"/a.css\". \u001b[90mx1\u001b[39m"]
INFO 2014-11-13T14:50:04.709Z ["[Lighter] Styles routed to \"/a.css\". \u001b[90mx1\u001b[39m"]
INFO 2014-11-13T14:50:04.713Z ["[Lighter] Scripts routed to \"/a.js\". \u001b[90mx1\u001b[39m"]
INFO 2014-11-13T14:50:04.714Z ["[Lighter] Scripts routed to \"/a.js\". \u001b[90mx1\u001b[39m"]
INFO 2014-11-13T14:50:04.717Z ["[Lighter] Styles routed to \"/a.css\". \u001b[90mx1\u001b[39m"]
INFO 2014-11-13T14:50:04.719Z ["[Lighter] Styles routed to \"/a.css\". \u001b[90mx1\u001b[39m"]
INFO 2014-11-13T14:50:04.724Z ["[Lighter] Scripts routed to \"/a.js\". \u001b[90mx1\u001b[39m"]
INFO 2014-11-13T14:50:04.724Z ["[Lighter] Scripts routed to \"/sly.js\". \u001b[90mx1\u001b[39m"]
INFO 2014-11-13T14:50:04.726Z ["[Lighter] Styles routed to \"/sly.css\". \u001b[90mx1\u001b[39m"]
INFO 2014-11-13T14:50:04.731Z ["[Lighter] Controllers loaded. \u001b[90mx2\u001b[39m"]
INFO 2014-11-13T14:50:04.743Z ["[Lighter] Styles routed to \"/a.css\". \u001b[90mx1\u001b[39m"]
INFO 2014-11-13T14:50:04.830Z ["[Lighter] Scripts routed to \"/a.js\". \u001b[90mx1\u001b[39m"]
INFO 2014-11-13T14:50:04.832Z ["[Lighter] Styles routed to \"/a.css\". \u001b[90mx1\u001b[39m"]
INFO 2014-11-13T14:50:06.606Z ["[Lighter] Publics loaded. \u001b[90mx48\u001b[39m"]
INFO 2014-11-13T14:50:06.621Z ["[Lighter] Publics loaded. \u001b[90mx48\u001b[39m"]
INFO 2014-11-13T14:50:06.682Z ["[Lighter] Publics loaded. \u001b[90mx48\u001b[39m"]
INFO 2014-11-13T14:50:06.683Z ["[Lighter] Publics loaded. \u001b[90mx48\u001b[39m"]
INFO 2014-11-13T14:50:06.719Z ["[Lighter] Publics loaded. \u001b[90mx48\u001b[39m"]
INFO 2014-11-13T14:50:06.927Z ["[Lighter] Publics loaded. \u001b[90mx48\u001b[39m"]
INFO 2014-11-13T14:50:08.330Z ["[Lighter] Views loaded. \u001b[90mx30\u001b[39m"]
INFO 2014-11-13T14:50:08.611Z ["[Lighter] Views loaded. \u001b[90mx30\u001b[39m"]
INFO 2014-11-13T14:50:08.654Z ["[Lighter] Views loaded. \u001b[90mx30\u001b[39m"]
INFO 2014-11-13T14:50:08.677Z ["[Lighter] Views loaded. \u001b[90mx30\u001b[39m"]
INFO 2014-11-13T14:50:08.715Z ["[Lighter] Publics loaded. \u001b[90mx48\u001b[39m"]
INFO 2014-11-13T14:50:08.730Z ["[D6] Views routed to \"/d6.js\"."]
INFO 2014-11-13T14:50:08.734Z ["[Lighter] Publics loaded. \u001b[90mx48\u001b[39m"]
INFO 2014-11-13T14:50:08.748Z ["[Lighter] Views loaded. \u001b[90mx30\u001b[39m"]
INFO 2014-11-13T14:50:08.760Z ["[Lighter] Views loaded. \u001b[90mx30\u001b[39m"]
INFO 2014-11-13T14:50:08.762Z ["[D6] Views routed to \"/d6.js\"."]
INFO 2014-11-13T14:50:08.771Z ["[D6] Views routed to \"/d6.js\"."]
INFO 2014-11-13T14:50:08.784Z ["[D6] Views routed to \"/d6.js\"."]
INFO 2014-11-13T14:50:08.791Z ["[D6] Views routed to \"/d6.js\"."]
INFO 2014-11-13T14:50:08.792Z ["[Lighter] Views loaded. \u001b[90mx30\u001b[39m"]
INFO 2014-11-13T14:50:08.795Z ["[D6] Views routed to \"/d6.js\"."]
INFO 2014-11-13T14:50:08.812Z ["[D6] Views routed to \"/d6.js\"."]
INFO 2014-11-13T14:50:08.894Z ["[Lighter] Views loaded. \u001b[90mx30\u001b[39m"]
INFO 2014-11-13T14:50:08.916Z ["[D6] Views routed to \"/d6.js\"."]
INFO 2014-11-13T14:50:10.953Z ["[D6] Views routed to \"/d6.js\"."]
INFO 2014-11-13T14:50:10.953Z ["[D6] Views routed to \"/d6.js\"."]
INFO 2014-11-13T14:50:10.953Z ["[D6] Views routed to \"/d6.js\"."]
INFO 2014-11-13T14:50:10.953Z ["[D6] Views routed to \"/d6.js\"."]
INFO 2014-11-13T14:50:10.953Z ["[D6] Views routed to \"/d6.js\"."]
INFO 2014-11-13T14:50:10.954Z ["[D6] Views routed to \"/d6.js\"."]
INFO 2014-11-13T14:50:10.955Z ["[D6] Views routed to \"/d6.js\"."]
INFO 2014-11-13T14:50:10.956Z ["[D6] Views routed to \"/d6.js\"."]
INFO 2014-11-13T14:50:10.957Z ["[D6] Views routed to \"/d6.js\"."]
INFO 2014-11-13T14:50:10.958Z ["[D6] Views routed to \"/d6.js\"."]
INFO 2014-11-13T14:50:10.964Z ["[D6] Views routed to \"/d6.js\"."]
INFO 2014-11-13T14:50:10.966Z ["[D6] Views routed to \"/d6.js\"."]
INFO 2014-11-13T14:50:10.966Z ["[D6] Views routed to \"/d6.js\"."]
INFO 2014-11-13T14:50:10.971Z ["[D6] Views routed to \"/d6.js\"."]
INFO 2014-11-13T14:50:10.971Z ["[D6] Views routed to \"/d6.js\"."]
INFO 2014-11-13T14:50:10.971Z ["[D6] Views routed to \"/d6.js\"."]
WARN 2014-11-13T14:50:11.977Z ["[Lighter] Exiting due to file change in \"node_modules/aloha/package.json\"."]
WARN 2014-11-13T14:50:11.978Z ["[Lighter] Exiting due to file change in \"node_modules/aloha/package.json\"."]
WARN 2014-11-13T14:50:11.979Z ["[Lighter] Exiting due to file change in \"node_modules/aloha/package.json\"."]
WARN 2014-11-13T14:50:11.979Z ["[Lighter] Exiting due to file change in \"node_modules/aloha/package.json\"."]
WARN 2014-11-13T14:50:11.979Z ["[Lighter] Exiting due to file change in \"node_modules/aloha/package.json\"."]
WARN 2014-11-13T14:50:11.979Z ["[Lighter] Exiting due to file change in \"node_modules/aloha/package.json\"."]
WARN 2014-11-13T14:50:11.979Z ["[Lighter] Exiting due to file change in \"node_modules/aloha/package.json\"."]
WARN 2014-11-13T14:50:11.989Z ["[Lighter] Exiting due to file change in \"node_modules/aloha/package.json\"."]
ERROR 2014-11-13T14:50:12.007Z ["Worker 51755 died."]
INFO 2014-11-13T14:50:13.338Z ["[Lighter] Models loaded. \u001b[90mx0\u001b[39m"]
INFO 2014-11-13T14:50:13.339Z ["[Lighter] Models loaded. \u001b[90mx0\u001b[39m"]
INFO 2014-11-13T14:50:13.348Z ["[Lighter] Models loaded. \u001b[90mx0\u001b[39m"]
INFO 2014-11-13T14:50:13.354Z ["[Lighter] Models loaded. \u001b[90mx0\u001b[39m"]
INFO 2014-11-13T14:50:13.366Z ["[Lighter] Models loaded. \u001b[90mx0\u001b[39m"]
INFO 2014-11-13T14:50:13.369Z ["[Lighter] Scripts routed to \"/sly.js\". \u001b[90mx1\u001b[39m"]
INFO 2014-11-13T14:50:13.370Z ["[Lighter] Scripts routed to \"/sly.js\". \u001b[90mx1\u001b[39m"]
INFO 2014-11-13T14:50:13.371Z ["[Lighter] Styles routed to \"/sly.css\". \u001b[90mx1\u001b[39m"]
INFO 2014-11-13T14:50:13.372Z ["[Lighter] Models loaded. \u001b[90mx0\u001b[39m"]
INFO 2014-11-13T14:50:13.372Z ["[Lighter] Scripts routed to \"/sly.js\". \u001b[90mx1\u001b[39m"]
INFO 2014-11-13T14:50:13.373Z ["[Lighter] Styles routed to \"/sly.css\". \u001b[90mx1\u001b[39m"]
INFO 2014-11-13T14:50:13.374Z ["[Lighter] Styles routed to \"/sly.css\". \u001b[90mx1\u001b[39m"]
INFO 2014-11-13T14:50:13.376Z ["[Lighter] Controllers loaded. \u001b[90mx2\u001b[39m"]
INFO 2014-11-13T14:50:13.378Z ["[Lighter] Models loaded. \u001b[90mx0\u001b[39m"]
INFO 2014-11-13T14:50:13.380Z ["[Lighter] Controllers loaded. \u001b[90mx2\u001b[39m"]
INFO 2014-11-13T14:50:13.383Z ["[Lighter] Controllers loaded. \u001b[90mx2\u001b[39m"]
INFO 2014-11-13T14:50:13.386Z ["[Lighter] Scripts routed to \"/sly.js\". \u001b[90mx1\u001b[39m"]
INFO 2014-11-13T14:50:13.387Z ["[Lighter] Scripts routed to \"/sly.js\". \u001b[90mx1\u001b[39m"]
INFO 2014-11-13T14:50:13.387Z ["[Lighter] Styles routed to \"/sly.css\". \u001b[90mx1\u001b[39m"]
INFO 2014-11-13T14:50:13.389Z ["[Lighter] Styles routed to \"/sly.css\". \u001b[90mx1\u001b[39m"]
INFO 2014-11-13T14:50:13.390Z ["[Lighter] Models loaded. \u001b[90mx0\u001b[39m"]
INFO 2014-11-13T14:50:13.390Z ["[Lighter] Controllers loaded. \u001b[90mx2\u001b[39m"]
INFO 2014-11-13T14:50:13.393Z ["[Lighter] Controllers loaded. \u001b[90mx2\u001b[39m"]
INFO 2014-11-13T14:50:13.404Z ["[Lighter] Scripts routed to \"/sly.js\". \u001b[90mx1\u001b[39m"]
INFO 2014-11-13T14:50:13.405Z ["[Lighter] Scripts routed to \"/sly.js\". \u001b[90mx1\u001b[39m"]
INFO 2014-11-13T14:50:13.406Z ["[Lighter] Styles routed to \"/sly.css\". \u001b[90mx1\u001b[39m"]
INFO 2014-11-13T14:50:13.408Z ["[Lighter] Styles routed to \"/sly.css\". \u001b[90mx1\u001b[39m"]
INFO 2014-11-13T14:50:13.410Z ["[Lighter] Controllers loaded. \u001b[90mx2\u001b[39m"]
INFO 2014-11-13T14:50:13.412Z ["[Lighter] Scripts routed to \"/sly.js\". \u001b[90mx1\u001b[39m"]
INFO 2014-11-13T14:50:13.412Z ["[Lighter] Controllers loaded. \u001b[90mx2\u001b[39m"]
INFO 2014-11-13T14:50:13.417Z ["[Lighter] Styles routed to \"/sly.css\". \u001b[90mx1\u001b[39m"]
INFO 2014-11-13T14:50:13.418Z ["[Lighter] Scripts routed to \"/a.js\". \u001b[90mx1\u001b[39m"]
INFO 2014-11-13T14:50:13.423Z ["[Lighter] Scripts routed to \"/a.js\". \u001b[90mx1\u001b[39m"]
INFO 2014-11-13T14:50:13.425Z ["[Lighter] Scripts routed to \"/a.js\". \u001b[90mx1\u001b[39m"]
INFO 2014-11-13T14:50:13.425Z ["[Lighter] Styles routed to \"/a.css\". \u001b[90mx1\u001b[39m"]
INFO 2014-11-13T14:50:13.427Z ["[Lighter] Scripts routed to \"/a.js\". \u001b[90mx1\u001b[39m"]
INFO 2014-11-13T14:50:13.431Z ["[Lighter] Controllers loaded. \u001b[90mx2\u001b[39m"]
INFO 2014-11-13T14:50:13.431Z ["[Lighter] Scripts routed to \"/a.js\". \u001b[90mx1\u001b[39m"]
INFO 2014-11-13T14:50:13.435Z ["[Lighter] Styles routed to \"/a.css\". \u001b[90mx1\u001b[39m"]
INFO 2014-11-13T14:50:13.438Z ["[Lighter] Styles routed to \"/a.css\". \u001b[90mx1\u001b[39m"]
INFO 2014-11-13T14:50:13.441Z ["[Lighter] Styles routed to \"/a.css\". \u001b[90mx1\u001b[39m"]
INFO 2014-11-13T14:50:13.449Z ["[Lighter] Styles routed to \"/a.css\". \u001b[90mx1\u001b[39m"]
INFO 2014-11-13T14:50:13.488Z ["[Lighter] Scripts routed to \"/a.js\". \u001b[90mx1\u001b[39m"]
INFO 2014-11-13T14:50:13.495Z ["[Lighter] Styles routed to \"/a.css\". \u001b[90mx1\u001b[39m"]
INFO 2014-11-13T14:50:13.504Z ["[Lighter] Scripts routed to \"/a.js\". \u001b[90mx1\u001b[39m"]
INFO 2014-11-13T14:50:13.527Z ["[Lighter] Scripts routed to \"/a.js\". \u001b[90mx1\u001b[39m"]
INFO 2014-11-13T14:50:13.530Z ["[Lighter] Styles routed to \"/a.css\". \u001b[90mx1\u001b[39m"]
INFO 2014-11-13T14:50:13.533Z ["[Lighter] Styles routed to \"/a.css\". \u001b[90mx1\u001b[39m"]
INFO 2014-11-13T14:50:15.805Z ["[Lighter] Publics loaded. \u001b[90mx48\u001b[39m"]
INFO 2014-11-13T14:50:15.854Z ["[Lighter] Publics loaded. \u001b[90mx48\u001b[39m"]
INFO 2014-11-13T14:50:15.873Z ["[Lighter] Publics loaded. \u001b[90mx48\u001b[39m"]
INFO 2014-11-13T14:50:15.886Z ["[Lighter] Publics loaded. \u001b[90mx48\u001b[39m"]
INFO 2014-11-13T14:50:15.983Z ["[Lighter] Publics loaded. \u001b[90mx48\u001b[39m"]
INFO 2014-11-13T14:50:16.114Z ["[Lighter] Publics loaded. \u001b[90mx48\u001b[39m"]
INFO 2014-11-13T14:50:17.859Z ["[Lighter] Views loaded. \u001b[90mx30\u001b[39m"]
INFO 2014-11-13T14:50:18.105Z ["[Lighter] Publics loaded. \u001b[90mx48\u001b[39m"]
INFO 2014-11-13T14:50:18.129Z ["[Lighter] Views loaded. \u001b[90mx30\u001b[39m"]
INFO 2014-11-13T14:50:18.177Z ["[D6] Views routed to \"/d6.js\"."]
INFO 2014-11-13T14:50:18.194Z ["[Lighter] Views loaded. \u001b[90mx30\u001b[39m"]
INFO 2014-11-13T14:50:18.227Z ["[Lighter] Views loaded. \u001b[90mx30\u001b[39m"]
INFO 2014-11-13T14:50:18.257Z ["[Lighter] Views loaded. \u001b[90mx30\u001b[39m"]
INFO 2014-11-13T14:50:18.263Z ["[Lighter] Views loaded. \u001b[90mx30\u001b[39m"]
INFO 2014-11-13T14:50:18.268Z ["[Lighter] Publics loaded. \u001b[90mx48\u001b[39m"]
INFO 2014-11-13T14:50:18.319Z ["[D6] Views routed to \"/d6.js\"."]
INFO 2014-11-13T14:50:18.320Z ["[D6] Views routed to \"/d6.js\"."]
INFO 2014-11-13T14:50:18.320Z ["[D6] Views routed to \"/d6.js\"."]
INFO 2014-11-13T14:50:18.322Z ["[Lighter] Views loaded. \u001b[90mx30\u001b[39m"]
INFO 2014-11-13T14:50:18.323Z ["[D6] Views routed to \"/d6.js\"."]
INFO 2014-11-13T14:50:18.325Z ["[D6] Views routed to \"/d6.js\"."]
INFO 2014-11-13T14:50:18.345Z ["[D6] Views routed to \"/d6.js\"."]
INFO 2014-11-13T14:50:18.404Z ["[Lighter] Views loaded. \u001b[90mx30\u001b[39m"]
INFO 2014-11-13T14:50:18.427Z ["[D6] Views routed to \"/d6.js\"."]
INFO 2014-11-13T14:50:20.200Z ["[D6] Views routed to \"/d6.js\"."]
INFO 2014-11-13T14:50:20.202Z ["[D6] Views routed to \"/d6.js\"."]
INFO 2014-11-13T14:50:20.202Z ["[D6] Views routed to \"/d6.js\"."]
INFO 2014-11-13T14:50:20.202Z ["[D6] Views routed to \"/d6.js\"."]
INFO 2014-11-13T14:50:20.203Z ["[D6] Views routed to \"/d6.js\"."]
INFO 2014-11-13T14:50:20.203Z ["[D6] Views routed to \"/d6.js\"."]
INFO 2014-11-13T14:50:20.203Z ["[D6] Views routed to \"/d6.js\"."]
INFO 2014-11-13T14:50:20.205Z ["[D6] Views routed to \"/d6.js\"."]
INFO 2014-11-13T14:50:20.208Z ["[D6] Views routed to \"/d6.js\"."]
INFO 2014-11-13T14:50:20.208Z ["[D6] Views routed to \"/d6.js\"."]
INFO 2014-11-13T14:50:20.208Z ["[D6] Views routed to \"/d6.js\"."]
INFO 2014-11-13T14:50:20.208Z ["[D6] Views routed to \"/d6.js\"."]
INFO 2014-11-13T14:50:20.208Z ["[D6] Views routed to \"/d6.js\"."]
INFO 2014-11-13T14:50:20.210Z ["[D6] Views routed to \"/d6.js\"."]
INFO 2014-11-13T14:50:20.212Z ["[D6] Views routed to \"/d6.js\"."]
INFO 2014-11-13T14:50:20.214Z ["[D6] Views routed to \"/d6.js\"."]
WARN 2014-11-13T14:50:21.279Z ["[Lighter] Exiting due to file change in \"node_modules/aloha/package.json\"."]
WARN 2014-11-13T14:50:21.279Z ["[Lighter] Exiting due to file change in \"node_modules/aloha/package.json\"."]
WARN 2014-11-13T14:50:21.280Z ["[Lighter] Exiting due to file change in \"node_modules/aloha/package.json\"."]
WARN 2014-11-13T14:50:21.280Z ["[Lighter] Exiting due to file change in \"node_modules/aloha/package.json\"."]
WARN 2014-11-13T14:50:21.280Z ["[Lighter] Exiting due to file change in \"node_modules/aloha/package.json\"."]
WARN 2014-11-13T14:50:21.280Z ["[Lighter] Exiting due to file change in \"node_modules/aloha/package.json\"."]
WARN 2014-11-13T14:50:21.280Z ["[Lighter] Exiting due to file change in \"node_modules/aloha/package.json\"."]
WARN 2014-11-13T14:50:21.280Z ["[Lighter] Exiting due to file change in \"node_modules/aloha/package.json\"."]
ERROR 2014-11-13T14:50:21.306Z ["Worker 52383 died."]
INFO 2014-11-13T14:50:22.566Z ["[Lighter] Models loaded. \u001b[90mx0\u001b[39m"]
INFO 2014-11-13T14:50:22.581Z ["[Lighter] Models loaded. \u001b[90mx0\u001b[39m"]
INFO 2014-11-13T14:50:22.584Z ["[Lighter] Scripts routed to \"/sly.js\". \u001b[90mx1\u001b[39m"]
INFO 2014-11-13T14:50:22.585Z ["[Lighter] Styles routed to \"/sly.css\". \u001b[90mx1\u001b[39m"]
INFO 2014-11-13T14:50:22.591Z ["[Lighter] Controllers loaded. \u001b[90mx2\u001b[39m"]
INFO 2014-11-13T14:50:22.597Z ["[Lighter] Models loaded. \u001b[90mx0\u001b[39m"]
INFO 2014-11-13T14:50:22.597Z ["[Lighter] Models loaded. \u001b[90mx0\u001b[39m"]
INFO 2014-11-13T14:50:22.600Z ["[Lighter] Scripts routed to \"/sly.js\". \u001b[90mx1\u001b[39m"]
INFO 2014-11-13T14:50:22.601Z ["[Lighter] Styles routed to \"/sly.css\". \u001b[90mx1\u001b[39m"]
INFO 2014-11-13T14:50:22.602Z ["[Lighter] Models loaded. \u001b[90mx0\u001b[39m"]
INFO 2014-11-13T14:50:22.606Z ["[Lighter] Controllers loaded. \u001b[90mx2\u001b[39m"]
INFO 2014-11-13T14:50:22.609Z ["[Lighter] Models loaded. \u001b[90mx0\u001b[39m"]
INFO 2014-11-13T14:50:22.612Z ["[Lighter] Scripts routed to \"/a.js\". \u001b[90mx1\u001b[39m"]
INFO 2014-11-13T14:50:22.613Z ["[Lighter] Models loaded. \u001b[90mx0\u001b[39m"]
INFO 2014-11-13T14:50:22.613Z ["[Lighter] Scripts routed to \"/sly.js\". \u001b[90mx1\u001b[39m"]
INFO 2014-11-13T14:50:22.613Z ["[Lighter] Styles routed to \"/sly.css\". \u001b[90mx1\u001b[39m"]
INFO 2014-11-13T14:50:22.616Z ["[Lighter] Controllers loaded. \u001b[90mx2\u001b[39m"]
INFO 2014-11-13T14:50:22.617Z ["[Lighter] Models loaded. \u001b[90mx0\u001b[39m"]
INFO 2014-11-13T14:50:22.619Z ["[Lighter] Styles routed to \"/a.css\". \u001b[90mx1\u001b[39m"]
INFO 2014-11-13T14:50:22.624Z ["[Lighter] Scripts routed to \"/sly.js\". \u001b[90mx1\u001b[39m"]
INFO 2014-11-13T14:50:22.626Z ["[Lighter] Scripts routed to \"/sly.js\". \u001b[90mx1\u001b[39m"]
INFO 2014-11-13T14:50:22.627Z ["[Lighter] Styles routed to \"/sly.css\". \u001b[90mx1\u001b[39m"]
INFO 2014-11-13T14:50:22.630Z ["[Lighter] Controllers loaded. \u001b[90mx2\u001b[39m"]
INFO 2014-11-13T14:50:22.630Z ["[Lighter] Styles routed to \"/sly.css\". \u001b[90mx1\u001b[39m"]
INFO 2014-11-13T14:50:22.633Z ["[Lighter] Scripts routed to \"/sly.js\". \u001b[90mx1\u001b[39m"]
INFO 2014-11-13T14:50:22.634Z ["[Lighter] Controllers loaded. \u001b[90mx2\u001b[39m"]
INFO 2014-11-13T14:50:22.634Z ["[Lighter] Styles routed to \"/sly.css\". \u001b[90mx1\u001b[39m"]
INFO 2014-11-13T14:50:22.635Z ["[Lighter] Scripts routed to \"/sly.js\". \u001b[90mx1\u001b[39m"]
INFO 2014-11-13T14:50:22.637Z ["[Lighter] Controllers loaded. \u001b[90mx2\u001b[39m"]
INFO 2014-11-13T14:50:22.638Z ["[Lighter] Styles routed to \"/sly.css\". \u001b[90mx1\u001b[39m"]
INFO 2014-11-13T14:50:22.640Z ["[Lighter] Scripts routed to \"/sly.js\". \u001b[90mx1\u001b[39m"]
INFO 2014-11-13T14:50:22.641Z ["[Lighter] Styles routed to \"/sly.css\". \u001b[90mx1\u001b[39m"]
INFO 2014-11-13T14:50:22.641Z ["[Lighter] Controllers loaded. \u001b[90mx2\u001b[39m"]
INFO 2014-11-13T14:50:22.644Z ["[Lighter] Controllers loaded. \u001b[90mx2\u001b[39m"]
INFO 2014-11-13T14:50:22.644Z ["[Lighter] Scripts routed to \"/a.js\". \u001b[90mx1\u001b[39m"]
INFO 2014-11-13T14:50:22.650Z ["[Lighter] Styles routed to \"/a.css\". \u001b[90mx1\u001b[39m"]
INFO 2014-11-13T14:50:22.653Z ["[Lighter] Scripts routed to \"/a.js\". \u001b[90mx1\u001b[39m"]
INFO 2014-11-13T14:50:22.662Z ["[Lighter] Styles routed to \"/a.css\". \u001b[90mx1\u001b[39m"]
INFO 2014-11-13T14:50:22.662Z ["[Lighter] Scripts routed to \"/a.js\". \u001b[90mx1\u001b[39m"]
INFO 2014-11-13T14:50:22.668Z ["[Lighter] Styles routed to \"/a.css\". \u001b[90mx1\u001b[39m"]
INFO 2014-11-13T14:50:22.671Z ["[Lighter] Scripts routed to \"/a.js\". \u001b[90mx1\u001b[39m"]
INFO 2014-11-13T14:50:22.676Z ["[Lighter] Styles routed to \"/a.css\". \u001b[90mx1\u001b[39m"]
INFO 2014-11-13T14:50:22.678Z ["[Lighter] Scripts routed to \"/a.js\". \u001b[90mx1\u001b[39m"]
INFO 2014-11-13T14:50:22.681Z ["[Lighter] Scripts routed to \"/a.js\". \u001b[90mx1\u001b[39m"]
INFO 2014-11-13T14:50:22.685Z ["[Lighter] Styles routed to \"/a.css\". \u001b[90mx1\u001b[39m"]
INFO 2014-11-13T14:50:22.694Z ["[Lighter] Styles routed to \"/a.css\". \u001b[90mx1\u001b[39m"]
INFO 2014-11-13T14:50:22.739Z ["[Lighter] Scripts routed to \"/a.js\". \u001b[90mx1\u001b[39m"]
INFO 2014-11-13T14:50:22.750Z ["[Lighter] Styles routed to \"/a.css\". \u001b[90mx1\u001b[39m"]
INFO 2014-11-13T14:50:24.717Z ["[Lighter] Publics loaded. \u001b[90mx48\u001b[39m"]
INFO 2014-11-13T14:50:24.788Z ["[Lighter] Views loaded. \u001b[90mx30\u001b[39m"]
INFO 2014-11-13T14:50:24.864Z ["[Lighter] Publics loaded. \u001b[90mx48\u001b[39m"]
INFO 2014-11-13T14:50:24.873Z ["[Lighter] Publics loaded. \u001b[90mx48\u001b[39m"]
INFO 2014-11-13T14:50:24.883Z ["[Lighter] Publics loaded. \u001b[90mx48\u001b[39m"]
INFO 2014-11-13T14:50:24.891Z ["[Lighter] Publics loaded. \u001b[90mx48\u001b[39m"]
INFO 2014-11-13T14:50:24.938Z ["[Lighter] Publics loaded. \u001b[90mx48\u001b[39m"]
INFO 2014-11-13T14:50:26.383Z ["[Lighter] Views loaded. \u001b[90mx30\u001b[39m"]
INFO 2014-11-13T14:50:26.743Z ["[Lighter] Publics loaded. \u001b[90mx48\u001b[39m"]
INFO 2014-11-13T14:50:26.781Z ["[Lighter] Publics loaded. \u001b[90mx48\u001b[39m"]
INFO 2014-11-13T14:50:26.790Z ["[D6] Views routed to \"/d6.js\"."]
INFO 2014-11-13T14:50:26.795Z ["[Lighter] Views loaded. \u001b[90mx30\u001b[39m"]
INFO 2014-11-13T14:50:26.847Z ["[D6] Views routed to \"/d6.js\"."]
INFO 2014-11-13T14:50:26.851Z ["[D6] Views routed to \"/d6.js\"."]
INFO 2014-11-13T14:50:26.856Z ["[Lighter] Views loaded. \u001b[90mx30\u001b[39m"]
INFO 2014-11-13T14:50:26.875Z ["[Lighter] Views loaded. \u001b[90mx30\u001b[39m"]
INFO 2014-11-13T14:50:26.895Z ["[Lighter] Views loaded. \u001b[90mx30\u001b[39m"]
INFO 2014-11-13T14:50:26.897Z ["[D6] Views routed to \"/d6.js\"."]
INFO 2014-11-13T14:50:26.910Z ["[Lighter] Views loaded. \u001b[90mx30\u001b[39m"]
INFO 2014-11-13T14:50:26.910Z ["[D6] Views routed to \"/d6.js\"."]
INFO 2014-11-13T14:50:26.911Z ["[Lighter] Views loaded. \u001b[90mx30\u001b[39m"]
INFO 2014-11-13T14:50:26.923Z ["[D6] Views routed to \"/d6.js\"."]
INFO 2014-11-13T14:50:26.942Z ["[D6] Views routed to \"/d6.js\"."]
INFO 2014-11-13T14:50:26.949Z ["[D6] Views routed to \"/d6.js\"."]
INFO 2014-11-13T14:50:28.901Z ["[D6] Views routed to \"/d6.js\"."]
INFO 2014-11-13T14:50:28.901Z ["[D6] Views routed to \"/d6.js\"."]
INFO 2014-11-13T14:50:28.902Z ["[D6] Views routed to \"/d6.js\"."]
INFO 2014-11-13T14:50:28.903Z ["[D6] Views routed to \"/d6.js\"."]
INFO 2014-11-13T14:50:28.905Z ["[D6] Views routed to \"/d6.js\"."]
INFO 2014-11-13T14:50:28.905Z ["[D6] Views routed to \"/d6.js\"."]
INFO 2014-11-13T14:50:28.905Z ["[D6] Views routed to \"/d6.js\"."]
INFO 2014-11-13T14:50:28.906Z ["[D6] Views routed to \"/d6.js\"."]
INFO 2014-11-13T14:50:28.907Z ["[D6] Views routed to \"/d6.js\"."]
INFO 2014-11-13T14:50:28.909Z ["[D6] Views routed to \"/d6.js\"."]
INFO 2014-11-13T14:50:28.911Z ["[D6] Views routed to \"/d6.js\"."]
INFO 2014-11-13T14:50:28.911Z ["[D6] Views routed to \"/d6.js\"."]
INFO 2014-11-13T14:50:28.911Z ["[D6] Views routed to \"/d6.js\"."]
INFO 2014-11-13T14:50:28.913Z ["[D6] Views routed to \"/d6.js\"."]
INFO 2014-11-13T14:50:28.913Z ["[D6] Views routed to \"/d6.js\"."]
INFO 2014-11-13T14:50:28.916Z ["[D6] Views routed to \"/d6.js\"."]
WARN 2014-11-13T14:50:29.963Z ["[Lighter] Exiting due to file change in \"node_modules/aloha/package.json\"."]
WARN 2014-11-13T14:50:29.963Z ["[Lighter] Exiting due to file change in \"node_modules/aloha/package.json\"."]
WARN 2014-11-13T14:50:29.964Z ["[Lighter] Exiting due to file change in \"node_modules/aloha/package.json\"."]
WARN 2014-11-13T14:50:29.964Z ["[Lighter] Exiting due to file change in \"node_modules/aloha/package.json\"."]
WARN 2014-11-13T14:50:29.964Z ["[Lighter] Exiting due to file change in \"node_modules/aloha/package.json\"."]
WARN 2014-11-13T14:50:29.964Z ["[Lighter] Exiting due to file change in \"node_modules/aloha/package.json\"."]
WARN 2014-11-13T14:50:29.964Z ["[Lighter] Exiting due to file change in \"node_modules/aloha/package.json\"."]
WARN 2014-11-13T14:50:29.970Z ["[Lighter] Exiting due to file change in \"node_modules/aloha/package.json\"."]
ERROR 2014-11-13T14:50:29.981Z ["Worker 53005 died."]
INFO 2014-11-13T14:50:31.197Z ["[Lighter] Models loaded. \u001b[90mx0\u001b[39m"]
INFO 2014-11-13T14:50:31.204Z ["[Lighter] Models loaded. \u001b[90mx0\u001b[39m"]
INFO 2014-11-13T14:50:31.206Z ["[Lighter] Models loaded. \u001b[90mx0\u001b[39m"]
INFO 2014-11-13T14:50:31.212Z ["[Lighter] Models loaded. \u001b[90mx0\u001b[39m"]
INFO 2014-11-13T14:50:31.213Z ["[Lighter] Models loaded. \u001b[90mx0\u001b[39m"]
INFO 2014-11-13T14:50:31.216Z ["[Lighter] Models loaded. \u001b[90mx0\u001b[39m"]
INFO 2014-11-13T14:50:31.220Z ["[Lighter] Models loaded. \u001b[90mx0\u001b[39m"]
INFO 2014-11-13T14:50:31.224Z ["[Lighter] Scripts routed to \"/sly.js\". \u001b[90mx1\u001b[39m"]
INFO 2014-11-13T14:50:31.225Z ["[Lighter] Styles routed to \"/sly.css\". \u001b[90mx1\u001b[39m"]
INFO 2014-11-13T14:50:31.226Z ["[Lighter] Scripts routed to \"/sly.js\". \u001b[90mx1\u001b[39m"]
INFO 2014-11-13T14:50:31.227Z ["[Lighter] Styles routed to \"/sly.css\". \u001b[90mx1\u001b[39m"]
INFO 2014-11-13T14:50:31.227Z ["[Lighter] Models loaded. \u001b[90mx0\u001b[39m"]
INFO 2014-11-13T14:50:31.228Z ["[Lighter] Scripts routed to \"/sly.js\". \u001b[90mx1\u001b[39m"]
INFO 2014-11-13T14:50:31.228Z ["[Lighter] Controllers loaded. \u001b[90mx2\u001b[39m"]
INFO 2014-11-13T14:50:31.230Z ["[Lighter] Controllers loaded. \u001b[90mx2\u001b[39m"]
INFO 2014-11-13T14:50:31.230Z ["[Lighter] Styles routed to \"/sly.css\". \u001b[90mx1\u001b[39m"]
INFO 2014-11-13T14:50:31.231Z ["[Lighter] Scripts routed to \"/sly.js\". \u001b[90mx1\u001b[39m"]
INFO 2014-11-13T14:50:31.231Z ["[Lighter] Scripts routed to \"/sly.js\". \u001b[90mx1\u001b[39m"]
INFO 2014-11-13T14:50:31.232Z ["[Lighter] Scripts routed to \"/sly.js\". \u001b[90mx1\u001b[39m"]
INFO 2014-11-13T14:50:31.233Z ["[Lighter] Styles routed to \"/sly.css\". \u001b[90mx1\u001b[39m"]
INFO 2014-11-13T14:50:31.234Z ["[Lighter] Controllers loaded. \u001b[90mx2\u001b[39m"]
INFO 2014-11-13T14:50:31.234Z ["[Lighter] Styles routed to \"/sly.css\". \u001b[90mx1\u001b[39m"]
INFO 2014-11-13T14:50:31.234Z ["[Lighter] Styles routed to \"/sly.css\". \u001b[90mx1\u001b[39m"]
INFO 2014-11-13T14:50:31.236Z ["[Lighter] Scripts routed to \"/sly.js\". \u001b[90mx1\u001b[39m"]
INFO 2014-11-13T14:50:31.236Z ["[Lighter] Controllers loaded. \u001b[90mx2\u001b[39m"]
INFO 2014-11-13T14:50:31.237Z ["[Lighter] Styles routed to \"/sly.css\". \u001b[90mx1\u001b[39m"]
INFO 2014-11-13T14:50:31.237Z ["[Lighter] Controllers loaded. \u001b[90mx2\u001b[39m"]
INFO 2014-11-13T14:50:31.237Z ["[Lighter] Controllers loaded. \u001b[90mx2\u001b[39m"]
INFO 2014-11-13T14:50:31.240Z ["[Lighter] Controllers loaded. \u001b[90mx2\u001b[39m"]
INFO 2014-11-13T14:50:31.246Z ["[Lighter] Scripts routed to \"/sly.js\". \u001b[90mx1\u001b[39m"]
INFO 2014-11-13T14:50:31.247Z ["[Lighter] Styles routed to \"/sly.css\". \u001b[90mx1\u001b[39m"]
INFO 2014-11-13T14:50:31.250Z ["[Lighter] Controllers loaded. \u001b[90mx2\u001b[39m"]
INFO 2014-11-13T14:50:31.256Z ["[Lighter] Scripts routed to \"/a.js\". \u001b[90mx1\u001b[39m"]
INFO 2014-11-13T14:50:31.256Z ["[Lighter] Scripts routed to \"/a.js\". \u001b[90mx1\u001b[39m"]
INFO 2014-11-13T14:50:31.257Z ["[Lighter] Scripts routed to \"/a.js\". \u001b[90mx1\u001b[39m"]
INFO 2014-11-13T14:50:31.263Z ["[Lighter] Scripts routed to \"/a.js\". \u001b[90mx1\u001b[39m"]
INFO 2014-11-13T14:50:31.265Z ["[Lighter] Scripts routed to \"/a.js\". \u001b[90mx1\u001b[39m"]
INFO 2014-11-13T14:50:31.267Z ["[Lighter] Styles routed to \"/a.css\". \u001b[90mx1\u001b[39m"]
INFO 2014-11-13T14:50:31.268Z ["[Lighter] Scripts routed to \"/a.js\". \u001b[90mx1\u001b[39m"]
INFO 2014-11-13T14:50:31.269Z ["[Lighter] Styles routed to \"/a.css\". \u001b[90mx1\u001b[39m"]
INFO 2014-11-13T14:50:31.270Z ["[Lighter] Styles routed to \"/a.css\". \u001b[90mx1\u001b[39m"]
INFO 2014-11-13T14:50:31.272Z ["[Lighter] Scripts routed to \"/a.js\". \u001b[90mx1\u001b[39m"]
INFO 2014-11-13T14:50:31.273Z ["[Lighter] Styles routed to \"/a.css\". \u001b[90mx1\u001b[39m"]
INFO 2014-11-13T14:50:31.278Z ["[Lighter] Styles routed to \"/a.css\". \u001b[90mx1\u001b[39m"]
INFO 2014-11-13T14:50:31.287Z ["[Lighter] Styles routed to \"/a.css\". \u001b[90mx1\u001b[39m"]
INFO 2014-11-13T14:50:31.292Z ["[Lighter] Scripts routed to \"/a.js\". \u001b[90mx1\u001b[39m"]
INFO 2014-11-13T14:50:31.295Z ["[Lighter] Styles routed to \"/a.css\". \u001b[90mx1\u001b[39m"]
INFO 2014-11-13T14:50:31.315Z ["[Lighter] Styles routed to \"/a.css\". \u001b[90mx1\u001b[39m"]
INFO 2014-11-13T14:50:33.269Z ["[Lighter] Publics loaded. \u001b[90mx48\u001b[39m"]
INFO 2014-11-13T14:50:33.346Z ["[Lighter] Publics loaded. \u001b[90mx48\u001b[39m"]
INFO 2014-11-13T14:50:33.351Z ["[Lighter] Publics loaded. \u001b[90mx48\u001b[39m"]
INFO 2014-11-13T14:50:33.394Z ["[Lighter] Publics loaded. \u001b[90mx48\u001b[39m"]
INFO 2014-11-13T14:50:33.437Z ["[Lighter] Publics loaded. \u001b[90mx48\u001b[39m"]
INFO 2014-11-13T14:50:33.481Z ["[Lighter] Publics loaded. \u001b[90mx48\u001b[39m"]
INFO 2014-11-13T14:50:35.129Z ["[Lighter] Views loaded. \u001b[90mx30\u001b[39m"]
INFO 2014-11-13T14:50:35.422Z ["[Lighter] Views loaded. \u001b[90mx30\u001b[39m"]
INFO 2014-11-13T14:50:35.519Z ["[Lighter] Views loaded. \u001b[90mx30\u001b[39m"]
INFO 2014-11-13T14:50:35.552Z ["[Lighter] Views loaded. \u001b[90mx30\u001b[39m"]
INFO 2014-11-13T14:50:35.586Z ["[Lighter] Publics loaded. \u001b[90mx48\u001b[39m"]
INFO 2014-11-13T14:50:35.606Z ["[D6] Views routed to \"/d6.js\"."]
INFO 2014-11-13T14:50:35.618Z ["[Lighter] Views loaded. \u001b[90mx30\u001b[39m"]
INFO 2014-11-13T14:50:35.621Z ["[Lighter] Views loaded. \u001b[90mx30\u001b[39m"]
INFO 2014-11-13T14:50:35.631Z ["[D6] Views routed to \"/d6.js\"."]
INFO 2014-11-13T14:50:35.643Z ["[Lighter] Publics loaded. \u001b[90mx48\u001b[39m"]
INFO 2014-11-13T14:50:35.657Z ["[D6] Views routed to \"/d6.js\"."]
INFO 2014-11-13T14:50:35.658Z ["[D6] Views routed to \"/d6.js\"."]
INFO 2014-11-13T14:50:35.681Z ["[D6] Views routed to \"/d6.js\"."]
INFO 2014-11-13T14:50:35.682Z ["[D6] Views routed to \"/d6.js\"."]
INFO 2014-11-13T14:50:35.691Z ["[Lighter] Views loaded. \u001b[90mx30\u001b[39m"]
INFO 2014-11-13T14:50:35.707Z ["[Lighter] Views loaded. \u001b[90mx30\u001b[39m"]
INFO 2014-11-13T14:50:35.740Z ["[D6] Views routed to \"/d6.js\"."]
INFO 2014-11-13T14:50:35.753Z ["[D6] Views routed to \"/d6.js\"."]
INFO 2014-11-13T14:50:37.662Z ["[D6] Views routed to \"/d6.js\"."]
INFO 2014-11-13T14:50:37.662Z ["[D6] Views routed to \"/d6.js\"."]
INFO 2014-11-13T14:50:37.662Z ["[D6] Views routed to \"/d6.js\"."]
INFO 2014-11-13T14:50:37.662Z ["[D6] Views routed to \"/d6.js\"."]
INFO 2014-11-13T14:50:37.662Z ["[D6] Views routed to \"/d6.js\"."]
INFO 2014-11-13T14:50:37.662Z ["[D6] Views routed to \"/d6.js\"."]
INFO 2014-11-13T14:50:37.663Z ["[D6] Views routed to \"/d6.js\"."]
INFO 2014-11-13T14:50:37.663Z ["[D6] Views routed to \"/d6.js\"."]
INFO 2014-11-13T14:50:37.664Z ["[D6] Views routed to \"/d6.js\"."]
INFO 2014-11-13T14:50:37.664Z ["[D6] Views routed to \"/d6.js\"."]
INFO 2014-11-13T14:50:37.664Z ["[D6] Views routed to \"/d6.js\"."]
INFO 2014-11-13T14:50:37.666Z ["[D6] Views routed to \"/d6.js\"."]
INFO 2014-11-13T14:50:37.670Z ["[D6] Views routed to \"/d6.js\"."]
INFO 2014-11-13T14:50:37.670Z ["[D6] Views routed to \"/d6.js\"."]
INFO 2014-11-13T14:50:37.670Z ["[D6] Views routed to \"/d6.js\"."]
INFO 2014-11-13T14:50:37.675Z ["[D6] Views routed to \"/d6.js\"."]
INFO 2014-11-13T14:50:40.644Z ["[D6] Views routed to \"/d6.js\"."]
INFO 2014-11-13T14:50:40.645Z ["[D6] Views routed to \"/d6.js\"."]
INFO 2014-11-13T14:50:40.645Z ["[D6] Views routed to \"/d6.js\"."]
INFO 2014-11-13T14:50:40.645Z ["[D6] Views routed to \"/d6.js\"."]
INFO 2014-11-13T14:50:40.645Z ["[D6] Views routed to \"/d6.js\"."]
INFO 2014-11-13T14:50:40.645Z ["[D6] Views routed to \"/d6.js\"."]
INFO 2014-11-13T14:50:40.645Z ["[D6] Views routed to \"/d6.js\"."]
INFO 2014-11-13T14:50:40.646Z ["[D6] Views routed to \"/d6.js\"."]
INFO 2014-11-13T14:50:40.646Z ["[D6] Views routed to \"/d6.js\"."]
INFO 2014-11-13T14:50:40.646Z ["[D6] Views routed to \"/d6.js\"."]
INFO 2014-11-13T14:50:40.648Z ["[D6] Views routed to \"/d6.js\"."]
INFO 2014-11-13T14:50:40.648Z ["[D6] Views routed to \"/d6.js\"."]
INFO 2014-11-13T14:50:40.650Z ["[D6] Views routed to \"/d6.js\"."]
INFO 2014-11-13T14:50:40.650Z ["[D6] Views routed to \"/d6.js\"."]
INFO 2014-11-13T14:50:40.650Z ["[D6] Views routed to \"/d6.js\"."]
INFO 2014-11-13T14:50:40.652Z ["[D6] Views routed to \"/d6.js\"."]
WARN 2014-11-13T14:50:41.767Z ["[Lighter] Exiting due to file change in \"node_modules/aloha/package.json\"."]
WARN 2014-11-13T14:50:41.768Z ["[Lighter] Exiting due to file change in \"node_modules/aloha/package.json\"."]
WARN 2014-11-13T14:50:41.768Z ["[Lighter] Exiting due to file change in \"node_modules/aloha/package.json\"."]
WARN 2014-11-13T14:50:41.768Z ["[Lighter] Exiting due to file change in \"node_modules/aloha/package.json\"."]
WARN 2014-11-13T14:50:41.769Z ["[Lighter] Exiting due to file change in \"node_modules/aloha/package.json\"."]
WARN 2014-11-13T14:50:41.769Z ["[Lighter] Exiting due to file change in \"node_modules/aloha/package.json\"."]
WARN 2014-11-13T14:50:41.769Z ["[Lighter] Exiting due to file change in \"node_modules/aloha/package.json\"."]
ERROR 2014-11-13T14:50:41.799Z ["Worker 53630 died."]
INFO 2014-11-13T14:50:42.942Z ["[Lighter] Models loaded. \u001b[90mx0\u001b[39m"]
INFO 2014-11-13T14:50:42.948Z ["[Lighter] Models loaded. \u001b[90mx0\u001b[39m"]
INFO 2014-11-13T14:50:42.954Z ["[Lighter] Models loaded. \u001b[90mx0\u001b[39m"]
INFO 2014-11-13T14:50:42.954Z ["[Lighter] Models loaded. \u001b[90mx0\u001b[39m"]
INFO 2014-11-13T14:50:42.958Z ["[Lighter] Models loaded. \u001b[90mx0\u001b[39m"]
INFO 2014-11-13T14:50:42.958Z ["[Lighter] Models loaded. \u001b[90mx0\u001b[39m"]
INFO 2014-11-13T14:50:42.959Z ["[Lighter] Models loaded. \u001b[90mx0\u001b[39m"]
INFO 2014-11-13T14:50:42.963Z ["[Lighter] Scripts routed to \"/sly.js\". \u001b[90mx1\u001b[39m"]
INFO 2014-11-13T14:50:42.964Z ["[Lighter] Scripts routed to \"/sly.js\". \u001b[90mx1\u001b[39m"]
INFO 2014-11-13T14:50:42.965Z ["[Lighter] Styles routed to \"/sly.css\". \u001b[90mx1\u001b[39m"]
INFO 2014-11-13T14:50:42.966Z ["[Lighter] Styles routed to \"/sly.css\". \u001b[90mx1\u001b[39m"]
INFO 2014-11-13T14:50:42.969Z ["[Lighter] Controllers loaded. \u001b[90mx2\u001b[39m"]
INFO 2014-11-13T14:50:42.970Z ["[Lighter] Controllers loaded. \u001b[90mx2\u001b[39m"]
INFO 2014-11-13T14:50:42.972Z ["[Lighter] Scripts routed to \"/sly.js\". \u001b[90mx1\u001b[39m"]
INFO 2014-11-13T14:50:42.973Z ["[Lighter] Scripts routed to \"/sly.js\". \u001b[90mx1\u001b[39m"]
INFO 2014-11-13T14:50:42.973Z ["[Lighter] Styles routed to \"/sly.css\". \u001b[90mx1\u001b[39m"]
INFO 2014-11-13T14:50:42.973Z ["[Lighter] Scripts routed to \"/sly.js\". \u001b[90mx1\u001b[39m"]
INFO 2014-11-13T14:50:42.974Z ["[Lighter] Styles routed to \"/sly.css\". \u001b[90mx1\u001b[39m"]
INFO 2014-11-13T14:50:42.975Z ["[Lighter] Styles routed to \"/sly.css\". \u001b[90mx1\u001b[39m"]
INFO 2014-11-13T14:50:42.975Z ["[Lighter] Scripts routed to \"/sly.js\". \u001b[90mx1\u001b[39m"]
INFO 2014-11-13T14:50:42.976Z ["[Lighter] Styles routed to \"/sly.css\". \u001b[90mx1\u001b[39m"]
INFO 2014-11-13T14:50:42.976Z ["[Lighter] Controllers loaded. \u001b[90mx2\u001b[39m"]
INFO 2014-11-13T14:50:42.976Z ["[Lighter] Scripts routed to \"/sly.js\". \u001b[90mx1\u001b[39m"]
INFO 2014-11-13T14:50:42.977Z ["[Lighter] Controllers loaded. \u001b[90mx2\u001b[39m"]
INFO 2014-11-13T14:50:42.978Z ["[Lighter] Controllers loaded. \u001b[90mx2\u001b[39m"]
INFO 2014-11-13T14:50:42.978Z ["[Lighter] Styles routed to \"/sly.css\". \u001b[90mx1\u001b[39m"]
INFO 2014-11-13T14:50:42.979Z ["[Lighter] Controllers loaded. \u001b[90mx2\u001b[39m"]
INFO 2014-11-13T14:50:42.981Z ["[Lighter] Controllers loaded. \u001b[90mx2\u001b[39m"]
INFO 2014-11-13T14:50:42.982Z ["[Lighter] Models loaded. \u001b[90mx0\u001b[39m"]
INFO 2014-11-13T14:50:42.997Z ["[Lighter] Scripts routed to \"/sly.js\". \u001b[90mx1\u001b[39m"]
INFO 2014-11-13T14:50:43.000Z ["[Lighter] Styles routed to \"/sly.css\". \u001b[90mx1\u001b[39m"]
INFO 2014-11-13T14:50:43.000Z ["[Lighter] Scripts routed to \"/a.js\". \u001b[90mx1\u001b[39m"]
INFO 2014-11-13T14:50:43.000Z ["[Lighter] Scripts routed to \"/a.js\". \u001b[90mx1\u001b[39m"]
INFO 2014-11-13T14:50:43.002Z ["[Lighter] Scripts routed to \"/a.js\". \u001b[90mx1\u001b[39m"]
INFO 2014-11-13T14:50:43.005Z ["[Lighter] Controllers loaded. \u001b[90mx2\u001b[39m"]
INFO 2014-11-13T14:50:43.005Z ["[Lighter] Scripts routed to \"/a.js\". \u001b[90mx1\u001b[39m"]
INFO 2014-11-13T14:50:43.006Z ["[Lighter] Scripts routed to \"/a.js\". \u001b[90mx1\u001b[39m"]
INFO 2014-11-13T14:50:43.008Z ["[Lighter] Styles routed to \"/a.css\". \u001b[90mx1\u001b[39m"]
INFO 2014-11-13T14:50:43.012Z ["[Lighter] Styles routed to \"/a.css\". \u001b[90mx1\u001b[39m"]
INFO 2014-11-13T14:50:43.017Z ["[Lighter] Styles routed to \"/a.css\". \u001b[90mx1\u001b[39m"]
INFO 2014-11-13T14:50:43.050Z ["[Lighter] Styles routed to \"/a.css\". \u001b[90mx1\u001b[39m"]
INFO 2014-11-13T14:50:43.050Z ["[Lighter] Styles routed to \"/a.css\". \u001b[90mx1\u001b[39m"]
INFO 2014-11-13T14:50:43.053Z ["[Lighter] Scripts routed to \"/a.js\". \u001b[90mx1\u001b[39m"]
INFO 2014-11-13T14:50:43.069Z ["[Lighter] Scripts routed to \"/a.js\". \u001b[90mx1\u001b[39m"]
INFO 2014-11-13T14:50:43.077Z ["[Lighter] Styles routed to \"/a.css\". \u001b[90mx1\u001b[39m"]
INFO 2014-11-13T14:50:43.092Z ["[Lighter] Styles routed to \"/a.css\". \u001b[90mx1\u001b[39m"]
INFO 2014-11-13T14:50:43.107Z ["[Lighter] Scripts routed to \"/a.js\". \u001b[90mx1\u001b[39m"]
INFO 2014-11-13T14:50:43.117Z ["[Lighter] Styles routed to \"/a.css\". \u001b[90mx1\u001b[39m"]
INFO 2014-11-13T14:50:44.993Z ["[Lighter] Publics loaded. \u001b[90mx48\u001b[39m"]
INFO 2014-11-13T14:50:45.037Z ["[Lighter] Publics loaded. \u001b[90mx48\u001b[39m"]
INFO 2014-11-13T14:50:45.064Z ["[Lighter] Publics loaded. \u001b[90mx48\u001b[39m"]
INFO 2014-11-13T14:50:45.082Z ["[Lighter] Publics loaded. \u001b[90mx48\u001b[39m"]
INFO 2014-11-13T14:50:45.136Z ["[Lighter] Publics loaded. \u001b[90mx48\u001b[39m"]
INFO 2014-11-13T14:50:45.189Z ["[Lighter] Publics loaded. \u001b[90mx48\u001b[39m"]
INFO 2014-11-13T14:50:45.269Z ["[Lighter] Publics loaded. \u001b[90mx48\u001b[39m"]
INFO 2014-11-13T14:50:46.818Z ["[Lighter] Views loaded. \u001b[90mx30\u001b[39m"]
INFO 2014-11-13T14:50:46.959Z ["[Lighter] Views loaded. \u001b[90mx30\u001b[39m"]
INFO 2014-11-13T14:50:47.009Z ["[Lighter] Views loaded. \u001b[90mx30\u001b[39m"]
INFO 2014-11-13T14:50:47.029Z ["[Lighter] Views loaded. \u001b[90mx30\u001b[39m"]
INFO 2014-11-13T14:50:47.041Z ["[D6] Views routed to \"/d6.js\"."]
INFO 2014-11-13T14:50:47.046Z ["[D6] Views routed to \"/d6.js\"."]
INFO 2014-11-13T14:50:47.048Z ["[Lighter] Views loaded. \u001b[90mx30\u001b[39m"]
INFO 2014-11-13T14:50:47.066Z ["[D6] Views routed to \"/d6.js\"."]
INFO 2014-11-13T14:50:47.074Z ["[Lighter] Publics loaded. \u001b[90mx48\u001b[39m"]
INFO 2014-11-13T14:50:47.075Z ["[D6] Views routed to \"/d6.js\"."]
INFO 2014-11-13T14:50:47.093Z ["[D6] Views routed to \"/d6.js\"."]
INFO 2014-11-13T14:50:47.106Z ["[Lighter] Views loaded. \u001b[90mx30\u001b[39m"]
INFO 2014-11-13T14:50:47.114Z ["[Lighter] Views loaded. \u001b[90mx30\u001b[39m"]
INFO 2014-11-13T14:50:47.127Z ["[D6] Views routed to \"/d6.js\"."]
INFO 2014-11-13T14:50:47.138Z ["[D6] Views routed to \"/d6.js\"."]
INFO 2014-11-13T14:50:47.151Z ["[Lighter] Views loaded. \u001b[90mx30\u001b[39m"]
INFO 2014-11-13T14:50:47.170Z ["[D6] Views routed to \"/d6.js\"."]
INFO 2014-11-13T14:50:55.271Z ["[D6] Views routed to \"/d6.js\"."]
INFO 2014-11-13T14:50:55.274Z ["[D6] Views routed to \"/d6.js\"."]
INFO 2014-11-13T14:50:55.275Z ["[D6] Views routed to \"/d6.js\"."]
INFO 2014-11-13T14:50:55.276Z ["[D6] Views routed to \"/d6.js\"."]
INFO 2014-11-13T14:50:55.285Z ["[D6] Views routed to \"/d6.js\"."]
INFO 2014-11-13T14:50:55.286Z ["[D6] Views routed to \"/d6.js\"."]
INFO 2014-11-13T14:50:55.286Z ["[D6] Views routed to \"/d6.js\"."]
INFO 2014-11-13T14:50:55.286Z ["[D6] Views routed to \"/d6.js\"."]
INFO 2014-11-13T14:50:55.287Z ["[D6] Views routed to \"/d6.js\"."]
INFO 2014-11-13T14:50:55.288Z ["[D6] Views routed to \"/d6.js\"."]
INFO 2014-11-13T14:50:55.289Z ["[D6] Views routed to \"/d6.js\"."]
INFO 2014-11-13T14:50:55.289Z ["[D6] Views routed to \"/d6.js\"."]
INFO 2014-11-13T14:50:55.290Z ["[D6] Views routed to \"/d6.js\"."]
INFO 2014-11-13T14:50:55.291Z ["[D6] Views routed to \"/d6.js\"."]
INFO 2014-11-13T14:50:55.291Z ["[D6] Views routed to \"/d6.js\"."]
INFO 2014-11-13T14:50:55.293Z ["[D6] Views routed to \"/d6.js\"."]
WARN 2014-11-13T14:50:56.387Z ["[Lighter] Exiting due to file change in \"node_modules/aloha/package.json\"."]
WARN 2014-11-13T14:50:56.387Z ["[Lighter] Exiting due to file change in \"node_modules/aloha/package.json\"."]
WARN 2014-11-13T14:50:56.388Z ["[Lighter] Exiting due to file change in \"node_modules/aloha/package.json\"."]
WARN 2014-11-13T14:50:56.388Z ["[Lighter] Exiting due to file change in \"node_modules/aloha/package.json\"."]
WARN 2014-11-13T14:50:56.388Z ["[Lighter] Exiting due to file change in \"node_modules/aloha/package.json\"."]
INFO 2014-11-13T14:50:57.575Z ["[Lighter] Models loaded. \u001b[90mx0\u001b[39m"]
INFO 2014-11-13T14:50:57.579Z ["[Lighter] Models loaded. \u001b[90mx0\u001b[39m"]
INFO 2014-11-13T14:50:57.580Z ["[Lighter] Models loaded. \u001b[90mx0\u001b[39m"]
INFO 2014-11-13T14:50:57.589Z ["[Lighter] Models loaded. \u001b[90mx0\u001b[39m"]
INFO 2014-11-13T14:50:57.590Z ["[Lighter] Models loaded. \u001b[90mx0\u001b[39m"]
INFO 2014-11-13T14:50:57.595Z ["[Lighter] Models loaded. \u001b[90mx0\u001b[39m"]
INFO 2014-11-13T14:50:57.601Z ["[Lighter] Models loaded. \u001b[90mx0\u001b[39m"]
INFO 2014-11-13T14:50:57.602Z ["[Lighter] Models loaded. \u001b[90mx0\u001b[39m"]
INFO 2014-11-13T14:50:57.608Z ["[Lighter] Scripts routed to \"/sly.js\". \u001b[90mx1\u001b[39m"]
INFO 2014-11-13T14:50:57.609Z ["[Lighter] Scripts routed to \"/sly.js\". \u001b[90mx1\u001b[39m"]
INFO 2014-11-13T14:50:57.609Z ["[Lighter] Styles routed to \"/sly.css\". \u001b[90mx1\u001b[39m"]
INFO 2014-11-13T14:50:57.611Z ["[Lighter] Scripts routed to \"/sly.js\". \u001b[90mx1\u001b[39m"]
INFO 2014-11-13T14:50:57.612Z ["[Lighter] Styles routed to \"/sly.css\". \u001b[90mx1\u001b[39m"]
INFO 2014-11-13T14:50:57.612Z ["[Lighter] Controllers loaded. \u001b[90mx2\u001b[39m"]
INFO 2014-11-13T14:50:57.613Z ["[Lighter] Styles routed to \"/sly.css\". \u001b[90mx1\u001b[39m"]
INFO 2014-11-13T14:50:57.614Z ["[Lighter] Scripts routed to \"/sly.js\". \u001b[90mx1\u001b[39m"]
INFO 2014-11-13T14:50:57.614Z ["[Lighter] Controllers loaded. \u001b[90mx2\u001b[39m"]
INFO 2014-11-13T14:50:57.616Z ["[Lighter] Controllers loaded. \u001b[90mx2\u001b[39m"]
INFO 2014-11-13T14:50:57.617Z ["[Lighter] Styles routed to \"/sly.css\". \u001b[90mx1\u001b[39m"]
INFO 2014-11-13T14:50:57.620Z ["[Lighter] Scripts routed to \"/sly.js\". \u001b[90mx1\u001b[39m"]
INFO 2014-11-13T14:50:57.621Z ["[Lighter] Scripts routed to \"/sly.js\". \u001b[90mx1\u001b[39m"]
INFO 2014-11-13T14:50:57.622Z ["[Lighter] Controllers loaded. \u001b[90mx2\u001b[39m"]
INFO 2014-11-13T14:50:57.623Z ["[Lighter] Scripts routed to \"/sly.js\". \u001b[90mx1\u001b[39m"]
INFO 2014-11-13T14:50:57.623Z ["[Lighter] Styles routed to \"/sly.css\". \u001b[90mx1\u001b[39m"]
INFO 2014-11-13T14:50:57.623Z ["[Lighter] Styles routed to \"/sly.css\". \u001b[90mx1\u001b[39m"]
INFO 2014-11-13T14:50:57.624Z ["[Lighter] Styles routed to \"/sly.css\". \u001b[90mx1\u001b[39m"]
INFO 2014-11-13T14:50:57.624Z ["[Lighter] Scripts routed to \"/sly.js\". \u001b[90mx1\u001b[39m"]
INFO 2014-11-13T14:50:57.626Z ["[Lighter] Controllers loaded. \u001b[90mx2\u001b[39m"]
INFO 2014-11-13T14:50:57.626Z ["[Lighter] Controllers loaded. \u001b[90mx2\u001b[39m"]
INFO 2014-11-13T14:50:57.627Z ["[Lighter] Styles routed to \"/sly.css\". \u001b[90mx1\u001b[39m"]
INFO 2014-11-13T14:50:57.629Z ["[Lighter] Controllers loaded. \u001b[90mx2\u001b[39m"]
INFO 2014-11-13T14:50:57.629Z ["[Lighter] Controllers loaded. \u001b[90mx2\u001b[39m"]
INFO 2014-11-13T14:50:57.641Z ["[Lighter] Scripts routed to \"/a.js\". \u001b[90mx1\u001b[39m"]
INFO 2014-11-13T14:50:57.645Z ["[Lighter] Scripts routed to \"/a.js\". \u001b[90mx1\u001b[39m"]
INFO 2014-11-13T14:50:57.647Z ["[Lighter] Scripts routed to \"/a.js\". \u001b[90mx1\u001b[39m"]
INFO 2014-11-13T14:50:57.648Z ["[Lighter] Styles routed to \"/a.css\". \u001b[90mx1\u001b[39m"]
INFO 2014-11-13T14:50:57.649Z ["[Lighter] Scripts routed to \"/a.js\". \u001b[90mx1\u001b[39m"]
INFO 2014-11-13T14:50:57.655Z ["[Lighter] Scripts routed to \"/a.js\". \u001b[90mx1\u001b[39m"]
INFO 2014-11-13T14:50:57.655Z ["[Lighter] Styles routed to \"/a.css\". \u001b[90mx1\u001b[39m"]
INFO 2014-11-13T14:50:57.656Z ["[Lighter] Styles routed to \"/a.css\". \u001b[90mx1\u001b[39m"]
INFO 2014-11-13T14:50:57.658Z ["[Lighter] Scripts routed to \"/a.js\". \u001b[90mx1\u001b[39m"]
INFO 2014-11-13T14:50:57.662Z ["[Lighter] Styles routed to \"/a.css\". \u001b[90mx1\u001b[39m"]
INFO 2014-11-13T14:50:57.665Z ["[Lighter] Styles routed to \"/a.css\". \u001b[90mx1\u001b[39m"]
INFO 2014-11-13T14:50:57.668Z ["[Lighter] Scripts routed to \"/a.js\". \u001b[90mx1\u001b[39m"]
INFO 2014-11-13T14:50:57.669Z ["[Lighter] Styles routed to \"/a.css\". \u001b[90mx1\u001b[39m"]
INFO 2014-11-13T14:50:57.675Z ["[Lighter] Styles routed to \"/a.css\". \u001b[90mx1\u001b[39m"]
INFO 2014-11-13T14:50:57.687Z ["[Lighter] Scripts routed to \"/a.js\". \u001b[90mx1\u001b[39m"]
INFO 2014-11-13T14:50:57.690Z ["[Lighter] Styles routed to \"/a.css\". \u001b[90mx1\u001b[39m"]
INFO 2014-11-13T14:50:59.586Z ["[Lighter] Publics loaded. \u001b[90mx48\u001b[39m"]
INFO 2014-11-13T14:50:59.603Z ["[Lighter] Publics loaded. \u001b[90mx48\u001b[39m"]
INFO 2014-11-13T14:50:59.663Z ["[Lighter] Publics loaded. \u001b[90mx48\u001b[39m"]
INFO 2014-11-13T14:50:59.668Z ["[Lighter] Publics loaded. \u001b[90mx48\u001b[39m"]
INFO 2014-11-13T14:50:59.669Z ["[Lighter] Publics loaded. \u001b[90mx48\u001b[39m"]
INFO 2014-11-13T14:50:59.746Z ["[Lighter] Publics loaded. \u001b[90mx48\u001b[39m"]
