INFO 2014-11-13T20:30:34.364Z ["[D6] Views routed to \"/d6.js\"."]
INFO 2014-11-13T20:30:34.364Z ["[D6] Views routed to \"/d6.js\"."]
INFO 2014-11-13T20:30:34.366Z ["[D6] Views routed to \"/d6.js\"."]
INFO 2014-11-13T20:30:34.366Z ["[D6] Views routed to \"/d6.js\"."]
INFO 2014-11-13T20:30:34.366Z ["[D6] Views routed to \"/d6.js\"."]
INFO 2014-11-13T20:30:34.367Z ["[D6] Views routed to \"/d6.js\"."]
INFO 2014-11-13T20:30:34.369Z ["[D6] Views routed to \"/d6.js\"."]
INFO 2014-11-13T20:30:34.373Z ["[D6] Views routed to \"/d6.js\"."]
WARN 2014-11-13T20:30:35.410Z ["[Lighter] Exiting due to file change in \"node_modules/beams/package.json\"."]
WARN 2014-11-13T20:30:35.410Z ["[Lighter] Exiting due to file change in \"node_modules/beams/package.json\"."]
WARN 2014-11-13T20:30:35.410Z ["[Lighter] Exiting due to file change in \"node_modules/beams/package.json\"."]
WARN 2014-11-13T20:30:35.410Z ["[Lighter] Exiting due to file change in \"node_modules/beams/package.json\"."]
WARN 2014-11-13T20:30:35.410Z ["[Lighter] Exiting due to file change in \"node_modules/beams/package.json\"."]
WARN 2014-11-13T20:30:35.410Z ["[Lighter] Exiting due to file change in \"node_modules/beams/package.json\"."]
WARN 2014-11-13T20:30:35.410Z ["[Lighter] Exiting due to file change in \"node_modules/beams/package.json\"."]
WARN 2014-11-13T20:30:35.410Z ["[Lighter] Exiting due to file change in \"node_modules/beams/package.json\"."]
ERROR 2014-11-13T20:30:35.443Z ["Worker 57301 died."]
INFO 2014-11-13T20:30:36.628Z ["[Lighter] Models loaded. \u001b[90mx0\u001b[39m"]
INFO 2014-11-13T20:30:36.631Z ["[Lighter] Models loaded. \u001b[90mx0\u001b[39m"]
INFO 2014-11-13T20:30:36.632Z ["[Lighter] Models loaded. \u001b[90mx0\u001b[39m"]
INFO 2014-11-13T20:30:36.637Z ["[Lighter] Models loaded. \u001b[90mx0\u001b[39m"]
INFO 2014-11-13T20:30:36.637Z ["[Lighter] Models loaded. \u001b[90mx0\u001b[39m"]
INFO 2014-11-13T20:30:36.645Z ["[Lighter] Scripts routed to \"/sly.js\". \u001b[90mx1\u001b[39m"]
INFO 2014-11-13T20:30:36.645Z ["[Lighter] Models loaded. \u001b[90mx0\u001b[39m"]
INFO 2014-11-13T20:30:36.646Z ["[Lighter] Styles routed to \"/sly.css\". \u001b[90mx1\u001b[39m"]
INFO 2014-11-13T20:30:36.648Z ["[Lighter] Controllers loaded. \u001b[90mx2\u001b[39m"]
INFO 2014-11-13T20:30:36.651Z ["[Lighter] Scripts routed to \"/sly.js\". \u001b[90mx1\u001b[39m"]
INFO 2014-11-13T20:30:36.652Z ["[Lighter] Scripts routed to \"/sly.js\". \u001b[90mx1\u001b[39m"]
INFO 2014-11-13T20:30:36.652Z ["[Lighter] Scripts routed to \"/sly.js\". \u001b[90mx1\u001b[39m"]
INFO 2014-11-13T20:30:36.652Z ["[Lighter] Models loaded. \u001b[90mx0\u001b[39m"]
INFO 2014-11-13T20:30:36.653Z ["[Lighter] Styles routed to \"/sly.css\". \u001b[90mx1\u001b[39m"]
INFO 2014-11-13T20:30:36.653Z ["[Lighter] Styles routed to \"/sly.css\". \u001b[90mx1\u001b[39m"]
INFO 2014-11-13T20:30:36.654Z ["[Lighter] Styles routed to \"/sly.css\". \u001b[90mx1\u001b[39m"]
INFO 2014-11-13T20:30:36.656Z ["[Lighter] Models loaded. \u001b[90mx0\u001b[39m"]
INFO 2014-11-13T20:30:36.657Z ["[Lighter] Controllers loaded. \u001b[90mx2\u001b[39m"]
INFO 2014-11-13T20:30:36.658Z ["[Lighter] Controllers loaded. \u001b[90mx2\u001b[39m"]
INFO 2014-11-13T20:30:36.660Z ["[Lighter] Scripts routed to \"/sly.js\". \u001b[90mx1\u001b[39m"]
INFO 2014-11-13T20:30:36.660Z ["[Lighter] Styles routed to \"/sly.css\". \u001b[90mx1\u001b[39m"]
INFO 2014-11-13T20:30:36.661Z ["[Lighter] Controllers loaded. \u001b[90mx2\u001b[39m"]
INFO 2014-11-13T20:30:36.661Z ["[Lighter] Scripts routed to \"/sly.js\". \u001b[90mx1\u001b[39m"]
INFO 2014-11-13T20:30:36.662Z ["[Lighter] Styles routed to \"/sly.css\". \u001b[90mx1\u001b[39m"]
INFO 2014-11-13T20:30:36.663Z ["[Lighter] Controllers loaded. \u001b[90mx2\u001b[39m"]
INFO 2014-11-13T20:30:36.665Z ["[Lighter] Controllers loaded. \u001b[90mx2\u001b[39m"]
INFO 2014-11-13T20:30:36.668Z ["[Lighter] Scripts routed to \"/sly.js\". \u001b[90mx1\u001b[39m"]
INFO 2014-11-13T20:30:36.669Z ["[Lighter] Styles routed to \"/sly.css\". \u001b[90mx1\u001b[39m"]
INFO 2014-11-13T20:30:36.672Z ["[Lighter] Scripts routed to \"/sly.js\". \u001b[90mx1\u001b[39m"]
INFO 2014-11-13T20:30:36.673Z ["[Lighter] Scripts routed to \"/a.js\". \u001b[90mx1\u001b[39m"]
INFO 2014-11-13T20:30:36.673Z ["[Lighter] Styles routed to \"/sly.css\". \u001b[90mx1\u001b[39m"]
INFO 2014-11-13T20:30:36.673Z ["[Lighter] Controllers loaded. \u001b[90mx2\u001b[39m"]
INFO 2014-11-13T20:30:36.678Z ["[Lighter] Controllers loaded. \u001b[90mx2\u001b[39m"]
INFO 2014-11-13T20:30:36.679Z ["[Lighter] Styles routed to \"/a.css\". \u001b[90mx1\u001b[39m"]
INFO 2014-11-13T20:30:36.684Z ["[Lighter] Scripts routed to \"/a.js\". \u001b[90mx1\u001b[39m"]
INFO 2014-11-13T20:30:36.690Z ["[Lighter] Scripts routed to \"/a.js\". \u001b[90mx1\u001b[39m"]
INFO 2014-11-13T20:30:36.691Z ["[Lighter] Scripts routed to \"/a.js\". \u001b[90mx1\u001b[39m"]
INFO 2014-11-13T20:30:36.693Z ["[Lighter] Styles routed to \"/a.css\". \u001b[90mx1\u001b[39m"]
INFO 2014-11-13T20:30:36.694Z ["[Lighter] Scripts routed to \"/a.js\". \u001b[90mx1\u001b[39m"]
INFO 2014-11-13T20:30:36.695Z ["[Lighter] Scripts routed to \"/a.js\". \u001b[90mx1\u001b[39m"]
INFO 2014-11-13T20:30:36.699Z ["[Lighter] Styles routed to \"/a.css\". \u001b[90mx1\u001b[39m"]
INFO 2014-11-13T20:30:36.699Z ["[Lighter] Styles routed to \"/a.css\". \u001b[90mx1\u001b[39m"]
INFO 2014-11-13T20:30:36.702Z ["[Lighter] Styles routed to \"/a.css\". \u001b[90mx1\u001b[39m"]
INFO 2014-11-13T20:30:36.705Z ["[Lighter] Styles routed to \"/a.css\". \u001b[90mx1\u001b[39m"]
INFO 2014-11-13T20:30:36.712Z ["[Lighter] Scripts routed to \"/a.js\". \u001b[90mx1\u001b[39m"]
INFO 2014-11-13T20:30:36.719Z ["[Lighter] Styles routed to \"/a.css\". \u001b[90mx1\u001b[39m"]
INFO 2014-11-13T20:30:36.720Z ["[Lighter] Scripts routed to \"/a.js\". \u001b[90mx1\u001b[39m"]
INFO 2014-11-13T20:30:36.723Z ["[Lighter] Styles routed to \"/a.css\". \u001b[90mx1\u001b[39m"]
INFO 2014-11-13T20:30:38.690Z ["[Lighter] Publics loaded. \u001b[90mx48\u001b[39m"]
INFO 2014-11-13T20:30:38.693Z ["[Lighter] Publics loaded. \u001b[90mx48\u001b[39m"]
INFO 2014-11-13T20:30:38.743Z ["[Lighter] Publics loaded. \u001b[90mx48\u001b[39m"]
INFO 2014-11-13T20:30:38.797Z ["[Lighter] Publics loaded. \u001b[90mx48\u001b[39m"]
INFO 2014-11-13T20:30:38.800Z ["[Lighter] Publics loaded. \u001b[90mx48\u001b[39m"]
INFO 2014-11-13T20:30:38.821Z ["[Lighter] Publics loaded. \u001b[90mx48\u001b[39m"]
INFO 2014-11-13T20:30:40.386Z ["[Lighter] Views loaded. \u001b[90mx30\u001b[39m"]
INFO 2014-11-13T20:30:40.455Z ["[Lighter] Views loaded. \u001b[90mx30\u001b[39m"]
INFO 2014-11-13T20:30:40.711Z ["[Lighter] Views loaded. \u001b[90mx30\u001b[39m"]
INFO 2014-11-13T20:30:40.716Z ["[Lighter] Views loaded. \u001b[90mx30\u001b[39m"]
INFO 2014-11-13T20:30:40.725Z ["[Lighter] Publics loaded. \u001b[90mx48\u001b[39m"]
INFO 2014-11-13T20:30:40.761Z ["[D6] Views routed to \"/d6.js\"."]
INFO 2014-11-13T20:30:40.762Z ["[Lighter] Publics loaded. \u001b[90mx48\u001b[39m"]
INFO 2014-11-13T20:30:40.762Z ["[D6] Views routed to \"/d6.js\"."]
INFO 2014-11-13T20:30:40.767Z ["[D6] Views routed to \"/d6.js\"."]
INFO 2014-11-13T20:30:40.787Z ["[D6] Views routed to \"/d6.js\"."]
INFO 2014-11-13T20:30:40.832Z ["[Lighter] Views loaded. \u001b[90mx30\u001b[39m"]
INFO 2014-11-13T20:30:40.843Z ["[Lighter] Views loaded. \u001b[90mx30\u001b[39m"]
INFO 2014-11-13T20:30:40.854Z ["[D6] Views routed to \"/d6.js\"."]
INFO 2014-11-13T20:30:40.865Z ["[D6] Views routed to \"/d6.js\"."]
INFO 2014-11-13T20:30:40.866Z ["[Lighter] Views loaded. \u001b[90mx30\u001b[39m"]
INFO 2014-11-13T20:30:40.867Z ["[Lighter] Views loaded. \u001b[90mx30\u001b[39m"]
INFO 2014-11-13T20:30:40.884Z ["[D6] Views routed to \"/d6.js\"."]
INFO 2014-11-13T20:30:40.886Z ["[D6] Views routed to \"/d6.js\"."]
