INFO 2014-11-12T21:09:10.908Z ["[Lighter] Models loaded. \u001b[90mx0\u001b[39m"]
INFO 2014-11-12T21:09:10.910Z ["[Lighter] Models loaded. \u001b[90mx0\u001b[39m"]
INFO 2014-11-12T21:09:10.912Z ["[Lighter] Models loaded. \u001b[90mx0\u001b[39m"]
INFO 2014-11-12T21:09:10.914Z ["[Lighter] Models loaded. \u001b[90mx0\u001b[39m"]
INFO 2014-11-12T21:09:10.916Z ["[Lighter] Models loaded. \u001b[90mx0\u001b[39m"]
INFO 2014-11-12T21:09:10.920Z ["[Lighter] Models loaded. \u001b[90mx0\u001b[39m"]
INFO 2014-11-12T21:09:10.924Z ["[Lighter] Models loaded. \u001b[90mx0\u001b[39m"]
INFO 2014-11-12T21:09:10.926Z ["[Lighter] Scripts routed to \"/sly.js\". \u001b[90mx1\u001b[39m"]
INFO 2014-11-12T21:09:10.927Z ["[Lighter] Scripts routed to \"/sly.js\". \u001b[90mx1\u001b[39m"]
INFO 2014-11-12T21:09:10.928Z ["[Lighter] Styles routed to \"/sly.css\". \u001b[90mx1\u001b[39m"]
INFO 2014-11-12T21:09:10.929Z ["[Lighter] Scripts routed to \"/sly.js\". \u001b[90mx1\u001b[39m"]
INFO 2014-11-12T21:09:10.929Z ["[Lighter] Styles routed to \"/sly.css\". \u001b[90mx1\u001b[39m"]
INFO 2014-11-12T21:09:10.930Z ["[Lighter] Scripts routed to \"/sly.js\". \u001b[90mx1\u001b[39m"]
INFO 2014-11-12T21:09:10.930Z ["[Lighter] Styles routed to \"/sly.css\". \u001b[90mx1\u001b[39m"]
INFO 2014-11-12T21:09:10.931Z ["[Lighter] Models loaded. \u001b[90mx0\u001b[39m"]
INFO 2014-11-12T21:09:10.931Z ["[Lighter] Controllers loaded. \u001b[90mx2\u001b[39m"]
INFO 2014-11-12T21:09:10.932Z ["[Lighter] Styles routed to \"/sly.css\". \u001b[90mx1\u001b[39m"]
INFO 2014-11-12T21:09:10.933Z ["[Lighter] Controllers loaded. \u001b[90mx2\u001b[39m"]
INFO 2014-11-12T21:09:10.934Z ["[Lighter] Controllers loaded. \u001b[90mx2\u001b[39m"]
INFO 2014-11-12T21:09:10.934Z ["[Lighter] Scripts routed to \"/sly.js\". \u001b[90mx1\u001b[39m"]
INFO 2014-11-12T21:09:10.934Z ["[Lighter] Scripts routed to \"/sly.js\". \u001b[90mx1\u001b[39m"]
INFO 2014-11-12T21:09:10.935Z ["[Lighter] Styles routed to \"/sly.css\". \u001b[90mx1\u001b[39m"]
INFO 2014-11-12T21:09:10.935Z ["[Lighter] Styles routed to \"/sly.css\". \u001b[90mx1\u001b[39m"]
INFO 2014-11-12T21:09:10.937Z ["[Lighter] Controllers loaded. \u001b[90mx2\u001b[39m"]
INFO 2014-11-12T21:09:10.937Z ["[Lighter] Scripts routed to \"/sly.js\". \u001b[90mx1\u001b[39m"]
INFO 2014-11-12T21:09:10.938Z ["[Lighter] Styles routed to \"/sly.css\". \u001b[90mx1\u001b[39m"]
INFO 2014-11-12T21:09:10.940Z ["[Lighter] Controllers loaded. \u001b[90mx2\u001b[39m"]
INFO 2014-11-12T21:09:10.941Z ["[Lighter] Controllers loaded. \u001b[90mx2\u001b[39m"]
INFO 2014-11-12T21:09:10.941Z ["[Lighter] Controllers loaded. \u001b[90mx2\u001b[39m"]
INFO 2014-11-12T21:09:10.945Z ["[Lighter] Scripts routed to \"/sly.js\". \u001b[90mx1\u001b[39m"]
INFO 2014-11-12T21:09:10.946Z ["[Lighter] Styles routed to \"/sly.css\". \u001b[90mx1\u001b[39m"]
INFO 2014-11-12T21:09:10.949Z ["[Lighter] Controllers loaded. \u001b[90mx2\u001b[39m"]
INFO 2014-11-12T21:09:10.960Z ["[Lighter] Scripts routed to \"/a.js\". \u001b[90mx1\u001b[39m"]
INFO 2014-11-12T21:09:10.962Z ["[Lighter] Scripts routed to \"/a.js\". \u001b[90mx1\u001b[39m"]
INFO 2014-11-12T21:09:10.963Z ["[Lighter] Scripts routed to \"/a.js\". \u001b[90mx1\u001b[39m"]
INFO 2014-11-12T21:09:10.967Z ["[Lighter] Scripts routed to \"/a.js\". \u001b[90mx1\u001b[39m"]
INFO 2014-11-12T21:09:10.968Z ["[Lighter] Scripts routed to \"/a.js\". \u001b[90mx1\u001b[39m"]
INFO 2014-11-12T21:09:10.972Z ["[Lighter] Styles routed to \"/a.css\". \u001b[90mx1\u001b[39m"]
INFO 2014-11-12T21:09:10.972Z ["[Lighter] Scripts routed to \"/a.js\". \u001b[90mx1\u001b[39m"]
INFO 2014-11-12T21:09:10.972Z ["[Lighter] Scripts routed to \"/a.js\". \u001b[90mx1\u001b[39m"]
INFO 2014-11-12T21:09:10.972Z ["[Lighter] Styles routed to \"/a.css\". \u001b[90mx1\u001b[39m"]
INFO 2014-11-12T21:09:10.973Z ["[Lighter] Styles routed to \"/a.css\". \u001b[90mx1\u001b[39m"]
INFO 2014-11-12T21:09:10.983Z ["[Lighter] Styles routed to \"/a.css\". \u001b[90mx1\u001b[39m"]
INFO 2014-11-12T21:09:10.986Z ["[Lighter] Styles routed to \"/a.css\". \u001b[90mx1\u001b[39m"]
INFO 2014-11-12T21:09:10.997Z ["[Lighter] Scripts routed to \"/a.js\". \u001b[90mx1\u001b[39m"]
INFO 2014-11-12T21:09:11.012Z ["[Lighter] Styles routed to \"/a.css\". \u001b[90mx1\u001b[39m"]
INFO 2014-11-12T21:09:11.018Z ["[Lighter] Styles routed to \"/a.css\". \u001b[90mx1\u001b[39m"]
INFO 2014-11-12T21:09:12.550Z ["[Lighter] Styles routed to \"/a.css\". \u001b[90mx1\u001b[39m"]
INFO 2014-11-12T21:09:12.617Z ["[Lighter] Publics loaded. \u001b[90mx48\u001b[39m"]
INFO 2014-11-12T21:09:12.755Z ["[Lighter] Publics loaded. \u001b[90mx48\u001b[39m"]
INFO 2014-11-12T21:09:12.817Z ["[Lighter] Publics loaded. \u001b[90mx48\u001b[39m"]
INFO 2014-11-12T21:09:14.076Z ["[Lighter] Views loaded. \u001b[90mx30\u001b[39m"]
INFO 2014-11-12T21:09:14.077Z ["[Lighter] Views loaded. \u001b[90mx30\u001b[39m"]
INFO 2014-11-12T21:09:14.159Z ["[Lighter] Views loaded. \u001b[90mx30\u001b[39m"]
INFO 2014-11-12T21:09:14.342Z ["[Lighter] Views loaded. \u001b[90mx30\u001b[39m"]
INFO 2014-11-12T21:09:14.421Z ["[Lighter] Views loaded. \u001b[90mx30\u001b[39m"]
INFO 2014-11-12T21:09:14.454Z ["[Lighter] Views loaded. \u001b[90mx30\u001b[39m"]
INFO 2014-11-12T21:09:14.461Z ["[Lighter] Publics loaded. \u001b[90mx48\u001b[39m"]
INFO 2014-11-12T21:09:14.466Z ["[Lighter] Publics loaded. \u001b[90mx48\u001b[39m"]
INFO 2014-11-12T21:09:14.470Z ["[Lighter] Publics loaded. \u001b[90mx48\u001b[39m"]
INFO 2014-11-12T21:09:14.504Z ["[Lighter] Publics loaded. \u001b[90mx48\u001b[39m"]
INFO 2014-11-12T21:09:14.517Z ["[D6] Views routed to \"/d6.js\"."]
INFO 2014-11-12T21:09:14.520Z ["[D6] Views routed to \"/d6.js\"."]
INFO 2014-11-12T21:09:14.525Z ["[D6] Views routed to \"/d6.js\"."]
INFO 2014-11-12T21:09:14.531Z ["[D6] Views routed to \"/d6.js\"."]
INFO 2014-11-12T21:09:14.536Z ["[D6] Views routed to \"/d6.js\"."]
INFO 2014-11-12T21:09:14.537Z ["[Lighter] Publics loaded. \u001b[90mx48\u001b[39m"]
INFO 2014-11-12T21:09:14.567Z ["[D6] Views routed to \"/d6.js\"."]
INFO 2014-11-12T21:09:14.602Z ["[Lighter] Views loaded. \u001b[90mx30\u001b[39m"]
INFO 2014-11-12T21:09:14.626Z ["[D6] Views routed to \"/d6.js\"."]
INFO 2014-11-12T21:09:14.675Z ["[Lighter] Views loaded. \u001b[90mx30\u001b[39m"]
INFO 2014-11-12T21:09:14.700Z ["[D6] Views routed to \"/d6.js\"."]
INFO 2014-11-12T21:09:24.616Z ["[Lighter] Models loaded. \u001b[90mx0\u001b[39m"]
INFO 2014-11-12T21:09:24.632Z ["[Lighter] Scripts routed to \"/sly.js\". \u001b[90mx1\u001b[39m"]
INFO 2014-11-12T21:09:24.635Z ["[Lighter] Styles routed to \"/sly.css\". \u001b[90mx1\u001b[39m"]
INFO 2014-11-12T21:09:24.636Z ["[Lighter] Models loaded. \u001b[90mx0\u001b[39m"]
INFO 2014-11-12T21:09:24.638Z ["[Lighter] Models loaded. \u001b[90mx0\u001b[39m"]
INFO 2014-11-12T21:09:24.639Z ["[Lighter] Controllers loaded. \u001b[90mx2\u001b[39m"]
INFO 2014-11-12T21:09:24.639Z ["[Lighter] Models loaded. \u001b[90mx0\u001b[39m"]
INFO 2014-11-12T21:09:24.640Z ["[Lighter] Models loaded. \u001b[90mx0\u001b[39m"]
INFO 2014-11-12T21:09:24.647Z ["[Lighter] Models loaded. \u001b[90mx0\u001b[39m"]
INFO 2014-11-12T21:09:24.656Z ["[Lighter] Models loaded. \u001b[90mx0\u001b[39m"]
INFO 2014-11-12T21:09:24.656Z ["[Lighter] Scripts routed to \"/sly.js\". \u001b[90mx1\u001b[39m"]
INFO 2014-11-12T21:09:24.656Z ["[Lighter] Scripts routed to \"/sly.js\". \u001b[90mx1\u001b[39m"]
INFO 2014-11-12T21:09:24.656Z ["[Lighter] Scripts routed to \"/sly.js\". \u001b[90mx1\u001b[39m"]
INFO 2014-11-12T21:09:24.657Z ["[Lighter] Styles routed to \"/sly.css\". \u001b[90mx1\u001b[39m"]
INFO 2014-11-12T21:09:24.658Z ["[Lighter] Styles routed to \"/sly.css\". \u001b[90mx1\u001b[39m"]
INFO 2014-11-12T21:09:24.659Z ["[Lighter] Styles routed to \"/sly.css\". \u001b[90mx1\u001b[39m"]
INFO 2014-11-12T21:09:24.660Z ["[Lighter] Scripts routed to \"/sly.js\". \u001b[90mx1\u001b[39m"]
INFO 2014-11-12T21:09:24.661Z ["[Lighter] Styles routed to \"/sly.css\". \u001b[90mx1\u001b[39m"]
INFO 2014-11-12T21:09:24.661Z ["[Lighter] Controllers loaded. \u001b[90mx2\u001b[39m"]
INFO 2014-11-12T21:09:24.662Z ["[Lighter] Controllers loaded. \u001b[90mx2\u001b[39m"]
INFO 2014-11-12T21:09:24.663Z ["[Lighter] Controllers loaded. \u001b[90mx2\u001b[39m"]
INFO 2014-11-12T21:09:24.664Z ["[Lighter] Models loaded. \u001b[90mx0\u001b[39m"]
INFO 2014-11-12T21:09:24.665Z ["[Lighter] Controllers loaded. \u001b[90mx2\u001b[39m"]
INFO 2014-11-12T21:09:24.667Z ["[Lighter] Scripts routed to \"/sly.js\". \u001b[90mx1\u001b[39m"]
INFO 2014-11-12T21:09:24.667Z ["[Lighter] Scripts routed to \"/a.js\". \u001b[90mx1\u001b[39m"]
INFO 2014-11-12T21:09:24.668Z ["[Lighter] Styles routed to \"/sly.css\". \u001b[90mx1\u001b[39m"]
INFO 2014-11-12T21:09:24.671Z ["[Lighter] Scripts routed to \"/sly.js\". \u001b[90mx1\u001b[39m"]
INFO 2014-11-12T21:09:24.671Z ["[Lighter] Controllers loaded. \u001b[90mx2\u001b[39m"]
INFO 2014-11-12T21:09:24.672Z ["[Lighter] Styles routed to \"/sly.css\". \u001b[90mx1\u001b[39m"]
INFO 2014-11-12T21:09:24.673Z ["[Lighter] Styles routed to \"/a.css\". \u001b[90mx1\u001b[39m"]
INFO 2014-11-12T21:09:24.677Z ["[Lighter] Controllers loaded. \u001b[90mx2\u001b[39m"]
INFO 2014-11-12T21:09:24.680Z ["[Lighter] Scripts routed to \"/sly.js\". \u001b[90mx1\u001b[39m"]
INFO 2014-11-12T21:09:24.680Z ["[Lighter] Styles routed to \"/sly.css\". \u001b[90mx1\u001b[39m"]
INFO 2014-11-12T21:09:24.684Z ["[Lighter] Controllers loaded. \u001b[90mx2\u001b[39m"]
INFO 2014-11-12T21:09:24.695Z ["[Lighter] Scripts routed to \"/a.js\". \u001b[90mx1\u001b[39m"]
INFO 2014-11-12T21:09:24.696Z ["[Lighter] Scripts routed to \"/a.js\". \u001b[90mx1\u001b[39m"]
INFO 2014-11-12T21:09:24.700Z ["[Lighter] Scripts routed to \"/a.js\". \u001b[90mx1\u001b[39m"]
INFO 2014-11-12T21:09:24.705Z ["[Lighter] Styles routed to \"/a.css\". \u001b[90mx1\u001b[39m"]
INFO 2014-11-12T21:09:24.707Z ["[Lighter] Scripts routed to \"/a.js\". \u001b[90mx1\u001b[39m"]
INFO 2014-11-12T21:09:24.707Z ["[Lighter] Scripts routed to \"/a.js\". \u001b[90mx1\u001b[39m"]
INFO 2014-11-12T21:09:24.710Z ["[Lighter] Styles routed to \"/a.css\". \u001b[90mx1\u001b[39m"]
INFO 2014-11-12T21:09:24.713Z ["[Lighter] Scripts routed to \"/a.js\". \u001b[90mx1\u001b[39m"]
INFO 2014-11-12T21:09:24.716Z ["[Lighter] Styles routed to \"/a.css\". \u001b[90mx1\u001b[39m"]
INFO 2014-11-12T21:09:24.727Z ["[Lighter] Styles routed to \"/a.css\". \u001b[90mx1\u001b[39m"]
INFO 2014-11-12T21:09:24.729Z ["[Lighter] Styles routed to \"/a.css\". \u001b[90mx1\u001b[39m"]
INFO 2014-11-12T21:09:24.736Z ["[Lighter] Styles routed to \"/a.css\". \u001b[90mx1\u001b[39m"]
INFO 2014-11-12T21:09:24.756Z ["[Lighter] Scripts routed to \"/a.js\". \u001b[90mx1\u001b[39m"]
INFO 2014-11-12T21:09:24.768Z ["[Lighter] Styles routed to \"/a.css\". \u001b[90mx1\u001b[39m"]
INFO 2014-11-12T21:09:26.522Z ["[Lighter] Views loaded. \u001b[90mx30\u001b[39m"]
INFO 2014-11-12T21:09:26.564Z ["[Lighter] Views loaded. \u001b[90mx30\u001b[39m"]
INFO 2014-11-12T21:09:26.625Z ["[Lighter] Publics loaded. \u001b[90mx48\u001b[39m"]
INFO 2014-11-12T21:09:26.651Z ["[Lighter] Publics loaded. \u001b[90mx48\u001b[39m"]
