WARN 2014-11-12T08:52:58.582Z ["[Lighter] Exiting due to file change in \"node_modules/lighter/lib/Model.js\"."]
WARN 2014-11-12T08:52:58.582Z ["[Lighter] Exiting due to file change in \"node_modules/lighter/lib/Model.js\"."]
WARN 2014-11-12T08:52:58.584Z ["[Lighter] Exiting due to file change in \"node_modules/lighter/lib/Model.js\"."]
WARN 2014-11-12T08:52:58.584Z ["[Lighter] Exiting due to file change in \"node_modules/lighter/lib/Model.js\"."]
WARN 2014-11-12T08:52:58.584Z ["[Lighter] Exiting due to file change in \"node_modules/lighter/lib/Model.js\"."]
WARN 2014-11-12T08:52:58.584Z ["[Lighter] Exiting due to file change in \"node_modules/lighter/lib/Model.js\"."]
WARN 2014-11-12T08:52:58.584Z ["[Lighter] Exiting due to file change in \"node_modules/lighter/lib/Model.js\"."]
WARN 2014-11-12T08:52:58.584Z ["[Lighter] Exiting due to file change in \"node_modules/lighter/lib/Model.js\"."]
ERROR 2014-11-12T08:52:58.614Z ["Worker 4019 died."]
INFO 2014-11-12T08:52:59.725Z ["[Lighter] Models loaded. \u001b[90mx0\u001b[39m"]
INFO 2014-11-12T08:52:59.747Z ["[Lighter] Models loaded. \u001b[90mx0\u001b[39m"]
INFO 2014-11-12T08:52:59.773Z ["[Lighter] Models loaded. \u001b[90mx0\u001b[39m"]
INFO 2014-11-12T08:52:59.776Z ["[Lighter] Models loaded. \u001b[90mx0\u001b[39m"]
INFO 2014-11-12T08:52:59.776Z ["[Lighter] Scripts routed to \"/sly.js\". \u001b[90mx1\u001b[39m"]
INFO 2014-11-12T08:52:59.777Z ["[Lighter] Models loaded. \u001b[90mx0\u001b[39m"]
INFO 2014-11-12T08:52:59.779Z ["[Lighter] Scripts routed to \"/sly.js\". \u001b[90mx1\u001b[39m"]
INFO 2014-11-12T08:52:59.779Z ["[Lighter] Styles routed to \"/sly.css\". \u001b[90mx1\u001b[39m"]
INFO 2014-11-12T08:52:59.780Z ["[Lighter] Styles routed to \"/sly.css\". \u001b[90mx1\u001b[39m"]
INFO 2014-11-12T08:52:59.782Z ["[Lighter] Controllers loaded. \u001b[90mx2\u001b[39m"]
INFO 2014-11-12T08:52:59.783Z ["[Lighter] Controllers loaded. \u001b[90mx2\u001b[39m"]
INFO 2014-11-12T08:52:59.789Z ["[Lighter] Models loaded. \u001b[90mx0\u001b[39m"]
INFO 2014-11-12T08:52:59.796Z ["[Lighter] Models loaded. \u001b[90mx0\u001b[39m"]
INFO 2014-11-12T08:52:59.797Z ["[Lighter] Scripts routed to \"/sly.js\". \u001b[90mx1\u001b[39m"]
INFO 2014-11-12T08:52:59.799Z ["[Lighter] Scripts routed to \"/sly.js\". \u001b[90mx1\u001b[39m"]
INFO 2014-11-12T08:52:59.800Z ["[Lighter] Styles routed to \"/sly.css\". \u001b[90mx1\u001b[39m"]
INFO 2014-11-12T08:52:59.801Z ["[Lighter] Scripts routed to \"/sly.js\". \u001b[90mx1\u001b[39m"]
INFO 2014-11-12T08:52:59.802Z ["[Lighter] Styles routed to \"/sly.css\". \u001b[90mx1\u001b[39m"]
INFO 2014-11-12T08:52:59.803Z ["[Lighter] Models loaded. \u001b[90mx0\u001b[39m"]
INFO 2014-11-12T08:52:59.803Z ["[Lighter] Styles routed to \"/sly.css\". \u001b[90mx1\u001b[39m"]
INFO 2014-11-12T08:52:59.804Z ["[Lighter] Controllers loaded. \u001b[90mx2\u001b[39m"]
INFO 2014-11-12T08:52:59.805Z ["[Lighter] Controllers loaded. \u001b[90mx2\u001b[39m"]
INFO 2014-11-12T08:52:59.808Z ["[Lighter] Controllers loaded. \u001b[90mx2\u001b[39m"]
INFO 2014-11-12T08:52:59.809Z ["[Lighter] Scripts routed to \"/sly.js\". \u001b[90mx1\u001b[39m"]
INFO 2014-11-12T08:52:59.810Z ["[Lighter] Styles routed to \"/sly.css\". \u001b[90mx1\u001b[39m"]
INFO 2014-11-12T08:52:59.817Z ["[Lighter] Controllers loaded. \u001b[90mx2\u001b[39m"]
INFO 2014-11-12T08:52:59.817Z ["[Lighter] Scripts routed to \"/a.js\". \u001b[90mx1\u001b[39m"]
INFO 2014-11-12T08:52:59.819Z ["[Lighter] Scripts routed to \"/a.js\". \u001b[90mx1\u001b[39m"]
INFO 2014-11-12T08:52:59.824Z ["[Lighter] Scripts routed to \"/sly.js\". \u001b[90mx1\u001b[39m"]
INFO 2014-11-12T08:52:59.824Z ["[Lighter] Scripts routed to \"/sly.js\". \u001b[90mx1\u001b[39m"]
INFO 2014-11-12T08:52:59.824Z ["[Lighter] Styles routed to \"/a.css\". \u001b[90mx1\u001b[39m"]
INFO 2014-11-12T08:52:59.827Z ["[Lighter] Styles routed to \"/a.css\". \u001b[90mx1\u001b[39m"]
INFO 2014-11-12T08:52:59.833Z ["[Lighter] Styles routed to \"/sly.css\". \u001b[90mx1\u001b[39m"]
INFO 2014-11-12T08:52:59.837Z ["[Lighter] Styles routed to \"/sly.css\". \u001b[90mx1\u001b[39m"]
INFO 2014-11-12T08:52:59.838Z ["[Lighter] Scripts routed to \"/a.js\". \u001b[90mx1\u001b[39m"]
INFO 2014-11-12T08:52:59.847Z ["[Lighter] Styles routed to \"/a.css\". \u001b[90mx1\u001b[39m"]
INFO 2014-11-12T08:52:59.852Z ["[Lighter] Scripts routed to \"/a.js\". \u001b[90mx1\u001b[39m"]
INFO 2014-11-12T08:52:59.855Z ["[Lighter] Styles routed to \"/a.css\". \u001b[90mx1\u001b[39m"]
INFO 2014-11-12T08:52:59.865Z ["[Lighter] Scripts routed to \"/a.js\". \u001b[90mx1\u001b[39m"]
INFO 2014-11-12T08:52:59.866Z ["[Lighter] Controllers loaded. \u001b[90mx2\u001b[39m"]
INFO 2014-11-12T08:52:59.869Z ["[Lighter] Controllers loaded. \u001b[90mx2\u001b[39m"]
INFO 2014-11-12T08:52:59.870Z ["[Lighter] Scripts routed to \"/a.js\". \u001b[90mx1\u001b[39m"]
INFO 2014-11-12T08:52:59.873Z ["[Lighter] Styles routed to \"/a.css\". \u001b[90mx1\u001b[39m"]
INFO 2014-11-12T08:52:59.875Z ["[Lighter] Styles routed to \"/a.css\". \u001b[90mx1\u001b[39m"]
INFO 2014-11-12T08:52:59.893Z ["[Lighter] Scripts routed to \"/a.js\". \u001b[90mx1\u001b[39m"]
INFO 2014-11-12T08:52:59.895Z ["[Lighter] Styles routed to \"/a.css\". \u001b[90mx1\u001b[39m"]
INFO 2014-11-12T08:52:59.895Z ["[Lighter] Scripts routed to \"/a.js\". \u001b[90mx1\u001b[39m"]
INFO 2014-11-12T08:52:59.897Z ["[Lighter] Styles routed to \"/a.css\". \u001b[90mx1\u001b[39m"]
