WARN 2014-11-12T08:39:47.650Z ["[Lighter] Exiting due to file change in \"node_modules/lighter/lib/App.js\"."]
WARN 2014-11-12T08:39:47.650Z ["[Lighter] Exiting due to file change in \"node_modules/lighter/lib/App.js\"."]
WARN 2014-11-12T08:39:47.650Z ["[Lighter] Exiting due to file change in \"node_modules/lighter/lib/App.js\"."]
WARN 2014-11-12T08:39:47.650Z ["[Lighter] Exiting due to file change in \"node_modules/lighter/lib/App.js\"."]
WARN 2014-11-12T08:39:47.651Z ["[Lighter] Exiting due to file change in \"node_modules/lighter/lib/App.js\"."]
WARN 2014-11-12T08:39:47.651Z ["[Lighter] Exiting due to file change in \"node_modules/lighter/lib/App.js\"."]
WARN 2014-11-12T08:39:47.651Z ["[Lighter] Exiting due to file change in \"node_modules/lighter/lib/App.js\"."]
WARN 2014-11-12T08:39:47.651Z ["[Lighter] Exiting due to file change in \"node_modules/lighter/lib/App.js\"."]
ERROR 2014-11-12T08:39:47.682Z ["Worker 2913 died."]
INFO 2014-11-12T08:39:48.760Z ["[Lighter] Models loaded. \u001b[90mx0\u001b[39m"]
INFO 2014-11-12T08:39:48.762Z ["[Lighter] Models loaded. \u001b[90mx0\u001b[39m"]
INFO 2014-11-12T08:39:48.778Z ["[Lighter] Scripts routed to \"/sly.js\". \u001b[90mx1\u001b[39m"]
INFO 2014-11-12T08:39:48.779Z ["[Lighter] Scripts routed to \"/sly.js\". \u001b[90mx1\u001b[39m"]
INFO 2014-11-12T08:39:48.779Z ["[Lighter] Styles routed to \"/sly.css\". \u001b[90mx1\u001b[39m"]
INFO 2014-11-12T08:39:48.779Z ["[Lighter] Models loaded. \u001b[90mx0\u001b[39m"]
INFO 2014-11-12T08:39:48.781Z ["[Lighter] Styles routed to \"/sly.css\". \u001b[90mx1\u001b[39m"]
INFO 2014-11-12T08:39:48.782Z ["[Lighter] Controllers loaded. \u001b[90mx2\u001b[39m"]
INFO 2014-11-12T08:39:48.784Z ["[Lighter] Controllers loaded. \u001b[90mx2\u001b[39m"]
INFO 2014-11-12T08:39:48.789Z ["[Lighter] Models loaded. \u001b[90mx0\u001b[39m"]
INFO 2014-11-12T08:39:48.791Z ["[Lighter] Scripts routed to \"/sly.js\". \u001b[90mx1\u001b[39m"]
INFO 2014-11-12T08:39:48.791Z ["[Lighter] Models loaded. \u001b[90mx0\u001b[39m"]
INFO 2014-11-12T08:39:48.793Z ["[Lighter] Styles routed to \"/sly.css\". \u001b[90mx1\u001b[39m"]
INFO 2014-11-12T08:39:48.793Z ["[Lighter] Models loaded. \u001b[90mx0\u001b[39m"]
INFO 2014-11-12T08:39:48.794Z ["[Lighter] Models loaded. \u001b[90mx0\u001b[39m"]
INFO 2014-11-12T08:39:48.796Z ["[Lighter] Models loaded. \u001b[90mx0\u001b[39m"]
INFO 2014-11-12T08:39:48.800Z ["[Lighter] Controllers loaded. \u001b[90mx2\u001b[39m"]
INFO 2014-11-12T08:39:48.801Z ["[Lighter] Scripts routed to \"/a.js\". \u001b[90mx1\u001b[39m"]
INFO 2014-11-12T08:39:48.806Z ["[Lighter] Styles routed to \"/a.css\". \u001b[90mx1\u001b[39m"]
INFO 2014-11-12T08:39:48.806Z ["[Lighter] Scripts routed to \"/sly.js\". \u001b[90mx1\u001b[39m"]
INFO 2014-11-12T08:39:48.808Z ["[Lighter] Styles routed to \"/sly.css\". \u001b[90mx1\u001b[39m"]
INFO 2014-11-12T08:39:48.809Z ["[Lighter] Scripts routed to \"/sly.js\". \u001b[90mx1\u001b[39m"]
INFO 2014-11-12T08:39:48.810Z ["[Lighter] Scripts routed to \"/a.js\". \u001b[90mx1\u001b[39m"]
INFO 2014-11-12T08:39:48.810Z ["[Lighter] Styles routed to \"/sly.css\". \u001b[90mx1\u001b[39m"]
INFO 2014-11-12T08:39:48.812Z ["[Lighter] Scripts routed to \"/sly.js\". \u001b[90mx1\u001b[39m"]
INFO 2014-11-12T08:39:48.812Z ["[Lighter] Controllers loaded. \u001b[90mx2\u001b[39m"]
INFO 2014-11-12T08:39:48.813Z ["[Lighter] Controllers loaded. \u001b[90mx2\u001b[39m"]
INFO 2014-11-12T08:39:48.813Z ["[Lighter] Styles routed to \"/sly.css\". \u001b[90mx1\u001b[39m"]
INFO 2014-11-12T08:39:48.816Z ["[Lighter] Controllers loaded. \u001b[90mx2\u001b[39m"]
INFO 2014-11-12T08:39:48.816Z ["[Lighter] Styles routed to \"/a.css\". \u001b[90mx1\u001b[39m"]
INFO 2014-11-12T08:39:48.817Z ["[Lighter] Scripts routed to \"/sly.js\". \u001b[90mx1\u001b[39m"]
INFO 2014-11-12T08:39:48.819Z ["[Lighter] Styles routed to \"/sly.css\". \u001b[90mx1\u001b[39m"]
INFO 2014-11-12T08:39:48.820Z ["[Lighter] Scripts routed to \"/sly.js\". \u001b[90mx1\u001b[39m"]
INFO 2014-11-12T08:39:48.821Z ["[Lighter] Styles routed to \"/sly.css\". \u001b[90mx1\u001b[39m"]
INFO 2014-11-12T08:39:48.821Z ["[Lighter] Controllers loaded. \u001b[90mx2\u001b[39m"]
INFO 2014-11-12T08:39:48.823Z ["[Lighter] Controllers loaded. \u001b[90mx2\u001b[39m"]
INFO 2014-11-12T08:39:48.835Z ["[Lighter] Scripts routed to \"/a.js\". \u001b[90mx1\u001b[39m"]
INFO 2014-11-12T08:39:48.839Z ["[Lighter] Styles routed to \"/a.css\". \u001b[90mx1\u001b[39m"]
INFO 2014-11-12T08:39:48.848Z ["[Lighter] Scripts routed to \"/a.js\". \u001b[90mx1\u001b[39m"]
INFO 2014-11-12T08:39:48.852Z ["[Lighter] Scripts routed to \"/a.js\". \u001b[90mx1\u001b[39m"]
INFO 2014-11-12T08:39:48.852Z ["[Lighter] Scripts routed to \"/a.js\". \u001b[90mx1\u001b[39m"]
INFO 2014-11-12T08:39:48.857Z ["[Lighter] Styles routed to \"/a.css\". \u001b[90mx1\u001b[39m"]
INFO 2014-11-12T08:39:48.857Z ["[Lighter] Styles routed to \"/a.css\". \u001b[90mx1\u001b[39m"]
INFO 2014-11-12T08:39:48.858Z ["[Lighter] Scripts routed to \"/a.js\". \u001b[90mx1\u001b[39m"]
INFO 2014-11-12T08:39:48.863Z ["[Lighter] Styles routed to \"/a.css\". \u001b[90mx1\u001b[39m"]
INFO 2014-11-12T08:39:48.863Z ["[Lighter] Scripts routed to \"/a.js\". \u001b[90mx1\u001b[39m"]
INFO 2014-11-12T08:39:48.865Z ["[Lighter] Styles routed to \"/a.css\". \u001b[90mx1\u001b[39m"]
INFO 2014-11-12T08:39:48.873Z ["[Lighter] Styles routed to \"/a.css\". \u001b[90mx1\u001b[39m"]
INFO 2014-11-12T08:39:50.717Z ["[Lighter] Publics loaded. \u001b[90mx48\u001b[39m"]
INFO 2014-11-12T08:39:50.722Z ["[Lighter] Publics loaded. \u001b[90mx48\u001b[39m"]
INFO 2014-11-12T08:39:50.821Z ["[Lighter] Publics loaded. \u001b[90mx48\u001b[39m"]
INFO 2014-11-12T08:39:50.827Z ["[Lighter] Publics loaded. \u001b[90mx48\u001b[39m"]
INFO 2014-11-12T08:39:50.832Z ["[Lighter] Publics loaded. \u001b[90mx48\u001b[39m"]
INFO 2014-11-12T08:39:50.858Z ["[Lighter] Publics loaded. \u001b[90mx48\u001b[39m"]
INFO 2014-11-12T08:39:52.684Z ["[Lighter] Views loaded. \u001b[90mx30\u001b[39m"]
INFO 2014-11-12T08:39:52.812Z ["[Lighter] Views loaded. \u001b[90mx30\u001b[39m"]
INFO 2014-11-12T08:39:52.828Z ["[Lighter] Views loaded. \u001b[90mx30\u001b[39m"]
INFO 2014-11-12T08:39:52.828Z ["[Lighter] Publics loaded. \u001b[90mx48\u001b[39m"]
INFO 2014-11-12T08:39:52.866Z ["[D6] Views routed to \"/d6.js\"."]
INFO 2014-11-12T08:39:52.872Z ["[D6] Views routed to \"/d6.js\"."]
INFO 2014-11-12T08:39:52.875Z ["[Lighter] Views loaded. \u001b[90mx30\u001b[39m"]
INFO 2014-11-12T08:39:52.898Z ["[D6] Views routed to \"/d6.js\"."]
INFO 2014-11-12T08:39:52.911Z ["[Lighter] Publics loaded. \u001b[90mx48\u001b[39m"]
INFO 2014-11-12T08:39:52.935Z ["[D6] Views routed to \"/d6.js\"."]
INFO 2014-11-12T08:39:52.935Z ["[Lighter] Views loaded. \u001b[90mx30\u001b[39m"]
INFO 2014-11-12T08:39:52.946Z ["[Lighter] Views loaded. \u001b[90mx30\u001b[39m"]
INFO 2014-11-12T08:39:52.956Z ["[D6] Views routed to \"/d6.js\"."]
INFO 2014-11-12T08:39:52.963Z ["[Lighter] Views loaded. \u001b[90mx30\u001b[39m"]
INFO 2014-11-12T08:39:52.966Z ["[D6] Views routed to \"/d6.js\"."]
INFO 2014-11-12T08:39:52.969Z ["[Lighter] Views loaded. \u001b[90mx30\u001b[39m"]
INFO 2014-11-12T08:39:52.985Z ["[D6] Views routed to \"/d6.js\"."]
INFO 2014-11-12T08:39:52.989Z ["[D6] Views routed to \"/d6.js\"."]
