WARN 2014-11-12T08:44:50.960Z ["[Lighter] Exiting due to file change in \"node_modules/lighter/lib/Model.js\"."]
WARN 2014-11-12T08:44:50.961Z ["[Lighter] Exiting due to file change in \"node_modules/lighter/lib/Model.js\"."]
WARN 2014-11-12T08:44:50.961Z ["[Lighter] Exiting due to file change in \"node_modules/lighter/lib/Model.js\"."]
INFO 2014-11-12T08:44:52.056Z ["[Lighter] Models loaded. \u001b[90mx0\u001b[39m"]
INFO 2014-11-12T08:44:52.080Z ["[Lighter] Scripts routed to \"/sly.js\". \u001b[90mx1\u001b[39m"]
INFO 2014-11-12T08:44:52.082Z ["[Lighter] Styles routed to \"/sly.css\". \u001b[90mx1\u001b[39m"]
INFO 2014-11-12T08:44:52.085Z ["[Lighter] Controllers loaded. \u001b[90mx2\u001b[39m"]
INFO 2014-11-12T08:44:52.098Z ["[Lighter] Models loaded. \u001b[90mx0\u001b[39m"]
INFO 2014-11-12T08:44:52.098Z ["[Lighter] Models loaded. \u001b[90mx0\u001b[39m"]
INFO 2014-11-12T08:44:52.107Z ["[Lighter] Models loaded. \u001b[90mx0\u001b[39m"]
INFO 2014-11-12T08:44:52.113Z ["[Lighter] Models loaded. \u001b[90mx0\u001b[39m"]
INFO 2014-11-12T08:44:52.119Z ["[Lighter] Scripts routed to \"/a.js\". \u001b[90mx1\u001b[39m"]
INFO 2014-11-12T08:44:52.123Z ["[Lighter] Styles routed to \"/a.css\". \u001b[90mx1\u001b[39m"]
INFO 2014-11-12T08:44:52.123Z ["[Lighter] Scripts routed to \"/sly.js\". \u001b[90mx1\u001b[39m"]
INFO 2014-11-12T08:44:52.123Z ["[Lighter] Models loaded. \u001b[90mx0\u001b[39m"]
INFO 2014-11-12T08:44:52.125Z ["[Lighter] Styles routed to \"/sly.css\". \u001b[90mx1\u001b[39m"]
INFO 2014-11-12T08:44:52.127Z ["[Lighter] Models loaded. \u001b[90mx0\u001b[39m"]
INFO 2014-11-12T08:44:52.128Z ["[Lighter] Scripts routed to \"/sly.js\". \u001b[90mx1\u001b[39m"]
INFO 2014-11-12T08:44:52.129Z ["[Lighter] Controllers loaded. \u001b[90mx2\u001b[39m"]
INFO 2014-11-12T08:44:52.130Z ["[Lighter] Styles routed to \"/sly.css\". \u001b[90mx1\u001b[39m"]
INFO 2014-11-12T08:44:52.130Z ["[Lighter] Scripts routed to \"/sly.js\". \u001b[90mx1\u001b[39m"]
INFO 2014-11-12T08:44:52.131Z ["[Lighter] Models loaded. \u001b[90mx0\u001b[39m"]
INFO 2014-11-12T08:44:52.132Z ["[Lighter] Scripts routed to \"/sly.js\". \u001b[90mx1\u001b[39m"]
INFO 2014-11-12T08:44:52.133Z ["[Lighter] Styles routed to \"/sly.css\". \u001b[90mx1\u001b[39m"]
INFO 2014-11-12T08:44:52.135Z ["[Lighter] Controllers loaded. \u001b[90mx2\u001b[39m"]
INFO 2014-11-12T08:44:52.136Z ["[Lighter] Styles routed to \"/sly.css\". \u001b[90mx1\u001b[39m"]
INFO 2014-11-12T08:44:52.138Z ["[Lighter] Controllers loaded. \u001b[90mx2\u001b[39m"]
INFO 2014-11-12T08:44:52.140Z ["[Lighter] Controllers loaded. \u001b[90mx2\u001b[39m"]
INFO 2014-11-12T08:44:52.143Z ["[Lighter] Scripts routed to \"/sly.js\". \u001b[90mx1\u001b[39m"]
INFO 2014-11-12T08:44:52.143Z ["[Lighter] Styles routed to \"/sly.css\". \u001b[90mx1\u001b[39m"]
INFO 2014-11-12T08:44:52.144Z ["[Lighter] Scripts routed to \"/sly.js\". \u001b[90mx1\u001b[39m"]
INFO 2014-11-12T08:44:52.145Z ["[Lighter] Styles routed to \"/sly.css\". \u001b[90mx1\u001b[39m"]
INFO 2014-11-12T08:44:52.147Z ["[Lighter] Controllers loaded. \u001b[90mx2\u001b[39m"]
INFO 2014-11-12T08:44:52.147Z ["[Lighter] Scripts routed to \"/sly.js\". \u001b[90mx1\u001b[39m"]
INFO 2014-11-12T08:44:52.147Z ["[Lighter] Styles routed to \"/sly.css\". \u001b[90mx1\u001b[39m"]
INFO 2014-11-12T08:44:52.148Z ["[Lighter] Controllers loaded. \u001b[90mx2\u001b[39m"]
INFO 2014-11-12T08:44:52.151Z ["[Lighter] Controllers loaded. \u001b[90mx2\u001b[39m"]
INFO 2014-11-12T08:44:52.156Z ["[Lighter] Scripts routed to \"/a.js\". \u001b[90mx1\u001b[39m"]
INFO 2014-11-12T08:44:52.165Z ["[Lighter] Scripts routed to \"/a.js\". \u001b[90mx1\u001b[39m"]
INFO 2014-11-12T08:44:52.167Z ["[Lighter] Scripts routed to \"/a.js\". \u001b[90mx1\u001b[39m"]
INFO 2014-11-12T08:44:52.167Z ["[Lighter] Scripts routed to \"/a.js\". \u001b[90mx1\u001b[39m"]
INFO 2014-11-12T08:44:52.168Z ["[Lighter] Styles routed to \"/a.css\". \u001b[90mx1\u001b[39m"]
INFO 2014-11-12T08:44:52.175Z ["[Lighter] Styles routed to \"/a.css\". \u001b[90mx1\u001b[39m"]
INFO 2014-11-12T08:44:52.178Z ["[Lighter] Styles routed to \"/a.css\". \u001b[90mx1\u001b[39m"]
INFO 2014-11-12T08:44:52.198Z ["[Lighter] Scripts routed to \"/a.js\". \u001b[90mx1\u001b[39m"]
INFO 2014-11-12T08:44:52.200Z ["[Lighter] Styles routed to \"/a.css\". \u001b[90mx1\u001b[39m"]
INFO 2014-11-12T08:44:52.207Z ["[Lighter] Scripts routed to \"/a.js\". \u001b[90mx1\u001b[39m"]
INFO 2014-11-12T08:44:52.208Z ["[Lighter] Styles routed to \"/a.css\". \u001b[90mx1\u001b[39m"]
INFO 2014-11-12T08:44:52.212Z ["[Lighter] Styles routed to \"/a.css\". \u001b[90mx1\u001b[39m"]
INFO 2014-11-12T08:44:52.228Z ["[Lighter] Scripts routed to \"/a.js\". \u001b[90mx1\u001b[39m"]
INFO 2014-11-12T08:44:52.230Z ["[Lighter] Styles routed to \"/a.css\". \u001b[90mx1\u001b[39m"]
INFO 2014-11-12T08:44:53.995Z ["[Lighter] Publics loaded. \u001b[90mx48\u001b[39m"]
INFO 2014-11-12T08:44:53.995Z ["[Lighter] Publics loaded. \u001b[90mx48\u001b[39m"]
INFO 2014-11-12T08:44:54.038Z ["[Lighter] Publics loaded. \u001b[90mx48\u001b[39m"]
INFO 2014-11-12T08:44:54.131Z ["[Lighter] Publics loaded. \u001b[90mx48\u001b[39m"]
INFO 2014-11-12T08:44:55.247Z ["[Lighter] Views loaded. \u001b[90mx30\u001b[39m"]
INFO 2014-11-12T08:44:55.362Z ["[Lighter] Views loaded. \u001b[90mx30\u001b[39m"]
INFO 2014-11-12T08:44:55.545Z ["[Lighter] Publics loaded. \u001b[90mx48\u001b[39m"]
INFO 2014-11-12T08:44:55.593Z ["[D6] Views routed to \"/d6.js\"."]
INFO 2014-11-12T08:44:55.612Z ["[Lighter] Views loaded. \u001b[90mx30\u001b[39m"]
INFO 2014-11-12T08:44:55.659Z ["[Lighter] Views loaded. \u001b[90mx30\u001b[39m"]
INFO 2014-11-12T08:44:55.707Z ["[Lighter] Publics loaded. \u001b[90mx48\u001b[39m"]
INFO 2014-11-12T08:44:55.719Z ["[Lighter] Publics loaded. \u001b[90mx48\u001b[39m"]
INFO 2014-11-12T08:44:55.735Z ["[D6] Views routed to \"/d6.js\"."]
INFO 2014-11-12T08:44:55.750Z ["[D6] Views routed to \"/d6.js\"."]
INFO 2014-11-12T08:44:55.752Z ["[Lighter] Publics loaded. \u001b[90mx48\u001b[39m"]
INFO 2014-11-12T08:44:55.765Z ["[Lighter] Views loaded. \u001b[90mx30\u001b[39m"]
INFO 2014-11-12T08:44:55.775Z ["[D6] Views routed to \"/d6.js\"."]
INFO 2014-11-12T08:44:55.790Z ["[D6] Views routed to \"/d6.js\"."]
INFO 2014-11-12T08:44:55.810Z ["[Lighter] Views loaded. \u001b[90mx30\u001b[39m"]
INFO 2014-11-12T08:44:55.815Z ["[Lighter] Views loaded. \u001b[90mx30\u001b[39m"]
INFO 2014-11-12T08:44:55.831Z ["[D6] Views routed to \"/d6.js\"."]
INFO 2014-11-12T08:44:55.833Z ["[D6] Views routed to \"/d6.js\"."]
INFO 2014-11-12T08:44:55.849Z ["[Lighter] Views loaded. \u001b[90mx30\u001b[39m"]
INFO 2014-11-12T08:44:55.867Z ["[D6] Views routed to \"/d6.js\"."]
WARN 2014-11-12T08:44:56.703Z ["[Lighter] Exiting due to file change in \"node_modules/lighter/lib/Model.js\"."]
WARN 2014-11-12T08:44:56.703Z ["[Lighter] Exiting due to file change in \"node_modules/lighter/lib/Model.js\"."]
WARN 2014-11-12T08:44:56.703Z ["[Lighter] Exiting due to file change in \"node_modules/lighter/lib/Model.js\"."]
WARN 2014-11-12T08:44:56.704Z ["[Lighter] Exiting due to file change in \"node_modules/lighter/lib/Model.js\"."]
WARN 2014-11-12T08:44:56.704Z ["[Lighter] Exiting due to file change in \"node_modules/lighter/lib/Model.js\"."]
WARN 2014-11-12T08:44:56.704Z ["[Lighter] Exiting due to file change in \"node_modules/lighter/lib/Model.js\"."]
WARN 2014-11-12T08:44:56.704Z ["[Lighter] Exiting due to file change in \"node_modules/lighter/lib/Model.js\"."]
WARN 2014-11-12T08:44:56.705Z ["[Lighter] Exiting due to file change in \"node_modules/lighter/lib/Model.js\"."]
ERROR 2014-11-12T08:44:56.732Z ["Worker 3019 died."]
INFO 2014-11-12T08:44:57.840Z ["[Lighter] Models loaded. \u001b[90mx0\u001b[39m"]
INFO 2014-11-12T08:44:57.860Z ["[Lighter] Scripts routed to \"/sly.js\". \u001b[90mx1\u001b[39m"]
INFO 2014-11-12T08:44:57.861Z ["[Lighter] Styles routed to \"/sly.css\". \u001b[90mx1\u001b[39m"]
INFO 2014-11-12T08:44:57.866Z ["[Lighter] Controllers loaded. \u001b[90mx2\u001b[39m"]
INFO 2014-11-12T08:44:57.870Z ["[Lighter] Models loaded. \u001b[90mx0\u001b[39m"]
INFO 2014-11-12T08:44:57.870Z ["[Lighter] Models loaded. \u001b[90mx0\u001b[39m"]
INFO 2014-11-12T08:44:57.888Z ["[Lighter] Models loaded. \u001b[90mx0\u001b[39m"]
INFO 2014-11-12T08:44:57.890Z ["[Lighter] Models loaded. \u001b[90mx0\u001b[39m"]
INFO 2014-11-12T08:44:57.895Z ["[Lighter] Models loaded. \u001b[90mx0\u001b[39m"]
INFO 2014-11-12T08:44:57.896Z ["[Lighter] Scripts routed to \"/sly.js\". \u001b[90mx1\u001b[39m"]
INFO 2014-11-12T08:44:57.897Z ["[Lighter] Scripts routed to \"/sly.js\". \u001b[90mx1\u001b[39m"]
INFO 2014-11-12T08:44:57.897Z ["[Lighter] Styles routed to \"/sly.css\". \u001b[90mx1\u001b[39m"]
INFO 2014-11-12T08:44:57.897Z ["[Lighter] Styles routed to \"/sly.css\". \u001b[90mx1\u001b[39m"]
INFO 2014-11-12T08:44:57.900Z ["[Lighter] Controllers loaded. \u001b[90mx2\u001b[39m"]
INFO 2014-11-12T08:44:57.900Z ["[Lighter] Controllers loaded. \u001b[90mx2\u001b[39m"]
INFO 2014-11-12T08:44:57.903Z ["[Lighter] Models loaded. \u001b[90mx0\u001b[39m"]
INFO 2014-11-12T08:44:57.908Z ["[Lighter] Models loaded. \u001b[90mx0\u001b[39m"]
INFO 2014-11-12T08:44:57.912Z ["[Lighter] Scripts routed to \"/sly.js\". \u001b[90mx1\u001b[39m"]
INFO 2014-11-12T08:44:57.914Z ["[Lighter] Styles routed to \"/sly.css\". \u001b[90mx1\u001b[39m"]
INFO 2014-11-12T08:44:57.916Z ["[Lighter] Scripts routed to \"/sly.js\". \u001b[90mx1\u001b[39m"]
INFO 2014-11-12T08:44:57.917Z ["[Lighter] Controllers loaded. \u001b[90mx2\u001b[39m"]
INFO 2014-11-12T08:44:57.918Z ["[Lighter] Scripts routed to \"/a.js\". \u001b[90mx1\u001b[39m"]
INFO 2014-11-12T08:44:57.919Z ["[Lighter] Scripts routed to \"/sly.js\". \u001b[90mx1\u001b[39m"]
INFO 2014-11-12T08:44:57.919Z ["[Lighter] Styles routed to \"/sly.css\". \u001b[90mx1\u001b[39m"]
INFO 2014-11-12T08:44:57.920Z ["[Lighter] Styles routed to \"/sly.css\". \u001b[90mx1\u001b[39m"]
INFO 2014-11-12T08:44:57.923Z ["[Lighter] Styles routed to \"/a.css\". \u001b[90mx1\u001b[39m"]
INFO 2014-11-12T08:44:57.923Z ["[Lighter] Controllers loaded. \u001b[90mx2\u001b[39m"]
INFO 2014-11-12T08:44:57.930Z ["[Lighter] Scripts routed to \"/a.js\". \u001b[90mx1\u001b[39m"]
INFO 2014-11-12T08:44:57.933Z ["[Lighter] Controllers loaded. \u001b[90mx2\u001b[39m"]
INFO 2014-11-12T08:44:57.934Z ["[Lighter] Scripts routed to \"/sly.js\". \u001b[90mx1\u001b[39m"]
INFO 2014-11-12T08:44:57.935Z ["[Lighter] Styles routed to \"/sly.css\". \u001b[90mx1\u001b[39m"]
INFO 2014-11-12T08:44:57.935Z ["[Lighter] Scripts routed to \"/sly.js\". \u001b[90mx1\u001b[39m"]
INFO 2014-11-12T08:44:57.936Z ["[Lighter] Styles routed to \"/sly.css\". \u001b[90mx1\u001b[39m"]
INFO 2014-11-12T08:44:57.938Z ["[Lighter] Controllers loaded. \u001b[90mx2\u001b[39m"]
INFO 2014-11-12T08:44:57.941Z ["[Lighter] Controllers loaded. \u001b[90mx2\u001b[39m"]
INFO 2014-11-12T08:44:57.944Z ["[Lighter] Scripts routed to \"/a.js\". \u001b[90mx1\u001b[39m"]
INFO 2014-11-12T08:44:57.955Z ["[Lighter] Styles routed to \"/a.css\". \u001b[90mx1\u001b[39m"]
INFO 2014-11-12T08:44:57.984Z ["[Lighter] Styles routed to \"/a.css\". \u001b[90mx1\u001b[39m"]
INFO 2014-11-12T08:44:57.986Z ["[Lighter] Scripts routed to \"/a.js\". \u001b[90mx1\u001b[39m"]
INFO 2014-11-12T08:44:57.996Z ["[Lighter] Styles routed to \"/a.css\". \u001b[90mx1\u001b[39m"]
INFO 2014-11-12T08:44:58.003Z ["[Lighter] Scripts routed to \"/a.js\". \u001b[90mx1\u001b[39m"]
INFO 2014-11-12T08:44:58.004Z ["[Lighter] Scripts routed to \"/a.js\". \u001b[90mx1\u001b[39m"]
INFO 2014-11-12T08:44:58.007Z ["[Lighter] Styles routed to \"/a.css\". \u001b[90mx1\u001b[39m"]
INFO 2014-11-12T08:44:58.010Z ["[Lighter] Scripts routed to \"/a.js\". \u001b[90mx1\u001b[39m"]
INFO 2014-11-12T08:44:58.012Z ["[Lighter] Styles routed to \"/a.css\". \u001b[90mx1\u001b[39m"]
INFO 2014-11-12T08:44:58.018Z ["[Lighter] Styles routed to \"/a.css\". \u001b[90mx1\u001b[39m"]
INFO 2014-11-12T08:44:58.035Z ["[Lighter] Scripts routed to \"/a.js\". \u001b[90mx1\u001b[39m"]
INFO 2014-11-12T08:44:58.037Z ["[Lighter] Styles routed to \"/a.css\". \u001b[90mx1\u001b[39m"]
INFO 2014-11-12T08:44:59.934Z ["[Lighter] Publics loaded. \u001b[90mx48\u001b[39m"]
INFO 2014-11-12T08:44:59.941Z ["[Lighter] Publics loaded. \u001b[90mx48\u001b[39m"]
INFO 2014-11-12T08:44:59.951Z ["[Lighter] Publics loaded. \u001b[90mx48\u001b[39m"]
INFO 2014-11-12T08:44:59.998Z ["[Lighter] Publics loaded. \u001b[90mx48\u001b[39m"]
