INFO 2014-11-12T18:45:11.400Z ["[D6] Views routed to \"/d6.js\"."]
INFO 2014-11-12T18:45:11.400Z ["[D6] Views routed to \"/d6.js\"."]
INFO 2014-11-12T18:45:11.400Z ["[D6] Views routed to \"/d6.js\"."]
INFO 2014-11-12T18:45:11.400Z ["[D6] Views routed to \"/d6.js\"."]
INFO 2014-11-12T18:45:11.401Z ["[D6] Views routed to \"/d6.js\"."]
INFO 2014-11-12T18:45:11.401Z ["[D6] Views routed to \"/d6.js\"."]
INFO 2014-11-12T18:45:11.403Z ["[D6] Views routed to \"/d6.js\"."]
INFO 2014-11-12T18:45:11.403Z ["[D6] Views routed to \"/d6.js\"."]
INFO 2014-11-12T18:45:11.403Z ["[D6] Views routed to \"/d6.js\"."]
INFO 2014-11-12T18:45:11.408Z ["[D6] Views routed to \"/d6.js\"."]
INFO 2014-11-12T18:45:11.408Z ["[D6] Views routed to \"/d6.js\"."]
INFO 2014-11-12T18:45:11.410Z ["[D6] Views routed to \"/d6.js\"."]
INFO 2014-11-12T18:45:11.411Z ["[D6] Views routed to \"/d6.js\"."]
INFO 2014-11-12T18:45:11.411Z ["[D6] Views routed to \"/d6.js\"."]
INFO 2014-11-12T18:45:11.415Z ["[D6] Views routed to \"/d6.js\"."]
INFO 2014-11-12T18:45:11.417Z ["[D6] Views routed to \"/d6.js\"."]
WARN 2014-11-12T18:45:12.701Z ["[Lighter] Exiting due to file change in \"node_modules/aloha/package.json\"."]
WARN 2014-11-12T18:45:12.701Z ["[Lighter] Exiting due to file change in \"node_modules/aloha/package.json\"."]
WARN 2014-11-12T18:45:12.701Z ["[Lighter] Exiting due to file change in \"node_modules/aloha/package.json\"."]
WARN 2014-11-12T18:45:12.701Z ["[Lighter] Exiting due to file change in \"node_modules/aloha/package.json\"."]
WARN 2014-11-12T18:45:12.701Z ["[Lighter] Exiting due to file change in \"node_modules/aloha/package.json\"."]
INFO 2014-11-12T18:45:14.003Z ["[Lighter] Models loaded. \u001b[90mx0\u001b[39m"]
INFO 2014-11-12T18:45:14.015Z ["[Lighter] Models loaded. \u001b[90mx0\u001b[39m"]
INFO 2014-11-12T18:45:14.015Z ["[Lighter] Models loaded. \u001b[90mx0\u001b[39m"]
INFO 2014-11-12T18:45:14.015Z ["[Lighter] Models loaded. \u001b[90mx0\u001b[39m"]
INFO 2014-11-12T18:45:14.027Z ["[Lighter] Models loaded. \u001b[90mx0\u001b[39m"]
INFO 2014-11-12T18:45:14.037Z ["[Lighter] Scripts routed to \"/sly.js\". \u001b[90mx1\u001b[39m"]
INFO 2014-11-12T18:45:14.040Z ["[Lighter] Models loaded. \u001b[90mx0\u001b[39m"]
INFO 2014-11-12T18:45:14.040Z ["[Lighter] Scripts routed to \"/sly.js\". \u001b[90mx1\u001b[39m"]
INFO 2014-11-12T18:45:14.043Z ["[Lighter] Styles routed to \"/sly.css\". \u001b[90mx1\u001b[39m"]
INFO 2014-11-12T18:45:14.043Z ["[Lighter] Models loaded. \u001b[90mx0\u001b[39m"]
INFO 2014-11-12T18:45:14.044Z ["[Lighter] Styles routed to \"/sly.css\". \u001b[90mx1\u001b[39m"]
INFO 2014-11-12T18:45:14.045Z ["[Lighter] Controllers loaded. \u001b[90mx2\u001b[39m"]
INFO 2014-11-12T18:45:14.047Z ["[Lighter] Controllers loaded. \u001b[90mx2\u001b[39m"]
INFO 2014-11-12T18:45:14.048Z ["[Lighter] Models loaded. \u001b[90mx0\u001b[39m"]
INFO 2014-11-12T18:45:14.048Z ["[Lighter] Scripts routed to \"/sly.js\". \u001b[90mx1\u001b[39m"]
INFO 2014-11-12T18:45:14.052Z ["[Lighter] Styles routed to \"/sly.css\". \u001b[90mx1\u001b[39m"]
INFO 2014-11-12T18:45:14.055Z ["[Lighter] Controllers loaded. \u001b[90mx2\u001b[39m"]
INFO 2014-11-12T18:45:14.055Z ["[Lighter] Scripts routed to \"/sly.js\". \u001b[90mx1\u001b[39m"]
INFO 2014-11-12T18:45:14.059Z ["[Lighter] Styles routed to \"/sly.css\". \u001b[90mx1\u001b[39m"]
INFO 2014-11-12T18:45:14.060Z ["[Lighter] Scripts routed to \"/sly.js\". \u001b[90mx1\u001b[39m"]
INFO 2014-11-12T18:45:14.062Z ["[Lighter] Controllers loaded. \u001b[90mx2\u001b[39m"]
INFO 2014-11-12T18:45:14.067Z ["[Lighter] Styles routed to \"/sly.css\". \u001b[90mx1\u001b[39m"]
INFO 2014-11-12T18:45:14.069Z ["[Lighter] Scripts routed to \"/sly.js\". \u001b[90mx1\u001b[39m"]
INFO 2014-11-12T18:45:14.070Z ["[Lighter] Scripts routed to \"/sly.js\". \u001b[90mx1\u001b[39m"]
INFO 2014-11-12T18:45:14.070Z ["[Lighter] Controllers loaded. \u001b[90mx2\u001b[39m"]
INFO 2014-11-12T18:45:14.071Z ["[Lighter] Scripts routed to \"/sly.js\". \u001b[90mx1\u001b[39m"]
INFO 2014-11-12T18:45:14.072Z ["[Lighter] Styles routed to \"/sly.css\". \u001b[90mx1\u001b[39m"]
INFO 2014-11-12T18:45:14.073Z ["[Lighter] Styles routed to \"/sly.css\". \u001b[90mx1\u001b[39m"]
INFO 2014-11-12T18:45:14.075Z ["[Lighter] Controllers loaded. \u001b[90mx2\u001b[39m"]
INFO 2014-11-12T18:45:14.079Z ["[Lighter] Styles routed to \"/sly.css\". \u001b[90mx1\u001b[39m"]
INFO 2014-11-12T18:45:14.079Z ["[Lighter] Controllers loaded. \u001b[90mx2\u001b[39m"]
INFO 2014-11-12T18:45:14.082Z ["[Lighter] Controllers loaded. \u001b[90mx2\u001b[39m"]
INFO 2014-11-12T18:45:14.100Z ["[Lighter] Scripts routed to \"/a.js\". \u001b[90mx1\u001b[39m"]
INFO 2014-11-12T18:45:14.103Z ["[Lighter] Scripts routed to \"/a.js\". \u001b[90mx1\u001b[39m"]
INFO 2014-11-12T18:45:14.105Z ["[Lighter] Scripts routed to \"/a.js\". \u001b[90mx1\u001b[39m"]
INFO 2014-11-12T18:45:14.107Z ["[Lighter] Styles routed to \"/a.css\". \u001b[90mx1\u001b[39m"]
INFO 2014-11-12T18:45:14.113Z ["[Lighter] Scripts routed to \"/a.js\". \u001b[90mx1\u001b[39m"]
INFO 2014-11-12T18:45:14.114Z ["[Lighter] Scripts routed to \"/a.js\". \u001b[90mx1\u001b[39m"]
INFO 2014-11-12T18:45:14.118Z ["[Lighter] Styles routed to \"/a.css\". \u001b[90mx1\u001b[39m"]
INFO 2014-11-12T18:45:14.123Z ["[Lighter] Styles routed to \"/a.css\". \u001b[90mx1\u001b[39m"]
INFO 2014-11-12T18:45:14.124Z ["[Lighter] Scripts routed to \"/a.js\". \u001b[90mx1\u001b[39m"]
INFO 2014-11-12T18:45:14.126Z ["[Lighter] Styles routed to \"/a.css\". \u001b[90mx1\u001b[39m"]
INFO 2014-11-12T18:45:14.127Z ["[Lighter] Styles routed to \"/a.css\". \u001b[90mx1\u001b[39m"]
INFO 2014-11-12T18:45:14.143Z ["[Lighter] Styles routed to \"/a.css\". \u001b[90mx1\u001b[39m"]
INFO 2014-11-12T18:45:14.167Z ["[Lighter] Scripts routed to \"/a.js\". \u001b[90mx1\u001b[39m"]
INFO 2014-11-12T18:45:14.167Z ["[Lighter] Scripts routed to \"/a.js\". \u001b[90mx1\u001b[39m"]
INFO 2014-11-12T18:45:14.175Z ["[Lighter] Styles routed to \"/a.css\". \u001b[90mx1\u001b[39m"]
INFO 2014-11-12T18:45:14.176Z ["[Lighter] Styles routed to \"/a.css\". \u001b[90mx1\u001b[39m"]
INFO 2014-11-12T18:45:16.592Z ["[Lighter] Publics loaded. \u001b[90mx48\u001b[39m"]
INFO 2014-11-12T18:45:16.732Z ["[Lighter] Publics loaded. \u001b[90mx48\u001b[39m"]
INFO 2014-11-12T18:45:16.822Z ["[Lighter] Publics loaded. \u001b[90mx48\u001b[39m"]
INFO 2014-11-12T18:45:16.922Z ["[Lighter] Publics loaded. \u001b[90mx48\u001b[39m"]
INFO 2014-11-12T18:45:18.615Z ["[Lighter] Views loaded. \u001b[90mx30\u001b[39m"]
INFO 2014-11-12T18:45:18.805Z ["[Lighter] Views loaded. \u001b[90mx30\u001b[39m"]
INFO 2014-11-12T18:45:18.943Z ["[Lighter] Views loaded. \u001b[90mx30\u001b[39m"]
INFO 2014-11-12T18:45:18.977Z ["[Lighter] Views loaded. \u001b[90mx30\u001b[39m"]
INFO 2014-11-12T18:45:19.048Z ["[Lighter] Publics loaded. \u001b[90mx48\u001b[39m"]
INFO 2014-11-12T18:45:19.051Z ["[Lighter] Views loaded. \u001b[90mx30\u001b[39m"]
INFO 2014-11-12T18:45:19.058Z ["[Lighter] Publics loaded. \u001b[90mx48\u001b[39m"]
INFO 2014-11-12T18:45:19.102Z ["[Lighter] Publics loaded. \u001b[90mx48\u001b[39m"]
INFO 2014-11-12T18:45:19.104Z ["[Lighter] Views loaded. \u001b[90mx30\u001b[39m"]
INFO 2014-11-12T18:45:19.128Z ["[D6] Views routed to \"/d6.js\"."]
INFO 2014-11-12T18:45:19.130Z ["[D6] Views routed to \"/d6.js\"."]
INFO 2014-11-12T18:45:19.132Z ["[D6] Views routed to \"/d6.js\"."]
INFO 2014-11-12T18:45:19.144Z ["[D6] Views routed to \"/d6.js\"."]
INFO 2014-11-12T18:45:19.147Z ["[D6] Views routed to \"/d6.js\"."]
INFO 2014-11-12T18:45:19.183Z ["[Lighter] Views loaded. \u001b[90mx30\u001b[39m"]
INFO 2014-11-12T18:45:19.202Z ["[Lighter] Publics loaded. \u001b[90mx48\u001b[39m"]
INFO 2014-11-12T18:45:19.213Z ["[D6] Views routed to \"/d6.js\"."]
INFO 2014-11-12T18:45:19.224Z ["[D6] Views routed to \"/d6.js\"."]
INFO 2014-11-12T18:45:19.238Z ["[Lighter] Views loaded. \u001b[90mx30\u001b[39m"]
INFO 2014-11-12T18:45:19.255Z ["[D6] Views routed to \"/d6.js\"."]
