WARN 2014-11-12T08:37:15.049Z ["[Lighter] Exiting due to file change in \"node_modules/lighter/lib/App.js\"."]
WARN 2014-11-12T08:37:15.049Z ["[Lighter] Exiting due to file change in \"node_modules/lighter/lib/App.js\"."]
WARN 2014-11-12T08:37:15.049Z ["[Lighter] Exiting due to file change in \"node_modules/lighter/lib/App.js\"."]
WARN 2014-11-12T08:37:15.049Z ["[Lighter] Exiting due to file change in \"node_modules/lighter/lib/App.js\"."]
WARN 2014-11-12T08:37:15.049Z ["[Lighter] Exiting due to file change in \"node_modules/lighter/lib/App.js\"."]
INFO 2014-11-12T08:37:16.158Z ["[Lighter] Models loaded. \u001b[90mx0\u001b[39m"]
INFO 2014-11-12T08:37:16.170Z ["[Lighter] Scripts routed to \"/sly.js\". \u001b[90mx1\u001b[39m"]
INFO 2014-11-12T08:37:16.171Z ["[Lighter] Styles routed to \"/sly.css\". \u001b[90mx1\u001b[39m"]
ERROR 2014-11-12T08:37:16.180Z ["ReferenceError: Proto is not defined\n    at init.app.(anonymous function).app.chug.require.each.instance (/Users/sam/Workspace/lighter/lib/App.js:525:53)\n    at init.module.exports.Waiter.extend.require (/Users/sam/Workspace/chug/lib/Asset.js:365:16)\n    at /Users/sam/Workspace/chug/lib/Load.js:467:21\n    at Array.forEach (native)\n    at /Users/sam/Workspace/chug/lib/Load.js:192:21\n    at onceReadyEach (/Users/sam/Workspace/chug/lib/Waiter.js:108:9)\n    at Array.forEach (native)\n    at onReady (/Users/sam/Workspace/chug/lib/Waiter.js:107:27)\n    at unwait (/Users/sam/Workspace/chug/lib/Waiter.js:75:12)\n    at unwaitParents (/Users/sam/Workspace/chug/lib/Waiter.js:78:14)"]
INFO 2014-11-12T08:37:16.180Z ["[Lighter] Models loaded. \u001b[90mx0\u001b[39m"]
INFO 2014-11-12T08:37:16.181Z ["[Lighter] Models loaded. \u001b[90mx0\u001b[39m"]
ERROR 2014-11-12T08:37:16.186Z ["Worker 2640 died."]
INFO 2014-11-12T08:37:17.245Z ["[Lighter] Models loaded. \u001b[90mx0\u001b[39m"]
INFO 2014-11-12T08:37:17.250Z ["[Lighter] Models loaded. \u001b[90mx0\u001b[39m"]
INFO 2014-11-12T08:37:17.260Z ["[Lighter] Scripts routed to \"/sly.js\". \u001b[90mx1\u001b[39m"]
INFO 2014-11-12T08:37:17.262Z ["[Lighter] Styles routed to \"/sly.css\". \u001b[90mx1\u001b[39m"]
INFO 2014-11-12T08:37:17.267Z ["[Lighter] Scripts routed to \"/sly.js\". \u001b[90mx1\u001b[39m"]
ERROR 2014-11-12T08:37:17.270Z ["ReferenceError: Proto is not defined\n    at init.app.(anonymous function).app.chug.require.each.instance (/Users/sam/Workspace/lighter/lib/App.js:525:53)\n    at init.module.exports.Waiter.extend.require (/Users/sam/Workspace/chug/lib/Asset.js:365:16)\n    at /Users/sam/Workspace/chug/lib/Load.js:467:21\n    at Array.forEach (native)\n    at /Users/sam/Workspace/chug/lib/Load.js:192:21\n    at onceReadyEach (/Users/sam/Workspace/chug/lib/Waiter.js:108:9)\n    at Array.forEach (native)\n    at onReady (/Users/sam/Workspace/chug/lib/Waiter.js:107:27)\n    at unwait (/Users/sam/Workspace/chug/lib/Waiter.js:75:12)\n    at unwaitParents (/Users/sam/Workspace/chug/lib/Waiter.js:78:14)"]
INFO 2014-11-12T08:37:17.270Z ["[Lighter] Styles routed to \"/sly.css\". \u001b[90mx1\u001b[39m"]
ERROR 2014-11-12T08:37:17.275Z ["Worker 2649 died."]
INFO 2014-11-12T08:37:18.326Z ["[Lighter] Models loaded. \u001b[90mx0\u001b[39m"]
INFO 2014-11-12T08:37:18.339Z ["[Lighter] Models loaded. \u001b[90mx0\u001b[39m"]
INFO 2014-11-12T08:37:18.340Z ["[Lighter] Scripts routed to \"/sly.js\". \u001b[90mx1\u001b[39m"]
INFO 2014-11-12T08:37:18.343Z ["[Lighter] Styles routed to \"/sly.css\". \u001b[90mx1\u001b[39m"]
INFO 2014-11-12T08:37:18.345Z ["[Lighter] Models loaded. \u001b[90mx0\u001b[39m"]
ERROR 2014-11-12T08:37:18.353Z ["ReferenceError: Proto is not defined\n    at init.app.(anonymous function).app.chug.require.each.instance (/Users/sam/Workspace/lighter/lib/App.js:525:53)\n    at init.module.exports.Waiter.extend.require (/Users/sam/Workspace/chug/lib/Asset.js:365:16)\n    at /Users/sam/Workspace/chug/lib/Load.js:467:21\n    at Array.forEach (native)\n    at /Users/sam/Workspace/chug/lib/Load.js:192:21\n    at onceReadyEach (/Users/sam/Workspace/chug/lib/Waiter.js:108:9)\n    at Array.forEach (native)\n    at onReady (/Users/sam/Workspace/chug/lib/Waiter.js:107:27)\n    at unwait (/Users/sam/Workspace/chug/lib/Waiter.js:75:12)\n    at unwaitParents (/Users/sam/Workspace/chug/lib/Waiter.js:78:14)"]
INFO 2014-11-12T08:37:18.354Z ["[Lighter] Scripts routed to \"/sly.js\". \u001b[90mx1\u001b[39m"]
INFO 2014-11-12T08:37:18.354Z ["[Lighter] Styles routed to \"/sly.css\". \u001b[90mx1\u001b[39m"]
ERROR 2014-11-12T08:37:18.363Z ["Worker 2658 died."]
INFO 2014-11-12T08:37:19.457Z ["[Lighter] Models loaded. \u001b[90mx0\u001b[39m"]
INFO 2014-11-12T08:37:19.460Z ["[Lighter] Models loaded. \u001b[90mx0\u001b[39m"]
INFO 2014-11-12T08:37:19.472Z ["[Lighter] Scripts routed to \"/sly.js\". \u001b[90mx1\u001b[39m"]
INFO 2014-11-12T08:37:19.473Z ["[Lighter] Styles routed to \"/sly.css\". \u001b[90mx1\u001b[39m"]
INFO 2014-11-12T08:37:19.475Z ["[Lighter] Scripts routed to \"/sly.js\". \u001b[90mx1\u001b[39m"]
INFO 2014-11-12T08:37:19.476Z ["[Lighter] Styles routed to \"/sly.css\". \u001b[90mx1\u001b[39m"]
ERROR 2014-11-12T08:37:19.480Z ["ReferenceError: Proto is not defined\n    at init.app.(anonymous function).app.chug.require.each.instance (/Users/sam/Workspace/lighter/lib/App.js:525:53)\n    at init.module.exports.Waiter.extend.require (/Users/sam/Workspace/chug/lib/Asset.js:365:16)\n    at /Users/sam/Workspace/chug/lib/Load.js:467:21\n    at Array.forEach (native)\n    at /Users/sam/Workspace/chug/lib/Load.js:192:21\n    at onceReadyEach (/Users/sam/Workspace/chug/lib/Waiter.js:108:9)\n    at Array.forEach (native)\n    at onReady (/Users/sam/Workspace/chug/lib/Waiter.js:107:27)\n    at unwait (/Users/sam/Workspace/chug/lib/Waiter.js:75:12)\n    at unwaitParents (/Users/sam/Workspace/chug/lib/Waiter.js:78:14)"]
ERROR 2014-11-12T08:37:19.482Z ["ReferenceError: Proto is not defined\n    at init.app.(anonymous function).app.chug.require.each.instance (/Users/sam/Workspace/lighter/lib/App.js:525:53)\n    at init.module.exports.Waiter.extend.require (/Users/sam/Workspace/chug/lib/Asset.js:365:16)\n    at /Users/sam/Workspace/chug/lib/Load.js:467:21\n    at Array.forEach (native)\n    at /Users/sam/Workspace/chug/lib/Load.js:192:21\n    at onceReadyEach (/Users/sam/Workspace/chug/lib/Waiter.js:108:9)\n    at Array.forEach (native)\n    at onReady (/Users/sam/Workspace/chug/lib/Waiter.js:107:27)\n    at unwait (/Users/sam/Workspace/chug/lib/Waiter.js:75:12)\n    at unwaitParents (/Users/sam/Workspace/chug/lib/Waiter.js:78:14)"]
ERROR 2014-11-12T08:37:19.487Z ["Worker 2669 died."]
INFO 2014-11-12T08:37:20.553Z ["[Lighter] Models loaded. \u001b[90mx0\u001b[39m"]
INFO 2014-11-12T08:37:20.571Z ["[Lighter] Scripts routed to \"/sly.js\". \u001b[90mx1\u001b[39m"]
INFO 2014-11-12T08:37:20.572Z ["[Lighter] Styles routed to \"/sly.css\". \u001b[90mx1\u001b[39m"]
ERROR 2014-11-12T08:37:20.577Z ["ReferenceError: Proto is not defined\n    at init.app.(anonymous function).app.chug.require.each.instance (/Users/sam/Workspace/lighter/lib/App.js:525:53)\n    at init.module.exports.Waiter.extend.require (/Users/sam/Workspace/chug/lib/Asset.js:365:16)\n    at /Users/sam/Workspace/chug/lib/Load.js:467:21\n    at Array.forEach (native)\n    at /Users/sam/Workspace/chug/lib/Load.js:192:21\n    at onceReadyEach (/Users/sam/Workspace/chug/lib/Waiter.js:108:9)\n    at Array.forEach (native)\n    at onReady (/Users/sam/Workspace/chug/lib/Waiter.js:107:27)\n    at unwait (/Users/sam/Workspace/chug/lib/Waiter.js:75:12)\n    at unwaitParents (/Users/sam/Workspace/chug/lib/Waiter.js:78:14)"]
ERROR 2014-11-12T08:37:20.584Z ["Worker 2678 died."]
INFO 2014-11-12T08:37:21.652Z ["[Lighter] Models loaded. \u001b[90mx0\u001b[39m"]
INFO 2014-11-12T08:37:21.653Z ["[Lighter] Models loaded. \u001b[90mx0\u001b[39m"]
INFO 2014-11-12T08:37:21.665Z ["[Lighter] Scripts routed to \"/sly.js\". \u001b[90mx1\u001b[39m"]
INFO 2014-11-12T08:37:21.666Z ["[Lighter] Scripts routed to \"/sly.js\". \u001b[90mx1\u001b[39m"]
INFO 2014-11-12T08:37:21.667Z ["[Lighter] Styles routed to \"/sly.css\". \u001b[90mx1\u001b[39m"]
INFO 2014-11-12T08:37:21.667Z ["[Lighter] Styles routed to \"/sly.css\". \u001b[90mx1\u001b[39m"]
ERROR 2014-11-12T08:37:21.671Z ["ReferenceError: Proto is not defined\n    at init.app.(anonymous function).app.chug.require.each.instance (/Users/sam/Workspace/lighter/lib/App.js:525:53)\n    at init.module.exports.Waiter.extend.require (/Users/sam/Workspace/chug/lib/Asset.js:365:16)\n    at /Users/sam/Workspace/chug/lib/Load.js:467:21\n    at Array.forEach (native)\n    at /Users/sam/Workspace/chug/lib/Load.js:192:21\n    at onceReadyEach (/Users/sam/Workspace/chug/lib/Waiter.js:108:9)\n    at Array.forEach (native)\n    at onReady (/Users/sam/Workspace/chug/lib/Waiter.js:107:27)\n    at unwait (/Users/sam/Workspace/chug/lib/Waiter.js:75:12)\n    at unwaitParents (/Users/sam/Workspace/chug/lib/Waiter.js:78:14)"]
ERROR 2014-11-12T08:37:21.677Z ["ReferenceError: Proto is not defined\n    at init.app.(anonymous function).app.chug.require.each.instance (/Users/sam/Workspace/lighter/lib/App.js:525:53)\n    at init.module.exports.Waiter.extend.require (/Users/sam/Workspace/chug/lib/Asset.js:365:16)\n    at /Users/sam/Workspace/chug/lib/Load.js:467:21\n    at Array.forEach (native)\n    at /Users/sam/Workspace/chug/lib/Load.js:192:21\n    at onceReadyEach (/Users/sam/Workspace/chug/lib/Waiter.js:108:9)\n    at Array.forEach (native)\n    at onReady (/Users/sam/Workspace/chug/lib/Waiter.js:107:27)\n    at unwait (/Users/sam/Workspace/chug/lib/Waiter.js:75:12)\n    at unwaitParents (/Users/sam/Workspace/chug/lib/Waiter.js:78:14)"]
INFO 2014-11-12T08:37:22.760Z ["[Lighter] Models loaded. \u001b[90mx0\u001b[39m"]
INFO 2014-11-12T08:37:22.778Z ["[Lighter] Scripts routed to \"/sly.js\". \u001b[90mx1\u001b[39m"]
INFO 2014-11-12T08:37:22.778Z ["[Lighter] Styles routed to \"/sly.css\". \u001b[90mx1\u001b[39m"]
ERROR 2014-11-12T08:37:22.785Z ["ReferenceError: Proto is not defined\n    at init.app.(anonymous function).app.chug.require.each.instance (/Users/sam/Workspace/lighter/lib/App.js:525:53)\n    at init.module.exports.Waiter.extend.require (/Users/sam/Workspace/chug/lib/Asset.js:365:16)\n    at /Users/sam/Workspace/chug/lib/Load.js:467:21\n    at Array.forEach (native)\n    at /Users/sam/Workspace/chug/lib/Load.js:192:21\n    at onceReadyEach (/Users/sam/Workspace/chug/lib/Waiter.js:108:9)\n    at Array.forEach (native)\n    at onReady (/Users/sam/Workspace/chug/lib/Waiter.js:107:27)\n    at unwait (/Users/sam/Workspace/chug/lib/Waiter.js:75:12)\n    at unwaitParents (/Users/sam/Workspace/chug/lib/Waiter.js:78:14)"]
INFO 2014-11-12T08:37:22.786Z ["[Lighter] Models loaded. \u001b[90mx0\u001b[39m"]
ERROR 2014-11-12T08:37:22.789Z ["Worker 2695 died."]
INFO 2014-11-12T08:37:23.819Z ["[Lighter] Models loaded. \u001b[90mx0\u001b[39m"]
INFO 2014-11-12T08:37:23.834Z ["[Lighter] Scripts routed to \"/sly.js\". \u001b[90mx1\u001b[39m"]
INFO 2014-11-12T08:37:23.835Z ["[Lighter] Styles routed to \"/sly.css\". \u001b[90mx1\u001b[39m"]
ERROR 2014-11-12T08:37:23.840Z ["ReferenceError: Proto is not defined\n    at init.app.(anonymous function).app.chug.require.each.instance (/Users/sam/Workspace/lighter/lib/App.js:525:53)\n    at init.module.exports.Waiter.extend.require (/Users/sam/Workspace/chug/lib/Asset.js:365:16)\n    at /Users/sam/Workspace/chug/lib/Load.js:467:21\n    at Array.forEach (native)\n    at /Users/sam/Workspace/chug/lib/Load.js:192:21\n    at onceReadyEach (/Users/sam/Workspace/chug/lib/Waiter.js:108:9)\n    at Array.forEach (native)\n    at onReady (/Users/sam/Workspace/chug/lib/Waiter.js:107:27)\n    at unwait (/Users/sam/Workspace/chug/lib/Waiter.js:75:12)\n    at unwaitParents (/Users/sam/Workspace/chug/lib/Waiter.js:78:14)"]
ERROR 2014-11-12T08:37:23.850Z ["Worker 2705 died."]
INFO 2014-11-12T08:37:24.945Z ["[Lighter] Models loaded. \u001b[90mx0\u001b[39m"]
INFO 2014-11-12T08:37:24.960Z ["[Lighter] Scripts routed to \"/sly.js\". \u001b[90mx1\u001b[39m"]
INFO 2014-11-12T08:37:24.961Z ["[Lighter] Styles routed to \"/sly.css\". \u001b[90mx1\u001b[39m"]
INFO 2014-11-12T08:37:24.963Z ["[Lighter] Models loaded. \u001b[90mx0\u001b[39m"]
INFO 2014-11-12T08:37:24.964Z ["[Lighter] Models loaded. \u001b[90mx0\u001b[39m"]
ERROR 2014-11-12T08:37:24.968Z ["ReferenceError: Proto is not defined\n    at init.app.(anonymous function).app.chug.require.each.instance (/Users/sam/Workspace/lighter/lib/App.js:525:53)\n    at init.module.exports.Waiter.extend.require (/Users/sam/Workspace/chug/lib/Asset.js:365:16)\n    at /Users/sam/Workspace/chug/lib/Load.js:467:21\n    at Array.forEach (native)\n    at /Users/sam/Workspace/chug/lib/Load.js:192:21\n    at onceReadyEach (/Users/sam/Workspace/chug/lib/Waiter.js:108:9)\n    at Array.forEach (native)\n    at onReady (/Users/sam/Workspace/chug/lib/Waiter.js:107:27)\n    at unwait (/Users/sam/Workspace/chug/lib/Waiter.js:75:12)\n    at unwaitParents (/Users/sam/Workspace/chug/lib/Waiter.js:78:14)"]
ERROR 2014-11-12T08:37:24.974Z ["Worker 2715 died."]
INFO 2014-11-12T08:37:26.030Z ["[Lighter] Models loaded. \u001b[90mx0\u001b[39m"]
INFO 2014-11-12T08:37:26.045Z ["[Lighter] Scripts routed to \"/sly.js\". \u001b[90mx1\u001b[39m"]
INFO 2014-11-12T08:37:26.046Z ["[Lighter] Styles routed to \"/sly.css\". \u001b[90mx1\u001b[39m"]
INFO 2014-11-12T08:37:26.048Z ["[Lighter] Models loaded. \u001b[90mx0\u001b[39m"]
INFO 2014-11-12T08:37:26.049Z ["[Lighter] Models loaded. \u001b[90mx0\u001b[39m"]
ERROR 2014-11-12T08:37:26.052Z ["ReferenceError: Proto is not defined\n    at init.app.(anonymous function).app.chug.require.each.instance (/Users/sam/Workspace/lighter/lib/App.js:525:53)\n    at init.module.exports.Waiter.extend.require (/Users/sam/Workspace/chug/lib/Asset.js:365:16)\n    at /Users/sam/Workspace/chug/lib/Load.js:467:21\n    at Array.forEach (native)\n    at /Users/sam/Workspace/chug/lib/Load.js:192:21\n    at onceReadyEach (/Users/sam/Workspace/chug/lib/Waiter.js:108:9)\n    at Array.forEach (native)\n    at onReady (/Users/sam/Workspace/chug/lib/Waiter.js:107:27)\n    at unwait (/Users/sam/Workspace/chug/lib/Waiter.js:75:12)\n    at unwaitParents (/Users/sam/Workspace/chug/lib/Waiter.js:78:14)"]
ERROR 2014-11-12T08:37:26.057Z ["Worker 2723 died."]
INFO 2014-11-12T08:37:27.132Z ["[Lighter] Models loaded. \u001b[90mx0\u001b[39m"]
INFO 2014-11-12T08:37:27.139Z ["[Lighter] Models loaded. \u001b[90mx0\u001b[39m"]
INFO 2014-11-12T08:37:27.140Z ["[Lighter] Models loaded. \u001b[90mx0\u001b[39m"]
INFO 2014-11-12T08:37:27.146Z ["[Lighter] Models loaded. \u001b[90mx0\u001b[39m"]
INFO 2014-11-12T08:37:27.151Z ["[Lighter] Models loaded. \u001b[90mx0\u001b[39m"]
INFO 2014-11-12T08:37:27.154Z ["[Lighter] Scripts routed to \"/sly.js\". \u001b[90mx1\u001b[39m"]
INFO 2014-11-12T08:37:27.154Z ["[Lighter] Styles routed to \"/sly.css\". \u001b[90mx1\u001b[39m"]
INFO 2014-11-12T08:37:27.155Z ["[Lighter] Scripts routed to \"/sly.js\". \u001b[90mx1\u001b[39m"]
INFO 2014-11-12T08:37:27.156Z ["[Lighter] Styles routed to \"/sly.css\". \u001b[90mx1\u001b[39m"]
INFO 2014-11-12T08:37:27.157Z ["[Lighter] Scripts routed to \"/sly.js\". \u001b[90mx1\u001b[39m"]
INFO 2014-11-12T08:37:27.158Z ["[Lighter] Styles routed to \"/sly.css\". \u001b[90mx1\u001b[39m"]
ERROR 2014-11-12T08:37:27.159Z ["ReferenceError: Proto is not defined\n    at init.app.(anonymous function).app.chug.require.each.instance (/Users/sam/Workspace/lighter/lib/App.js:525:53)\n    at init.module.exports.Waiter.extend.require (/Users/sam/Workspace/chug/lib/Asset.js:365:16)\n    at /Users/sam/Workspace/chug/lib/Load.js:467:21\n    at Array.forEach (native)\n    at /Users/sam/Workspace/chug/lib/Load.js:192:21\n    at onceReadyEach (/Users/sam/Workspace/chug/lib/Waiter.js:108:9)\n    at Array.forEach (native)\n    at onReady (/Users/sam/Workspace/chug/lib/Waiter.js:107:27)\n    at unwait (/Users/sam/Workspace/chug/lib/Waiter.js:75:12)\n    at unwaitParents (/Users/sam/Workspace/chug/lib/Waiter.js:78:14)"]
INFO 2014-11-12T08:37:27.160Z ["[Lighter] Models loaded. \u001b[90mx0\u001b[39m"]
INFO 2014-11-12T08:37:27.162Z ["[Lighter] Scripts routed to \"/sly.js\". \u001b[90mx1\u001b[39m"]
ERROR 2014-11-12T08:37:27.162Z ["ReferenceError: Proto is not defined\n    at init.app.(anonymous function).app.chug.require.each.instance (/Users/sam/Workspace/lighter/lib/App.js:525:53)\n    at init.module.exports.Waiter.extend.require (/Users/sam/Workspace/chug/lib/Asset.js:365:16)\n    at /Users/sam/Workspace/chug/lib/Load.js:467:21\n    at Array.forEach (native)\n    at /Users/sam/Workspace/chug/lib/Load.js:192:21\n    at onceReadyEach (/Users/sam/Workspace/chug/lib/Waiter.js:108:9)\n    at Array.forEach (native)\n    at onReady (/Users/sam/Workspace/chug/lib/Waiter.js:107:27)\n    at unwait (/Users/sam/Workspace/chug/lib/Waiter.js:75:12)\n    at unwaitParents (/Users/sam/Workspace/chug/lib/Waiter.js:78:14)"]
ERROR 2014-11-12T08:37:27.165Z ["ReferenceError: Proto is not defined\n    at init.app.(anonymous function).app.chug.require.each.instance (/Users/sam/Workspace/lighter/lib/App.js:525:53)\n    at init.module.exports.Waiter.extend.require (/Users/sam/Workspace/chug/lib/Asset.js:365:16)\n    at /Users/sam/Workspace/chug/lib/Load.js:467:21\n    at Array.forEach (native)\n    at /Users/sam/Workspace/chug/lib/Load.js:192:21\n    at onceReadyEach (/Users/sam/Workspace/chug/lib/Waiter.js:108:9)\n    at Array.forEach (native)\n    at onReady (/Users/sam/Workspace/chug/lib/Waiter.js:107:27)\n    at unwait (/Users/sam/Workspace/chug/lib/Waiter.js:75:12)\n    at unwaitParents (/Users/sam/Workspace/chug/lib/Waiter.js:78:14)"]
INFO 2014-11-12T08:37:28.217Z ["[Lighter] Models loaded. \u001b[90mx0\u001b[39m"]
INFO 2014-11-12T08:37:28.225Z ["[Lighter] Models loaded. \u001b[90mx0\u001b[39m"]
INFO 2014-11-12T08:37:28.226Z ["[Lighter] Models loaded. \u001b[90mx0\u001b[39m"]
INFO 2014-11-12T08:37:28.233Z ["[Lighter] Scripts routed to \"/sly.js\". \u001b[90mx1\u001b[39m"]
INFO 2014-11-12T08:37:28.236Z ["[Lighter] Styles routed to \"/sly.css\". \u001b[90mx1\u001b[39m"]
ERROR 2014-11-12T08:37:28.244Z ["ReferenceError: Proto is not defined\n    at init.app.(anonymous function).app.chug.require.each.instance (/Users/sam/Workspace/lighter/lib/App.js:525:53)\n    at init.module.exports.Waiter.extend.require (/Users/sam/Workspace/chug/lib/Asset.js:365:16)\n    at /Users/sam/Workspace/chug/lib/Load.js:467:21\n    at Array.forEach (native)\n    at /Users/sam/Workspace/chug/lib/Load.js:192:21\n    at onceReadyEach (/Users/sam/Workspace/chug/lib/Waiter.js:108:9)\n    at Array.forEach (native)\n    at onReady (/Users/sam/Workspace/chug/lib/Waiter.js:107:27)\n    at unwait (/Users/sam/Workspace/chug/lib/Waiter.js:75:12)\n    at unwaitParents (/Users/sam/Workspace/chug/lib/Waiter.js:78:14)"]
INFO 2014-11-12T08:37:28.245Z ["[Lighter] Scripts routed to \"/sly.js\". \u001b[90mx1\u001b[39m"]
INFO 2014-11-12T08:37:28.245Z ["[Lighter] Styles routed to \"/sly.css\". \u001b[90mx1\u001b[39m"]
INFO 2014-11-12T08:37:28.248Z ["[Lighter] Scripts routed to \"/sly.js\". \u001b[90mx1\u001b[39m"]
ERROR 2014-11-12T08:37:28.250Z ["Worker 2740 died."]
INFO 2014-11-12T08:37:29.305Z ["[Lighter] Models loaded. \u001b[90mx0\u001b[39m"]
INFO 2014-11-12T08:37:29.322Z ["[Lighter] Scripts routed to \"/sly.js\". \u001b[90mx1\u001b[39m"]
INFO 2014-11-12T08:37:29.322Z ["[Lighter] Styles routed to \"/sly.css\". \u001b[90mx1\u001b[39m"]
ERROR 2014-11-12T08:37:29.332Z ["ReferenceError: Proto is not defined\n    at init.app.(anonymous function).app.chug.require.each.instance (/Users/sam/Workspace/lighter/lib/App.js:525:53)\n    at init.module.exports.Waiter.extend.require (/Users/sam/Workspace/chug/lib/Asset.js:365:16)\n    at /Users/sam/Workspace/chug/lib/Load.js:467:21\n    at Array.forEach (native)\n    at /Users/sam/Workspace/chug/lib/Load.js:192:21\n    at onceReadyEach (/Users/sam/Workspace/chug/lib/Waiter.js:108:9)\n    at Array.forEach (native)\n    at onReady (/Users/sam/Workspace/chug/lib/Waiter.js:107:27)\n    at unwait (/Users/sam/Workspace/chug/lib/Waiter.js:75:12)\n    at unwaitParents (/Users/sam/Workspace/chug/lib/Waiter.js:78:14)"]
INFO 2014-11-12T08:37:29.332Z ["[Lighter] Models loaded. \u001b[90mx0\u001b[39m"]
ERROR 2014-11-12T08:37:29.334Z ["Worker 2749 died."]
INFO 2014-11-12T08:37:30.412Z ["[Lighter] Models loaded. \u001b[90mx0\u001b[39m"]
INFO 2014-11-12T08:37:30.416Z ["[Lighter] Models loaded. \u001b[90mx0\u001b[39m"]
INFO 2014-11-12T08:37:30.423Z ["[Lighter] Scripts routed to \"/sly.js\". \u001b[90mx1\u001b[39m"]
INFO 2014-11-12T08:37:30.424Z ["[Lighter] Styles routed to \"/sly.css\". \u001b[90mx1\u001b[39m"]
ERROR 2014-11-12T08:37:30.430Z ["ReferenceError: Proto is not defined\n    at init.app.(anonymous function).app.chug.require.each.instance (/Users/sam/Workspace/lighter/lib/App.js:525:53)\n    at init.module.exports.Waiter.extend.require (/Users/sam/Workspace/chug/lib/Asset.js:365:16)\n    at /Users/sam/Workspace/chug/lib/Load.js:467:21\n    at Array.forEach (native)\n    at /Users/sam/Workspace/chug/lib/Load.js:192:21\n    at onceReadyEach (/Users/sam/Workspace/chug/lib/Waiter.js:108:9)\n    at Array.forEach (native)\n    at onReady (/Users/sam/Workspace/chug/lib/Waiter.js:107:27)\n    at unwait (/Users/sam/Workspace/chug/lib/Waiter.js:75:12)\n    at unwaitParents (/Users/sam/Workspace/chug/lib/Waiter.js:78:14)"]
ERROR 2014-11-12T08:37:30.434Z ["Worker 2758 died."]
INFO 2014-11-12T08:37:31.497Z ["[Lighter] Models loaded. \u001b[90mx0\u001b[39m"]
INFO 2014-11-12T08:37:31.501Z ["[Lighter] Models loaded. \u001b[90mx0\u001b[39m"]
INFO 2014-11-12T08:37:31.507Z ["[Lighter] Models loaded. \u001b[90mx0\u001b[39m"]
INFO 2014-11-12T08:37:31.510Z ["[Lighter] Scripts routed to \"/sly.js\". \u001b[90mx1\u001b[39m"]
INFO 2014-11-12T08:37:31.511Z ["[Lighter] Styles routed to \"/sly.css\". \u001b[90mx1\u001b[39m"]
INFO 2014-11-12T08:37:31.513Z ["[Lighter] Scripts routed to \"/sly.js\". \u001b[90mx1\u001b[39m"]
INFO 2014-11-12T08:37:31.515Z ["[Lighter] Styles routed to \"/sly.css\". \u001b[90mx1\u001b[39m"]
ERROR 2014-11-12T08:37:31.517Z ["ReferenceError: Proto is not defined\n    at init.app.(anonymous function).app.chug.require.each.instance (/Users/sam/Workspace/lighter/lib/App.js:525:53)\n    at init.module.exports.Waiter.extend.require (/Users/sam/Workspace/chug/lib/Asset.js:365:16)\n    at /Users/sam/Workspace/chug/lib/Load.js:467:21\n    at Array.forEach (native)\n    at /Users/sam/Workspace/chug/lib/Load.js:192:21\n    at onceReadyEach (/Users/sam/Workspace/chug/lib/Waiter.js:108:9)\n    at Array.forEach (native)\n    at onReady (/Users/sam/Workspace/chug/lib/Waiter.js:107:27)\n    at unwait (/Users/sam/Workspace/chug/lib/Waiter.js:75:12)\n    at unwaitParents (/Users/sam/Workspace/chug/lib/Waiter.js:78:14)"]
ERROR 2014-11-12T08:37:31.523Z ["Worker 2767 died."]
INFO 2014-11-12T08:37:32.620Z ["[Lighter] Models loaded. \u001b[90mx0\u001b[39m"]
INFO 2014-11-12T08:37:32.638Z ["[Lighter] Models loaded. \u001b[90mx0\u001b[39m"]
INFO 2014-11-12T08:37:32.641Z ["[Lighter] Models loaded. \u001b[90mx0\u001b[39m"]
INFO 2014-11-12T08:37:32.646Z ["[Lighter] Scripts routed to \"/sly.js\". \u001b[90mx1\u001b[39m"]
INFO 2014-11-12T08:37:32.647Z ["[Lighter] Styles routed to \"/sly.css\". \u001b[90mx1\u001b[39m"]
ERROR 2014-11-12T08:37:32.652Z ["ReferenceError: Proto is not defined\n    at init.app.(anonymous function).app.chug.require.each.instance (/Users/sam/Workspace/lighter/lib/App.js:525:53)\n    at init.module.exports.Waiter.extend.require (/Users/sam/Workspace/chug/lib/Asset.js:365:16)\n    at /Users/sam/Workspace/chug/lib/Load.js:467:21\n    at Array.forEach (native)\n    at /Users/sam/Workspace/chug/lib/Load.js:192:21\n    at onceReadyEach (/Users/sam/Workspace/chug/lib/Waiter.js:108:9)\n    at Array.forEach (native)\n    at onReady (/Users/sam/Workspace/chug/lib/Waiter.js:107:27)\n    at unwait (/Users/sam/Workspace/chug/lib/Waiter.js:75:12)\n    at unwaitParents (/Users/sam/Workspace/chug/lib/Waiter.js:78:14)"]
INFO 2014-11-12T08:37:32.654Z ["[Lighter] Scripts routed to \"/sly.js\". \u001b[90mx1\u001b[39m"]
INFO 2014-11-12T08:37:32.654Z ["[Lighter] Models loaded. \u001b[90mx0\u001b[39m"]
INFO 2014-11-12T08:37:32.655Z ["[Lighter] Scripts routed to \"/sly.js\". \u001b[90mx1\u001b[39m"]
INFO 2014-11-12T08:37:32.655Z ["[Lighter] Models loaded. \u001b[90mx0\u001b[39m"]
INFO 2014-11-12T08:37:32.655Z ["[Lighter] Styles routed to \"/sly.css\". \u001b[90mx1\u001b[39m"]
INFO 2014-11-12T08:37:32.656Z ["[Lighter] Models loaded. \u001b[90mx0\u001b[39m"]
INFO 2014-11-12T08:37:32.657Z ["[Lighter] Styles routed to \"/sly.css\". \u001b[90mx1\u001b[39m"]
ERROR 2014-11-12T08:37:32.659Z ["Worker 2778 died."]
INFO 2014-11-12T08:37:33.678Z ["[Lighter] Models loaded. \u001b[90mx0\u001b[39m"]
INFO 2014-11-12T08:37:33.688Z ["[Lighter] Scripts routed to \"/sly.js\". \u001b[90mx1\u001b[39m"]
INFO 2014-11-12T08:37:33.689Z ["[Lighter] Styles routed to \"/sly.css\". \u001b[90mx1\u001b[39m"]
ERROR 2014-11-12T08:37:33.700Z ["ReferenceError: Proto is not defined\n    at init.app.(anonymous function).app.chug.require.each.instance (/Users/sam/Workspace/lighter/lib/App.js:525:53)\n    at init.module.exports.Waiter.extend.require (/Users/sam/Workspace/chug/lib/Asset.js:365:16)\n    at /Users/sam/Workspace/chug/lib/Load.js:467:21\n    at Array.forEach (native)\n    at /Users/sam/Workspace/chug/lib/Load.js:192:21\n    at onceReadyEach (/Users/sam/Workspace/chug/lib/Waiter.js:108:9)\n    at Array.forEach (native)\n    at onReady (/Users/sam/Workspace/chug/lib/Waiter.js:107:27)\n    at unwait (/Users/sam/Workspace/chug/lib/Waiter.js:75:12)\n    at unwaitParents (/Users/sam/Workspace/chug/lib/Waiter.js:78:14)"]
INFO 2014-11-12T08:37:33.700Z ["[Lighter] Models loaded. \u001b[90mx0\u001b[39m"]
INFO 2014-11-12T08:37:33.700Z ["[Lighter] Models loaded. \u001b[90mx0\u001b[39m"]
ERROR 2014-11-12T08:37:33.703Z ["Worker 2785 died."]
INFO 2014-11-12T08:37:34.826Z ["[Lighter] Models loaded. \u001b[90mx0\u001b[39m"]
INFO 2014-11-12T08:37:34.840Z ["[Lighter] Models loaded. \u001b[90mx0\u001b[39m"]
INFO 2014-11-12T08:37:34.849Z ["[Lighter] Scripts routed to \"/sly.js\". \u001b[90mx1\u001b[39m"]
INFO 2014-11-12T08:37:34.850Z ["[Lighter] Styles routed to \"/sly.css\". \u001b[90mx1\u001b[39m"]
INFO 2014-11-12T08:37:34.854Z ["[Lighter] Models loaded. \u001b[90mx0\u001b[39m"]
ERROR 2014-11-12T08:37:34.857Z ["ReferenceError: Proto is not defined\n    at init.app.(anonymous function).app.chug.require.each.instance (/Users/sam/Workspace/lighter/lib/App.js:525:53)\n    at init.module.exports.Waiter.extend.require (/Users/sam/Workspace/chug/lib/Asset.js:365:16)\n    at /Users/sam/Workspace/chug/lib/Load.js:467:21\n    at Array.forEach (native)\n    at /Users/sam/Workspace/chug/lib/Load.js:192:21\n    at onceReadyEach (/Users/sam/Workspace/chug/lib/Waiter.js:108:9)\n    at Array.forEach (native)\n    at onReady (/Users/sam/Workspace/chug/lib/Waiter.js:107:27)\n    at unwait (/Users/sam/Workspace/chug/lib/Waiter.js:75:12)\n    at unwaitParents (/Users/sam/Workspace/chug/lib/Waiter.js:78:14)"]
INFO 2014-11-12T08:37:34.860Z ["[Lighter] Models loaded. \u001b[90mx0\u001b[39m"]
ERROR 2014-11-12T08:37:34.862Z ["Worker 2795 died."]
INFO 2014-11-12T08:37:35.938Z ["[Lighter] Models loaded. \u001b[90mx0\u001b[39m"]
INFO 2014-11-12T08:37:35.953Z ["[Lighter] Scripts routed to \"/sly.js\". \u001b[90mx1\u001b[39m"]
INFO 2014-11-12T08:37:35.954Z ["[Lighter] Models loaded. \u001b[90mx0\u001b[39m"]
INFO 2014-11-12T08:37:35.956Z ["[Lighter] Styles routed to \"/sly.css\". \u001b[90mx1\u001b[39m"]
INFO 2014-11-12T08:37:35.959Z ["[Lighter] Models loaded. \u001b[90mx0\u001b[39m"]
INFO 2014-11-12T08:37:35.961Z ["[Lighter] Models loaded. \u001b[90mx0\u001b[39m"]
ERROR 2014-11-12T08:37:35.965Z ["ReferenceError: Proto is not defined\n    at init.app.(anonymous function).app.chug.require.each.instance (/Users/sam/Workspace/lighter/lib/App.js:525:53)\n    at init.module.exports.Waiter.extend.require (/Users/sam/Workspace/chug/lib/Asset.js:365:16)\n    at /Users/sam/Workspace/chug/lib/Load.js:467:21\n    at Array.forEach (native)\n    at /Users/sam/Workspace/chug/lib/Load.js:192:21\n    at onceReadyEach (/Users/sam/Workspace/chug/lib/Waiter.js:108:9)\n    at Array.forEach (native)\n    at onReady (/Users/sam/Workspace/chug/lib/Waiter.js:107:27)\n    at unwait (/Users/sam/Workspace/chug/lib/Waiter.js:75:12)\n    at unwaitParents (/Users/sam/Workspace/chug/lib/Waiter.js:78:14)"]
INFO 2014-11-12T08:37:35.967Z ["[Lighter] Scripts routed to \"/sly.js\". \u001b[90mx1\u001b[39m"]
ERROR 2014-11-12T08:37:35.968Z ["Worker 2803 died."]
INFO 2014-11-12T08:37:37.034Z ["[Lighter] Models loaded. \u001b[90mx0\u001b[39m"]
INFO 2014-11-12T08:37:37.038Z ["[Lighter] Models loaded. \u001b[90mx0\u001b[39m"]
INFO 2014-11-12T08:37:37.048Z ["[Lighter] Scripts routed to \"/sly.js\". \u001b[90mx1\u001b[39m"]
INFO 2014-11-12T08:37:37.049Z ["[Lighter] Styles routed to \"/sly.css\". \u001b[90mx1\u001b[39m"]
ERROR 2014-11-12T08:37:37.053Z ["ReferenceError: Proto is not defined\n    at init.app.(anonymous function).app.chug.require.each.instance (/Users/sam/Workspace/lighter/lib/App.js:525:53)\n    at init.module.exports.Waiter.extend.require (/Users/sam/Workspace/chug/lib/Asset.js:365:16)\n    at /Users/sam/Workspace/chug/lib/Load.js:467:21\n    at Array.forEach (native)\n    at /Users/sam/Workspace/chug/lib/Load.js:192:21\n    at onceReadyEach (/Users/sam/Workspace/chug/lib/Waiter.js:108:9)\n    at Array.forEach (native)\n    at onReady (/Users/sam/Workspace/chug/lib/Waiter.js:107:27)\n    at unwait (/Users/sam/Workspace/chug/lib/Waiter.js:75:12)\n    at unwaitParents (/Users/sam/Workspace/chug/lib/Waiter.js:78:14)"]
INFO 2014-11-12T08:37:37.054Z ["[Lighter] Scripts routed to \"/sly.js\". \u001b[90mx1\u001b[39m"]
INFO 2014-11-12T08:37:37.054Z ["[Lighter] Styles routed to \"/sly.css\". \u001b[90mx1\u001b[39m"]
ERROR 2014-11-12T08:37:37.060Z ["Worker 2813 died."]
INFO 2014-11-12T08:37:38.141Z ["[Lighter] Models loaded. \u001b[90mx0\u001b[39m"]
INFO 2014-11-12T08:37:38.159Z ["[Lighter] Scripts routed to \"/sly.js\". \u001b[90mx1\u001b[39m"]
INFO 2014-11-12T08:37:38.160Z ["[Lighter] Styles routed to \"/sly.css\". \u001b[90mx1\u001b[39m"]
INFO 2014-11-12T08:37:38.164Z ["[Lighter] Models loaded. \u001b[90mx0\u001b[39m"]
INFO 2014-11-12T08:37:38.164Z ["[Lighter] Models loaded. \u001b[90mx0\u001b[39m"]
INFO 2014-11-12T08:37:38.168Z ["[Lighter] Models loaded. \u001b[90mx0\u001b[39m"]
ERROR 2014-11-12T08:37:38.169Z ["ReferenceError: Proto is not defined\n    at init.app.(anonymous function).app.chug.require.each.instance (/Users/sam/Workspace/lighter/lib/App.js:525:53)\n    at init.module.exports.Waiter.extend.require (/Users/sam/Workspace/chug/lib/Asset.js:365:16)\n    at /Users/sam/Workspace/chug/lib/Load.js:467:21\n    at Array.forEach (native)\n    at /Users/sam/Workspace/chug/lib/Load.js:192:21\n    at onceReadyEach (/Users/sam/Workspace/chug/lib/Waiter.js:108:9)\n    at Array.forEach (native)\n    at onReady (/Users/sam/Workspace/chug/lib/Waiter.js:107:27)\n    at unwait (/Users/sam/Workspace/chug/lib/Waiter.js:75:12)\n    at unwaitParents (/Users/sam/Workspace/chug/lib/Waiter.js:78:14)"]
ERROR 2014-11-12T08:37:38.175Z ["Worker 2822 died."]
INFO 2014-11-12T08:37:39.239Z ["[Lighter] Models loaded. \u001b[90mx0\u001b[39m"]
INFO 2014-11-12T08:37:39.255Z ["[Lighter] Scripts routed to \"/sly.js\". \u001b[90mx1\u001b[39m"]
INFO 2014-11-12T08:37:39.255Z ["[Lighter] Models loaded. \u001b[90mx0\u001b[39m"]
INFO 2014-11-12T08:37:39.256Z ["[Lighter] Styles routed to \"/sly.css\". \u001b[90mx1\u001b[39m"]
INFO 2014-11-12T08:37:39.257Z ["[Lighter] Models loaded. \u001b[90mx0\u001b[39m"]
ERROR 2014-11-12T08:37:39.268Z ["ReferenceError: Proto is not defined\n    at init.app.(anonymous function).app.chug.require.each.instance (/Users/sam/Workspace/lighter/lib/App.js:525:53)\n    at init.module.exports.Waiter.extend.require (/Users/sam/Workspace/chug/lib/Asset.js:365:16)\n    at /Users/sam/Workspace/chug/lib/Load.js:467:21\n    at Array.forEach (native)\n    at /Users/sam/Workspace/chug/lib/Load.js:192:21\n    at onceReadyEach (/Users/sam/Workspace/chug/lib/Waiter.js:108:9)\n    at Array.forEach (native)\n    at onReady (/Users/sam/Workspace/chug/lib/Waiter.js:107:27)\n    at unwait (/Users/sam/Workspace/chug/lib/Waiter.js:75:12)\n    at unwaitParents (/Users/sam/Workspace/chug/lib/Waiter.js:78:14)"]
ERROR 2014-11-12T08:37:39.273Z ["Worker 2830 died."]
INFO 2014-11-12T08:37:40.356Z ["[Lighter] Models loaded. \u001b[90mx0\u001b[39m"]
INFO 2014-11-12T08:37:40.360Z ["[Lighter] Models loaded. \u001b[90mx0\u001b[39m"]
INFO 2014-11-12T08:37:40.383Z ["[Lighter] Models loaded. \u001b[90mx0\u001b[39m"]
INFO 2014-11-12T08:37:40.383Z ["[Lighter] Scripts routed to \"/sly.js\". \u001b[90mx1\u001b[39m"]
INFO 2014-11-12T08:37:40.385Z ["[Lighter] Styles routed to \"/sly.css\". \u001b[90mx1\u001b[39m"]
INFO 2014-11-12T08:37:40.387Z ["[Lighter] Models loaded. \u001b[90mx0\u001b[39m"]
ERROR 2014-11-12T08:37:40.390Z ["ReferenceError: Proto is not defined\n    at init.app.(anonymous function).app.chug.require.each.instance (/Users/sam/Workspace/lighter/lib/App.js:525:53)\n    at init.module.exports.Waiter.extend.require (/Users/sam/Workspace/chug/lib/Asset.js:365:16)\n    at /Users/sam/Workspace/chug/lib/Load.js:467:21\n    at Array.forEach (native)\n    at /Users/sam/Workspace/chug/lib/Load.js:192:21\n    at onceReadyEach (/Users/sam/Workspace/chug/lib/Waiter.js:108:9)\n    at Array.forEach (native)\n    at onReady (/Users/sam/Workspace/chug/lib/Waiter.js:107:27)\n    at unwait (/Users/sam/Workspace/chug/lib/Waiter.js:75:12)\n    at unwaitParents (/Users/sam/Workspace/chug/lib/Waiter.js:78:14)"]
INFO 2014-11-12T08:37:40.392Z ["[Lighter] Scripts routed to \"/sly.js\". \u001b[90mx1\u001b[39m"]
INFO 2014-11-12T08:37:40.393Z ["[Lighter] Styles routed to \"/sly.css\". \u001b[90mx1\u001b[39m"]
ERROR 2014-11-12T08:37:40.396Z ["Worker 2841 died."]
INFO 2014-11-12T08:37:41.486Z ["[Lighter] Models loaded. \u001b[90mx0\u001b[39m"]
INFO 2014-11-12T08:37:41.505Z ["[Lighter] Scripts routed to \"/sly.js\". \u001b[90mx1\u001b[39m"]
INFO 2014-11-12T08:37:41.506Z ["[Lighter] Models loaded. \u001b[90mx0\u001b[39m"]
INFO 2014-11-12T08:37:41.506Z ["[Lighter] Styles routed to \"/sly.css\". \u001b[90mx1\u001b[39m"]
ERROR 2014-11-12T08:37:41.513Z ["ReferenceError: Proto is not defined\n    at init.app.(anonymous function).app.chug.require.each.instance (/Users/sam/Workspace/lighter/lib/App.js:525:53)\n    at init.module.exports.Waiter.extend.require (/Users/sam/Workspace/chug/lib/Asset.js:365:16)\n    at /Users/sam/Workspace/chug/lib/Load.js:467:21\n    at Array.forEach (native)\n    at /Users/sam/Workspace/chug/lib/Load.js:192:21\n    at onceReadyEach (/Users/sam/Workspace/chug/lib/Waiter.js:108:9)\n    at Array.forEach (native)\n    at onReady (/Users/sam/Workspace/chug/lib/Waiter.js:107:27)\n    at unwait (/Users/sam/Workspace/chug/lib/Waiter.js:75:12)\n    at unwaitParents (/Users/sam/Workspace/chug/lib/Waiter.js:78:14)"]
ERROR 2014-11-12T08:37:41.519Z ["Worker 2849 died."]
INFO 2014-11-12T08:37:42.589Z ["[Lighter] Models loaded. \u001b[90mx0\u001b[39m"]
INFO 2014-11-12T08:37:42.590Z ["[Lighter] Models loaded. \u001b[90mx0\u001b[39m"]
INFO 2014-11-12T08:37:42.602Z ["[Lighter] Scripts routed to \"/sly.js\". \u001b[90mx1\u001b[39m"]
INFO 2014-11-12T08:37:42.603Z ["[Lighter] Styles routed to \"/sly.css\". \u001b[90mx1\u001b[39m"]
INFO 2014-11-12T08:37:42.603Z ["[Lighter] Scripts routed to \"/sly.js\". \u001b[90mx1\u001b[39m"]
INFO 2014-11-12T08:37:42.604Z ["[Lighter] Styles routed to \"/sly.css\". \u001b[90mx1\u001b[39m"]
ERROR 2014-11-12T08:37:42.609Z ["ReferenceError: Proto is not defined\n    at init.app.(anonymous function).app.chug.require.each.instance (/Users/sam/Workspace/lighter/lib/App.js:525:53)\n    at init.module.exports.Waiter.extend.require (/Users/sam/Workspace/chug/lib/Asset.js:365:16)\n    at /Users/sam/Workspace/chug/lib/Load.js:467:21\n    at Array.forEach (native)\n    at /Users/sam/Workspace/chug/lib/Load.js:192:21\n    at onceReadyEach (/Users/sam/Workspace/chug/lib/Waiter.js:108:9)\n    at Array.forEach (native)\n    at onReady (/Users/sam/Workspace/chug/lib/Waiter.js:107:27)\n    at unwait (/Users/sam/Workspace/chug/lib/Waiter.js:75:12)\n    at unwaitParents (/Users/sam/Workspace/chug/lib/Waiter.js:78:14)"]
ERROR 2014-11-12T08:37:42.610Z ["ReferenceError: Proto is not defined\n    at init.app.(anonymous function).app.chug.require.each.instance (/Users/sam/Workspace/lighter/lib/App.js:525:53)\n    at init.module.exports.Waiter.extend.require (/Users/sam/Workspace/chug/lib/Asset.js:365:16)\n    at /Users/sam/Workspace/chug/lib/Load.js:467:21\n    at Array.forEach (native)\n    at /Users/sam/Workspace/chug/lib/Load.js:192:21\n    at onceReadyEach (/Users/sam/Workspace/chug/lib/Waiter.js:108:9)\n    at Array.forEach (native)\n    at onReady (/Users/sam/Workspace/chug/lib/Waiter.js:107:27)\n    at unwait (/Users/sam/Workspace/chug/lib/Waiter.js:75:12)\n    at unwaitParents (/Users/sam/Workspace/chug/lib/Waiter.js:78:14)"]
INFO 2014-11-12T08:37:42.613Z ["[Lighter] Models loaded. \u001b[90mx0\u001b[39m"]
INFO 2014-11-12T08:37:43.685Z ["[Lighter] Models loaded. \u001b[90mx0\u001b[39m"]
INFO 2014-11-12T08:37:43.686Z ["[Lighter] Models loaded. \u001b[90mx0\u001b[39m"]
INFO 2014-11-12T08:37:43.698Z ["[Lighter] Models loaded. \u001b[90mx0\u001b[39m"]
INFO 2014-11-12T08:37:43.703Z ["[Lighter] Scripts routed to \"/sly.js\". \u001b[90mx1\u001b[39m"]
INFO 2014-11-12T08:37:43.704Z ["[Lighter] Scripts routed to \"/sly.js\". \u001b[90mx1\u001b[39m"]
INFO 2014-11-12T08:37:43.705Z ["[Lighter] Styles routed to \"/sly.css\". \u001b[90mx1\u001b[39m"]
INFO 2014-11-12T08:37:43.706Z ["[Lighter] Styles routed to \"/sly.css\". \u001b[90mx1\u001b[39m"]
ERROR 2014-11-12T08:37:43.717Z ["ReferenceError: Proto is not defined\n    at init.app.(anonymous function).app.chug.require.each.instance (/Users/sam/Workspace/lighter/lib/App.js:525:53)\n    at init.module.exports.Waiter.extend.require (/Users/sam/Workspace/chug/lib/Asset.js:365:16)\n    at /Users/sam/Workspace/chug/lib/Load.js:467:21\n    at Array.forEach (native)\n    at /Users/sam/Workspace/chug/lib/Load.js:192:21\n    at onceReadyEach (/Users/sam/Workspace/chug/lib/Waiter.js:108:9)\n    at Array.forEach (native)\n    at onReady (/Users/sam/Workspace/chug/lib/Waiter.js:107:27)\n    at unwait (/Users/sam/Workspace/chug/lib/Waiter.js:75:12)\n    at unwaitParents (/Users/sam/Workspace/chug/lib/Waiter.js:78:14)"]
ERROR 2014-11-12T08:37:43.718Z ["ReferenceError: Proto is not defined\n    at init.app.(anonymous function).app.chug.require.each.instance (/Users/sam/Workspace/lighter/lib/App.js:525:53)\n    at init.module.exports.Waiter.extend.require (/Users/sam/Workspace/chug/lib/Asset.js:365:16)\n    at /Users/sam/Workspace/chug/lib/Load.js:467:21\n    at Array.forEach (native)\n    at /Users/sam/Workspace/chug/lib/Load.js:192:21\n    at onceReadyEach (/Users/sam/Workspace/chug/lib/Waiter.js:108:9)\n    at Array.forEach (native)\n    at onReady (/Users/sam/Workspace/chug/lib/Waiter.js:107:27)\n    at unwait (/Users/sam/Workspace/chug/lib/Waiter.js:75:12)\n    at unwaitParents (/Users/sam/Workspace/chug/lib/Waiter.js:78:14)"]
ERROR 2014-11-12T08:37:43.721Z ["Worker 2866 died."]
INFO 2014-11-12T08:37:44.784Z ["[Lighter] Models loaded. \u001b[90mx0\u001b[39m"]
INFO 2014-11-12T08:37:44.802Z ["[Lighter] Scripts routed to \"/sly.js\". \u001b[90mx1\u001b[39m"]
INFO 2014-11-12T08:37:44.803Z ["[Lighter] Styles routed to \"/sly.css\". \u001b[90mx1\u001b[39m"]
ERROR 2014-11-12T08:37:44.808Z ["ReferenceError: Proto is not defined\n    at init.app.(anonymous function).app.chug.require.each.instance (/Users/sam/Workspace/lighter/lib/App.js:525:53)\n    at init.module.exports.Waiter.extend.require (/Users/sam/Workspace/chug/lib/Asset.js:365:16)\n    at /Users/sam/Workspace/chug/lib/Load.js:467:21\n    at Array.forEach (native)\n    at /Users/sam/Workspace/chug/lib/Load.js:192:21\n    at onceReadyEach (/Users/sam/Workspace/chug/lib/Waiter.js:108:9)\n    at Array.forEach (native)\n    at onReady (/Users/sam/Workspace/chug/lib/Waiter.js:107:27)\n    at unwait (/Users/sam/Workspace/chug/lib/Waiter.js:75:12)\n    at unwaitParents (/Users/sam/Workspace/chug/lib/Waiter.js:78:14)"]
ERROR 2014-11-12T08:37:44.814Z ["Worker 2876 died."]
INFO 2014-11-12T08:37:45.881Z ["[Lighter] Models loaded. \u001b[90mx0\u001b[39m"]
INFO 2014-11-12T08:37:45.897Z ["[Lighter] Models loaded. \u001b[90mx0\u001b[39m"]
INFO 2014-11-12T08:37:45.900Z ["[Lighter] Scripts routed to \"/sly.js\". \u001b[90mx1\u001b[39m"]
INFO 2014-11-12T08:37:45.901Z ["[Lighter] Styles routed to \"/sly.css\". \u001b[90mx1\u001b[39m"]
INFO 2014-11-12T08:37:45.903Z ["[Lighter] Models loaded. \u001b[90mx0\u001b[39m"]
INFO 2014-11-12T08:37:45.904Z ["[Lighter] Controllers loaded. \u001b[90mx2\u001b[39m"]
INFO 2014-11-12T08:37:45.916Z ["[Lighter] Scripts routed to \"/sly.js\". \u001b[90mx1\u001b[39m"]
INFO 2014-11-12T08:37:45.917Z ["[Lighter] Styles routed to \"/sly.css\". \u001b[90mx1\u001b[39m"]
INFO 2014-11-12T08:37:45.919Z ["[Lighter] Controllers loaded. \u001b[90mx2\u001b[39m"]
INFO 2014-11-12T08:37:45.922Z ["[Lighter] Scripts routed to \"/sly.js\". \u001b[90mx1\u001b[39m"]
INFO 2014-11-12T08:37:45.923Z ["[Lighter] Styles routed to \"/sly.css\". \u001b[90mx1\u001b[39m"]
INFO 2014-11-12T08:37:45.924Z ["[Lighter] Models loaded. \u001b[90mx0\u001b[39m"]
INFO 2014-11-12T08:37:45.926Z ["[Lighter] Controllers loaded. \u001b[90mx2\u001b[39m"]
INFO 2014-11-12T08:37:45.933Z ["[Lighter] Models loaded. \u001b[90mx0\u001b[39m"]
INFO 2014-11-12T08:37:45.935Z ["[Lighter] Models loaded. \u001b[90mx0\u001b[39m"]
INFO 2014-11-12T08:37:45.939Z ["[Lighter] Scripts routed to \"/a.js\". \u001b[90mx1\u001b[39m"]
INFO 2014-11-12T08:37:45.941Z ["[Lighter] Scripts routed to \"/sly.js\". \u001b[90mx1\u001b[39m"]
INFO 2014-11-12T08:37:45.943Z ["[Lighter] Models loaded. \u001b[90mx0\u001b[39m"]
INFO 2014-11-12T08:37:45.944Z ["[Lighter] Styles routed to \"/sly.css\". \u001b[90mx1\u001b[39m"]
INFO 2014-11-12T08:37:45.946Z ["[Lighter] Controllers loaded. \u001b[90mx2\u001b[39m"]
INFO 2014-11-12T08:37:45.947Z ["[Lighter] Styles routed to \"/a.css\". \u001b[90mx1\u001b[39m"]
INFO 2014-11-12T08:37:45.947Z ["[Lighter] Models loaded. \u001b[90mx0\u001b[39m"]
INFO 2014-11-12T08:37:45.949Z ["[Lighter] Scripts routed to \"/a.js\". \u001b[90mx1\u001b[39m"]
INFO 2014-11-12T08:37:45.954Z ["[Lighter] Scripts routed to \"/sly.js\". \u001b[90mx1\u001b[39m"]
INFO 2014-11-12T08:37:45.955Z ["[Lighter] Scripts routed to \"/sly.js\". \u001b[90mx1\u001b[39m"]
INFO 2014-11-12T08:37:45.955Z ["[Lighter] Scripts routed to \"/a.js\". \u001b[90mx1\u001b[39m"]
INFO 2014-11-12T08:37:45.955Z ["[Lighter] Styles routed to \"/sly.css\". \u001b[90mx1\u001b[39m"]
INFO 2014-11-12T08:37:45.956Z ["[Lighter] Styles routed to \"/a.css\". \u001b[90mx1\u001b[39m"]
INFO 2014-11-12T08:37:45.958Z ["[Lighter] Controllers loaded. \u001b[90mx2\u001b[39m"]
INFO 2014-11-12T08:37:45.958Z ["[Lighter] Scripts routed to \"/sly.js\". \u001b[90mx1\u001b[39m"]
INFO 2014-11-12T08:37:45.959Z ["[Lighter] Styles routed to \"/sly.css\". \u001b[90mx1\u001b[39m"]
INFO 2014-11-12T08:37:45.959Z ["[Lighter] Styles routed to \"/a.css\". \u001b[90mx1\u001b[39m"]
INFO 2014-11-12T08:37:45.962Z ["[Lighter] Styles routed to \"/sly.css\". \u001b[90mx1\u001b[39m"]
INFO 2014-11-12T08:37:45.968Z ["[Lighter] Controllers loaded. \u001b[90mx2\u001b[39m"]
INFO 2014-11-12T08:37:45.970Z ["[Lighter] Controllers loaded. \u001b[90mx2\u001b[39m"]
INFO 2014-11-12T08:37:45.971Z ["[Lighter] Scripts routed to \"/sly.js\". \u001b[90mx1\u001b[39m"]
INFO 2014-11-12T08:37:45.972Z ["[Lighter] Styles routed to \"/sly.css\". \u001b[90mx1\u001b[39m"]
INFO 2014-11-12T08:37:45.975Z ["[Lighter] Controllers loaded. \u001b[90mx2\u001b[39m"]
INFO 2014-11-12T08:37:45.981Z ["[Lighter] Scripts routed to \"/a.js\". \u001b[90mx1\u001b[39m"]
INFO 2014-11-12T08:37:45.983Z ["[Lighter] Scripts routed to \"/a.js\". \u001b[90mx1\u001b[39m"]
INFO 2014-11-12T08:37:45.986Z ["[Lighter] Styles routed to \"/a.css\". \u001b[90mx1\u001b[39m"]
INFO 2014-11-12T08:37:45.988Z ["[Lighter] Scripts routed to \"/a.js\". \u001b[90mx1\u001b[39m"]
INFO 2014-11-12T08:37:45.990Z ["[Lighter] Scripts routed to \"/a.js\". \u001b[90mx1\u001b[39m"]
INFO 2014-11-12T08:37:45.994Z ["[Lighter] Styles routed to \"/a.css\". \u001b[90mx1\u001b[39m"]
INFO 2014-11-12T08:37:45.995Z ["[Lighter] Styles routed to \"/a.css\". \u001b[90mx1\u001b[39m"]
INFO 2014-11-12T08:37:46.000Z ["[Lighter] Styles routed to \"/a.css\". \u001b[90mx1\u001b[39m"]
INFO 2014-11-12T08:37:46.002Z ["[Lighter] Scripts routed to \"/a.js\". \u001b[90mx1\u001b[39m"]
INFO 2014-11-12T08:37:46.007Z ["[Lighter] Styles routed to \"/a.css\". \u001b[90mx1\u001b[39m"]
INFO 2014-11-12T08:37:47.602Z ["[Lighter] Publics loaded. \u001b[90mx48\u001b[39m"]
INFO 2014-11-12T08:37:47.610Z ["[Lighter] Publics loaded. \u001b[90mx48\u001b[39m"]
INFO 2014-11-12T08:37:47.705Z ["[Lighter] Publics loaded. \u001b[90mx48\u001b[39m"]
INFO 2014-11-12T08:37:47.782Z ["[Lighter] Publics loaded. \u001b[90mx48\u001b[39m"]
INFO 2014-11-12T08:37:47.795Z ["[Lighter] Publics loaded. \u001b[90mx48\u001b[39m"]
INFO 2014-11-12T08:37:47.805Z ["[Lighter] Publics loaded. \u001b[90mx48\u001b[39m"]
INFO 2014-11-12T08:37:49.570Z ["[Lighter] Views loaded. \u001b[90mx30\u001b[39m"]
INFO 2014-11-12T08:37:49.601Z ["[Lighter] Views loaded. \u001b[90mx30\u001b[39m"]
INFO 2014-11-12T08:37:49.693Z ["[Lighter] Views loaded. \u001b[90mx30\u001b[39m"]
INFO 2014-11-12T08:37:49.707Z ["[Lighter] Views loaded. \u001b[90mx30\u001b[39m"]
INFO 2014-11-12T08:37:49.719Z ["[Lighter] Publics loaded. \u001b[90mx48\u001b[39m"]
INFO 2014-11-12T08:37:49.722Z ["[Lighter] Publics loaded. \u001b[90mx48\u001b[39m"]
INFO 2014-11-12T08:37:49.753Z ["[D6] Views routed to \"/d6.js\"."]
INFO 2014-11-12T08:37:49.754Z ["[D6] Views routed to \"/d6.js\"."]
INFO 2014-11-12T08:37:49.754Z ["[D6] Views routed to \"/d6.js\"."]
INFO 2014-11-12T08:37:49.754Z ["[D6] Views routed to \"/d6.js\"."]
INFO 2014-11-12T08:37:49.763Z ["[Lighter] Views loaded. \u001b[90mx30\u001b[39m"]
INFO 2014-11-12T08:37:49.788Z ["[D6] Views routed to \"/d6.js\"."]
INFO 2014-11-12T08:37:49.793Z ["[Lighter] Views loaded. \u001b[90mx30\u001b[39m"]
INFO 2014-11-12T08:37:49.812Z ["[Lighter] Views loaded. \u001b[90mx30\u001b[39m"]
INFO 2014-11-12T08:37:49.816Z ["[D6] Views routed to \"/d6.js\"."]
INFO 2014-11-12T08:37:49.840Z ["[D6] Views routed to \"/d6.js\"."]
INFO 2014-11-12T08:37:49.846Z ["[Lighter] Views loaded. \u001b[90mx30\u001b[39m"]
INFO 2014-11-12T08:37:49.867Z ["[D6] Views routed to \"/d6.js\"."]
WARN 2014-11-12T08:37:51.424Z ["[Lighter] Exiting due to file change in \"node_modules/lighter/lib/App.js\"."]
WARN 2014-11-12T08:37:51.424Z ["[Lighter] Exiting due to file change in \"node_modules/lighter/lib/App.js\"."]
WARN 2014-11-12T08:37:51.424Z ["[Lighter] Exiting due to file change in \"node_modules/lighter/lib/App.js\"."]
INFO 2014-11-12T08:37:52.548Z ["[Lighter] Models loaded. \u001b[90mx0\u001b[39m"]
INFO 2014-11-12T08:37:52.571Z ["[Lighter] Scripts routed to \"/sly.js\". \u001b[90mx1\u001b[39m"]
INFO 2014-11-12T08:37:52.571Z ["[Lighter] Styles routed to \"/sly.css\". \u001b[90mx1\u001b[39m"]
INFO 2014-11-12T08:37:52.575Z ["[Lighter] Models loaded. \u001b[90mx0\u001b[39m"]
INFO 2014-11-12T08:37:52.578Z ["[Lighter] Controllers loaded. \u001b[90mx2\u001b[39m"]
INFO 2014-11-12T08:37:52.589Z ["[Lighter] Models loaded. \u001b[90mx0\u001b[39m"]
INFO 2014-11-12T08:37:52.589Z ["[Lighter] Models loaded. \u001b[90mx0\u001b[39m"]
INFO 2014-11-12T08:37:52.592Z ["[Lighter] Scripts routed to \"/sly.js\". \u001b[90mx1\u001b[39m"]
INFO 2014-11-12T08:37:52.592Z ["[Lighter] Styles routed to \"/sly.css\". \u001b[90mx1\u001b[39m"]
INFO 2014-11-12T08:37:52.596Z ["[Lighter] Controllers loaded. \u001b[90mx2\u001b[39m"]
INFO 2014-11-12T08:37:52.598Z ["[Lighter] Models loaded. \u001b[90mx0\u001b[39m"]
INFO 2014-11-12T08:37:52.603Z ["[Lighter] Models loaded. \u001b[90mx0\u001b[39m"]
INFO 2014-11-12T08:37:52.607Z ["[Lighter] Models loaded. \u001b[90mx0\u001b[39m"]
INFO 2014-11-12T08:37:52.613Z ["[Lighter] Scripts routed to \"/sly.js\". \u001b[90mx1\u001b[39m"]
INFO 2014-11-12T08:37:52.613Z ["[Lighter] Scripts routed to \"/sly.js\". \u001b[90mx1\u001b[39m"]
INFO 2014-11-12T08:37:52.616Z ["[Lighter] Styles routed to \"/sly.css\". \u001b[90mx1\u001b[39m"]
INFO 2014-11-12T08:37:52.617Z ["[Lighter] Scripts routed to \"/sly.js\". \u001b[90mx1\u001b[39m"]
INFO 2014-11-12T08:37:52.618Z ["[Lighter] Models loaded. \u001b[90mx0\u001b[39m"]
INFO 2014-11-12T08:37:52.619Z ["[Lighter] Styles routed to \"/sly.css\". \u001b[90mx1\u001b[39m"]
INFO 2014-11-12T08:37:52.619Z ["[Lighter] Styles routed to \"/sly.css\". \u001b[90mx1\u001b[39m"]
INFO 2014-11-12T08:37:52.620Z ["[Lighter] Controllers loaded. \u001b[90mx2\u001b[39m"]
INFO 2014-11-12T08:37:52.620Z ["[Lighter] Scripts routed to \"/a.js\". \u001b[90mx1\u001b[39m"]
INFO 2014-11-12T08:37:52.621Z ["[Lighter] Scripts routed to \"/sly.js\". \u001b[90mx1\u001b[39m"]
INFO 2014-11-12T08:37:52.622Z ["[Lighter] Controllers loaded. \u001b[90mx2\u001b[39m"]
INFO 2014-11-12T08:37:52.623Z ["[Lighter] Styles routed to \"/sly.css\". \u001b[90mx1\u001b[39m"]
INFO 2014-11-12T08:37:52.624Z ["[Lighter] Scripts routed to \"/sly.js\". \u001b[90mx1\u001b[39m"]
INFO 2014-11-12T08:37:52.625Z ["[Lighter] Styles routed to \"/sly.css\". \u001b[90mx1\u001b[39m"]
INFO 2014-11-12T08:37:52.626Z ["[Lighter] Controllers loaded. \u001b[90mx2\u001b[39m"]
INFO 2014-11-12T08:37:52.626Z ["[Lighter] Controllers loaded. \u001b[90mx2\u001b[39m"]
INFO 2014-11-12T08:37:52.629Z ["[Lighter] Styles routed to \"/a.css\". \u001b[90mx1\u001b[39m"]
INFO 2014-11-12T08:37:52.629Z ["[Lighter] Controllers loaded. \u001b[90mx2\u001b[39m"]
INFO 2014-11-12T08:37:52.637Z ["[Lighter] Scripts routed to \"/a.js\". \u001b[90mx1\u001b[39m"]
INFO 2014-11-12T08:37:52.638Z ["[Lighter] Scripts routed to \"/sly.js\". \u001b[90mx1\u001b[39m"]
INFO 2014-11-12T08:37:52.642Z ["[Lighter] Styles routed to \"/sly.css\". \u001b[90mx1\u001b[39m"]
INFO 2014-11-12T08:37:52.642Z ["[Lighter] Styles routed to \"/a.css\". \u001b[90mx1\u001b[39m"]
INFO 2014-11-12T08:37:52.649Z ["[Lighter] Controllers loaded. \u001b[90mx2\u001b[39m"]
INFO 2014-11-12T08:37:52.652Z ["[Lighter] Scripts routed to \"/a.js\". \u001b[90mx1\u001b[39m"]
INFO 2014-11-12T08:37:52.657Z ["[Lighter] Scripts routed to \"/a.js\". \u001b[90mx1\u001b[39m"]
INFO 2014-11-12T08:37:52.660Z ["[Lighter] Styles routed to \"/a.css\". \u001b[90mx1\u001b[39m"]
INFO 2014-11-12T08:37:52.660Z ["[Lighter] Styles routed to \"/a.css\". \u001b[90mx1\u001b[39m"]
INFO 2014-11-12T08:37:52.666Z ["[Lighter] Scripts routed to \"/a.js\". \u001b[90mx1\u001b[39m"]
INFO 2014-11-12T08:37:52.670Z ["[Lighter] Styles routed to \"/a.css\". \u001b[90mx1\u001b[39m"]
INFO 2014-11-12T08:37:52.673Z ["[Lighter] Scripts routed to \"/a.js\". \u001b[90mx1\u001b[39m"]
INFO 2014-11-12T08:37:52.678Z ["[Lighter] Styles routed to \"/a.css\". \u001b[90mx1\u001b[39m"]
INFO 2014-11-12T08:37:52.694Z ["[Lighter] Scripts routed to \"/a.js\". \u001b[90mx1\u001b[39m"]
INFO 2014-11-12T08:37:52.695Z ["[Lighter] Scripts routed to \"/a.js\". \u001b[90mx1\u001b[39m"]
INFO 2014-11-12T08:37:52.698Z ["[Lighter] Styles routed to \"/a.css\". \u001b[90mx1\u001b[39m"]
INFO 2014-11-12T08:37:52.706Z ["[Lighter] Styles routed to \"/a.css\". \u001b[90mx1\u001b[39m"]
INFO 2014-11-12T08:37:54.544Z ["[Lighter] Publics loaded. \u001b[90mx48\u001b[39m"]
INFO 2014-11-12T08:37:54.555Z ["[Lighter] Publics loaded. \u001b[90mx48\u001b[39m"]
INFO 2014-11-12T08:37:54.604Z ["[Lighter] Publics loaded. \u001b[90mx48\u001b[39m"]
INFO 2014-11-12T08:37:54.614Z ["[Lighter] Publics loaded. \u001b[90mx48\u001b[39m"]
INFO 2014-11-12T08:37:55.875Z ["[Lighter] Views loaded. \u001b[90mx30\u001b[39m"]
INFO 2014-11-12T08:37:55.955Z ["[Lighter] Views loaded. \u001b[90mx30\u001b[39m"]
INFO 2014-11-12T08:37:56.163Z ["[Lighter] Publics loaded. \u001b[90mx48\u001b[39m"]
INFO 2014-11-12T08:37:56.208Z ["[D6] Views routed to \"/d6.js\"."]
INFO 2014-11-12T08:37:56.208Z ["[Lighter] Views loaded. \u001b[90mx30\u001b[39m"]
INFO 2014-11-12T08:37:56.254Z ["[Lighter] Views loaded. \u001b[90mx30\u001b[39m"]
INFO 2014-11-12T08:37:56.273Z ["[Lighter] Publics loaded. \u001b[90mx48\u001b[39m"]
INFO 2014-11-12T08:37:56.302Z ["[D6] Views routed to \"/d6.js\"."]
INFO 2014-11-12T08:37:56.310Z ["[Lighter] Publics loaded. \u001b[90mx48\u001b[39m"]
INFO 2014-11-12T08:37:56.314Z ["[Lighter] Views loaded. \u001b[90mx30\u001b[39m"]
INFO 2014-11-12T08:37:56.334Z ["[D6] Views routed to \"/d6.js\"."]
INFO 2014-11-12T08:37:56.340Z ["[D6] Views routed to \"/d6.js\"."]
INFO 2014-11-12T08:37:56.351Z ["[Lighter] Publics loaded. \u001b[90mx48\u001b[39m"]
INFO 2014-11-12T08:37:56.353Z ["[Lighter] Views loaded. \u001b[90mx30\u001b[39m"]
INFO 2014-11-12T08:37:56.369Z ["[D6] Views routed to \"/d6.js\"."]
INFO 2014-11-12T08:37:56.377Z ["[D6] Views routed to \"/d6.js\"."]
INFO 2014-11-12T08:37:56.378Z ["[Lighter] Views loaded. \u001b[90mx30\u001b[39m"]
INFO 2014-11-12T08:37:56.379Z ["[Lighter] Views loaded. \u001b[90mx30\u001b[39m"]
INFO 2014-11-12T08:37:56.398Z ["[D6] Views routed to \"/d6.js\"."]
INFO 2014-11-12T08:37:56.400Z ["[D6] Views routed to \"/d6.js\"."]
