WARN 2014-11-12T20:30:52.664Z ["[Lighter] Exiting due to file rename in \"node_modules/aloha/aloha\"."]
WARN 2014-11-12T20:30:52.664Z ["[Lighter] Exiting due to file rename in \"node_modules/aloha/aloha\"."]
WARN 2014-11-12T20:30:52.664Z ["[Lighter] Exiting due to file rename in \"node_modules/aloha/aloha\"."]
WARN 2014-11-12T20:30:52.664Z ["[Lighter] Exiting due to file rename in \"node_modules/aloha/aloha\"."]
WARN 2014-11-12T20:30:52.664Z ["[Lighter] Exiting due to file rename in \"node_modules/aloha/aloha\"."]
WARN 2014-11-12T20:30:52.664Z ["[Lighter] Exiting due to file rename in \"node_modules/aloha/aloha\"."]
WARN 2014-11-12T20:30:52.664Z ["[Lighter] Exiting due to file rename in \"node_modules/aloha/aloha\"."]
WARN 2014-11-12T20:30:52.664Z ["[Lighter] Exiting due to file rename in \"node_modules/aloha/aloha\"."]
ERROR 2014-11-12T20:30:52.699Z ["Worker 41912 died."]
INFO 2014-11-12T20:30:53.863Z ["[Lighter] Models loaded. \u001b[90mx0\u001b[39m"]
INFO 2014-11-12T20:30:53.867Z ["[Lighter] Models loaded. \u001b[90mx0\u001b[39m"]
INFO 2014-11-12T20:30:53.871Z ["[Lighter] Models loaded. \u001b[90mx0\u001b[39m"]
INFO 2014-11-12T20:30:53.876Z ["[Lighter] Models loaded. \u001b[90mx0\u001b[39m"]
INFO 2014-11-12T20:30:53.877Z ["[Lighter] Models loaded. \u001b[90mx0\u001b[39m"]
INFO 2014-11-12T20:30:53.880Z ["[Lighter] Models loaded. \u001b[90mx0\u001b[39m"]
INFO 2014-11-12T20:30:53.883Z ["[Lighter] Scripts routed to \"/sly.js\". \u001b[90mx1\u001b[39m"]
INFO 2014-11-12T20:30:53.884Z ["[Lighter] Models loaded. \u001b[90mx0\u001b[39m"]
INFO 2014-11-12T20:30:53.885Z ["[Lighter] Scripts routed to \"/sly.js\". \u001b[90mx1\u001b[39m"]
INFO 2014-11-12T20:30:53.886Z ["[Lighter] Styles routed to \"/sly.css\". \u001b[90mx1\u001b[39m"]
INFO 2014-11-12T20:30:53.887Z ["[Lighter] Models loaded. \u001b[90mx0\u001b[39m"]
INFO 2014-11-12T20:30:53.888Z ["[Lighter] Styles routed to \"/sly.css\". \u001b[90mx1\u001b[39m"]
INFO 2014-11-12T20:30:53.889Z ["[Lighter] Controllers loaded. \u001b[90mx2\u001b[39m"]
INFO 2014-11-12T20:30:53.892Z ["[Lighter] Scripts routed to \"/sly.js\". \u001b[90mx1\u001b[39m"]
INFO 2014-11-12T20:30:53.892Z ["[Lighter] Styles routed to \"/sly.css\". \u001b[90mx1\u001b[39m"]
INFO 2014-11-12T20:30:53.895Z ["[Lighter] Controllers loaded. \u001b[90mx2\u001b[39m"]
INFO 2014-11-12T20:30:53.895Z ["[Lighter] Controllers loaded. \u001b[90mx2\u001b[39m"]
INFO 2014-11-12T20:30:53.897Z ["[Lighter] Scripts routed to \"/sly.js\". \u001b[90mx1\u001b[39m"]
INFO 2014-11-12T20:30:53.897Z ["[Lighter] Styles routed to \"/sly.css\". \u001b[90mx1\u001b[39m"]
INFO 2014-11-12T20:30:53.900Z ["[Lighter] Scripts routed to \"/sly.js\". \u001b[90mx1\u001b[39m"]
INFO 2014-11-12T20:30:53.900Z ["[Lighter] Scripts routed to \"/sly.js\". \u001b[90mx1\u001b[39m"]
INFO 2014-11-12T20:30:53.901Z ["[Lighter] Styles routed to \"/sly.css\". \u001b[90mx1\u001b[39m"]
INFO 2014-11-12T20:30:53.901Z ["[Lighter] Styles routed to \"/sly.css\". \u001b[90mx1\u001b[39m"]
INFO 2014-11-12T20:30:53.902Z ["[Lighter] Controllers loaded. \u001b[90mx2\u001b[39m"]
INFO 2014-11-12T20:30:53.902Z ["[Lighter] Scripts routed to \"/sly.js\". \u001b[90mx1\u001b[39m"]
INFO 2014-11-12T20:30:53.903Z ["[Lighter] Scripts routed to \"/sly.js\". \u001b[90mx1\u001b[39m"]
INFO 2014-11-12T20:30:53.903Z ["[Lighter] Styles routed to \"/sly.css\". \u001b[90mx1\u001b[39m"]
INFO 2014-11-12T20:30:53.904Z ["[Lighter] Styles routed to \"/sly.css\". \u001b[90mx1\u001b[39m"]
INFO 2014-11-12T20:30:53.904Z ["[Lighter] Controllers loaded. \u001b[90mx2\u001b[39m"]
INFO 2014-11-12T20:30:53.906Z ["[Lighter] Controllers loaded. \u001b[90mx2\u001b[39m"]
INFO 2014-11-12T20:30:53.906Z ["[Lighter] Controllers loaded. \u001b[90mx2\u001b[39m"]
INFO 2014-11-12T20:30:53.907Z ["[Lighter] Controllers loaded. \u001b[90mx2\u001b[39m"]
INFO 2014-11-12T20:30:53.920Z ["[Lighter] Scripts routed to \"/a.js\". \u001b[90mx1\u001b[39m"]
INFO 2014-11-12T20:30:53.923Z ["[Lighter] Scripts routed to \"/a.js\". \u001b[90mx1\u001b[39m"]
INFO 2014-11-12T20:30:53.925Z ["[Lighter] Scripts routed to \"/a.js\". \u001b[90mx1\u001b[39m"]
INFO 2014-11-12T20:30:53.927Z ["[Lighter] Scripts routed to \"/a.js\". \u001b[90mx1\u001b[39m"]
INFO 2014-11-12T20:30:53.929Z ["[Lighter] Styles routed to \"/a.css\". \u001b[90mx1\u001b[39m"]
INFO 2014-11-12T20:30:53.933Z ["[Lighter] Scripts routed to \"/a.js\". \u001b[90mx1\u001b[39m"]
INFO 2014-11-12T20:30:53.933Z ["[Lighter] Scripts routed to \"/a.js\". \u001b[90mx1\u001b[39m"]
INFO 2014-11-12T20:30:53.935Z ["[Lighter] Styles routed to \"/a.css\". \u001b[90mx1\u001b[39m"]
INFO 2014-11-12T20:30:53.937Z ["[Lighter] Styles routed to \"/a.css\". \u001b[90mx1\u001b[39m"]
INFO 2014-11-12T20:30:53.940Z ["[Lighter] Styles routed to \"/a.css\". \u001b[90mx1\u001b[39m"]
INFO 2014-11-12T20:30:53.945Z ["[Lighter] Styles routed to \"/a.css\". \u001b[90mx1\u001b[39m"]
INFO 2014-11-12T20:30:53.945Z ["[Lighter] Scripts routed to \"/a.js\". \u001b[90mx1\u001b[39m"]
INFO 2014-11-12T20:30:53.948Z ["[Lighter] Styles routed to \"/a.css\". \u001b[90mx1\u001b[39m"]
INFO 2014-11-12T20:30:53.954Z ["[Lighter] Scripts routed to \"/a.js\". \u001b[90mx1\u001b[39m"]
INFO 2014-11-12T20:30:53.955Z ["[Lighter] Styles routed to \"/a.css\". \u001b[90mx1\u001b[39m"]
INFO 2014-11-12T20:30:53.965Z ["[Lighter] Styles routed to \"/a.css\". \u001b[90mx1\u001b[39m"]
INFO 2014-11-12T20:30:55.694Z ["[Lighter] Publics loaded. \u001b[90mx48\u001b[39m"]
INFO 2014-11-12T20:30:55.758Z ["[Lighter] Publics loaded. \u001b[90mx48\u001b[39m"]
INFO 2014-11-12T20:30:55.821Z ["[Lighter] Publics loaded. \u001b[90mx48\u001b[39m"]
INFO 2014-11-12T20:30:55.869Z ["[Lighter] Publics loaded. \u001b[90mx48\u001b[39m"]
INFO 2014-11-12T20:30:57.161Z ["[Lighter] Views loaded. \u001b[90mx30\u001b[39m"]
INFO 2014-11-12T20:30:57.227Z ["[Lighter] Views loaded. \u001b[90mx30\u001b[39m"]
INFO 2014-11-12T20:30:57.257Z ["[Lighter] Views loaded. \u001b[90mx30\u001b[39m"]
INFO 2014-11-12T20:30:57.368Z ["[Lighter] Views loaded. \u001b[90mx30\u001b[39m"]
INFO 2014-11-12T20:30:57.511Z ["[Lighter] Publics loaded. \u001b[90mx48\u001b[39m"]
INFO 2014-11-12T20:30:57.526Z ["[Lighter] Views loaded. \u001b[90mx30\u001b[39m"]
ERROR 2014-11-12T20:30:57.531Z ["[Lighter] Failed stat path for watching: \"node_modules/aloha/aloha\".","Error: ELOOP, stat 'node_modules/aloha/aloha'\n\n"]
ERROR 2014-11-12T20:30:57.532Z ["[Lighter] Failed stat path for watching: \"node_modules/beams/beams\".","Error: ELOOP, stat 'node_modules/beams/beams'\n\n"]
ERROR 2014-11-12T20:30:57.532Z ["[Lighter] Failed stat path for watching: \"node_modules/cedar/cedar\".","Error: ELOOP, stat 'node_modules/cedar/cedar'\n\n"]
ERROR 2014-11-12T20:30:57.533Z ["[Lighter] Failed stat path for watching: \"node_modules/chug/chug\".","Error: ELOOP, stat 'node_modules/chug/chug'\n\n"]
ERROR 2014-11-12T20:30:57.533Z ["[Lighter] Failed stat path for watching: \"node_modules/lighter/lighter\".","Error: ELOOP, stat 'node_modules/lighter/lighter'\n\n"]
INFO 2014-11-12T20:30:57.539Z ["[Lighter] Publics loaded. \u001b[90mx48\u001b[39m"]
INFO 2014-11-12T20:30:57.544Z ["[Lighter] Publics loaded. \u001b[90mx48\u001b[39m"]
INFO 2014-11-12T20:30:57.552Z ["[Lighter] Views loaded. \u001b[90mx30\u001b[39m"]
ERROR 2014-11-12T20:30:57.556Z ["[Lighter] Failed stat path for watching: \"node_modules/aloha/aloha\".","Error: ELOOP, stat 'node_modules/aloha/aloha'\n\n"]
ERROR 2014-11-12T20:30:57.556Z ["[Lighter] Failed stat path for watching: \"node_modules/beams/beams\".","Error: ELOOP, stat 'node_modules/beams/beams'\n\n"]
ERROR 2014-11-12T20:30:57.556Z ["[Lighter] Failed stat path for watching: \"node_modules/cedar/cedar\".","Error: ELOOP, stat 'node_modules/cedar/cedar'\n\n"]
ERROR 2014-11-12T20:30:57.558Z ["[Lighter] Failed stat path for watching: \"node_modules/chug/chug\".","Error: ELOOP, stat 'node_modules/chug/chug'\n\n"]
ERROR 2014-11-12T20:30:57.559Z ["[Lighter] Failed stat path for watching: \"node_modules/lighter/lighter\".","Error: ELOOP, stat 'node_modules/lighter/lighter'\n\n"]
INFO 2014-11-12T20:30:57.561Z ["[D6] Views routed to \"/d6.js\"."]
ERROR 2014-11-12T20:30:57.561Z ["[Lighter] Failed stat path for watching: \"node_modules/aloha/aloha\".","Error: ELOOP, stat 'node_modules/aloha/aloha'\n\n"]
ERROR 2014-11-12T20:30:57.562Z ["[Lighter] Failed stat path for watching: \"node_modules/beams/beams\".","Error: ELOOP, stat 'node_modules/beams/beams'\n\n"]
ERROR 2014-11-12T20:30:57.564Z ["[Lighter] Failed stat path for watching: \"node_modules/aloha/aloha\".","Error: ELOOP, stat 'node_modules/aloha/aloha'\n\n"]
ERROR 2014-11-12T20:30:57.564Z ["[Lighter] Failed stat path for watching: \"node_modules/beams/beams\".","Error: ELOOP, stat 'node_modules/beams/beams'\n\n"]
ERROR 2014-11-12T20:30:57.564Z ["[Lighter] Failed stat path for watching: \"node_modules/cedar/cedar\".","Error: ELOOP, stat 'node_modules/cedar/cedar'\n\n"]
ERROR 2014-11-12T20:30:57.565Z ["[Lighter] Failed stat path for watching: \"node_modules/chug/chug\".","Error: ELOOP, stat 'node_modules/chug/chug'\n\n"]
ERROR 2014-11-12T20:30:57.566Z ["[Lighter] Failed stat path for watching: \"node_modules/lighter/lighter\".","Error: ELOOP, stat 'node_modules/lighter/lighter'\n\n"]
ERROR 2014-11-12T20:30:57.568Z ["[Lighter] Failed stat path for watching: \"node_modules/cedar/cedar\".","Error: ELOOP, stat 'node_modules/cedar/cedar'\n\n"]
ERROR 2014-11-12T20:30:57.569Z ["[Lighter] Failed stat path for watching: \"node_modules/chug/chug\".","Error: ELOOP, stat 'node_modules/chug/chug'\n\n"]
ERROR 2014-11-12T20:30:57.570Z ["[Lighter] Failed stat path for watching: \"node_modules/lighter/lighter\".","Error: ELOOP, stat 'node_modules/lighter/lighter'\n\n"]
INFO 2014-11-12T20:30:57.574Z ["[D6] Views routed to \"/d6.js\"."]
ERROR 2014-11-12T20:30:57.575Z ["[Lighter] Failed stat path for watching: \"node_modules/aloha/aloha\".","Error: ELOOP, stat 'node_modules/aloha/aloha'\n\n"]
INFO 2014-11-12T20:30:57.575Z ["[D6] Views routed to \"/d6.js\"."]
ERROR 2014-11-12T20:30:57.575Z ["[Lighter] Failed stat path for watching: \"node_modules/beams/beams\".","Error: ELOOP, stat 'node_modules/beams/beams'\n\n"]
ERROR 2014-11-12T20:30:57.577Z ["[Lighter] Failed stat path for watching: \"node_modules/cedar/cedar\".","Error: ELOOP, stat 'node_modules/cedar/cedar'\n\n"]
ERROR 2014-11-12T20:30:57.578Z ["[Lighter] Failed stat path for watching: \"node_modules/chug/chug\".","Error: ELOOP, stat 'node_modules/chug/chug'\n\n"]
ERROR 2014-11-12T20:30:57.578Z ["[Lighter] Failed stat path for watching: \"node_modules/lighter/lighter\".","Error: ELOOP, stat 'node_modules/lighter/lighter'\n\n"]
INFO 2014-11-12T20:30:57.582Z ["[D6] Views routed to \"/d6.js\"."]
INFO 2014-11-12T20:30:57.588Z ["[D6] Views routed to \"/d6.js\"."]
INFO 2014-11-12T20:30:57.592Z ["[Lighter] Publics loaded. \u001b[90mx48\u001b[39m"]
ERROR 2014-11-12T20:30:57.603Z ["[Lighter] Failed stat path for watching: \"node_modules/aloha/aloha\".","Error: ELOOP, stat 'node_modules/aloha/aloha'\n\n"]
ERROR 2014-11-12T20:30:57.604Z ["[Lighter] Failed stat path for watching: \"node_modules/beams/beams\".","Error: ELOOP, stat 'node_modules/beams/beams'\n\n"]
ERROR 2014-11-12T20:30:57.604Z ["[Lighter] Failed stat path for watching: \"node_modules/cedar/cedar\".","Error: ELOOP, stat 'node_modules/cedar/cedar'\n\n"]
ERROR 2014-11-12T20:30:57.605Z ["[Lighter] Failed stat path for watching: \"node_modules/chug/chug\".","Error: ELOOP, stat 'node_modules/chug/chug'\n\n"]
ERROR 2014-11-12T20:30:57.606Z ["[Lighter] Failed stat path for watching: \"node_modules/lighter/lighter\".","Error: ELOOP, stat 'node_modules/lighter/lighter'\n\n"]
INFO 2014-11-12T20:30:57.615Z ["[D6] Views routed to \"/d6.js\"."]
INFO 2014-11-12T20:30:57.618Z ["[Lighter] Views loaded. \u001b[90mx30\u001b[39m"]
ERROR 2014-11-12T20:30:57.631Z ["[Lighter] Failed stat path for watching: \"node_modules/aloha/aloha\".","Error: ELOOP, stat 'node_modules/aloha/aloha'\n\n"]
ERROR 2014-11-12T20:30:57.632Z ["[Lighter] Failed stat path for watching: \"node_modules/beams/beams\".","Error: ELOOP, stat 'node_modules/beams/beams'\n\n"]
ERROR 2014-11-12T20:30:57.632Z ["[Lighter] Failed stat path for watching: \"node_modules/cedar/cedar\".","Error: ELOOP, stat 'node_modules/cedar/cedar'\n\n"]
ERROR 2014-11-12T20:30:57.633Z ["[Lighter] Failed stat path for watching: \"node_modules/chug/chug\".","Error: ELOOP, stat 'node_modules/chug/chug'\n\n"]
ERROR 2014-11-12T20:30:57.633Z ["[Lighter] Failed stat path for watching: \"node_modules/lighter/lighter\".","Error: ELOOP, stat 'node_modules/lighter/lighter'\n\n"]
INFO 2014-11-12T20:30:57.633Z ["[Lighter] Views loaded. \u001b[90mx30\u001b[39m"]
INFO 2014-11-12T20:30:57.639Z ["[D6] Views routed to \"/d6.js\"."]
ERROR 2014-11-12T20:30:57.643Z ["[Lighter] Failed stat path for watching: \"node_modules/aloha/aloha\".","Error: ELOOP, stat 'node_modules/aloha/aloha'\n\n"]
ERROR 2014-11-12T20:30:57.643Z ["[Lighter] Failed stat path for watching: \"node_modules/beams/beams\".","Error: ELOOP, stat 'node_modules/beams/beams'\n\n"]
ERROR 2014-11-12T20:30:57.644Z ["[Lighter] Failed stat path for watching: \"node_modules/cedar/cedar\".","Error: ELOOP, stat 'node_modules/cedar/cedar'\n\n"]
ERROR 2014-11-12T20:30:57.644Z ["[Lighter] Failed stat path for watching: \"node_modules/chug/chug\".","Error: ELOOP, stat 'node_modules/chug/chug'\n\n"]
ERROR 2014-11-12T20:30:57.645Z ["[Lighter] Failed stat path for watching: \"node_modules/lighter/lighter\".","Error: ELOOP, stat 'node_modules/lighter/lighter'\n\n"]
INFO 2014-11-12T20:30:57.656Z ["[D6] Views routed to \"/d6.js\"."]
