WARN 2014-12-19T15:22:07.965Z ["[Lighter] Changed \u001b[36m~/Workspace/ormy/lib/audit-model.js\u001b[39m."]
INFO 2014-12-19T15:22:08.770Z ["[Lighter] Models loaded. \u001b[90mx0\u001b[39m"]
INFO 2014-12-19T15:22:08.779Z ["[Lighter] Scripts routed to \u001b[36m/sly.js\u001b[39m. \u001b[90mx1\u001b[39m"]
INFO 2014-12-19T15:22:08.780Z ["[Lighter] Styles routed to \u001b[36m/sly.css\u001b[39m. \u001b[90mx1\u001b[39m"]
INFO 2014-12-19T15:22:08.783Z ["[Lighter] Controllers loaded. \u001b[90mx2\u001b[39m"]
INFO 2014-12-19T15:22:08.797Z ["[Lighter] Scripts routed to \u001b[36m/a.js\u001b[39m. \u001b[90mx1\u001b[39m"]
INFO 2014-12-19T15:22:08.800Z ["[Lighter] Styles routed to \u001b[36m/a.css\u001b[39m. \u001b[90mx1\u001b[39m"]
INFO 2014-12-19T15:22:10.030Z ["[Lighter] Publics loaded. \u001b[90mx48\u001b[39m"]
INFO 2014-12-19T15:22:11.072Z ["[Lighter] Views loaded. \u001b[90mx30\u001b[39m"]
INFO 2014-12-19T15:22:11.086Z ["[D6] Views routed to \u001b[36m/d6.js\u001b[39m."]
WARN 2014-12-19T15:22:23.890Z ["[Lighter] Changed \u001b[36m~/Workspace/ormy/lib/audit-model.js\u001b[39m."]
INFO 2014-12-19T15:22:24.718Z ["[Lighter] Models loaded. \u001b[90mx0\u001b[39m"]
INFO 2014-12-19T15:22:24.729Z ["[Lighter] Scripts routed to \u001b[36m/sly.js\u001b[39m. \u001b[90mx1\u001b[39m"]
INFO 2014-12-19T15:22:24.730Z ["[Lighter] Styles routed to \u001b[36m/sly.css\u001b[39m. \u001b[90mx1\u001b[39m"]
INFO 2014-12-19T15:22:24.733Z ["[Lighter] Controllers loaded. \u001b[90mx2\u001b[39m"]
INFO 2014-12-19T15:22:24.749Z ["[Lighter] Scripts routed to \u001b[36m/a.js\u001b[39m. \u001b[90mx1\u001b[39m"]
INFO 2014-12-19T15:22:24.751Z ["[Lighter] Styles routed to \u001b[36m/a.css\u001b[39m. \u001b[90mx1\u001b[39m"]
INFO 2014-12-19T15:22:25.856Z ["[Lighter] Views loaded. \u001b[90mx30\u001b[39m"]
INFO 2014-12-19T15:22:27.059Z ["[Lighter] Publics loaded. \u001b[90mx48\u001b[39m"]
INFO 2014-12-19T15:22:27.076Z ["[D6] Views routed to \u001b[36m/d6.js\u001b[39m."]
WARN 2014-12-19T15:22:54.423Z ["[Lighter] Changed \u001b[36m~/Workspace/ormy/lib/audit-model.js\u001b[39m."]
INFO 2014-12-19T15:22:55.230Z ["[Lighter] Models loaded. \u001b[90mx0\u001b[39m"]
INFO 2014-12-19T15:22:55.240Z ["[Lighter] Scripts routed to \u001b[36m/sly.js\u001b[39m. \u001b[90mx1\u001b[39m"]
INFO 2014-12-19T15:22:55.241Z ["[Lighter] Styles routed to \u001b[36m/sly.css\u001b[39m. \u001b[90mx1\u001b[39m"]
INFO 2014-12-19T15:22:55.244Z ["[Lighter] Controllers loaded. \u001b[90mx2\u001b[39m"]
INFO 2014-12-19T15:22:55.259Z ["[Lighter] Scripts routed to \u001b[36m/a.js\u001b[39m. \u001b[90mx1\u001b[39m"]
INFO 2014-12-19T15:22:55.262Z ["[Lighter] Styles routed to \u001b[36m/a.css\u001b[39m. \u001b[90mx1\u001b[39m"]
INFO 2014-12-19T15:22:57.458Z ["[Lighter] Views loaded. \u001b[90mx30\u001b[39m"]
INFO 2014-12-19T15:22:57.560Z ["[Lighter] Publics loaded. \u001b[90mx48\u001b[39m"]
INFO 2014-12-19T15:22:57.575Z ["[D6] Views routed to \u001b[36m/d6.js\u001b[39m."]
