INFO 2015-01-15T00:31:39.250Z ["[Za] HTTP server listening on 8895."]
INFO 2015-01-15T00:31:39.251Z ["[Ringer] Peer Bunny.local:12307 is listening."]
INFO 2015-01-15T00:31:39.251Z ["[Lighter] Connected to memcache."]
INFO 2015-01-15T00:31:39.290Z ["[Za] HTTP server listening on 8888."]
INFO 2015-01-15T00:31:39.290Z ["[Lighter] Connected to memcache."]
INFO 2015-01-15T00:31:39.291Z ["[Ringer] Peer Bunny.local:12300 is listening."]
INFO 2015-01-15T00:31:39.307Z ["[Za] HTTP server listening on 8889."]
INFO 2015-01-15T00:31:39.307Z ["[Lighter] Connected to memcache."]
INFO 2015-01-15T00:31:39.307Z ["[Ringer] Peer Bunny.local:12301 is listening."]
INFO 2015-01-15T00:31:39.321Z ["[Za] HTTP server listening on 8892."]
INFO 2015-01-15T00:31:39.322Z ["[Lighter] Connected to memcache."]
INFO 2015-01-15T00:31:39.344Z ["[Ringer] Peer Bunny.local:12304 is listening."]
INFO 2015-01-15T00:31:39.344Z ["[Za] HTTP server listening on 8894."]
INFO 2015-01-15T00:31:39.344Z ["[Lighter] Connected to memcache."]
INFO 2015-01-15T00:31:39.344Z ["[Za] HTTP server listening on 8890."]
INFO 2015-01-15T00:31:39.344Z ["[Ringer] Peer Bunny.local:12302 is listening."]
INFO 2015-01-15T00:31:39.345Z ["[Lighter] Connected to memcache."]
INFO 2015-01-15T00:31:39.345Z ["[Za] HTTP server listening on 8891."]
INFO 2015-01-15T00:31:39.345Z ["[Lighter] Connected to memcache."]
INFO 2015-01-15T00:31:39.346Z ["[Za] HTTP server listening on 8893."]
INFO 2015-01-15T00:31:39.346Z ["[Lighter] Connected to memcache."]
INFO 2015-01-15T00:31:39.346Z ["[Ringer] Peer Bunny.local:12306 is listening."]
INFO 2015-01-15T00:31:39.347Z ["[Ringer] Peer Bunny.local:12303 is listening."]
INFO 2015-01-15T00:31:39.347Z ["[Ringer] Peer Bunny.local:12305 is listening."]
INFO 2015-01-15T00:31:39.619Z ["[Lighter] Models loaded. \u001b[90mx0\u001b[39m"]
INFO 2015-01-15T00:31:39.620Z ["[Lighter] Models loaded. \u001b[90mx0\u001b[39m"]
INFO 2015-01-15T00:31:39.621Z ["[Lighter] Models loaded. \u001b[90mx0\u001b[39m"]
INFO 2015-01-15T00:31:39.621Z ["[Lighter] Models loaded. \u001b[90mx0\u001b[39m"]
INFO 2015-01-15T00:31:39.622Z ["[Lighter] Models loaded. \u001b[90mx0\u001b[39m"]
INFO 2015-01-15T00:31:39.636Z ["[Lighter] Models loaded. \u001b[90mx0\u001b[39m"]
INFO 2015-01-15T00:31:39.642Z ["[Lighter] Models loaded. \u001b[90mx0\u001b[39m"]
INFO 2015-01-15T00:31:39.643Z ["[Lighter] Scripts routed to \u001b[36m/sly.js\u001b[39m. \u001b[90mx1\u001b[39m"]
INFO 2015-01-15T00:31:39.643Z ["[Lighter] Scripts routed to \u001b[36m/sly.js\u001b[39m. \u001b[90mx1\u001b[39m"]
INFO 2015-01-15T00:31:39.643Z ["[Lighter] Styles routed to \u001b[36m/sly.css\u001b[39m. \u001b[90mx1\u001b[39m"]
INFO 2015-01-15T00:31:39.643Z ["[Lighter] Styles routed to \u001b[36m/sly.css\u001b[39m. \u001b[90mx1\u001b[39m"]
INFO 2015-01-15T00:31:39.644Z ["[Lighter] Scripts routed to \u001b[36m/sly.js\u001b[39m. \u001b[90mx1\u001b[39m"]
INFO 2015-01-15T00:31:39.645Z ["[Lighter] Styles routed to \u001b[36m/sly.css\u001b[39m. \u001b[90mx1\u001b[39m"]
INFO 2015-01-15T00:31:39.648Z ["[Lighter] Scripts routed to \u001b[36m/sly.js\u001b[39m. \u001b[90mx1\u001b[39m"]
INFO 2015-01-15T00:31:39.648Z ["[Lighter] Models loaded. \u001b[90mx0\u001b[39m"]
INFO 2015-01-15T00:31:39.649Z ["[Lighter] Styles routed to \u001b[36m/sly.css\u001b[39m. \u001b[90mx1\u001b[39m"]
INFO 2015-01-15T00:31:39.649Z ["[Lighter] Scripts routed to \u001b[36m/sly.js\u001b[39m. \u001b[90mx1\u001b[39m"]
INFO 2015-01-15T00:31:39.650Z ["[Lighter] Styles routed to \u001b[36m/sly.css\u001b[39m. \u001b[90mx1\u001b[39m"]
INFO 2015-01-15T00:31:39.652Z ["[Lighter] Controllers loaded. \u001b[90mx2\u001b[39m"]
INFO 2015-01-15T00:31:39.654Z ["[Lighter] Controllers loaded. \u001b[90mx2\u001b[39m"]
INFO 2015-01-15T00:31:39.654Z ["[Lighter] Controllers loaded. \u001b[90mx2\u001b[39m"]
INFO 2015-01-15T00:31:39.657Z ["[Lighter] Scripts routed to \u001b[36m/sly.js\u001b[39m. \u001b[90mx1\u001b[39m"]
INFO 2015-01-15T00:31:39.657Z ["[Lighter] Controllers loaded. \u001b[90mx2\u001b[39m"]
INFO 2015-01-15T00:31:39.658Z ["[Lighter] Styles routed to \u001b[36m/sly.css\u001b[39m. \u001b[90mx1\u001b[39m"]
INFO 2015-01-15T00:31:39.665Z ["[Lighter] Controllers loaded. \u001b[90mx2\u001b[39m"]
INFO 2015-01-15T00:31:39.667Z ["[Lighter] Controllers loaded. \u001b[90mx2\u001b[39m"]
INFO 2015-01-15T00:31:39.669Z ["[Lighter] Scripts routed to \u001b[36m/sly.js\u001b[39m. \u001b[90mx1\u001b[39m"]
INFO 2015-01-15T00:31:39.669Z ["[Lighter] Styles routed to \u001b[36m/sly.css\u001b[39m. \u001b[90mx1\u001b[39m"]
INFO 2015-01-15T00:31:39.670Z ["[Lighter] Scripts routed to \u001b[36m/a.js\u001b[39m. \u001b[90mx1\u001b[39m"]
INFO 2015-01-15T00:31:39.678Z ["[Lighter] Styles routed to \u001b[36m/a.css\u001b[39m. \u001b[90mx1\u001b[39m"]
INFO 2015-01-15T00:31:39.687Z ["[Lighter] Scripts routed to \u001b[36m/a.js\u001b[39m. \u001b[90mx1\u001b[39m"]
INFO 2015-01-15T00:31:39.688Z ["[Lighter] Styles routed to \u001b[36m/a.css\u001b[39m. \u001b[90mx1\u001b[39m"]
INFO 2015-01-15T00:31:39.697Z ["[Lighter] Scripts routed to \u001b[36m/a.js\u001b[39m. \u001b[90mx1\u001b[39m"]
INFO 2015-01-15T00:31:39.701Z ["[Lighter] Styles routed to \u001b[36m/a.css\u001b[39m. \u001b[90mx1\u001b[39m"]
INFO 2015-01-15T00:31:39.708Z ["[Lighter] Scripts routed to \u001b[36m/a.js\u001b[39m. \u001b[90mx1\u001b[39m"]
INFO 2015-01-15T00:31:39.709Z ["[Lighter] Styles routed to \u001b[36m/a.css\u001b[39m. \u001b[90mx1\u001b[39m"]
INFO 2015-01-15T00:31:39.710Z ["[Lighter] Controllers loaded. \u001b[90mx2\u001b[39m"]
INFO 2015-01-15T00:31:39.710Z ["[Lighter] Scripts routed to \u001b[36m/a.js\u001b[39m. \u001b[90mx1\u001b[39m"]
INFO 2015-01-15T00:31:39.711Z ["[Lighter] Styles routed to \u001b[36m/a.css\u001b[39m. \u001b[90mx1\u001b[39m"]
INFO 2015-01-15T00:31:39.712Z ["[Lighter] Scripts routed to \u001b[36m/sly.js\u001b[39m. \u001b[90mx1\u001b[39m"]
INFO 2015-01-15T00:31:39.719Z ["[Lighter] Scripts routed to \u001b[36m/a.js\u001b[39m. \u001b[90mx1\u001b[39m"]
INFO 2015-01-15T00:31:39.727Z ["[Lighter] Styles routed to \u001b[36m/a.css\u001b[39m. \u001b[90mx1\u001b[39m"]
INFO 2015-01-15T00:31:39.732Z ["[Lighter] Styles routed to \u001b[36m/sly.css\u001b[39m. \u001b[90mx1\u001b[39m"]
INFO 2015-01-15T00:31:39.738Z ["[Lighter] Controllers loaded. \u001b[90mx2\u001b[39m"]
INFO 2015-01-15T00:31:39.743Z ["[Lighter] Scripts routed to \u001b[36m/a.js\u001b[39m. \u001b[90mx1\u001b[39m"]
INFO 2015-01-15T00:31:39.746Z ["[Lighter] Styles routed to \u001b[36m/a.css\u001b[39m. \u001b[90mx1\u001b[39m"]
INFO 2015-01-15T00:31:39.758Z ["[Lighter] Scripts routed to \u001b[36m/a.js\u001b[39m. \u001b[90mx1\u001b[39m"]
INFO 2015-01-15T00:31:39.758Z ["[Lighter] Styles routed to \u001b[36m/a.css\u001b[39m. \u001b[90mx1\u001b[39m"]
INFO 2015-01-15T00:31:42.864Z ["[Lighter] Views loaded. \u001b[90mx30\u001b[39m"]
INFO 2015-01-15T00:31:42.878Z ["[Lighter] Views loaded. \u001b[90mx30\u001b[39m"]
INFO 2015-01-15T00:31:42.883Z ["[Lighter] Views loaded. \u001b[90mx30\u001b[39m"]
INFO 2015-01-15T00:31:42.942Z ["[Lighter] Views loaded. \u001b[90mx30\u001b[39m"]
INFO 2015-01-15T00:31:42.977Z ["[Lighter] Views loaded. \u001b[90mx30\u001b[39m"]
INFO 2015-01-15T00:31:43.089Z ["[Lighter] Views loaded. \u001b[90mx30\u001b[39m"]
INFO 2015-01-15T00:31:43.100Z ["[Lighter] Views loaded. \u001b[90mx30\u001b[39m"]
INFO 2015-01-15T00:31:43.232Z ["[Lighter] Publics loaded. \u001b[90mx48\u001b[39m"]
WARN 2015-01-15T00:31:43.233Z ["[Lighter] Minifying assets... "]
INFO 2015-01-15T00:31:43.248Z ["[Lighter] Publics loaded. \u001b[90mx48\u001b[39m"]
WARN 2015-01-15T00:31:43.249Z ["[Lighter] Minifying assets... "]
INFO 2015-01-15T00:31:43.254Z ["[Lighter] Publics loaded. \u001b[90mx48\u001b[39m"]
WARN 2015-01-15T00:31:43.255Z ["[Lighter] Minifying assets... "]
INFO 2015-01-15T00:31:43.286Z ["[Lighter] Views loaded. \u001b[90mx30\u001b[39m"]
INFO 2015-01-15T00:31:43.309Z ["[Lighter] Publics loaded. \u001b[90mx48\u001b[39m"]
WARN 2015-01-15T00:31:43.309Z ["[Lighter] Minifying assets... "]
INFO 2015-01-15T00:31:43.347Z ["[Lighter] Publics loaded. \u001b[90mx48\u001b[39m"]
WARN 2015-01-15T00:31:43.347Z ["[Lighter] Minifying assets... "]
INFO 2015-01-15T00:31:43.367Z ["[Lighter] Publics loaded. \u001b[90mx48\u001b[39m"]
WARN 2015-01-15T00:31:43.368Z ["[Lighter] Minifying assets... "]
INFO 2015-01-15T00:31:43.395Z ["[Lighter] Publics loaded. \u001b[90mx48\u001b[39m"]
WARN 2015-01-15T00:31:43.396Z ["[Lighter] Minifying assets... "]
INFO 2015-01-15T00:31:43.454Z ["[Lighter] Publics loaded. \u001b[90mx48\u001b[39m"]
WARN 2015-01-15T00:31:43.455Z ["[Lighter] Minifying assets... "]
INFO 2015-01-15T00:31:57.356Z ["[D6] Views routed to \u001b[36m/d6.js\u001b[39m."]
INFO 2015-01-15T00:31:57.378Z ["[Lighter] Views, scripts and styles minified."]
INFO 2015-01-15T00:31:57.400Z ["[D6] Views routed to \u001b[36m/d6.js\u001b[39m."]
INFO 2015-01-15T00:31:57.536Z ["[D6] Views routed to \u001b[36m/d6.js\u001b[39m."]
INFO 2015-01-15T00:31:57.556Z ["[Lighter] Views, scripts and styles minified."]
INFO 2015-01-15T00:31:57.569Z ["[D6] Views routed to \u001b[36m/d6.js\u001b[39m."]
INFO 2015-01-15T00:31:57.602Z ["[D6] Views routed to \u001b[36m/d6.js\u001b[39m."]
INFO 2015-01-15T00:31:57.610Z ["[Ringer] Peer Bunny.local:12304 is stable on attempt 4."]
INFO 2015-01-15T00:31:57.611Z ["[Ringer] Peer Bunny.local:12305 is stable on attempt 4."]
INFO 2015-01-15T00:31:57.619Z ["[D6] Views routed to \u001b[36m/d6.js\u001b[39m."]
INFO 2015-01-15T00:31:57.623Z ["[Lighter] Views, scripts and styles minified."]
INFO 2015-01-15T00:31:57.632Z ["[Ringer] Peer Bunny.local:12300 is stable on attempt 3."]
INFO 2015-01-15T00:31:57.633Z ["[D6] Views routed to \u001b[36m/d6.js\u001b[39m."]
INFO 2015-01-15T00:31:57.635Z ["[Ringer] Peer Bunny.local:12301 is stable on attempt 4."]
INFO 2015-01-15T00:31:57.637Z ["[Lighter] Views, scripts and styles minified."]
INFO 2015-01-15T00:31:57.641Z ["[D6] Views routed to \u001b[36m/d6.js\u001b[39m."]
INFO 2015-01-15T00:31:57.650Z ["[D6] Views routed to \u001b[36m/d6.js\u001b[39m."]
INFO 2015-01-15T00:31:57.660Z ["[Lighter] Views, scripts and styles minified."]
INFO 2015-01-15T00:31:57.674Z ["[D6] Views routed to \u001b[36m/d6.js\u001b[39m."]
INFO 2015-01-15T00:31:57.687Z ["[Ringer] Peer Bunny.local:12302 is stable on attempt 3."]
INFO 2015-01-15T00:31:57.695Z ["[D6] Views routed to \u001b[36m/d6.js\u001b[39m."]
INFO 2015-01-15T00:31:57.697Z ["[Ringer] Peer Bunny.local:12307 is stable on attempt 3."]
INFO 2015-01-15T00:31:57.702Z ["[D6] Views routed to \u001b[36m/d6.js\u001b[39m."]
INFO 2015-01-15T00:31:57.710Z ["[Lighter] Views, scripts and styles minified."]
INFO 2015-01-15T00:31:57.720Z ["[Lighter] Views, scripts and styles minified."]
INFO 2015-01-15T00:31:57.722Z ["[D6] Views routed to \u001b[36m/d6.js\u001b[39m."]
INFO 2015-01-15T00:31:57.730Z ["[D6] Views routed to \u001b[36m/d6.js\u001b[39m."]
INFO 2015-01-15T00:31:57.784Z ["[Ringer] Peer Bunny.local:12306 is stable on attempt 3."]
INFO 2015-01-15T00:31:57.784Z ["[Ringer] Peer Bunny.local:12303 is stable on attempt 2."]
INFO 2015-01-15T00:31:57.789Z ["[D6] Views routed to \u001b[36m/d6.js\u001b[39m."]
INFO 2015-01-15T00:31:57.806Z ["[Lighter] Views, scripts and styles minified."]
INFO 2015-01-15T00:31:57.817Z ["[D6] Views routed to \u001b[36m/d6.js\u001b[39m."]
