WARN 2014-12-18T02:21:09.282Z ["[Lighter] Changed \u001b[36m~/Workspace/ormy/lib/sqlite-database.js\u001b[39m."]
INFO 2014-12-18T02:21:10.031Z ["[Lighter] Models loaded. \u001b[90mx0\u001b[39m"]
INFO 2014-12-18T02:21:10.039Z ["[Lighter] Scripts routed to \u001b[36m/sly.js\u001b[39m. \u001b[90mx1\u001b[39m"]
INFO 2014-12-18T02:21:10.039Z ["[Lighter] Styles routed to \u001b[36m/sly.css\u001b[39m. \u001b[90mx1\u001b[39m"]
INFO 2014-12-18T02:21:10.042Z ["[Lighter] Controllers loaded. \u001b[90mx2\u001b[39m"]
INFO 2014-12-18T02:21:10.054Z ["[Lighter] Scripts routed to \u001b[36m/a.js\u001b[39m. \u001b[90mx1\u001b[39m"]
INFO 2014-12-18T02:21:10.057Z ["[Lighter] Styles routed to \u001b[36m/a.css\u001b[39m. \u001b[90mx1\u001b[39m"]
INFO 2014-12-18T02:21:11.185Z ["[Lighter] Publics loaded. \u001b[90mx48\u001b[39m"]
INFO 2014-12-18T02:21:12.106Z ["[Lighter] Views loaded. \u001b[90mx30\u001b[39m"]
INFO 2014-12-18T02:21:12.121Z ["[D6] Views routed to \u001b[36m/d6.js\u001b[39m."]
WARN 2014-12-18T02:21:55.690Z ["[Lighter] Changed \u001b[36m~/Workspace/ormy/lib/sqlite-database.js\u001b[39m."]
INFO 2014-12-18T02:21:56.446Z ["[Lighter] Models loaded. \u001b[90mx0\u001b[39m"]
INFO 2014-12-18T02:21:56.454Z ["[Lighter] Scripts routed to \u001b[36m/sly.js\u001b[39m. \u001b[90mx1\u001b[39m"]
INFO 2014-12-18T02:21:56.455Z ["[Lighter] Styles routed to \u001b[36m/sly.css\u001b[39m. \u001b[90mx1\u001b[39m"]
INFO 2014-12-18T02:21:56.457Z ["[Lighter] Controllers loaded. \u001b[90mx2\u001b[39m"]
INFO 2014-12-18T02:21:56.469Z ["[Lighter] Scripts routed to \u001b[36m/a.js\u001b[39m. \u001b[90mx1\u001b[39m"]
INFO 2014-12-18T02:21:56.471Z ["[Lighter] Styles routed to \u001b[36m/a.css\u001b[39m. \u001b[90mx1\u001b[39m"]
INFO 2014-12-18T02:21:57.357Z ["[Lighter] Views loaded. \u001b[90mx30\u001b[39m"]
INFO 2014-12-18T02:21:58.417Z ["[Lighter] Publics loaded. \u001b[90mx48\u001b[39m"]
INFO 2014-12-18T02:21:58.431Z ["[D6] Views routed to \u001b[36m/d6.js\u001b[39m."]
