WARN 2014-12-18T15:14:14.567Z ["[Lighter] Changed \u001b[36m~/Workspace/ormy/lib/model.js\u001b[39m."]
INFO 2014-12-18T15:14:15.350Z ["[Lighter] Models loaded. \u001b[90mx0\u001b[39m"]
INFO 2014-12-18T15:14:15.358Z ["[Lighter] Scripts routed to \u001b[36m/sly.js\u001b[39m. \u001b[90mx1\u001b[39m"]
INFO 2014-12-18T15:14:15.359Z ["[Lighter] Styles routed to \u001b[36m/sly.css\u001b[39m. \u001b[90mx1\u001b[39m"]
INFO 2014-12-18T15:14:15.363Z ["[Lighter] Controllers loaded. \u001b[90mx2\u001b[39m"]
INFO 2014-12-18T15:14:15.379Z ["[Lighter] Scripts routed to \u001b[36m/a.js\u001b[39m. \u001b[90mx1\u001b[39m"]
INFO 2014-12-18T15:14:15.381Z ["[Lighter] Styles routed to \u001b[36m/a.css\u001b[39m. \u001b[90mx1\u001b[39m"]
INFO 2014-12-18T15:14:17.654Z ["[Lighter] Views loaded. \u001b[90mx30\u001b[39m"]
INFO 2014-12-18T15:14:17.722Z ["[Lighter] Publics loaded. \u001b[90mx48\u001b[39m"]
INFO 2014-12-18T15:14:17.737Z ["[D6] Views routed to \u001b[36m/d6.js\u001b[39m."]
WARN 2014-12-18T15:14:52.317Z ["[Lighter] Changed \u001b[36m~/Workspace/ormy/lib/database.js\u001b[39m."]
INFO 2014-12-18T15:14:53.117Z ["[Lighter] Models loaded. \u001b[90mx0\u001b[39m"]
INFO 2014-12-18T15:14:53.131Z ["[Lighter] Scripts routed to \u001b[36m/sly.js\u001b[39m. \u001b[90mx1\u001b[39m"]
INFO 2014-12-18T15:14:53.132Z ["[Lighter] Styles routed to \u001b[36m/sly.css\u001b[39m. \u001b[90mx1\u001b[39m"]
INFO 2014-12-18T15:14:53.136Z ["[Lighter] Controllers loaded. \u001b[90mx2\u001b[39m"]
INFO 2014-12-18T15:14:53.150Z ["[Lighter] Scripts routed to \u001b[36m/a.js\u001b[39m. \u001b[90mx1\u001b[39m"]
INFO 2014-12-18T15:14:53.152Z ["[Lighter] Styles routed to \u001b[36m/a.css\u001b[39m. \u001b[90mx1\u001b[39m"]
INFO 2014-12-18T15:14:55.222Z ["[Lighter] Views loaded. \u001b[90mx30\u001b[39m"]
INFO 2014-12-18T15:14:55.447Z ["[Lighter] Publics loaded. \u001b[90mx48\u001b[39m"]
INFO 2014-12-18T15:14:55.462Z ["[D6] Views routed to \u001b[36m/d6.js\u001b[39m."]
