INFO 2014-12-18T02:30:00.688Z ["[Lighter] Publics loaded. \u001b[90mx48\u001b[39m"]
INFO 2014-12-18T02:30:01.608Z ["[Lighter] Views loaded. \u001b[90mx30\u001b[39m"]
INFO 2014-12-18T02:30:01.624Z ["[D6] Views routed to \u001b[36m/d6.js\u001b[39m."]
WARN 2014-12-18T02:30:06.380Z ["[Lighter] Changed \u001b[36m~/Workspace/ormy/lib/sqlite-database.js\u001b[39m."]
INFO 2014-12-18T02:30:07.152Z ["[Lighter] Models loaded. \u001b[90mx0\u001b[39m"]
INFO 2014-12-18T02:30:07.161Z ["[Lighter] Scripts routed to \u001b[36m/sly.js\u001b[39m. \u001b[90mx1\u001b[39m"]
INFO 2014-12-18T02:30:07.161Z ["[Lighter] Styles routed to \u001b[36m/sly.css\u001b[39m. \u001b[90mx1\u001b[39m"]
INFO 2014-12-18T02:30:07.164Z ["[Lighter] Controllers loaded. \u001b[90mx2\u001b[39m"]
INFO 2014-12-18T02:30:07.177Z ["[Lighter] Scripts routed to \u001b[36m/a.js\u001b[39m. \u001b[90mx1\u001b[39m"]
INFO 2014-12-18T02:30:07.180Z ["[Lighter] Styles routed to \u001b[36m/a.css\u001b[39m. \u001b[90mx1\u001b[39m"]
INFO 2014-12-18T02:30:08.357Z ["[Lighter] Publics loaded. \u001b[90mx48\u001b[39m"]
INFO 2014-12-18T02:30:09.370Z ["[Lighter] Views loaded. \u001b[90mx30\u001b[39m"]
INFO 2014-12-18T02:30:09.384Z ["[D6] Views routed to \u001b[36m/d6.js\u001b[39m."]
WARN 2014-12-18T02:30:36.346Z ["[Lighter] Changed \u001b[36m~/Workspace/ormy/lib/sqlite-database.js\u001b[39m."]
INFO 2014-12-18T02:30:37.098Z ["[Lighter] Models loaded. \u001b[90mx0\u001b[39m"]
INFO 2014-12-18T02:30:37.106Z ["[Lighter] Scripts routed to \u001b[36m/sly.js\u001b[39m. \u001b[90mx1\u001b[39m"]
INFO 2014-12-18T02:30:37.107Z ["[Lighter] Styles routed to \u001b[36m/sly.css\u001b[39m. \u001b[90mx1\u001b[39m"]
INFO 2014-12-18T02:30:37.109Z ["[Lighter] Controllers loaded. \u001b[90mx2\u001b[39m"]
INFO 2014-12-18T02:30:37.123Z ["[Lighter] Scripts routed to \u001b[36m/a.js\u001b[39m. \u001b[90mx1\u001b[39m"]
INFO 2014-12-18T02:30:37.125Z ["[Lighter] Styles routed to \u001b[36m/a.css\u001b[39m. \u001b[90mx1\u001b[39m"]
INFO 2014-12-18T02:30:37.996Z ["[Lighter] Views loaded. \u001b[90mx30\u001b[39m"]
INFO 2014-12-18T02:30:39.135Z ["[Lighter] Publics loaded. \u001b[90mx48\u001b[39m"]
INFO 2014-12-18T02:30:39.149Z ["[D6] Views routed to \u001b[36m/d6.js\u001b[39m."]
WARN 2014-12-18T02:30:47.689Z ["[Lighter] Changed \u001b[36m~/Workspace/ormy/lib/mysql-database.js\u001b[39m."]
INFO 2014-12-18T02:30:48.461Z ["[Lighter] Models loaded. \u001b[90mx0\u001b[39m"]
INFO 2014-12-18T02:30:48.468Z ["[Lighter] Scripts routed to \u001b[36m/sly.js\u001b[39m. \u001b[90mx1\u001b[39m"]
INFO 2014-12-18T02:30:48.469Z ["[Lighter] Styles routed to \u001b[36m/sly.css\u001b[39m. \u001b[90mx1\u001b[39m"]
INFO 2014-12-18T02:30:48.472Z ["[Lighter] Controllers loaded. \u001b[90mx2\u001b[39m"]
INFO 2014-12-18T02:30:48.486Z ["[Lighter] Scripts routed to \u001b[36m/a.js\u001b[39m. \u001b[90mx1\u001b[39m"]
INFO 2014-12-18T02:30:48.488Z ["[Lighter] Styles routed to \u001b[36m/a.css\u001b[39m. \u001b[90mx1\u001b[39m"]
INFO 2014-12-18T02:30:49.362Z ["[Lighter] Views loaded. \u001b[90mx30\u001b[39m"]
INFO 2014-12-18T02:30:50.470Z ["[Lighter] Publics loaded. \u001b[90mx48\u001b[39m"]
INFO 2014-12-18T02:30:50.485Z ["[D6] Views routed to \u001b[36m/d6.js\u001b[39m."]
