WARN 2014-12-18T02:42:13.700Z ["[Lighter] Changed \u001b[36m~/Workspace/ormy/lib/sqlite-database.js\u001b[39m."]
INFO 2014-12-18T02:42:14.499Z ["[Lighter] Models loaded. \u001b[90mx0\u001b[39m"]
INFO 2014-12-18T02:42:14.507Z ["[Lighter] Scripts routed to \u001b[36m/sly.js\u001b[39m. \u001b[90mx1\u001b[39m"]
INFO 2014-12-18T02:42:14.508Z ["[Lighter] Styles routed to \u001b[36m/sly.css\u001b[39m. \u001b[90mx1\u001b[39m"]
INFO 2014-12-18T02:42:14.512Z ["[Lighter] Controllers loaded. \u001b[90mx2\u001b[39m"]
INFO 2014-12-18T02:42:14.525Z ["[Lighter] Scripts routed to \u001b[36m/a.js\u001b[39m. \u001b[90mx1\u001b[39m"]
INFO 2014-12-18T02:42:14.528Z ["[Lighter] Styles routed to \u001b[36m/a.css\u001b[39m. \u001b[90mx1\u001b[39m"]
INFO 2014-12-18T02:42:16.764Z ["[Lighter] Views loaded. \u001b[90mx30\u001b[39m"]
INFO 2014-12-18T02:42:16.830Z ["[Lighter] Publics loaded. \u001b[90mx48\u001b[39m"]
INFO 2014-12-18T02:42:16.843Z ["[D6] Views routed to \u001b[36m/d6.js\u001b[39m."]
WARN 2014-12-18T02:42:43.252Z ["[Lighter] Changed \u001b[36m~/Workspace/ormy/lib/sqlite-database.js\u001b[39m."]
INFO 2014-12-18T02:42:44.042Z ["[Lighter] Models loaded. \u001b[90mx0\u001b[39m"]
INFO 2014-12-18T02:42:44.050Z ["[Lighter] Scripts routed to \u001b[36m/sly.js\u001b[39m. \u001b[90mx1\u001b[39m"]
INFO 2014-12-18T02:42:44.051Z ["[Lighter] Styles routed to \u001b[36m/sly.css\u001b[39m. \u001b[90mx1\u001b[39m"]
INFO 2014-12-18T02:42:44.053Z ["[Lighter] Controllers loaded. \u001b[90mx2\u001b[39m"]
INFO 2014-12-18T02:42:44.066Z ["[Lighter] Scripts routed to \u001b[36m/a.js\u001b[39m. \u001b[90mx1\u001b[39m"]
INFO 2014-12-18T02:42:44.069Z ["[Lighter] Styles routed to \u001b[36m/a.css\u001b[39m. \u001b[90mx1\u001b[39m"]
INFO 2014-12-18T02:42:46.134Z ["[Lighter] Views loaded. \u001b[90mx30\u001b[39m"]
INFO 2014-12-18T02:42:46.209Z ["[Lighter] Publics loaded. \u001b[90mx48\u001b[39m"]
INFO 2014-12-18T02:42:46.224Z ["[D6] Views routed to \u001b[36m/d6.js\u001b[39m."]
WARN 2014-12-18T02:42:53.550Z ["[Lighter] Changed \u001b[36m~/Workspace/ormy/lib/sqlite-database.js\u001b[39m."]
INFO 2014-12-18T02:42:54.328Z ["[Lighter] Models loaded. \u001b[90mx0\u001b[39m"]
INFO 2014-12-18T02:42:54.336Z ["[Lighter] Scripts routed to \u001b[36m/sly.js\u001b[39m. \u001b[90mx1\u001b[39m"]
INFO 2014-12-18T02:42:54.337Z ["[Lighter] Styles routed to \u001b[36m/sly.css\u001b[39m. \u001b[90mx1\u001b[39m"]
INFO 2014-12-18T02:42:54.340Z ["[Lighter] Controllers loaded. \u001b[90mx2\u001b[39m"]
INFO 2014-12-18T02:42:54.352Z ["[Lighter] Scripts routed to \u001b[36m/a.js\u001b[39m. \u001b[90mx1\u001b[39m"]
INFO 2014-12-18T02:42:54.355Z ["[Lighter] Styles routed to \u001b[36m/a.css\u001b[39m. \u001b[90mx1\u001b[39m"]
INFO 2014-12-18T02:42:56.150Z ["[Lighter] Views loaded. \u001b[90mx30\u001b[39m"]
INFO 2014-12-18T02:42:56.348Z ["[Lighter] Publics loaded. \u001b[90mx48\u001b[39m"]
INFO 2014-12-18T02:42:56.362Z ["[D6] Views routed to \u001b[36m/d6.js\u001b[39m."]
