WARN 2014-12-18T02:17:37.634Z ["[Lighter] Changed \u001b[36m~/Workspace/ormy/lib/mysql-field.js\u001b[39m."]
INFO 2014-12-18T02:17:38.391Z ["[Lighter] Models loaded. \u001b[90mx0\u001b[39m"]
INFO 2014-12-18T02:17:38.399Z ["[Lighter] Scripts routed to \u001b[36m/sly.js\u001b[39m. \u001b[90mx1\u001b[39m"]
INFO 2014-12-18T02:17:38.400Z ["[Lighter] Styles routed to \u001b[36m/sly.css\u001b[39m. \u001b[90mx1\u001b[39m"]
INFO 2014-12-18T02:17:38.403Z ["[Lighter] Controllers loaded. \u001b[90mx2\u001b[39m"]
INFO 2014-12-18T02:17:38.415Z ["[Lighter] Scripts routed to \u001b[36m/a.js\u001b[39m. \u001b[90mx1\u001b[39m"]
INFO 2014-12-18T02:17:38.417Z ["[Lighter] Styles routed to \u001b[36m/a.css\u001b[39m. \u001b[90mx1\u001b[39m"]
INFO 2014-12-18T02:17:40.105Z ["[Lighter] Views loaded. \u001b[90mx30\u001b[39m"]
INFO 2014-12-18T02:17:40.326Z ["[Lighter] Publics loaded. \u001b[90mx48\u001b[39m"]
INFO 2014-12-18T02:17:40.340Z ["[D6] Views routed to \u001b[36m/d6.js\u001b[39m."]
WARN 2014-12-18T02:17:43.807Z ["[Lighter] Changed \u001b[36m~/Workspace/ormy/lib/database.js\u001b[39m."]
INFO 2014-12-18T02:17:44.557Z ["[Lighter] Models loaded. \u001b[90mx0\u001b[39m"]
INFO 2014-12-18T02:17:44.565Z ["[Lighter] Scripts routed to \u001b[36m/sly.js\u001b[39m. \u001b[90mx1\u001b[39m"]
INFO 2014-12-18T02:17:44.566Z ["[Lighter] Styles routed to \u001b[36m/sly.css\u001b[39m. \u001b[90mx1\u001b[39m"]
INFO 2014-12-18T02:17:44.570Z ["[Lighter] Controllers loaded. \u001b[90mx2\u001b[39m"]
INFO 2014-12-18T02:17:44.582Z ["[Lighter] Scripts routed to \u001b[36m/a.js\u001b[39m. \u001b[90mx1\u001b[39m"]
INFO 2014-12-18T02:17:44.584Z ["[Lighter] Styles routed to \u001b[36m/a.css\u001b[39m. \u001b[90mx1\u001b[39m"]
INFO 2014-12-18T02:17:46.305Z ["[Lighter] Views loaded. \u001b[90mx30\u001b[39m"]
INFO 2014-12-18T02:17:46.525Z ["[Lighter] Publics loaded. \u001b[90mx48\u001b[39m"]
INFO 2014-12-18T02:17:46.539Z ["[D6] Views routed to \u001b[36m/d6.js\u001b[39m."]
