WARN 2014-11-10T20:35:19.067Z ["[Lighter] Exiting due to file change in \"node_modules/lighter/lib/App.js\"."]
WARN 2014-11-10T20:35:19.067Z ["[Lighter] Exiting due to file change in \"node_modules/lighter/lib/App.js\"."]
WARN 2014-11-10T20:35:19.068Z ["[Lighter] Exiting due to file change in \"node_modules/lighter/lib/App.js\"."]
WARN 2014-11-10T20:35:19.068Z ["[Lighter] Exiting due to file change in \"node_modules/lighter/lib/App.js\"."]
WARN 2014-11-10T20:35:19.068Z ["[Lighter] Exiting due to file change in \"node_modules/lighter/lib/App.js\"."]
WARN 2014-11-10T20:35:19.068Z ["[Lighter] Exiting due to file change in \"node_modules/lighter/lib/App.js\"."]
WARN 2014-11-10T20:35:19.068Z ["[Lighter] Exiting due to file change in \"node_modules/lighter/lib/App.js\"."]
WARN 2014-11-10T20:35:19.076Z ["[Lighter] Exiting due to file change in \"node_modules/lighter/lib/App.js\"."]
ERROR 2014-11-10T20:35:19.128Z ["Worker 59167 died."]
INFO 2014-11-10T20:35:20.284Z ["[Lighter] Models loaded. \u001b[90mx0\u001b[39m"]
INFO 2014-11-10T20:35:20.285Z ["[Lighter] Models loaded. \u001b[90mx0\u001b[39m"]
INFO 2014-11-10T20:35:20.287Z ["[Lighter] Models loaded. \u001b[90mx0\u001b[39m"]
INFO 2014-11-10T20:35:20.288Z ["[Lighter] Models loaded. \u001b[90mx0\u001b[39m"]
INFO 2014-11-10T20:35:20.289Z ["[Lighter] Models loaded. \u001b[90mx0\u001b[39m"]
INFO 2014-11-10T20:35:20.291Z ["[Lighter] Models loaded. \u001b[90mx0\u001b[39m"]
INFO 2014-11-10T20:35:20.292Z ["[Lighter] Models loaded. \u001b[90mx0\u001b[39m"]
INFO 2014-11-10T20:35:20.298Z ["[Lighter] Models loaded. \u001b[90mx0\u001b[39m"]
INFO 2014-11-10T20:35:20.325Z ["[Lighter] Scripts routed to \"/sly.js\". \u001b[90mx1\u001b[39m"]
INFO 2014-11-10T20:35:20.326Z ["[Lighter] Styles routed to \"/sly.css\". \u001b[90mx1\u001b[39m"]
INFO 2014-11-10T20:35:20.326Z ["[Lighter] Scripts routed to \"/sly.js\". \u001b[90mx1\u001b[39m"]
INFO 2014-11-10T20:35:20.328Z ["[Lighter] Styles routed to \"/sly.css\". \u001b[90mx1\u001b[39m"]
INFO 2014-11-10T20:35:20.329Z ["[Lighter] Controllers loaded. \u001b[90mx2\u001b[39m"]
INFO 2014-11-10T20:35:20.329Z ["[Lighter] Scripts routed to \"/sly.js\". \u001b[90mx1\u001b[39m"]
INFO 2014-11-10T20:35:20.330Z ["[Lighter] Styles routed to \"/sly.css\". \u001b[90mx1\u001b[39m"]
INFO 2014-11-10T20:35:20.331Z ["[Lighter] Scripts routed to \"/sly.js\". \u001b[90mx1\u001b[39m"]
INFO 2014-11-10T20:35:20.332Z ["[Lighter] Scripts routed to \"/sly.js\". \u001b[90mx1\u001b[39m"]
INFO 2014-11-10T20:35:20.333Z ["[Lighter] Styles routed to \"/sly.css\". \u001b[90mx1\u001b[39m"]
INFO 2014-11-10T20:35:20.333Z ["[Lighter] Scripts routed to \"/sly.js\". \u001b[90mx1\u001b[39m"]
INFO 2014-11-10T20:35:20.333Z ["[Lighter] Styles routed to \"/sly.css\". \u001b[90mx1\u001b[39m"]
INFO 2014-11-10T20:35:20.334Z ["[Lighter] Styles routed to \"/sly.css\". \u001b[90mx1\u001b[39m"]
INFO 2014-11-10T20:35:20.334Z ["[Lighter] Controllers loaded. \u001b[90mx2\u001b[39m"]
INFO 2014-11-10T20:35:20.336Z ["[Lighter] Controllers loaded. \u001b[90mx2\u001b[39m"]
INFO 2014-11-10T20:35:20.337Z ["[Lighter] Controllers loaded. \u001b[90mx2\u001b[39m"]
INFO 2014-11-10T20:35:20.338Z ["[Lighter] Scripts routed to \"/sly.js\". \u001b[90mx1\u001b[39m"]
INFO 2014-11-10T20:35:20.339Z ["[Lighter] Styles routed to \"/sly.css\". \u001b[90mx1\u001b[39m"]
INFO 2014-11-10T20:35:20.339Z ["[Lighter] Controllers loaded. \u001b[90mx2\u001b[39m"]
INFO 2014-11-10T20:35:20.340Z ["[Lighter] Controllers loaded. \u001b[90mx2\u001b[39m"]
INFO 2014-11-10T20:35:20.340Z ["[Lighter] Scripts routed to \"/sly.js\". \u001b[90mx1\u001b[39m"]
INFO 2014-11-10T20:35:20.341Z ["[Lighter] Styles routed to \"/sly.css\". \u001b[90mx1\u001b[39m"]
INFO 2014-11-10T20:35:20.341Z ["[Lighter] Controllers loaded. \u001b[90mx2\u001b[39m"]
INFO 2014-11-10T20:35:20.344Z ["[Lighter] Controllers loaded. \u001b[90mx2\u001b[39m"]
INFO 2014-11-10T20:35:20.355Z ["[Lighter] Scripts routed to \"/a.js\". \u001b[90mx1\u001b[39m"]
INFO 2014-11-10T20:35:20.357Z ["[Lighter] Scripts routed to \"/a.js\". \u001b[90mx1\u001b[39m"]
INFO 2014-11-10T20:35:20.358Z ["[Lighter] Scripts routed to \"/a.js\". \u001b[90mx1\u001b[39m"]
INFO 2014-11-10T20:35:20.361Z ["[Lighter] Styles routed to \"/a.css\". \u001b[90mx1\u001b[39m"]
INFO 2014-11-10T20:35:20.362Z ["[Lighter] Styles routed to \"/a.css\". \u001b[90mx1\u001b[39m"]
INFO 2014-11-10T20:35:20.363Z ["[Lighter] Scripts routed to \"/a.js\". \u001b[90mx1\u001b[39m"]
INFO 2014-11-10T20:35:20.366Z ["[Lighter] Styles routed to \"/a.css\". \u001b[90mx1\u001b[39m"]
INFO 2014-11-10T20:35:20.366Z ["[Lighter] Scripts routed to \"/a.js\". \u001b[90mx1\u001b[39m"]
INFO 2014-11-10T20:35:20.378Z ["[Lighter] Scripts routed to \"/a.js\". \u001b[90mx1\u001b[39m"]
INFO 2014-11-10T20:35:20.380Z ["[Lighter] Styles routed to \"/a.css\". \u001b[90mx1\u001b[39m"]
INFO 2014-11-10T20:35:20.384Z ["[Lighter] Styles routed to \"/a.css\". \u001b[90mx1\u001b[39m"]
INFO 2014-11-10T20:35:20.396Z ["[Lighter] Styles routed to \"/a.css\". \u001b[90mx1\u001b[39m"]
INFO 2014-11-10T20:35:20.419Z ["[Lighter] Scripts routed to \"/a.js\". \u001b[90mx1\u001b[39m"]
INFO 2014-11-10T20:35:20.433Z ["[Lighter] Styles routed to \"/a.css\". \u001b[90mx1\u001b[39m"]
INFO 2014-11-10T20:35:20.453Z ["[Lighter] Scripts routed to \"/a.js\". \u001b[90mx1\u001b[39m"]
INFO 2014-11-10T20:35:20.456Z ["[Lighter] Styles routed to \"/a.css\". \u001b[90mx1\u001b[39m"]
INFO 2014-11-10T20:35:22.174Z ["[Lighter] Publics loaded. \u001b[90mx48\u001b[39m"]
INFO 2014-11-10T20:35:22.294Z ["[Lighter] Publics loaded. \u001b[90mx48\u001b[39m"]
INFO 2014-11-10T20:35:22.297Z ["[Lighter] Publics loaded. \u001b[90mx48\u001b[39m"]
INFO 2014-11-10T20:35:23.778Z ["[Lighter] Views loaded. \u001b[90mx30\u001b[39m"]
INFO 2014-11-10T20:35:23.844Z ["[Lighter] Views loaded. \u001b[90mx30\u001b[39m"]
INFO 2014-11-10T20:35:23.940Z ["[Lighter] Views loaded. \u001b[90mx30\u001b[39m"]
INFO 2014-11-10T20:35:23.956Z ["[Lighter] Views loaded. \u001b[90mx30\u001b[39m"]
INFO 2014-11-10T20:35:23.960Z ["[Lighter] Publics loaded. \u001b[90mx48\u001b[39m"]
INFO 2014-11-10T20:35:24.028Z ["[D6] Views routed to \"/d6.js\"."]
INFO 2014-11-10T20:35:24.057Z ["[Lighter] Publics loaded. \u001b[90mx48\u001b[39m"]
INFO 2014-11-10T20:35:24.071Z ["[Lighter] Views loaded. \u001b[90mx30\u001b[39m"]
INFO 2014-11-10T20:35:24.073Z ["[Lighter] Publics loaded. \u001b[90mx48\u001b[39m"]
INFO 2014-11-10T20:35:24.087Z ["[D6] Views routed to \"/d6.js\"."]
INFO 2014-11-10T20:35:24.089Z ["[Lighter] Views loaded. \u001b[90mx30\u001b[39m"]
INFO 2014-11-10T20:35:24.095Z ["[D6] Views routed to \"/d6.js\"."]
INFO 2014-11-10T20:35:24.110Z ["[Lighter] Publics loaded. \u001b[90mx48\u001b[39m"]
INFO 2014-11-10T20:35:24.111Z ["[D6] Views routed to \"/d6.js\"."]
INFO 2014-11-10T20:35:24.126Z ["[Lighter] Views loaded. \u001b[90mx30\u001b[39m"]
INFO 2014-11-10T20:35:24.132Z ["[D6] Views routed to \"/d6.js\"."]
INFO 2014-11-10T20:35:24.144Z ["[Lighter] Views loaded. \u001b[90mx30\u001b[39m"]
INFO 2014-11-10T20:35:24.144Z ["[D6] Views routed to \"/d6.js\"."]
INFO 2014-11-10T20:35:24.153Z ["[Lighter] Publics loaded. \u001b[90mx48\u001b[39m"]
INFO 2014-11-10T20:35:24.161Z ["[D6] Views routed to \"/d6.js\"."]
INFO 2014-11-10T20:35:24.174Z ["[D6] Views routed to \"/d6.js\"."]
INFO 2014-11-10T20:35:39.139Z ["[D6] Views routed to \"/d6.js\"."]
INFO 2014-11-10T20:35:39.139Z ["[D6] Views routed to \"/d6.js\"."]
INFO 2014-11-10T20:35:39.140Z ["[D6] Views routed to \"/d6.js\"."]
INFO 2014-11-10T20:35:39.141Z ["[D6] Views routed to \"/d6.js\"."]
INFO 2014-11-10T20:35:39.141Z ["[D6] Views routed to \"/d6.js\"."]
INFO 2014-11-10T20:35:39.148Z ["[D6] Views routed to \"/d6.js\"."]
INFO 2014-11-10T20:35:39.148Z ["[D6] Views routed to \"/d6.js\"."]
INFO 2014-11-10T20:35:39.151Z ["[D6] Views routed to \"/d6.js\"."]
INFO 2014-11-10T20:35:39.152Z ["[D6] Views routed to \"/d6.js\"."]
INFO 2014-11-10T20:35:39.153Z ["[D6] Views routed to \"/d6.js\"."]
INFO 2014-11-10T20:35:41.948Z ["[D6] Views routed to \"/d6.js\"."]
INFO 2014-11-10T20:35:41.948Z ["[D6] Views routed to \"/d6.js\"."]
INFO 2014-11-10T20:35:41.949Z ["[D6] Views routed to \"/d6.js\"."]
INFO 2014-11-10T20:35:41.949Z ["[D6] Views routed to \"/d6.js\"."]
INFO 2014-11-10T20:35:41.954Z ["[D6] Views routed to \"/d6.js\"."]
INFO 2014-11-10T20:35:41.956Z ["[D6] Views routed to \"/d6.js\"."]
INFO 2014-11-10T20:35:41.958Z ["[D6] Views routed to \"/d6.js\"."]
INFO 2014-11-10T20:35:41.961Z ["[D6] Views routed to \"/d6.js\"."]
INFO 2014-11-10T20:35:41.962Z ["[D6] Views routed to \"/d6.js\"."]
INFO 2014-11-10T20:35:41.967Z ["[D6] Views routed to \"/d6.js\"."]
INFO 2014-11-10T20:35:41.972Z ["[D6] Views routed to \"/d6.js\"."]
INFO 2014-11-10T20:35:47.238Z ["[D6] Views routed to \"/d6.js\"."]
INFO 2014-11-10T20:35:47.243Z ["[D6] Views routed to \"/d6.js\"."]
