WARN 2014-11-10T20:38:50.435Z ["[Lighter] Exiting due to file change in \"node_modules/chug/build/b.js\"."]
WARN 2014-11-10T20:38:50.435Z ["[Lighter] Exiting due to file change in \"node_modules/chug/build/b.js\"."]
WARN 2014-11-10T20:38:50.435Z ["[Lighter] Exiting due to file change in \"node_modules/chug/build/b.js\"."]
WARN 2014-11-10T20:38:50.435Z ["[Lighter] Exiting due to file change in \"node_modules/chug/build/b.js\"."]
WARN 2014-11-10T20:38:50.435Z ["[Lighter] Exiting due to file change in \"node_modules/chug/build/b.js\"."]
WARN 2014-11-10T20:38:50.435Z ["[Lighter] Exiting due to file change in \"node_modules/chug/build/b.js\"."]
WARN 2014-11-10T20:38:50.435Z ["[Lighter] Exiting due to file change in \"node_modules/chug/build/b.js\"."]
WARN 2014-11-10T20:38:50.436Z ["[Lighter] Exiting due to file change in \"node_modules/chug/build/b.js\"."]
ERROR 2014-11-10T20:38:50.474Z ["Worker 59888 died."]
INFO 2014-11-10T20:38:51.610Z ["[Lighter] Models loaded. \u001b[90mx0\u001b[39m"]
INFO 2014-11-10T20:38:51.615Z ["[Lighter] Models loaded. \u001b[90mx0\u001b[39m"]
INFO 2014-11-10T20:38:51.624Z ["[Lighter] Models loaded. \u001b[90mx0\u001b[39m"]
INFO 2014-11-10T20:38:51.627Z ["[Lighter] Models loaded. \u001b[90mx0\u001b[39m"]
INFO 2014-11-10T20:38:51.628Z ["[Lighter] Models loaded. \u001b[90mx0\u001b[39m"]
INFO 2014-11-10T20:38:51.631Z ["[Lighter] Models loaded. \u001b[90mx0\u001b[39m"]
INFO 2014-11-10T20:38:51.638Z ["[Lighter] Models loaded. \u001b[90mx0\u001b[39m"]
INFO 2014-11-10T20:38:51.644Z ["[Lighter] Models loaded. \u001b[90mx0\u001b[39m"]
INFO 2014-11-10T20:38:51.652Z ["[Lighter] Scripts routed to \"/sly.js\". \u001b[90mx1\u001b[39m"]
INFO 2014-11-10T20:38:51.656Z ["[Lighter] Scripts routed to \"/sly.js\". \u001b[90mx1\u001b[39m"]
INFO 2014-11-10T20:38:51.657Z ["[Lighter] Styles routed to \"/sly.css\". \u001b[90mx1\u001b[39m"]
INFO 2014-11-10T20:38:51.658Z ["[Lighter] Styles routed to \"/sly.css\". \u001b[90mx1\u001b[39m"]
INFO 2014-11-10T20:38:51.662Z ["[Lighter] Controllers loaded. \u001b[90mx2\u001b[39m"]
INFO 2014-11-10T20:38:51.663Z ["[Lighter] Scripts routed to \"/sly.js\". \u001b[90mx1\u001b[39m"]
INFO 2014-11-10T20:38:51.664Z ["[Lighter] Controllers loaded. \u001b[90mx2\u001b[39m"]
INFO 2014-11-10T20:38:51.665Z ["[Lighter] Styles routed to \"/sly.css\". \u001b[90mx1\u001b[39m"]
INFO 2014-11-10T20:38:51.667Z ["[Lighter] Scripts routed to \"/sly.js\". \u001b[90mx1\u001b[39m"]
INFO 2014-11-10T20:38:51.668Z ["[Lighter] Styles routed to \"/sly.css\". \u001b[90mx1\u001b[39m"]
INFO 2014-11-10T20:38:51.669Z ["[Lighter] Scripts routed to \"/sly.js\". \u001b[90mx1\u001b[39m"]
INFO 2014-11-10T20:38:51.670Z ["[Lighter] Controllers loaded. \u001b[90mx2\u001b[39m"]
INFO 2014-11-10T20:38:51.670Z ["[Lighter] Controllers loaded. \u001b[90mx2\u001b[39m"]
INFO 2014-11-10T20:38:51.671Z ["[Lighter] Styles routed to \"/sly.css\". \u001b[90mx1\u001b[39m"]
INFO 2014-11-10T20:38:51.673Z ["[Lighter] Scripts routed to \"/sly.js\". \u001b[90mx1\u001b[39m"]
INFO 2014-11-10T20:38:51.673Z ["[Lighter] Styles routed to \"/sly.css\". \u001b[90mx1\u001b[39m"]
INFO 2014-11-10T20:38:51.673Z ["[Lighter] Controllers loaded. \u001b[90mx2\u001b[39m"]
INFO 2014-11-10T20:38:51.678Z ["[Lighter] Controllers loaded. \u001b[90mx2\u001b[39m"]
INFO 2014-11-10T20:38:51.679Z ["[Lighter] Scripts routed to \"/sly.js\". \u001b[90mx1\u001b[39m"]
INFO 2014-11-10T20:38:51.680Z ["[Lighter] Scripts routed to \"/sly.js\". \u001b[90mx1\u001b[39m"]
INFO 2014-11-10T20:38:51.681Z ["[Lighter] Styles routed to \"/sly.css\". \u001b[90mx1\u001b[39m"]
INFO 2014-11-10T20:38:51.681Z ["[Lighter] Styles routed to \"/sly.css\". \u001b[90mx1\u001b[39m"]
INFO 2014-11-10T20:38:51.683Z ["[Lighter] Controllers loaded. \u001b[90mx2\u001b[39m"]
INFO 2014-11-10T20:38:51.684Z ["[Lighter] Controllers loaded. \u001b[90mx2\u001b[39m"]
INFO 2014-11-10T20:38:51.690Z ["[Lighter] Scripts routed to \"/a.js\". \u001b[90mx1\u001b[39m"]
INFO 2014-11-10T20:38:51.690Z ["[Lighter] Scripts routed to \"/a.js\". \u001b[90mx1\u001b[39m"]
INFO 2014-11-10T20:38:51.696Z ["[Lighter] Styles routed to \"/a.css\". \u001b[90mx1\u001b[39m"]
INFO 2014-11-10T20:38:51.699Z ["[Lighter] Styles routed to \"/a.css\". \u001b[90mx1\u001b[39m"]
INFO 2014-11-10T20:38:51.699Z ["[Lighter] Scripts routed to \"/a.js\". \u001b[90mx1\u001b[39m"]
INFO 2014-11-10T20:38:51.709Z ["[Lighter] Scripts routed to \"/a.js\". \u001b[90mx1\u001b[39m"]
INFO 2014-11-10T20:38:51.709Z ["[Lighter] Scripts routed to \"/a.js\". \u001b[90mx1\u001b[39m"]
INFO 2014-11-10T20:38:51.714Z ["[Lighter] Styles routed to \"/a.css\". \u001b[90mx1\u001b[39m"]
INFO 2014-11-10T20:38:51.737Z ["[Lighter] Scripts routed to \"/a.js\". \u001b[90mx1\u001b[39m"]
INFO 2014-11-10T20:38:51.762Z ["[Lighter] Styles routed to \"/a.css\". \u001b[90mx1\u001b[39m"]
INFO 2014-11-10T20:38:51.766Z ["[Lighter] Scripts routed to \"/a.js\". \u001b[90mx1\u001b[39m"]
INFO 2014-11-10T20:38:51.768Z ["[Lighter] Styles routed to \"/a.css\". \u001b[90mx1\u001b[39m"]
INFO 2014-11-10T20:38:51.770Z ["[Lighter] Styles routed to \"/a.css\". \u001b[90mx1\u001b[39m"]
INFO 2014-11-10T20:38:51.798Z ["[Lighter] Scripts routed to \"/a.js\". \u001b[90mx1\u001b[39m"]
INFO 2014-11-10T20:38:51.798Z ["[Lighter] Styles routed to \"/a.css\". \u001b[90mx1\u001b[39m"]
INFO 2014-11-10T20:38:51.801Z ["[Lighter] Styles routed to \"/a.css\". \u001b[90mx1\u001b[39m"]
INFO 2014-11-10T20:38:53.683Z ["[Lighter] Publics loaded. \u001b[90mx48\u001b[39m"]
INFO 2014-11-10T20:38:53.831Z ["[Lighter] Publics loaded. \u001b[90mx48\u001b[39m"]
INFO 2014-11-10T20:38:55.270Z ["[Lighter] Views loaded. \u001b[90mx30\u001b[39m"]
INFO 2014-11-10T20:38:55.290Z ["[Lighter] Views loaded. \u001b[90mx30\u001b[39m"]
INFO 2014-11-10T20:38:55.342Z ["[Lighter] Views loaded. \u001b[90mx30\u001b[39m"]
INFO 2014-11-10T20:38:55.547Z ["[Lighter] Views loaded. \u001b[90mx30\u001b[39m"]
INFO 2014-11-10T20:38:55.567Z ["[Lighter] Views loaded. \u001b[90mx30\u001b[39m"]
INFO 2014-11-10T20:38:55.576Z ["[Lighter] Views loaded. \u001b[90mx30\u001b[39m"]
INFO 2014-11-10T20:38:55.669Z ["[Lighter] Publics loaded. \u001b[90mx48\u001b[39m"]
INFO 2014-11-10T20:38:55.682Z ["[Lighter] Publics loaded. \u001b[90mx48\u001b[39m"]
INFO 2014-11-10T20:38:55.688Z ["[Lighter] Publics loaded. \u001b[90mx48\u001b[39m"]
INFO 2014-11-10T20:38:55.695Z ["[Lighter] Publics loaded. \u001b[90mx48\u001b[39m"]
INFO 2014-11-10T20:38:55.718Z ["[Lighter] Publics loaded. \u001b[90mx48\u001b[39m"]
INFO 2014-11-10T20:38:55.729Z ["[D6] Views routed to \"/d6.js\"."]
INFO 2014-11-10T20:38:55.732Z ["[Lighter] Views loaded. \u001b[90mx30\u001b[39m"]
INFO 2014-11-10T20:38:55.739Z ["[D6] Views routed to \"/d6.js\"."]
INFO 2014-11-10T20:38:55.742Z ["[D6] Views routed to \"/d6.js\"."]
INFO 2014-11-10T20:38:55.746Z ["[D6] Views routed to \"/d6.js\"."]
INFO 2014-11-10T20:38:55.767Z ["[D6] Views routed to \"/d6.js\"."]
INFO 2014-11-10T20:38:55.767Z ["[D6] Views routed to \"/d6.js\"."]
INFO 2014-11-10T20:38:55.853Z ["[Lighter] Views loaded. \u001b[90mx30\u001b[39m"]
INFO 2014-11-10T20:38:55.866Z ["[Lighter] Publics loaded. \u001b[90mx48\u001b[39m"]
INFO 2014-11-10T20:38:55.874Z ["[D6] Views routed to \"/d6.js\"."]
INFO 2014-11-10T20:38:55.890Z ["[D6] Views routed to \"/d6.js\"."]
