WARN 2014-11-10T20:37:08.616Z ["[Lighter] Exiting due to file change in \"node_modules/chug/package.json\"."]
WARN 2014-11-10T20:37:08.617Z ["[Lighter] Exiting due to file change in \"node_modules/chug/package.json\"."]
WARN 2014-11-10T20:37:08.617Z ["[Lighter] Exiting due to file change in \"node_modules/chug/package.json\"."]
INFO 2014-11-10T20:37:09.804Z ["[Lighter] Models loaded. \u001b[90mx0\u001b[39m"]
INFO 2014-11-10T20:37:09.805Z ["[Lighter] Models loaded. \u001b[90mx0\u001b[39m"]
INFO 2014-11-10T20:37:09.805Z ["[Lighter] Models loaded. \u001b[90mx0\u001b[39m"]
INFO 2014-11-10T20:37:09.806Z ["[Lighter] Models loaded. \u001b[90mx0\u001b[39m"]
INFO 2014-11-10T20:37:09.808Z ["[Lighter] Models loaded. \u001b[90mx0\u001b[39m"]
INFO 2014-11-10T20:37:09.808Z ["[Lighter] Models loaded. \u001b[90mx0\u001b[39m"]
INFO 2014-11-10T20:37:09.809Z ["[Lighter] Models loaded. \u001b[90mx0\u001b[39m"]
INFO 2014-11-10T20:37:09.811Z ["[Lighter] Models loaded. \u001b[90mx0\u001b[39m"]
INFO 2014-11-10T20:37:09.841Z ["[Lighter] Scripts routed to \"/sly.js\". \u001b[90mx1\u001b[39m"]
INFO 2014-11-10T20:37:09.842Z ["[Lighter] Styles routed to \"/sly.css\". \u001b[90mx1\u001b[39m"]
INFO 2014-11-10T20:37:09.842Z ["[Lighter] Scripts routed to \"/sly.js\". \u001b[90mx1\u001b[39m"]
INFO 2014-11-10T20:37:09.843Z ["[Lighter] Scripts routed to \"/sly.js\". \u001b[90mx1\u001b[39m"]
INFO 2014-11-10T20:37:09.843Z ["[Lighter] Scripts routed to \"/sly.js\". \u001b[90mx1\u001b[39m"]
INFO 2014-11-10T20:37:09.844Z ["[Lighter] Styles routed to \"/sly.css\". \u001b[90mx1\u001b[39m"]
INFO 2014-11-10T20:37:09.845Z ["[Lighter] Styles routed to \"/sly.css\". \u001b[90mx1\u001b[39m"]
INFO 2014-11-10T20:37:09.845Z ["[Lighter] Scripts routed to \"/sly.js\". \u001b[90mx1\u001b[39m"]
INFO 2014-11-10T20:37:09.845Z ["[Lighter] Scripts routed to \"/sly.js\". \u001b[90mx1\u001b[39m"]
INFO 2014-11-10T20:37:09.846Z ["[Lighter] Controllers loaded. \u001b[90mx2\u001b[39m"]
INFO 2014-11-10T20:37:09.846Z ["[Lighter] Scripts routed to \"/sly.js\". \u001b[90mx1\u001b[39m"]
INFO 2014-11-10T20:37:09.847Z ["[Lighter] Styles routed to \"/sly.css\". \u001b[90mx1\u001b[39m"]
INFO 2014-11-10T20:37:09.847Z ["[Lighter] Styles routed to \"/sly.css\". \u001b[90mx1\u001b[39m"]
INFO 2014-11-10T20:37:09.847Z ["[Lighter] Styles routed to \"/sly.css\". \u001b[90mx1\u001b[39m"]
INFO 2014-11-10T20:37:09.847Z ["[Lighter] Styles routed to \"/sly.css\". \u001b[90mx1\u001b[39m"]
INFO 2014-11-10T20:37:09.850Z ["[Lighter] Controllers loaded. \u001b[90mx2\u001b[39m"]
INFO 2014-11-10T20:37:09.850Z ["[Lighter] Controllers loaded. \u001b[90mx2\u001b[39m"]
INFO 2014-11-10T20:37:09.850Z ["[Lighter] Controllers loaded. \u001b[90mx2\u001b[39m"]
INFO 2014-11-10T20:37:09.850Z ["[Lighter] Controllers loaded. \u001b[90mx2\u001b[39m"]
INFO 2014-11-10T20:37:09.851Z ["[Lighter] Controllers loaded. \u001b[90mx2\u001b[39m"]
INFO 2014-11-10T20:37:09.851Z ["[Lighter] Controllers loaded. \u001b[90mx2\u001b[39m"]
INFO 2014-11-10T20:37:09.855Z ["[Lighter] Scripts routed to \"/sly.js\". \u001b[90mx1\u001b[39m"]
INFO 2014-11-10T20:37:09.856Z ["[Lighter] Styles routed to \"/sly.css\". \u001b[90mx1\u001b[39m"]
INFO 2014-11-10T20:37:09.859Z ["[Lighter] Controllers loaded. \u001b[90mx2\u001b[39m"]
INFO 2014-11-10T20:37:09.871Z ["[Lighter] Scripts routed to \"/a.js\". \u001b[90mx1\u001b[39m"]
INFO 2014-11-10T20:37:09.873Z ["[Lighter] Scripts routed to \"/a.js\". \u001b[90mx1\u001b[39m"]
INFO 2014-11-10T20:37:09.873Z ["[Lighter] Scripts routed to \"/a.js\". \u001b[90mx1\u001b[39m"]
INFO 2014-11-10T20:37:09.877Z ["[Lighter] Styles routed to \"/a.css\". \u001b[90mx1\u001b[39m"]
INFO 2014-11-10T20:37:09.877Z ["[Lighter] Scripts routed to \"/a.js\". \u001b[90mx1\u001b[39m"]
INFO 2014-11-10T20:37:09.879Z ["[Lighter] Styles routed to \"/a.css\". \u001b[90mx1\u001b[39m"]
INFO 2014-11-10T20:37:09.881Z ["[Lighter] Scripts routed to \"/a.js\". \u001b[90mx1\u001b[39m"]
INFO 2014-11-10T20:37:09.891Z ["[Lighter] Styles routed to \"/a.css\". \u001b[90mx1\u001b[39m"]
INFO 2014-11-10T20:37:09.894Z ["[Lighter] Styles routed to \"/a.css\". \u001b[90mx1\u001b[39m"]
INFO 2014-11-10T20:37:09.899Z ["[Lighter] Scripts routed to \"/a.js\". \u001b[90mx1\u001b[39m"]
INFO 2014-11-10T20:37:09.901Z ["[Lighter] Styles routed to \"/a.css\". \u001b[90mx1\u001b[39m"]
INFO 2014-11-10T20:37:09.904Z ["[Lighter] Scripts routed to \"/a.js\". \u001b[90mx1\u001b[39m"]
INFO 2014-11-10T20:37:09.910Z ["[Lighter] Styles routed to \"/a.css\". \u001b[90mx1\u001b[39m"]
INFO 2014-11-10T20:37:09.910Z ["[Lighter] Styles routed to \"/a.css\". \u001b[90mx1\u001b[39m"]
INFO 2014-11-10T20:37:09.927Z ["[Lighter] Scripts routed to \"/a.js\". \u001b[90mx1\u001b[39m"]
INFO 2014-11-10T20:37:09.933Z ["[Lighter] Styles routed to \"/a.css\". \u001b[90mx1\u001b[39m"]
INFO 2014-11-10T20:37:11.760Z ["[Lighter] Publics loaded. \u001b[90mx48\u001b[39m"]
INFO 2014-11-10T20:37:11.761Z ["[Lighter] Publics loaded. \u001b[90mx48\u001b[39m"]
INFO 2014-11-10T20:37:11.774Z ["[Lighter] Publics loaded. \u001b[90mx48\u001b[39m"]
INFO 2014-11-10T20:37:13.179Z ["[Lighter] Views loaded. \u001b[90mx30\u001b[39m"]
INFO 2014-11-10T20:37:13.392Z ["[Lighter] Views loaded. \u001b[90mx30\u001b[39m"]
INFO 2014-11-10T20:37:13.461Z ["[Lighter] Views loaded. \u001b[90mx30\u001b[39m"]
INFO 2014-11-10T20:37:13.478Z ["[Lighter] Views loaded. \u001b[90mx30\u001b[39m"]
INFO 2014-11-10T20:37:13.484Z ["[Lighter] Views loaded. \u001b[90mx30\u001b[39m"]
INFO 2014-11-10T20:37:13.495Z ["[Lighter] Publics loaded. \u001b[90mx48\u001b[39m"]
INFO 2014-11-10T20:37:13.532Z ["[Lighter] Publics loaded. \u001b[90mx48\u001b[39m"]
INFO 2014-11-10T20:37:13.547Z ["[D6] Views routed to \"/d6.js\"."]
INFO 2014-11-10T20:37:13.559Z ["[D6] Views routed to \"/d6.js\"."]
INFO 2014-11-10T20:37:13.561Z ["[Lighter] Publics loaded. \u001b[90mx48\u001b[39m"]
INFO 2014-11-10T20:37:13.583Z ["[D6] Views routed to \"/d6.js\"."]
INFO 2014-11-10T20:37:13.587Z ["[Lighter] Publics loaded. \u001b[90mx48\u001b[39m"]
INFO 2014-11-10T20:37:13.587Z ["[Lighter] Views loaded. \u001b[90mx30\u001b[39m"]
INFO 2014-11-10T20:37:13.588Z ["[Lighter] Publics loaded. \u001b[90mx48\u001b[39m"]
INFO 2014-11-10T20:37:13.592Z ["[Lighter] Views loaded. \u001b[90mx30\u001b[39m"]
INFO 2014-11-10T20:37:13.611Z ["[D6] Views routed to \"/d6.js\"."]
INFO 2014-11-10T20:37:13.613Z ["[D6] Views routed to \"/d6.js\"."]
INFO 2014-11-10T20:37:13.615Z ["[D6] Views routed to \"/d6.js\"."]
INFO 2014-11-10T20:37:13.620Z ["[D6] Views routed to \"/d6.js\"."]
INFO 2014-11-10T20:37:13.633Z ["[Lighter] Views loaded. \u001b[90mx30\u001b[39m"]
INFO 2014-11-10T20:37:13.653Z ["[D6] Views routed to \"/d6.js\"."]
