WARN 2014-11-10T20:22:58.666Z ["[Lighter] Exiting due to file change in \"node_modules/beams/package.json\"."]
WARN 2014-11-10T20:22:58.666Z ["[Lighter] Exiting due to file change in \"node_modules/beams/package.json\"."]
WARN 2014-11-10T20:22:58.666Z ["[Lighter] Exiting due to file change in \"node_modules/beams/package.json\"."]
WARN 2014-11-10T20:22:58.667Z ["[Lighter] Exiting due to file change in \"node_modules/beams/package.json\"."]
WARN 2014-11-10T20:22:58.667Z ["[Lighter] Exiting due to file change in \"node_modules/beams/package.json\"."]
WARN 2014-11-10T20:22:58.667Z ["[Lighter] Exiting due to file change in \"node_modules/beams/package.json\"."]
WARN 2014-11-10T20:22:58.667Z ["[Lighter] Exiting due to file change in \"node_modules/beams/package.json\"."]
WARN 2014-11-10T20:22:58.667Z ["[Lighter] Exiting due to file change in \"node_modules/beams/package.json\"."]
ERROR 2014-11-10T20:22:58.732Z ["Worker 58841 died."]
INFO 2014-11-10T20:22:59.912Z ["[Lighter] Models loaded. \u001b[90mx0\u001b[39m"]
INFO 2014-11-10T20:22:59.914Z ["[Lighter] Models loaded. \u001b[90mx0\u001b[39m"]
INFO 2014-11-10T20:22:59.920Z ["[Lighter] Models loaded. \u001b[90mx0\u001b[39m"]
INFO 2014-11-10T20:22:59.924Z ["[Lighter] Models loaded. \u001b[90mx0\u001b[39m"]
INFO 2014-11-10T20:22:59.924Z ["[Lighter] Models loaded. \u001b[90mx0\u001b[39m"]
INFO 2014-11-10T20:22:59.929Z ["[Lighter] Models loaded. \u001b[90mx0\u001b[39m"]
INFO 2014-11-10T20:22:59.929Z ["[Lighter] Models loaded. \u001b[90mx0\u001b[39m"]
INFO 2014-11-10T20:22:59.931Z ["[Lighter] Models loaded. \u001b[90mx0\u001b[39m"]
INFO 2014-11-10T20:22:59.954Z ["[Lighter] Scripts routed to \"/sly.js\". \u001b[90mx1\u001b[39m"]
INFO 2014-11-10T20:22:59.957Z ["[Lighter] Styles routed to \"/sly.css\". \u001b[90mx1\u001b[39m"]
INFO 2014-11-10T20:22:59.961Z ["[Lighter] Controllers loaded. \u001b[90mx2\u001b[39m"]
INFO 2014-11-10T20:22:59.963Z ["[Lighter] Scripts routed to \"/sly.js\". \u001b[90mx1\u001b[39m"]
INFO 2014-11-10T20:22:59.964Z ["[Lighter] Styles routed to \"/sly.css\". \u001b[90mx1\u001b[39m"]
INFO 2014-11-10T20:22:59.965Z ["[Lighter] Scripts routed to \"/sly.js\". \u001b[90mx1\u001b[39m"]
INFO 2014-11-10T20:22:59.965Z ["[Lighter] Styles routed to \"/sly.css\". \u001b[90mx1\u001b[39m"]
INFO 2014-11-10T20:22:59.966Z ["[Lighter] Scripts routed to \"/sly.js\". \u001b[90mx1\u001b[39m"]
INFO 2014-11-10T20:22:59.967Z ["[Lighter] Styles routed to \"/sly.css\". \u001b[90mx1\u001b[39m"]
INFO 2014-11-10T20:22:59.968Z ["[Lighter] Controllers loaded. \u001b[90mx2\u001b[39m"]
INFO 2014-11-10T20:22:59.968Z ["[Lighter] Scripts routed to \"/sly.js\". \u001b[90mx1\u001b[39m"]
INFO 2014-11-10T20:22:59.969Z ["[Lighter] Controllers loaded. \u001b[90mx2\u001b[39m"]
INFO 2014-11-10T20:22:59.970Z ["[Lighter] Styles routed to \"/sly.css\". \u001b[90mx1\u001b[39m"]
INFO 2014-11-10T20:22:59.970Z ["[Lighter] Controllers loaded. \u001b[90mx2\u001b[39m"]
INFO 2014-11-10T20:22:59.972Z ["[Lighter] Scripts routed to \"/sly.js\". \u001b[90mx1\u001b[39m"]
INFO 2014-11-10T20:22:59.973Z ["[Lighter] Controllers loaded. \u001b[90mx2\u001b[39m"]
INFO 2014-11-10T20:22:59.973Z ["[Lighter] Scripts routed to \"/sly.js\". \u001b[90mx1\u001b[39m"]
INFO 2014-11-10T20:22:59.973Z ["[Lighter] Styles routed to \"/sly.css\". \u001b[90mx1\u001b[39m"]
INFO 2014-11-10T20:22:59.974Z ["[Lighter] Styles routed to \"/sly.css\". \u001b[90mx1\u001b[39m"]
INFO 2014-11-10T20:22:59.976Z ["[Lighter] Scripts routed to \"/sly.js\". \u001b[90mx1\u001b[39m"]
INFO 2014-11-10T20:22:59.976Z ["[Lighter] Controllers loaded. \u001b[90mx2\u001b[39m"]
INFO 2014-11-10T20:22:59.977Z ["[Lighter] Styles routed to \"/sly.css\". \u001b[90mx1\u001b[39m"]
INFO 2014-11-10T20:22:59.978Z ["[Lighter] Controllers loaded. \u001b[90mx2\u001b[39m"]
INFO 2014-11-10T20:22:59.980Z ["[Lighter] Controllers loaded. \u001b[90mx2\u001b[39m"]
INFO 2014-11-10T20:22:59.992Z ["[Lighter] Scripts routed to \"/a.js\". \u001b[90mx1\u001b[39m"]
INFO 2014-11-10T20:22:59.992Z ["[Lighter] Scripts routed to \"/a.js\". \u001b[90mx1\u001b[39m"]
INFO 2014-11-10T20:22:59.996Z ["[Lighter] Scripts routed to \"/a.js\". \u001b[90mx1\u001b[39m"]
INFO 2014-11-10T20:22:59.997Z ["[Lighter] Styles routed to \"/a.css\". \u001b[90mx1\u001b[39m"]
INFO 2014-11-10T20:22:59.997Z ["[Lighter] Scripts routed to \"/a.js\". \u001b[90mx1\u001b[39m"]
INFO 2014-11-10T20:23:00.003Z ["[Lighter] Scripts routed to \"/a.js\". \u001b[90mx1\u001b[39m"]
INFO 2014-11-10T20:23:00.004Z ["[Lighter] Scripts routed to \"/a.js\". \u001b[90mx1\u001b[39m"]
