WARN 2014-11-10T21:23:46.619Z ["[Lighter] Exiting due to file change in \"node_modules/lighter/package.json\"."]
WARN 2014-11-10T21:23:46.620Z ["[Lighter] Exiting due to file change in \"node_modules/lighter/package.json\"."]
WARN 2014-11-10T21:23:46.620Z ["[Lighter] Exiting due to file change in \"node_modules/lighter/package.json\"."]
WARN 2014-11-10T21:23:46.620Z ["[Lighter] Exiting due to file change in \"node_modules/lighter/package.json\"."]
WARN 2014-11-10T21:23:46.620Z ["[Lighter] Exiting due to file change in \"node_modules/lighter/package.json\"."]
WARN 2014-11-10T21:23:46.620Z ["[Lighter] Exiting due to file change in \"node_modules/lighter/package.json\"."]
WARN 2014-11-10T21:23:46.620Z ["[Lighter] Exiting due to file change in \"node_modules/lighter/package.json\"."]
WARN 2014-11-10T21:23:46.620Z ["[Lighter] Exiting due to file change in \"node_modules/lighter/package.json\"."]
ERROR 2014-11-10T21:23:46.692Z ["Worker 59915 died."]
INFO 2014-11-10T21:23:47.893Z ["[Lighter] Models loaded. \u001b[90mx0\u001b[39m"]
INFO 2014-11-10T21:23:47.893Z ["[Lighter] Models loaded. \u001b[90mx0\u001b[39m"]
INFO 2014-11-10T21:23:47.894Z ["[Lighter] Models loaded. \u001b[90mx0\u001b[39m"]
INFO 2014-11-10T21:23:47.907Z ["[Lighter] Models loaded. \u001b[90mx0\u001b[39m"]
INFO 2014-11-10T21:23:47.911Z ["[Lighter] Models loaded. \u001b[90mx0\u001b[39m"]
INFO 2014-11-10T21:23:47.915Z ["[Lighter] Models loaded. \u001b[90mx0\u001b[39m"]
INFO 2014-11-10T21:23:47.919Z ["[Lighter] Models loaded. \u001b[90mx0\u001b[39m"]
INFO 2014-11-10T21:23:47.932Z ["[Lighter] Scripts routed to \"/sly.js\". \u001b[90mx1\u001b[39m"]
INFO 2014-11-10T21:23:47.933Z ["[Lighter] Styles routed to \"/sly.css\". \u001b[90mx1\u001b[39m"]
INFO 2014-11-10T21:23:47.935Z ["[Lighter] Models loaded. \u001b[90mx0\u001b[39m"]
INFO 2014-11-10T21:23:47.936Z ["[Lighter] Scripts routed to \"/sly.js\". \u001b[90mx1\u001b[39m"]
INFO 2014-11-10T21:23:47.938Z ["[Lighter] Styles routed to \"/sly.css\". \u001b[90mx1\u001b[39m"]
INFO 2014-11-10T21:23:47.941Z ["[Lighter] Controllers loaded. \u001b[90mx2\u001b[39m"]
INFO 2014-11-10T21:23:47.944Z ["[Lighter] Controllers loaded. \u001b[90mx2\u001b[39m"]
INFO 2014-11-10T21:23:47.946Z ["[Lighter] Scripts routed to \"/sly.js\". \u001b[90mx1\u001b[39m"]
INFO 2014-11-10T21:23:47.947Z ["[Lighter] Styles routed to \"/sly.css\". \u001b[90mx1\u001b[39m"]
INFO 2014-11-10T21:23:47.948Z ["[Lighter] Scripts routed to \"/sly.js\". \u001b[90mx1\u001b[39m"]
INFO 2014-11-10T21:23:47.949Z ["[Lighter] Styles routed to \"/sly.css\". \u001b[90mx1\u001b[39m"]
INFO 2014-11-10T21:23:47.950Z ["[Lighter] Scripts routed to \"/sly.js\". \u001b[90mx1\u001b[39m"]
INFO 2014-11-10T21:23:47.950Z ["[Lighter] Controllers loaded. \u001b[90mx2\u001b[39m"]
INFO 2014-11-10T21:23:47.952Z ["[Lighter] Styles routed to \"/sly.css\". \u001b[90mx1\u001b[39m"]
INFO 2014-11-10T21:23:47.953Z ["[Lighter] Controllers loaded. \u001b[90mx2\u001b[39m"]
INFO 2014-11-10T21:23:47.955Z ["[Lighter] Scripts routed to \"/sly.js\". \u001b[90mx1\u001b[39m"]
INFO 2014-11-10T21:23:47.956Z ["[Lighter] Styles routed to \"/sly.css\". \u001b[90mx1\u001b[39m"]
INFO 2014-11-10T21:23:47.958Z ["[Lighter] Controllers loaded. \u001b[90mx2\u001b[39m"]
INFO 2014-11-10T21:23:47.958Z ["[Lighter] Controllers loaded. \u001b[90mx2\u001b[39m"]
INFO 2014-11-10T21:23:47.961Z ["[Lighter] Scripts routed to \"/sly.js\". \u001b[90mx1\u001b[39m"]
INFO 2014-11-10T21:23:47.963Z ["[Lighter] Styles routed to \"/sly.css\". \u001b[90mx1\u001b[39m"]
INFO 2014-11-10T21:23:47.966Z ["[Lighter] Controllers loaded. \u001b[90mx2\u001b[39m"]
INFO 2014-11-10T21:23:47.973Z ["[Lighter] Scripts routed to \"/a.js\". \u001b[90mx1\u001b[39m"]
INFO 2014-11-10T21:23:47.975Z ["[Lighter] Scripts routed to \"/a.js\". \u001b[90mx1\u001b[39m"]
INFO 2014-11-10T21:23:47.978Z ["[Lighter] Scripts routed to \"/a.js\". \u001b[90mx1\u001b[39m"]
INFO 2014-11-10T21:23:47.978Z ["[Lighter] Scripts routed to \"/sly.js\". \u001b[90mx1\u001b[39m"]
INFO 2014-11-10T21:23:47.980Z ["[Lighter] Styles routed to \"/sly.css\". \u001b[90mx1\u001b[39m"]
INFO 2014-11-10T21:23:47.985Z ["[Lighter] Controllers loaded. \u001b[90mx2\u001b[39m"]
INFO 2014-11-10T21:23:47.998Z ["[Lighter] Scripts routed to \"/a.js\". \u001b[90mx1\u001b[39m"]
INFO 2014-11-10T21:23:47.998Z ["[Lighter] Styles routed to \"/a.css\". \u001b[90mx1\u001b[39m"]
INFO 2014-11-10T21:23:48.005Z ["[Lighter] Styles routed to \"/a.css\". \u001b[90mx1\u001b[39m"]
INFO 2014-11-10T21:23:48.006Z ["[Lighter] Styles routed to \"/a.css\". \u001b[90mx1\u001b[39m"]
INFO 2014-11-10T21:23:48.009Z ["[Lighter] Scripts routed to \"/a.js\". \u001b[90mx1\u001b[39m"]
INFO 2014-11-10T21:23:48.012Z ["[Lighter] Styles routed to \"/a.css\". \u001b[90mx1\u001b[39m"]
INFO 2014-11-10T21:23:48.012Z ["[Lighter] Scripts routed to \"/a.js\". \u001b[90mx1\u001b[39m"]
INFO 2014-11-10T21:23:48.030Z ["[Lighter] Styles routed to \"/a.css\". \u001b[90mx1\u001b[39m"]
INFO 2014-11-10T21:23:48.030Z ["[Lighter] Scripts routed to \"/a.js\". \u001b[90mx1\u001b[39m"]
INFO 2014-11-10T21:23:48.038Z ["[Lighter] Styles routed to \"/a.css\". \u001b[90mx1\u001b[39m"]
INFO 2014-11-10T21:23:48.039Z ["[Lighter] Styles routed to \"/a.css\". \u001b[90mx1\u001b[39m"]
INFO 2014-11-10T21:23:48.096Z ["[Lighter] Scripts routed to \"/a.js\". \u001b[90mx1\u001b[39m"]
INFO 2014-11-10T21:23:48.099Z ["[Lighter] Styles routed to \"/a.css\". \u001b[90mx1\u001b[39m"]
INFO 2014-11-10T21:23:49.785Z ["[Lighter] Publics loaded. \u001b[90mx48\u001b[39m"]
INFO 2014-11-10T21:23:49.785Z ["[Lighter] Publics loaded. \u001b[90mx48\u001b[39m"]
INFO 2014-11-10T21:23:49.814Z ["[Lighter] Publics loaded. \u001b[90mx48\u001b[39m"]
INFO 2014-11-10T21:23:49.936Z ["[Lighter] Publics loaded. \u001b[90mx48\u001b[39m"]
INFO 2014-11-10T21:23:50.010Z ["[Lighter] Publics loaded. \u001b[90mx48\u001b[39m"]
INFO 2014-11-10T21:23:51.506Z ["[Lighter] Views loaded. \u001b[90mx30\u001b[39m"]
INFO 2014-11-10T21:23:51.516Z ["[Lighter] Views loaded. \u001b[90mx30\u001b[39m"]
INFO 2014-11-10T21:23:51.704Z ["[Lighter] Views loaded. \u001b[90mx30\u001b[39m"]
INFO 2014-11-10T21:23:51.732Z ["[Lighter] Views loaded. \u001b[90mx30\u001b[39m"]
INFO 2014-11-10T21:23:51.754Z ["[D6] Views routed to \"/d6.js\"."]
INFO 2014-11-10T21:23:51.780Z ["[Lighter] Views loaded. \u001b[90mx30\u001b[39m"]
INFO 2014-11-10T21:23:51.795Z ["[D6] Views routed to \"/d6.js\"."]
INFO 2014-11-10T21:23:51.806Z ["[Lighter] Views loaded. \u001b[90mx30\u001b[39m"]
INFO 2014-11-10T21:23:51.820Z ["[D6] Views routed to \"/d6.js\"."]
INFO 2014-11-10T21:23:51.827Z ["[Lighter] Publics loaded. \u001b[90mx48\u001b[39m"]
INFO 2014-11-10T21:23:51.855Z ["[Lighter] Views loaded. \u001b[90mx30\u001b[39m"]
INFO 2014-11-10T21:23:51.855Z ["[D6] Views routed to \"/d6.js\"."]
INFO 2014-11-10T21:23:51.876Z ["[D6] Views routed to \"/d6.js\"."]
INFO 2014-11-10T21:23:51.883Z ["[Lighter] Publics loaded. \u001b[90mx48\u001b[39m"]
INFO 2014-11-10T21:23:51.887Z ["[Lighter] Publics loaded. \u001b[90mx48\u001b[39m"]
INFO 2014-11-10T21:23:51.903Z ["[D6] Views routed to \"/d6.js\"."]
INFO 2014-11-10T21:23:51.910Z ["[D6] Views routed to \"/d6.js\"."]
INFO 2014-11-10T21:23:51.949Z ["[Lighter] Views loaded. \u001b[90mx30\u001b[39m"]
INFO 2014-11-10T21:23:51.967Z ["[D6] Views routed to \"/d6.js\"."]
