WARN 2014-12-01T18:27:10.070Z ["[Lighter] Change: \u001b[36m~/Workspace/lighter/package.json\u001b[39m."]
INFO 2014-12-01T18:27:10.836Z ["[Lighter] Models loaded. \u001b[90mx0\u001b[39m"]
INFO 2014-12-01T18:27:10.844Z ["[Lighter] Scripts routed to \u001b[36m/sly.js\u001b[39m. \u001b[90mx1\u001b[39m"]
INFO 2014-12-01T18:27:10.845Z ["[Lighter] Styles routed to \u001b[36m/sly.css\u001b[39m. \u001b[90mx1\u001b[39m"]
INFO 2014-12-01T18:27:10.847Z ["[Lighter] Controllers loaded. \u001b[90mx2\u001b[39m"]
INFO 2014-12-01T18:27:10.865Z ["[Lighter] Scripts routed to \u001b[36m/a.js\u001b[39m. \u001b[90mx1\u001b[39m"]
INFO 2014-12-01T18:27:10.867Z ["[Lighter] Styles routed to \u001b[36m/a.css\u001b[39m. \u001b[90mx1\u001b[39m"]
INFO 2014-12-01T18:27:12.926Z ["[Lighter] Views loaded. \u001b[90mx30\u001b[39m"]
INFO 2014-12-01T18:27:12.996Z ["[Lighter] Publics loaded. \u001b[90mx48\u001b[39m"]
INFO 2014-12-01T18:27:13.010Z ["[D6] Views routed to \u001b[36m/d6.js\u001b[39m."]
WARN 2014-12-01T18:27:31.328Z ["[Lighter] Change: \u001b[36m~/Workspace/lighter/HISTORY.md\u001b[39m."]
INFO 2014-12-01T18:27:32.089Z ["[Lighter] Models loaded. \u001b[90mx0\u001b[39m"]
INFO 2014-12-01T18:27:32.097Z ["[Lighter] Scripts routed to \u001b[36m/sly.js\u001b[39m. \u001b[90mx1\u001b[39m"]
INFO 2014-12-01T18:27:32.098Z ["[Lighter] Styles routed to \u001b[36m/sly.css\u001b[39m. \u001b[90mx1\u001b[39m"]
INFO 2014-12-01T18:27:32.100Z ["[Lighter] Controllers loaded. \u001b[90mx2\u001b[39m"]
INFO 2014-12-01T18:27:32.112Z ["[Lighter] Scripts routed to \u001b[36m/a.js\u001b[39m. \u001b[90mx1\u001b[39m"]
INFO 2014-12-01T18:27:32.116Z ["[Lighter] Styles routed to \u001b[36m/a.css\u001b[39m. \u001b[90mx1\u001b[39m"]
INFO 2014-12-01T18:27:33.103Z ["[Lighter] Views loaded. \u001b[90mx30\u001b[39m"]
INFO 2014-12-01T18:27:34.220Z ["[Lighter] Publics loaded. \u001b[90mx48\u001b[39m"]
INFO 2014-12-01T18:27:34.234Z ["[D6] Views routed to \u001b[36m/d6.js\u001b[39m."]
