WARN 2014-12-01T18:51:25.879Z ["[Lighter] Change: \u001b[36m~/Workspace/lighter/lib/model.js\u001b[39m."]
INFO 2014-12-01T18:51:26.652Z ["[Lighter] Models loaded. \u001b[90mx0\u001b[39m"]
INFO 2014-12-01T18:51:26.659Z ["[Lighter] Scripts routed to \u001b[36m/sly.js\u001b[39m. \u001b[90mx1\u001b[39m"]
INFO 2014-12-01T18:51:26.660Z ["[Lighter] Styles routed to \u001b[36m/sly.css\u001b[39m. \u001b[90mx1\u001b[39m"]
INFO 2014-12-01T18:51:26.662Z ["[Lighter] Controllers loaded. \u001b[90mx2\u001b[39m"]
INFO 2014-12-01T18:51:26.680Z ["[Lighter] Scripts routed to \u001b[36m/a.js\u001b[39m. \u001b[90mx1\u001b[39m"]
INFO 2014-12-01T18:51:26.704Z ["[Lighter] Styles routed to \u001b[36m/a.css\u001b[39m. \u001b[90mx1\u001b[39m"]
INFO 2014-12-01T18:51:27.910Z ["[Lighter] Publics loaded. \u001b[90mx48\u001b[39m"]
INFO 2014-12-01T18:51:28.853Z ["[Lighter] Views loaded. \u001b[90mx30\u001b[39m"]
INFO 2014-12-01T18:51:28.866Z ["[D6] Views routed to \u001b[36m/d6.js\u001b[39m."]
WARN 2014-12-01T18:51:34.514Z ["[Lighter] Change: \u001b[36m~/Workspace/lighter/lib/controller.js\u001b[39m."]
INFO 2014-12-01T18:51:35.290Z ["[Lighter] Models loaded. \u001b[90mx0\u001b[39m"]
INFO 2014-12-01T18:51:35.299Z ["[Lighter] Scripts routed to \u001b[36m/sly.js\u001b[39m. \u001b[90mx1\u001b[39m"]
INFO 2014-12-01T18:51:35.300Z ["[Lighter] Styles routed to \u001b[36m/sly.css\u001b[39m. \u001b[90mx1\u001b[39m"]
INFO 2014-12-01T18:51:35.303Z ["[Lighter] Controllers loaded. \u001b[90mx2\u001b[39m"]
INFO 2014-12-01T18:51:35.318Z ["[Lighter] Scripts routed to \u001b[36m/a.js\u001b[39m. \u001b[90mx1\u001b[39m"]
INFO 2014-12-01T18:51:35.321Z ["[Lighter] Styles routed to \u001b[36m/a.css\u001b[39m. \u001b[90mx1\u001b[39m"]
INFO 2014-12-01T18:51:37.363Z ["[Lighter] Views loaded. \u001b[90mx30\u001b[39m"]
INFO 2014-12-01T18:51:37.428Z ["[Lighter] Publics loaded. \u001b[90mx48\u001b[39m"]
INFO 2014-12-01T18:51:37.442Z ["[D6] Views routed to \u001b[36m/d6.js\u001b[39m."]
