WARN 2014-12-01T18:40:00.340Z ["[Lighter] Change: \u001b[36m~/Workspace/lighter/lib/controller.js\u001b[39m."]
INFO 2014-12-01T18:40:01.106Z ["[Lighter] Models loaded. \u001b[90mx0\u001b[39m"]
INFO 2014-12-01T18:40:01.116Z ["[Lighter] Scripts routed to \u001b[36m/sly.js\u001b[39m. \u001b[90mx1\u001b[39m"]
INFO 2014-12-01T18:40:01.117Z ["[Lighter] Styles routed to \u001b[36m/sly.css\u001b[39m. \u001b[90mx1\u001b[39m"]
INFO 2014-12-01T18:40:01.121Z ["[Lighter] Controllers loaded. \u001b[90mx2\u001b[39m"]
INFO 2014-12-01T18:40:01.137Z ["[Lighter] Scripts routed to \u001b[36m/a.js\u001b[39m. \u001b[90mx1\u001b[39m"]
INFO 2014-12-01T18:40:01.154Z ["[Lighter] Styles routed to \u001b[36m/a.css\u001b[39m. \u001b[90mx1\u001b[39m"]
INFO 2014-12-01T18:40:02.992Z ["[Lighter] Views loaded. \u001b[90mx30\u001b[39m"]
INFO 2014-12-01T18:40:03.233Z ["[Lighter] Publics loaded. \u001b[90mx48\u001b[39m"]
INFO 2014-12-01T18:40:03.248Z ["[D6] Views routed to \u001b[36m/d6.js\u001b[39m."]
WARN 2014-12-01T18:40:18.411Z ["[Lighter] Change: \u001b[36m~/Workspace/lighter/lib/controller.js\u001b[39m."]
INFO 2014-12-01T18:40:19.173Z ["[Lighter] Models loaded. \u001b[90mx0\u001b[39m"]
INFO 2014-12-01T18:40:19.181Z ["[Lighter] Scripts routed to \u001b[36m/sly.js\u001b[39m. \u001b[90mx1\u001b[39m"]
INFO 2014-12-01T18:40:19.182Z ["[Lighter] Styles routed to \u001b[36m/sly.css\u001b[39m. \u001b[90mx1\u001b[39m"]
INFO 2014-12-01T18:40:19.186Z ["[Lighter] Controllers loaded. \u001b[90mx2\u001b[39m"]
INFO 2014-12-01T18:40:19.224Z ["[Lighter] Scripts routed to \u001b[36m/a.js\u001b[39m. \u001b[90mx1\u001b[39m"]
INFO 2014-12-01T18:40:19.225Z ["[Lighter] Styles routed to \u001b[36m/a.css\u001b[39m. \u001b[90mx1\u001b[39m"]
INFO 2014-12-01T18:40:20.925Z ["[Lighter] Views loaded. \u001b[90mx30\u001b[39m"]
INFO 2014-12-01T18:40:21.136Z ["[Lighter] Publics loaded. \u001b[90mx48\u001b[39m"]
INFO 2014-12-01T18:40:21.150Z ["[D6] Views routed to \u001b[36m/d6.js\u001b[39m."]
WARN 2014-12-01T18:40:40.729Z ["[Lighter] Change: \u001b[36m~/Workspace/lighter/lib/controller.js\u001b[39m."]
INFO 2014-12-01T18:40:41.480Z ["[Lighter] Models loaded. \u001b[90mx0\u001b[39m"]
INFO 2014-12-01T18:40:41.489Z ["[Lighter] Scripts routed to \u001b[36m/sly.js\u001b[39m. \u001b[90mx1\u001b[39m"]
INFO 2014-12-01T18:40:41.490Z ["[Lighter] Styles routed to \u001b[36m/sly.css\u001b[39m. \u001b[90mx1\u001b[39m"]
INFO 2014-12-01T18:40:41.491Z ["index","GET"]
INFO 2014-12-01T18:40:41.492Z ["beams","GET"]
INFO 2014-12-01T18:40:41.492Z ["chug","GET"]
INFO 2014-12-01T18:40:41.492Z ["exam","GET"]
INFO 2014-12-01T18:40:41.492Z ["jymin","GET"]
INFO 2014-12-01T18:40:41.493Z ["ltl","GET"]
INFO 2014-12-01T18:40:41.493Z ["plans","GET"]
INFO 2014-12-01T18:40:41.493Z ["seattle","GET"]
INFO 2014-12-01T18:40:41.493Z ["shield","GET"]
INFO 2014-12-01T18:40:41.493Z ["splode","GET"]
INFO 2014-12-01T18:40:41.494Z ["za","GET"]
INFO 2014-12-01T18:40:41.494Z ["index","GET"]
INFO 2014-12-01T18:40:41.494Z ["[Lighter] Controllers loaded. \u001b[90mx2\u001b[39m"]
INFO 2014-12-01T18:40:41.508Z ["[Lighter] Scripts routed to \u001b[36m/a.js\u001b[39m. \u001b[90mx1\u001b[39m"]
INFO 2014-12-01T18:40:41.511Z ["[Lighter] Styles routed to \u001b[36m/a.css\u001b[39m. \u001b[90mx1\u001b[39m"]
INFO 2014-12-01T18:40:43.632Z ["[Lighter] Views loaded. \u001b[90mx30\u001b[39m"]
INFO 2014-12-01T18:40:43.750Z ["[Lighter] Publics loaded. \u001b[90mx48\u001b[39m"]
INFO 2014-12-01T18:40:43.765Z ["[D6] Views routed to \u001b[36m/d6.js\u001b[39m."]
