INFO 2015-01-09T18:51:57.761Z ["[Lighter] Connected to memcache."]
INFO 2015-01-09T18:51:57.768Z ["[Lighter] Models loaded. \u001b[90mx0\u001b[39m"]
INFO 2015-01-09T18:51:57.779Z ["[Ringer] Peer \u001b[36mBunny.local:12300\u001b[39m is listening."]
INFO 2015-01-09T18:51:57.790Z ["[Lighter] Connected to memcache."]
INFO 2015-01-09T18:51:57.794Z ["[Lighter] Connected to memcache."]
INFO 2015-01-09T18:51:57.803Z ["[Lighter] Models loaded. \u001b[90mx0\u001b[39m"]
INFO 2015-01-09T18:51:57.810Z ["[Lighter] Connected to memcache."]
INFO 2015-01-09T18:51:57.812Z ["[Lighter] Models loaded. \u001b[90mx0\u001b[39m"]
INFO 2015-01-09T18:51:57.818Z ["[Ringer] Peer \u001b[36mBunny.local:12306\u001b[39m is listening."]
INFO 2015-01-09T18:51:57.821Z ["[Lighter] Models loaded. \u001b[90mx0\u001b[39m"]
INFO 2015-01-09T18:51:57.822Z ["[Ringer] Peer \u001b[36mBunny.local:12307\u001b[39m is listening."]
INFO 2015-01-09T18:51:57.823Z ["[Lighter] Connected to memcache."]
INFO 2015-01-09T18:51:57.829Z ["[Lighter] Models loaded. \u001b[90mx0\u001b[39m"]
INFO 2015-01-09T18:51:57.830Z ["[Lighter] Connected to memcache."]
INFO 2015-01-09T18:51:57.833Z ["[Ringer] Peer \u001b[36mBunny.local:12302\u001b[39m is listening."]
INFO 2015-01-09T18:51:57.835Z ["[Lighter] Connected to memcache."]
INFO 2015-01-09T18:51:57.837Z ["[Lighter] Models loaded. \u001b[90mx0\u001b[39m"]
INFO 2015-01-09T18:51:57.839Z ["[Ringer] Peer \u001b[36mBunny.local:12304\u001b[39m is listening."]
INFO 2015-01-09T18:51:57.840Z ["[Lighter] Models loaded. \u001b[90mx0\u001b[39m"]
INFO 2015-01-09T18:51:57.845Z ["[Ringer] Peer \u001b[36mBunny.local:12301\u001b[39m is listening."]
INFO 2015-01-09T18:51:57.849Z ["[Ringer] Peer \u001b[36mBunny.local:12303\u001b[39m is listening."]
INFO 2015-01-09T18:51:57.858Z ["[Lighter] Connected to memcache."]
INFO 2015-01-09T18:51:57.863Z ["[Lighter] Models loaded. \u001b[90mx0\u001b[39m"]
INFO 2015-01-09T18:51:57.873Z ["[Ringer] Peer \u001b[36mBunny.local:12305\u001b[39m is listening."]
INFO 2015-01-09T18:51:58.069Z ["[Lighter] Scripts routed to \u001b[36m/sly.js\u001b[39m. \u001b[90mx1\u001b[39m"]
INFO 2015-01-09T18:51:58.069Z ["[Lighter] Styles routed to \u001b[36m/sly.css\u001b[39m. \u001b[90mx1\u001b[39m"]
INFO 2015-01-09T18:51:58.069Z ["[Lighter] Scripts routed to \u001b[36m/sly.js\u001b[39m. \u001b[90mx1\u001b[39m"]
INFO 2015-01-09T18:51:58.069Z ["[Lighter] Scripts routed to \u001b[36m/sly.js\u001b[39m. \u001b[90mx1\u001b[39m"]
INFO 2015-01-09T18:51:58.070Z ["[Lighter] Styles routed to \u001b[36m/sly.css\u001b[39m. \u001b[90mx1\u001b[39m"]
INFO 2015-01-09T18:51:58.070Z ["[Lighter] Styles routed to \u001b[36m/sly.css\u001b[39m. \u001b[90mx1\u001b[39m"]
INFO 2015-01-09T18:51:58.074Z ["[Lighter] Controllers loaded. \u001b[90mx2\u001b[39m"]
INFO 2015-01-09T18:51:58.076Z ["[Lighter] Scripts routed to \u001b[36m/sly.js\u001b[39m. \u001b[90mx1\u001b[39m"]
INFO 2015-01-09T18:51:58.077Z ["[Lighter] Styles routed to \u001b[36m/sly.css\u001b[39m. \u001b[90mx1\u001b[39m"]
INFO 2015-01-09T18:51:58.078Z ["[Lighter] Styles routed to \u001b[36m/a.css\u001b[39m. \u001b[90mx1\u001b[39m"]
INFO 2015-01-09T18:51:58.079Z ["[Lighter] Scripts routed to \u001b[36m/sly.js\u001b[39m. \u001b[90mx1\u001b[39m"]
INFO 2015-01-09T18:51:58.079Z ["[Lighter] Styles routed to \u001b[36m/sly.css\u001b[39m. \u001b[90mx1\u001b[39m"]
INFO 2015-01-09T18:51:58.081Z ["[Lighter] Scripts routed to \u001b[36m/a.js\u001b[39m. \u001b[90mx1\u001b[39m"]
INFO 2015-01-09T18:51:58.084Z ["[Lighter] Controllers loaded. \u001b[90mx2\u001b[39m"]
INFO 2015-01-09T18:51:58.086Z ["[Lighter] Controllers loaded. \u001b[90mx2\u001b[39m"]
INFO 2015-01-09T18:51:58.088Z ["[Lighter] Controllers loaded. \u001b[90mx2\u001b[39m"]
INFO 2015-01-09T18:51:58.089Z ["[Lighter] Scripts routed to \u001b[36m/sly.js\u001b[39m. \u001b[90mx1\u001b[39m"]
INFO 2015-01-09T18:51:58.089Z ["[Lighter] Styles routed to \u001b[36m/sly.css\u001b[39m. \u001b[90mx1\u001b[39m"]
INFO 2015-01-09T18:51:58.090Z ["[Lighter] Scripts routed to \u001b[36m/a.js\u001b[39m. \u001b[90mx1\u001b[39m"]
INFO 2015-01-09T18:51:58.091Z ["[Lighter] Controllers loaded. \u001b[90mx2\u001b[39m"]
INFO 2015-01-09T18:51:58.091Z ["[Lighter] Styles routed to \u001b[36m/a.css\u001b[39m. \u001b[90mx1\u001b[39m"]
INFO 2015-01-09T18:51:58.092Z ["[Lighter] Scripts routed to \u001b[36m/sly.js\u001b[39m. \u001b[90mx1\u001b[39m"]
INFO 2015-01-09T18:51:58.092Z ["[Lighter] Styles routed to \u001b[36m/sly.css\u001b[39m. \u001b[90mx1\u001b[39m"]
INFO 2015-01-09T18:51:58.093Z ["[Lighter] Scripts routed to \u001b[36m/sly.js\u001b[39m. \u001b[90mx1\u001b[39m"]
INFO 2015-01-09T18:51:58.094Z ["[Lighter] Styles routed to \u001b[36m/sly.css\u001b[39m. \u001b[90mx1\u001b[39m"]
INFO 2015-01-09T18:51:58.095Z ["[Lighter] Controllers loaded. \u001b[90mx2\u001b[39m"]
INFO 2015-01-09T18:51:58.095Z ["[Lighter] Scripts routed to \u001b[36m/a.js\u001b[39m. \u001b[90mx1\u001b[39m"]
INFO 2015-01-09T18:51:58.096Z ["[Lighter] Scripts routed to \u001b[36m/a.js\u001b[39m. \u001b[90mx1\u001b[39m"]
INFO 2015-01-09T18:51:58.097Z ["[Lighter] Styles routed to \u001b[36m/a.css\u001b[39m. \u001b[90mx1\u001b[39m"]
INFO 2015-01-09T18:51:58.097Z ["[Lighter] Styles routed to \u001b[36m/a.css\u001b[39m. \u001b[90mx1\u001b[39m"]
INFO 2015-01-09T18:51:58.098Z ["[Lighter] Controllers loaded. \u001b[90mx2\u001b[39m"]
INFO 2015-01-09T18:51:58.099Z ["[Lighter] Scripts routed to \u001b[36m/a.js\u001b[39m. \u001b[90mx1\u001b[39m"]
INFO 2015-01-09T18:51:58.099Z ["[Lighter] Controllers loaded. \u001b[90mx2\u001b[39m"]
INFO 2015-01-09T18:51:58.102Z ["[Lighter] Styles routed to \u001b[36m/a.css\u001b[39m. \u001b[90mx1\u001b[39m"]
INFO 2015-01-09T18:51:58.102Z ["[Lighter] Scripts routed to \u001b[36m/a.js\u001b[39m. \u001b[90mx1\u001b[39m"]
INFO 2015-01-09T18:51:58.104Z ["[Lighter] Styles routed to \u001b[36m/a.css\u001b[39m. \u001b[90mx1\u001b[39m"]
INFO 2015-01-09T18:51:58.105Z ["[Lighter] Scripts routed to \u001b[36m/a.js\u001b[39m. \u001b[90mx1\u001b[39m"]
INFO 2015-01-09T18:51:58.105Z ["[Lighter] Scripts routed to \u001b[36m/a.js\u001b[39m. \u001b[90mx1\u001b[39m"]
INFO 2015-01-09T18:51:58.106Z ["[Lighter] Styles routed to \u001b[36m/a.css\u001b[39m. \u001b[90mx1\u001b[39m"]
INFO 2015-01-09T18:51:58.112Z ["[Lighter] Styles routed to \u001b[36m/a.css\u001b[39m. \u001b[90mx1\u001b[39m"]
INFO 2015-01-09T18:51:59.651Z ["[Lighter] Publics loaded. \u001b[90mx48\u001b[39m"]
