WARN 2014-11-11T23:13:25.758Z ["[Lighter] Exiting due to file change in \"node_modules/cedar/common/event/emitter.js\"."]
WARN 2014-11-11T23:13:25.759Z ["[Lighter] Exiting due to file change in \"node_modules/cedar/common/event/emitter.js\"."]
WARN 2014-11-11T23:13:25.759Z ["[Lighter] Exiting due to file change in \"node_modules/cedar/common/event/emitter.js\"."]
WARN 2014-11-11T23:13:25.759Z ["[Lighter] Exiting due to file change in \"node_modules/cedar/common/event/emitter.js\"."]
WARN 2014-11-11T23:13:25.759Z ["[Lighter] Exiting due to file change in \"node_modules/cedar/common/event/emitter.js\"."]
WARN 2014-11-11T23:13:25.759Z ["[Lighter] Exiting due to file change in \"node_modules/cedar/common/event/emitter.js\"."]
WARN 2014-11-11T23:13:25.759Z ["[Lighter] Exiting due to file change in \"node_modules/cedar/common/event/emitter.js\"."]
WARN 2014-11-11T23:13:25.759Z ["[Lighter] Exiting due to file change in \"node_modules/cedar/common/event/emitter.js\"."]
ERROR 2014-11-11T23:13:25.828Z ["Worker 98676 died."]
INFO 2014-11-11T23:13:26.973Z ["[Lighter] Models loaded. \u001b[90mx0\u001b[39m"]
INFO 2014-11-11T23:13:26.974Z ["[Lighter] Models loaded. \u001b[90mx0\u001b[39m"]
INFO 2014-11-11T23:13:26.975Z ["[Lighter] Models loaded. \u001b[90mx0\u001b[39m"]
INFO 2014-11-11T23:13:26.976Z ["[Lighter] Models loaded. \u001b[90mx0\u001b[39m"]
INFO 2014-11-11T23:13:26.979Z ["[Lighter] Models loaded. \u001b[90mx0\u001b[39m"]
INFO 2014-11-11T23:13:26.979Z ["[Lighter] Models loaded. \u001b[90mx0\u001b[39m"]
INFO 2014-11-11T23:13:26.982Z ["[Lighter] Models loaded. \u001b[90mx0\u001b[39m"]
INFO 2014-11-11T23:13:26.987Z ["[Lighter] Models loaded. \u001b[90mx0\u001b[39m"]
INFO 2014-11-11T23:13:27.007Z ["[Lighter] Scripts routed to \"/sly.js\". \u001b[90mx1\u001b[39m"]
INFO 2014-11-11T23:13:27.009Z ["[Lighter] Styles routed to \"/sly.css\". \u001b[90mx1\u001b[39m"]
INFO 2014-11-11T23:13:27.010Z ["[Lighter] Scripts routed to \"/sly.js\". \u001b[90mx1\u001b[39m"]
INFO 2014-11-11T23:13:27.011Z ["[Lighter] Styles routed to \"/sly.css\". \u001b[90mx1\u001b[39m"]
INFO 2014-11-11T23:13:27.012Z ["[Lighter] Scripts routed to \"/sly.js\". \u001b[90mx1\u001b[39m"]
INFO 2014-11-11T23:13:27.012Z ["[Lighter] Controllers loaded. \u001b[90mx2\u001b[39m"]
INFO 2014-11-11T23:13:27.013Z ["[Lighter] Scripts routed to \"/sly.js\". \u001b[90mx1\u001b[39m"]
INFO 2014-11-11T23:13:27.014Z ["[Lighter] Styles routed to \"/sly.css\". \u001b[90mx1\u001b[39m"]
INFO 2014-11-11T23:13:27.014Z ["[Lighter] Controllers loaded. \u001b[90mx2\u001b[39m"]
INFO 2014-11-11T23:13:27.014Z ["[Lighter] Styles routed to \"/sly.css\". \u001b[90mx1\u001b[39m"]
INFO 2014-11-11T23:13:27.015Z ["[Lighter] Scripts routed to \"/sly.js\". \u001b[90mx1\u001b[39m"]
INFO 2014-11-11T23:13:27.016Z ["[Lighter] Styles routed to \"/sly.css\". \u001b[90mx1\u001b[39m"]
INFO 2014-11-11T23:13:27.017Z ["[Lighter] Scripts routed to \"/sly.js\". \u001b[90mx1\u001b[39m"]
INFO 2014-11-11T23:13:27.017Z ["[Lighter] Controllers loaded. \u001b[90mx2\u001b[39m"]
INFO 2014-11-11T23:13:27.017Z ["[Lighter] Controllers loaded. \u001b[90mx2\u001b[39m"]
INFO 2014-11-11T23:13:27.018Z ["[Lighter] Styles routed to \"/sly.css\". \u001b[90mx1\u001b[39m"]
INFO 2014-11-11T23:13:27.019Z ["[Lighter] Controllers loaded. \u001b[90mx2\u001b[39m"]
INFO 2014-11-11T23:13:27.020Z ["[Lighter] Scripts routed to \"/sly.js\". \u001b[90mx1\u001b[39m"]
INFO 2014-11-11T23:13:27.021Z ["[Lighter] Styles routed to \"/sly.css\". \u001b[90mx1\u001b[39m"]
INFO 2014-11-11T23:13:27.022Z ["[Lighter] Controllers loaded. \u001b[90mx2\u001b[39m"]
INFO 2014-11-11T23:13:27.024Z ["[Lighter] Controllers loaded. \u001b[90mx2\u001b[39m"]
INFO 2014-11-11T23:13:27.025Z ["[Lighter] Scripts routed to \"/sly.js\". \u001b[90mx1\u001b[39m"]
INFO 2014-11-11T23:13:27.026Z ["[Lighter] Styles routed to \"/sly.css\". \u001b[90mx1\u001b[39m"]
INFO 2014-11-11T23:13:27.029Z ["[Lighter] Controllers loaded. \u001b[90mx2\u001b[39m"]
INFO 2014-11-11T23:13:27.036Z ["[Lighter] Scripts routed to \"/a.js\". \u001b[90mx1\u001b[39m"]
INFO 2014-11-11T23:13:27.036Z ["[Lighter] Scripts routed to \"/a.js\". \u001b[90mx1\u001b[39m"]
INFO 2014-11-11T23:13:27.041Z ["[Lighter] Scripts routed to \"/a.js\". \u001b[90mx1\u001b[39m"]
INFO 2014-11-11T23:13:27.041Z ["[Lighter] Styles routed to \"/a.css\". \u001b[90mx1\u001b[39m"]
INFO 2014-11-11T23:13:27.045Z ["[Lighter] Styles routed to \"/a.css\". \u001b[90mx1\u001b[39m"]
INFO 2014-11-11T23:13:27.047Z ["[Lighter] Scripts routed to \"/a.js\". \u001b[90mx1\u001b[39m"]
INFO 2014-11-11T23:13:27.055Z ["[Lighter] Scripts routed to \"/a.js\". \u001b[90mx1\u001b[39m"]
INFO 2014-11-11T23:13:27.057Z ["[Lighter] Scripts routed to \"/a.js\". \u001b[90mx1\u001b[39m"]
INFO 2014-11-11T23:13:27.064Z ["[Lighter] Scripts routed to \"/a.js\". \u001b[90mx1\u001b[39m"]
INFO 2014-11-11T23:13:27.069Z ["[Lighter] Scripts routed to \"/a.js\". \u001b[90mx1\u001b[39m"]
INFO 2014-11-11T23:13:27.081Z ["[Lighter] Styles routed to \"/a.css\". \u001b[90mx1\u001b[39m"]
INFO 2014-11-11T23:13:27.085Z ["[Lighter] Styles routed to \"/a.css\". \u001b[90mx1\u001b[39m"]
INFO 2014-11-11T23:13:27.085Z ["[Lighter] Styles routed to \"/a.css\". \u001b[90mx1\u001b[39m"]
INFO 2014-11-11T23:13:27.090Z ["[Lighter] Styles routed to \"/a.css\". \u001b[90mx1\u001b[39m"]
INFO 2014-11-11T23:13:27.093Z ["[Lighter] Styles routed to \"/a.css\". \u001b[90mx1\u001b[39m"]
INFO 2014-11-11T23:13:27.094Z ["[Lighter] Styles routed to \"/a.css\". \u001b[90mx1\u001b[39m"]
INFO 2014-11-11T23:13:28.765Z ["[Lighter] Publics loaded. \u001b[90mx48\u001b[39m"]
INFO 2014-11-11T23:13:28.784Z ["[Lighter] Publics loaded. \u001b[90mx48\u001b[39m"]
INFO 2014-11-11T23:13:28.792Z ["[Lighter] Publics loaded. \u001b[90mx48\u001b[39m"]
INFO 2014-11-11T23:13:28.809Z ["[Lighter] Publics loaded. \u001b[90mx48\u001b[39m"]
INFO 2014-11-11T23:13:28.842Z ["[Lighter] Publics loaded. \u001b[90mx48\u001b[39m"]
INFO 2014-11-11T23:13:30.300Z ["[Lighter] Views loaded. \u001b[90mx30\u001b[39m"]
INFO 2014-11-11T23:13:30.316Z ["[Lighter] Views loaded. \u001b[90mx30\u001b[39m"]
INFO 2014-11-11T23:13:30.449Z ["[Lighter] Views loaded. \u001b[90mx30\u001b[39m"]
INFO 2014-11-11T23:13:30.463Z ["[Lighter] Publics loaded. \u001b[90mx48\u001b[39m"]
INFO 2014-11-11T23:13:30.475Z ["[Lighter] Publics loaded. \u001b[90mx48\u001b[39m"]
INFO 2014-11-11T23:13:30.517Z ["[D6] Views routed to \"/d6.js\"."]
INFO 2014-11-11T23:13:30.523Z ["[D6] Views routed to \"/d6.js\"."]
INFO 2014-11-11T23:13:30.554Z ["[Lighter] Publics loaded. \u001b[90mx48\u001b[39m"]
INFO 2014-11-11T23:13:30.560Z ["[Lighter] Views loaded. \u001b[90mx30\u001b[39m"]
INFO 2014-11-11T23:13:30.592Z ["[D6] Views routed to \"/d6.js\"."]
INFO 2014-11-11T23:13:30.598Z ["[D6] Views routed to \"/d6.js\"."]
INFO 2014-11-11T23:13:30.604Z ["[Lighter] Views loaded. \u001b[90mx30\u001b[39m"]
INFO 2014-11-11T23:13:30.606Z ["[Lighter] Views loaded. \u001b[90mx30\u001b[39m"]
INFO 2014-11-11T23:13:30.625Z ["[Lighter] Views loaded. \u001b[90mx30\u001b[39m"]
INFO 2014-11-11T23:13:30.630Z ["[D6] Views routed to \"/d6.js\"."]
INFO 2014-11-11T23:13:30.630Z ["[D6] Views routed to \"/d6.js\"."]
INFO 2014-11-11T23:13:30.643Z ["[D6] Views routed to \"/d6.js\"."]
INFO 2014-11-11T23:13:30.646Z ["[Lighter] Views loaded. \u001b[90mx30\u001b[39m"]
INFO 2014-11-11T23:13:30.663Z ["[D6] Views routed to \"/d6.js\"."]
