WARN 2014-11-11T23:20:01.780Z ["[Lighter] Exiting due to file change in \"node_modules/lighter/lib/App.js\"."]
WARN 2014-11-11T23:20:01.781Z ["[Lighter] Exiting due to file change in \"node_modules/lighter/lib/App.js\"."]
WARN 2014-11-11T23:20:01.781Z ["[Lighter] Exiting due to file change in \"node_modules/lighter/lib/App.js\"."]
WARN 2014-11-11T23:20:01.781Z ["[Lighter] Exiting due to file change in \"node_modules/lighter/lib/App.js\"."]
INFO 2014-11-11T23:20:02.932Z ["[Lighter] Models loaded. \u001b[90mx0\u001b[39m"]
INFO 2014-11-11T23:20:02.933Z ["[Lighter] Models loaded. \u001b[90mx0\u001b[39m"]
INFO 2014-11-11T23:20:02.934Z ["[Lighter] Models loaded. \u001b[90mx0\u001b[39m"]
INFO 2014-11-11T23:20:02.939Z ["[Lighter] Models loaded. \u001b[90mx0\u001b[39m"]
INFO 2014-11-11T23:20:02.946Z ["[Lighter] Models loaded. \u001b[90mx0\u001b[39m"]
INFO 2014-11-11T23:20:02.949Z ["[Lighter] Models loaded. \u001b[90mx0\u001b[39m"]
INFO 2014-11-11T23:20:02.954Z ["[Lighter] Models loaded. \u001b[90mx0\u001b[39m"]
INFO 2014-11-11T23:20:02.957Z ["[Lighter] Models loaded. \u001b[90mx0\u001b[39m"]
INFO 2014-11-11T23:20:02.971Z ["[Lighter] Scripts routed to \"/sly.js\". \u001b[90mx1\u001b[39m"]
INFO 2014-11-11T23:20:02.973Z ["[Lighter] Styles routed to \"/sly.css\". \u001b[90mx1\u001b[39m"]
INFO 2014-11-11T23:20:02.975Z ["[Lighter] Scripts routed to \"/sly.js\". \u001b[90mx1\u001b[39m"]
INFO 2014-11-11T23:20:02.976Z ["[Lighter] Controllers loaded. \u001b[90mx2\u001b[39m"]
INFO 2014-11-11T23:20:02.977Z ["[Lighter] Scripts routed to \"/sly.js\". \u001b[90mx1\u001b[39m"]
INFO 2014-11-11T23:20:02.978Z ["[Lighter] Styles routed to \"/sly.css\". \u001b[90mx1\u001b[39m"]
INFO 2014-11-11T23:20:02.978Z ["[Lighter] Styles routed to \"/sly.css\". \u001b[90mx1\u001b[39m"]
INFO 2014-11-11T23:20:02.979Z ["[Lighter] Scripts routed to \"/sly.js\". \u001b[90mx1\u001b[39m"]
INFO 2014-11-11T23:20:02.980Z ["[Lighter] Styles routed to \"/sly.css\". \u001b[90mx1\u001b[39m"]
INFO 2014-11-11T23:20:02.981Z ["[Lighter] Controllers loaded. \u001b[90mx2\u001b[39m"]
INFO 2014-11-11T23:20:02.982Z ["[Lighter] Controllers loaded. \u001b[90mx2\u001b[39m"]
INFO 2014-11-11T23:20:02.984Z ["[Lighter] Controllers loaded. \u001b[90mx2\u001b[39m"]
INFO 2014-11-11T23:20:02.988Z ["[Lighter] Scripts routed to \"/sly.js\". \u001b[90mx1\u001b[39m"]
INFO 2014-11-11T23:20:02.989Z ["[Lighter] Styles routed to \"/sly.css\". \u001b[90mx1\u001b[39m"]
INFO 2014-11-11T23:20:02.990Z ["[Lighter] Scripts routed to \"/sly.js\". \u001b[90mx1\u001b[39m"]
INFO 2014-11-11T23:20:02.992Z ["[Lighter] Controllers loaded. \u001b[90mx2\u001b[39m"]
INFO 2014-11-11T23:20:02.993Z ["[Lighter] Styles routed to \"/sly.css\". \u001b[90mx1\u001b[39m"]
INFO 2014-11-11T23:20:02.993Z ["[Lighter] Scripts routed to \"/sly.js\". \u001b[90mx1\u001b[39m"]
INFO 2014-11-11T23:20:02.994Z ["[Lighter] Styles routed to \"/sly.css\". \u001b[90mx1\u001b[39m"]
INFO 2014-11-11T23:20:02.995Z ["[Lighter] Scripts routed to \"/sly.js\". \u001b[90mx1\u001b[39m"]
INFO 2014-11-11T23:20:02.996Z ["[Lighter] Styles routed to \"/sly.css\". \u001b[90mx1\u001b[39m"]
INFO 2014-11-11T23:20:02.998Z ["[Lighter] Controllers loaded. \u001b[90mx2\u001b[39m"]
INFO 2014-11-11T23:20:02.999Z ["[Lighter] Controllers loaded. \u001b[90mx2\u001b[39m"]
INFO 2014-11-11T23:20:02.999Z ["[Lighter] Controllers loaded. \u001b[90mx2\u001b[39m"]
INFO 2014-11-11T23:20:03.001Z ["[Lighter] Scripts routed to \"/a.js\". \u001b[90mx1\u001b[39m"]
INFO 2014-11-11T23:20:03.006Z ["[Lighter] Styles routed to \"/a.css\". \u001b[90mx1\u001b[39m"]
INFO 2014-11-11T23:20:03.015Z ["[Lighter] Scripts routed to \"/a.js\". \u001b[90mx1\u001b[39m"]
INFO 2014-11-11T23:20:03.027Z ["[Lighter] Styles routed to \"/a.css\". \u001b[90mx1\u001b[39m"]
INFO 2014-11-11T23:20:03.028Z ["[Lighter] Scripts routed to \"/a.js\". \u001b[90mx1\u001b[39m"]
INFO 2014-11-11T23:20:03.035Z ["[Lighter] Styles routed to \"/a.css\". \u001b[90mx1\u001b[39m"]
INFO 2014-11-11T23:20:03.042Z ["[Lighter] Scripts routed to \"/a.js\". \u001b[90mx1\u001b[39m"]
INFO 2014-11-11T23:20:03.044Z ["[Lighter] Styles routed to \"/a.css\". \u001b[90mx1\u001b[39m"]
INFO 2014-11-11T23:20:03.047Z ["[Lighter] Scripts routed to \"/a.js\". \u001b[90mx1\u001b[39m"]
INFO 2014-11-11T23:20:03.047Z ["[Lighter] Scripts routed to \"/a.js\". \u001b[90mx1\u001b[39m"]
INFO 2014-11-11T23:20:03.051Z ["[Lighter] Scripts routed to \"/a.js\". \u001b[90mx1\u001b[39m"]
INFO 2014-11-11T23:20:03.053Z ["[Lighter] Styles routed to \"/a.css\". \u001b[90mx1\u001b[39m"]
INFO 2014-11-11T23:20:03.053Z ["[Lighter] Scripts routed to \"/a.js\". \u001b[90mx1\u001b[39m"]
INFO 2014-11-11T23:20:03.054Z ["[Lighter] Styles routed to \"/a.css\". \u001b[90mx1\u001b[39m"]
INFO 2014-11-11T23:20:03.058Z ["[Lighter] Styles routed to \"/a.css\". \u001b[90mx1\u001b[39m"]
INFO 2014-11-11T23:20:03.082Z ["[Lighter] Styles routed to \"/a.css\". \u001b[90mx1\u001b[39m"]
INFO 2014-11-11T23:20:04.679Z ["[Lighter] Publics loaded. \u001b[90mx48\u001b[39m"]
INFO 2014-11-11T23:20:04.710Z ["[Lighter] Publics loaded. \u001b[90mx48\u001b[39m"]
INFO 2014-11-11T23:20:04.726Z ["[Lighter] Publics loaded. \u001b[90mx48\u001b[39m"]
INFO 2014-11-11T23:20:04.826Z ["[Lighter] Publics loaded. \u001b[90mx48\u001b[39m"]
INFO 2014-11-11T23:20:04.834Z ["[Lighter] Publics loaded. \u001b[90mx48\u001b[39m"]
INFO 2014-11-11T23:20:06.152Z ["[Lighter] Views loaded. \u001b[90mx30\u001b[39m"]
INFO 2014-11-11T23:20:06.243Z ["[Lighter] Publics loaded. \u001b[90mx48\u001b[39m"]
INFO 2014-11-11T23:20:06.267Z ["[Lighter] Views loaded. \u001b[90mx30\u001b[39m"]
INFO 2014-11-11T23:20:06.269Z ["[D6] Views routed to \"/d6.js\"."]
INFO 2014-11-11T23:20:06.280Z ["[Lighter] Views loaded. \u001b[90mx30\u001b[39m"]
INFO 2014-11-11T23:20:06.312Z ["[Lighter] Views loaded. \u001b[90mx30\u001b[39m"]
INFO 2014-11-11T23:20:06.353Z ["[Lighter] Views loaded. \u001b[90mx30\u001b[39m"]
INFO 2014-11-11T23:20:06.362Z ["[Lighter] Views loaded. \u001b[90mx30\u001b[39m"]
INFO 2014-11-11T23:20:06.371Z ["[D6] Views routed to \"/d6.js\"."]
INFO 2014-11-11T23:20:06.383Z ["[Lighter] Publics loaded. \u001b[90mx48\u001b[39m"]
INFO 2014-11-11T23:20:06.385Z ["[Lighter] Publics loaded. \u001b[90mx48\u001b[39m"]
INFO 2014-11-11T23:20:06.424Z ["[D6] Views routed to \"/d6.js\"."]
INFO 2014-11-11T23:20:06.425Z ["[D6] Views routed to \"/d6.js\"."]
INFO 2014-11-11T23:20:06.426Z ["[D6] Views routed to \"/d6.js\"."]
INFO 2014-11-11T23:20:06.429Z ["[D6] Views routed to \"/d6.js\"."]
INFO 2014-11-11T23:20:06.443Z ["[Lighter] Views loaded. \u001b[90mx30\u001b[39m"]
INFO 2014-11-11T23:20:06.452Z ["[Lighter] Views loaded. \u001b[90mx30\u001b[39m"]
INFO 2014-11-11T23:20:06.461Z ["[D6] Views routed to \"/d6.js\"."]
INFO 2014-11-11T23:20:06.471Z ["[D6] Views routed to \"/d6.js\"."]
WARN 2014-11-11T23:20:18.252Z ["[Lighter] Exiting due to file change in \"node_modules/lighter/lib/App.js\"."]
WARN 2014-11-11T23:20:18.253Z ["[Lighter] Exiting due to file change in \"node_modules/lighter/lib/App.js\"."]
WARN 2014-11-11T23:20:18.254Z ["[Lighter] Exiting due to file change in \"node_modules/lighter/lib/App.js\"."]
WARN 2014-11-11T23:20:18.254Z ["[Lighter] Exiting due to file change in \"node_modules/lighter/lib/App.js\"."]
WARN 2014-11-11T23:20:18.254Z ["[Lighter] Exiting due to file change in \"node_modules/lighter/lib/App.js\"."]
WARN 2014-11-11T23:20:18.254Z ["[Lighter] Exiting due to file change in \"node_modules/lighter/lib/App.js\"."]
WARN 2014-11-11T23:20:18.255Z ["[Lighter] Exiting due to file change in \"node_modules/lighter/lib/App.js\"."]
WARN 2014-11-11T23:20:18.255Z ["[Lighter] Exiting due to file change in \"node_modules/lighter/lib/App.js\"."]
ERROR 2014-11-11T23:20:18.286Z ["Worker 99467 died."]
INFO 2014-11-11T23:20:19.414Z ["[Lighter] Models loaded. \u001b[90mx0\u001b[39m"]
INFO 2014-11-11T23:20:19.434Z ["[Lighter] Models loaded. \u001b[90mx0\u001b[39m"]
INFO 2014-11-11T23:20:19.434Z ["[Lighter] Models loaded. \u001b[90mx0\u001b[39m"]
INFO 2014-11-11T23:20:19.440Z ["[Lighter] Models loaded. \u001b[90mx0\u001b[39m"]
INFO 2014-11-11T23:20:19.447Z ["[Lighter] Models loaded. \u001b[90mx0\u001b[39m"]
INFO 2014-11-11T23:20:19.451Z ["[Lighter] Models loaded. \u001b[90mx0\u001b[39m"]
INFO 2014-11-11T23:20:19.453Z ["[Lighter] Models loaded. \u001b[90mx0\u001b[39m"]
INFO 2014-11-11T23:20:19.455Z ["[Lighter] Models loaded. \u001b[90mx0\u001b[39m"]
INFO 2014-11-11T23:20:19.465Z ["[Lighter] Scripts routed to \"/sly.js\". \u001b[90mx1\u001b[39m"]
INFO 2014-11-11T23:20:19.466Z ["[Lighter] Styles routed to \"/sly.css\". \u001b[90mx1\u001b[39m"]
INFO 2014-11-11T23:20:19.469Z ["[Lighter] Controllers loaded. \u001b[90mx2\u001b[39m"]
INFO 2014-11-11T23:20:19.471Z ["[Lighter] Scripts routed to \"/sly.js\". \u001b[90mx1\u001b[39m"]
INFO 2014-11-11T23:20:19.475Z ["[Lighter] Styles routed to \"/sly.css\". \u001b[90mx1\u001b[39m"]
INFO 2014-11-11T23:20:19.482Z ["[Lighter] Controllers loaded. \u001b[90mx2\u001b[39m"]
INFO 2014-11-11T23:20:19.484Z ["[Lighter] Scripts routed to \"/sly.js\". \u001b[90mx1\u001b[39m"]
INFO 2014-11-11T23:20:19.485Z ["[Lighter] Styles routed to \"/sly.css\". \u001b[90mx1\u001b[39m"]
INFO 2014-11-11T23:20:19.488Z ["[Lighter] Controllers loaded. \u001b[90mx2\u001b[39m"]
INFO 2014-11-11T23:20:19.490Z ["[Lighter] Scripts routed to \"/sly.js\". \u001b[90mx1\u001b[39m"]
INFO 2014-11-11T23:20:19.491Z ["[Lighter] Styles routed to \"/sly.css\". \u001b[90mx1\u001b[39m"]
INFO 2014-11-11T23:20:19.495Z ["[Lighter] Controllers loaded. \u001b[90mx2\u001b[39m"]
INFO 2014-11-11T23:20:19.496Z ["[Lighter] Scripts routed to \"/sly.js\". \u001b[90mx1\u001b[39m"]
INFO 2014-11-11T23:20:19.497Z ["[Lighter] Styles routed to \"/sly.css\". \u001b[90mx1\u001b[39m"]
INFO 2014-11-11T23:20:19.498Z ["[Lighter] Scripts routed to \"/sly.js\". \u001b[90mx1\u001b[39m"]
INFO 2014-11-11T23:20:19.498Z ["[Lighter] Scripts routed to \"/sly.js\". \u001b[90mx1\u001b[39m"]
INFO 2014-11-11T23:20:19.499Z ["[Lighter] Styles routed to \"/sly.css\". \u001b[90mx1\u001b[39m"]
INFO 2014-11-11T23:20:19.499Z ["[Lighter] Styles routed to \"/sly.css\". \u001b[90mx1\u001b[39m"]
INFO 2014-11-11T23:20:19.500Z ["[Lighter] Controllers loaded. \u001b[90mx2\u001b[39m"]
INFO 2014-11-11T23:20:19.500Z ["[Lighter] Scripts routed to \"/a.js\". \u001b[90mx1\u001b[39m"]
INFO 2014-11-11T23:20:19.500Z ["[Lighter] Scripts routed to \"/sly.js\". \u001b[90mx1\u001b[39m"]
INFO 2014-11-11T23:20:19.501Z ["[Lighter] Styles routed to \"/sly.css\". \u001b[90mx1\u001b[39m"]
INFO 2014-11-11T23:20:19.503Z ["[Lighter] Controllers loaded. \u001b[90mx2\u001b[39m"]
INFO 2014-11-11T23:20:19.504Z ["[Lighter] Controllers loaded. \u001b[90mx2\u001b[39m"]
INFO 2014-11-11T23:20:19.504Z ["[Lighter] Controllers loaded. \u001b[90mx2\u001b[39m"]
INFO 2014-11-11T23:20:19.506Z ["[Lighter] Styles routed to \"/a.css\". \u001b[90mx1\u001b[39m"]
INFO 2014-11-11T23:20:19.515Z ["[Lighter] Scripts routed to \"/a.js\". \u001b[90mx1\u001b[39m"]
INFO 2014-11-11T23:20:19.519Z ["[Lighter] Styles routed to \"/a.css\". \u001b[90mx1\u001b[39m"]
INFO 2014-11-11T23:20:19.520Z ["[Lighter] Scripts routed to \"/a.js\". \u001b[90mx1\u001b[39m"]
INFO 2014-11-11T23:20:19.527Z ["[Lighter] Scripts routed to \"/a.js\". \u001b[90mx1\u001b[39m"]
INFO 2014-11-11T23:20:19.529Z ["[Lighter] Styles routed to \"/a.css\". \u001b[90mx1\u001b[39m"]
INFO 2014-11-11T23:20:19.533Z ["[Lighter] Scripts routed to \"/a.js\". \u001b[90mx1\u001b[39m"]
INFO 2014-11-11T23:20:19.543Z ["[Lighter] Scripts routed to \"/a.js\". \u001b[90mx1\u001b[39m"]
INFO 2014-11-11T23:20:19.543Z ["[Lighter] Styles routed to \"/a.css\". \u001b[90mx1\u001b[39m"]
INFO 2014-11-11T23:20:19.549Z ["[Lighter] Styles routed to \"/a.css\". \u001b[90mx1\u001b[39m"]
INFO 2014-11-11T23:20:19.549Z ["[Lighter] Scripts routed to \"/a.js\". \u001b[90mx1\u001b[39m"]
INFO 2014-11-11T23:20:19.555Z ["[Lighter] Scripts routed to \"/a.js\". \u001b[90mx1\u001b[39m"]
INFO 2014-11-11T23:20:19.557Z ["[Lighter] Styles routed to \"/a.css\". \u001b[90mx1\u001b[39m"]
INFO 2014-11-11T23:20:19.565Z ["[Lighter] Styles routed to \"/a.css\". \u001b[90mx1\u001b[39m"]
INFO 2014-11-11T23:20:19.565Z ["[Lighter] Styles routed to \"/a.css\". \u001b[90mx1\u001b[39m"]
INFO 2014-11-11T23:20:21.265Z ["[Lighter] Publics loaded. \u001b[90mx48\u001b[39m"]
INFO 2014-11-11T23:20:21.273Z ["[Lighter] Publics loaded. \u001b[90mx48\u001b[39m"]
INFO 2014-11-11T23:20:22.478Z ["[Lighter] Views loaded. \u001b[90mx30\u001b[39m"]
INFO 2014-11-11T23:20:22.520Z ["[Lighter] Views loaded. \u001b[90mx30\u001b[39m"]
INFO 2014-11-11T23:20:22.550Z ["[Lighter] Views loaded. \u001b[90mx30\u001b[39m"]
INFO 2014-11-11T23:20:22.609Z ["[Lighter] Views loaded. \u001b[90mx30\u001b[39m"]
INFO 2014-11-11T23:20:22.630Z ["[Lighter] Views loaded. \u001b[90mx30\u001b[39m"]
INFO 2014-11-11T23:20:22.832Z ["[Lighter] Views loaded. \u001b[90mx30\u001b[39m"]
INFO 2014-11-11T23:20:22.835Z ["[Lighter] Publics loaded. \u001b[90mx48\u001b[39m"]
INFO 2014-11-11T23:20:22.883Z ["[Lighter] Publics loaded. \u001b[90mx48\u001b[39m"]
INFO 2014-11-11T23:20:22.898Z ["[Lighter] Publics loaded. \u001b[90mx48\u001b[39m"]
INFO 2014-11-11T23:20:22.940Z ["[D6] Views routed to \"/d6.js\"."]
INFO 2014-11-11T23:20:22.952Z ["[D6] Views routed to \"/d6.js\"."]
INFO 2014-11-11T23:20:22.962Z ["[D6] Views routed to \"/d6.js\"."]
INFO 2014-11-11T23:20:22.962Z ["[Lighter] Publics loaded. \u001b[90mx48\u001b[39m"]
INFO 2014-11-11T23:20:22.972Z ["[Lighter] Publics loaded. \u001b[90mx48\u001b[39m"]
INFO 2014-11-11T23:20:22.977Z ["[Lighter] Publics loaded. \u001b[90mx48\u001b[39m"]
INFO 2014-11-11T23:20:22.993Z ["[D6] Views routed to \"/d6.js\"."]
INFO 2014-11-11T23:20:22.998Z ["[D6] Views routed to \"/d6.js\"."]
INFO 2014-11-11T23:20:23.000Z ["[D6] Views routed to \"/d6.js\"."]
INFO 2014-11-11T23:20:23.009Z ["[Lighter] Views loaded. \u001b[90mx30\u001b[39m"]
INFO 2014-11-11T23:20:23.029Z ["[D6] Views routed to \"/d6.js\"."]
INFO 2014-11-11T23:20:23.031Z ["[Lighter] Views loaded. \u001b[90mx30\u001b[39m"]
INFO 2014-11-11T23:20:23.048Z ["[D6] Views routed to \"/d6.js\"."]
WARN 2014-11-11T23:20:24.798Z ["[Lighter] Exiting due to file change in \"node_modules/lighter/lib/App.js\"."]
WARN 2014-11-11T23:20:24.798Z ["[Lighter] Exiting due to file change in \"node_modules/lighter/lib/App.js\"."]
WARN 2014-11-11T23:20:24.798Z ["[Lighter] Exiting due to file change in \"node_modules/lighter/lib/App.js\"."]
WARN 2014-11-11T23:20:24.798Z ["[Lighter] Exiting due to file change in \"node_modules/lighter/lib/App.js\"."]
WARN 2014-11-11T23:20:24.798Z ["[Lighter] Exiting due to file change in \"node_modules/lighter/lib/App.js\"."]
WARN 2014-11-11T23:20:24.798Z ["[Lighter] Exiting due to file change in \"node_modules/lighter/lib/App.js\"."]
WARN 2014-11-11T23:20:24.798Z ["[Lighter] Exiting due to file change in \"node_modules/lighter/lib/App.js\"."]
WARN 2014-11-11T23:20:24.798Z ["[Lighter] Exiting due to file change in \"node_modules/lighter/lib/App.js\"."]
ERROR 2014-11-11T23:20:24.835Z ["Worker 99483 died."]
INFO 2014-11-11T23:20:25.957Z ["[Lighter] Models loaded. \u001b[90mx0\u001b[39m"]
INFO 2014-11-11T23:20:25.959Z ["[Lighter] Models loaded. \u001b[90mx0\u001b[39m"]
INFO 2014-11-11T23:20:25.974Z ["[Lighter] Models loaded. \u001b[90mx0\u001b[39m"]
INFO 2014-11-11T23:20:25.978Z ["[Lighter] Models loaded. \u001b[90mx0\u001b[39m"]
INFO 2014-11-11T23:20:25.981Z ["[Lighter] Models loaded. \u001b[90mx0\u001b[39m"]
INFO 2014-11-11T23:20:25.983Z ["[Lighter] Models loaded. \u001b[90mx0\u001b[39m"]
INFO 2014-11-11T23:20:25.986Z ["[Lighter] Models loaded. \u001b[90mx0\u001b[39m"]
INFO 2014-11-11T23:20:25.998Z ["[Lighter] Models loaded. \u001b[90mx0\u001b[39m"]
INFO 2014-11-11T23:20:25.999Z ["[Lighter] Scripts routed to \"/sly.js\". \u001b[90mx1\u001b[39m"]
INFO 2014-11-11T23:20:25.999Z ["[Lighter] Styles routed to \"/sly.css\". \u001b[90mx1\u001b[39m"]
INFO 2014-11-11T23:20:26.003Z ["[Lighter] Controllers loaded. \u001b[90mx2\u001b[39m"]
INFO 2014-11-11T23:20:26.006Z ["[Lighter] Scripts routed to \"/sly.js\". \u001b[90mx1\u001b[39m"]
INFO 2014-11-11T23:20:26.007Z ["[Lighter] Styles routed to \"/sly.css\". \u001b[90mx1\u001b[39m"]
INFO 2014-11-11T23:20:26.012Z ["[Lighter] Controllers loaded. \u001b[90mx2\u001b[39m"]
INFO 2014-11-11T23:20:26.020Z ["[Lighter] Scripts routed to \"/sly.js\". \u001b[90mx1\u001b[39m"]
INFO 2014-11-11T23:20:26.023Z ["[Lighter] Styles routed to \"/sly.css\". \u001b[90mx1\u001b[39m"]
INFO 2014-11-11T23:20:26.024Z ["[Lighter] Scripts routed to \"/sly.js\". \u001b[90mx1\u001b[39m"]
INFO 2014-11-11T23:20:26.026Z ["[Lighter] Styles routed to \"/sly.css\". \u001b[90mx1\u001b[39m"]
INFO 2014-11-11T23:20:26.027Z ["[Lighter] Controllers loaded. \u001b[90mx2\u001b[39m"]
INFO 2014-11-11T23:20:26.030Z ["[Lighter] Scripts routed to \"/sly.js\". \u001b[90mx1\u001b[39m"]
INFO 2014-11-11T23:20:26.032Z ["[Lighter] Styles routed to \"/sly.css\". \u001b[90mx1\u001b[39m"]
INFO 2014-11-11T23:20:26.033Z ["[Lighter] Scripts routed to \"/a.js\". \u001b[90mx1\u001b[39m"]
INFO 2014-11-11T23:20:26.033Z ["[Lighter] Controllers loaded. \u001b[90mx2\u001b[39m"]
INFO 2014-11-11T23:20:26.034Z ["[Lighter] Scripts routed to \"/sly.js\". \u001b[90mx1\u001b[39m"]
INFO 2014-11-11T23:20:26.034Z ["[Lighter] Scripts routed to \"/sly.js\". \u001b[90mx1\u001b[39m"]
INFO 2014-11-11T23:20:26.035Z ["[Lighter] Controllers loaded. \u001b[90mx2\u001b[39m"]
INFO 2014-11-11T23:20:26.035Z ["[Lighter] Styles routed to \"/sly.css\". \u001b[90mx1\u001b[39m"]
INFO 2014-11-11T23:20:26.036Z ["[Lighter] Styles routed to \"/sly.css\". \u001b[90mx1\u001b[39m"]
INFO 2014-11-11T23:20:26.038Z ["[Lighter] Scripts routed to \"/sly.js\". \u001b[90mx1\u001b[39m"]
INFO 2014-11-11T23:20:26.038Z ["[Lighter] Controllers loaded. \u001b[90mx2\u001b[39m"]
INFO 2014-11-11T23:20:26.039Z ["[Lighter] Controllers loaded. \u001b[90mx2\u001b[39m"]
INFO 2014-11-11T23:20:26.039Z ["[Lighter] Styles routed to \"/a.css\". \u001b[90mx1\u001b[39m"]
INFO 2014-11-11T23:20:26.039Z ["[Lighter] Styles routed to \"/sly.css\". \u001b[90mx1\u001b[39m"]
INFO 2014-11-11T23:20:26.044Z ["[Lighter] Controllers loaded. \u001b[90mx2\u001b[39m"]
INFO 2014-11-11T23:20:26.051Z ["[Lighter] Scripts routed to \"/a.js\". \u001b[90mx1\u001b[39m"]
INFO 2014-11-11T23:20:26.055Z ["[Lighter] Scripts routed to \"/a.js\". \u001b[90mx1\u001b[39m"]
INFO 2014-11-11T23:20:26.056Z ["[Lighter] Styles routed to \"/a.css\". \u001b[90mx1\u001b[39m"]
INFO 2014-11-11T23:20:26.062Z ["[Lighter] Scripts routed to \"/a.js\". \u001b[90mx1\u001b[39m"]
INFO 2014-11-11T23:20:26.063Z ["[Lighter] Styles routed to \"/a.css\". \u001b[90mx1\u001b[39m"]
INFO 2014-11-11T23:20:26.071Z ["[Lighter] Scripts routed to \"/a.js\". \u001b[90mx1\u001b[39m"]
INFO 2014-11-11T23:20:26.081Z ["[Lighter] Styles routed to \"/a.css\". \u001b[90mx1\u001b[39m"]
INFO 2014-11-11T23:20:26.082Z ["[Lighter] Scripts routed to \"/a.js\". \u001b[90mx1\u001b[39m"]
INFO 2014-11-11T23:20:26.082Z ["[Lighter] Scripts routed to \"/a.js\". \u001b[90mx1\u001b[39m"]
INFO 2014-11-11T23:20:26.083Z ["[Lighter] Styles routed to \"/a.css\". \u001b[90mx1\u001b[39m"]
INFO 2014-11-11T23:20:26.085Z ["[Lighter] Scripts routed to \"/a.js\". \u001b[90mx1\u001b[39m"]
INFO 2014-11-11T23:20:26.086Z ["[Lighter] Styles routed to \"/a.css\". \u001b[90mx1\u001b[39m"]
INFO 2014-11-11T23:20:26.096Z ["[Lighter] Styles routed to \"/a.css\". \u001b[90mx1\u001b[39m"]
INFO 2014-11-11T23:20:26.100Z ["[Lighter] Styles routed to \"/a.css\". \u001b[90mx1\u001b[39m"]
INFO 2014-11-11T23:20:27.568Z ["[Lighter] Views loaded. \u001b[90mx30\u001b[39m"]
INFO 2014-11-11T23:20:27.670Z ["[Lighter] Publics loaded. \u001b[90mx48\u001b[39m"]
INFO 2014-11-11T23:20:27.691Z ["[Lighter] Views loaded. \u001b[90mx30\u001b[39m"]
INFO 2014-11-11T23:20:27.770Z ["[Lighter] Publics loaded. \u001b[90mx48\u001b[39m"]
INFO 2014-11-11T23:20:27.792Z ["[Lighter] Publics loaded. \u001b[90mx48\u001b[39m"]
INFO 2014-11-11T23:20:27.800Z ["[Lighter] Publics loaded. \u001b[90mx48\u001b[39m"]
INFO 2014-11-11T23:20:29.075Z ["[Lighter] Views loaded. \u001b[90mx30\u001b[39m"]
INFO 2014-11-11T23:20:29.287Z ["[Lighter] Views loaded. \u001b[90mx30\u001b[39m"]
INFO 2014-11-11T23:20:29.327Z ["[Lighter] Publics loaded. \u001b[90mx48\u001b[39m"]
INFO 2014-11-11T23:20:29.367Z ["[D6] Views routed to \"/d6.js\"."]
INFO 2014-11-11T23:20:29.385Z ["[Lighter] Publics loaded. \u001b[90mx48\u001b[39m"]
INFO 2014-11-11T23:20:29.394Z ["[Lighter] Publics loaded. \u001b[90mx48\u001b[39m"]
INFO 2014-11-11T23:20:29.418Z ["[D6] Views routed to \"/d6.js\"."]
INFO 2014-11-11T23:20:29.423Z ["[D6] Views routed to \"/d6.js\"."]
INFO 2014-11-11T23:20:29.459Z ["[Lighter] Views loaded. \u001b[90mx30\u001b[39m"]
INFO 2014-11-11T23:20:29.479Z ["[D6] Views routed to \"/d6.js\"."]
INFO 2014-11-11T23:20:29.497Z ["[Lighter] Publics loaded. \u001b[90mx48\u001b[39m"]
INFO 2014-11-11T23:20:29.499Z ["[Lighter] Views loaded. \u001b[90mx30\u001b[39m"]
INFO 2014-11-11T23:20:29.516Z ["[D6] Views routed to \"/d6.js\"."]
INFO 2014-11-11T23:20:29.520Z ["[D6] Views routed to \"/d6.js\"."]
INFO 2014-11-11T23:20:29.532Z ["[Lighter] Views loaded. \u001b[90mx30\u001b[39m"]
INFO 2014-11-11T23:20:29.533Z ["[Lighter] Views loaded. \u001b[90mx30\u001b[39m"]
INFO 2014-11-11T23:20:29.549Z ["[D6] Views routed to \"/d6.js\"."]
INFO 2014-11-11T23:20:29.552Z ["[D6] Views routed to \"/d6.js\"."]
WARN 2014-11-11T23:20:33.143Z ["[Lighter] Exiting due to file change in \"node_modules/lighter/lib/App.js\"."]
WARN 2014-11-11T23:20:33.143Z ["[Lighter] Exiting due to file change in \"node_modules/lighter/lib/App.js\"."]
WARN 2014-11-11T23:20:33.144Z ["[Lighter] Exiting due to file change in \"node_modules/lighter/lib/App.js\"."]
WARN 2014-11-11T23:20:33.144Z ["[Lighter] Exiting due to file change in \"node_modules/lighter/lib/App.js\"."]
WARN 2014-11-11T23:20:33.144Z ["[Lighter] Exiting due to file change in \"node_modules/lighter/lib/App.js\"."]
WARN 2014-11-11T23:20:33.144Z ["[Lighter] Exiting due to file change in \"node_modules/lighter/lib/App.js\"."]
WARN 2014-11-11T23:20:33.144Z ["[Lighter] Exiting due to file change in \"node_modules/lighter/lib/App.js\"."]
WARN 2014-11-11T23:20:33.144Z ["[Lighter] Exiting due to file change in \"node_modules/lighter/lib/App.js\"."]
ERROR 2014-11-11T23:20:33.176Z ["Worker 99488 died."]
INFO 2014-11-11T23:20:34.264Z ["[Lighter] Models loaded. \u001b[90mx0\u001b[39m"]
INFO 2014-11-11T23:20:34.286Z ["[Lighter] Models loaded. \u001b[90mx0\u001b[39m"]
INFO 2014-11-11T23:20:34.294Z ["[Lighter] Models loaded. \u001b[90mx0\u001b[39m"]
INFO 2014-11-11T23:20:34.303Z ["[Lighter] Models loaded. \u001b[90mx0\u001b[39m"]
INFO 2014-11-11T23:20:34.307Z ["[Lighter] Scripts routed to \"/sly.js\". \u001b[90mx1\u001b[39m"]
INFO 2014-11-11T23:20:34.308Z ["[Lighter] Styles routed to \"/sly.css\". \u001b[90mx1\u001b[39m"]
INFO 2014-11-11T23:20:34.311Z ["[Lighter] Controllers loaded. \u001b[90mx2\u001b[39m"]
INFO 2014-11-11T23:20:34.311Z ["[Lighter] Models loaded. \u001b[90mx0\u001b[39m"]
INFO 2014-11-11T23:20:34.312Z ["[Lighter] Models loaded. \u001b[90mx0\u001b[39m"]
INFO 2014-11-11T23:20:34.314Z ["[Lighter] Models loaded. \u001b[90mx0\u001b[39m"]
INFO 2014-11-11T23:20:34.315Z ["[Lighter] Models loaded. \u001b[90mx0\u001b[39m"]
INFO 2014-11-11T23:20:34.330Z ["[Lighter] Scripts routed to \"/sly.js\". \u001b[90mx1\u001b[39m"]
INFO 2014-11-11T23:20:34.331Z ["[Lighter] Styles routed to \"/sly.css\". \u001b[90mx1\u001b[39m"]
INFO 2014-11-11T23:20:34.334Z ["[Lighter] Controllers loaded. \u001b[90mx2\u001b[39m"]
INFO 2014-11-11T23:20:34.337Z ["[Lighter] Scripts routed to \"/sly.js\". \u001b[90mx1\u001b[39m"]
INFO 2014-11-11T23:20:34.338Z ["[Lighter] Styles routed to \"/sly.css\". \u001b[90mx1\u001b[39m"]
INFO 2014-11-11T23:20:34.341Z ["[Lighter] Controllers loaded. \u001b[90mx2\u001b[39m"]
INFO 2014-11-11T23:20:34.343Z ["[Lighter] Scripts routed to \"/a.js\". \u001b[90mx1\u001b[39m"]
INFO 2014-11-11T23:20:34.346Z ["[Lighter] Scripts routed to \"/sly.js\". \u001b[90mx1\u001b[39m"]
INFO 2014-11-11T23:20:34.347Z ["[Lighter] Scripts routed to \"/sly.js\". \u001b[90mx1\u001b[39m"]
INFO 2014-11-11T23:20:34.348Z ["[Lighter] Styles routed to \"/sly.css\". \u001b[90mx1\u001b[39m"]
INFO 2014-11-11T23:20:34.348Z ["[Lighter] Styles routed to \"/sly.css\". \u001b[90mx1\u001b[39m"]
INFO 2014-11-11T23:20:34.351Z ["[Lighter] Controllers loaded. \u001b[90mx2\u001b[39m"]
INFO 2014-11-11T23:20:34.352Z ["[Lighter] Scripts routed to \"/sly.js\". \u001b[90mx1\u001b[39m"]
INFO 2014-11-11T23:20:34.352Z ["[Lighter] Styles routed to \"/a.css\". \u001b[90mx1\u001b[39m"]
INFO 2014-11-11T23:20:34.356Z ["[Lighter] Controllers loaded. \u001b[90mx2\u001b[39m"]
INFO 2014-11-11T23:20:34.359Z ["[Lighter] Scripts routed to \"/a.js\". \u001b[90mx1\u001b[39m"]
INFO 2014-11-11T23:20:34.359Z ["[Lighter] Styles routed to \"/sly.css\". \u001b[90mx1\u001b[39m"]
INFO 2014-11-11T23:20:34.362Z ["[Lighter] Controllers loaded. \u001b[90mx2\u001b[39m"]
INFO 2014-11-11T23:20:34.364Z ["[Lighter] Styles routed to \"/a.css\". \u001b[90mx1\u001b[39m"]
INFO 2014-11-11T23:20:34.364Z ["[Lighter] Scripts routed to \"/sly.js\". \u001b[90mx1\u001b[39m"]
INFO 2014-11-11T23:20:34.366Z ["[Lighter] Styles routed to \"/sly.css\". \u001b[90mx1\u001b[39m"]
INFO 2014-11-11T23:20:34.367Z ["[Lighter] Scripts routed to \"/sly.js\". \u001b[90mx1\u001b[39m"]
INFO 2014-11-11T23:20:34.369Z ["[Lighter] Styles routed to \"/sly.css\". \u001b[90mx1\u001b[39m"]
INFO 2014-11-11T23:20:34.371Z ["[Lighter] Controllers loaded. \u001b[90mx2\u001b[39m"]
INFO 2014-11-11T23:20:34.374Z ["[Lighter] Controllers loaded. \u001b[90mx2\u001b[39m"]
INFO 2014-11-11T23:20:34.381Z ["[Lighter] Scripts routed to \"/a.js\". \u001b[90mx1\u001b[39m"]
INFO 2014-11-11T23:20:34.384Z ["[Lighter] Scripts routed to \"/a.js\". \u001b[90mx1\u001b[39m"]
INFO 2014-11-11T23:20:34.410Z ["[Lighter] Scripts routed to \"/a.js\". \u001b[90mx1\u001b[39m"]
INFO 2014-11-11T23:20:34.414Z ["[Lighter] Scripts routed to \"/a.js\". \u001b[90mx1\u001b[39m"]
INFO 2014-11-11T23:20:34.415Z ["[Lighter] Styles routed to \"/a.css\". \u001b[90mx1\u001b[39m"]
INFO 2014-11-11T23:20:34.415Z ["[Lighter] Scripts routed to \"/a.js\". \u001b[90mx1\u001b[39m"]
INFO 2014-11-11T23:20:34.417Z ["[Lighter] Styles routed to \"/a.css\". \u001b[90mx1\u001b[39m"]
INFO 2014-11-11T23:20:34.425Z ["[Lighter] Scripts routed to \"/a.js\". \u001b[90mx1\u001b[39m"]
INFO 2014-11-11T23:20:34.430Z ["[Lighter] Styles routed to \"/a.css\". \u001b[90mx1\u001b[39m"]
INFO 2014-11-11T23:20:34.430Z ["[Lighter] Styles routed to \"/a.css\". \u001b[90mx1\u001b[39m"]
INFO 2014-11-11T23:20:34.450Z ["[Lighter] Styles routed to \"/a.css\". \u001b[90mx1\u001b[39m"]
INFO 2014-11-11T23:20:34.636Z ["[Lighter] Styles routed to \"/a.css\". \u001b[90mx1\u001b[39m"]
INFO 2014-11-11T23:20:36.034Z ["[Lighter] Publics loaded. \u001b[90mx48\u001b[39m"]
INFO 2014-11-11T23:20:36.055Z ["[Lighter] Publics loaded. \u001b[90mx48\u001b[39m"]
INFO 2014-11-11T23:20:36.069Z ["[Lighter] Publics loaded. \u001b[90mx48\u001b[39m"]
INFO 2014-11-11T23:20:36.102Z ["[Lighter] Publics loaded. \u001b[90mx48\u001b[39m"]
INFO 2014-11-11T23:20:36.189Z ["[Lighter] Publics loaded. \u001b[90mx48\u001b[39m"]
INFO 2014-11-11T23:20:37.434Z ["[Lighter] Views loaded. \u001b[90mx30\u001b[39m"]
INFO 2014-11-11T23:20:37.489Z ["[Lighter] Views loaded. \u001b[90mx30\u001b[39m"]
INFO 2014-11-11T23:20:37.666Z ["[Lighter] Publics loaded. \u001b[90mx48\u001b[39m"]
INFO 2014-11-11T23:20:37.673Z ["[Lighter] Views loaded. \u001b[90mx30\u001b[39m"]
INFO 2014-11-11T23:20:37.693Z ["[D6] Views routed to \"/d6.js\"."]
INFO 2014-11-11T23:20:37.741Z ["[Lighter] Views loaded. \u001b[90mx30\u001b[39m"]
INFO 2014-11-11T23:20:37.743Z ["[Lighter] Publics loaded. \u001b[90mx48\u001b[39m"]
INFO 2014-11-11T23:20:37.743Z ["[Lighter] Views loaded. \u001b[90mx30\u001b[39m"]
INFO 2014-11-11T23:20:37.764Z ["[Lighter] Publics loaded. \u001b[90mx48\u001b[39m"]
INFO 2014-11-11T23:20:37.770Z ["[D6] Views routed to \"/d6.js\"."]
INFO 2014-11-11T23:20:37.771Z ["[D6] Views routed to \"/d6.js\"."]
INFO 2014-11-11T23:20:37.773Z ["[D6] Views routed to \"/d6.js\"."]
INFO 2014-11-11T23:20:37.781Z ["[Lighter] Views loaded. \u001b[90mx30\u001b[39m"]
INFO 2014-11-11T23:20:37.784Z ["[D6] Views routed to \"/d6.js\"."]
INFO 2014-11-11T23:20:37.787Z ["[Lighter] Views loaded. \u001b[90mx30\u001b[39m"]
INFO 2014-11-11T23:20:37.803Z ["[D6] Views routed to \"/d6.js\"."]
INFO 2014-11-11T23:20:37.805Z ["[D6] Views routed to \"/d6.js\"."]
INFO 2014-11-11T23:20:37.815Z ["[Lighter] Views loaded. \u001b[90mx30\u001b[39m"]
INFO 2014-11-11T23:20:37.831Z ["[D6] Views routed to \"/d6.js\"."]
WARN 2014-11-11T23:20:44.075Z ["[Lighter] Exiting due to file change in \"node_modules/lighter/lib/App.js\"."]
WARN 2014-11-11T23:20:44.075Z ["[Lighter] Exiting due to file change in \"node_modules/lighter/lib/App.js\"."]
WARN 2014-11-11T23:20:44.075Z ["[Lighter] Exiting due to file change in \"node_modules/lighter/lib/App.js\"."]
WARN 2014-11-11T23:20:44.075Z ["[Lighter] Exiting due to file change in \"node_modules/lighter/lib/App.js\"."]
WARN 2014-11-11T23:20:44.076Z ["[Lighter] Exiting due to file change in \"node_modules/lighter/lib/App.js\"."]
WARN 2014-11-11T23:20:44.076Z ["[Lighter] Exiting due to file change in \"node_modules/lighter/lib/App.js\"."]
WARN 2014-11-11T23:20:44.076Z ["[Lighter] Exiting due to file change in \"node_modules/lighter/lib/App.js\"."]
WARN 2014-11-11T23:20:44.076Z ["[Lighter] Exiting due to file change in \"node_modules/lighter/lib/App.js\"."]
ERROR 2014-11-11T23:20:44.107Z ["Worker 99499 died."]
INFO 2014-11-11T23:20:45.160Z ["[Lighter] Models loaded. \u001b[90mx0\u001b[39m"]
INFO 2014-11-11T23:20:45.166Z ["[Lighter] Models loaded. \u001b[90mx0\u001b[39m"]
INFO 2014-11-11T23:20:45.173Z ["[Lighter] Models loaded. \u001b[90mx0\u001b[39m"]
INFO 2014-11-11T23:20:45.173Z ["[Lighter] Models loaded. \u001b[90mx0\u001b[39m"]
INFO 2014-11-11T23:20:45.178Z ["[Lighter] Models loaded. \u001b[90mx0\u001b[39m"]
INFO 2014-11-11T23:20:45.186Z ["[Lighter] Models loaded. \u001b[90mx0\u001b[39m"]
INFO 2014-11-11T23:20:45.186Z ["[Lighter] Models loaded. \u001b[90mx0\u001b[39m"]
INFO 2014-11-11T23:20:45.201Z ["[Lighter] Models loaded. \u001b[90mx0\u001b[39m"]
INFO 2014-11-11T23:20:45.206Z ["[Lighter] Scripts routed to \"/sly.js\". \u001b[90mx1\u001b[39m"]
INFO 2014-11-11T23:20:45.206Z ["[Lighter] Styles routed to \"/sly.css\". \u001b[90mx1\u001b[39m"]
INFO 2014-11-11T23:20:45.209Z ["[Lighter] Controllers loaded. \u001b[90mx2\u001b[39m"]
INFO 2014-11-11T23:20:45.210Z ["[Lighter] Scripts routed to \"/sly.js\". \u001b[90mx1\u001b[39m"]
INFO 2014-11-11T23:20:45.214Z ["[Lighter] Styles routed to \"/sly.css\". \u001b[90mx1\u001b[39m"]
INFO 2014-11-11T23:20:45.214Z ["[Lighter] Scripts routed to \"/sly.js\". \u001b[90mx1\u001b[39m"]
INFO 2014-11-11T23:20:45.216Z ["[Lighter] Styles routed to \"/sly.css\". \u001b[90mx1\u001b[39m"]
INFO 2014-11-11T23:20:45.219Z ["[Lighter] Controllers loaded. \u001b[90mx2\u001b[39m"]
INFO 2014-11-11T23:20:45.219Z ["[Lighter] Controllers loaded. \u001b[90mx2\u001b[39m"]
INFO 2014-11-11T23:20:45.220Z ["[Lighter] Scripts routed to \"/sly.js\". \u001b[90mx1\u001b[39m"]
INFO 2014-11-11T23:20:45.220Z ["[Lighter] Styles routed to \"/sly.css\". \u001b[90mx1\u001b[39m"]
INFO 2014-11-11T23:20:45.220Z ["[Lighter] Scripts routed to \"/sly.js\". \u001b[90mx1\u001b[39m"]
INFO 2014-11-11T23:20:45.221Z ["[Lighter] Scripts routed to \"/sly.js\". \u001b[90mx1\u001b[39m"]
INFO 2014-11-11T23:20:45.221Z ["[Lighter] Styles routed to \"/sly.css\". \u001b[90mx1\u001b[39m"]
INFO 2014-11-11T23:20:45.222Z ["[Lighter] Styles routed to \"/sly.css\". \u001b[90mx1\u001b[39m"]
INFO 2014-11-11T23:20:45.223Z ["[Lighter] Controllers loaded. \u001b[90mx2\u001b[39m"]
INFO 2014-11-11T23:20:45.224Z ["[Lighter] Controllers loaded. \u001b[90mx2\u001b[39m"]
INFO 2014-11-11T23:20:45.225Z ["[Lighter] Controllers loaded. \u001b[90mx2\u001b[39m"]
INFO 2014-11-11T23:20:45.226Z ["[Lighter] Scripts routed to \"/sly.js\". \u001b[90mx1\u001b[39m"]
INFO 2014-11-11T23:20:45.228Z ["[Lighter] Styles routed to \"/sly.css\". \u001b[90mx1\u001b[39m"]
INFO 2014-11-11T23:20:45.232Z ["[Lighter] Controllers loaded. \u001b[90mx2\u001b[39m"]
INFO 2014-11-11T23:20:45.236Z ["[Lighter] Scripts routed to \"/a.js\". \u001b[90mx1\u001b[39m"]
INFO 2014-11-11T23:20:45.237Z ["[Lighter] Scripts routed to \"/sly.js\". \u001b[90mx1\u001b[39m"]
INFO 2014-11-11T23:20:45.241Z ["[Lighter] Scripts routed to \"/a.js\". \u001b[90mx1\u001b[39m"]
INFO 2014-11-11T23:20:45.241Z ["[Lighter] Styles routed to \"/sly.css\". \u001b[90mx1\u001b[39m"]
INFO 2014-11-11T23:20:45.243Z ["[Lighter] Styles routed to \"/a.css\". \u001b[90mx1\u001b[39m"]
INFO 2014-11-11T23:20:45.245Z ["[Lighter] Controllers loaded. \u001b[90mx2\u001b[39m"]
INFO 2014-11-11T23:20:45.246Z ["[Lighter] Scripts routed to \"/a.js\". \u001b[90mx1\u001b[39m"]
INFO 2014-11-11T23:20:45.247Z ["[Lighter] Scripts routed to \"/a.js\". \u001b[90mx1\u001b[39m"]
INFO 2014-11-11T23:20:45.250Z ["[Lighter] Styles routed to \"/a.css\". \u001b[90mx1\u001b[39m"]
INFO 2014-11-11T23:20:45.251Z ["[Lighter] Scripts routed to \"/a.js\". \u001b[90mx1\u001b[39m"]
INFO 2014-11-11T23:20:45.251Z ["[Lighter] Scripts routed to \"/a.js\". \u001b[90mx1\u001b[39m"]
INFO 2014-11-11T23:20:45.254Z ["[Lighter] Styles routed to \"/a.css\". \u001b[90mx1\u001b[39m"]
INFO 2014-11-11T23:20:45.255Z ["[Lighter] Styles routed to \"/a.css\". \u001b[90mx1\u001b[39m"]
INFO 2014-11-11T23:20:45.258Z ["[Lighter] Styles routed to \"/a.css\". \u001b[90mx1\u001b[39m"]
INFO 2014-11-11T23:20:45.264Z ["[Lighter] Styles routed to \"/a.css\". \u001b[90mx1\u001b[39m"]
INFO 2014-11-11T23:20:45.275Z ["[Lighter] Scripts routed to \"/a.js\". \u001b[90mx1\u001b[39m"]
INFO 2014-11-11T23:20:45.279Z ["[Lighter] Styles routed to \"/a.css\". \u001b[90mx1\u001b[39m"]
INFO 2014-11-11T23:20:45.313Z ["[Lighter] Scripts routed to \"/a.js\". \u001b[90mx1\u001b[39m"]
INFO 2014-11-11T23:20:45.320Z ["[Lighter] Styles routed to \"/a.css\". \u001b[90mx1\u001b[39m"]
INFO 2014-11-11T23:20:47.012Z ["[Lighter] Publics loaded. \u001b[90mx48\u001b[39m"]
INFO 2014-11-11T23:20:47.050Z ["[Lighter] Publics loaded. \u001b[90mx48\u001b[39m"]
INFO 2014-11-11T23:20:47.050Z ["[Lighter] Publics loaded. \u001b[90mx48\u001b[39m"]
INFO 2014-11-11T23:20:47.107Z ["[Lighter] Publics loaded. \u001b[90mx48\u001b[39m"]
INFO 2014-11-11T23:20:47.116Z ["[Lighter] Publics loaded. \u001b[90mx48\u001b[39m"]
INFO 2014-11-11T23:20:48.684Z ["[Lighter] Views loaded. \u001b[90mx30\u001b[39m"]
INFO 2014-11-11T23:20:48.767Z ["[Lighter] Views loaded. \u001b[90mx30\u001b[39m"]
INFO 2014-11-11T23:20:48.783Z ["[Lighter] Views loaded. \u001b[90mx30\u001b[39m"]
INFO 2014-11-11T23:20:48.841Z ["[Lighter] Publics loaded. \u001b[90mx48\u001b[39m"]
INFO 2014-11-11T23:20:48.871Z ["[Lighter] Publics loaded. \u001b[90mx48\u001b[39m"]
INFO 2014-11-11T23:20:48.874Z ["[Lighter] Views loaded. \u001b[90mx30\u001b[39m"]
INFO 2014-11-11T23:20:48.878Z ["[Lighter] Publics loaded. \u001b[90mx48\u001b[39m"]
INFO 2014-11-11T23:20:48.879Z ["[D6] Views routed to \"/d6.js\"."]
INFO 2014-11-11T23:20:48.883Z ["[Lighter] Views loaded. \u001b[90mx30\u001b[39m"]
INFO 2014-11-11T23:20:48.901Z ["[D6] Views routed to \"/d6.js\"."]
INFO 2014-11-11T23:20:48.909Z ["[D6] Views routed to \"/d6.js\"."]
INFO 2014-11-11T23:20:48.909Z ["[D6] Views routed to \"/d6.js\"."]
INFO 2014-11-11T23:20:48.913Z ["[D6] Views routed to \"/d6.js\"."]
INFO 2014-11-11T23:20:48.914Z ["[Lighter] Views loaded. \u001b[90mx30\u001b[39m"]
INFO 2014-11-11T23:20:48.929Z ["[Lighter] Views loaded. \u001b[90mx30\u001b[39m"]
INFO 2014-11-11T23:20:48.934Z ["[D6] Views routed to \"/d6.js\"."]
INFO 2014-11-11T23:20:48.949Z ["[D6] Views routed to \"/d6.js\"."]
INFO 2014-11-11T23:20:48.959Z ["[Lighter] Views loaded. \u001b[90mx30\u001b[39m"]
INFO 2014-11-11T23:20:48.975Z ["[D6] Views routed to \"/d6.js\"."]
WARN 2014-11-11T23:20:59.196Z ["[Lighter] Exiting due to file change in \"node_modules/lighter/lib/App.js\"."]
WARN 2014-11-11T23:20:59.196Z ["[Lighter] Exiting due to file change in \"node_modules/lighter/lib/App.js\"."]
WARN 2014-11-11T23:20:59.196Z ["[Lighter] Exiting due to file change in \"node_modules/lighter/lib/App.js\"."]
WARN 2014-11-11T23:20:59.196Z ["[Lighter] Exiting due to file change in \"node_modules/lighter/lib/App.js\"."]
WARN 2014-11-11T23:20:59.196Z ["[Lighter] Exiting due to file change in \"node_modules/lighter/lib/App.js\"."]
WARN 2014-11-11T23:20:59.196Z ["[Lighter] Exiting due to file change in \"node_modules/lighter/lib/App.js\"."]
WARN 2014-11-11T23:20:59.196Z ["[Lighter] Exiting due to file change in \"node_modules/lighter/lib/App.js\"."]
WARN 2014-11-11T23:20:59.207Z ["[Lighter] Exiting due to file change in \"node_modules/lighter/lib/App.js\"."]
ERROR 2014-11-11T23:20:59.224Z ["Worker 99508 died."]
